#                                                                                             --- full sequence --- -------------- this domain -------------   hmm coord   ali coord   env coord
# target name                         accession   tlen query name           accession   qlen   E-value  score  bias   #  of  c-Evalue  i-Evalue  score  bias  from    to  from    to  from    to  acc description of target
#                 ------------------- ---------- ----- -------------------- ---------- ----- --------- ------ ----- --- --- --------- --------- ------ ----- ----- ----- ----- ----- ----- ----- ---- ---------------------
NODE_452_length_10110_cov_5.837536_4  -            604 1036075at2           -            356   1.1e-58  199.5  30.5   1   6   1.7e-11     6e-08   32.6   0.2     2    34    15    49    14    56 0.86 # 1844 # 3655 # 1 # ID=452_4;partial=00;start_type=ATG;rbs_motif=None;rbs_spacer=None;gc_cont=0.299
NODE_452_length_10110_cov_5.837536_4  -            604 1036075at2           -            356   1.1e-58  199.5  30.5   2   6   1.9e-17   6.8e-14   52.2   0.5    24    72    63   111    52   128 0.88 # 1844 # 3655 # 1 # ID=452_4;partial=00;start_type=ATG;rbs_motif=None;rbs_spacer=None;gc_cont=0.299
NODE_452_length_10110_cov_5.837536_4  -            604 1036075at2           -            356   1.1e-58  199.5  30.5   3   6   1.9e-09   6.8e-06   25.9   1.1    73   160   132   242   117   273 0.69 # 1844 # 3655 # 1 # ID=452_4;partial=00;start_type=ATG;rbs_motif=None;rbs_spacer=None;gc_cont=0.299
NODE_452_length_10110_cov_5.837536_4  -            604 1036075at2           -            356   1.1e-58  199.5  30.5   4   6     0.029     1e+02    2.2   0.0   173   210   323   363   305   368 0.79 # 1844 # 3655 # 1 # ID=452_4;partial=00;start_type=ATG;rbs_motif=None;rbs_spacer=None;gc_cont=0.299
NODE_452_length_10110_cov_5.837536_4  -            604 1036075at2           -            356   1.1e-58  199.5  30.5   5   6   8.3e-20   2.9e-16   59.9   0.1   206   283   384   475   380   501 0.83 # 1844 # 3655 # 1 # ID=452_4;partial=00;start_type=ATG;rbs_motif=None;rbs_spacer=None;gc_cont=0.299
NODE_452_length_10110_cov_5.837536_4  -            604 1036075at2           -            356   1.1e-58  199.5  30.5   6   6     4e-14   1.4e-10   41.3   3.8   286   342   517   581   496   594 0.82 # 1844 # 3655 # 1 # ID=452_4;partial=00;start_type=ATG;rbs_motif=None;rbs_spacer=None;gc_cont=0.299
NODE_405_length_11190_cov_90.936741_2 -            386 1036075at2           -            356     2e-44  152.6  17.0   1   3   4.8e-28   1.7e-24   87.0   3.2     1    73    24   115    24   121 0.85 # 801 # 1958 # -1 # ID=405_2;partial=00;start_type=TTG;rbs_motif=GGA/GAG/AGG;rbs_spacer=5-10bp;gc_cont=0.410
NODE_405_length_11190_cov_90.936741_2 -            386 1036075at2           -            356     2e-44  152.6  17.0   2   3   1.4e-18   4.9e-15   55.9   2.4    72   179   139   266   132   298 0.76 # 801 # 1958 # -1 # ID=405_2;partial=00;start_type=TTG;rbs_motif=GGA/GAG/AGG;rbs_spacer=5-10bp;gc_cont=0.410
NODE_405_length_11190_cov_90.936741_2 -            386 1036075at2           -            356     2e-44  152.6  17.0   3   3    0.0021       7.4    6.0   0.1   173   210   330   370   322   379 0.82 # 801 # 1958 # -1 # ID=405_2;partial=00;start_type=TTG;rbs_motif=GGA/GAG/AGG;rbs_spacer=5-10bp;gc_cont=0.410
NODE_178_length_20021_cov_72.209386_7 -            678 1036075at2           -            356   0.00091   18.8   0.2   1   1   5.2e-07    0.0019   17.8   0.2   121   157   624   659   599   666 0.83 # 3958 # 5991 # -1 # ID=178_7;partial=00;start_type=ATG;rbs_motif=GGA/GAG/AGG;rbs_spacer=5-10bp;gc_cont=0.453
NODE_570_length_8013_cov_4.558972_1   -            658 1036075at2           -            356    0.0034   17.0   0.5   1   1   1.8e-06    0.0063   16.1   0.5   118   155   620   656   585   657 0.80 # 536 # 2509 # 1 # ID=570_1;partial=00;start_type=ATG;rbs_motif=None;rbs_spacer=None;gc_cont=0.336
NODE_45_length_39380_cov_109.475333_7 -            142 1036075at2           -            356     0.044   13.3   0.4   1   2     0.004        14    5.1   0.1     5    29    44    73    40    77 0.79 # 9320 # 9745 # 1 # ID=45_7;partial=00;start_type=GTG;rbs_motif=GGA/GAG/AGG;rbs_spacer=5-10bp;gc_cont=0.329
NODE_45_length_39380_cov_109.475333_7 -            142 1036075at2           -            356     0.044   13.3   0.4   2   2    0.0013       4.7    6.6   0.0    17    62    85   130    83   134 0.89 # 9320 # 9745 # 1 # ID=45_7;partial=00;start_type=GTG;rbs_motif=GGA/GAG/AGG;rbs_spacer=5-10bp;gc_cont=0.329
NODE_440_length_10332_cov_62.144905_2 -            669 1036075at2           -            356      0.12   11.9   0.0   1   2      0.07   2.5e+02    1.0   0.0   303   329   437   463   433   494 0.68 # 1950 # 3956 # 1 # ID=440_2;partial=00;start_type=ATG;rbs_motif=GGA/GAG/AGG;rbs_spacer=5-10bp;gc_cont=0.488
NODE_440_length_10332_cov_62.144905_2 -            669 1036075at2           -            356      0.12   11.9   0.0   2   2   0.00038       1.4    8.4   0.0   314   356   514   558   504   558 0.88 # 1950 # 3956 # 1 # ID=440_2;partial=00;start_type=ATG;rbs_motif=GGA/GAG/AGG;rbs_spacer=5-10bp;gc_cont=0.488
#
# Program:         hmmsearch
# Version:         3.1b2 (February 2015)
# Pipeline mode:   SEARCH
# Query file:      /home/mira/Bacteria2022/Thiomargarita_magnifica/qc_assembly/busco_results/busco_downloads/lineages/bacteria_odb10/hmms/1036075at2.hmm
# Target file:     /home/mira/Bacteria2022/Thiomargarita_magnifica/qc_assembly/busco_results/busco_results/prodigal_output/predicted_genes/predicted.faa
# Option settings: hmmsearch --domtblout /home/mira/Bacteria2022/Thiomargarita_magnifica/qc_assembly/busco_results/busco_results/auto_lineage/run_bacteria_odb10/hmmer_output/1036075at2.out --cpu 1 /home/mira/Bacteria2022/Thiomargarita_magnifica/qc_assembly/busco_results/busco_downloads/lineages/bacteria_odb10/hmms/1036075at2.hmm /home/mira/Bacteria2022/Thiomargarita_magnifica/qc_assembly/busco_results/busco_results/prodigal_output/predicted_genes/predicted.faa 
# Current dir:     /home/mira/Bacteria2022/Thiomargarita_magnifica/qc_assembly/busco_results
# Date:            Tue Jul 12 12:52:28 2022
# [ok]
