#                                                                                               --- full sequence --- -------------- this domain -------------   hmm coord   ali coord   env coord
# target name                           accession   tlen query name           accession   qlen   E-value  score  bias   #  of  c-Evalue  i-Evalue  score  bias  from    to  from    to  from    to  acc description of target
#                   ------------------- ---------- ----- -------------------- ---------- ----- --------- ------ ----- --- --- --------- --------- ------ ----- ----- ----- ----- ----- ----- ----- ---- ---------------------
NODE_187_length_19456_cov_93.797255_3   -            513 1049662at2           -            438  2.4e-183  610.1   9.8   1   1  2.2e-185  4.8e-182  605.9   9.8     1   438     4   512     4   512 0.88 # 3114 # 4652 # 1 # ID=187_3;partial=00;start_type=ATG;rbs_motif=AGGA;rbs_spacer=5-10bp;gc_cont=0.467
NODE_1124_length_2975_cov_7.856108_2    -            511 1049662at2           -            438  1.8e-145  485.3  11.3   1   1  8.3e-147  1.8e-143  478.7  11.3     3   438     2   510     1   510 0.86 # 394 # 1926 # 1 # ID=1124_2;partial=00;start_type=TTG;rbs_motif=AGGA;rbs_spacer=5-10bp;gc_cont=0.356
NODE_3749_length_338_cov_1.134100_1     -            112 1049662at2           -            438     6e-47  160.6   0.1   1   1   3.1e-50   6.5e-47  160.5   0.1    29   137     1   111     1   112 0.96 # 3 # 338 # 1 # ID=3749_1;partial=11;start_type=Edge;rbs_motif=None;rbs_spacer=None;gc_cont=0.384
NODE_3222_length_408_cov_1.788520_1     -            135 1049662at2           -            438   7.2e-39  134.0   0.0   1   1   3.7e-42   7.9e-39  133.9   0.0   300   415     7   135     1   135 0.89 # 2 # 406 # -1 # ID=3222_1;partial=11;start_type=Edge;rbs_motif=None;rbs_spacer=None;gc_cont=0.375
NODE_5246_length_257_cov_3.288889_1     -             85 1049662at2           -            438   3.9e-28   98.7   1.9   1   1     2e-31   4.2e-28   98.5   1.9   350   428     1    85     1    85 0.93 # 3 # 257 # -1 # ID=5246_1;partial=11;start_type=Edge;rbs_motif=None;rbs_spacer=None;gc_cont=0.431
NODE_5000_length_264_cov_0.791444_1     -             88 1049662at2           -            438   2.5e-25   89.4   0.0   1   1   1.3e-28   2.8e-25   89.3   0.0   176   254     1    87     1    88 0.89 # 1 # 264 # 1 # ID=5000_1;partial=11;start_type=Edge;rbs_motif=None;rbs_spacer=None;gc_cont=0.424
NODE_4378_length_283_cov_1.436893_1     -             94 1049662at2           -            438   1.3e-22   80.4   0.3   1   1   6.8e-26   1.5e-22   80.3   0.3   220   302     1    85     1    93 0.90 # 1 # 282 # 1 # ID=4378_1;partial=11;start_type=Edge;rbs_motif=None;rbs_spacer=None;gc_cont=0.390
NODE_191_length_19336_cov_117.544317_20 -           1070 1049662at2           -            438   0.00082   18.5   0.0   1   2       1.5   3.2e+03   -3.2   0.0   334   371   216   255   210   270 0.69 # 14468 # 17677 # 1 # ID=191_20;partial=00;start_type=ATG;rbs_motif=None;rbs_spacer=None;gc_cont=0.471
NODE_191_length_19336_cov_117.544317_20 -           1070 1049662at2           -            438   0.00082   18.5   0.0   2   2     1e-06    0.0022   17.1   0.0     4    60   936   995   934  1000 0.82 # 14468 # 17677 # 1 # ID=191_20;partial=00;start_type=ATG;rbs_motif=None;rbs_spacer=None;gc_cont=0.471
NODE_657_length_6793_cov_3.999404_1     -           1092 1049662at2           -            438     0.014   14.4   0.0   1   1   1.4e-05      0.03   13.3   0.0    11    52   969  1011   959  1022 0.78 # 282 # 3557 # 1 # ID=657_1;partial=00;start_type=ATG;rbs_motif=GGA/GAG/AGG;rbs_spacer=5-10bp;gc_cont=0.342
NODE_6153_length_234_cov_1.414013_1     -             77 1049662at2           -            438     0.062   12.3   0.2   1   1     3e-05     0.065   12.2   0.2   299   342    25    76     4    77 0.73 # 2 # 232 # -1 # ID=6153_1;partial=11;start_type=Edge;rbs_motif=None;rbs_spacer=None;gc_cont=0.346
#
# Program:         hmmsearch
# Version:         3.1b2 (February 2015)
# Pipeline mode:   SEARCH
# Query file:      /home/mira/Bacteria2022/Thiomargarita_magnifica/qc_assembly/busco_results/busco_downloads/lineages/bacteria_odb10/hmms/1049662at2.hmm
# Target file:     /home/mira/Bacteria2022/Thiomargarita_magnifica/qc_assembly/busco_results/busco_results/prodigal_output/predicted_genes/predicted.faa
# Option settings: hmmsearch --domtblout /home/mira/Bacteria2022/Thiomargarita_magnifica/qc_assembly/busco_results/busco_results/auto_lineage/run_bacteria_odb10/hmmer_output/1049662at2.out --cpu 1 /home/mira/Bacteria2022/Thiomargarita_magnifica/qc_assembly/busco_results/busco_downloads/lineages/bacteria_odb10/hmms/1049662at2.hmm /home/mira/Bacteria2022/Thiomargarita_magnifica/qc_assembly/busco_results/busco_results/prodigal_output/predicted_genes/predicted.faa 
# Current dir:     /home/mira/Bacteria2022/Thiomargarita_magnifica/qc_assembly/busco_results
# Date:            Tue Jul 12 12:52:29 2022
# [ok]
