#                                                                                              --- full sequence --- -------------- this domain -------------   hmm coord   ali coord   env coord
# target name                          accession   tlen query name           accession   qlen   E-value  score  bias   #  of  c-Evalue  i-Evalue  score  bias  from    to  from    to  from    to  acc description of target
#                  ------------------- ---------- ----- -------------------- ---------- ----- --------- ------ ----- --- --- --------- --------- ------ ----- ----- ----- ----- ----- ----- ----- ---- ---------------------
NODE_80_length_28917_cov_80.111685_9   -            363 1054741at2           -            333  4.8e-131  436.9   0.0   1   1  4.4e-134  5.8e-131  436.6   0.0     4   330     5   360     3   362 0.94 # 7421 # 8509 # -1 # ID=80_9;partial=00;start_type=ATG;rbs_motif=None;rbs_spacer=None;gc_cont=0.455
NODE_654_length_6846_cov_5.780322_8    -            347 1054741at2           -            333  2.1e-105  352.6   1.1   1   1  1.8e-108  2.3e-105  352.4   1.1     2   331     4   345     3   346 0.93 # 5473 # 6513 # -1 # ID=654_8;partial=00;start_type=ATG;rbs_motif=None;rbs_spacer=None;gc_cont=0.338
NODE_706_length_6234_cov_5.081046_2    -            326 1054741at2           -            333   1.9e-11   43.8   0.0   1   1   2.2e-14     3e-11   43.1   0.0     5   137     2   125     1   131 0.89 # 631 # 1608 # 1 # ID=706_2;partial=00;start_type=ATG;rbs_motif=AGGA;rbs_spacer=5-10bp;gc_cont=0.323
NODE_370_length_11823_cov_8.180998_2   -            255 1054741at2           -            333     7e-10   38.6   0.0   1   2   1.7e-12   2.3e-09   36.9   0.0     4    72    24    86    22    96 0.89 # 688 # 1452 # 1 # ID=370_2;partial=00;start_type=ATG;rbs_motif=AGGA;rbs_spacer=5-10bp;gc_cont=0.320
NODE_370_length_11823_cov_8.180998_2   -            255 1054741at2           -            333     7e-10   38.6   0.0   2   2      0.83   1.1e+03   -1.5   0.0   155   178   150   173   146   185 0.73 # 688 # 1452 # 1 # ID=370_2;partial=00;start_type=ATG;rbs_motif=AGGA;rbs_spacer=5-10bp;gc_cont=0.320
NODE_268_length_15571_cov_90.366787_6  -            523 1054741at2           -            333   5.3e-07   29.1   0.2   1   2   1.2e-09   1.6e-06   27.6   0.1     4    76   226   293   224   297 0.81 # 4335 # 5903 # 1 # ID=268_6;partial=00;start_type=ATG;rbs_motif=None;rbs_spacer=None;gc_cont=0.460
NODE_268_length_15571_cov_90.366787_6  -            523 1054741at2           -            333   5.3e-07   29.1   0.2   2   2         1   1.3e+03   -1.8   0.0   155   176   368   389   361   393 0.80 # 4335 # 5903 # 1 # ID=268_6;partial=00;start_type=ATG;rbs_motif=None;rbs_spacer=None;gc_cont=0.460
NODE_229_length_17073_cov_9.537068_4   -            223 1054741at2           -            333   5.8e-07   29.0   0.0   1   2   1.1e-09   1.4e-06   27.8   0.0     3    61     2    60     1    70 0.78 # 1225 # 1893 # -1 # ID=229_4;partial=00;start_type=ATG;rbs_motif=AGGA;rbs_spacer=5-10bp;gc_cont=0.338
NODE_229_length_17073_cov_9.537068_4   -            223 1054741at2           -            333   5.8e-07   29.0   0.0   2   2       1.4   1.9e+03   -2.2   0.0   156   176   159   179   146   187 0.76 # 1225 # 1893 # -1 # ID=229_4;partial=00;start_type=ATG;rbs_motif=AGGA;rbs_spacer=5-10bp;gc_cont=0.338
NODE_773_length_5375_cov_4.108343_3    -            515 1054741at2           -            333     9e-07   28.4   0.1   1   1   1.3e-09   1.8e-06   27.4   0.1     3    76   218   285   216   302 0.88 # 2946 # 4490 # 1 # ID=773_3;partial=00;start_type=ATG;rbs_motif=AGGA;rbs_spacer=5-10bp;gc_cont=0.336
NODE_3166_length_417_cov_0.870588_1    -            139 1054741at2           -            333   3.6e-06   26.4   0.1   1   1   3.7e-09     5e-06   25.9   0.1     3    37    93   128    91   136 0.85 # 1 # 417 # 1 # ID=3166_1;partial=11;start_type=Edge;rbs_motif=None;rbs_spacer=None;gc_cont=0.518
NODE_176_length_20149_cov_70.683988_3  -            241 1054741at2           -            333   0.00011   21.5   0.0   1   1   1.2e-07   0.00016   21.0   0.0     4    65    18    72    15    82 0.84 # 2936 # 3658 # -1 # ID=176_3;partial=00;start_type=TTG;rbs_motif=GGA/GAG/AGG;rbs_spacer=5-10bp;gc_cont=0.455
NODE_3464_length_374_cov_1.993266_1    -            124 1054741at2           -            333   0.00065   19.0   0.0   1   1   5.7e-07   0.00077   18.8   0.0     6    37    62    93    57   119 0.83 # 3 # 374 # 1 # ID=3464_1;partial=11;start_type=Edge;rbs_motif=None;rbs_spacer=None;gc_cont=0.304
NODE_331_length_13411_cov_76.473976_4  -            406 1054741at2           -            333     0.011   15.0   0.0   1   1   1.6e-05     0.021   14.0   0.0     4    83     5    78     2   118 0.78 # 2297 # 3514 # 1 # ID=331_4;partial=00;start_type=ATG;rbs_motif=None;rbs_spacer=None;gc_cont=0.474
NODE_11_length_58114_cov_109.598773_14 -            651 1054741at2           -            333      0.03   13.5   0.0   1   1   3.6e-05     0.048   12.8   0.0    10    69   281   334   276   348 0.77 # 13513 # 15465 # 1 # ID=11_14;partial=00;start_type=ATG;rbs_motif=GGA/GAG/AGG;rbs_spacer=5-10bp;gc_cont=0.475
NODE_175_length_20228_cov_6.772319_15  -            324 1054741at2           -            333     0.033   13.4   0.1   1   2   7.9e-05       0.1   11.7   0.0     4    84    10    86     7    95 0.76 # 14946 # 15917 # -1 # ID=175_15;partial=00;start_type=ATG;rbs_motif=None;rbs_spacer=None;gc_cont=0.259
NODE_175_length_20228_cov_6.772319_15  -            324 1054741at2           -            333     0.033   13.4   0.1   2   2       1.7   2.2e+03   -2.5   0.1    63    85   173   195   169   200 0.81 # 14946 # 15917 # -1 # ID=175_15;partial=00;start_type=ATG;rbs_motif=None;rbs_spacer=None;gc_cont=0.259
NODE_3394_length_384_cov_1.651466_1    -            127 1054741at2           -            333     0.072   12.3   0.0   1   1   6.9e-05     0.092   11.9   0.0     5    77    40   108    37   120 0.69 # 3 # 383 # 1 # ID=3394_1;partial=11;start_type=Edge;rbs_motif=None;rbs_spacer=None;gc_cont=0.291
NODE_2543_length_574_cov_1.488934_1    -            190 1054741at2           -            333     0.076   12.2   0.1   1   1   7.2e-05     0.096   11.9   0.1     9    72    39    97    32   115 0.79 # 3 # 572 # -1 # ID=2543_1;partial=11;start_type=Edge;rbs_motif=None;rbs_spacer=None;gc_cont=0.302
NODE_522_length_8792_cov_89.906713_11  -            612 1054741at2           -            333       0.2   10.8   0.0   1   1   0.00022      0.29   10.3   0.0     9    76   263   330   256   337 0.72 # 6403 # 8238 # -1 # ID=522_11;partial=00;start_type=ATG;rbs_motif=None;rbs_spacer=None;gc_cont=0.478
#
# Program:         hmmsearch
# Version:         3.1b2 (February 2015)
# Pipeline mode:   SEARCH
# Query file:      /home/mira/Bacteria2022/Thiomargarita_magnifica/qc_assembly/busco_results/busco_downloads/lineages/bacteria_odb10/hmms/1054741at2.hmm
# Target file:     /home/mira/Bacteria2022/Thiomargarita_magnifica/qc_assembly/busco_results/busco_results/prodigal_output/predicted_genes/predicted.faa
# Option settings: hmmsearch --domtblout /home/mira/Bacteria2022/Thiomargarita_magnifica/qc_assembly/busco_results/busco_results/auto_lineage/run_bacteria_odb10/hmmer_output/1054741at2.out --cpu 1 /home/mira/Bacteria2022/Thiomargarita_magnifica/qc_assembly/busco_results/busco_downloads/lineages/bacteria_odb10/hmms/1054741at2.hmm /home/mira/Bacteria2022/Thiomargarita_magnifica/qc_assembly/busco_results/busco_results/prodigal_output/predicted_genes/predicted.faa 
# Current dir:     /home/mira/Bacteria2022/Thiomargarita_magnifica/qc_assembly/busco_results
# Date:            Tue Jul 12 12:52:29 2022
# [ok]
