#                                                                                              --- full sequence --- -------------- this domain -------------   hmm coord   ali coord   env coord
# target name                          accession   tlen query name           accession   qlen   E-value  score  bias   #  of  c-Evalue  i-Evalue  score  bias  from    to  from    to  from    to  acc description of target
#                  ------------------- ---------- ----- -------------------- ---------- ----- --------- ------ ----- --- --- --------- --------- ------ ----- ----- ----- ----- ----- ----- ----- ---- ---------------------
NODE_338_length_13040_cov_64.640130_6  -            450 1093223at2           -            361   1.5e-96  324.1   0.0   1   1   1.3e-99   2.1e-96  323.7   0.0     6   358    12   448     7   449 0.81 # 8212 # 9561 # -1 # ID=338_6;partial=00;start_type=ATG;rbs_motif=GGA/GAG/AGG;rbs_spacer=5-10bp;gc_cont=0.494
NODE_1191_length_2662_cov_3.606190_1   -            387 1093223at2           -            361   7.6e-59  200.1   0.0   1   1   7.7e-61   1.3e-57  196.1   0.0    35   355    29   381     3   384 0.78 # 484 # 1644 # -1 # ID=1191_1;partial=00;start_type=ATG;rbs_motif=GGA/GAG/AGG;rbs_spacer=5-10bp;gc_cont=0.291
NODE_2220_length_740_cov_2.232278_2    -            143 1093223at2           -            361   1.5e-23   84.0   0.0   1   1   9.9e-27   1.6e-23   83.9   0.0    11   132     5   129     1   138 0.79 # 310 # 738 # 1 # ID=2220_2;partial=01;start_type=ATG;rbs_motif=GGA/GAG/AGG;rbs_spacer=5-10bp;gc_cont=0.317
NODE_62_length_32682_cov_78.372980_10  -            484 1093223at2           -            361   5.6e-21   75.5   0.0   1   2     1e-23   1.7e-20   73.9   0.0    36   244    70   324    54   340 0.78 # 7454 # 8905 # 1 # ID=62_10;partial=00;start_type=ATG;rbs_motif=None;rbs_spacer=None;gc_cont=0.457
NODE_62_length_32682_cov_78.372980_10  -            484 1093223at2           -            361   5.6e-21   75.5   0.0   2   2       3.8   6.3e+03   -3.6   0.0   103   113   453   463   450   467 0.81 # 7454 # 8905 # 1 # ID=62_10;partial=00;start_type=ATG;rbs_motif=None;rbs_spacer=None;gc_cont=0.457
NODE_1084_length_3123_cov_3.980630_3   -            430 1093223at2           -            361   1.9e-20   73.8   0.2   1   2   4.8e-08   7.8e-05   22.4   0.0    57    95    39    81    11    99 0.75 # 1008 # 2297 # 1 # ID=1084_3;partial=00;start_type=TTG;rbs_motif=None;rbs_spacer=None;gc_cont=0.302
NODE_1084_length_3123_cov_3.980630_3   -            430 1093223at2           -            361   1.9e-20   73.8   0.2   2   2   3.2e-16   5.2e-13   49.3   0.0   112   308   123   352   111   365 0.68 # 1008 # 2297 # 1 # ID=1084_3;partial=00;start_type=TTG;rbs_motif=None;rbs_spacer=None;gc_cont=0.302
NODE_98_length_26888_cov_98.135131_6   -            448 1093223at2           -            361   4.2e-20   72.7   0.1   1   1   5.7e-23   9.4e-20   71.5   0.1    42   279    65   357    47   373 0.76 # 3249 # 4592 # -1 # ID=98_6;partial=00;start_type=ATG;rbs_motif=None;rbs_spacer=None;gc_cont=0.472
NODE_98_length_26888_cov_98.135131_7   -            479 1093223at2           -            361   6.9e-16   58.8   0.1   1   2   4.3e-08     7e-05   22.6   0.1    71   105   101   136    89   145 0.82 # 4839 # 6275 # -1 # ID=98_7;partial=00;start_type=ATG;rbs_motif=None;rbs_spacer=None;gc_cont=0.464
NODE_98_length_26888_cov_98.135131_7   -            479 1093223at2           -            361   6.9e-16   58.8   0.1   2   2     2e-11   3.3e-08   33.5   0.0   111   248   163   338   158   411 0.74 # 4839 # 6275 # -1 # ID=98_7;partial=00;start_type=ATG;rbs_motif=None;rbs_spacer=None;gc_cont=0.464
NODE_257_length_16011_cov_7.138948_8   -            432 1093223at2           -            361   3.3e-13   50.0   0.0   1   1   2.7e-16   4.5e-13   49.5   0.0    39   255    60   305    32   324 0.75 # 6882 # 8177 # -1 # ID=257_8;partial=00;start_type=TTG;rbs_motif=GGA/GAG/AGG;rbs_spacer=5-10bp;gc_cont=0.323
NODE_33_length_43996_cov_94.582982_5   -            450 1093223at2           -            361   6.8e-13   48.9   0.4   1   2   2.9e-07   0.00048   19.8   0.0    51   107    77   137    56   159 0.79 # 2265 # 3614 # -1 # ID=33_5;partial=00;start_type=ATG;rbs_motif=None;rbs_spacer=None;gc_cont=0.456
NODE_33_length_43996_cov_94.582982_5   -            450 1093223at2           -            361   6.8e-13   48.9   0.4   2   2   1.7e-09   2.8e-06   27.2   0.2   198   274   268   349   238   407 0.70 # 2265 # 3614 # -1 # ID=33_5;partial=00;start_type=ATG;rbs_motif=None;rbs_spacer=None;gc_cont=0.456
NODE_6013_length_238_cov_0.919255_1    -             78 1093223at2           -            361   4.6e-06   26.5   0.1   1   1     3e-09     5e-06   26.4   0.1   203   261    14    77     3    78 0.85 # 3 # 236 # -1 # ID=6013_1;partial=11;start_type=Edge;rbs_motif=None;rbs_spacer=None;gc_cont=0.256
NODE_897_length_4446_cov_6.094987_2    -            478 1093223at2           -            361   1.2e-05   25.1   2.9   1   1   1.9e-07   0.00031   20.4   2.9    76   263   159   380   152   458 0.66 # 513 # 1946 # 1 # ID=897_2;partial=00;start_type=ATG;rbs_motif=GGAG/GAGG;rbs_spacer=5-10bp;gc_cont=0.291
NODE_259_length_15937_cov_75.795397_4  -            294 1093223at2           -            361     0.021   14.4   0.0   1   1   1.7e-05     0.027   14.1   0.0   199   307    70   182    44   193 0.82 # 2475 # 3356 # -1 # ID=259_4;partial=00;start_type=ATG;rbs_motif=None;rbs_spacer=None;gc_cont=0.439
NODE_203_length_18535_cov_54.842670_11 -            422 1093223at2           -            361      0.12   11.9   0.0   1   2   0.00026      0.42   10.1   0.0    71   102    40    71    23    88 0.85 # 8360 # 9625 # -1 # ID=203_11;partial=00;start_type=ATG;rbs_motif=GGA/GAG/AGG;rbs_spacer=5-10bp;gc_cont=0.456
NODE_203_length_18535_cov_54.842670_11 -            422 1093223at2           -            361      0.12   11.9   0.0   2   2       1.3   2.1e+03   -2.0   0.0   129   146   152   169   151   187 0.90 # 8360 # 9625 # -1 # ID=203_11;partial=00;start_type=ATG;rbs_motif=GGA/GAG/AGG;rbs_spacer=5-10bp;gc_cont=0.456
#
# Program:         hmmsearch
# Version:         3.1b2 (February 2015)
# Pipeline mode:   SEARCH
# Query file:      /home/mira/Bacteria2022/Thiomargarita_magnifica/qc_assembly/busco_results/busco_downloads/lineages/bacteria_odb10/hmms/1093223at2.hmm
# Target file:     /home/mira/Bacteria2022/Thiomargarita_magnifica/qc_assembly/busco_results/busco_results/prodigal_output/predicted_genes/predicted.faa
# Option settings: hmmsearch --domtblout /home/mira/Bacteria2022/Thiomargarita_magnifica/qc_assembly/busco_results/busco_results/auto_lineage/run_bacteria_odb10/hmmer_output/1093223at2.out --cpu 1 /home/mira/Bacteria2022/Thiomargarita_magnifica/qc_assembly/busco_results/busco_downloads/lineages/bacteria_odb10/hmms/1093223at2.hmm /home/mira/Bacteria2022/Thiomargarita_magnifica/qc_assembly/busco_results/busco_results/prodigal_output/predicted_genes/predicted.faa 
# Current dir:     /home/mira/Bacteria2022/Thiomargarita_magnifica/qc_assembly/busco_results
# Date:            Tue Jul 12 12:52:29 2022
# [ok]
