#                                                                                              --- full sequence --- -------------- this domain -------------   hmm coord   ali coord   env coord
# target name                          accession   tlen query name           accession   qlen   E-value  score  bias   #  of  c-Evalue  i-Evalue  score  bias  from    to  from    to  from    to  acc description of target
#                  ------------------- ---------- ----- -------------------- ---------- ----- --------- ------ ----- --- --- --------- --------- ------ ----- ----- ----- ----- ----- ----- ----- ---- ---------------------
NODE_98_length_26888_cov_98.135131_5   -            362 1151822at2           -            254   9.9e-86  287.4  28.7   1   3   1.6e-23   5.6e-20   71.9   0.9     6   106    30   151    25   160 0.84 # 2157 # 3242 # -1 # ID=98_5;partial=00;start_type=ATG;rbs_motif=GGA/GAG/AGG;rbs_spacer=11-12bp;gc_cont=0.445
NODE_98_length_26888_cov_98.135131_5   -            362 1151822at2           -            254   9.9e-86  287.4  28.7   2   3   3.7e-17   1.3e-13   51.1   4.2    95   141   173   219   158   230 0.89 # 2157 # 3242 # -1 # ID=98_5;partial=00;start_type=ATG;rbs_motif=GGA/GAG/AGG;rbs_spacer=11-12bp;gc_cont=0.445
NODE_98_length_26888_cov_98.135131_5   -            362 1151822at2           -            254   9.9e-86  287.4  28.7   3   3   3.5e-55   1.2e-51  175.7   8.9   137   254   236   358   226   358 0.94 # 2157 # 3242 # -1 # ID=98_5;partial=00;start_type=ATG;rbs_motif=GGA/GAG/AGG;rbs_spacer=11-12bp;gc_cont=0.445
NODE_1491_length_1741_cov_4.013822_1   -            354 1151822at2           -            254   5.4e-66  222.7  28.2   1   3   6.4e-14   2.3e-10   40.4   0.4     7   101    26   142    21   153 0.75 # 72 # 1133 # 1 # ID=1491_1;partial=00;start_type=TTG;rbs_motif=GGAG/GAGG;rbs_spacer=5-10bp;gc_cont=0.313
NODE_1491_length_1741_cov_4.013822_1   -            354 1151822at2           -            254   5.4e-66  222.7  28.2   2   3   1.2e-13   4.2e-10   39.6   5.3    95   142   165   212   157   219 0.89 # 72 # 1133 # 1 # ID=1491_1;partial=00;start_type=TTG;rbs_motif=GGAG/GAGG;rbs_spacer=5-10bp;gc_cont=0.313
NODE_1491_length_1741_cov_4.013822_1   -            354 1151822at2           -            254   5.4e-66  222.7  28.2   3   3   3.9e-48   1.4e-44  152.6   9.5   129   252   220   348   211   350 0.90 # 72 # 1133 # 1 # ID=1491_1;partial=00;start_type=TTG;rbs_motif=GGAG/GAGG;rbs_spacer=5-10bp;gc_cont=0.313
NODE_2220_length_740_cov_2.232278_1    -            101 1151822at2           -            254   4.5e-34  118.1   5.1   1   1   1.4e-37     5e-34  118.0   5.1   163   253     1    96     1    97 0.93 # 2 # 304 # 1 # ID=2220_1;partial=10;start_type=Edge;rbs_motif=None;rbs_spacer=None;gc_cont=0.323
NODE_313_length_13980_cov_87.022010_7  -            347 1151822at2           -            254   2.8e-25   89.3  18.1   1   2     3e-09   1.1e-05   25.1   2.6     6   101    25   124    20   134 0.73 # 7859 # 8899 # -1 # ID=313_7;partial=00;start_type=ATG;rbs_motif=None;rbs_spacer=None;gc_cont=0.435
NODE_313_length_13980_cov_87.022010_7  -            347 1151822at2           -            254   2.8e-25   89.3  18.1   2   2   7.2e-23   2.6e-19   69.8   7.4   100   213   148   268   140   285 0.78 # 7859 # 8899 # -1 # ID=313_7;partial=00;start_type=ATG;rbs_motif=None;rbs_spacer=None;gc_cont=0.435
NODE_14_length_56554_cov_106.661384_41 -            352 1151822at2           -            254   5.6e-23   81.8  16.6   1   2   1.3e-06    0.0047   16.5   0.4     4   101     7   113     2   125 0.72 # 33351 # 34406 # 1 # ID=14_41;partial=00;start_type=ATG;rbs_motif=None;rbs_spacer=None;gc_cont=0.442
NODE_14_length_56554_cov_106.661384_41 -            352 1151822at2           -            254   5.6e-23   81.8  16.6   2   2   3.7e-23   1.3e-19   70.7   8.2    95   248   134   309   122   315 0.69 # 33351 # 34406 # 1 # ID=14_41;partial=00;start_type=ATG;rbs_motif=None;rbs_spacer=None;gc_cont=0.442
NODE_2066_length_883_cov_2.519851_2    -            208 1151822at2           -            254     2e-05   24.2  24.1   1   2   2.4e-05     0.085   12.4   3.9     5   102     6   110     2   118 0.69 # 236 # 859 # 1 # ID=2066_2;partial=00;start_type=TTG;rbs_motif=GGAG/GAGG;rbs_spacer=5-10bp;gc_cont=0.269
NODE_2066_length_883_cov_2.519851_2    -            208 1151822at2           -            254     2e-05   24.2  24.1   2   2   6.3e-07    0.0022   17.5  12.4    92   161   123   191   113   196 0.82 # 236 # 859 # 1 # ID=2066_2;partial=00;start_type=TTG;rbs_motif=GGAG/GAGG;rbs_spacer=5-10bp;gc_cont=0.269
#
# Program:         hmmsearch
# Version:         3.1b2 (February 2015)
# Pipeline mode:   SEARCH
# Query file:      /home/mira/Bacteria2022/Thiomargarita_magnifica/qc_assembly/busco_results/busco_downloads/lineages/bacteria_odb10/hmms/1151822at2.hmm
# Target file:     /home/mira/Bacteria2022/Thiomargarita_magnifica/qc_assembly/busco_results/busco_results/prodigal_output/predicted_genes/predicted.faa
# Option settings: hmmsearch --domtblout /home/mira/Bacteria2022/Thiomargarita_magnifica/qc_assembly/busco_results/busco_results/auto_lineage/run_bacteria_odb10/hmmer_output/1151822at2.out --cpu 1 /home/mira/Bacteria2022/Thiomargarita_magnifica/qc_assembly/busco_results/busco_downloads/lineages/bacteria_odb10/hmms/1151822at2.hmm /home/mira/Bacteria2022/Thiomargarita_magnifica/qc_assembly/busco_results/busco_results/prodigal_output/predicted_genes/predicted.faa 
# Current dir:     /home/mira/Bacteria2022/Thiomargarita_magnifica/qc_assembly/busco_results
# Date:            Tue Jul 12 12:52:30 2022
# [ok]
