#                                                                                               --- full sequence --- -------------- this domain -------------   hmm coord   ali coord   env coord
# target name                           accession   tlen query name           accession   qlen   E-value  score  bias   #  of  c-Evalue  i-Evalue  score  bias  from    to  from    to  from    to  acc description of target
#                   ------------------- ---------- ----- -------------------- ---------- ----- --------- ------ ----- --- --- --------- --------- ------ ----- ----- ----- ----- ----- ----- ----- ---- ---------------------
NODE_232_length_16999_cov_116.013533_13 -            445 1395197at2           -            157   7.3e-37  127.0  21.9   1   3   1.9e-25   8.1e-22   78.1   8.1     1   109     9   136     9   143 0.82 # 10420 # 11754 # -1 # ID=232_13;partial=00;start_type=ATG;rbs_motif=None;rbs_spacer=None;gc_cont=0.461
NODE_232_length_16999_cov_116.013533_13 -            445 1395197at2           -            157   7.3e-37  127.0  21.9   2   3     1e-15   4.3e-12   46.5   2.5    87   142   341   403   329   406 0.80 # 10420 # 11754 # -1 # ID=232_13;partial=00;start_type=ATG;rbs_motif=None;rbs_spacer=None;gc_cont=0.461
NODE_232_length_16999_cov_116.013533_13 -            445 1395197at2           -            157   7.3e-37  127.0  21.9   3   3     0.038   1.6e+02    2.4   0.1   139   156   423   440   419   441 0.86 # 10420 # 11754 # -1 # ID=232_13;partial=00;start_type=ATG;rbs_motif=None;rbs_spacer=None;gc_cont=0.461
NODE_370_length_11823_cov_8.180998_9    -            349 1395197at2           -            157   5.6e-35  120.9  16.0   1   3   9.4e-25     4e-21   75.9   3.8     1   102     4   129     4   135 0.82 # 6769 # 7815 # -1 # ID=370_9;partial=00;start_type=ATG;rbs_motif=AGGAG;rbs_spacer=5-10bp;gc_cont=0.329
NODE_370_length_11823_cov_8.180998_9    -            349 1395197at2           -            157   5.6e-35  120.9  16.0   2   3   9.6e-16   4.1e-12   46.6   0.9    94   142   254   308   231   313 0.77 # 6769 # 7815 # -1 # ID=370_9;partial=00;start_type=ATG;rbs_motif=AGGAG;rbs_spacer=5-10bp;gc_cont=0.329
NODE_370_length_11823_cov_8.180998_9    -            349 1395197at2           -            157   5.6e-35  120.9  16.0   3   3      0.17   7.2e+02    0.3   0.1   140   157   329   346   320   346 0.81 # 6769 # 7815 # -1 # ID=370_9;partial=00;start_type=ATG;rbs_motif=AGGAG;rbs_spacer=5-10bp;gc_cont=0.329
NODE_221_length_17385_cov_66.788364_3   -            217 1395197at2           -            157     2e-05   24.8   6.4   1   3    0.0076        32    4.7   0.7     4    25    14    35    11    41 0.82 # 2361 # 3011 # -1 # ID=221_3;partial=00;start_type=ATG;rbs_motif=None;rbs_spacer=None;gc_cont=0.467
NODE_221_length_17385_cov_66.788364_3   -            217 1395197at2           -            157     2e-05   24.8   6.4   2   3      0.35   1.5e+03   -0.7   0.4   121   147    43    69    38    76 0.65 # 2361 # 3011 # -1 # ID=221_3;partial=00;start_type=ATG;rbs_motif=None;rbs_spacer=None;gc_cont=0.467
NODE_221_length_17385_cov_66.788364_3   -            217 1395197at2           -            157     2e-05   24.8   6.4   3   3   4.8e-09     2e-05   24.8   6.4    62   141    90   166    82   171 0.72 # 2361 # 3011 # -1 # ID=221_3;partial=00;start_type=ATG;rbs_motif=None;rbs_spacer=None;gc_cont=0.467
NODE_4393_length_282_cov_1.063415_1     -             73 1395197at2           -            157   0.00066   19.9   2.2   1   2   1.6e-07   0.00069   19.9   0.1   121   142     2    23     1    36 0.86 # 1 # 219 # 1 # ID=4393_1;partial=10;start_type=Edge;rbs_motif=None;rbs_spacer=None;gc_cont=0.384
NODE_4393_length_282_cov_1.063415_1     -             73 1395197at2           -            157   0.00066   19.9   2.2   2   2      0.16     7e+02    0.4   0.3   105   129    38    62    24    67 0.63 # 1 # 219 # 1 # ID=4393_1;partial=10;start_type=Edge;rbs_motif=None;rbs_spacer=None;gc_cont=0.384
NODE_86_length_28327_cov_6.188248_5     -            718 1395197at2           -            157   0.00067   19.9   3.3   1   2   1.6e-07   0.00067   19.9   3.3     4    91   199   278   195   315 0.72 # 22741 # 24894 # 1 # ID=86_5;partial=00;start_type=ATG;rbs_motif=None;rbs_spacer=None;gc_cont=0.272
NODE_86_length_28327_cov_6.188248_5     -            718 1395197at2           -            157   0.00067   19.9   3.3   2   2       1.1   4.8e+03   -2.4   0.1    96    96   389   389   343   445 0.62 # 22741 # 24894 # 1 # ID=86_5;partial=00;start_type=ATG;rbs_motif=None;rbs_spacer=None;gc_cont=0.272
#
# Program:         hmmsearch
# Version:         3.1b2 (February 2015)
# Pipeline mode:   SEARCH
# Query file:      /home/mira/Bacteria2022/Thiomargarita_magnifica/qc_assembly/busco_results/busco_downloads/lineages/bacteria_odb10/hmms/1395197at2.hmm
# Target file:     /home/mira/Bacteria2022/Thiomargarita_magnifica/qc_assembly/busco_results/busco_results/prodigal_output/predicted_genes/predicted.faa
# Option settings: hmmsearch --domtblout /home/mira/Bacteria2022/Thiomargarita_magnifica/qc_assembly/busco_results/busco_results/auto_lineage/run_bacteria_odb10/hmmer_output/1395197at2.out --cpu 1 /home/mira/Bacteria2022/Thiomargarita_magnifica/qc_assembly/busco_results/busco_downloads/lineages/bacteria_odb10/hmms/1395197at2.hmm /home/mira/Bacteria2022/Thiomargarita_magnifica/qc_assembly/busco_results/busco_results/prodigal_output/predicted_genes/predicted.faa 
# Current dir:     /home/mira/Bacteria2022/Thiomargarita_magnifica/qc_assembly/busco_results
# Date:            Tue Jul 12 12:52:28 2022
# [ok]
