#                                                                                              --- full sequence --- -------------- this domain -------------   hmm coord   ali coord   env coord
# target name                          accession   tlen query name           accession   qlen   E-value  score  bias   #  of  c-Evalue  i-Evalue  score  bias  from    to  from    to  from    to  acc description of target
#                  ------------------- ---------- ----- -------------------- ---------- ----- --------- ------ ----- --- --- --------- --------- ------ ----- ----- ----- ----- ----- ----- ----- ---- ---------------------
NODE_627_length_7147_cov_82.783876_2   -            572 143460at2            -            439  1.9e-148  495.1   0.3   1   2   8.5e-84   9.1e-81  272.0   0.0     1   192    38   274    38   293 0.84 # 5432 # 7147 # 1 # ID=627_2;partial=01;start_type=TTG;rbs_motif=None;rbs_spacer=None;gc_cont=0.467
NODE_627_length_7147_cov_82.783876_2   -            572 143460at2            -            439  1.9e-148  495.1   0.3   2   2   3.9e-67   4.1e-64  217.1   0.0   194   396   301   569   290   572 0.84 # 5432 # 7147 # 1 # ID=627_2;partial=01;start_type=TTG;rbs_motif=None;rbs_spacer=None;gc_cont=0.467
NODE_1315_length_2230_cov_6.235485_2   -            591 143460at2            -            439  1.8e-138  462.2   0.2   1   2   6.6e-65   7.1e-62  209.8   1.4    25   221    20   250     8   253 0.83 # 456 # 2228 # -1 # ID=1315_2;partial=01;start_type=Edge;rbs_motif=None;rbs_spacer=None;gc_cont=0.343
NODE_1315_length_2230_cov_6.235485_2   -            591 143460at2            -            439  1.8e-138  462.2   0.2   2   2   1.3e-75   1.4e-72  245.1   0.0   194   439   252   572   228   572 0.84 # 456 # 2228 # -1 # ID=1315_2;partial=01;start_type=Edge;rbs_motif=None;rbs_spacer=None;gc_cont=0.343
NODE_654_length_6846_cov_5.780322_5    -            597 143460at2            -            439   3.3e-37  128.5   3.2   1   2   4.9e-39   5.3e-36  124.5   0.7     1   192     5   227     5   238 0.81 # 1775 # 3565 # -1 # ID=654_5;partial=00;start_type=TTG;rbs_motif=GGA/GAG/AGG;rbs_spacer=5-10bp;gc_cont=0.339
NODE_654_length_6846_cov_5.780322_5    -            597 143460at2            -            439   3.3e-37  128.5   3.2   2   2     0.039        41    2.9   0.1   287   343   399   465   340   472 0.59 # 1775 # 3565 # -1 # ID=654_5;partial=00;start_type=TTG;rbs_motif=GGA/GAG/AGG;rbs_spacer=5-10bp;gc_cont=0.339
NODE_273_length_15254_cov_91.901100_9  -            599 143460at2            -            439   8.4e-35  120.5   0.5   1   2   1.5e-37   1.6e-34  119.6   0.1     1   192     4   228     4   242 0.78 # 7440 # 9236 # -1 # ID=273_9;partial=00;start_type=ATG;rbs_motif=None;rbs_spacer=None;gc_cont=0.469
NODE_273_length_15254_cov_91.901100_9  -            599 143460at2            -            439   8.4e-35  120.5   0.5   2   2       2.3   2.4e+03   -2.9   0.0   268   295   345   373   338   384 0.58 # 7440 # 9236 # -1 # ID=273_9;partial=00;start_type=ATG;rbs_motif=None;rbs_spacer=None;gc_cont=0.469
NODE_14_length_56554_cov_106.661384_35 -            700 143460at2            -            439     5e-32  111.4   0.8   1   4   9.6e-26     1e-22   80.7   0.0     2   135    11   169    10   198 0.81 # 26961 # 29060 # -1 # ID=14_35;partial=00;start_type=ATG;rbs_motif=None;rbs_spacer=None;gc_cont=0.521
NODE_14_length_56554_cov_106.661384_35 -            700 143460at2            -            439     5e-32  111.4   0.8   2   4    0.0059       6.3    5.6   0.0   190   242   283   335   266   350 0.75 # 26961 # 29060 # -1 # ID=14_35;partial=00;start_type=ATG;rbs_motif=None;rbs_spacer=None;gc_cont=0.521
NODE_14_length_56554_cov_106.661384_35 -            700 143460at2            -            439     5e-32  111.4   0.8   3   4   9.3e-07   0.00099   18.1   0.3   174   296   360   491   355   524 0.65 # 26961 # 29060 # -1 # ID=14_35;partial=00;start_type=ATG;rbs_motif=None;rbs_spacer=None;gc_cont=0.521
NODE_14_length_56554_cov_106.661384_35 -            700 143460at2            -            439     5e-32  111.4   0.8   4   4       0.1   1.1e+02    1.5   0.0   296   346   616   675   608   681 0.74 # 26961 # 29060 # -1 # ID=14_35;partial=00;start_type=ATG;rbs_motif=None;rbs_spacer=None;gc_cont=0.521
NODE_1094_length_3098_cov_11.773585_3  -            704 143460at2            -            439   5.8e-30  104.6   3.3   1   3   2.2e-25   2.3e-22   79.5   0.1     1   116    10   149    10   174 0.83 # 776 # 2887 # -1 # ID=1094_3;partial=00;start_type=ATG;rbs_motif=AGGA;rbs_spacer=5-10bp;gc_cont=0.375
NODE_1094_length_3098_cov_11.773585_3  -            704 143460at2            -            439   5.8e-30  104.6   3.3   2   3   3.4e-06    0.0037   16.3   0.2   182   296   364   489   303   509 0.66 # 776 # 2887 # -1 # ID=1094_3;partial=00;start_type=ATG;rbs_motif=AGGA;rbs_spacer=5-10bp;gc_cont=0.375
NODE_1094_length_3098_cov_11.773585_3  -            704 143460at2            -            439   5.8e-30  104.6   3.3   3   3     0.027        29    3.4   0.0   284   346   608   679   601   683 0.75 # 776 # 2887 # -1 # ID=1094_3;partial=00;start_type=ATG;rbs_motif=AGGA;rbs_spacer=5-10bp;gc_cont=0.375
NODE_152_length_21680_cov_89.291163_10 -            397 143460at2            -            439   2.7e-19   69.4   1.1   1   1   5.1e-21   5.4e-18   65.1   1.1     3   199    14   256    12   272 0.69 # 10903 # 12093 # -1 # ID=152_10;partial=00;start_type=ATG;rbs_motif=GGA/GAG/AGG;rbs_spacer=5-10bp;gc_cont=0.482
NODE_178_length_20021_cov_72.209386_16 -            683 143460at2            -            439   4.5e-19   68.7   0.7   1   4   2.3e-16   2.4e-13   49.8   0.2     1   115     9   141     9   151 0.81 # 13374 # 15422 # 1 # ID=178_16;partial=00;start_type=ATG;rbs_motif=GGA/GAG/AGG;rbs_spacer=5-10bp;gc_cont=0.487
NODE_178_length_20021_cov_72.209386_16 -            683 143460at2            -            439   4.5e-19   68.7   0.7   2   4   7.8e-05     0.083   11.8   0.0   153   193   288   328   282   348 0.86 # 13374 # 15422 # 1 # ID=178_16;partial=00;start_type=ATG;rbs_motif=GGA/GAG/AGG;rbs_spacer=5-10bp;gc_cont=0.487
NODE_178_length_20021_cov_72.209386_16 -            683 143460at2            -            439   4.5e-19   68.7   0.7   3   4     0.044        47    2.7   0.0   253   288   423   457   412   467 0.83 # 13374 # 15422 # 1 # ID=178_16;partial=00;start_type=ATG;rbs_motif=GGA/GAG/AGG;rbs_spacer=5-10bp;gc_cont=0.487
NODE_178_length_20021_cov_72.209386_16 -            683 143460at2            -            439   4.5e-19   68.7   0.7   4   4       1.8   1.9e+03   -2.6   0.0   303   347   600   653   584   656 0.64 # 13374 # 15422 # 1 # ID=178_16;partial=00;start_type=ATG;rbs_motif=GGA/GAG/AGG;rbs_spacer=5-10bp;gc_cont=0.487
NODE_76_length_29591_cov_91.055804_6   -            919 143460at2            -            439   5.4e-18   65.2   1.3   1   1   9.9e-21   1.1e-17   64.2   1.3     4   187   423   613   421   633 0.82 # 10125 # 12881 # 1 # ID=76_6;partial=00;start_type=ATG;rbs_motif=None;rbs_spacer=None;gc_cont=0.496
NODE_124_length_24743_cov_6.685640_1   -            403 143460at2            -            439   8.2e-18   64.5   1.3   1   2   6.1e-20   6.5e-17   61.6   0.6     3   126    14   154    12   163 0.75 # 360 # 1568 # 1 # ID=124_1;partial=00;start_type=ATG;rbs_motif=AGGA;rbs_spacer=5-10bp;gc_cont=0.379
NODE_124_length_24743_cov_6.685640_1   -            403 143460at2            -            439   8.2e-18   64.5   1.3   2   2      0.11   1.1e+02    1.5   0.0   169   196   232   259   193   269 0.67 # 360 # 1568 # 1 # ID=124_1;partial=00;start_type=ATG;rbs_motif=AGGA;rbs_spacer=5-10bp;gc_cont=0.379
NODE_33_length_43996_cov_94.582982_11  -            528 143460at2            -            439   3.4e-16   59.2   0.1   1   1   7.2e-19   7.7e-16   58.0   0.1     2   119    12   151    11   167 0.76 # 8520 # 10103 # -1 # ID=33_11;partial=00;start_type=ATG;rbs_motif=None;rbs_spacer=None;gc_cont=0.465
NODE_407_length_11154_cov_10.880563_5  -            866 143460at2            -            439   3.1e-14   52.7   0.7   1   2     3e-17   3.1e-14   52.7   0.7     4   117   368   481   366   570 0.88 # 3885 # 6482 # 1 # ID=407_5;partial=00;start_type=ATG;rbs_motif=AGGAG/GGAGG;rbs_spacer=11-12bp;gc_cont=0.339
NODE_407_length_11154_cov_10.880563_5  -            866 143460at2            -            439   3.1e-14   52.7   0.7   2   2      0.54   5.8e+02   -0.9   0.1   132   199   744   817   724   825 0.70 # 3885 # 6482 # 1 # ID=407_5;partial=00;start_type=ATG;rbs_motif=AGGAG/GGAGG;rbs_spacer=11-12bp;gc_cont=0.339
NODE_2924_length_461_cov_105.752604_1  -             71 143460at2            -            439   2.7e-13   49.7   0.0   1   1   2.8e-16     3e-13   49.5   0.0   396   439     3    54     1    54 0.91 # 2 # 214 # 1 # ID=2924_1;partial=10;start_type=Edge;rbs_motif=None;rbs_spacer=None;gc_cont=0.479
NODE_778_length_5314_cov_3.559481_5    -            484 143460at2            -            439   1.4e-09   37.4   0.8   1   2     0.021        23    3.8   0.0     9    37    32    61    26    73 0.78 # 3330 # 4781 # 1 # ID=778_5;partial=00;start_type=ATG;rbs_motif=AGGA/GGAG/GAGG;rbs_spacer=11-12bp;gc_cont=0.296
NODE_778_length_5314_cov_3.559481_5    -            484 143460at2            -            439   1.4e-09   37.4   0.8   2   2   7.9e-11   8.4e-08   31.6   0.2    31   120    78   179    71   193 0.74 # 3330 # 4781 # 1 # ID=778_5;partial=00;start_type=ATG;rbs_motif=AGGA/GGAG/GAGG;rbs_spacer=11-12bp;gc_cont=0.296
NODE_4148_length_298_cov_1.339367_1    -             98 143460at2            -            439   0.00082   18.4   0.0   1   1   9.1e-07   0.00097   18.2   0.0   140   194    23    83    13    95 0.81 # 3 # 296 # -1 # ID=4148_1;partial=11;start_type=Edge;rbs_motif=None;rbs_spacer=None;gc_cont=0.439
NODE_273_length_15254_cov_91.901100_5  -            299 143460at2            -            439    0.0016   17.4   0.1   1   2   2.5e-06    0.0027   16.7   0.0     4   115    10   130     8   176 0.69 # 3915 # 4811 # -1 # ID=273_5;partial=00;start_type=ATG;rbs_motif=GGA/GAG/AGG;rbs_spacer=5-10bp;gc_cont=0.447
NODE_273_length_15254_cov_91.901100_5  -            299 143460at2            -            439    0.0016   17.4   0.1   2   2         4   4.3e+03   -3.7   0.1   248   280   204   237   192   266 0.54 # 3915 # 4811 # -1 # ID=273_5;partial=00;start_type=ATG;rbs_motif=GGA/GAG/AGG;rbs_spacer=5-10bp;gc_cont=0.447
NODE_5474_length_252_cov_0.794286_1    -             83 143460at2            -            439     0.014   14.3   0.1   1   1   1.7e-05     0.018   14.0   0.1     4    21    32    49    30    58 0.86 # 2 # 250 # -1 # ID=5474_1;partial=11;start_type=Edge;rbs_motif=None;rbs_spacer=None;gc_cont=0.365
NODE_4094_length_303_cov_2.907080_1    -            101 143460at2            -            439     0.018   14.0   0.1   1   1   2.4e-05     0.026   13.5   0.1     4    21    70    87    68    94 0.88 # 1 # 303 # -1 # ID=4094_1;partial=11;start_type=Edge;rbs_motif=None;rbs_spacer=None;gc_cont=0.347
NODE_2472_length_603_cov_1.720532_2    -             76 143460at2            -            439     0.039   12.9   0.3   1   1   4.5e-05     0.048   12.6   0.3   138   202     9    74     4    75 0.90 # 376 # 603 # 1 # ID=2472_2;partial=01;start_type=ATG;rbs_motif=GGA/GAG/AGG;rbs_spacer=5-10bp;gc_cont=0.289
NODE_5525_length_250_cov_1.121387_1    -             83 143460at2            -            439     0.039   12.9   0.1   1   1   3.8e-05      0.04   12.8   0.1    70   121     2    56     1    76 0.75 # 2 # 250 # 1 # ID=5525_1;partial=11;start_type=Edge;rbs_motif=None;rbs_spacer=None;gc_cont=0.470
#
# Program:         hmmsearch
# Version:         3.1b2 (February 2015)
# Pipeline mode:   SEARCH
# Query file:      /home/mira/Bacteria2022/Thiomargarita_magnifica/qc_assembly/busco_results/busco_downloads/lineages/bacteria_odb10/hmms/143460at2.hmm
# Target file:     /home/mira/Bacteria2022/Thiomargarita_magnifica/qc_assembly/busco_results/busco_results/prodigal_output/predicted_genes/predicted.faa
# Option settings: hmmsearch --domtblout /home/mira/Bacteria2022/Thiomargarita_magnifica/qc_assembly/busco_results/busco_results/auto_lineage/run_bacteria_odb10/hmmer_output/143460at2.out --cpu 1 /home/mira/Bacteria2022/Thiomargarita_magnifica/qc_assembly/busco_results/busco_downloads/lineages/bacteria_odb10/hmms/143460at2.hmm /home/mira/Bacteria2022/Thiomargarita_magnifica/qc_assembly/busco_results/busco_results/prodigal_output/predicted_genes/predicted.faa 
# Current dir:     /home/mira/Bacteria2022/Thiomargarita_magnifica/qc_assembly/busco_results
# Date:            Tue Jul 12 12:52:29 2022
# [ok]
