#                                                                                              --- full sequence --- -------------- this domain -------------   hmm coord   ali coord   env coord
# target name                          accession   tlen query name           accession   qlen   E-value  score  bias   #  of  c-Evalue  i-Evalue  score  bias  from    to  from    to  from    to  acc description of target
#                  ------------------- ---------- ----- -------------------- ---------- ----- --------- ------ ----- --- --- --------- --------- ------ ----- ----- ----- ----- ----- ----- ----- ---- ---------------------
NODE_2155_length_795_cov_76.285515_1   -            207 1490892at2           -             89   1.2e-11   44.8  10.3   1   2   1.7e-08   7.1e-05   23.0   0.7     9    51    49   100    41   108 0.74 # 3 # 623 # 1 # ID=2155_1;partial=10;start_type=Edge;rbs_motif=None;rbs_spacer=None;gc_cont=0.457
NODE_2155_length_795_cov_76.285515_1   -            207 1490892at2           -             89   1.2e-11   44.8  10.3   2   2   3.9e-08   0.00017   21.8   3.2    56    88   148   191   135   192 0.75 # 3 # 623 # 1 # ID=2155_1;partial=10;start_type=Edge;rbs_motif=None;rbs_spacer=None;gc_cont=0.457
NODE_2642_length_541_cov_1.387931_1    -            162 1490892at2           -             89     0.049   13.9   0.3   1   2     0.025   1.1e+02    3.2   0.0    15    34    34    53    26    89 0.69 # 56 # 541 # 1 # ID=2642_1;partial=01;start_type=TTG;rbs_motif=None;rbs_spacer=None;gc_cont=0.255
NODE_2642_length_541_cov_1.387931_1    -            162 1490892at2           -             89     0.049   13.9   0.3   2   2    0.0019       8.2    6.8   0.1    54    68   122   136   113   162 0.74 # 56 # 541 # 1 # ID=2642_1;partial=01;start_type=TTG;rbs_motif=None;rbs_spacer=None;gc_cont=0.255
NODE_20_length_53635_cov_137.680010_20 -            366 1490892at2           -             89     0.065   13.5   0.9   1   2     0.074   3.2e+02    1.7   0.1     5    43   253   289   249   301 0.75 # 37056 # 38153 # -1 # ID=20_20;partial=00;start_type=ATG;rbs_motif=AGGAG;rbs_spacer=5-10bp;gc_cont=0.464
NODE_20_length_53635_cov_137.680010_20 -            366 1490892at2           -             89     0.065   13.5   0.9   2   2   0.00033       1.4    9.3   0.1    13    50   321   358   315   362 0.84 # 37056 # 38153 # -1 # ID=20_20;partial=00;start_type=ATG;rbs_motif=AGGAG;rbs_spacer=5-10bp;gc_cont=0.464
NODE_3908_length_322_cov_78.971429_1   -             72 1490892at2           -             89     0.077   13.3   0.0   1   1   2.1e-05     0.088   13.1   0.0    36    75    20    59     8    66 0.88 # 2 # 217 # -1 # ID=3908_1;partial=10;start_type=ATG;rbs_motif=None;rbs_spacer=None;gc_cont=0.352
NODE_448_length_10167_cov_5.024281_1   -            224 1490892at2           -             89      0.18   12.1   3.2   1   3       4.3   1.8e+04   -3.9   0.0     3    15    23    35    22    36 0.77 # 172 # 843 # -1 # ID=448_1;partial=00;start_type=ATG;rbs_motif=None;rbs_spacer=None;gc_cont=0.254
NODE_448_length_10167_cov_5.024281_1   -            224 1490892at2           -             89      0.18   12.1   3.2   2   3     0.022        96    3.4   0.0    16    38    89   111    86   144 0.58 # 172 # 843 # -1 # ID=448_1;partial=00;start_type=ATG;rbs_motif=None;rbs_spacer=None;gc_cont=0.254
NODE_448_length_10167_cov_5.024281_1   -            224 1490892at2           -             89      0.18   12.1   3.2   3   3    0.0025        11    6.4   0.3    55    74   177   198   171   221 0.60 # 172 # 843 # -1 # ID=448_1;partial=00;start_type=ATG;rbs_motif=None;rbs_spacer=None;gc_cont=0.254
#
# Program:         hmmsearch
# Version:         3.1b2 (February 2015)
# Pipeline mode:   SEARCH
# Query file:      /home/mira/Bacteria2022/Thiomargarita_magnifica/qc_assembly/busco_results/busco_downloads/lineages/bacteria_odb10/hmms/1490892at2.hmm
# Target file:     /home/mira/Bacteria2022/Thiomargarita_magnifica/qc_assembly/busco_results/busco_results/prodigal_output/predicted_genes/predicted.faa
# Option settings: hmmsearch --domtblout /home/mira/Bacteria2022/Thiomargarita_magnifica/qc_assembly/busco_results/busco_results/auto_lineage/run_bacteria_odb10/hmmer_output/1490892at2.out --cpu 1 /home/mira/Bacteria2022/Thiomargarita_magnifica/qc_assembly/busco_results/busco_downloads/lineages/bacteria_odb10/hmms/1490892at2.hmm /home/mira/Bacteria2022/Thiomargarita_magnifica/qc_assembly/busco_results/busco_results/prodigal_output/predicted_genes/predicted.faa 
# Current dir:     /home/mira/Bacteria2022/Thiomargarita_magnifica/qc_assembly/busco_results
# Date:            Tue Jul 12 12:52:28 2022
# [ok]
