#                                                                                               --- full sequence --- -------------- this domain -------------   hmm coord   ali coord   env coord
# target name                           accession   tlen query name           accession   qlen   E-value  score  bias   #  of  c-Evalue  i-Evalue  score  bias  from    to  from    to  from    to  acc description of target
#                   ------------------- ---------- ----- -------------------- ---------- ----- --------- ------ ----- --- --- --------- --------- ------ ----- ----- ----- ----- ----- ----- ----- ---- ---------------------
NODE_143_length_22629_cov_71.935394_8   -            306 1504821at2           -            224   5.9e-58  196.3   0.9   1   2   2.3e-29     1e-25   90.9   0.2     1    98    18   129    18   140 0.84 # 8300 # 9217 # 1 # ID=143_8;partial=00;start_type=ATG;rbs_motif=None;rbs_spacer=None;gc_cont=0.453
NODE_143_length_22629_cov_71.935394_8   -            306 1504821at2           -            224   5.9e-58  196.3   0.9   2   2   2.1e-33     9e-30  104.1   0.0   104   223   157   304   136   305 0.82 # 8300 # 9217 # 1 # ID=143_8;partial=00;start_type=ATG;rbs_motif=None;rbs_spacer=None;gc_cont=0.453
NODE_704_length_6266_cov_5.863306_5     -            271 1504821at2           -            224     6e-33  114.5   0.3   1   2   8.6e-17   3.7e-13   49.8   0.1     2   100     9   101     8   109 0.89 # 4930 # 5742 # 1 # ID=704_5;partial=00;start_type=ATG;rbs_motif=AGxAGG/AGGxGG;rbs_spacer=5-10bp;gc_cont=0.284
NODE_704_length_6266_cov_5.863306_5     -            271 1504821at2           -            224     6e-33  114.5   0.3   2   2     8e-21   3.4e-17   63.0   0.0   103   223   122   269   116   270 0.84 # 4930 # 5742 # 1 # ID=704_5;partial=00;start_type=ATG;rbs_motif=AGxAGG/AGGxGG;rbs_spacer=5-10bp;gc_cont=0.284
NODE_136_length_23326_cov_112.483806_14 -            471 1504821at2           -            224   0.00047   20.0   0.0   1   3       2.1   8.8e+03   -3.8   0.0    54    73   114   133   105   158 0.60 # 15263 # 16675 # -1 # ID=136_14;partial=00;start_type=ATG;rbs_motif=None;rbs_spacer=None;gc_cont=0.482
NODE_136_length_23326_cov_112.483806_14 -            471 1504821at2           -            224   0.00047   20.0   0.0   2   3      0.03   1.3e+02    2.2   0.0   115   163   211   260   197   269 0.87 # 15263 # 16675 # -1 # ID=136_14;partial=00;start_type=ATG;rbs_motif=None;rbs_spacer=None;gc_cont=0.482
NODE_136_length_23326_cov_112.483806_14 -            471 1504821at2           -            224   0.00047   20.0   0.0   3   3     4e-06     0.017   14.9   0.0     1    78   339   421   339   441 0.75 # 15263 # 16675 # -1 # ID=136_14;partial=00;start_type=ATG;rbs_motif=None;rbs_spacer=None;gc_cont=0.482
NODE_452_length_10110_cov_5.837536_8    -            163 1504821at2           -            224     0.042   13.6   0.2   1   1   7.1e-05       0.3   10.8   0.2     3    95     9    99     7   152 0.77 # 6150 # 6638 # 1 # ID=452_8;partial=00;start_type=TTG;rbs_motif=AGGAG;rbs_spacer=5-10bp;gc_cont=0.335
NODE_19_length_54395_cov_98.907231_23   -            171 1504821at2           -            224      0.15   11.8   0.0   1   2   0.00012      0.49   10.1   0.0     5    56    20    70    16   119 0.75 # 26482 # 26994 # 1 # ID=19_23;partial=00;start_type=ATG;rbs_motif=None;rbs_spacer=None;gc_cont=0.450
NODE_19_length_54395_cov_98.907231_23   -            171 1504821at2           -            224      0.15   11.8   0.0   2   2      0.24     1e+03   -0.7   0.0   103   121   133   151   127   159 0.76 # 26482 # 26994 # 1 # ID=19_23;partial=00;start_type=ATG;rbs_motif=None;rbs_spacer=None;gc_cont=0.450
#
# Program:         hmmsearch
# Version:         3.1b2 (February 2015)
# Pipeline mode:   SEARCH
# Query file:      /home/mira/Bacteria2022/Thiomargarita_magnifica/qc_assembly/busco_results/busco_downloads/lineages/bacteria_odb10/hmms/1504821at2.hmm
# Target file:     /home/mira/Bacteria2022/Thiomargarita_magnifica/qc_assembly/busco_results/busco_results/prodigal_output/predicted_genes/predicted.faa
# Option settings: hmmsearch --domtblout /home/mira/Bacteria2022/Thiomargarita_magnifica/qc_assembly/busco_results/busco_results/auto_lineage/run_bacteria_odb10/hmmer_output/1504821at2.out --cpu 1 /home/mira/Bacteria2022/Thiomargarita_magnifica/qc_assembly/busco_results/busco_downloads/lineages/bacteria_odb10/hmms/1504821at2.hmm /home/mira/Bacteria2022/Thiomargarita_magnifica/qc_assembly/busco_results/busco_results/prodigal_output/predicted_genes/predicted.faa 
# Current dir:     /home/mira/Bacteria2022/Thiomargarita_magnifica/qc_assembly/busco_results
# Date:            Tue Jul 12 12:52:29 2022
# [ok]
