#                                                                                              --- full sequence --- -------------- this domain -------------   hmm coord   ali coord   env coord
# target name                          accession   tlen query name           accession   qlen   E-value  score  bias   #  of  c-Evalue  i-Evalue  score  bias  from    to  from    to  from    to  acc description of target
#                  ------------------- ---------- ----- -------------------- ---------- ----- --------- ------ ----- --- --- --------- --------- ------ ----- ----- ----- ----- ----- ----- ----- ---- ---------------------
NODE_273_length_15254_cov_91.901100_9  -            599 182107at2            -            492  9.4e-219  727.0   6.8   1   1  1.1e-220    1e-217  723.6   6.8     1   491     4   595     4   596 0.89 # 7440 # 9236 # -1 # ID=273_9;partial=00;start_type=ATG;rbs_motif=None;rbs_spacer=None;gc_cont=0.469
NODE_654_length_6846_cov_5.780322_5    -            597 182107at2            -            492  9.3e-200  664.4  15.2   1   1  1.6e-199  1.6e-196  653.7  15.2     1   492     5   596     5   596 0.87 # 1775 # 3565 # -1 # ID=654_5;partial=00;start_type=TTG;rbs_motif=GGA/GAG/AGG;rbs_spacer=5-10bp;gc_cont=0.339
NODE_627_length_7147_cov_82.783876_2   -            572 182107at2            -            492     3e-38  131.7   1.1   1   2   3.6e-38   3.5e-35  121.6   0.1     1   201    38   277    38   316 0.78 # 5432 # 7147 # 1 # ID=627_2;partial=01;start_type=TTG;rbs_motif=None;rbs_spacer=None;gc_cont=0.467
NODE_627_length_7147_cov_82.783876_2   -            572 182107at2            -            492     3e-38  131.7   1.1   2   2   0.00056      0.55    8.8   0.1   284   350   394   457   358   472 0.85 # 5432 # 7147 # 1 # ID=627_2;partial=01;start_type=TTG;rbs_motif=None;rbs_spacer=None;gc_cont=0.467
NODE_14_length_56554_cov_106.661384_35 -            700 182107at2            -            492   5.2e-36  124.3   0.1   1   4   6.3e-24   6.1e-21   74.6   0.0     2   132    11   166    10   191 0.80 # 26961 # 29060 # -1 # ID=14_35;partial=00;start_type=ATG;rbs_motif=None;rbs_spacer=None;gc_cont=0.521
NODE_14_length_56554_cov_106.661384_35 -            700 182107at2            -            492   5.2e-36  124.3   0.1   2   4      0.09        88    1.5   0.0   135   160   266   291   236   302 0.79 # 26961 # 29060 # -1 # ID=14_35;partial=00;start_type=ATG;rbs_motif=None;rbs_spacer=None;gc_cont=0.521
NODE_14_length_56554_cov_106.661384_35 -            700 182107at2            -            492   5.2e-36  124.3   0.1   3   4   7.4e-11   7.2e-08   31.5   0.0   155   314   310   491   295   506 0.72 # 26961 # 29060 # -1 # ID=14_35;partial=00;start_type=ATG;rbs_motif=None;rbs_spacer=None;gc_cont=0.521
NODE_14_length_56554_cov_106.661384_35 -            700 182107at2            -            492   5.2e-36  124.3   0.1   4   4   0.00067      0.65    8.5   0.0   322   352   608   638   602   646 0.87 # 26961 # 29060 # -1 # ID=14_35;partial=00;start_type=ATG;rbs_motif=None;rbs_spacer=None;gc_cont=0.521
NODE_1315_length_2230_cov_6.235485_2   -            591 182107at2            -            492   4.4e-34  117.9   3.0   1   2   5.7e-37   5.5e-34  117.6   1.9    24   234    24   265    20   269 0.81 # 456 # 2228 # -1 # ID=1315_2;partial=01;start_type=Edge;rbs_motif=None;rbs_spacer=None;gc_cont=0.343
NODE_1315_length_2230_cov_6.235485_2   -            591 182107at2            -            492   4.4e-34  117.9   3.0   2   2       2.7   2.7e+03   -3.4   0.0   285   350   345   407   335   412 0.72 # 456 # 2228 # -1 # ID=1315_2;partial=01;start_type=Edge;rbs_motif=None;rbs_spacer=None;gc_cont=0.343
NODE_1094_length_3098_cov_11.773585_3  -            704 182107at2            -            492   7.6e-34  117.2   1.1   1   3   1.6e-22   1.5e-19   70.0   0.0     1   131    10   164    10   193 0.81 # 776 # 2887 # -1 # ID=1094_3;partial=00;start_type=ATG;rbs_motif=AGGA;rbs_spacer=5-10bp;gc_cont=0.375
NODE_1094_length_3098_cov_11.773585_3  -            704 182107at2            -            492   7.6e-34  117.2   1.1   2   3   1.4e-10   1.4e-07   30.5   0.0   160   320   313   496   280   505 0.71 # 776 # 2887 # -1 # ID=1094_3;partial=00;start_type=ATG;rbs_motif=AGGA;rbs_spacer=5-10bp;gc_cont=0.375
NODE_1094_length_3098_cov_11.773585_3  -            704 182107at2            -            492   7.6e-34  117.2   1.1   3   3   3.9e-05     0.038   12.6   0.0   321   357   611   647   607   657 0.90 # 776 # 2887 # -1 # ID=1094_3;partial=00;start_type=ATG;rbs_motif=AGGA;rbs_spacer=5-10bp;gc_cont=0.375
NODE_76_length_29591_cov_91.055804_6   -            919 182107at2            -            492   2.7e-26   92.3   0.9   1   1   7.2e-29   6.9e-26   90.9   0.9     5   193   424   625   422   637 0.80 # 10125 # 12881 # 1 # ID=76_6;partial=00;start_type=ATG;rbs_motif=None;rbs_spacer=None;gc_cont=0.496
NODE_4148_length_298_cov_1.339367_1    -             98 182107at2            -            492   8.7e-25   87.3   0.1   1   1   9.8e-28   9.5e-25   87.1   0.1   124   204     1    87     1    96 0.86 # 3 # 296 # -1 # ID=4148_1;partial=11;start_type=Edge;rbs_motif=None;rbs_spacer=None;gc_cont=0.439
NODE_33_length_43996_cov_94.582982_11  -            528 182107at2            -            492   1.2e-23   83.5   0.0   1   2   8.8e-24   8.5e-21   74.1   0.0     2   152    12   188    11   200 0.78 # 8520 # 10103 # -1 # ID=33_11;partial=00;start_type=ATG;rbs_motif=None;rbs_spacer=None;gc_cont=0.465
NODE_33_length_43996_cov_94.582982_11  -            528 182107at2            -            492   1.2e-23   83.5   0.0   2   2     0.013        13    4.3   0.0   232   305   391   460   252   482 0.83 # 8520 # 10103 # -1 # ID=33_11;partial=00;start_type=ATG;rbs_motif=None;rbs_spacer=None;gc_cont=0.465
NODE_407_length_11154_cov_10.880563_5  -            866 182107at2            -            492   9.1e-21   74.0   1.3   1   3       2.8   2.7e+03   -3.4   0.3   462   481   260   279   254   282 0.85 # 3885 # 6482 # 1 # ID=407_5;partial=00;start_type=ATG;rbs_motif=AGGAG/GGAGG;rbs_spacer=11-12bp;gc_cont=0.339
NODE_407_length_11154_cov_10.880563_5  -            866 182107at2            -            492   9.1e-21   74.0   1.3   2   3   9.4e-24   9.1e-21   74.0   1.3     5   195   369   572   367   583 0.83 # 3885 # 6482 # 1 # ID=407_5;partial=00;start_type=ATG;rbs_motif=AGGAG/GGAGG;rbs_spacer=11-12bp;gc_cont=0.339
NODE_407_length_11154_cov_10.880563_5  -            866 182107at2            -            492   9.1e-21   74.0   1.3   3   3     0.035        34    2.9   0.9   143   213   752   820   729   848 0.86 # 3885 # 6482 # 1 # ID=407_5;partial=00;start_type=ATG;rbs_motif=AGGAG/GGAGG;rbs_spacer=11-12bp;gc_cont=0.339
NODE_178_length_20021_cov_72.209386_16 -            683 182107at2            -            492   1.2e-17   63.7   0.2   1   5   1.3e-11   1.2e-08   34.0   0.1     1   130     9   156     9   175 0.78 # 13374 # 15422 # 1 # ID=178_16;partial=00;start_type=ATG;rbs_motif=GGA/GAG/AGG;rbs_spacer=5-10bp;gc_cont=0.487
NODE_178_length_20021_cov_72.209386_16 -            683 182107at2            -            492   1.2e-17   63.7   0.2   2   5      0.11   1.1e+02    1.2   0.0   133   158   237   262   196   267 0.88 # 13374 # 15422 # 1 # ID=178_16;partial=00;start_type=ATG;rbs_motif=GGA/GAG/AGG;rbs_spacer=5-10bp;gc_cont=0.487
NODE_178_length_20021_cov_72.209386_16 -            683 182107at2            -            492   1.2e-17   63.7   0.2   3   5     0.041        40    2.6   0.0   157   196   286   325   281   331 0.90 # 13374 # 15422 # 1 # ID=178_16;partial=00;start_type=ATG;rbs_motif=GGA/GAG/AGG;rbs_spacer=5-10bp;gc_cont=0.487
NODE_178_length_20021_cov_72.209386_16 -            683 182107at2            -            492   1.2e-17   63.7   0.2   4   5   2.8e-05     0.027   13.1   0.0   249   314   405   467   390   476 0.83 # 13374 # 15422 # 1 # ID=178_16;partial=00;start_type=ATG;rbs_motif=GGA/GAG/AGG;rbs_spacer=5-10bp;gc_cont=0.487
NODE_178_length_20021_cov_72.209386_16 -            683 182107at2            -            492   1.2e-17   63.7   0.2   5   5     0.011        11    4.5   0.0   321   350   583   612   562   619 0.83 # 13374 # 15422 # 1 # ID=178_16;partial=00;start_type=ATG;rbs_motif=GGA/GAG/AGG;rbs_spacer=5-10bp;gc_cont=0.487
NODE_152_length_21680_cov_89.291163_10 -            397 182107at2            -            492   6.4e-14   51.4   0.4   1   1   1.5e-16   1.5e-13   50.3   0.4     3   198    14   249    13   279 0.71 # 10903 # 12093 # -1 # ID=152_10;partial=00;start_type=ATG;rbs_motif=GGA/GAG/AGG;rbs_spacer=5-10bp;gc_cont=0.482
NODE_124_length_24743_cov_6.685640_1   -            403 182107at2            -            492   7.7e-14   51.2   2.0   1   1   2.1e-15     2e-12   46.5   2.0     3   200    14   257    13   292 0.62 # 360 # 1568 # 1 # ID=124_1;partial=00;start_type=ATG;rbs_motif=AGGA;rbs_spacer=5-10bp;gc_cont=0.379
NODE_778_length_5314_cov_3.559481_5    -            484 182107at2            -            492   1.3e-11   43.8   1.0   1   2      0.28   2.7e+02   -0.1   0.0     3    23    26    46    24    63 0.77 # 3330 # 4781 # 1 # ID=778_5;partial=00;start_type=ATG;rbs_motif=AGGA/GGAG/GAGG;rbs_spacer=11-12bp;gc_cont=0.296
NODE_778_length_5314_cov_3.559481_5    -            484 182107at2            -            492   1.3e-11   43.8   1.0   2   2   6.4e-14   6.2e-11   41.6   0.4    14   125    65   185    55   192 0.79 # 3330 # 4781 # 1 # ID=778_5;partial=00;start_type=ATG;rbs_motif=AGGA/GGAG/GAGG;rbs_spacer=11-12bp;gc_cont=0.296
NODE_552_length_8313_cov_74.095799_6   -            463 182107at2            -            492   2.7e-07   29.6   0.0   1   2    0.0009      0.88    8.1   0.0    68   160    78   167     4   171 0.66 # 5517 # 6905 # 1 # ID=552_6;partial=00;start_type=ATG;rbs_motif=None;rbs_spacer=None;gc_cont=0.459
NODE_552_length_8313_cov_74.095799_6   -            463 182107at2            -            492   2.7e-07   29.6   0.0   2   2   3.3e-07   0.00032   19.5   0.0     5   154   178   343   175   362 0.73 # 5517 # 6905 # 1 # ID=552_6;partial=00;start_type=ATG;rbs_motif=None;rbs_spacer=None;gc_cont=0.459
NODE_5525_length_250_cov_1.121387_1    -             83 182107at2            -            492   3.5e-07   29.2   0.0   1   1   3.8e-10   3.7e-07   29.1   0.0    67   131     2    66     1    77 0.95 # 2 # 250 # 1 # ID=5525_1;partial=11;start_type=Edge;rbs_motif=None;rbs_spacer=None;gc_cont=0.470
NODE_741_length_5774_cov_3.438301_3    -            505 182107at2            -            492   1.6e-05   23.7   0.7   1   2     0.043        41    2.6   0.2    74   190    83   199     3   241 0.60 # 2582 # 4096 # -1 # ID=741_3;partial=00;start_type=ATG;rbs_motif=AGGA;rbs_spacer=5-10bp;gc_cont=0.303
NODE_741_length_5774_cov_3.438301_3    -            505 182107at2            -            492   1.6e-05   23.7   0.7   2   2     3e-07   0.00029   19.6   0.0    69   162   285   381   276   391 0.85 # 2582 # 4096 # -1 # ID=741_3;partial=00;start_type=ATG;rbs_motif=AGGA;rbs_spacer=5-10bp;gc_cont=0.303
NODE_1356_length_2105_cov_3.564103_2   -            414 182107at2            -            492   0.00023   19.9   0.0   1   2       3.9   3.8e+03   -3.9   0.0   103   156    18    70    11    76 0.68 # 863 # 2104 # -1 # ID=1356_2;partial=01;start_type=Edge;rbs_motif=None;rbs_spacer=None;gc_cont=0.297
NODE_1356_length_2105_cov_3.564103_2   -            414 182107at2            -            492   0.00023   19.9   0.0   2   2     5e-07   0.00048   18.9   0.0    69   161   193   288   184   300 0.85 # 863 # 2104 # -1 # ID=1356_2;partial=01;start_type=Edge;rbs_motif=None;rbs_spacer=None;gc_cont=0.297
NODE_293_length_14746_cov_147.813757_7 -            121 182107at2            -            492     0.041   12.5   0.1   1   1   4.4e-05     0.043   12.4   0.1   335   404    28    99     2   113 0.85 # 6092 # 6454 # -1 # ID=293_7;partial=00;start_type=ATG;rbs_motif=GGA/GAG/AGG;rbs_spacer=11-12bp;gc_cont=0.419
NODE_19_length_54395_cov_98.907231_29  -            123 182107at2            -            492      0.14   10.7   0.1   1   1   0.00017      0.17   10.5   0.1   175   233    20    79     9    83 0.79 # 33745 # 34113 # 1 # ID=19_29;partial=00;start_type=ATG;rbs_motif=None;rbs_spacer=None;gc_cont=0.442
NODE_5456_length_252_cov_0.845714_1    -             83 182107at2            -            492      0.16   10.6   0.0   1   1   0.00016      0.16   10.6   0.0   233   272    38    77     3    82 0.75 # 2 # 250 # -1 # ID=5456_1;partial=11;start_type=Edge;rbs_motif=None;rbs_spacer=None;gc_cont=0.446
NODE_1091_length_3100_cov_261.832617_3 -            504 182107at2            -            492      0.18   10.4   0.0   1   1   0.00027      0.26    9.8   0.0    75   157   309   392   241   409 0.81 # 1589 # 3100 # 1 # ID=1091_3;partial=01;start_type=ATG;rbs_motif=AGGA;rbs_spacer=5-10bp;gc_cont=0.409
#
# Program:         hmmsearch
# Version:         3.1b2 (February 2015)
# Pipeline mode:   SEARCH
# Query file:      /home/mira/Bacteria2022/Thiomargarita_magnifica/qc_assembly/busco_results/busco_downloads/lineages/bacteria_odb10/hmms/182107at2.hmm
# Target file:     /home/mira/Bacteria2022/Thiomargarita_magnifica/qc_assembly/busco_results/busco_results/prodigal_output/predicted_genes/predicted.faa
# Option settings: hmmsearch --domtblout /home/mira/Bacteria2022/Thiomargarita_magnifica/qc_assembly/busco_results/busco_results/auto_lineage/run_bacteria_odb10/hmmer_output/182107at2.out --cpu 1 /home/mira/Bacteria2022/Thiomargarita_magnifica/qc_assembly/busco_results/busco_downloads/lineages/bacteria_odb10/hmms/182107at2.hmm /home/mira/Bacteria2022/Thiomargarita_magnifica/qc_assembly/busco_results/busco_results/prodigal_output/predicted_genes/predicted.faa 
# Current dir:     /home/mira/Bacteria2022/Thiomargarita_magnifica/qc_assembly/busco_results
# Date:            Tue Jul 12 12:52:30 2022
# [ok]
