#                                                                                               --- full sequence --- -------------- this domain -------------   hmm coord   ali coord   env coord
# target name                           accession   tlen query name           accession   qlen   E-value  score  bias   #  of  c-Evalue  i-Evalue  score  bias  from    to  from    to  from    to  acc description of target
#                   ------------------- ---------- ----- -------------------- ---------- ----- --------- ------ ----- --- --- --------- --------- ------ ----- ----- ----- ----- ----- ----- ----- ---- ---------------------
NODE_804_length_5104_cov_87.676348_5    -            150 1827295at2           -             74   1.5e-20   73.1   1.0   1   1   2.4e-22   5.9e-20   71.2   1.0     8    74    17   108     9   108 0.83 # 4361 # 4810 # 1 # ID=804_5;partial=00;start_type=ATG;rbs_motif=None;rbs_spacer=None;gc_cont=0.467
NODE_628_length_7146_cov_5.348706_6     -            135 1827295at2           -             74   3.1e-13   49.6   0.2   1   1   4.8e-15   1.2e-12   47.8   0.2     8    73    18   101     4   102 0.80 # 5346 # 5750 # -1 # ID=628_6;partial=00;start_type=TTG;rbs_motif=GGAG/GAGG;rbs_spacer=5-10bp;gc_cont=0.291
NODE_264_length_15884_cov_174.984690_10 -            706 1827295at2           -             74   0.00026   21.0   0.0   1   2     0.003      0.74   10.0   0.0     9    33   212   236   201   242 0.82 # 7215 # 9332 # 1 # ID=264_10;partial=00;start_type=ATG;rbs_motif=GGA/GAG/AGG;rbs_spacer=5-10bp;gc_cont=0.474
NODE_264_length_15884_cov_174.984690_10 -            706 1827295at2           -             74   0.00026   21.0   0.0   2   2      0.01       2.5    8.3   0.0     9    32   485   508   474   515 0.82 # 7215 # 9332 # 1 # ID=264_10;partial=00;start_type=ATG;rbs_motif=GGA/GAG/AGG;rbs_spacer=5-10bp;gc_cont=0.474
NODE_157_length_21232_cov_45.818104_6   -            806 1827295at2           -             74    0.0016   18.5   0.1   1   2     0.028       6.9    6.9   0.0    12    32   253   273   238   279 0.83 # 5881 # 8298 # -1 # ID=157_6;partial=00;start_type=ATG;rbs_motif=None;rbs_spacer=None;gc_cont=0.446
NODE_157_length_21232_cov_45.818104_6   -            806 1827295at2           -             74    0.0016   18.5   0.1   2   2    0.0061       1.5    9.0   0.0    11    32   533   554   517   559 0.85 # 5881 # 8298 # -1 # ID=157_6;partial=00;start_type=ATG;rbs_motif=None;rbs_spacer=None;gc_cont=0.446
NODE_28_length_45555_cov_104.256827_15  -            716 1827295at2           -             74     0.002   18.2   0.2   1   2     0.059        15    5.8   0.0    12    32   180   200   170   205 0.89 # 10216 # 12363 # 1 # ID=28_15;partial=00;start_type=ATG;rbs_motif=AGGAG;rbs_spacer=5-10bp;gc_cont=0.534
NODE_28_length_45555_cov_104.256827_15  -            716 1827295at2           -             74     0.002   18.2   0.2   2   2    0.0037      0.92    9.7   0.0     9    32   453   477   440   481 0.79 # 10216 # 12363 # 1 # ID=28_15;partial=00;start_type=ATG;rbs_motif=AGGAG;rbs_spacer=5-10bp;gc_cont=0.534
NODE_14_length_56554_cov_106.661384_42  -            181 1827295at2           -             74    0.0028   17.8   0.0   1   1   2.3e-05    0.0056   16.8   0.0    11    33     7    29     2    36 0.90 # 34527 # 35069 # 1 # ID=14_42;partial=00;start_type=ATG;rbs_motif=GGA/GAG/AGG;rbs_spacer=5-10bp;gc_cont=0.446
NODE_292_length_14789_cov_89.768420_1   -           1069 1827295at2           -             74    0.0033   17.5   0.4   1   2     0.037       9.2    6.5   0.1     8    30   221   245   210   256 0.81 # 779 # 3985 # -1 # ID=292_1;partial=00;start_type=ATG;rbs_motif=None;rbs_spacer=None;gc_cont=0.467
NODE_292_length_14789_cov_89.768420_1   -           1069 1827295at2           -             74    0.0033   17.5   0.4   2   2     0.012       2.9    8.1   0.0     9    31   484   506   470   512 0.82 # 779 # 3985 # -1 # ID=292_1;partial=00;start_type=ATG;rbs_motif=None;rbs_spacer=None;gc_cont=0.467
NODE_334_length_13153_cov_4.726445_10   -            695 1827295at2           -             74    0.0043   17.2   0.1   1   2     0.093        23    5.2   0.0    12    31   163   182   151   189 0.83 # 11067 # 13151 # -1 # ID=334_10;partial=01;start_type=Edge;rbs_motif=None;rbs_spacer=None;gc_cont=0.306
NODE_334_length_13153_cov_4.726445_10   -            695 1827295at2           -             74    0.0043   17.2   0.1   2   2    0.0061       1.5    9.0   0.0    10    33   442   465   427   475 0.87 # 11067 # 13151 # -1 # ID=334_10;partial=01;start_type=Edge;rbs_motif=None;rbs_spacer=None;gc_cont=0.306
NODE_150_length_21873_cov_144.163241_3  -            535 1827295at2           -             74     0.005   16.9   0.0   1   2     0.012       2.9    8.1   0.0     9    28    30    49    19    57 0.84 # 1640 # 3244 # 1 # ID=150_3;partial=00;start_type=ATG;rbs_motif=GGA/GAG/AGG;rbs_spacer=5-10bp;gc_cont=0.512
NODE_150_length_21873_cov_144.163241_3  -            535 1827295at2           -             74     0.005   16.9   0.0   2   2     0.049        12    6.1   0.0     9    29   308   328   292   331 0.85 # 1640 # 3244 # 1 # ID=150_3;partial=00;start_type=ATG;rbs_motif=GGA/GAG/AGG;rbs_spacer=5-10bp;gc_cont=0.512
NODE_617_length_7222_cov_57.200560_1    -             84 1827295at2           -             74    0.0062   16.6   0.0   1   1   3.1e-05    0.0076   16.3   0.0     9    40    48    79    35    83 0.80 # 2 # 253 # -1 # ID=617_1;partial=10;start_type=ATG;rbs_motif=AGGAG;rbs_spacer=5-10bp;gc_cont=0.460
NODE_364_length_12034_cov_115.550640_13 -            126 1827295at2           -             74    0.0069   16.5   0.0   1   1   4.3e-05     0.011   15.9   0.0     8    37    21    53    10    70 0.86 # 10331 # 10708 # -1 # ID=364_13;partial=00;start_type=ATG;rbs_motif=GGAG/GAGG;rbs_spacer=5-10bp;gc_cont=0.336
NODE_365_length_11966_cov_71.828076_1   -            103 1827295at2           -             74    0.0075   16.4   0.1   1   1   4.2e-05     0.011   15.9   0.1     6    33    28    55    15    59 0.86 # 771 # 1079 # 1 # ID=365_1;partial=00;start_type=ATG;rbs_motif=None;rbs_spacer=None;gc_cont=0.430
NODE_1472_length_1794_cov_115.980198_1  -            119 1827295at2           -             74    0.0093   16.1   0.0   1   2   0.00015     0.037   14.2   0.0    13    31     6    24     2    33 0.86 # 130 # 486 # -1 # ID=1472_1;partial=00;start_type=ATG;rbs_motif=None;rbs_spacer=None;gc_cont=0.417
NODE_1472_length_1794_cov_115.980198_1  -            119 1827295at2           -             74    0.0093   16.1   0.0   2   2       7.3   1.8e+03   -0.9   0.0    36    50    67    82    49    91 0.62 # 130 # 486 # -1 # ID=1472_1;partial=00;start_type=ATG;rbs_motif=None;rbs_spacer=None;gc_cont=0.417
NODE_1264_length_2399_cov_105.365633_2  -            139 1827295at2           -             74     0.011   15.9   0.2   1   1   0.00012      0.03   14.5   0.1     3    33    16    46    11    50 0.86 # 1482 # 1898 # 1 # ID=1264_2;partial=00;start_type=ATG;rbs_motif=None;rbs_spacer=None;gc_cont=0.400
NODE_79_length_29016_cov_89.760358_2    -             40 1827295at2           -             74     0.012   15.7   0.0   1   1   5.2e-05     0.013   15.6   0.0     9    31     4    26     1    30 0.87 # 413 # 532 # 1 # ID=79_2;partial=00;start_type=GTG;rbs_motif=AGGAG;rbs_spacer=5-10bp;gc_cont=0.425
NODE_201_length_18903_cov_86.812122_2   -             83 1827295at2           -             74     0.012   15.7   0.0   1   1   7.6e-05     0.019   15.1   0.0     9    33     4    28     1    31 0.90 # 625 # 873 # -1 # ID=201_2;partial=00;start_type=ATG;rbs_motif=AGGAG;rbs_spacer=5-10bp;gc_cont=0.438
NODE_487_length_9473_cov_6.824819_6     -            382 1827295at2           -             74     0.014   15.5   0.1   1   2       3.3   8.3e+02    0.2   0.0    26    60    94   127    91   136 0.77 # 2304 # 3449 # -1 # ID=487_6;partial=00;start_type=ATG;rbs_motif=GGA/GAG/AGG;rbs_spacer=5-10bp;gc_cont=0.288
NODE_487_length_9473_cov_6.824819_6     -            382 1827295at2           -             74     0.014   15.5   0.1   2   2   0.00053      0.13   12.4   0.0     8    32   180   204   170   208 0.83 # 2304 # 3449 # -1 # ID=487_6;partial=00;start_type=ATG;rbs_motif=GGA/GAG/AGG;rbs_spacer=5-10bp;gc_cont=0.288
NODE_201_length_18903_cov_86.812122_15  -            103 1827295at2           -             74     0.015   15.4   0.0   1   1   8.5e-05     0.021   14.9   0.0     6    33    28    55    14    59 0.86 # 17439 # 17747 # 1 # ID=201_15;partial=00;start_type=ATG;rbs_motif=AGGAG/GGAGG;rbs_spacer=11-12bp;gc_cont=0.408
NODE_27_length_45651_cov_80.647847_42   -            417 1827295at2           -             74     0.017   15.3   0.0   1   1   0.00014     0.036   14.2   0.0     8    33    16    42     6    47 0.84 # 39102 # 40352 # 1 # ID=27_42;partial=00;start_type=ATG;rbs_motif=None;rbs_spacer=None;gc_cont=0.416
NODE_455_length_10035_cov_57.217313_1   -            856 1827295at2           -             74     0.018   15.2   0.1   1   2     0.053        13    6.0   0.0    12    32   203   223   190   229 0.82 # 382 # 2949 # -1 # ID=455_1;partial=00;start_type=ATG;rbs_motif=GGAG/GAGG;rbs_spacer=5-10bp;gc_cont=0.466
NODE_455_length_10035_cov_57.217313_1   -            856 1827295at2           -             74     0.018   15.2   0.1   2   2     0.056        14    5.9   0.0    11    29   601   619   583   624 0.85 # 382 # 2949 # -1 # ID=455_1;partial=00;start_type=ATG;rbs_motif=GGAG/GAGG;rbs_spacer=5-10bp;gc_cont=0.466
NODE_5667_length_246_cov_1.751479_1     -             81 1827295at2           -             74     0.019   15.1   0.1   1   1   0.00019     0.048   13.8   0.0    11    33     4    26     2    33 0.87 # 3 # 245 # -1 # ID=5667_1;partial=11;start_type=Edge;rbs_motif=None;rbs_spacer=None;gc_cont=0.399
NODE_227_length_17115_cov_104.203075_20 -            456 1827295at2           -             74      0.02   15.0   0.0   1   1   0.00019     0.048   13.8   0.0     9    38    39    68    24    70 0.83 # 13767 # 15134 # -1 # ID=227_20;partial=00;start_type=ATG;rbs_motif=GGA/GAG/AGG;rbs_spacer=5-10bp;gc_cont=0.413
NODE_3372_length_387_cov_73.629032_2    -             36 1827295at2           -             74     0.021   14.9   0.0   1   1   8.4e-05     0.021   14.9   0.0     9    30    12    33     2    36 0.82 # 278 # 385 # 1 # ID=3372_2;partial=01;start_type=ATG;rbs_motif=4Base/6BMM;rbs_spacer=13-15bp;gc_cont=0.444
NODE_99_length_26759_cov_88.503073_7    -            261 1827295at2           -             74     0.021   14.9   0.0   1   1   0.00017     0.043   14.0   0.0     8    29    30    53    16    55 0.84 # 5530 # 6312 # 1 # ID=99_7;partial=00;start_type=ATG;rbs_motif=GGA/GAG/AGG;rbs_spacer=5-10bp;gc_cont=0.460
NODE_653_length_6853_cov_82.377361_1    -             66 1827295at2           -             74     0.022   14.9   0.0   1   1    0.0001     0.025   14.7   0.0     9    33    31    55    12    59 0.83 # 3 # 200 # -1 # ID=653_1;partial=10;start_type=ATG;rbs_motif=None;rbs_spacer=None;gc_cont=0.389
NODE_672_length_6621_cov_56.263600_5    -            405 1827295at2           -             74     0.023   14.8   0.0   1   1   0.00019     0.046   13.8   0.0     9    31    10    32     2    39 0.82 # 5127 # 6341 # -1 # ID=672_5;partial=00;start_type=ATG;rbs_motif=AGGA/GGAG/GAGG;rbs_spacer=11-12bp;gc_cont=0.475
NODE_7605_length_154_cov_77.389610_2    -             37 1827295at2           -             74     0.031   14.4   0.0   1   1   0.00013     0.033   14.3   0.0    11    33     8    30     2    34 0.87 # 44 # 154 # -1 # ID=7605_2;partial=01;start_type=Edge;rbs_motif=None;rbs_spacer=None;gc_cont=0.477
NODE_211_length_17836_cov_54.750042_12  -            625 1827295at2           -             74     0.032   14.4   0.0   1   2      0.13        33    4.7   0.0     9    32    28    51    15    55 0.81 # 14601 # 16475 # 1 # ID=211_12;partial=00;start_type=ATG;rbs_motif=None;rbs_spacer=None;gc_cont=0.469
NODE_211_length_17836_cov_54.750042_12  -            625 1827295at2           -             74     0.032   14.4   0.0   2   2     0.036       8.9    6.5   0.0     9    31   344   366   332   371 0.82 # 14601 # 16475 # 1 # ID=211_12;partial=00;start_type=ATG;rbs_motif=None;rbs_spacer=None;gc_cont=0.469
NODE_953_length_3995_cov_3.667432_4     -            412 1827295at2           -             74     0.032   14.4   0.0   1   1   0.00033     0.082   13.0   0.0     8    37   119   152   108   158 0.83 # 2759 # 3994 # -1 # ID=953_4;partial=01;start_type=Edge;rbs_motif=None;rbs_spacer=None;gc_cont=0.321
NODE_443_length_10235_cov_100.481591_7  -            753 1827295at2           -             74     0.033   14.3   0.3   1   2      0.25        62    3.8   0.1     8    30   219   242   207   249 0.78 # 4156 # 6414 # 1 # ID=443_7;partial=00;start_type=ATG;rbs_motif=AGGA;rbs_spacer=5-10bp;gc_cont=0.461
NODE_443_length_10235_cov_100.481591_7  -            753 1827295at2           -             74     0.033   14.3   0.3   2   2     0.015       3.8    7.7   0.0     9    31   496   518   482   523 0.84 # 4156 # 6414 # 1 # ID=443_7;partial=00;start_type=ATG;rbs_motif=AGGA;rbs_spacer=5-10bp;gc_cont=0.461
NODE_166_length_20693_cov_96.640037_7   -             79 1827295at2           -             74     0.039   14.1   0.0   1   1    0.0002     0.051   13.7   0.0     6    33    27    55    15    59 0.83 # 6487 # 6723 # -1 # ID=166_7;partial=00;start_type=ATG;rbs_motif=AGGA;rbs_spacer=5-10bp;gc_cont=0.426
NODE_715_length_6180_cov_4.723087_7     -             93 1827295at2           -             74      0.04   14.0   0.0   1   1   0.00022     0.056   13.6   0.0    11    34    41    64    26    72 0.86 # 5900 # 6178 # 1 # ID=715_7;partial=01;start_type=ATG;rbs_motif=None;rbs_spacer=None;gc_cont=0.276
NODE_245_length_16319_cov_118.058737_4  -            486 1827295at2           -             74     0.041   14.0   0.0   1   1   0.00034     0.084   13.0   0.0     9    42    46    78    36    85 0.79 # 4338 # 5795 # -1 # ID=245_4;partial=00;start_type=ATG;rbs_motif=AGGA;rbs_spacer=5-10bp;gc_cont=0.420
NODE_672_length_6621_cov_56.263600_1    -            370 1827295at2           -             74     0.041   14.0   0.0   1   1   0.00046      0.11   12.6   0.0     9    31    11    33     2    50 0.85 # 750 # 1859 # 1 # ID=672_1;partial=00;start_type=ATG;rbs_motif=AGGAG;rbs_spacer=5-10bp;gc_cont=0.541
NODE_381_length_11622_cov_84.391338_6   -            134 1827295at2           -             74     0.043   13.9   0.0   1   1   0.00033     0.083   13.0   0.0    11    34    34    57    17    61 0.85 # 4000 # 4401 # 1 # ID=381_6;partial=00;start_type=ATG;rbs_motif=None;rbs_spacer=None;gc_cont=0.463
NODE_991_length_3770_cov_4.308963_1     -            258 1827295at2           -             74     0.045   13.9   0.0   1   1   0.00035     0.088   12.9   0.0     9    33    72    96    61    99 0.85 # 3 # 776 # 1 # ID=991_1;partial=10;start_type=Edge;rbs_motif=None;rbs_spacer=None;gc_cont=0.298
NODE_1788_length_1212_cov_57.155947_1   -             51 1827295at2           -             74     0.045   13.9   0.0   1   1   0.00021     0.052   13.7   0.0    12    31     8    27     2    37 0.86 # 288 # 440 # -1 # ID=1788_1;partial=00;start_type=ATG;rbs_motif=AGGA;rbs_spacer=5-10bp;gc_cont=0.431
NODE_828_length_4882_cov_10.640791_3    -            414 1827295at2           -             74     0.045   13.9   0.0   1   1   0.00037     0.092   12.9   0.0     8    33   118   143   107   146 0.84 # 2020 # 3261 # -1 # ID=828_3;partial=00;start_type=ATG;rbs_motif=AGGA;rbs_spacer=5-10bp;gc_cont=0.319
NODE_1294_length_2313_cov_161.835420_1  -             66 1827295at2           -             74      0.05   13.7   0.0   1   1   0.00022     0.055   13.6   0.0     9    32    30    53    12    58 0.81 # 373 # 570 # 1 # ID=1294_1;partial=00;start_type=ATG;rbs_motif=AGGA;rbs_spacer=5-10bp;gc_cont=0.369
NODE_743_length_5734_cov_98.926640_4    -             60 1827295at2           -             74     0.052   13.7   0.0   1   1   0.00022     0.055   13.6   0.0     8    38    21    53     8    59 0.82 # 5553 # 5732 # 1 # ID=743_4;partial=01;start_type=ATG;rbs_motif=GGA/GAG/AGG;rbs_spacer=5-10bp;gc_cont=0.367
NODE_51_length_36332_cov_77.148945_14   -            176 1827295at2           -             74     0.053   13.6   0.0   1   1    0.0005      0.12   12.5   0.0    11    29     6    24     3    32 0.86 # 16714 # 17241 # 1 # ID=51_14;partial=00;start_type=GTG;rbs_motif=AGGA/GGAG/GAGG;rbs_spacer=11-12bp;gc_cont=0.428
NODE_707_length_6233_cov_5.088044_2     -            399 1827295at2           -             74     0.054   13.6   0.0   1   1   0.00047      0.12   12.5   0.0     9    38    38    65    25    71 0.83 # 823 # 2019 # 1 # ID=707_2;partial=00;start_type=ATG;rbs_motif=AGGA;rbs_spacer=5-10bp;gc_cont=0.270
NODE_697_length_6346_cov_77.988196_4    -            413 1827295at2           -             74     0.054   13.6   0.1   1   2    0.0038      0.94    9.6   0.0     9    33    80   104    67   111 0.84 # 3584 # 4822 # -1 # ID=697_4;partial=00;start_type=ATG;rbs_motif=GGA/GAG/AGG;rbs_spacer=5-10bp;gc_cont=0.368
NODE_697_length_6346_cov_77.988196_4    -            413 1827295at2           -             74     0.054   13.6   0.1   2   2       1.6     4e+02    1.2   0.0    28    45   161   178   156   180 0.71 # 3584 # 4822 # -1 # ID=697_4;partial=00;start_type=ATG;rbs_motif=GGA/GAG/AGG;rbs_spacer=5-10bp;gc_cont=0.368
NODE_91_length_27535_cov_38.742734_18   -            267 1827295at2           -             74     0.055   13.6   0.0   1   1   0.00045      0.11   12.6   0.0     8    33    32    57    21    62 0.83 # 21533 # 22333 # 1 # ID=91_18;partial=00;start_type=ATG;rbs_motif=GGA/GAG/AGG;rbs_spacer=5-10bp;gc_cont=0.454
NODE_1981_length_963_cov_147.924379_1   -            320 1827295at2           -             74     0.055   13.6   0.0   1   1   0.00048      0.12   12.5   0.0     9    36   126   153   112   165 0.84 # 2 # 961 # 1 # ID=1981_1;partial=11;start_type=Edge;rbs_motif=None;rbs_spacer=None;gc_cont=0.392
NODE_587_length_7719_cov_6.110835_1     -             38 1827295at2           -             74     0.058   13.5   0.0   1   1   0.00024      0.06   13.5   0.0    12    30     6    24     2    32 0.85 # 2 # 115 # -1 # ID=587_1;partial=10;start_type=ATG;rbs_motif=GGA/GAG/AGG;rbs_spacer=5-10bp;gc_cont=0.333
NODE_163_length_20780_cov_81.736560_15  -            237 1827295at2           -             74     0.059   13.5   0.1   1   1    0.0005      0.12   12.5   0.1     8    29    28    53    17    62 0.78 # 9744 # 10454 # -1 # ID=163_15;partial=00;start_type=ATG;rbs_motif=None;rbs_spacer=None;gc_cont=0.471
NODE_7152_length_167_cov_176.644444_1   -             55 1827295at2           -             74     0.063   13.4   0.0   1   1   0.00027     0.068   13.3   0.0     9    49    12    48     2    51 0.78 # 1 # 165 # 1 # ID=7152_1;partial=11;start_type=Edge;rbs_motif=None;rbs_spacer=None;gc_cont=0.412
NODE_214_length_17763_cov_89.801877_17  -            353 1827295at2           -             74     0.064   13.4   0.0   1   1   0.00064      0.16   12.1   0.0     9    55    39    86    23    97 0.87 # 15560 # 16618 # 1 # ID=214_17;partial=00;start_type=ATG;rbs_motif=GGA/GAG/AGG;rbs_spacer=5-10bp;gc_cont=0.394
NODE_269_length_15480_cov_175.815685_8  -            413 1827295at2           -             74     0.067   13.3   0.0   1   1   0.00065      0.16   12.1   0.0     9    40   299   330   284   339 0.79 # 5426 # 6664 # 1 # ID=269_8;partial=00;start_type=ATG;rbs_motif=None;rbs_spacer=None;gc_cont=0.415
NODE_610_length_7311_cov_31.686342_4    -            447 1827295at2           -             74     0.068   13.3   0.0   1   1   0.00066      0.16   12.1   0.0    10    31     9    30     2    37 0.84 # 3031 # 4371 # -1 # ID=610_4;partial=00;start_type=ATG;rbs_motif=AGGAG;rbs_spacer=5-10bp;gc_cont=0.605
NODE_727_length_5983_cov_88.467999_1    -             60 1827295at2           -             74     0.069   13.3   0.0   1   1   0.00029     0.071   13.2   0.0     9    38    25    53     8    59 0.85 # 3 # 182 # -1 # ID=727_1;partial=10;start_type=ATG;rbs_motif=GGA/GAG/AGG;rbs_spacer=5-10bp;gc_cont=0.367
NODE_6346_length_229_cov_1.940789_1     -             75 1827295at2           -             74      0.07   13.3   0.0   1   1   0.00032     0.079   13.1   0.0     8    33    19    48     6    61 0.82 # 3 # 227 # 1 # ID=6346_1;partial=11;start_type=Edge;rbs_motif=None;rbs_spacer=None;gc_cont=0.298
NODE_134_length_23541_cov_110.436072_10 -            205 1827295at2           -             74      0.07   13.3   0.1   1   1   0.00056      0.14   12.3   0.1    12    35     8    30     2    38 0.82 # 14724 # 15338 # -1 # ID=134_10;partial=00;start_type=GTG;rbs_motif=AGGAG;rbs_spacer=5-10bp;gc_cont=0.429
NODE_610_length_7311_cov_31.686342_7    -            251 1827295at2           -             74     0.073   13.2   0.0   1   1     0.001      0.25   11.5   0.0     9    33    36    60    23    65 0.84 # 6229 # 6981 # -1 # ID=610_7;partial=00;start_type=ATG;rbs_motif=GGAG/GAGG;rbs_spacer=5-10bp;gc_cont=0.526
NODE_1023_length_3509_cov_7.217949_3    -            691 1827295at2           -             74     0.073   13.2   0.0   1   1    0.0012      0.31   11.2   0.0     7    33   355   383   346   387 0.83 # 1435 # 3507 # 1 # ID=1023_3;partial=01;start_type=ATG;rbs_motif=GGAG/GAGG;rbs_spacer=5-10bp;gc_cont=0.315
NODE_196_length_19069_cov_73.567291_2   -            388 1827295at2           -             74     0.076   13.2   0.0   1   1   0.00061      0.15   12.2   0.0     9    35    24    49     9    52 0.81 # 1360 # 2523 # -1 # ID=196_2;partial=00;start_type=ATG;rbs_motif=None;rbs_spacer=None;gc_cont=0.418
NODE_333_length_13224_cov_47.137522_9   -            421 1827295at2           -             74     0.084   13.0   0.0   1   1   0.00081       0.2   11.8   0.0     7    34    19    49    13    52 0.82 # 5858 # 7120 # -1 # ID=333_9;partial=00;start_type=ATG;rbs_motif=GGA/GAG/AGG;rbs_spacer=5-10bp;gc_cont=0.450
NODE_2458_length_610_cov_1.056285_1     -             69 1827295at2           -             74     0.088   13.0   0.0   1   1   0.00041       0.1   12.7   0.0     9    33    40    64    22    67 0.79 # 1 # 207 # -1 # ID=2458_1;partial=10;start_type=ATG;rbs_motif=GGAG/GAGG;rbs_spacer=5-10bp;gc_cont=0.338
NODE_276_length_15202_cov_103.230149_4  -            271 1827295at2           -             74     0.092   12.9   0.0   1   1   0.00075      0.19   11.9   0.0     9    33    37    61    26    65 0.84 # 2057 # 2869 # 1 # ID=276_4;partial=00;start_type=ATG;rbs_motif=GGA/GAG/AGG;rbs_spacer=5-10bp;gc_cont=0.434
NODE_308_length_14164_cov_152.758714_1  -            475 1827295at2           -             74     0.092   12.9   0.0   1   1    0.0014      0.36   11.0   0.0     8    31   425   454   414   458 0.80 # 2 # 1426 # -1 # ID=308_1;partial=10;start_type=ATG;rbs_motif=GGA/GAG/AGG;rbs_spacer=5-10bp;gc_cont=0.405
NODE_449_length_10151_cov_60.641155_3   -            166 1827295at2           -             74     0.098   12.8   0.0   1   1   0.00067      0.17   12.1   0.0     9    35    24    49     9    52 0.82 # 1273 # 1770 # -1 # ID=449_3;partial=00;start_type=ATG;rbs_motif=AGGA;rbs_spacer=5-10bp;gc_cont=0.438
NODE_1046_length_3353_cov_4.543040_4    -            859 1827295at2           -             74       0.1   12.8   0.0   1   2     0.064        16    5.7   0.0    12    33   205   227   192   233 0.82 # 753 # 3329 # -1 # ID=1046_4;partial=00;start_type=ATG;rbs_motif=GGAG/GAGG;rbs_spacer=5-10bp;gc_cont=0.321
NODE_1046_length_3353_cov_4.543040_4    -            859 1827295at2           -             74       0.1   12.8   0.0   2   2      0.19        47    4.2   0.0    11    32   605   626   590   629 0.86 # 753 # 3329 # -1 # ID=1046_4;partial=00;start_type=ATG;rbs_motif=GGAG/GAGG;rbs_spacer=5-10bp;gc_cont=0.321
NODE_166_length_20693_cov_96.640037_3   -            135 1827295at2           -             74       0.1   12.7   0.0   1   1   0.00074      0.18   11.9   0.0     7    32    28    54    17    57 0.83 # 885 # 1289 # -1 # ID=166_3;partial=00;start_type=ATG;rbs_motif=AGGA;rbs_spacer=5-10bp;gc_cont=0.375
NODE_461_length_9977_cov_71.029899_1    -            199 1827295at2           -             74      0.12   12.5   0.0   1   1   0.00087      0.22   11.7   0.0     9    33    31    55    18    69 0.85 # 3 # 599 # -1 # ID=461_1;partial=10;start_type=ATG;rbs_motif=None;rbs_spacer=None;gc_cont=0.414
NODE_427_length_10606_cov_68.887739_5   -            321 1827295at2           -             74      0.12   12.5   0.0   1   1     0.001      0.25   11.5   0.0     9    29    41    61    30    69 0.78 # 2451 # 3413 # -1 # ID=427_5;partial=00;start_type=ATG;rbs_motif=AGGA;rbs_spacer=5-10bp;gc_cont=0.385
NODE_1166_length_2762_cov_7.397765_1    -            848 1827295at2           -             74      0.13   12.4   0.0   1   2       6.8   1.7e+03   -0.8   0.0     9    33    49    73    40    86 0.77 # 142 # 2685 # -1 # ID=1166_1;partial=00;start_type=ATG;rbs_motif=GGA/GAG/AGG;rbs_spacer=5-10bp;gc_cont=0.311
NODE_1166_length_2762_cov_7.397765_1    -            848 1827295at2           -             74      0.13   12.4   0.0   2   2    0.0034      0.85    9.8   0.0    10    33   454   477   441   484 0.84 # 142 # 2685 # -1 # ID=1166_1;partial=00;start_type=ATG;rbs_motif=GGA/GAG/AGG;rbs_spacer=5-10bp;gc_cont=0.311
NODE_1030_length_3476_cov_131.780229_5  -             86 1827295at2           -             74      0.13   12.4   0.0   1   1   0.00068      0.17   12.0   0.0    32    63    28    58     6    61 0.86 # 3085 # 3342 # -1 # ID=1030_5;partial=00;start_type=ATG;rbs_motif=GGAG/GAGG;rbs_spacer=5-10bp;gc_cont=0.407
NODE_918_length_4301_cov_4.625710_4     -            273 1827295at2           -             74      0.13   12.4   0.0   1   2    0.0035      0.87    9.8   0.0     8    31    98   123    87   138 0.78 # 2238 # 3056 # -1 # ID=918_4;partial=00;start_type=ATG;rbs_motif=AGGAG;rbs_spacer=5-10bp;gc_cont=0.276
NODE_918_length_4301_cov_4.625710_4     -            273 1827295at2           -             74      0.13   12.4   0.0   2   2       8.3   2.1e+03   -1.1   0.0    51    60   237   246   234   270 0.81 # 2238 # 3056 # -1 # ID=918_4;partial=00;start_type=ATG;rbs_motif=AGGAG;rbs_spacer=5-10bp;gc_cont=0.276
NODE_349_length_12677_cov_63.400397_3   -            118 1827295at2           -             74      0.13   12.4   0.0   1   1   0.00081       0.2   11.8   0.0    11    33     2    24     1    54 0.91 # 1235 # 1588 # -1 # ID=349_3;partial=00;start_type=ATG;rbs_motif=None;rbs_spacer=None;gc_cont=0.347
NODE_603_length_7411_cov_57.877011_1    -            558 1827295at2           -             74      0.14   12.3   0.0   1   1    0.0015      0.38   10.9   0.0     8    33   311   338   301   345 0.82 # 944 # 2617 # -1 # ID=603_1;partial=00;start_type=ATG;rbs_motif=GGA/GAG/AGG;rbs_spacer=5-10bp;gc_cont=0.446
NODE_336_length_13122_cov_123.830126_1  -            115 1827295at2           -             74      0.14   12.3   0.1   1   1   0.00096      0.24   11.6   0.1     9    33    14    38     2    43 0.80 # 3 # 347 # -1 # ID=336_1;partial=10;start_type=ATG;rbs_motif=None;rbs_spacer=None;gc_cont=0.403
NODE_391_length_11479_cov_128.263024_7  -            355 1827295at2           -             74      0.15   12.2   0.0   1   1    0.0013      0.32   11.1   0.0     4    34    26    56    21    66 0.81 # 8826 # 9890 # 1 # ID=391_7;partial=00;start_type=ATG;rbs_motif=None;rbs_spacer=None;gc_cont=0.440
NODE_577_length_7860_cov_309.857381_5   -            632 1827295at2           -             74      0.16   12.1   0.5   1   2      0.12        29    4.9   0.1     9    32    14    37     5    51 0.77 # 1645 # 3540 # -1 # ID=577_5;partial=00;start_type=ATG;rbs_motif=AGGA;rbs_spacer=5-10bp;gc_cont=0.444
NODE_577_length_7860_cov_309.857381_5   -            632 1827295at2           -             74      0.16   12.1   0.5   2   2      0.13        33    4.7   0.0     9    28   333   352   320   359 0.80 # 1645 # 3540 # -1 # ID=577_5;partial=00;start_type=ATG;rbs_motif=AGGA;rbs_spacer=5-10bp;gc_cont=0.444
NODE_2888_length_471_cov_64.758883_2    -             79 1827295at2           -             74      0.17   12.1   0.0   1   1   0.00087      0.22   11.7   0.0     5    26    17    39    10    50 0.81 # 233 # 469 # -1 # ID=2888_2;partial=01;start_type=Edge;rbs_motif=None;rbs_spacer=None;gc_cont=0.460
NODE_243_length_16487_cov_106.652834_2  -            374 1827295at2           -             74      0.17   12.1   0.0   1   1    0.0014      0.34   11.1   0.0     5    28    51    75    45    84 0.79 # 3072 # 4193 # 1 # ID=243_2;partial=00;start_type=ATG;rbs_motif=GGA/GAG/AGG;rbs_spacer=5-10bp;gc_cont=0.406
NODE_3295_length_396_cov_134.354232_1   -            132 1827295at2           -             74      0.19   11.9   0.0   1   1    0.0019      0.47   10.6   0.0    12    33     9    30     3    33 0.90 # 1 # 396 # -1 # ID=3295_1;partial=11;start_type=Edge;rbs_motif=None;rbs_spacer=None;gc_cont=0.480
NODE_1335_length_2179_cov_5.961941_1    -            142 1827295at2           -             74       0.2   11.8   0.0   1   1    0.0015      0.38   10.9   0.0     9    33    23    47    11    53 0.83 # 3 # 428 # -1 # ID=1335_1;partial=10;start_type=TTG;rbs_motif=None;rbs_spacer=None;gc_cont=0.263
NODE_393_length_11423_cov_96.522122_3   -            329 1827295at2           -             74       0.2   11.8   0.0   1   1    0.0028       0.7   10.1   0.0     9    33   128   152   107   159 0.86 # 3416 # 4402 # -1 # ID=393_3;partial=00;start_type=ATG;rbs_motif=None;rbs_spacer=None;gc_cont=0.462
NODE_23_length_50295_cov_87.702099_25   -            524 1827295at2           -             74       0.2   11.8   0.0   1   1     0.002      0.51   10.5   0.0     8    33    35    63    26    66 0.80 # 21301 # 22872 # -1 # ID=23_25;partial=00;start_type=ATG;rbs_motif=None;rbs_spacer=None;gc_cont=0.454
NODE_274_length_15220_cov_6.768408_2    -            441 1827295at2           -             74       0.2   11.8   0.0   1   1    0.0018      0.45   10.7   0.0     8    33    44    72    31    84 0.83 # 1398 # 2720 # -1 # ID=274_2;partial=00;start_type=ATG;rbs_motif=4Base/6BMM;rbs_spacer=13-15bp;gc_cont=0.303
NODE_15_length_55775_cov_125.873676_29  -            435 1827295at2           -             74      0.21   11.8   0.0   1   1    0.0022      0.54   10.4   0.0     3    30    18    45    12    52 0.83 # 34345 # 35649 # -1 # ID=15_29;partial=00;start_type=ATG;rbs_motif=GGAG/GAGG;rbs_spacer=5-10bp;gc_cont=0.388
NODE_501_length_9189_cov_84.749451_3    -            357 1827295at2           -             74      0.21   11.7   0.9   1   1    0.0023      0.57   10.3   0.0    11    33    16    38     6    50 0.83 # 1158 # 2228 # -1 # ID=501_3;partial=00;start_type=ATG;rbs_motif=AGGA;rbs_spacer=5-10bp;gc_cont=0.434
NODE_18_length_54583_cov_105.176054_1   -            355 1827295at2           -             74      0.22   11.7   0.0   1   3     0.017       4.1    7.6   0.1     9    29    25    45    14    51 0.82 # 163 # 1227 # -1 # ID=18_1;partial=00;start_type=ATG;rbs_motif=None;rbs_spacer=None;gc_cont=0.532
NODE_18_length_54583_cov_105.176054_1   -            355 1827295at2           -             74      0.22   11.7   0.0   2   3       9.4   2.3e+03   -1.2   0.0    28    45   141   155   137   157 0.77 # 163 # 1227 # -1 # ID=18_1;partial=00;start_type=ATG;rbs_motif=None;rbs_spacer=None;gc_cont=0.532
NODE_18_length_54583_cov_105.176054_1   -            355 1827295at2           -             74      0.22   11.7   0.0   3   3       5.9   1.5e+03   -0.6   0.0     9    31   258   280   244   291 0.77 # 163 # 1227 # -1 # ID=18_1;partial=00;start_type=ATG;rbs_motif=None;rbs_spacer=None;gc_cont=0.532
NODE_544_length_8442_cov_6.833114_3     -            286 1827295at2           -             74      0.22   11.7   0.2   1   2     0.005       1.2    9.3   0.1     8    29    28    50    19    58 0.82 # 1540 # 2397 # 1 # ID=544_3;partial=00;start_type=ATG;rbs_motif=None;rbs_spacer=None;gc_cont=0.326
NODE_544_length_8442_cov_6.833114_3     -            286 1827295at2           -             74      0.22   11.7   0.2   2   2         6   1.5e+03   -0.6   0.0    42    59   182   199   165   207 0.79 # 1540 # 2397 # 1 # ID=544_3;partial=00;start_type=ATG;rbs_motif=None;rbs_spacer=None;gc_cont=0.326
NODE_7_length_68999_cov_106.732045_57   -            343 1827295at2           -             74      0.25   11.5   0.0   1   1    0.0021      0.51   10.5   0.0     8    35    54    83    40    87 0.82 # 64364 # 65392 # -1 # ID=7_57;partial=00;start_type=GTG;rbs_motif=None;rbs_spacer=None;gc_cont=0.473
#
# Program:         hmmsearch
# Version:         3.1b2 (February 2015)
# Pipeline mode:   SEARCH
# Query file:      /home/mira/Bacteria2022/Thiomargarita_magnifica/qc_assembly/busco_results/busco_downloads/lineages/bacteria_odb10/hmms/1827295at2.hmm
# Target file:     /home/mira/Bacteria2022/Thiomargarita_magnifica/qc_assembly/busco_results/busco_results/prodigal_output/predicted_genes/predicted.faa
# Option settings: hmmsearch --domtblout /home/mira/Bacteria2022/Thiomargarita_magnifica/qc_assembly/busco_results/busco_results/auto_lineage/run_bacteria_odb10/hmmer_output/1827295at2.out --cpu 1 /home/mira/Bacteria2022/Thiomargarita_magnifica/qc_assembly/busco_results/busco_downloads/lineages/bacteria_odb10/hmms/1827295at2.hmm /home/mira/Bacteria2022/Thiomargarita_magnifica/qc_assembly/busco_results/busco_results/prodigal_output/predicted_genes/predicted.faa 
# Current dir:     /home/mira/Bacteria2022/Thiomargarita_magnifica/qc_assembly/busco_results
# Date:            Tue Jul 12 12:52:29 2022
# [ok]
