#                                                                                             --- full sequence --- -------------- this domain -------------   hmm coord   ali coord   env coord
# target name                         accession   tlen query name           accession   qlen   E-value  score  bias   #  of  c-Evalue  i-Evalue  score  bias  from    to  from    to  from    to  acc description of target
#                 ------------------- ---------- ----- -------------------- ---------- ----- --------- ------ ----- --- --- --------- --------- ------ ----- ----- ----- ----- ----- ----- ----- ---- ---------------------
NODE_163_length_20780_cov_81.736560_9 -            322 1844275at2           -            194     7e-52  176.0   7.6   1   3     1e-41   5.5e-38  130.7   3.4    11   124    53   190    46   203 0.86 # 5493 # 6458 # -1 # ID=163_9;partial=00;start_type=ATG;rbs_motif=None;rbs_spacer=None;gc_cont=0.471
NODE_163_length_20780_cov_81.736560_9 -            322 1844275at2           -            194     7e-52  176.0   7.6   2   3    0.0002       1.1    9.0   0.0   130   148   219   237   209   241 0.85 # 5493 # 6458 # -1 # ID=163_9;partial=00;start_type=ATG;rbs_motif=None;rbs_spacer=None;gc_cont=0.471
NODE_163_length_20780_cov_81.736560_9 -            322 1844275at2           -            194     7e-52  176.0   7.6   3   3   2.1e-12   1.1e-08   35.1   0.0   143   193   254   310   245   311 0.86 # 5493 # 6458 # -1 # ID=163_9;partial=00;start_type=ATG;rbs_motif=None;rbs_spacer=None;gc_cont=0.471
NODE_1900_length_1073_cov_2.305221_2  -            297 1844275at2           -            194   1.1e-46  159.1   1.9   1   2   6.8e-40   3.6e-36  124.7   1.1    11   151    37   220    26   222 0.76 # 128 # 1018 # -1 # ID=1900_2;partial=00;start_type=ATG;rbs_motif=AGGA;rbs_spacer=5-10bp;gc_cont=0.294
NODE_1900_length_1073_cov_2.305221_2  -            297 1844275at2           -            194   1.1e-46  159.1   1.9   2   2   9.7e-10   5.2e-06   26.3   0.0   150   193   244   293   232   294 0.78 # 128 # 1018 # -1 # ID=1900_2;partial=00;start_type=ATG;rbs_motif=AGGA;rbs_spacer=5-10bp;gc_cont=0.294
NODE_482_length_9626_cov_116.449785_7 -            299 1844275at2           -            194   4.8e-13   49.3   0.5   1   2   4.4e-13   2.3e-09   37.3   0.1    12   106    44   151    38   174 0.72 # 4318 # 5214 # 1 # ID=482_7;partial=00;start_type=ATG;rbs_motif=AGGAG;rbs_spacer=5-10bp;gc_cont=0.472
NODE_482_length_9626_cov_116.449785_7 -            299 1844275at2           -            194   4.8e-13   49.3   0.5   2   2   0.00014      0.76    9.5   0.0   125   193   222   296   191   297 0.81 # 4318 # 5214 # 1 # ID=482_7;partial=00;start_type=ATG;rbs_motif=AGGAG;rbs_spacer=5-10bp;gc_cont=0.472
NODE_869_length_4627_cov_6.712747_3   -            310 1844275at2           -            194   5.9e-10   39.2   0.0   1   3   7.5e-12     4e-08   33.3   0.0    12   100    43   144    33   188 0.81 # 1817 # 2746 # 1 # ID=869_3;partial=00;start_type=ATG;rbs_motif=GGA/GAG/AGG;rbs_spacer=5-10bp;gc_cont=0.316
NODE_869_length_4627_cov_6.712747_3   -            310 1844275at2           -            194   5.9e-10   39.2   0.0   2   3      0.56     3e+03   -2.2   0.0    28    69   166   208   158   215 0.60 # 1817 # 2746 # 1 # ID=869_3;partial=00;start_type=ATG;rbs_motif=GGA/GAG/AGG;rbs_spacer=5-10bp;gc_cont=0.316
NODE_869_length_4627_cov_6.712747_3   -            310 1844275at2           -            194   5.9e-10   39.2   0.0   3   3     0.019     1e+02    2.6   0.0   152   191   256   301   245   303 0.76 # 1817 # 2746 # 1 # ID=869_3;partial=00;start_type=ATG;rbs_motif=GGA/GAG/AGG;rbs_spacer=5-10bp;gc_cont=0.316
#
# Program:         hmmsearch
# Version:         3.1b2 (February 2015)
# Pipeline mode:   SEARCH
# Query file:      /home/mira/Bacteria2022/Thiomargarita_magnifica/qc_assembly/busco_results/busco_downloads/lineages/bacteria_odb10/hmms/1844275at2.hmm
# Target file:     /home/mira/Bacteria2022/Thiomargarita_magnifica/qc_assembly/busco_results/busco_results/prodigal_output/predicted_genes/predicted.faa
# Option settings: hmmsearch --domtblout /home/mira/Bacteria2022/Thiomargarita_magnifica/qc_assembly/busco_results/busco_results/auto_lineage/run_bacteria_odb10/hmmer_output/1844275at2.out --cpu 1 /home/mira/Bacteria2022/Thiomargarita_magnifica/qc_assembly/busco_results/busco_downloads/lineages/bacteria_odb10/hmms/1844275at2.hmm /home/mira/Bacteria2022/Thiomargarita_magnifica/qc_assembly/busco_results/busco_results/prodigal_output/predicted_genes/predicted.faa 
# Current dir:     /home/mira/Bacteria2022/Thiomargarita_magnifica/qc_assembly/busco_results
# Date:            Tue Jul 12 12:52:30 2022
# [ok]
