#                                                                                               --- full sequence --- -------------- this domain -------------   hmm coord   ali coord   env coord
# target name                           accession   tlen query name           accession   qlen   E-value  score  bias   #  of  c-Evalue  i-Evalue  score  bias  from    to  from    to  from    to  acc description of target
#                   ------------------- ---------- ----- -------------------- ---------- ----- --------- ------ ----- --- --- --------- --------- ------ ----- ----- ----- ----- ----- ----- ----- ---- ---------------------
NODE_1303_length_2287_cov_2.625339_2    -            438 219876at2            -            282   3.6e-75  253.2   8.4   1   1   2.3e-77   8.9e-75  251.9   8.4    13   276    97   414    88   419 0.83 # 398 # 1711 # -1 # ID=1303_2;partial=00;start_type=TTG;rbs_motif=AGGA;rbs_spacer=5-10bp;gc_cont=0.285
NODE_5269_length_257_cov_0.822222_1     -             85 219876at2            -            282   7.9e-08   32.2   4.4   1   1   1.2e-09   4.6e-07   29.7   4.4   171   238     2    85     1    85 0.74 # 2 # 256 # -1 # ID=5269_1;partial=11;start_type=Edge;rbs_motif=None;rbs_spacer=None;gc_cont=0.318
NODE_707_length_6233_cov_5.088044_2     -            399 219876at2            -            282   1.2e-06   28.3   0.1   1   1   5.3e-09     2e-06   27.6   0.1    48   111    38   107     5   134 0.80 # 823 # 2019 # 1 # ID=707_2;partial=00;start_type=ATG;rbs_motif=AGGA;rbs_spacer=5-10bp;gc_cont=0.270
NODE_264_length_15884_cov_174.984690_10 -            706 219876at2            -            282   4.9e-06   26.3   0.0   1   2    0.0013      0.48   10.0   0.0    50    77   214   241   207   251 0.87 # 7215 # 9332 # 1 # ID=264_10;partial=00;start_type=ATG;rbs_motif=GGA/GAG/AGG;rbs_spacer=5-10bp;gc_cont=0.474
NODE_264_length_15884_cov_174.984690_10 -            706 219876at2            -            282   4.9e-06   26.3   0.0   2   2    0.0001     0.039   13.6   0.0    50    78   487   515   480   530 0.91 # 7215 # 9332 # 1 # ID=264_10;partial=00;start_type=ATG;rbs_motif=GGA/GAG/AGG;rbs_spacer=5-10bp;gc_cont=0.474
NODE_7_length_68999_cov_106.732045_57   -            343 219876at2            -            282   7.8e-06   25.7   0.0   1   1   3.7e-08   1.4e-05   24.8   0.0    44   107    53   120    45   131 0.82 # 64364 # 65392 # -1 # ID=7_57;partial=00;start_type=GTG;rbs_motif=None;rbs_spacer=None;gc_cont=0.473
NODE_953_length_3995_cov_3.667432_4     -            412 219876at2            -            282   4.1e-05   23.3   0.0   1   1   1.8e-07   6.8e-05   22.6   0.0    47   108   123   188   106   199 0.77 # 2759 # 3994 # -1 # ID=953_4;partial=01;start_type=Edge;rbs_motif=None;rbs_spacer=None;gc_cont=0.321
NODE_715_length_6180_cov_4.723087_7     -             93 219876at2            -            282   6.2e-05   22.7   0.0   1   1   1.6e-07   6.2e-05   22.7   0.0    39    79    30    70     3    92 0.71 # 5900 # 6178 # 1 # ID=715_7;partial=01;start_type=ATG;rbs_motif=None;rbs_spacer=None;gc_cont=0.276
NODE_210_length_17918_cov_7.085533_2    -            674 219876at2            -            282   0.00019   21.2   0.0   1   2   0.00061      0.23   11.0   0.0    50    87   225   264   216   274 0.78 # 1105 # 3126 # 1 # ID=210_2;partial=00;start_type=ATG;rbs_motif=AGGA;rbs_spacer=5-10bp;gc_cont=0.343
NODE_210_length_17918_cov_7.085533_2    -            674 219876at2            -            282   0.00019   21.2   0.0   2   2    0.0068       2.6    7.6   0.0   121   197   331   404   319   468 0.73 # 1105 # 3126 # 1 # ID=210_2;partial=00;start_type=ATG;rbs_motif=AGGA;rbs_spacer=5-10bp;gc_cont=0.343
NODE_296_length_14674_cov_73.019388_8   -            914 219876at2            -            282    0.0029   17.2   0.2   1   2      0.03        11    5.4   0.1    80   122   240   281   232   290 0.90 # 10609 # 13350 # -1 # ID=296_8;partial=00;start_type=ATG;rbs_motif=GGA/GAG/AGG;rbs_spacer=5-10bp;gc_cont=0.332
NODE_296_length_14674_cov_73.019388_8   -            914 219876at2            -            282    0.0029   17.2   0.2   2   2    0.0025      0.94    9.0   0.0    39    70   452   481   419   501 0.87 # 10609 # 13350 # -1 # ID=296_8;partial=00;start_type=ATG;rbs_motif=GGA/GAG/AGG;rbs_spacer=5-10bp;gc_cont=0.332
NODE_335_length_13128_cov_120.727301_7  -             62 219876at2            -            282    0.0035   17.0   0.1   1   1   9.2e-06    0.0035   17.0   0.1    41    79     8    46     1    53 0.87 # 8927 # 9112 # 1 # ID=335_7;partial=00;start_type=ATG;rbs_motif=None;rbs_spacer=None;gc_cont=0.323
NODE_360_length_12354_cov_80.886291_4   -            352 219876at2            -            282    0.0039   16.8   0.0   1   1   1.7e-05    0.0064   16.1   0.0    11    71    19    80    13    83 0.81 # 3226 # 4281 # -1 # ID=360_4;partial=00;start_type=ATG;rbs_motif=GGAG/GAGG;rbs_spacer=5-10bp;gc_cont=0.428
NODE_59_length_33340_cov_59.727114_8    -            650 219876at2            -            282    0.0043   16.7   0.2   1   1   1.9e-05    0.0073   15.9   0.2   183   275   483   574   478   579 0.77 # 7173 # 9122 # 1 # ID=59_8;partial=00;start_type=ATG;rbs_motif=AGGA;rbs_spacer=5-10bp;gc_cont=0.468
NODE_181_length_19860_cov_98.151645_12  -            365 219876at2            -            282    0.0049   16.5   0.0   1   1   2.1e-05    0.0081   15.8   0.0    37    68    24    51     9    60 0.82 # 16607 # 17701 # 1 # ID=181_12;partial=00;start_type=ATG;rbs_motif=GGA/GAG/AGG;rbs_spacer=5-10bp;gc_cont=0.416
NODE_360_length_12354_cov_80.886291_5   -            465 219876at2            -            282    0.0059   16.2   0.0   1   1   3.4e-05     0.013   15.1   0.0    15    71   137   193   126   196 0.82 # 4597 # 5991 # -1 # ID=360_5;partial=00;start_type=ATG;rbs_motif=None;rbs_spacer=None;gc_cont=0.429
NODE_1309_length_2243_cov_92.295476_4   -            155 219876at2            -            282    0.0065   16.1   0.0   1   1   2.9e-05     0.011   15.3   0.0    39    69    22    52     9    63 0.77 # 1779 # 2243 # 1 # ID=1309_4;partial=01;start_type=GTG;rbs_motif=GGAG/GAGG;rbs_spacer=5-10bp;gc_cont=0.411
NODE_764_length_5469_cov_16.318991_5    -            249 219876at2            -            282    0.0065   16.1   0.7   1   1   4.5e-05     0.017   14.7   0.7    42    83    97   141    83   209 0.70 # 2092 # 2838 # -1 # ID=764_5;partial=00;start_type=ATG;rbs_motif=AGGA;rbs_spacer=5-10bp;gc_cont=0.290
NODE_292_length_14789_cov_89.768420_1   -           1069 219876at2            -            282    0.0076   15.9   0.0   1   2     0.011       4.3    6.8   0.0    45    90   221   266   208   272 0.76 # 779 # 3985 # -1 # ID=292_1;partial=00;start_type=ATG;rbs_motif=None;rbs_spacer=None;gc_cont=0.467
NODE_292_length_14789_cov_89.768420_1   -           1069 219876at2            -            282    0.0076   15.9   0.0   2   2     0.016       6.2    6.3   0.0    49    69   485   505   480   526 0.86 # 779 # 3985 # -1 # ID=292_1;partial=00;start_type=ATG;rbs_motif=None;rbs_spacer=None;gc_cont=0.467
NODE_514_length_8917_cov_70.916176_9    -            321 219876at2            -            282    0.0078   15.8   0.2   1   2   5.6e-05     0.021   14.4   0.0    48    72    59    83    48    89 0.87 # 6485 # 7447 # -1 # ID=514_9;partial=00;start_type=ATG;rbs_motif=None;rbs_spacer=None;gc_cont=0.456
NODE_514_length_8917_cov_70.916176_9    -            321 219876at2            -            282    0.0078   15.8   0.2   2   2       6.5   2.5e+03   -2.2   0.0    95   116   146   171   138   187 0.63 # 6485 # 7447 # -1 # ID=514_9;partial=00;start_type=ATG;rbs_motif=None;rbs_spacer=None;gc_cont=0.456
NODE_3368_length_388_cov_1.189711_1     -            129 219876at2            -            282    0.0095   15.6   1.0   1   1   2.9e-05     0.011   15.3   1.0     4    82     2    74     1    89 0.77 # 2 # 388 # 1 # ID=3368_1;partial=11;start_type=Edge;rbs_motif=None;rbs_spacer=None;gc_cont=0.243
NODE_328_length_13467_cov_55.476624_7   -             75 219876at2            -            282     0.016   14.8   0.0   1   1   4.4e-05     0.017   14.7   0.0    46    70    16    40     5    59 0.81 # 5889 # 6113 # 1 # ID=328_7;partial=00;start_type=GTG;rbs_motif=AGGAG;rbs_spacer=5-10bp;gc_cont=0.444
NODE_5667_length_246_cov_1.751479_1     -             81 219876at2            -            282     0.017   14.7   0.0   1   1   4.7e-05     0.018   14.6   0.0    50    78     4    32     2    69 0.81 # 3 # 245 # -1 # ID=5667_1;partial=11;start_type=Edge;rbs_motif=None;rbs_spacer=None;gc_cont=0.399
NODE_1166_length_2762_cov_7.397765_1    -            848 219876at2            -            282     0.017   14.7   0.2   1   3         6   2.3e+03   -2.1   0.0    45    69    46    70    26    87 0.64 # 142 # 2685 # -1 # ID=1166_1;partial=00;start_type=ATG;rbs_motif=GGA/GAG/AGG;rbs_spacer=5-10bp;gc_cont=0.311
NODE_1166_length_2762_cov_7.397765_1    -            848 219876at2            -            282     0.017   14.7   0.2   2   3      0.62   2.4e+02    1.1   0.0   130   212   233   315   217   338 0.75 # 142 # 2685 # -1 # ID=1166_1;partial=00;start_type=ATG;rbs_motif=GGA/GAG/AGG;rbs_spacer=5-10bp;gc_cont=0.311
NODE_1166_length_2762_cov_7.397765_1    -            848 219876at2            -            282     0.017   14.7   0.2   3   3    0.0014      0.54    9.8   0.0    49    77   454   482   446   519 0.81 # 142 # 2685 # -1 # ID=1166_1;partial=00;start_type=ATG;rbs_motif=GGA/GAG/AGG;rbs_spacer=5-10bp;gc_cont=0.311
NODE_440_length_10332_cov_62.144905_4   -            293 219876at2            -            282     0.018   14.6   0.1   1   2   0.00038      0.14   11.7   0.0    33    69    20    55    14    88 0.83 # 4591 # 5469 # 1 # ID=440_4;partial=00;start_type=ATG;rbs_motif=None;rbs_spacer=None;gc_cont=0.447
NODE_440_length_10332_cov_62.144905_4   -            293 219876at2            -            282     0.018   14.6   0.1   2   2       2.1   8.1e+02   -0.6   0.0   144   174   202   232   176   245 0.72 # 4591 # 5469 # 1 # ID=440_4;partial=00;start_type=ATG;rbs_motif=None;rbs_spacer=None;gc_cont=0.447
NODE_9_length_62292_cov_83.867331_29    -            371 219876at2            -            282     0.019   14.6   0.0   1   1   8.3e-05     0.032   13.8   0.0    39    68    26    51     8    62 0.81 # 55199 # 56311 # 1 # ID=9_29;partial=00;start_type=ATG;rbs_motif=AGGA;rbs_spacer=5-10bp;gc_cont=0.389
NODE_2046_length_893_cov_3.900735_1     -            154 219876at2            -            282     0.023   14.3   0.0   1   1   7.8e-05      0.03   13.9   0.0    46    77    16    47     4    50 0.87 # 3 # 464 # -1 # ID=2046_1;partial=10;start_type=ATG;rbs_motif=AGGAG;rbs_spacer=5-10bp;gc_cont=0.387
NODE_653_length_6853_cov_82.377361_1    -             66 219876at2            -            282     0.024   14.2   0.0   1   1   6.4e-05     0.025   14.2   0.0    48    74    31    57     5    63 0.77 # 3 # 200 # -1 # ID=653_1;partial=10;start_type=ATG;rbs_motif=None;rbs_spacer=None;gc_cont=0.389
NODE_365_length_11966_cov_71.828076_1   -            103 219876at2            -            282     0.027   14.0   0.2   1   1   9.6e-05     0.037   13.6   0.2    47    69    30    52    26    58 0.90 # 771 # 1079 # 1 # ID=365_1;partial=00;start_type=ATG;rbs_motif=None;rbs_spacer=None;gc_cont=0.430
NODE_14_length_56554_cov_106.661384_42  -            181 219876at2            -            282     0.032   13.8   0.1   1   2   0.00026     0.099   12.2   0.0    48    79     5    36     1    43 0.88 # 34527 # 35069 # 1 # ID=14_42;partial=00;start_type=ATG;rbs_motif=GGA/GAG/AGG;rbs_spacer=5-10bp;gc_cont=0.446
NODE_14_length_56554_cov_106.661384_42  -            181 219876at2            -            282     0.032   13.8   0.1   2   2       2.6   9.9e+02   -0.9   0.0   195   218   148   167   101   176 0.60 # 34527 # 35069 # 1 # ID=14_42;partial=00;start_type=ATG;rbs_motif=GGA/GAG/AGG;rbs_spacer=5-10bp;gc_cont=0.446
NODE_27_length_45651_cov_80.647847_42   -            417 219876at2            -            282     0.037   13.6   0.0   1   1   0.00016     0.062   12.9   0.0    45    80    15    50     5    59 0.90 # 39102 # 40352 # 1 # ID=27_42;partial=00;start_type=ATG;rbs_motif=None;rbs_spacer=None;gc_cont=0.416
NODE_449_length_10151_cov_60.641155_5   -            358 219876at2            -            282     0.041   13.5   0.0   1   1   0.00027       0.1   12.2   0.0    40    72    17    47     6    53 0.83 # 3620 # 4693 # -1 # ID=449_5;partial=00;start_type=ATG;rbs_motif=GGA/GAG/AGG;rbs_spacer=5-10bp;gc_cont=0.475
NODE_2888_length_471_cov_64.758883_2    -             79 219876at2            -            282     0.041   13.5   0.0   1   1   0.00013     0.049   13.2   0.0    39    64    15    38     9    44 0.84 # 233 # 469 # -1 # ID=2888_2;partial=01;start_type=Edge;rbs_motif=None;rbs_spacer=None;gc_cont=0.460
NODE_319_length_13807_cov_115.198689_1  -            544 219876at2            -            282     0.043   13.4   0.1   1   2    0.0066       2.5    7.6   0.0    38    70   115   147   109   156 0.80 # 213 # 1844 # -1 # ID=319_1;partial=00;start_type=ATG;rbs_motif=None;rbs_spacer=None;gc_cont=0.430
NODE_319_length_13807_cov_115.198689_1  -            544 219876at2            -            282     0.043   13.4   0.1   2   2      0.21        82    2.6   0.0    89   116   193   221   186   233 0.84 # 213 # 1844 # -1 # ID=319_1;partial=00;start_type=ATG;rbs_motif=None;rbs_spacer=None;gc_cont=0.430
NODE_737_length_5871_cov_110.876596_1   -            227 219876at2            -            282     0.045   13.4   0.0   1   1   0.00024     0.092   12.3   0.0    46    67    32    53    18    58 0.88 # 645 # 1325 # 1 # ID=737_1;partial=00;start_type=ATG;rbs_motif=None;rbs_spacer=None;gc_cont=0.460
NODE_45_length_39380_cov_109.475333_40  -            814 219876at2            -            282     0.046   13.3   0.0   1   1   0.00029      0.11   12.1   0.0     2    69   215   287   214   293 0.64 # 32783 # 35224 # -1 # ID=45_40;partial=00;start_type=ATG;rbs_motif=None;rbs_spacer=None;gc_cont=0.422
NODE_1809_length_1183_cov_134.682640_1  -            394 219876at2            -            282      0.05   13.2   0.0   1   1   0.00028      0.11   12.1   0.0    36    81    55   100    47   109 0.90 # 1 # 1182 # -1 # ID=1809_1;partial=11;start_type=Edge;rbs_motif=None;rbs_spacer=None;gc_cont=0.433
NODE_242_length_16535_cov_60.054988_14  -            332 219876at2            -            282     0.051   13.2   0.0   1   2       5.5   2.1e+03   -2.0   0.0   205   226   149   170   118   178 0.54 # 8847 # 9842 # -1 # ID=242_14;partial=00;start_type=ATG;rbs_motif=None;rbs_spacer=None;gc_cont=0.427
NODE_242_length_16535_cov_60.054988_14  -            332 219876at2            -            282     0.051   13.2   0.0   2   2   0.00042      0.16   11.5   0.0    16    65   218   265   204   273 0.86 # 8847 # 9842 # -1 # ID=242_14;partial=00;start_type=ATG;rbs_motif=None;rbs_spacer=None;gc_cont=0.427
NODE_102_length_26316_cov_134.332863_34 -            354 219876at2            -            282     0.052   13.1   1.3   1   2     0.036        14    5.2   0.2   166   219   116   166    99   170 0.83 # 22345 # 23406 # 1 # ID=102_34;partial=00;start_type=ATG;rbs_motif=None;rbs_spacer=None;gc_cont=0.357
NODE_102_length_26316_cov_134.332863_34 -            354 219876at2            -            282     0.052   13.1   1.3   2   2     0.012       4.8    6.7   0.0    50    67   197   214   176   221 0.85 # 22345 # 23406 # 1 # ID=102_34;partial=00;start_type=ATG;rbs_motif=None;rbs_spacer=None;gc_cont=0.357
NODE_56_length_33901_cov_118.495270_20  -            780 219876at2            -            282     0.059   13.0   0.1   1   2    0.0011      0.43   10.1   0.0    50    70   208   228   197   240 0.85 # 22451 # 24790 # 1 # ID=56_20;partial=00;start_type=ATG;rbs_motif=None;rbs_spacer=None;gc_cont=0.361
NODE_56_length_33901_cov_118.495270_20  -            780 219876at2            -            282     0.059   13.0   0.1   2   2       2.3   8.9e+02   -0.8   0.0   133   157   731   755   728   769 0.79 # 22451 # 24790 # 1 # ID=56_20;partial=00;start_type=ATG;rbs_motif=None;rbs_spacer=None;gc_cont=0.361
NODE_171_length_20477_cov_151.463775_5  -            486 219876at2            -            282     0.062   12.9   0.0   1   1   0.00032      0.12   11.9   0.0    36    70   310   344   301   364 0.86 # 8108 # 9565 # -1 # ID=171_5;partial=00;start_type=ATG;rbs_motif=None;rbs_spacer=None;gc_cont=0.399
NODE_7152_length_167_cov_176.644444_1   -             55 219876at2            -            282     0.067   12.8   0.0   1   1   0.00017     0.067   12.8   0.0    47    72    11    36     2    49 0.82 # 1 # 165 # 1 # ID=7152_1;partial=11;start_type=Edge;rbs_motif=None;rbs_spacer=None;gc_cont=0.412
NODE_589_length_7664_cov_88.538816_4    -            365 219876at2            -            282     0.073   12.6   0.1   1   1   0.00048      0.18   11.4   0.0    48    68    31    51    12    58 0.82 # 5213 # 6307 # 1 # ID=589_4;partial=00;start_type=ATG;rbs_motif=AGGA;rbs_spacer=5-10bp;gc_cont=0.407
NODE_3_length_93320_cov_88.509593_83    -            639 219876at2            -            282     0.077   12.6   0.0   1   1   0.00039      0.15   11.6   0.0    50    88   190   230   185   239 0.81 # 84125 # 86041 # 1 # ID=3_83;partial=00;start_type=GTG;rbs_motif=GGAG/GAGG;rbs_spacer=5-10bp;gc_cont=0.464
NODE_334_length_13153_cov_4.726445_10   -            695 219876at2            -            282     0.078   12.6   5.8   1   3     0.018       6.8    6.2   0.0    27    68   140   180   138   184 0.72 # 11067 # 13151 # -1 # ID=334_10;partial=01;start_type=Edge;rbs_motif=None;rbs_spacer=None;gc_cont=0.306
NODE_334_length_13153_cov_4.726445_10   -            695 219876at2            -            282     0.078   12.6   5.8   2   3      0.59   2.3e+02    1.2   0.1   146   228   296   369   282   375 0.73 # 11067 # 13151 # -1 # ID=334_10;partial=01;start_type=Edge;rbs_motif=None;rbs_spacer=None;gc_cont=0.306
NODE_334_length_13153_cov_4.726445_10   -            695 219876at2            -            282     0.078   12.6   5.8   3   3     0.028        11    5.5   0.1    40    81   433   471   426   483 0.81 # 11067 # 13151 # -1 # ID=334_10;partial=01;start_type=Edge;rbs_motif=None;rbs_spacer=None;gc_cont=0.306
NODE_120_length_25151_cov_101.723977_32 -            232 219876at2            -            282     0.083   12.5   0.1   1   1   0.00032      0.12   11.9   0.1    44    71    24    51    12    58 0.76 # 24287 # 24982 # -1 # ID=120_32;partial=00;start_type=ATG;rbs_motif=AGGAG(G)/GGAGG;rbs_spacer=13-15bp;gc_cont=0.486
NODE_414_length_10864_cov_6.502364_12   -             51 219876at2            -            282     0.094   12.3   0.0   1   1   0.00025     0.095   12.3   0.0    31    67     8    41     3    48 0.79 # 10710 # 10862 # 1 # ID=414_12;partial=01;start_type=ATG;rbs_motif=None;rbs_spacer=None;gc_cont=0.248
NODE_338_length_13040_cov_64.640130_3   -            619 219876at2            -            282     0.097   12.3   0.6   1   2       4.8   1.8e+03   -1.8   0.3   163   258    47   137    36   145 0.55 # 2079 # 3935 # -1 # ID=338_3;partial=00;start_type=ATG;rbs_motif=None;rbs_spacer=None;gc_cont=0.417
NODE_338_length_13040_cov_64.640130_3   -            619 219876at2            -            282     0.097   12.3   0.6   2   2   0.00065      0.25   10.9   0.0    30    73   163   208   156   211 0.87 # 2079 # 3935 # -1 # ID=338_3;partial=00;start_type=ATG;rbs_motif=None;rbs_spacer=None;gc_cont=0.417
NODE_276_length_15202_cov_103.230149_4  -            271 219876at2            -            282     0.097   12.2   0.0   1   1   0.00044      0.17   11.5   0.0    44    72    33    61    27    69 0.84 # 2057 # 2869 # 1 # ID=276_4;partial=00;start_type=ATG;rbs_motif=GGA/GAG/AGG;rbs_spacer=5-10bp;gc_cont=0.434
NODE_214_length_17763_cov_89.801877_13  -            286 219876at2            -            282     0.098   12.2   0.0   1   1    0.0004      0.15   11.6   0.0    31    70    70   109    65   128 0.87 # 12413 # 13270 # 1 # ID=214_13;partial=00;start_type=ATG;rbs_motif=GGA/GAG/AGG;rbs_spacer=5-10bp;gc_cont=0.460
NODE_1467_length_1805_cov_60.526042_2   -            222 219876at2            -            282      0.11   12.0   0.0   1   1    0.0005      0.19   11.3   0.0    49    78    25    54    19    61 0.83 # 1138 # 1803 # 1 # ID=1467_2;partial=01;start_type=ATG;rbs_motif=GGA/GAG/AGG;rbs_spacer=5-10bp;gc_cont=0.359
NODE_201_length_18903_cov_86.812122_15  -            103 219876at2            -            282      0.12   11.9   0.1   1   1   0.00043      0.16   11.5   0.1    47    69    30    52    25    57 0.90 # 17439 # 17747 # 1 # ID=201_15;partial=00;start_type=ATG;rbs_motif=AGGAG/GGAGG;rbs_spacer=11-12bp;gc_cont=0.408
NODE_3372_length_387_cov_73.629032_2    -             36 219876at2            -            282      0.14   11.8   0.0   1   1   0.00036      0.14   11.7   0.0    49    68    13    32     6    35 0.85 # 278 # 385 # 1 # ID=3372_2;partial=01;start_type=ATG;rbs_motif=4Base/6BMM;rbs_spacer=13-15bp;gc_cont=0.444
NODE_461_length_9977_cov_71.029899_1    -            199 219876at2            -            282      0.15   11.6   0.0   1   1   0.00053       0.2   11.2   0.0    48    74    31    57     7    71 0.80 # 3 # 599 # -1 # ID=461_1;partial=10;start_type=ATG;rbs_motif=None;rbs_spacer=None;gc_cont=0.414
NODE_59_length_33340_cov_59.727114_19   -             54 219876at2            -            282      0.17   11.5   0.0   1   1   0.00044      0.17   11.5   0.0    51    68    32    49     6    52 0.87 # 17746 # 17907 # 1 # ID=59_19;partial=00;start_type=ATG;rbs_motif=GGA/GAG/AGG;rbs_spacer=11-12bp;gc_cont=0.364
NODE_336_length_13122_cov_123.830126_13 -            369 219876at2            -            282      0.18   11.4   0.0   1   1   0.00086      0.33   10.5   0.0    45    68    19    42     8    48 0.80 # 9723 # 10829 # 1 # ID=336_13;partial=00;start_type=GTG;rbs_motif=GGAG/GAGG;rbs_spacer=5-10bp;gc_cont=0.390
NODE_349_length_12677_cov_63.400397_3   -            118 219876at2            -            282       0.2   11.2   0.5   1   1   0.00068      0.26   10.8   0.5    51   105     3    67     1    82 0.72 # 1235 # 1588 # -1 # ID=349_3;partial=00;start_type=ATG;rbs_motif=None;rbs_spacer=None;gc_cont=0.347
NODE_19_length_54395_cov_98.907231_28   -            807 219876at2            -            282      0.48   10.0   3.3   1   3      0.46   1.8e+02    1.6   0.6   134   218   164   244   136   252 0.85 # 31325 # 33745 # 1 # ID=19_28;partial=00;start_type=ATG;rbs_motif=GGAG/GAGG;rbs_spacer=5-10bp;gc_cont=0.442
NODE_19_length_54395_cov_98.907231_28   -            807 219876at2            -            282      0.48   10.0   3.3   2   3    0.0074       2.8    7.4   0.0    38    73   341   376   329   382 0.83 # 31325 # 33745 # 1 # ID=19_28;partial=00;start_type=ATG;rbs_motif=GGAG/GAGG;rbs_spacer=5-10bp;gc_cont=0.442
NODE_19_length_54395_cov_98.907231_28   -            807 219876at2            -            282      0.48   10.0   3.3   3   3       4.9   1.9e+03   -1.8   0.1   156   191   521   556   517   581 0.74 # 31325 # 33745 # 1 # ID=19_28;partial=00;start_type=ATG;rbs_motif=GGAG/GAGG;rbs_spacer=5-10bp;gc_cont=0.442
#
# Program:         hmmsearch
# Version:         3.1b2 (February 2015)
# Pipeline mode:   SEARCH
# Query file:      /home/mira/Bacteria2022/Thiomargarita_magnifica/qc_assembly/busco_results/busco_downloads/lineages/bacteria_odb10/hmms/219876at2.hmm
# Target file:     /home/mira/Bacteria2022/Thiomargarita_magnifica/qc_assembly/busco_results/busco_results/prodigal_output/predicted_genes/predicted.faa
# Option settings: hmmsearch --domtblout /home/mira/Bacteria2022/Thiomargarita_magnifica/qc_assembly/busco_results/busco_results/auto_lineage/run_bacteria_odb10/hmmer_output/219876at2.out --cpu 1 /home/mira/Bacteria2022/Thiomargarita_magnifica/qc_assembly/busco_results/busco_downloads/lineages/bacteria_odb10/hmms/219876at2.hmm /home/mira/Bacteria2022/Thiomargarita_magnifica/qc_assembly/busco_results/busco_results/prodigal_output/predicted_genes/predicted.faa 
# Current dir:     /home/mira/Bacteria2022/Thiomargarita_magnifica/qc_assembly/busco_results
# Date:            Tue Jul 12 12:52:30 2022
# [ok]
