#                                                                                               --- full sequence --- -------------- this domain -------------   hmm coord   ali coord   env coord
# target name                           accession   tlen query name           accession   qlen   E-value  score  bias   #  of  c-Evalue  i-Evalue  score  bias  from    to  from    to  from    to  acc description of target
#                   ------------------- ---------- ----- -------------------- ---------- ----- --------- ------ ----- --- --- --------- --------- ------ ----- ----- ----- ----- ----- ----- ----- ---- ---------------------
NODE_717_length_6147_cov_82.012026_6    -            506 267682at2            -            304   1.7e-78  264.0   8.8   1   2   1.5e-14   2.6e-11   43.4   0.4     7    76    15   117     2   138 0.77 # 4456 # 5973 # 1 # ID=717_6;partial=00;start_type=ATG;rbs_motif=AGGAG/GGAGG;rbs_spacer=11-12bp;gc_cont=0.444
NODE_717_length_6147_cov_82.012026_6    -            506 267682at2            -            304   1.7e-78  264.0   8.8   2   2     8e-67   1.4e-63  215.0   2.8    83   295   162   444   135   452 0.82 # 4456 # 5973 # 1 # ID=717_6;partial=00;start_type=ATG;rbs_motif=AGGAG/GGAGG;rbs_spacer=11-12bp;gc_cont=0.444
NODE_538_length_8534_cov_5.967364_4     -            452 267682at2            -            304   3.1e-78  263.1   2.2   1   2    0.0028         5    6.3   0.1    10    29    18    37    11    61 0.78 # 1917 # 3272 # 1 # ID=538_4;partial=00;start_type=ATG;rbs_motif=AGGA;rbs_spacer=5-10bp;gc_cont=0.335
NODE_538_length_8534_cov_5.967364_4     -            452 267682at2            -            304   3.1e-78  263.1   2.2   2   2   2.4e-74   4.2e-71  239.7   0.4    32   302    65   439    56   441 0.80 # 1917 # 3272 # 1 # ID=538_4;partial=00;start_type=ATG;rbs_motif=AGGA;rbs_spacer=5-10bp;gc_cont=0.335
NODE_336_length_13122_cov_123.830126_4  -            668 267682at2            -            304   7.2e-05   22.2   0.0   1   1   3.5e-07   0.00062   19.2   0.0    12   122    24   166    16   177 0.75 # 1769 # 3772 # -1 # ID=336_4;partial=00;start_type=ATG;rbs_motif=GGA/GAG/AGG;rbs_spacer=5-10bp;gc_cont=0.385
NODE_294_length_14745_cov_62.935983_7   -            612 267682at2            -            304   0.00089   18.6   0.1   1   3      0.14   2.5e+02    0.8   0.0     7    29    15    37    11    44 0.85 # 5480 # 7315 # -1 # ID=294_7;partial=00;start_type=ATG;rbs_motif=AGGA;rbs_spacer=5-10bp;gc_cont=0.455
NODE_294_length_14745_cov_62.935983_7   -            612 267682at2            -            304   0.00089   18.6   0.1   2   3     2e-05     0.036   13.4   0.1    30   141    63   196    47   203 0.79 # 5480 # 7315 # -1 # ID=294_7;partial=00;start_type=ATG;rbs_motif=AGGA;rbs_spacer=5-10bp;gc_cont=0.455
NODE_294_length_14745_cov_62.935983_7   -            612 267682at2            -            304   0.00089   18.6   0.1   3   3      0.98   1.7e+03   -2.0   0.0   161   188   364   390   355   394 0.80 # 5480 # 7315 # -1 # ID=294_7;partial=00;start_type=ATG;rbs_motif=AGGA;rbs_spacer=5-10bp;gc_cont=0.455
NODE_23_length_50295_cov_87.702099_35   -            231 267682at2            -            304     0.002   17.5   0.0   1   1   1.7e-06     0.003   16.9   0.0   221   259   141   179   130   183 0.90 # 33409 # 34101 # -1 # ID=23_35;partial=00;start_type=ATG;rbs_motif=None;rbs_spacer=None;gc_cont=0.459
NODE_39_length_42011_cov_85.366051_10   -            215 267682at2            -            304     0.014   14.7   0.1   1   1   1.2e-05     0.021   14.1   0.1   227   261   119   153   111   180 0.92 # 3534 # 4178 # -1 # ID=39_10;partial=00;start_type=ATG;rbs_motif=GGA/GAG/AGG;rbs_spacer=5-10bp;gc_cont=0.448
NODE_862_length_4663_cov_5.920192_3     -            604 267682at2            -            304     0.017   14.4   0.0   1   2     0.033        59    2.8   0.0     9    29    17    37    12    59 0.85 # 858 # 2669 # 1 # ID=862_3;partial=00;start_type=ATG;rbs_motif=GGA/GAG/AGG;rbs_spacer=5-10bp;gc_cont=0.332
NODE_862_length_4663_cov_5.920192_3     -            604 267682at2            -            304     0.017   14.4   0.0   2   2   0.00042      0.74    9.1   0.0    36    73    72   116    51   138 0.81 # 858 # 2669 # 1 # ID=862_3;partial=00;start_type=ATG;rbs_motif=GGA/GAG/AGG;rbs_spacer=5-10bp;gc_cont=0.332
NODE_2536_length_577_cov_1.492000_1     -            191 267682at2            -            304     0.019   14.3   0.1   1   2     0.042        74    2.5   0.0     7    29    17    39    14    47 0.78 # 3 # 575 # -1 # ID=2536_1;partial=11;start_type=Edge;rbs_motif=None;rbs_spacer=None;gc_cont=0.276
NODE_2536_length_577_cov_1.492000_1     -            191 267682at2            -            304     0.019   14.3   0.1   2   2   0.00027      0.48    9.7   0.1    37    74    81   126    68   137 0.79 # 3 # 575 # -1 # ID=2536_1;partial=11;start_type=Edge;rbs_motif=None;rbs_spacer=None;gc_cont=0.276
NODE_217_length_17660_cov_139.952283_14 -            181 267682at2            -            304     0.027   13.8   0.0   1   1   0.00042      0.75    9.0   0.0    53    79    42    68     1   164 0.63 # 10842 # 11384 # 1 # ID=217_14;partial=00;start_type=TTG;rbs_motif=None;rbs_spacer=None;gc_cont=0.414
NODE_338_length_13040_cov_64.640130_2   -            228 267682at2            -            304      0.04   13.2   0.0   1   1   2.9e-05     0.052   12.8   0.0   199   261   159   221   141   226 0.79 # 1333 # 2016 # 1 # ID=338_2;partial=00;start_type=ATG;rbs_motif=AGGA/GGAG/GAGG;rbs_spacer=11-12bp;gc_cont=0.437
NODE_17_length_54867_cov_114.844059_49  -            609 267682at2            -            304      0.12   11.7   0.0   1   1    0.0003      0.54    9.5   0.0    14    74    24    88    15   171 0.66 # 50165 # 51991 # 1 # ID=17_49;partial=00;start_type=ATG;rbs_motif=AGGA;rbs_spacer=5-10bp;gc_cont=0.430
NODE_6252_length_232_cov_0.954839_1     -             77 267682at2            -            304      0.13   11.6   0.1   1   1   0.00017      0.31   10.3   0.1    40    74     2    44     1    66 0.66 # 2 # 232 # -1 # ID=6252_1;partial=11;start_type=Edge;rbs_motif=None;rbs_spacer=None;gc_cont=0.532
#
# Program:         hmmsearch
# Version:         3.1b2 (February 2015)
# Pipeline mode:   SEARCH
# Query file:      /home/mira/Bacteria2022/Thiomargarita_magnifica/qc_assembly/busco_results/busco_downloads/lineages/bacteria_odb10/hmms/267682at2.hmm
# Target file:     /home/mira/Bacteria2022/Thiomargarita_magnifica/qc_assembly/busco_results/busco_results/prodigal_output/predicted_genes/predicted.faa
# Option settings: hmmsearch --domtblout /home/mira/Bacteria2022/Thiomargarita_magnifica/qc_assembly/busco_results/busco_results/auto_lineage/run_bacteria_odb10/hmmer_output/267682at2.out --cpu 1 /home/mira/Bacteria2022/Thiomargarita_magnifica/qc_assembly/busco_results/busco_downloads/lineages/bacteria_odb10/hmms/267682at2.hmm /home/mira/Bacteria2022/Thiomargarita_magnifica/qc_assembly/busco_results/busco_results/prodigal_output/predicted_genes/predicted.faa 
# Current dir:     /home/mira/Bacteria2022/Thiomargarita_magnifica/qc_assembly/busco_results
# Date:            Tue Jul 12 12:52:30 2022
# [ok]
