#                                                                                             --- full sequence --- -------------- this domain -------------   hmm coord   ali coord   env coord
# target name                         accession   tlen query name           accession   qlen   E-value  score  bias   #  of  c-Evalue  i-Evalue  score  bias  from    to  from    to  from    to  acc description of target
#                 ------------------- ---------- ----- -------------------- ---------- ----- --------- ------ ----- --- --- --------- --------- ------ ----- ----- ----- ----- ----- ----- ----- ---- ---------------------
NODE_76_length_29591_cov_91.055804_5  -            494 384865at2            -            217   1.3e-51  175.3   7.7   1   3      0.75   5.4e+03   -3.2   0.1     4    35     9    42     7    52 0.67 # 8478 # 9959 # 1 # ID=76_5;partial=00;start_type=ATG;rbs_motif=GGA/GAG/AGG;rbs_spacer=5-10bp;gc_cont=0.464
NODE_76_length_29591_cov_91.055804_5  -            494 384865at2            -            217   1.3e-51  175.3   7.7   2   3   7.9e-10   5.6e-06   26.1   1.3    35    75   103   147    94   166 0.81 # 8478 # 9959 # 1 # ID=76_5;partial=00;start_type=ATG;rbs_motif=GGA/GAG/AGG;rbs_spacer=5-10bp;gc_cont=0.464
NODE_76_length_29591_cov_91.055804_5  -            494 384865at2            -            217   1.3e-51  175.3   7.7   3   3     7e-48     5e-44  150.5   0.1    72   217   170   345   166   345 0.88 # 8478 # 9959 # 1 # ID=76_5;partial=00;start_type=ATG;rbs_motif=GGA/GAG/AGG;rbs_spacer=5-10bp;gc_cont=0.464
NODE_407_length_11154_cov_10.880563_1 -            392 384865at2            -            217   2.5e-28   99.2  15.0   1   4      0.39   2.8e+03   -2.3   0.3    13    52    19    61     5    88 0.53 # 169 # 1344 # 1 # ID=407_1;partial=00;start_type=ATG;rbs_motif=AGGA;rbs_spacer=5-10bp;gc_cont=0.298
NODE_407_length_11154_cov_10.880563_1 -            392 384865at2            -            217   2.5e-28   99.2  15.0   2   4     0.015   1.1e+02    2.4   0.1    34    87   115   168   108   184 0.80 # 169 # 1344 # 1 # ID=407_1;partial=00;start_type=ATG;rbs_motif=AGGA;rbs_spacer=5-10bp;gc_cont=0.298
NODE_407_length_11154_cov_10.880563_1 -            392 384865at2            -            217   2.5e-28   99.2  15.0   3   4   4.3e-30     3e-26   92.4   2.5    77   189   188   316   179   327 0.84 # 169 # 1344 # 1 # ID=407_1;partial=00;start_type=ATG;rbs_motif=AGGA;rbs_spacer=5-10bp;gc_cont=0.298
NODE_407_length_11154_cov_10.880563_1 -            392 384865at2            -            217   2.5e-28   99.2  15.0   4   4   1.3e-05     0.094   12.3   0.1   188   214   334   361   324   364 0.82 # 169 # 1344 # 1 # ID=407_1;partial=00;start_type=ATG;rbs_motif=AGGA;rbs_spacer=5-10bp;gc_cont=0.298
NODE_3129_length_423_cov_1.924855_1   -            141 384865at2            -            217     0.013   15.1   0.5   1   1   2.5e-06     0.018   14.7   0.5     9    92    50   135    45   138 0.81 # 1 # 423 # 1 # ID=3129_1;partial=11;start_type=Edge;rbs_motif=None;rbs_spacer=None;gc_cont=0.307
#
# Program:         hmmsearch
# Version:         3.1b2 (February 2015)
# Pipeline mode:   SEARCH
# Query file:      /home/mira/Bacteria2022/Thiomargarita_magnifica/qc_assembly/busco_results/busco_downloads/lineages/bacteria_odb10/hmms/384865at2.hmm
# Target file:     /home/mira/Bacteria2022/Thiomargarita_magnifica/qc_assembly/busco_results/busco_results/prodigal_output/predicted_genes/predicted.faa
# Option settings: hmmsearch --domtblout /home/mira/Bacteria2022/Thiomargarita_magnifica/qc_assembly/busco_results/busco_results/auto_lineage/run_bacteria_odb10/hmmer_output/384865at2.out --cpu 1 /home/mira/Bacteria2022/Thiomargarita_magnifica/qc_assembly/busco_results/busco_downloads/lineages/bacteria_odb10/hmms/384865at2.hmm /home/mira/Bacteria2022/Thiomargarita_magnifica/qc_assembly/busco_results/busco_results/prodigal_output/predicted_genes/predicted.faa 
# Current dir:     /home/mira/Bacteria2022/Thiomargarita_magnifica/qc_assembly/busco_results
# Date:            Tue Jul 12 12:52:31 2022
# [ok]
