#                                                                                               --- full sequence --- -------------- this domain -------------   hmm coord   ali coord   env coord
# target name                           accession   tlen query name           accession   qlen   E-value  score  bias   #  of  c-Evalue  i-Evalue  score  bias  from    to  from    to  from    to  acc description of target
#                   ------------------- ---------- ----- -------------------- ---------- ----- --------- ------ ----- --- --- --------- --------- ------ ----- ----- ----- ----- ----- ----- ----- ---- ---------------------
NODE_60_length_33138_cov_86.984544_24   -            460 430176at2            -            369  2.6e-172  573.3   1.1   1   1  1.2e-174  1.9e-171  570.5   1.1     5   369    32   454    29   454 0.91 # 23807 # 25186 # -1 # ID=60_24;partial=00;start_type=ATG;rbs_motif=GGA/GAG/AGG;rbs_spacer=5-10bp;gc_cont=0.476
NODE_1013_length_3562_cov_4.410617_3    -            463 430176at2            -            369  1.2e-167  558.0   0.9   1   1  1.8e-170  2.8e-167  556.8   0.9    10   369    37   452    33   452 0.91 # 1092 # 2480 # 1 # ID=1013_3;partial=00;start_type=ATG;rbs_motif=AGGA;rbs_spacer=5-10bp;gc_cont=0.370
NODE_126_length_24396_cov_8.516798_20   -            437 430176at2            -            369   3.1e-50  171.6   0.3   1   1     8e-53   1.2e-49  169.7   0.3    67   344   142   428    80   435 0.89 # 17590 # 18900 # -1 # ID=126_20;partial=00;start_type=ATG;rbs_motif=None;rbs_spacer=None;gc_cont=0.342
NODE_5099_length_261_cov_0.804348_1     -             86 430176at2            -            369   9.1e-36  124.0   0.0   1   1   6.9e-39     1e-35  123.8   0.0   136   202    18    86    12    86 0.96 # 3 # 260 # 1 # ID=5099_1;partial=11;start_type=Edge;rbs_motif=None;rbs_spacer=None;gc_cont=0.562
NODE_91_length_27535_cov_38.742734_4    -            468 430176at2            -            369   1.1e-34  120.5   0.0   1   2       1.9   2.9e+03   -2.7   0.0    43    57    85    99    76   107 0.80 # 4851 # 6254 # 1 # ID=91_4;partial=00;start_type=ATG;rbs_motif=GGA/GAG/AGG;rbs_spacer=5-10bp;gc_cont=0.474
NODE_91_length_27535_cov_38.742734_4    -            468 430176at2            -            369   1.1e-34  120.5   0.0   2   2   1.5e-37   2.3e-34  119.4   0.0    50   318   111   401   101   431 0.84 # 4851 # 6254 # 1 # ID=91_4;partial=00;start_type=ATG;rbs_motif=GGA/GAG/AGG;rbs_spacer=5-10bp;gc_cont=0.474
NODE_5855_length_242_cov_0.896970_1     -             80 430176at2            -            369   3.4e-34  118.9   0.1   1   1   2.4e-37   3.7e-34  118.7   0.1   233   308     1    80     1    80 0.95 # 3 # 242 # 1 # ID=5855_1;partial=11;start_type=Edge;rbs_motif=None;rbs_spacer=None;gc_cont=0.487
NODE_196_length_19069_cov_73.567291_8   -            592 430176at2            -            369   1.4e-29  103.7   0.0   1   1   1.4e-32   2.1e-29  103.1   0.0    68   321   213   493   203   516 0.83 # 13828 # 15603 # -1 # ID=196_8;partial=00;start_type=ATG;rbs_motif=AGGA;rbs_spacer=5-10bp;gc_cont=0.504
NODE_1117_length_3023_cov_5.182960_1    -            449 430176at2            -            369     4e-23   82.4   1.7   1   1   3.2e-25     5e-22   78.8   1.7    36   334    96   427    51   448 0.78 # 3 # 1349 # -1 # ID=1117_1;partial=10;start_type=ATG;rbs_motif=AGGAG;rbs_spacer=5-10bp;gc_cont=0.361
NODE_60_length_33138_cov_86.984544_28   -            514 430176at2            -            369   8.7e-19   68.2   0.5   1   1   1.6e-20   2.5e-17   63.4   0.5    64   333   142   435    82   452 0.75 # 27929 # 29470 # -1 # ID=60_28;partial=00;start_type=ATG;rbs_motif=GGA/GAG/AGG;rbs_spacer=5-10bp;gc_cont=0.466
NODE_325_length_13499_cov_78.519520_8   -            419 430176at2            -            369   2.2e-07   30.6   0.1   1   1   4.4e-10   6.7e-07   29.1   0.1    73   288   160   378   156   408 0.80 # 7729 # 8985 # 1 # ID=325_8;partial=00;start_type=ATG;rbs_motif=None;rbs_spacer=None;gc_cont=0.438
NODE_1095_length_3091_cov_7.260119_2    -            457 430176at2            -            369   4.1e-07   29.7   0.0   1   1   4.7e-10   7.2e-07   29.0   0.0    40   290   164   418   155   443 0.79 # 538 # 1908 # -1 # ID=1095_2;partial=00;start_type=ATG;rbs_motif=GGA/GAG/AGG;rbs_spacer=11-12bp;gc_cont=0.321
NODE_5655_length_247_cov_0.805882_1     -             82 430176at2            -            369   0.00079   18.9   0.3   1   1     6e-07   0.00091   18.7   0.3    68   134     5    73     3    80 0.84 # 2 # 247 # -1 # ID=5655_1;partial=11;start_type=Edge;rbs_motif=None;rbs_spacer=None;gc_cont=0.484
NODE_454_length_10039_cov_110.282473_10 -            241 430176at2            -            369      0.13   11.6   0.0   1   1   0.00013       0.2   11.0   0.0    78   147    21    88    15    98 0.76 # 4875 # 5597 # -1 # ID=454_10;partial=00;start_type=ATG;rbs_motif=AGGAG;rbs_spacer=5-10bp;gc_cont=0.420
NODE_991_length_3770_cov_4.308963_1     -            258 430176at2            -            369      0.15   11.4   0.1   1   1   0.00015      0.23   10.9   0.1    76   109    63    96    44   102 0.87 # 3 # 776 # 1 # ID=991_1;partial=10;start_type=Edge;rbs_motif=None;rbs_spacer=None;gc_cont=0.298
#
# Program:         hmmsearch
# Version:         3.1b2 (February 2015)
# Pipeline mode:   SEARCH
# Query file:      /home/mira/Bacteria2022/Thiomargarita_magnifica/qc_assembly/busco_results/busco_downloads/lineages/bacteria_odb10/hmms/430176at2.hmm
# Target file:     /home/mira/Bacteria2022/Thiomargarita_magnifica/qc_assembly/busco_results/busco_results/prodigal_output/predicted_genes/predicted.faa
# Option settings: hmmsearch --domtblout /home/mira/Bacteria2022/Thiomargarita_magnifica/qc_assembly/busco_results/busco_results/auto_lineage/run_bacteria_odb10/hmmer_output/430176at2.out --cpu 1 /home/mira/Bacteria2022/Thiomargarita_magnifica/qc_assembly/busco_results/busco_downloads/lineages/bacteria_odb10/hmms/430176at2.hmm /home/mira/Bacteria2022/Thiomargarita_magnifica/qc_assembly/busco_results/busco_results/prodigal_output/predicted_genes/predicted.faa 
# Current dir:     /home/mira/Bacteria2022/Thiomargarita_magnifica/qc_assembly/busco_results
# Date:            Tue Jul 12 12:52:31 2022
# [ok]
