#                                                                                               --- full sequence --- -------------- this domain -------------   hmm coord   ali coord   env coord
# target name                           accession   tlen query name           accession   qlen   E-value  score  bias   #  of  c-Evalue  i-Evalue  score  bias  from    to  from    to  from    to  acc description of target
#                   ------------------- ---------- ----- -------------------- ---------- ----- --------- ------ ----- --- --- --------- --------- ------ ----- ----- ----- ----- ----- ----- ----- ---- ---------------------
NODE_124_length_24743_cov_6.685640_10   -           1516 4421at2              -           1179         0 1628.2  13.7   1   2         0         0 1350.0   1.4     4  1005    27  1102    24  1169 0.83 # 9489 # 14036 # 1 # ID=124_10;partial=00;start_type=ATG;rbs_motif=GGAG/GAGG;rbs_spacer=5-10bp;gc_cont=0.336
NODE_124_length_24743_cov_6.685640_10   -           1516 4421at2              -           1179         0 1628.2  13.7   2   2   3.7e-85   6.5e-82  276.1   6.6   870  1177  1149  1502  1130  1504 0.79 # 9489 # 14036 # 1 # ID=124_10;partial=00;start_type=ATG;rbs_motif=GGAG/GAGG;rbs_spacer=5-10bp;gc_cont=0.336
NODE_403_length_11244_cov_101.178025_2  -           1354 4421at2              -           1179         0 1532.8   0.0   1   1         0         0 1527.9   0.0     4  1178    14  1347    11  1348 0.88 # 4376 # 8437 # 1 # ID=403_2;partial=00;start_type=ATG;rbs_motif=None;rbs_spacer=None;gc_cont=0.434
NODE_152_length_21680_cov_89.291163_1   -            816 4421at2              -           1179         0 1293.3   1.1   1   1         0         0 1288.4   1.1     4   735    15   816    12   816 0.95 # 3 # 2450 # -1 # ID=152_1;partial=10;start_type=ATG;rbs_motif=GGA/GAG/AGG;rbs_spacer=5-10bp;gc_cont=0.440
NODE_1588_length_1553_cov_559.892276_1  -            517 4421at2              -           1179  1.8e-131  440.3   1.1   1   1  5.6e-133    1e-129  434.5   1.1   711  1114     1   511     1   516 0.85 # 3 # 1553 # -1 # ID=1588_1;partial=11;start_type=Edge;rbs_motif=None;rbs_spacer=None;gc_cont=0.455
NODE_107_length_25934_cov_131.597092_1  -            170 4421at2              -           1179   5.9e-73  246.4   0.2   1   1   3.6e-76   6.5e-73  246.3   0.2   580   735     1   170     1   170 0.97 # 3 # 512 # -1 # ID=107_1;partial=10;start_type=ATG;rbs_motif=None;rbs_spacer=None;gc_cont=0.469
NODE_107_length_25934_cov_131.597092_25 -            116 4421at2              -           1179     1e-33  116.4   0.0   1   1   6.6e-37   1.2e-33  116.3   0.0  1097  1178     2    86     1    87 0.92 # 25587 # 25934 # -1 # ID=107_25;partial=01;start_type=Edge;rbs_motif=None;rbs_spacer=None;gc_cont=0.494
NODE_473_length_9782_cov_281.884905_9   -            116 4421at2              -           1179     1e-33  116.4   0.0   1   1   6.6e-37   1.2e-33  116.3   0.0  1097  1178     2    86     1    87 0.92 # 9435 # 9782 # -1 # ID=473_9;partial=01;start_type=Edge;rbs_motif=None;rbs_spacer=None;gc_cont=0.491
NODE_5545_length_249_cov_2.011628_1     -             82 4421at2              -           1179   1.6e-32  112.5   1.5   1   1     1e-35   1.8e-32  112.4   1.5   776   845    13    82     3    82 0.95 # 2 # 247 # 1 # ID=5545_1;partial=11;start_type=Edge;rbs_motif=None;rbs_spacer=None;gc_cont=0.394
NODE_3236_length_406_cov_1.583587_1     -            134 4421at2              -           1179   2.6e-27   95.3   0.1   1   1   1.5e-30   2.7e-27   95.2   0.1   796   882     3    98     1   132 0.72 # 3 # 404 # 1 # ID=3236_1;partial=11;start_type=Edge;rbs_motif=None;rbs_spacer=None;gc_cont=0.351
NODE_4020_length_311_cov_0.948718_1     -            103 4421at2              -           1179   1.7e-13   49.5   0.1   1   1   9.4e-17   1.7e-13   49.5   0.1   522   594    10    98     1   103 0.83 # 2 # 310 # -1 # ID=4020_1;partial=11;start_type=Edge;rbs_motif=None;rbs_spacer=None;gc_cont=0.320
NODE_107_length_25934_cov_131.597092_2  -             76 4421at2              -           1179   1.8e-06   26.2   0.0   1   2   0.00059       1.1    7.1   0.0   521   552     2    44     1    49 0.91 # 1279 # 1506 # 1 # ID=107_2;partial=00;start_type=ATG;rbs_motif=GGA/GAG/AGG;rbs_spacer=11-12bp;gc_cont=0.412
NODE_107_length_25934_cov_131.597092_2  -             76 4421at2              -           1179   1.8e-06   26.2   0.0   2   2   3.7e-07   0.00067   17.7   0.1   634   660    49    75    45    75 0.86 # 1279 # 1506 # 1 # ID=107_2;partial=00;start_type=ATG;rbs_motif=GGA/GAG/AGG;rbs_spacer=11-12bp;gc_cont=0.412
NODE_674_length_6603_cov_105.633313_1   -            150 4421at2              -           1179    0.0013   16.7   3.8   1   2   1.2e-06    0.0021   16.0   0.3  1062  1079    12    29     7    32 0.91 # 1153 # 1602 # -1 # ID=674_1;partial=00;start_type=GTG;rbs_motif=GGAG/GAGG;rbs_spacer=5-10bp;gc_cont=0.396
NODE_674_length_6603_cov_105.633313_1   -            150 4421at2              -           1179    0.0013   16.7   3.8   2   2     0.021        38    2.0   0.3    25    52    77   105    54   128 0.66 # 1153 # 1602 # -1 # ID=674_1;partial=00;start_type=GTG;rbs_motif=GGAG/GAGG;rbs_spacer=5-10bp;gc_cont=0.396
#
# Program:         hmmsearch
# Version:         3.1b2 (February 2015)
# Pipeline mode:   SEARCH
# Query file:      /home/mira/Bacteria2022/Thiomargarita_magnifica/qc_assembly/busco_results/busco_downloads/lineages/bacteria_odb10/hmms/4421at2.hmm
# Target file:     /home/mira/Bacteria2022/Thiomargarita_magnifica/qc_assembly/busco_results/busco_results/prodigal_output/predicted_genes/predicted.faa
# Option settings: hmmsearch --domtblout /home/mira/Bacteria2022/Thiomargarita_magnifica/qc_assembly/busco_results/busco_results/auto_lineage/run_bacteria_odb10/hmmer_output/4421at2.out --cpu 1 /home/mira/Bacteria2022/Thiomargarita_magnifica/qc_assembly/busco_results/busco_downloads/lineages/bacteria_odb10/hmms/4421at2.hmm /home/mira/Bacteria2022/Thiomargarita_magnifica/qc_assembly/busco_results/busco_results/prodigal_output/predicted_genes/predicted.faa 
# Current dir:     /home/mira/Bacteria2022/Thiomargarita_magnifica/qc_assembly/busco_results
# Date:            Tue Jul 12 12:52:31 2022
# [ok]
