#                                                                                             --- full sequence --- -------------- this domain -------------   hmm coord   ali coord   env coord
# target name                         accession   tlen query name           accession   qlen   E-value  score  bias   #  of  c-Evalue  i-Evalue  score  bias  from    to  from    to  from    to  acc description of target
#                 ------------------- ---------- ----- -------------------- ---------- ----- --------- ------ ----- --- --- --------- --------- ------ ----- ----- ----- ----- ----- ----- ----- ---- ---------------------
NODE_268_length_15571_cov_90.366787_6 -            523 504464at2            -            233   5.2e-92  307.6   1.4   1   2   4.4e-71   1.1e-67  228.0   0.4     2   169   219   428   218   431 0.86 # 4335 # 5903 # 1 # ID=268_6;partial=00;start_type=ATG;rbs_motif=None;rbs_spacer=None;gc_cont=0.460
NODE_268_length_15571_cov_90.366787_6 -            523 504464at2            -            233   5.2e-92  307.6   1.4   2   2   2.7e-25   6.3e-22   78.2   0.0   169   233   451   522   439   522 0.91 # 4335 # 5903 # 1 # ID=268_6;partial=00;start_type=ATG;rbs_motif=None;rbs_spacer=None;gc_cont=0.460
NODE_773_length_5375_cov_4.108343_3   -            515 504464at2            -            233   1.4e-85  286.6   2.1   1   2     6e-66   1.4e-62  211.2   0.1     1   169   211   420   211   428 0.86 # 2946 # 4490 # 1 # ID=773_3;partial=00;start_type=ATG;rbs_motif=AGGA;rbs_spacer=5-10bp;gc_cont=0.336
NODE_773_length_5375_cov_4.108343_3   -            515 504464at2            -            233   1.4e-85  286.6   2.1   2   2   2.9e-24   6.9e-21   74.8   0.2   169   233   443   514   436   514 0.90 # 2946 # 4490 # 1 # ID=773_3;partial=00;start_type=ATG;rbs_motif=AGGA;rbs_spacer=5-10bp;gc_cont=0.336
NODE_3166_length_417_cov_0.870588_1   -            139 504464at2            -            233   1.9e-18   66.8   0.4   1   2     0.052   1.2e+02    2.0   0.0    63   106    46    89    26    92 0.65 # 1 # 417 # 1 # ID=3166_1;partial=11;start_type=Edge;rbs_motif=None;rbs_spacer=None;gc_cont=0.518
NODE_3166_length_417_cov_0.870588_1   -            139 504464at2            -            233   1.9e-18   66.8   0.4   2   2   2.8e-21   6.6e-18   65.1   0.3     2    47    87   134    86   139 0.87 # 1 # 417 # 1 # ID=3166_1;partial=11;start_type=Edge;rbs_motif=None;rbs_spacer=None;gc_cont=0.518
NODE_4420_length_281_cov_1.088235_1   -             93 504464at2            -            233     2e-18   66.7   0.1   1   1   1.1e-21   2.7e-18   66.4   0.1    22    95     1    93     1    93 0.80 # 1 # 279 # 1 # ID=4420_1;partial=11;start_type=Edge;rbs_motif=None;rbs_spacer=None;gc_cont=0.351
NODE_370_length_11823_cov_8.180998_2  -            255 504464at2            -            233   8.8e-07   28.7   0.0   1   2     2e-08   4.7e-05   23.0   0.1     6    38    23    55    17    60 0.89 # 688 # 1452 # 1 # ID=370_2;partial=00;start_type=ATG;rbs_motif=AGGA;rbs_spacer=5-10bp;gc_cont=0.320
NODE_370_length_11823_cov_8.180998_2  -            255 504464at2            -            233   8.8e-07   28.7   0.0   2   2     0.021        50    3.3   0.0   110   143   148   181   135   185 0.90 # 688 # 1452 # 1 # ID=370_2;partial=00;start_type=ATG;rbs_motif=AGGA;rbs_spacer=5-10bp;gc_cont=0.320
NODE_654_length_6846_cov_5.780322_8   -            347 504464at2            -            233   0.00077   19.0   0.0   1   2   7.8e-07    0.0018   17.8   0.0     7    29     6    28     1    56 0.87 # 5473 # 6513 # -1 # ID=654_8;partial=00;start_type=ATG;rbs_motif=None;rbs_spacer=None;gc_cont=0.338
NODE_654_length_6846_cov_5.780322_8   -            347 504464at2            -            233   0.00077   19.0   0.0   2   2       1.3     3e+03   -2.6   0.0    94   102   195   203   157   215 0.57 # 5473 # 6513 # -1 # ID=654_8;partial=00;start_type=ATG;rbs_motif=None;rbs_spacer=None;gc_cont=0.338
NODE_80_length_28917_cov_80.111685_9  -            363 504464at2            -            233    0.0048   16.4   0.0   1   2     5e-06     0.012   15.1   0.0     8    38     6    35     3    40 0.79 # 7421 # 8509 # -1 # ID=80_9;partial=00;start_type=ATG;rbs_motif=None;rbs_spacer=None;gc_cont=0.455
NODE_80_length_28917_cov_80.111685_9  -            363 504464at2            -            233    0.0048   16.4   0.0   2   2       1.5   3.6e+03   -2.8   0.0   116   136   167   187   165   190 0.86 # 7421 # 8509 # -1 # ID=80_9;partial=00;start_type=ATG;rbs_motif=None;rbs_spacer=None;gc_cont=0.455
NODE_3464_length_374_cov_1.993266_1   -            124 504464at2            -            233     0.072   12.6   0.0   1   1   3.6e-05     0.086   12.3   0.0     8    43    61    95    54   120 0.74 # 3 # 374 # 1 # ID=3464_1;partial=11;start_type=Edge;rbs_motif=None;rbs_spacer=None;gc_cont=0.304
NODE_234_length_16951_cov_90.703923_2 -            120 504464at2            -            233      0.15   11.6   0.0   1   1   8.2e-05      0.19   11.2   0.0    59   106    13    63     4    72 0.88 # 1758 # 2117 # -1 # ID=234_2;partial=00;start_type=TTG;rbs_motif=None;rbs_spacer=None;gc_cont=0.419
#
# Program:         hmmsearch
# Version:         3.1b2 (February 2015)
# Pipeline mode:   SEARCH
# Query file:      /home/mira/Bacteria2022/Thiomargarita_magnifica/qc_assembly/busco_results/busco_downloads/lineages/bacteria_odb10/hmms/504464at2.hmm
# Target file:     /home/mira/Bacteria2022/Thiomargarita_magnifica/qc_assembly/busco_results/busco_results/prodigal_output/predicted_genes/predicted.faa
# Option settings: hmmsearch --domtblout /home/mira/Bacteria2022/Thiomargarita_magnifica/qc_assembly/busco_results/busco_results/auto_lineage/run_bacteria_odb10/hmmer_output/504464at2.out --cpu 1 /home/mira/Bacteria2022/Thiomargarita_magnifica/qc_assembly/busco_results/busco_downloads/lineages/bacteria_odb10/hmms/504464at2.hmm /home/mira/Bacteria2022/Thiomargarita_magnifica/qc_assembly/busco_results/busco_results/prodigal_output/predicted_genes/predicted.faa 
# Current dir:     /home/mira/Bacteria2022/Thiomargarita_magnifica/qc_assembly/busco_results
# Date:            Tue Jul 12 12:52:31 2022
# [ok]
