#                                                                                              --- full sequence --- -------------- this domain -------------   hmm coord   ali coord   env coord
# target name                          accession   tlen query name           accession   qlen   E-value  score  bias   #  of  c-Evalue  i-Evalue  score  bias  from    to  from    to  from    to  acc description of target
#                  ------------------- ---------- ----- -------------------- ---------- ----- --------- ------ ----- --- --- --------- --------- ------ ----- ----- ----- ----- ----- ----- ----- ---- ---------------------
NODE_20_length_53635_cov_137.680010_30 -            229 776861at2            -            618   2.9e-84  283.6   1.6   1   1   2.8e-87   3.2e-84  283.5   1.6   403   607     6   225     1   228 0.96 # 47908 # 48594 # -1 # ID=20_30;partial=00;start_type=ATG;rbs_motif=None;rbs_spacer=None;gc_cont=0.482
NODE_20_length_53635_cov_137.680010_32 -            434 776861at2            -            618   1.1e-47  162.8   0.2   1   1   1.1e-50   1.3e-47  162.5   0.2    10   396    11   424     2   431 0.81 # 48977 # 50278 # -1 # ID=20_32;partial=00;start_type=ATG;rbs_motif=None;rbs_spacer=None;gc_cont=0.501
NODE_274_length_15220_cov_6.768408_8   -            427 776861at2            -            618   3.5e-38  131.4   0.0   1   1   3.8e-41   4.3e-38  131.1   0.0    17   399    19   423     1   425 0.82 # 6066 # 7346 # -1 # ID=274_8;partial=00;start_type=ATG;rbs_motif=AGGA;rbs_spacer=5-10bp;gc_cont=0.329
NODE_14_length_56554_cov_106.661384_42 -            181 776861at2            -            618   1.2e-05   23.9   0.0   1   2   2.5e-06    0.0029   16.0   0.0   411   439     7    35     1    37 0.89 # 34527 # 35069 # 1 # ID=14_42;partial=00;start_type=ATG;rbs_motif=GGA/GAG/AGG;rbs_spacer=5-10bp;gc_cont=0.446
NODE_14_length_56554_cov_106.661384_42 -            181 776861at2            -            618   1.2e-05   23.9   0.0   2   2    0.0025       2.8    6.2   0.0   576   614   137   175    98   179 0.70 # 34527 # 35069 # 1 # ID=14_42;partial=00;start_type=ATG;rbs_motif=GGA/GAG/AGG;rbs_spacer=5-10bp;gc_cont=0.446
NODE_105_length_25983_cov_78.857909_4  -            176 776861at2            -            618   7.3e-05   21.3   0.1   1   1   6.9e-08   7.8e-05   21.2   0.1   406   454     5    53     1    97 0.80 # 1426 # 1953 # -1 # ID=105_4;partial=00;start_type=ATG;rbs_motif=GGAG/GAGG;rbs_spacer=5-10bp;gc_cont=0.608
NODE_246_length_16306_cov_6.151642_16  -            422 776861at2            -            618    0.0003   19.3   6.5   1   3   2.4e-05     0.027   12.8   0.2     2   131     2   139     1   144 0.72 # 12227 # 13492 # -1 # ID=246_16;partial=00;start_type=TTG;rbs_motif=GGAG/GAGG;rbs_spacer=5-10bp;gc_cont=0.344
NODE_246_length_16306_cov_6.151642_16  -            422 776861at2            -            618    0.0003   19.3   6.5   2   3    0.0063       7.1    4.8   0.1    27    75   169   220   161   227 0.81 # 12227 # 13492 # -1 # ID=246_16;partial=00;start_type=TTG;rbs_motif=GGAG/GAGG;rbs_spacer=5-10bp;gc_cont=0.344
NODE_246_length_16306_cov_6.151642_16  -            422 776861at2            -            618    0.0003   19.3   6.5   3   3      0.02        22    3.2   0.1   255   315   333   395   309   420 0.66 # 12227 # 13492 # -1 # ID=246_16;partial=00;start_type=TTG;rbs_motif=GGAG/GAGG;rbs_spacer=5-10bp;gc_cont=0.344
NODE_522_length_8792_cov_89.906713_9   -            324 776861at2            -            618     0.002   16.6   0.5   1   1   2.9e-06    0.0033   15.9   0.5   403   433   131   161   123   167 0.84 # 5165 # 6136 # -1 # ID=522_9;partial=00;start_type=ATG;rbs_motif=None;rbs_spacer=None;gc_cont=0.493
NODE_928_length_4179_cov_7.396392_5    -            195 776861at2            -            618    0.0037   15.7   0.0   1   2   7.3e-06    0.0083   14.5   0.0   404   433    28    57    12    65 0.86 # 2836 # 3420 # -1 # ID=928_5;partial=00;start_type=ATG;rbs_motif=None;rbs_spacer=None;gc_cont=0.274
NODE_928_length_4179_cov_7.396392_5    -            195 776861at2            -            618    0.0037   15.7   0.0   2   2       0.8     9e+02   -2.1   0.0   167   201   141   175   127   185 0.68 # 2836 # 3420 # -1 # ID=928_5;partial=00;start_type=ATG;rbs_motif=None;rbs_spacer=None;gc_cont=0.274
NODE_1131_length_2944_cov_11.547960_2  -            216 776861at2            -            618    0.0087   14.4   0.1   1   1   1.1e-05     0.012   14.0   0.1   415   458     7    49     1    79 0.74 # 190 # 837 # -1 # ID=1131_2;partial=00;start_type=ATG;rbs_motif=AGGA;rbs_spacer=5-10bp;gc_cont=0.347
NODE_1128_length_2956_cov_5.015978_4   -             80 776861at2            -            618     0.019   13.3   0.0   1   1   1.7e-05     0.019   13.3   0.0   410   452     3    47     1    63 0.82 # 2715 # 2954 # 1 # ID=1128_4;partial=01;start_type=ATG;rbs_motif=None;rbs_spacer=None;gc_cont=0.333
NODE_336_length_13122_cov_123.830126_1 -            115 776861at2            -            618      0.02   13.2   0.0   1   1   1.9e-05     0.021   13.1   0.0   406   435    11    40     5    68 0.91 # 3 # 347 # -1 # ID=336_1;partial=10;start_type=ATG;rbs_motif=None;rbs_spacer=None;gc_cont=0.403
NODE_79_length_29016_cov_89.760358_2   -             40 776861at2            -            618     0.021   13.2   0.0   1   1   1.8e-05     0.021   13.2   0.0   407   438     2    33     1    37 0.88 # 413 # 532 # 1 # ID=79_2;partial=00;start_type=GTG;rbs_motif=AGGAG;rbs_spacer=5-10bp;gc_cont=0.425
NODE_2_length_94369_cov_80.534658_17   -            320 776861at2            -            618     0.038   12.3   0.0   1   1   4.5e-05     0.051   11.9   0.0   409   435     5    31     1    39 0.87 # 77376 # 78335 # -1 # ID=2_17;partial=00;start_type=ATG;rbs_motif=None;rbs_spacer=None;gc_cont=0.342
NODE_483_length_9597_cov_60.704727_3   -            176 776861at2            -            618     0.068   11.5   0.0   1   1   7.2e-05     0.081   11.2   0.0   411   443     4    36     1    61 0.85 # 2676 # 3203 # -1 # ID=483_3;partial=00;start_type=ATG;rbs_motif=None;rbs_spacer=None;gc_cont=0.364
NODE_201_length_18903_cov_86.812122_2  -             83 776861at2            -            618     0.074   11.4   0.0   1   1   6.6e-05     0.074   11.4   0.0   408   438     3    33     1    73 0.90 # 625 # 873 # -1 # ID=201_2;partial=00;start_type=ATG;rbs_motif=AGGAG;rbs_spacer=5-10bp;gc_cont=0.438
NODE_32_length_44052_cov_102.160569_20 -            319 776861at2            -            618      0.08   11.3   0.1   1   2   0.00014      0.16   10.3   0.0   409   453     3    49     1    92 0.72 # 21875 # 22831 # 1 # ID=32_20;partial=00;start_type=ATG;rbs_motif=GGA/GAG/AGG;rbs_spacer=5-10bp;gc_cont=0.466
NODE_32_length_44052_cov_102.160569_20 -            319 776861at2            -            618      0.08   11.3   0.1   2   2         2   2.3e+03   -3.4   0.0   575   607   273   302   272   307 0.77 # 21875 # 22831 # 1 # ID=32_20;partial=00;start_type=ATG;rbs_motif=GGA/GAG/AGG;rbs_spacer=5-10bp;gc_cont=0.466
NODE_240_length_16582_cov_3.867555_11  -            218 776861at2            -            618      0.14   10.5   0.0   1   1   0.00015      0.17   10.2   0.0   384   428     9    52     1    57 0.80 # 9396 # 10049 # -1 # ID=240_11;partial=00;start_type=ATG;rbs_motif=GGAG/GAGG;rbs_spacer=5-10bp;gc_cont=0.289
NODE_163_length_20780_cov_81.736560_15 -            237 776861at2            -            618      0.16   10.2   0.0   1   1   0.00018       0.2   10.0   0.0   376   448     5    69     1    92 0.75 # 9744 # 10454 # -1 # ID=163_15;partial=00;start_type=ATG;rbs_motif=None;rbs_spacer=None;gc_cont=0.471
NODE_252_length_16216_cov_60.490427_5  -            352 776861at2            -            618      0.24    9.7   1.7   1   2   0.00033      0.37    9.1   0.4   403   434   154   185   138   195 0.79 # 4655 # 5710 # -1 # ID=252_5;partial=00;start_type=ATG;rbs_motif=None;rbs_spacer=None;gc_cont=0.541
NODE_252_length_16216_cov_60.490427_5  -            352 776861at2            -            618      0.24    9.7   1.7   2   2      0.34   3.9e+02   -0.9   0.0   538   573   314   350   313   351 0.91 # 4655 # 5710 # -1 # ID=252_5;partial=00;start_type=ATG;rbs_motif=None;rbs_spacer=None;gc_cont=0.541
#
# Program:         hmmsearch
# Version:         3.1b2 (February 2015)
# Pipeline mode:   SEARCH
# Query file:      /home/mira/Bacteria2022/Thiomargarita_magnifica/qc_assembly/busco_results/busco_downloads/lineages/bacteria_odb10/hmms/776861at2.hmm
# Target file:     /home/mira/Bacteria2022/Thiomargarita_magnifica/qc_assembly/busco_results/busco_results/prodigal_output/predicted_genes/predicted.faa
# Option settings: hmmsearch --domtblout /home/mira/Bacteria2022/Thiomargarita_magnifica/qc_assembly/busco_results/busco_results/auto_lineage/run_bacteria_odb10/hmmer_output/776861at2.out --cpu 1 /home/mira/Bacteria2022/Thiomargarita_magnifica/qc_assembly/busco_results/busco_downloads/lineages/bacteria_odb10/hmms/776861at2.hmm /home/mira/Bacteria2022/Thiomargarita_magnifica/qc_assembly/busco_results/busco_results/prodigal_output/predicted_genes/predicted.faa 
# Current dir:     /home/mira/Bacteria2022/Thiomargarita_magnifica/qc_assembly/busco_results
# Date:            Tue Jul 12 12:52:31 2022
# [ok]
