#                                                                                             --- full sequence --- -------------- this domain -------------   hmm coord   ali coord   env coord
# target name                         accession   tlen query name           accession   qlen   E-value  score  bias   #  of  c-Evalue  i-Evalue  score  bias  from    to  from    to  from    to  acc description of target
#                 ------------------- ---------- ----- -------------------- ---------- ----- --------- ------ ----- --- --- --------- --------- ------ ----- ----- ----- ----- ----- ----- ----- ---- ---------------------
NODE_60_length_33138_cov_86.984544_28 -            514 837522at2            -            420  3.4e-197  655.6   0.6   1   1  4.2e-200  7.5e-197  654.5   0.6    10   418    25   473    17   475 0.92 # 27929 # 29470 # -1 # ID=60_28;partial=00;start_type=ATG;rbs_motif=GGA/GAG/AGG;rbs_spacer=5-10bp;gc_cont=0.466
NODE_1117_length_3023_cov_5.182960_1  -            449 837522at2            -            420  4.1e-191  635.6   2.1   1   1    3e-194  5.3e-191  635.2   2.1    11   400    28   443    20   448 0.94 # 3 # 1349 # -1 # ID=1117_1;partial=10;start_type=ATG;rbs_motif=AGGAG;rbs_spacer=5-10bp;gc_cont=0.361
NODE_126_length_24396_cov_8.516798_20 -            437 837522at2            -            420   3.8e-49  167.9   0.2   1   1   2.6e-52   4.6e-49  167.6   0.2    26   395    40   428    21   436 0.81 # 17590 # 18900 # -1 # ID=126_20;partial=00;start_type=ATG;rbs_motif=None;rbs_spacer=None;gc_cont=0.342
NODE_4794_length_270_cov_0.766839_1   -             90 837522at2            -            420   3.5e-38  131.8   0.1   1   1   2.1e-41   3.8e-38  131.7   0.1   300   387     1    90     1    90 0.95 # 1 # 270 # -1 # ID=4794_1;partial=11;start_type=Edge;rbs_motif=None;rbs_spacer=None;gc_cont=0.422
NODE_5655_length_247_cov_0.805882_1   -             82 837522at2            -            420   2.3e-37  129.1   4.7   1   1   1.4e-40   2.5e-37  129.0   4.7   112   190     1    82     1    82 0.98 # 2 # 247 # -1 # ID=5655_1;partial=11;start_type=Edge;rbs_motif=None;rbs_spacer=None;gc_cont=0.484
NODE_91_length_27535_cov_38.742734_4  -            468 837522at2            -            420   1.9e-34  119.5   0.0   1   1   1.3e-37   2.4e-34  119.1   0.0    62   330    68   354     3   427 0.86 # 4851 # 6254 # 1 # ID=91_4;partial=00;start_type=ATG;rbs_motif=GGA/GAG/AGG;rbs_spacer=5-10bp;gc_cont=0.474
NODE_1013_length_3562_cov_4.410617_3  -            463 837522at2            -            420   1.5e-31  109.9   0.2   1   1   1.1e-34   1.9e-31  109.6   0.2    44   363    42   381    23   412 0.86 # 1092 # 2480 # 1 # ID=1013_3;partial=00;start_type=ATG;rbs_motif=AGGA;rbs_spacer=5-10bp;gc_cont=0.370
NODE_60_length_33138_cov_86.984544_24 -            460 837522at2            -            420   7.5e-30  104.3   0.2   1   1   6.2e-33   1.1e-29  103.8   0.2    51   363    49   383     1   433 0.79 # 23807 # 25186 # -1 # ID=60_24;partial=00;start_type=ATG;rbs_motif=GGA/GAG/AGG;rbs_spacer=5-10bp;gc_cont=0.476
NODE_196_length_19069_cov_73.567291_8 -            592 837522at2            -            420   1.2e-16   60.8   0.0   1   2   0.00033      0.59    9.1   0.1    13    94     5    94     1   113 0.74 # 13828 # 15603 # -1 # ID=196_8;partial=00;start_type=ATG;rbs_motif=AGGA;rbs_spacer=5-10bp;gc_cont=0.504
NODE_196_length_19069_cov_73.567291_8 -            592 837522at2            -            420   1.2e-16   60.8   0.0   2   2   1.8e-16   3.2e-13   49.5   0.0   108   334   205   445   199   468 0.85 # 13828 # 15603 # -1 # ID=196_8;partial=00;start_type=ATG;rbs_motif=AGGA;rbs_spacer=5-10bp;gc_cont=0.504
NODE_325_length_13499_cov_78.519520_8 -            419 837522at2            -            420   0.00027   20.2   0.1   1   1   3.7e-07   0.00065   18.9   0.1   122   327   161   366   157   368 0.68 # 7729 # 8985 # 1 # ID=325_8;partial=00;start_type=ATG;rbs_motif=None;rbs_spacer=None;gc_cont=0.438
NODE_1095_length_3091_cov_7.260119_2  -            457 837522at2            -            420    0.0016   17.6   0.1   1   1   9.9e-06     0.018   14.2   0.1   121   149   198   226   189   449 0.54 # 538 # 1908 # -1 # ID=1095_2;partial=00;start_type=ATG;rbs_motif=GGA/GAG/AGG;rbs_spacer=11-12bp;gc_cont=0.321
NODE_5099_length_261_cov_0.804348_1   -             86 837522at2            -            420    0.0097   15.0   0.0   1   1   5.5e-06    0.0097   15.0   0.0   187   247    19    81     5    86 0.87 # 3 # 260 # 1 # ID=5099_1;partial=11;start_type=Edge;rbs_motif=None;rbs_spacer=None;gc_cont=0.562
#
# Program:         hmmsearch
# Version:         3.1b2 (February 2015)
# Pipeline mode:   SEARCH
# Query file:      /home/mira/Bacteria2022/Thiomargarita_magnifica/qc_assembly/busco_results/busco_downloads/lineages/bacteria_odb10/hmms/837522at2.hmm
# Target file:     /home/mira/Bacteria2022/Thiomargarita_magnifica/qc_assembly/busco_results/busco_results/prodigal_output/predicted_genes/predicted.faa
# Option settings: hmmsearch --domtblout /home/mira/Bacteria2022/Thiomargarita_magnifica/qc_assembly/busco_results/busco_results/auto_lineage/run_bacteria_odb10/hmmer_output/837522at2.out --cpu 1 /home/mira/Bacteria2022/Thiomargarita_magnifica/qc_assembly/busco_results/busco_downloads/lineages/bacteria_odb10/hmms/837522at2.hmm /home/mira/Bacteria2022/Thiomargarita_magnifica/qc_assembly/busco_results/busco_results/prodigal_output/predicted_genes/predicted.faa 
# Current dir:     /home/mira/Bacteria2022/Thiomargarita_magnifica/qc_assembly/busco_results
# Date:            Tue Jul 12 12:52:32 2022
# [ok]
