#                                                                                              --- full sequence --- -------------- this domain -------------   hmm coord   ali coord   env coord
# target name                          accession   tlen query name           accession   qlen   E-value  score  bias   #  of  c-Evalue  i-Evalue  score  bias  from    to  from    to  from    to  acc description of target
#                  ------------------- ---------- ----- -------------------- ---------- ----- --------- ------ ----- --- --- --------- --------- ------ ----- ----- ----- ----- ----- ----- ----- ---- ---------------------
NODE_243_length_16487_cov_106.652834_1 -            896 91428at2             -            555    1e-180  601.9  19.3   1   5  1.4e-128  3.6e-125  418.6   0.0     2   332    41   461    40   464 0.83 # 51 # 2738 # 1 # ID=243_1;partial=00;start_type=TTG;rbs_motif=GGA/GAG/AGG;rbs_spacer=5-10bp;gc_cont=0.476
NODE_243_length_16487_cov_106.652834_1 -            896 91428at2             -            555    1e-180  601.9  19.3   2   5     6e-09   1.6e-05   23.6   0.1   335   357   509   531   501   537 0.90 # 51 # 2738 # 1 # ID=243_1;partial=00;start_type=TTG;rbs_motif=GGA/GAG/AGG;rbs_spacer=5-10bp;gc_cont=0.476
NODE_243_length_16487_cov_106.652834_1 -            896 91428at2             -            555    1e-180  601.9  19.3   3   5   6.6e-50   1.8e-46  158.8   2.4   359   492   580   734   575   785 0.79 # 51 # 2738 # 1 # ID=243_1;partial=00;start_type=TTG;rbs_motif=GGA/GAG/AGG;rbs_spacer=5-10bp;gc_cont=0.476
NODE_243_length_16487_cov_106.652834_1 -            896 91428at2             -            555    1e-180  601.9  19.3   4   5     0.052   1.4e+02    0.8   0.3   475   523   745   793   734   804 0.84 # 51 # 2738 # 1 # ID=243_1;partial=00;start_type=TTG;rbs_motif=GGA/GAG/AGG;rbs_spacer=5-10bp;gc_cont=0.476
NODE_243_length_16487_cov_106.652834_1 -            896 91428at2             -            555    1e-180  601.9  19.3   5   5     0.032        85    1.5   6.9   524   555   832   875   763   875 0.52 # 51 # 2738 # 1 # ID=243_1;partial=00;start_type=TTG;rbs_motif=GGA/GAG/AGG;rbs_spacer=5-10bp;gc_cont=0.476
NODE_849_length_4703_cov_6.957631_3    -            852 91428at2             -            555  8.2e-155  516.4  29.2   1   4  5.9e-107  1.6e-103  347.2   3.1     5   330     2   426     1   432 0.79 # 1675 # 4230 # -1 # ID=849_3;partial=00;start_type=ATG;rbs_motif=GGA/GAG/AGG;rbs_spacer=5-10bp;gc_cont=0.344
NODE_849_length_4703_cov_6.957631_3    -            852 91428at2             -            555  8.2e-155  516.4  29.2   2   4   8.3e-08   0.00022   19.9   0.0   336   364   483   511   474   536 0.88 # 1675 # 4230 # -1 # ID=849_3;partial=00;start_type=ATG;rbs_motif=GGA/GAG/AGG;rbs_spacer=5-10bp;gc_cont=0.344
NODE_849_length_4703_cov_6.957631_3    -            852 91428at2             -            555  8.2e-155  516.4  29.2   3   4   5.2e-46   1.4e-42  146.0   4.4   359   521   551   734   535   746 0.87 # 1675 # 4230 # -1 # ID=849_3;partial=00;start_type=ATG;rbs_motif=GGA/GAG/AGG;rbs_spacer=5-10bp;gc_cont=0.344
NODE_849_length_4703_cov_6.957631_3    -            852 91428at2             -            555  8.2e-155  516.4  29.2   4   4   0.00028      0.74    8.2   3.7   528   555   799   832   735   832 0.63 # 1675 # 4230 # -1 # ID=849_3;partial=00;start_type=ATG;rbs_motif=GGA/GAG/AGG;rbs_spacer=5-10bp;gc_cont=0.344
NODE_4626_length_275_cov_1.494949_2    -             75 91428at2             -            555   8.8e-11   41.0   3.2   1   1   4.6e-13   1.2e-09   37.2   3.2    99   146     4    72     1    74 0.71 # 51 # 275 # 1 # ID=4626_2;partial=01;start_type=TTG;rbs_motif=None;rbs_spacer=None;gc_cont=0.462
NODE_931_length_4159_cov_5.673513_2    -            610 91428at2             -            555    0.0061   15.1   0.0   1   1   5.8e-05      0.15   10.5   0.0   353   418    32    99    24   171 0.61 # 1424 # 3253 # 1 # ID=931_2;partial=00;start_type=TTG;rbs_motif=AGGA;rbs_spacer=5-10bp;gc_cont=0.338
NODE_5832_length_242_cov_2.690909_1    -             52 91428at2             -            555    0.0073   14.9   0.8   1   1     3e-06    0.0081   14.7   0.8   533   555     9    31     2    31 0.86 # 2 # 157 # 1 # ID=5832_1;partial=10;start_type=Edge;rbs_motif=None;rbs_spacer=None;gc_cont=0.404
NODE_4626_length_275_cov_1.494949_1    -             33 91428at2             -            555     0.024   13.2   0.0   1   1   9.2e-06     0.025   13.1   0.0    82   102     1    23     1    26 0.80 # 2 # 100 # 1 # ID=4626_1;partial=10;start_type=Edge;rbs_motif=None;rbs_spacer=None;gc_cont=0.424
NODE_203_length_18535_cov_54.842670_7  -            637 91428at2             -            555     0.097   11.2   0.0   1   2    0.0068        18    3.7   0.0   359   415    71   126    65   139 0.73 # 3302 # 5212 # -1 # ID=203_7;partial=00;start_type=ATG;rbs_motif=None;rbs_spacer=None;gc_cont=0.450
NODE_203_length_18535_cov_54.842670_7  -            637 91428at2             -            555     0.097   11.2   0.0   2   2    0.0022       5.9    5.3   0.0   438   464   175   201   158   251 0.82 # 3302 # 5212 # -1 # ID=203_7;partial=00;start_type=ATG;rbs_motif=None;rbs_spacer=None;gc_cont=0.450
NODE_4514_length_278_cov_1.472637_1    -             92 91428at2             -            555      0.53    8.7   7.3   1   1   0.00023      0.61    8.5   7.3   464   540     6    82     2    91 0.92 # 3 # 278 # -1 # ID=4514_1;partial=11;start_type=Edge;rbs_motif=None;rbs_spacer=None;gc_cont=0.348
#
# Program:         hmmsearch
# Version:         3.1b2 (February 2015)
# Pipeline mode:   SEARCH
# Query file:      /home/mira/Bacteria2022/Thiomargarita_magnifica/qc_assembly/busco_results/busco_downloads/lineages/bacteria_odb10/hmms/91428at2.hmm
# Target file:     /home/mira/Bacteria2022/Thiomargarita_magnifica/qc_assembly/busco_results/busco_results/prodigal_output/predicted_genes/predicted.faa
# Option settings: hmmsearch --domtblout /home/mira/Bacteria2022/Thiomargarita_magnifica/qc_assembly/busco_results/busco_results/auto_lineage/run_bacteria_odb10/hmmer_output/91428at2.out --cpu 1 /home/mira/Bacteria2022/Thiomargarita_magnifica/qc_assembly/busco_results/busco_downloads/lineages/bacteria_odb10/hmms/91428at2.hmm /home/mira/Bacteria2022/Thiomargarita_magnifica/qc_assembly/busco_results/busco_results/prodigal_output/predicted_genes/predicted.faa 
# Current dir:     /home/mira/Bacteria2022/Thiomargarita_magnifica/qc_assembly/busco_results
# Date:            Tue Jul 12 12:52:31 2022
# [ok]
