#                                                                                              --- full sequence --- -------------- this domain -------------   hmm coord   ali coord   env coord
# target name                          accession   tlen query name           accession   qlen   E-value  score  bias   #  of  c-Evalue  i-Evalue  score  bias  from    to  from    to  from    to  acc description of target
#                  ------------------- ---------- ----- -------------------- ---------- ----- --------- ------ ----- --- --- --------- --------- ------ ----- ----- ----- ----- ----- ----- ----- ---- ---------------------
NODE_206_length_18333_cov_98.442923_2  -            365 923547at2            -            319  1.2e-134  448.6   0.0   1   1  5.5e-138  1.5e-134  448.4   0.0     3   311     8   337     6   344 0.93 # 851 # 1945 # -1 # ID=206_2;partial=00;start_type=ATG;rbs_motif=None;rbs_spacer=None;gc_cont=0.458
NODE_1170_length_2751_cov_6.059760_1   -            332 923547at2            -            319  4.5e-120  400.8   0.0   1   1  1.9e-123  4.9e-120  400.7   0.0     3   315     3   327     1   331 0.92 # 41 # 1036 # -1 # ID=1170_1;partial=00;start_type=ATG;rbs_motif=AGGA;rbs_spacer=5-10bp;gc_cont=0.336
NODE_14_length_56554_cov_106.661384_21 -            345 923547at2            -            319   4.7e-09   36.0   0.4   1   1   3.9e-12     1e-08   34.9   0.4    76   302    79   300    77   310 0.84 # 19587 # 20621 # 1 # ID=14_21;partial=00;start_type=ATG;rbs_motif=GGA/GAG/AGG;rbs_spacer=5-10bp;gc_cont=0.489
NODE_812_length_5026_cov_7.831279_3    -            330 923547at2            -            319   5.5e-08   32.5   0.4   1   1   3.6e-11   9.6e-08   31.7   0.4    76   311    65   295    62   302 0.83 # 1470 # 2459 # 1 # ID=812_3;partial=00;start_type=ATG;rbs_motif=GGAGG;rbs_spacer=5-10bp;gc_cont=0.336
NODE_146_length_22397_cov_84.635394_11 -            320 923547at2            -            319     8e-05   22.1   0.0   1   1     4e-08   0.00011   21.7   0.0    73   188    61   171    26   216 0.76 # 7389 # 8348 # 1 # ID=146_11;partial=00;start_type=ATG;rbs_motif=AGGA/GGAG/GAGG;rbs_spacer=11-12bp;gc_cont=0.460
NODE_402_length_11269_cov_11.697641_8  -             40 923547at2            -            319    0.0003   20.3   0.1   1   1   1.1e-07    0.0003   20.3   0.1   280   315     1    35     1    39 0.91 # 5712 # 5831 # -1 # ID=402_8;partial=00;start_type=ATG;rbs_motif=AGGAG;rbs_spacer=5-10bp;gc_cont=0.308
NODE_558_length_8261_cov_11.926931_7   -            274 923547at2            -            319    0.0019   17.6   0.0   1   1   1.2e-06    0.0032   16.9   0.0    53   132    27   110    20   116 0.86 # 5946 # 6767 # -1 # ID=558_7;partial=00;start_type=ATG;rbs_motif=None;rbs_spacer=None;gc_cont=0.286
NODE_357_length_12448_cov_93.541751_1  -             76 923547at2            -            319     0.019   14.3   0.0   1   1   7.4e-06      0.02   14.3   0.0    21    68    10    58     3    69 0.89 # 194 # 421 # -1 # ID=357_1;partial=00;start_type=ATG;rbs_motif=GGAGG;rbs_spacer=5-10bp;gc_cont=0.373
#
# Program:         hmmsearch
# Version:         3.1b2 (February 2015)
# Pipeline mode:   SEARCH
# Query file:      /home/mira/Bacteria2022/Thiomargarita_magnifica/qc_assembly/busco_results/busco_downloads/lineages/bacteria_odb10/hmms/923547at2.hmm
# Target file:     /home/mira/Bacteria2022/Thiomargarita_magnifica/qc_assembly/busco_results/busco_results/prodigal_output/predicted_genes/predicted.faa
# Option settings: hmmsearch --domtblout /home/mira/Bacteria2022/Thiomargarita_magnifica/qc_assembly/busco_results/busco_results/auto_lineage/run_bacteria_odb10/hmmer_output/923547at2.out --cpu 1 /home/mira/Bacteria2022/Thiomargarita_magnifica/qc_assembly/busco_results/busco_downloads/lineages/bacteria_odb10/hmms/923547at2.hmm /home/mira/Bacteria2022/Thiomargarita_magnifica/qc_assembly/busco_results/busco_results/prodigal_output/predicted_genes/predicted.faa 
# Current dir:     /home/mira/Bacteria2022/Thiomargarita_magnifica/qc_assembly/busco_results
# Date:            Tue Jul 12 12:52:31 2022
# [ok]
