#                                                                                             --- full sequence --- -------------- this domain -------------   hmm coord   ali coord   env coord
# target name                         accession   tlen query name           accession   qlen   E-value  score  bias   #  of  c-Evalue  i-Evalue  score  bias  from    to  from    to  from    to  acc description of target
#                 ------------------- ---------- ----- -------------------- ---------- ----- --------- ------ ----- --- --- --------- --------- ------ ----- ----- ----- ----- ----- ----- ----- ---- ---------------------
NODE_19_length_54395_cov_98.907231_25 -            434 932993at2            -            255   5.4e-20   71.8  18.4   1   5   3.7e-09   3.9e-05   23.1   0.3     9    57    15    71    11    99 0.79 # 27912 # 29213 # 1 # ID=19_25;partial=00;start_type=ATG;rbs_motif=GGA/GAG/AGG;rbs_spacer=5-10bp;gc_cont=0.431
NODE_19_length_54395_cov_98.907231_25 -            434 932993at2            -            255   5.4e-20   71.8  18.4   2   5   7.7e-08   0.00082   18.8   0.0    66   119   102   174    82   177 0.88 # 27912 # 29213 # 1 # ID=19_25;partial=00;start_type=ATG;rbs_motif=GGA/GAG/AGG;rbs_spacer=5-10bp;gc_cont=0.431
NODE_19_length_54395_cov_98.907231_25 -            434 932993at2            -            255   5.4e-20   71.8  18.4   3   5   7.8e-09   8.4e-05   22.0   4.1   116   232   199   329   195   340 0.81 # 27912 # 29213 # 1 # ID=19_25;partial=00;start_type=ATG;rbs_motif=GGA/GAG/AGG;rbs_spacer=5-10bp;gc_cont=0.431
NODE_19_length_54395_cov_98.907231_25 -            434 932993at2            -            255   5.4e-20   71.8  18.4   4   5     0.012   1.3e+02    1.8   0.0   202   230   341   371   337   381 0.76 # 27912 # 29213 # 1 # ID=19_25;partial=00;start_type=ATG;rbs_motif=GGA/GAG/AGG;rbs_spacer=5-10bp;gc_cont=0.431
NODE_19_length_54395_cov_98.907231_25 -            434 932993at2            -            255   5.4e-20   71.8  18.4   5   5   5.1e-06     0.055   12.8   0.3   217   255   386   424   384   424 0.95 # 27912 # 29213 # 1 # ID=19_25;partial=00;start_type=ATG;rbs_motif=GGA/GAG/AGG;rbs_spacer=5-10bp;gc_cont=0.431
NODE_124_length_24743_cov_6.685640_16 -            434 932993at2            -            255   3.8e-12   46.1  31.7   1   5     2e-06     0.021   14.2   0.2    15    49    22    61     9    74 0.80 # 17640 # 18941 # -1 # ID=124_16;partial=00;start_type=ATG;rbs_motif=GGAG/GAGG;rbs_spacer=5-10bp;gc_cont=0.328
NODE_124_length_24743_cov_6.685640_16 -            434 932993at2            -            255   3.8e-12   46.1  31.7   2   5   1.9e-06      0.02   14.2   0.2    65   121   102   179    99   194 0.74 # 17640 # 18941 # -1 # ID=124_16;partial=00;start_type=ATG;rbs_motif=GGAG/GAGG;rbs_spacer=5-10bp;gc_cont=0.328
NODE_124_length_24743_cov_6.685640_16 -            434 932993at2            -            255   3.8e-12   46.1  31.7   3   5   6.1e-10   6.5e-06   25.7   6.3   117   181   202   284   199   297 0.75 # 17640 # 18941 # -1 # ID=124_16;partial=00;start_type=ATG;rbs_motif=GGAG/GAGG;rbs_spacer=5-10bp;gc_cont=0.328
NODE_124_length_24743_cov_6.685640_16 -            434 932993at2            -            255   3.8e-12   46.1  31.7   4   5      0.01   1.1e+02    2.0   1.8   184   234   303   350   287   353 0.72 # 17640 # 18941 # -1 # ID=124_16;partial=00;start_type=ATG;rbs_motif=GGAG/GAGG;rbs_spacer=5-10bp;gc_cont=0.328
NODE_124_length_24743_cov_6.685640_16 -            434 932993at2            -            255   3.8e-12   46.1  31.7   5   5     0.011   1.1e+02    2.0   5.8   197   231   349   384   321   395 0.76 # 17640 # 18941 # -1 # ID=124_16;partial=00;start_type=ATG;rbs_motif=GGAG/GAGG;rbs_spacer=5-10bp;gc_cont=0.328
#
# Program:         hmmsearch
# Version:         3.1b2 (February 2015)
# Pipeline mode:   SEARCH
# Query file:      /home/mira/Bacteria2022/Thiomargarita_magnifica/qc_assembly/busco_results/busco_downloads/lineages/bacteria_odb10/hmms/932993at2.hmm
# Target file:     /home/mira/Bacteria2022/Thiomargarita_magnifica/qc_assembly/busco_results/busco_results/prodigal_output/predicted_genes/predicted.faa
# Option settings: hmmsearch --domtblout /home/mira/Bacteria2022/Thiomargarita_magnifica/qc_assembly/busco_results/busco_results/auto_lineage/run_bacteria_odb10/hmmer_output/932993at2.out --cpu 1 /home/mira/Bacteria2022/Thiomargarita_magnifica/qc_assembly/busco_results/busco_downloads/lineages/bacteria_odb10/hmms/932993at2.hmm /home/mira/Bacteria2022/Thiomargarita_magnifica/qc_assembly/busco_results/busco_results/prodigal_output/predicted_genes/predicted.faa 
# Current dir:     /home/mira/Bacteria2022/Thiomargarita_magnifica/qc_assembly/busco_results
# Date:            Tue Jul 12 12:52:32 2022
# [ok]
