#                                                                                              --- full sequence --- -------------- this domain -------------   hmm coord   ali coord   env coord
# target name                          accession   tlen query name           accession   qlen   E-value  score  bias   #  of  c-Evalue  i-Evalue  score  bias  from    to  from    to  from    to  acc description of target
#                  ------------------- ---------- ----- -------------------- ---------- ----- --------- ------ ----- --- --- --------- --------- ------ ----- ----- ----- ----- ----- ----- ----- ---- ---------------------
NODE_178_length_20021_cov_72.209386_7  -            678 95696at2             -            490  6.3e-225  747.7   7.2   1   1  5.6e-226  5.2e-223  741.3   7.2     1   478    35   590    35   597 0.90 # 3958 # 5991 # -1 # ID=178_7;partial=00;start_type=ATG;rbs_motif=GGA/GAG/AGG;rbs_spacer=5-10bp;gc_cont=0.453
NODE_570_length_8013_cov_4.558972_1    -            658 95696at2             -            490  6.4e-195  648.7  19.1   1   2    8e-197  7.4e-194  645.2  13.1     2   476    35   590    34   603 0.85 # 536 # 2509 # 1 # ID=570_1;partial=00;start_type=ATG;rbs_motif=None;rbs_spacer=None;gc_cont=0.336
NODE_570_length_8013_cov_4.558972_1    -            658 95696at2             -            490  6.4e-195  648.7  19.1   2   2      0.47   4.3e+02   -0.5   0.4   446   490   606   651   597   651 0.78 # 536 # 2509 # 1 # ID=570_1;partial=00;start_type=ATG;rbs_motif=None;rbs_spacer=None;gc_cont=0.336
NODE_5554_length_249_cov_1.720930_1    -             82 95696at2             -            490   1.7e-43  149.2   0.9   1   1     2e-46   1.9e-43  149.1   0.9   361   441     1    82     1    82 0.97 # 3 # 248 # 1 # ID=5554_1;partial=11;start_type=Edge;rbs_motif=None;rbs_spacer=None;gc_cont=0.573
NODE_4373_length_283_cov_1.878641_1    -             94 95696at2             -            490   1.5e-42  146.1   0.2   1   1   1.7e-45   1.6e-42  146.0   0.2   367   457     1    93     1    94 0.96 # 2 # 283 # 1 # ID=4373_1;partial=11;start_type=Edge;rbs_motif=None;rbs_spacer=None;gc_cont=0.348
NODE_3943_length_319_cov_1.834711_1    -            106 95696at2             -            490   3.3e-30  105.4   0.0   1   1   3.6e-33   3.3e-30  105.4   0.0   228   310     3    95     1   106 0.87 # 2 # 319 # -1 # ID=3943_1;partial=11;start_type=Edge;rbs_motif=None;rbs_spacer=None;gc_cont=0.355
NODE_6123_length_235_cov_0.936709_1    -             78 95696at2             -            490   2.2e-29  102.7   0.0   1   1   2.6e-32   2.4e-29  102.6   0.0   210   282     1    78     1    78 0.94 # 1 # 234 # -1 # ID=6123_1;partial=11;start_type=Edge;rbs_motif=None;rbs_spacer=None;gc_cont=0.466
NODE_585_length_7769_cov_87.771061_4   -           1149 95696at2             -            490   2.4e-10   39.9   0.9   1   3   4.3e-05      0.04   12.8   0.0   118   250   143   285    34   297 0.77 # 4052 # 7498 # 1 # ID=585_4;partial=00;start_type=ATG;rbs_motif=None;rbs_spacer=None;gc_cont=0.451
NODE_585_length_7769_cov_87.771061_4   -           1149 95696at2             -            490   2.4e-10   39.9   0.9   2   3     0.034        31    3.2   0.0   339   417   654   735   625   745 0.76 # 4052 # 7498 # 1 # ID=585_4;partial=00;start_type=ATG;rbs_motif=None;rbs_spacer=None;gc_cont=0.451
NODE_585_length_7769_cov_87.771061_4   -           1149 95696at2             -            490   2.4e-10   39.9   0.9   3   3     2e-07   0.00019   20.5   0.2   350   445   827   916   811   933 0.81 # 4052 # 7498 # 1 # ID=585_4;partial=00;start_type=ATG;rbs_motif=None;rbs_spacer=None;gc_cont=0.451
NODE_482_length_9626_cov_116.449785_11 -            488 95696at2             -            490   1.3e-09   37.5   0.8   1   2    0.0092       8.5    5.1   0.0     7    47   107   147   102   155 0.91 # 7940 # 9403 # 1 # ID=482_11;partial=00;start_type=ATG;rbs_motif=AGGAG;rbs_spacer=5-10bp;gc_cont=0.476
NODE_482_length_9626_cov_116.449785_11 -            488 95696at2             -            490   1.3e-09   37.5   0.8   2   2   1.6e-10   1.5e-07   30.7   0.3   367   458   391   480   367   486 0.81 # 7940 # 9403 # 1 # ID=482_11;partial=00;start_type=ATG;rbs_motif=AGGAG;rbs_spacer=5-10bp;gc_cont=0.476
NODE_442_length_10313_cov_5.013677_6   -            432 95696at2             -            490   2.7e-09   36.4   0.1   1   2      0.14   1.3e+02    1.2   0.0     7    49    47    99    42   106 0.73 # 6287 # 7582 # 1 # ID=442_6;partial=00;start_type=ATG;rbs_motif=GGA/GAG/AGG;rbs_spacer=5-10bp;gc_cont=0.306
NODE_442_length_10313_cov_5.013677_6   -            432 95696at2             -            490   2.7e-09   36.4   0.1   2   2   3.5e-11   3.2e-08   32.9   0.0   336   408   243   315   231   351 0.89 # 6287 # 7582 # 1 # ID=442_6;partial=00;start_type=ATG;rbs_motif=GGA/GAG/AGG;rbs_spacer=5-10bp;gc_cont=0.306
NODE_330_length_13437_cov_65.433234_5  -            735 95696at2             -            490   3.7e-09   36.0   0.3   1   2   9.4e-05     0.087   11.7   0.0     3    47   226   273   224   280 0.89 # 1649 # 3853 # -1 # ID=330_5;partial=00;start_type=ATG;rbs_motif=None;rbs_spacer=None;gc_cont=0.459
NODE_330_length_13437_cov_65.433234_5  -            735 95696at2             -            490   3.7e-09   36.0   0.3   2   2   5.7e-08   5.3e-05   22.3   0.1   345   435   495   592   488   604 0.76 # 1649 # 3853 # -1 # ID=330_5;partial=00;start_type=ATG;rbs_motif=None;rbs_spacer=None;gc_cont=0.459
NODE_620_length_7200_cov_4.254528_6    -            697 95696at2             -            490   5.5e-09   35.4   0.8   1   3       1.1     1e+03   -1.8   0.0   207   255    26    74    21    81 0.78 # 5108 # 7198 # -1 # ID=620_6;partial=01;start_type=Edge;rbs_motif=None;rbs_spacer=None;gc_cont=0.302
NODE_620_length_7200_cov_4.254528_6    -            697 95696at2             -            490   5.5e-09   35.4   0.8   2   3    0.0021       1.9    7.2   0.0   342   411   244   312   216   325 0.79 # 5108 # 7198 # -1 # ID=620_6;partial=01;start_type=Edge;rbs_motif=None;rbs_spacer=None;gc_cont=0.302
NODE_620_length_7200_cov_4.254528_6    -            697 95696at2             -            490   5.5e-09   35.4   0.8   3   3     6e-09   5.5e-06   25.5   0.1   360   436   418   490   401   513 0.82 # 5108 # 7198 # -1 # ID=620_6;partial=01;start_type=Edge;rbs_motif=None;rbs_spacer=None;gc_cont=0.302
NODE_5633_length_247_cov_1.741176_1    -             81 95696at2             -            490   1.1e-08   34.5   0.2   1   1   1.2e-11   1.1e-08   34.4   0.2   173   219    29    81     5    81 0.76 # 3 # 245 # 1 # ID=5633_1;partial=11;start_type=Edge;rbs_motif=None;rbs_spacer=None;gc_cont=0.296
NODE_457_length_10025_cov_4.881082_10  -            483 95696at2             -            490     8e-08   31.6   0.1   1   2     0.019        18    4.0   0.1     5    46    45    91    41   103 0.78 # 8168 # 9616 # -1 # ID=457_10;partial=00;start_type=ATG;rbs_motif=AGGA;rbs_spacer=5-10bp;gc_cont=0.324
NODE_457_length_10025_cov_4.881082_10  -            483 95696at2             -            490     8e-08   31.6   0.1   2   2   6.7e-09   6.2e-06   25.3   0.0   338   408   238   308   231   328 0.92 # 8168 # 9616 # -1 # ID=457_10;partial=00;start_type=ATG;rbs_motif=AGGA;rbs_spacer=5-10bp;gc_cont=0.324
NODE_210_length_17918_cov_7.085533_4   -            455 95696at2             -            490   9.2e-08   31.4   2.1   1   2    0.0001     0.095   11.5   0.2     6    46    48    94    43   103 0.78 # 3699 # 5063 # 1 # ID=210_4;partial=00;start_type=TTG;rbs_motif=None;rbs_spacer=None;gc_cont=0.290
NODE_210_length_17918_cov_7.085533_4   -            455 95696at2             -            490   9.2e-08   31.4   2.1   2   2     4e-07   0.00037   19.5   0.1   344   434   248   333   215   349 0.82 # 3699 # 5063 # 1 # ID=210_4;partial=00;start_type=TTG;rbs_motif=None;rbs_spacer=None;gc_cont=0.290
NODE_1443_length_1860_cov_3.368480_2   -            540 95696at2             -            490   9.8e-07   28.0   0.4   1   2   0.00083      0.77    8.6   0.0     3    50   132   182   130   190 0.86 # 240 # 1859 # 1 # ID=1443_2;partial=01;start_type=GTG;rbs_motif=AGGA;rbs_spacer=5-10bp;gc_cont=0.301
NODE_1443_length_1860_cov_3.368480_2   -            540 95696at2             -            490   9.8e-07   28.0   0.4   2   2   2.3e-06    0.0021   17.0   0.0   348   443   393   496   377   515 0.72 # 240 # 1859 # 1 # ID=1443_2;partial=01;start_type=GTG;rbs_motif=AGGA;rbs_spacer=5-10bp;gc_cont=0.301
NODE_43_length_40552_cov_92.357085_7   -            431 95696at2             -            490     1e-05   24.7   0.3   1   2      0.95   8.8e+02   -1.5   0.0    20    46    70    97    45   104 0.70 # 7821 # 9113 # 1 # ID=43_7;partial=00;start_type=GTG;rbs_motif=GGAG/GAGG;rbs_spacer=5-10bp;gc_cont=0.477
NODE_43_length_40552_cov_92.357085_7   -            431 95696at2             -            490     1e-05   24.7   0.3   2   2     3e-08   2.8e-05   23.2   0.1   334   413   242   321   192   348 0.80 # 7821 # 9113 # 1 # ID=43_7;partial=00;start_type=GTG;rbs_motif=GGAG/GAGG;rbs_spacer=5-10bp;gc_cont=0.477
NODE_43_length_40552_cov_92.357085_2   -            696 95696at2             -            490   3.3e-05   23.0   0.2   1   2      0.53     5e+02   -0.7   0.0     3    47   296   343   294   405 0.67 # 1051 # 3138 # 1 # ID=43_2;partial=00;start_type=TTG;rbs_motif=GGA/GAG/AGG;rbs_spacer=5-10bp;gc_cont=0.457
NODE_43_length_40552_cov_92.357085_2   -            696 95696at2             -            490   3.3e-05   23.0   0.2   2   2   1.4e-07   0.00013   21.0   0.1   346   443   503   601   493   620 0.85 # 1051 # 3138 # 1 # ID=43_2;partial=00;start_type=TTG;rbs_motif=GGA/GAG/AGG;rbs_spacer=5-10bp;gc_cont=0.457
NODE_553_length_8306_cov_100.086888_13 -            462 95696at2             -            490   0.00013   21.1   0.3   1   2    0.0023       2.2    7.1   0.0     4    46    48    96    45    99 0.76 # 5526 # 6911 # -1 # ID=553_13;partial=00;start_type=TTG;rbs_motif=AGGA;rbs_spacer=5-10bp;gc_cont=0.504
NODE_553_length_8306_cov_100.086888_13 -            462 95696at2             -            490   0.00013   21.1   0.3   2   2   7.4e-05     0.068   12.0   0.1   340   442   248   345   238   365 0.81 # 5526 # 6911 # -1 # ID=553_13;partial=00;start_type=TTG;rbs_motif=AGGA;rbs_spacer=5-10bp;gc_cont=0.504
NODE_4746_length_272_cov_0.758974_1    -             90 95696at2             -            490   0.00067   18.6   0.0   1   1     8e-07   0.00074   18.5   0.0   360   418    21    79     7    88 0.90 # 1 # 270 # 1 # ID=4746_1;partial=11;start_type=Edge;rbs_motif=None;rbs_spacer=None;gc_cont=0.430
NODE_497_length_9267_cov_5.312187_5    -            703 95696at2             -            490    0.0013   17.7   0.0   1   1   4.5e-06    0.0042   16.0   0.0   340   443   231   332   215   372 0.77 # 2721 # 4829 # -1 # ID=497_5;partial=00;start_type=ATG;rbs_motif=None;rbs_spacer=None;gc_cont=0.294
NODE_6193_length_233_cov_1.365385_1    -             77 95696at2             -            490    0.0071   15.3   0.0   1   1   9.1e-06    0.0084   15.0   0.0   341   405     7    71     3    75 0.89 # 1 # 231 # 1 # ID=6193_1;partial=11;start_type=Edge;rbs_motif=None;rbs_spacer=None;gc_cont=0.299
NODE_1598_length_1543_cov_2.768759_2   -            221 95696at2             -            490     0.014   14.3   0.1   1   1   2.2e-05      0.02   13.7   0.1   134   166   129   165   105   182 0.79 # 132 # 794 # -1 # ID=1598_2;partial=00;start_type=ATG;rbs_motif=None;rbs_spacer=None;gc_cont=0.262
NODE_227_length_17115_cov_104.203075_8 -            551 95696at2             -            490      0.11   11.4   0.0   1   2    0.0079       7.3    5.3   0.0     7    52   213   260   208   313 0.90 # 4335 # 5987 # -1 # ID=227_8;partial=00;start_type=ATG;rbs_motif=None;rbs_spacer=None;gc_cont=0.420
NODE_227_length_17115_cov_104.203075_8 -            551 95696at2             -            490      0.11   11.4   0.0   2   2     0.023        21    3.8   0.0   362   434   440   508   412   527 0.77 # 4335 # 5987 # -1 # ID=227_8;partial=00;start_type=ATG;rbs_motif=None;rbs_spacer=None;gc_cont=0.420
#
# Program:         hmmsearch
# Version:         3.1b2 (February 2015)
# Pipeline mode:   SEARCH
# Query file:      /home/mira/Bacteria2022/Thiomargarita_magnifica/qc_assembly/busco_results/busco_downloads/lineages/bacteria_odb10/hmms/95696at2.hmm
# Target file:     /home/mira/Bacteria2022/Thiomargarita_magnifica/qc_assembly/busco_results/busco_results/prodigal_output/predicted_genes/predicted.faa
# Option settings: hmmsearch --domtblout /home/mira/Bacteria2022/Thiomargarita_magnifica/qc_assembly/busco_results/busco_results/auto_lineage/run_bacteria_odb10/hmmer_output/95696at2.out --cpu 1 /home/mira/Bacteria2022/Thiomargarita_magnifica/qc_assembly/busco_results/busco_downloads/lineages/bacteria_odb10/hmms/95696at2.hmm /home/mira/Bacteria2022/Thiomargarita_magnifica/qc_assembly/busco_results/busco_results/prodigal_output/predicted_genes/predicted.faa 
# Current dir:     /home/mira/Bacteria2022/Thiomargarita_magnifica/qc_assembly/busco_results
# Date:            Tue Jul 12 12:52:32 2022
# [ok]
