#                                                                                               --- full sequence --- -------------- this domain -------------   hmm coord   ali coord   env coord
# target name                           accession   tlen query name           accession   qlen   E-value  score  bias   #  of  c-Evalue  i-Evalue  score  bias  from    to  from    to  from    to  acc description of target
#                   ------------------- ---------- ----- -------------------- ---------- ----- --------- ------ ----- --- --- --------- --------- ------ ----- ----- ----- ----- ----- ----- ----- ---- ---------------------
NODE_273_length_15254_cov_91.901100_5   -            299 984717at2            -            224   5.5e-68  229.0   3.0   1   2     1e-36   8.2e-34  117.3   0.0     1   111     9   135     9   148 0.82 # 3915 # 4811 # -1 # ID=273_5;partial=00;start_type=ATG;rbs_motif=GGA/GAG/AGG;rbs_spacer=5-10bp;gc_cont=0.447
NODE_273_length_15254_cov_91.901100_5   -            299 984717at2            -            224   5.5e-68  229.0   3.0   2   2   2.3e-34   1.9e-31  109.6   1.0   109   223   160   294   153   295 0.86 # 3915 # 4811 # -1 # ID=273_5;partial=00;start_type=ATG;rbs_motif=GGA/GAG/AGG;rbs_spacer=5-10bp;gc_cont=0.447
NODE_928_length_4179_cov_7.396392_2     -            294 984717at2            -            224   6.6e-49  166.6  11.5   1   1   2.5e-47   2.1e-44  151.9  11.5     1   224     6   290     6   290 0.74 # 96 # 977 # -1 # ID=928_2;partial=00;start_type=ATG;rbs_motif=AGGA;rbs_spacer=5-10bp;gc_cont=0.296
NODE_741_length_5774_cov_3.438301_3     -            505 984717at2            -            224   1.6e-30  106.5   0.2   1   2   5.7e-20   4.7e-17   62.5   0.0     2   109     4   127     3   138 0.80 # 2582 # 4096 # -1 # ID=741_3;partial=00;start_type=ATG;rbs_motif=AGGA;rbs_spacer=5-10bp;gc_cont=0.303
NODE_741_length_5774_cov_3.438301_3     -            505 984717at2            -            224   1.6e-30  106.5   0.2   2   2   1.5e-13   1.3e-10   41.4   0.0     2    87   209   302   208   339 0.73 # 2582 # 4096 # -1 # ID=741_3;partial=00;start_type=ATG;rbs_motif=AGGA;rbs_spacer=5-10bp;gc_cont=0.303
NODE_552_length_8313_cov_74.095799_6    -            463 984717at2            -            224   1.2e-28  100.4   0.1   1   2   9.2e-15   7.6e-12   45.4   0.0     2   105     5   125     4   137 0.72 # 5517 # 6905 # 1 # ID=552_6;partial=00;start_type=ATG;rbs_motif=None;rbs_spacer=None;gc_cont=0.459
NODE_552_length_8313_cov_74.095799_6    -            463 984717at2            -            224   1.2e-28  100.4   0.1   2   2   5.8e-17   4.7e-14   52.6   0.0     2   103   177   284   176   304 0.74 # 5517 # 6905 # 1 # ID=552_6;partial=00;start_type=ATG;rbs_motif=None;rbs_spacer=None;gc_cont=0.459
NODE_520_length_8838_cov_8.233307_6     -            453 984717at2            -            224   3.1e-15   56.5   1.5   1   1   7.5e-18   6.1e-15   55.5   1.5     2   104   219   326   218   360 0.84 # 4861 # 6219 # -1 # ID=520_6;partial=00;start_type=ATG;rbs_motif=AGxAG;rbs_spacer=5-10bp;gc_cont=0.289
NODE_1356_length_2105_cov_3.564103_2    -            414 984717at2            -            224     1e-11   45.0   0.1   1   2      0.31   2.5e+02    1.2   0.0    92   110    16    34     6    45 0.80 # 863 # 2104 # -1 # ID=1356_2;partial=01;start_type=Edge;rbs_motif=None;rbs_spacer=None;gc_cont=0.297
NODE_1356_length_2105_cov_3.564103_2    -            414 984717at2            -            224     1e-11   45.0   0.1   2   2   1.8e-13   1.5e-10   41.2   0.0     2    87   117   210   116   243 0.73 # 863 # 2104 # -1 # ID=1356_2;partial=01;start_type=Edge;rbs_motif=None;rbs_spacer=None;gc_cont=0.297
NODE_79_length_29016_cov_89.760358_23   -            467 984717at2            -            224   6.2e-10   39.2   0.0   1   1   1.3e-12     1e-09   38.4   0.0     2   104   243   358   242   377 0.74 # 12506 # 13906 # 1 # ID=79_23;partial=00;start_type=ATG;rbs_motif=4Base/6BMM;rbs_spacer=13-15bp;gc_cont=0.476
NODE_32_length_44052_cov_102.160569_22  -            426 984717at2            -            224   6.3e-09   35.9   0.3   1   1   1.8e-11   1.4e-08   34.7   0.3     2   104   200   308   199   327 0.79 # 23267 # 24544 # 1 # ID=32_22;partial=00;start_type=ATG;rbs_motif=GGAG/GAGG;rbs_spacer=5-10bp;gc_cont=0.487
NODE_123_length_24851_cov_5.635465_28   -            680 984717at2            -            224   1.3e-06   28.3   0.9   1   2   5.2e-09   4.2e-06   26.6   0.1     2   100     6   109     5   124 0.83 # 22710 # 24749 # -1 # ID=123_28;partial=00;start_type=ATG;rbs_motif=GGAG/GAGG;rbs_spacer=5-10bp;gc_cont=0.328
NODE_123_length_24851_cov_5.635465_28   -            680 984717at2            -            224   1.3e-06   28.3   0.9   2   2       1.3   1.1e+03   -0.8   0.1    70   116   210   255   198   291 0.63 # 22710 # 24749 # -1 # ID=123_28;partial=00;start_type=ATG;rbs_motif=GGAG/GAGG;rbs_spacer=5-10bp;gc_cont=0.328
NODE_265_length_15844_cov_108.657639_6  -            779 984717at2            -            224   1.8e-06   27.9   0.8   1   1   6.1e-09     5e-06   26.4   0.7     2   107     6   128     5   258 0.72 # 4414 # 6750 # 1 # ID=265_6;partial=00;start_type=ATG;rbs_motif=GGAG/GAGG;rbs_spacer=5-10bp;gc_cont=0.452
NODE_407_length_11154_cov_10.880563_5   -            866 984717at2            -            224   1.6e-05   24.7   0.5   1   1   4.3e-08   3.5e-05   23.6   0.5     2   113   368   486   367   498 0.78 # 3885 # 6482 # 1 # ID=407_5;partial=00;start_type=ATG;rbs_motif=AGGAG/GGAGG;rbs_spacer=11-12bp;gc_cont=0.339
NODE_76_length_29591_cov_91.055804_6    -            919 984717at2            -            224   4.5e-05   23.3   1.9   1   2      0.58   4.8e+02    0.3   0.2    14    63   344   392   342   409 0.79 # 10125 # 12881 # 1 # ID=76_6;partial=00;start_type=ATG;rbs_motif=None;rbs_spacer=None;gc_cont=0.496
NODE_76_length_29591_cov_91.055804_6    -            919 984717at2            -            224   4.5e-05   23.3   1.9   2   2   1.7e-07   0.00014   21.7   0.1     2   106   423   534   422   556 0.78 # 10125 # 12881 # 1 # ID=76_6;partial=00;start_type=ATG;rbs_motif=None;rbs_spacer=None;gc_cont=0.496
NODE_102_length_26316_cov_134.332863_34 -            354 984717at2            -            224     6e-05   22.9   0.1   1   2       2.6   2.1e+03   -1.8   0.1    92   122   142   171   107   181 0.58 # 22345 # 23406 # 1 # ID=102_34;partial=00;start_type=ATG;rbs_motif=None;rbs_spacer=None;gc_cont=0.357
NODE_102_length_26316_cov_134.332863_34 -            354 984717at2            -            224     6e-05   22.9   0.1   2   2   1.7e-07   0.00014   21.6   0.0     3    72   198   270   196   349 0.75 # 22345 # 23406 # 1 # ID=102_34;partial=00;start_type=ATG;rbs_motif=None;rbs_spacer=None;gc_cont=0.357
NODE_157_length_21232_cov_45.818104_2   -            195 984717at2            -            224   0.00081   19.2   0.0   1   2     3e-06    0.0024   17.6   0.0     2    56    27    80    26   101 0.79 # 3145 # 3729 # -1 # ID=157_2;partial=00;start_type=ATG;rbs_motif=None;rbs_spacer=None;gc_cont=0.484
NODE_157_length_21232_cov_45.818104_2   -            195 984717at2            -            224   0.00081   19.2   0.0   2   2       2.3   1.9e+03   -1.7   0.0    88   105   132   149   114   163 0.80 # 3145 # 3729 # -1 # ID=157_2;partial=00;start_type=ATG;rbs_motif=None;rbs_spacer=None;gc_cont=0.484
NODE_182_length_19808_cov_61.436521_14  -            338 984717at2            -            224   0.00088   19.0   0.0   1   2   7.3e-05      0.06   13.0   0.0     2    58   162   219   161   228 0.74 # 18088 # 19101 # 1 # ID=182_14;partial=00;start_type=ATG;rbs_motif=GGAG/GAGG;rbs_spacer=5-10bp;gc_cont=0.450
NODE_182_length_19808_cov_61.436521_14  -            338 984717at2            -            224   0.00088   19.0   0.0   2   2     0.042        34    4.0   0.0    74   108   257   291   239   323 0.82 # 18088 # 19101 # 1 # ID=182_14;partial=00;start_type=ATG;rbs_motif=GGAG/GAGG;rbs_spacer=5-10bp;gc_cont=0.450
NODE_689_length_6447_cov_3.553846_3     -            365 984717at2            -            224   0.00098   18.9   0.0   1   1   3.5e-06    0.0029   17.4   0.0     2    60   161   220   160   296 0.70 # 893 # 1987 # -1 # ID=689_3;partial=00;start_type=ATG;rbs_motif=AGGA/GGAG/GAGG;rbs_spacer=11-12bp;gc_cont=0.327
NODE_18_length_54583_cov_105.176054_46  -            364 984717at2            -            224    0.0011   18.7   0.0   1   1   2.9e-06    0.0024   17.6   0.0     3    24     6    27     4    33 0.90 # 41422 # 42513 # -1 # ID=18_46;partial=00;start_type=ATG;rbs_motif=GGA/GAG/AGG;rbs_spacer=5-10bp;gc_cont=0.468
NODE_126_length_24396_cov_8.516798_9    -            207 984717at2            -            224    0.0019   17.9   0.0   1   2   6.7e-06    0.0055   16.4   0.0     2    28    26    53    25    69 0.81 # 7317 # 7937 # -1 # ID=126_9;partial=00;start_type=GTG;rbs_motif=None;rbs_spacer=None;gc_cont=0.288
NODE_126_length_24396_cov_8.516798_9    -            207 984717at2            -            224    0.0019   17.9   0.0   2   2       3.6   2.9e+03   -2.3   0.0    64   219    98   107    77   111 0.61 # 7317 # 7937 # -1 # ID=126_9;partial=00;start_type=GTG;rbs_motif=None;rbs_spacer=None;gc_cont=0.288
NODE_145_length_22521_cov_74.594368_13  -            766 984717at2            -            224    0.0029   17.3   0.1   1   2    0.0018       1.5    8.5   0.1     2    27    56    81    55    99 0.80 # 17971 # 20268 # -1 # ID=145_13;partial=00;start_type=ATG;rbs_motif=AGGA;rbs_spacer=5-10bp;gc_cont=0.351
NODE_145_length_22521_cov_74.594368_13  -            766 984717at2            -            224    0.0029   17.3   0.1   2   2    0.0092       7.6    6.2   0.0    46   117   256   324   223   338 0.74 # 17971 # 20268 # -1 # ID=145_13;partial=00;start_type=ATG;rbs_motif=AGGA;rbs_spacer=5-10bp;gc_cont=0.351
NODE_178_length_20021_cov_72.209386_16  -            683 984717at2            -            224    0.0069   16.1   0.4   1   2     0.002       1.6    8.3   0.2     2    26    12    36    11    46 0.90 # 13374 # 15422 # 1 # ID=178_16;partial=00;start_type=ATG;rbs_motif=GGA/GAG/AGG;rbs_spacer=5-10bp;gc_cont=0.487
NODE_178_length_20021_cov_72.209386_16  -            683 984717at2            -            224    0.0069   16.1   0.4   2   2     0.013        11    5.7   0.0    37   103    65   138    55   152 0.60 # 13374 # 15422 # 1 # ID=178_16;partial=00;start_type=ATG;rbs_motif=GGA/GAG/AGG;rbs_spacer=5-10bp;gc_cont=0.487
NODE_143_length_22629_cov_71.935394_9   -            490 984717at2            -            224    0.0093   15.7   0.0   1   2     6e-05     0.049   13.3   0.0     1    31    59    89    59   114 0.80 # 9297 # 10766 # 1 # ID=143_9;partial=00;start_type=ATG;rbs_motif=AGGA;rbs_spacer=5-10bp;gc_cont=0.461
NODE_143_length_22629_cov_71.935394_9   -            490 984717at2            -            224    0.0093   15.7   0.0   2   2      0.95   7.8e+02   -0.4   0.0    48   102   156   214   126   249 0.66 # 9297 # 10766 # 1 # ID=143_9;partial=00;start_type=ATG;rbs_motif=AGGA;rbs_spacer=5-10bp;gc_cont=0.461
NODE_885_length_4534_cov_9.750280_5     -            367 984717at2            -            224    0.0096   15.7   0.1   1   1   2.7e-05     0.022   14.4   0.1     2    23     5    26     4    45 0.87 # 2078 # 3178 # -1 # ID=885_5;partial=00;start_type=ATG;rbs_motif=AGGA;rbs_spacer=5-10bp;gc_cont=0.349
NODE_997_length_3712_cov_8.114014_4     -            223 984717at2            -            224     0.024   14.4   0.5   1   2    0.0016       1.4    8.6   0.1     2    19    39    56    38    59 0.90 # 2957 # 3625 # -1 # ID=997_4;partial=00;start_type=ATG;rbs_motif=AGGAG;rbs_spacer=5-10bp;gc_cont=0.290
NODE_997_length_3712_cov_8.114014_4     -            223 984717at2            -            224     0.024   14.4   0.5   2   2     0.039        32    4.1   0.1    17    65   131   180   121   217 0.65 # 2957 # 3625 # -1 # ID=997_4;partial=00;start_type=ATG;rbs_motif=AGGAG;rbs_spacer=5-10bp;gc_cont=0.290
NODE_194_length_19140_cov_97.441326_13  -            828 984717at2            -            224     0.041   13.6   0.3   1   2    0.0032       2.6    7.7   0.2     2    25    71    94    70   112 0.82 # 14545 # 17028 # 1 # ID=194_13;partial=00;start_type=ATG;rbs_motif=AGGA;rbs_spacer=5-10bp;gc_cont=0.403
NODE_194_length_19140_cov_97.441326_13  -            828 984717at2            -            224     0.041   13.6   0.3   2   2      0.11        87    2.7   0.0    47    85   238   279   232   326 0.77 # 14545 # 17028 # 1 # ID=194_13;partial=00;start_type=ATG;rbs_motif=AGGA;rbs_spacer=5-10bp;gc_cont=0.403
NODE_665_length_6687_cov_93.432375_5    -            692 984717at2            -            224     0.058   13.1   0.0   1   1   0.00018      0.15   11.8   0.0     2    22    92   112    91   123 0.91 # 2154 # 4229 # -1 # ID=665_5;partial=00;start_type=ATG;rbs_motif=GGAGG;rbs_spacer=5-10bp;gc_cont=0.434
NODE_336_length_13122_cov_123.830126_1  -            115 984717at2            -            224       0.2   11.4   0.1   1   1    0.0003      0.25   11.0   0.1     2    37    16    50    15    61 0.90 # 3 # 347 # -1 # ID=336_1;partial=10;start_type=ATG;rbs_motif=None;rbs_spacer=None;gc_cont=0.403
#
# Program:         hmmsearch
# Version:         3.1b2 (February 2015)
# Pipeline mode:   SEARCH
# Query file:      /home/mira/Bacteria2022/Thiomargarita_magnifica/qc_assembly/busco_results/busco_downloads/lineages/bacteria_odb10/hmms/984717at2.hmm
# Target file:     /home/mira/Bacteria2022/Thiomargarita_magnifica/qc_assembly/busco_results/busco_results/prodigal_output/predicted_genes/predicted.faa
# Option settings: hmmsearch --domtblout /home/mira/Bacteria2022/Thiomargarita_magnifica/qc_assembly/busco_results/busco_results/auto_lineage/run_bacteria_odb10/hmmer_output/984717at2.out --cpu 1 /home/mira/Bacteria2022/Thiomargarita_magnifica/qc_assembly/busco_results/busco_downloads/lineages/bacteria_odb10/hmms/984717at2.hmm /home/mira/Bacteria2022/Thiomargarita_magnifica/qc_assembly/busco_results/busco_results/prodigal_output/predicted_genes/predicted.faa 
# Current dir:     /home/mira/Bacteria2022/Thiomargarita_magnifica/qc_assembly/busco_results
# Date:            Tue Jul 12 12:52:31 2022
# [ok]
