#                                                                            --- full sequence --- -------------- this domain -------------   hmm coord   ali coord   env coord
# target name        accession   tlen query name           accession   qlen   E-value  score  bias   #  of  c-Evalue  i-Evalue  score  bias  from    to  from    to  from    to  acc description of target
#------------------- ---------- ----- -------------------- ---------- ----- --------- ------ ----- --- --- --------- --------- ------ ----- ----- ----- ----- ----- ----- ----- ---- ---------------------
Ga0485799_0248_1     -            205 101957at2157         -            137   7.5e-05   22.3  15.2   1   6     0.037   1.2e+02    2.3   0.1     8    31    11    35     3    41 0.66 # 2 # 616 # -1 # ID=248_1;partial=10;start_type=ATG;rbs_motif=None;rbs_spacer=None;gc_cont=0.275
Ga0485799_0248_1     -            205 101957at2157         -            137   7.5e-05   22.3  15.2   2   6    0.0028       8.8    5.9   0.1     3    26    42    65    40    67 0.93 # 2 # 616 # -1 # ID=248_1;partial=10;start_type=ATG;rbs_motif=None;rbs_spacer=None;gc_cont=0.275
Ga0485799_0248_1     -            205 101957at2157         -            137   7.5e-05   22.3  15.2   3   6    0.0022       6.7    6.3   0.1     3    26    66    89    64    97 0.92 # 2 # 616 # -1 # ID=248_1;partial=10;start_type=ATG;rbs_motif=None;rbs_spacer=None;gc_cont=0.275
Ga0485799_0248_1     -            205 101957at2157         -            137   7.5e-05   22.3  15.2   4   6     0.024        74    2.9   0.1     8    29   107   128    93   137 0.56 # 2 # 616 # -1 # ID=248_1;partial=10;start_type=ATG;rbs_motif=None;rbs_spacer=None;gc_cont=0.275
Ga0485799_0248_1     -            205 101957at2157         -            137   7.5e-05   22.3  15.2   5   6    0.0002      0.64    9.6   1.3     3    44   138   179   135   198 0.71 # 2 # 616 # -1 # ID=248_1;partial=10;start_type=ATG;rbs_motif=None;rbs_spacer=None;gc_cont=0.275
Ga0485799_0248_1     -            205 101957at2157         -            137   7.5e-05   22.3  15.2   6   6       0.1   3.1e+02    0.9   0.0     3    21   186   204   184   205 0.88 # 2 # 616 # -1 # ID=248_1;partial=10;start_type=ATG;rbs_motif=None;rbs_spacer=None;gc_cont=0.275
Ga0485799_0920_4     -            254 101957at2157         -            137   0.00037   20.1   0.3   1   2   1.5e-06    0.0045   16.6   0.1    42    95    92   145    71   154 0.79 # 2077 # 2838 # -1 # ID=920_4;partial=00;start_type=ATG;rbs_motif=None;rbs_spacer=None;gc_cont=0.299
Ga0485799_0920_4     -            254 101957at2157         -            137   0.00037   20.1   0.3   2   2     0.087   2.7e+02    1.1   0.0    14    53   211   252   202   253 0.81 # 2077 # 2838 # -1 # ID=920_4;partial=00;start_type=ATG;rbs_motif=None;rbs_spacer=None;gc_cont=0.299
Ga0485799_0215_1     -            374 101957at2157         -            137   0.00071   19.2  39.8   1   5    0.0048        15    5.2   5.1    15    76    16    82     2   111 0.39 # 2 # 1123 # 1 # ID=215_1;partial=10;start_type=Edge;rbs_motif=None;rbs_spacer=None;gc_cont=0.289
Ga0485799_0215_1     -            374 101957at2157         -            137   0.00071   19.2  39.8   2   5     0.006        19    4.8   0.4     3    32   124   154   121   159 0.74 # 2 # 1123 # 1 # ID=215_1;partial=10;start_type=Edge;rbs_motif=None;rbs_spacer=None;gc_cont=0.289
Ga0485799_0215_1     -            374 101957at2157         -            137   0.00071   19.2  39.8   3   5    0.0006       1.9    8.1   0.3     3    36   160   193   158   197 0.84 # 2 # 1123 # 1 # ID=215_1;partial=10;start_type=Edge;rbs_motif=None;rbs_spacer=None;gc_cont=0.289
Ga0485799_0215_1     -            374 101957at2157         -            137   0.00071   19.2  39.8   4   5    0.0012       3.7    7.1   6.9     3    80   196   266   194   301 0.58 # 2 # 1123 # 1 # ID=215_1;partial=10;start_type=Edge;rbs_motif=None;rbs_spacer=None;gc_cont=0.289
Ga0485799_0215_1     -            374 101957at2157         -            137   0.00071   19.2  39.8   5   5    0.0026       8.1    6.0   1.9     3    54   304   341   290   366 0.46 # 2 # 1123 # 1 # ID=215_1;partial=10;start_type=Edge;rbs_motif=None;rbs_spacer=None;gc_cont=0.289
Ga0485799_0280_8     -            389 101957at2157         -            137     0.024   14.2   0.4   1   1   1.6e-05     0.048   13.2   0.4    34   101   132   202   109   208 0.79 # 5306 # 6472 # -1 # ID=280_8;partial=00;start_type=ATG;rbs_motif=None;rbs_spacer=None;gc_cont=0.311
Ga0485799_1823_2     -             60 101957at2157         -            137       0.1   12.1   0.0   1   1   3.5e-05      0.11   12.1   0.0    58   103     2    47     1    56 0.90 # 187 # 366 # -1 # ID=1823_2;partial=00;start_type=ATG;rbs_motif=GGAG/GAGG;rbs_spacer=5-10bp;gc_cont=0.378
#
# Program:         hmmsearch
# Version:         3.1b2 (February 2015)
# Pipeline mode:   SEARCH
# Query file:      /home/mira/Bacteria2022/Thiomargarita_magnifica/qc_assembly/busco_article/busco_downloads/lineages/archaea_odb10/hmms/101957at2157.hmm
# Target file:     /home/mira/Bacteria2022/Thiomargarita_magnifica/qc_assembly/busco_article/busco_article/prodigal_output/predicted_genes/predicted.faa
# Option settings: hmmsearch --domtblout /home/mira/Bacteria2022/Thiomargarita_magnifica/qc_assembly/busco_article/busco_article/auto_lineage/run_archaea_odb10/hmmer_output/101957at2157.out --cpu 1 /home/mira/Bacteria2022/Thiomargarita_magnifica/qc_assembly/busco_article/busco_downloads/lineages/archaea_odb10/hmms/101957at2157.hmm /home/mira/Bacteria2022/Thiomargarita_magnifica/qc_assembly/busco_article/busco_article/prodigal_output/predicted_genes/predicted.faa 
# Current dir:     /home/mira/Bacteria2022/Thiomargarita_magnifica/qc_assembly/busco_article
# Date:            Wed Jul 13 13:04:25 2022
# [ok]
