#                                                                            --- full sequence --- -------------- this domain -------------   hmm coord   ali coord   env coord
# target name        accession   tlen query name           accession   qlen   E-value  score  bias   #  of  c-Evalue  i-Evalue  score  bias  from    to  from    to  from    to  acc description of target
#------------------- ---------- ----- -------------------- ---------- ----- --------- ------ ----- --- --- --------- --------- ------ ----- ----- ----- ----- ----- ----- ----- ---- ---------------------
Ga0485799_0130_22    -             83 102178at2157         -             97    0.0071   16.3   0.0   1   1   3.9e-06    0.0087   16.0   0.0    44    67    55    78    25    82 0.80 # 23161 # 23409 # 1 # ID=130_22;partial=00;start_type=GTG;rbs_motif=GGA/GAG/AGG;rbs_spacer=5-10bp;gc_cont=0.337
Ga0485799_0237_6     -            315 102178at2157         -             97     0.088   12.8   0.0   1   1   7.9e-05      0.18   11.8   0.0    52    85    21    52    17    59 0.85 # 3112 # 4056 # -1 # ID=237_6;partial=00;start_type=TTG;rbs_motif=AGGA/GGAG/GAGG;rbs_spacer=11-12bp;gc_cont=0.382
Ga0485799_0887_2     -            507 102178at2157         -             97      0.12   12.3   0.5   1   1   0.00017      0.37   10.8   0.5    22    72   301   351   284   374 0.81 # 156 # 1676 # -1 # ID=887_2;partial=00;start_type=ATG;rbs_motif=None;rbs_spacer=None;gc_cont=0.254
Ga0485799_0583_4     -             60 102178at2157         -             97      0.36   10.9   2.0   1   1   0.00037      0.81    9.7   2.0    66    96    20    56    13    57 0.76 # 1617 # 1796 # -1 # ID=583_4;partial=00;start_type=ATG;rbs_motif=AGGA;rbs_spacer=5-10bp;gc_cont=0.372
Ga0485799_0081_17    -            372 102178at2157         -             97      0.39   10.7   5.3   1   2     0.003       6.6    6.8   0.2    54    93   125   167   119   171 0.81 # 14174 # 15289 # 1 # ID=81_17;partial=00;start_type=ATG;rbs_motif=None;rbs_spacer=None;gc_cont=0.480
Ga0485799_0081_17    -            372 102178at2157         -             97      0.39   10.7   5.3   2   2    0.0075        17    5.5   1.1    70    90   180   200   175   207 0.86 # 14174 # 15289 # 1 # ID=81_17;partial=00;start_type=ATG;rbs_motif=None;rbs_spacer=None;gc_cont=0.480
Ga0485799_0009_49    -             80 102178at2157         -             97      0.67   10.0   0.0   1   2      0.73   1.6e+03   -0.9   6.6    75    92     4    23     1    38 0.65 # 76479 # 76718 # -1 # ID=9_49;partial=00;start_type=ATG;rbs_motif=GGAG/GAGG;rbs_spacer=5-10bp;gc_cont=0.396
Ga0485799_0009_49    -             80 102178at2157         -             97      0.67   10.0   0.0   2   2    0.0003      0.67   10.0   0.0    77    93    58    74    40    78 0.78 # 76479 # 76718 # -1 # ID=9_49;partial=00;start_type=ATG;rbs_motif=GGAG/GAGG;rbs_spacer=5-10bp;gc_cont=0.396
Ga0485799_0372_15    -           1004 102178at2157         -             97       9.8    6.2   9.1   1   3       1.4   3.2e+03   -1.8   0.2    14    48    85   119    76   137 0.79 # 7800 # 10811 # -1 # ID=372_15;partial=00;start_type=ATG;rbs_motif=GGA/GAG/AGG;rbs_spacer=5-10bp;gc_cont=0.474
Ga0485799_0372_15    -           1004 102178at2157         -             97       9.8    6.2   9.1   2   3   0.00057       1.3    9.1   3.3    69    94   319   344   306   347 0.88 # 7800 # 10811 # -1 # ID=372_15;partial=00;start_type=ATG;rbs_motif=GGA/GAG/AGG;rbs_spacer=5-10bp;gc_cont=0.474
Ga0485799_0372_15    -           1004 102178at2157         -             97       9.8    6.2   9.1   3   3       3.7   8.1e+03   -3.1   0.0    24    51   934   961   931   963 0.82 # 7800 # 10811 # -1 # ID=372_15;partial=00;start_type=ATG;rbs_motif=GGA/GAG/AGG;rbs_spacer=5-10bp;gc_cont=0.474
#
# Program:         hmmsearch
# Version:         3.1b2 (February 2015)
# Pipeline mode:   SEARCH
# Query file:      /home/mira/Bacteria2022/Thiomargarita_magnifica/qc_assembly/busco_article/busco_downloads/lineages/archaea_odb10/hmms/102178at2157.hmm
# Target file:     /home/mira/Bacteria2022/Thiomargarita_magnifica/qc_assembly/busco_article/busco_article/prodigal_output/predicted_genes/predicted.faa
# Option settings: hmmsearch --domtblout /home/mira/Bacteria2022/Thiomargarita_magnifica/qc_assembly/busco_article/busco_article/auto_lineage/run_archaea_odb10/hmmer_output/102178at2157.out --cpu 1 /home/mira/Bacteria2022/Thiomargarita_magnifica/qc_assembly/busco_article/busco_downloads/lineages/archaea_odb10/hmms/102178at2157.hmm /home/mira/Bacteria2022/Thiomargarita_magnifica/qc_assembly/busco_article/busco_article/prodigal_output/predicted_genes/predicted.faa 
# Current dir:     /home/mira/Bacteria2022/Thiomargarita_magnifica/qc_assembly/busco_article
# Date:            Wed Jul 13 13:04:26 2022
# [ok]
