#                                                                            --- full sequence --- -------------- this domain -------------   hmm coord   ali coord   env coord
# target name        accession   tlen query name           accession   qlen   E-value  score  bias   #  of  c-Evalue  i-Evalue  score  bias  from    to  from    to  from    to  acc description of target
#------------------- ---------- ----- -------------------- ---------- ----- --------- ------ ----- --- --- --------- --------- ------ ----- ----- ----- ----- ----- ----- ----- ---- ---------------------
Ga0485799_0244_15    -             74 105095at2157         -            107     1e-07   31.9   0.0   1   1   6.1e-10   1.1e-07   31.7   0.0    34    93     9    68     2    73 0.91 # 18117 # 18338 # 1 # ID=244_15;partial=00;start_type=ATG;rbs_motif=GGAG/GAGG;rbs_spacer=5-10bp;gc_cont=0.360
Ga0485799_0020_60    -             75 105095at2157         -            107   1.3e-07   31.6   0.0   1   1   6.9e-10   1.3e-07   31.6   0.0    29    93     4    68     1    74 0.91 # 64045 # 64269 # 1 # ID=20_60;partial=00;start_type=ATG;rbs_motif=GGAG/GAGG;rbs_spacer=5-10bp;gc_cont=0.347
Ga0485799_0011_17    -            138 105095at2157         -            107   8.2e-07   29.0   0.6   1   2   9.4e-09   1.7e-06   27.9   0.0    39    95     4    60     1    68 0.94 # 15593 # 16006 # 1 # ID=11_17;partial=00;start_type=ATG;rbs_motif=GGAG/GAGG;rbs_spacer=5-10bp;gc_cont=0.331
Ga0485799_0011_17    -            138 105095at2157         -            107   8.2e-07   29.0   0.6   2   2       9.6   1.8e+03   -1.1   0.1    44    46   101   103    77   134 0.54 # 15593 # 16006 # 1 # ID=11_17;partial=00;start_type=ATG;rbs_motif=GGAG/GAGG;rbs_spacer=5-10bp;gc_cont=0.331
Ga0485799_0011_19    -            138 105095at2157         -            107   1.4e-06   28.2   0.1   1   2   2.2e-08   4.2e-06   26.7   0.0    39    95     4    60     1    66 0.95 # 16947 # 17360 # 1 # ID=11_19;partial=00;start_type=ATG;rbs_motif=AGGAG;rbs_spacer=5-10bp;gc_cont=0.329
Ga0485799_0011_19    -            138 105095at2157         -            107   1.4e-06   28.2   0.1   2   2       9.6   1.8e+03   -1.1   0.1    44    46   101   103    77   134 0.54 # 16947 # 17360 # 1 # ID=11_19;partial=00;start_type=ATG;rbs_motif=AGGAG;rbs_spacer=5-10bp;gc_cont=0.329
Ga0485799_0011_18    -            130 105095at2157         -            107     3e-06   27.2   0.0   1   2   4.3e-08     8e-06   25.8   0.0    39    95     4    60     1    66 0.95 # 16132 # 16521 # 1 # ID=11_18;partial=00;start_type=ATG;rbs_motif=AGGAG;rbs_spacer=5-10bp;gc_cont=0.326
Ga0485799_0011_18    -            130 105095at2157         -            107     3e-06   27.2   0.0   2   2       9.9   1.8e+03   -1.1   0.0    57    61    99   103    72   126 0.53 # 16132 # 16521 # 1 # ID=11_18;partial=00;start_type=ATG;rbs_motif=AGGAG;rbs_spacer=5-10bp;gc_cont=0.326
Ga0485799_0027_18    -            150 105095at2157         -            107   1.2e-05   25.3   2.4   1   2   6.5e-08   1.2e-05   25.2   0.1    39    97     4    62     1    71 0.92 # 12756 # 13205 # -1 # ID=27_18;partial=00;start_type=ATG;rbs_motif=GGAG/GAGG;rbs_spacer=5-10bp;gc_cont=0.329
Ga0485799_0027_18    -            150 105095at2157         -            107   1.2e-05   25.3   2.4   2   2       5.2   9.7e+02   -0.2   0.4    62    82   108   128    89   147 0.51 # 12756 # 13205 # -1 # ID=27_18;partial=00;start_type=ATG;rbs_motif=GGAG/GAGG;rbs_spacer=5-10bp;gc_cont=0.329
Ga0485799_0011_27    -            140 105095at2157         -            107   1.3e-05   25.1   0.2   1   2   2.2e-07   4.1e-05   23.5   0.0    39    95     4    60     1    68 0.93 # 22476 # 22895 # 1 # ID=11_27;partial=00;start_type=ATG;rbs_motif=GGAG/GAGG;rbs_spacer=5-10bp;gc_cont=0.329
Ga0485799_0011_27    -            140 105095at2157         -            107   1.3e-05   25.1   0.2   2   2       8.7   1.6e+03   -0.9   0.1    44    44   103   103    79   134 0.53 # 22476 # 22895 # 1 # ID=11_27;partial=00;start_type=ATG;rbs_motif=GGAG/GAGG;rbs_spacer=5-10bp;gc_cont=0.329
Ga0485799_0149_4     -            180 105095at2157         -            107   3.7e-05   23.6   0.2   1   2   6.9e-07   0.00013   21.9   0.0    35    91    13    69     5    73 0.89 # 2973 # 3512 # 1 # ID=149_4;partial=00;start_type=ATG;rbs_motif=None;rbs_spacer=None;gc_cont=0.337
Ga0485799_0149_4     -            180 105095at2157         -            107   3.7e-05   23.6   0.2   2   2       9.7   1.8e+03   -1.1   0.2    68    87   122   141    83   161 0.51 # 2973 # 3512 # 1 # ID=149_4;partial=00;start_type=ATG;rbs_motif=None;rbs_spacer=None;gc_cont=0.337
Ga0485799_0509_6     -             89 105095at2157         -            107   4.6e-05   23.3   0.2   1   1   2.6e-07   4.8e-05   23.3   0.2    36    97    20    81     6    88 0.86 # 3451 # 3717 # 1 # ID=509_6;partial=00;start_type=ATG;rbs_motif=AGGA;rbs_spacer=5-10bp;gc_cont=0.318
Ga0485799_0103_6     -            104 105095at2157         -            107   0.00014   21.8   0.3   1   1   1.1e-06   0.00019   21.3   0.3    39    75    44    80    21   102 0.83 # 5798 # 6109 # 1 # ID=103_6;partial=00;start_type=ATG;rbs_motif=None;rbs_spacer=None;gc_cont=0.410
Ga0485799_0192_11    -            148 105095at2157         -            107   0.00017   21.5   0.3   1   2   9.4e-07   0.00017   21.5   0.3    40    94     5    59     1    69 0.92 # 14815 # 15258 # -1 # ID=192_11;partial=00;start_type=ATG;rbs_motif=None;rbs_spacer=None;gc_cont=0.304
Ga0485799_0192_11    -            148 105095at2157         -            107   0.00017   21.5   0.3   2   2       2.7   5.1e+02    0.7   0.4    24    44    97   117    73   144 0.57 # 14815 # 15258 # -1 # ID=192_11;partial=00;start_type=ATG;rbs_motif=None;rbs_spacer=None;gc_cont=0.304
Ga0485799_0556_6     -             91 105095at2157         -            107    0.0002   21.3   0.1   1   1   1.4e-06   0.00027   20.9   0.1    39    93    31    85    13    89 0.82 # 5235 # 5507 # -1 # ID=556_6;partial=00;start_type=ATG;rbs_motif=AGGA;rbs_spacer=5-10bp;gc_cont=0.256
Ga0485799_0095_15    -            102 105095at2157         -            107   0.00031   20.7   0.1   1   1   2.2e-06    0.0004   20.3   0.1    37    82    41    86    25    96 0.86 # 17923 # 18228 # 1 # ID=95_15;partial=00;start_type=ATG;rbs_motif=GGAG/GAGG;rbs_spacer=5-10bp;gc_cont=0.412
Ga0485799_1104_1     -            167 105095at2157         -            107    0.0004   20.3   0.1   1   1     5e-06   0.00093   19.1   0.1    35    92     3    60     1    63 0.93 # 408 # 908 # -1 # ID=1104_1;partial=00;start_type=ATG;rbs_motif=None;rbs_spacer=None;gc_cont=0.345
Ga0485799_1135_1     -            155 105095at2157         -            107   0.00046   20.1   0.3   1   1   7.9e-06    0.0015   18.5   0.0    36    84     4    52     2    62 0.88 # 459 # 923 # 1 # ID=1135_1;partial=00;start_type=ATG;rbs_motif=AGGA;rbs_spacer=5-10bp;gc_cont=0.353
Ga0485799_1254_1     -            170 105095at2157         -            107   0.00056   19.8   0.2   1   2   3.7e-05    0.0069   16.3   0.0    36    92     4    60     2    70 0.90 # 88 # 597 # -1 # ID=1254_1;partial=00;start_type=ATG;rbs_motif=AGGA;rbs_spacer=5-10bp;gc_cont=0.373
Ga0485799_1254_1     -            170 105095at2157         -            107   0.00056   19.8   0.2   2   2       2.4   4.4e+02    0.9   0.5    59    75    74    90    67   151 0.64 # 88 # 597 # -1 # ID=1254_1;partial=00;start_type=ATG;rbs_motif=AGGA;rbs_spacer=5-10bp;gc_cont=0.373
Ga0485799_0027_22    -            150 105095at2157         -            107   0.00058   19.8   1.4   1   2   7.6e-06    0.0014   18.6   0.1    39    91     4    52     1    65 0.78 # 14385 # 14834 # -1 # ID=27_22;partial=00;start_type=ATG;rbs_motif=GGAG/GAGG;rbs_spacer=5-10bp;gc_cont=0.296
Ga0485799_0027_22    -            150 105095at2157         -            107   0.00058   19.8   1.4   2   2       3.5   6.5e+02    0.4   0.2    63    72   107   116    62   146 0.57 # 14385 # 14834 # -1 # ID=27_22;partial=00;start_type=ATG;rbs_motif=GGAG/GAGG;rbs_spacer=5-10bp;gc_cont=0.296
Ga0485799_1205_1     -            152 105095at2157         -            107   0.00062   19.7   0.9   1   1   6.3e-06    0.0012   18.8   0.1    35    92     3    60     1    64 0.93 # 250 # 705 # -1 # ID=1205_1;partial=00;start_type=ATG;rbs_motif=None;rbs_spacer=None;gc_cont=0.338
Ga0485799_0192_12    -            140 105095at2157         -            107   0.00063   19.7   1.6   1   2   1.1e-05    0.0021   18.0   0.1    42    93     7    58     2    64 0.90 # 15389 # 15808 # -1 # ID=192_12;partial=00;start_type=ATG;rbs_motif=None;rbs_spacer=None;gc_cont=0.314
Ga0485799_0192_12    -            140 105095at2157         -            107   0.00063   19.7   1.6   2   2       2.4   4.5e+02    0.9   0.2    41    60    95   114    71   135 0.52 # 15389 # 15808 # -1 # ID=192_12;partial=00;start_type=ATG;rbs_motif=None;rbs_spacer=None;gc_cont=0.314
Ga0485799_0237_2     -            172 105095at2157         -            107   0.00064   19.7   0.2   1   1   1.7e-05    0.0031   17.5   0.0    37    86     5    54     2    63 0.88 # 342 # 857 # 1 # ID=237_2;partial=00;start_type=ATG;rbs_motif=GGA/GAG/AGG;rbs_spacer=5-10bp;gc_cont=0.368
Ga0485799_1651_2     -            145 105095at2157         -            107    0.0017   18.3   0.5   1   1   2.8e-05    0.0052   16.7   0.0    37    92     4    59     1    62 0.91 # 366 # 800 # 1 # ID=1651_2;partial=01;start_type=ATG;rbs_motif=GGA/GAG/AGG;rbs_spacer=5-10bp;gc_cont=0.343
Ga0485799_0134_2     -            169 105095at2157         -            107    0.0019   18.2   1.1   1   2   1.9e-05    0.0034   17.3   0.1    36    80     4    48     2    61 0.90 # 1276 # 1782 # 1 # ID=134_2;partial=00;start_type=ATG;rbs_motif=GGA/GAG/AGG;rbs_spacer=5-10bp;gc_cont=0.363
Ga0485799_0134_2     -            169 105095at2157         -            107    0.0019   18.2   1.1   2   2       9.2   1.7e+03   -1.0   0.1    52    52   118   118    73   149 0.60 # 1276 # 1782 # 1 # ID=134_2;partial=00;start_type=ATG;rbs_motif=GGA/GAG/AGG;rbs_spacer=5-10bp;gc_cont=0.363
Ga0485799_0028_5     -            115 105095at2157         -            107    0.0021   18.0   0.0   1   1     2e-05    0.0036   17.3   0.0    30    74    14    58     6    78 0.88 # 4685 # 5029 # -1 # ID=28_5;partial=00;start_type=ATG;rbs_motif=None;rbs_spacer=None;gc_cont=0.420
Ga0485799_0430_3     -             84 105095at2157         -            107    0.0022   18.0   0.1   1   1   1.4e-05    0.0026   17.7   0.1    31    96    12    75     9    82 0.79 # 7419 # 7670 # 1 # ID=430_3;partial=00;start_type=TTG;rbs_motif=GGA/GAG/AGG;rbs_spacer=5-10bp;gc_cont=0.306
Ga0485799_0987_2     -            162 105095at2157         -            107    0.0022   18.0   0.0   1   1   1.2e-05    0.0022   18.0   0.0    35    91     3    59     1    63 0.91 # 1273 # 1758 # 1 # ID=987_2;partial=00;start_type=ATG;rbs_motif=GGAG/GAGG;rbs_spacer=5-10bp;gc_cont=0.329
Ga0485799_1037_1     -            158 105095at2157         -            107    0.0022   17.9   0.0   1   2   4.6e-05    0.0085   16.1   0.0    36    91     4    59     2    65 0.88 # 881 # 1354 # 1 # ID=1037_1;partial=00;start_type=ATG;rbs_motif=GGA/GAG/AGG;rbs_spacer=5-10bp;gc_cont=0.367
Ga0485799_1037_1     -            158 105095at2157         -            107    0.0022   17.9   0.0   2   2       7.9   1.5e+03   -0.8   0.1    90    98   127   135    96   150 0.58 # 881 # 1354 # 1 # ID=1037_1;partial=00;start_type=ATG;rbs_motif=GGA/GAG/AGG;rbs_spacer=5-10bp;gc_cont=0.367
Ga0485799_1296_2     -            170 105095at2157         -            107    0.0026   17.7   0.1   1   2   8.7e-05     0.016   15.2   0.0    36    85     4    53     2    62 0.88 # 729 # 1238 # 1 # ID=1296_2;partial=00;start_type=ATG;rbs_motif=AGGAG;rbs_spacer=5-10bp;gc_cont=0.373
Ga0485799_1296_2     -            170 105095at2157         -            107    0.0026   17.7   0.1   2   2       5.1   9.5e+02   -0.2   0.1    31    46   126   141   119   159 0.59 # 729 # 1238 # 1 # ID=1296_2;partial=00;start_type=ATG;rbs_motif=AGGAG;rbs_spacer=5-10bp;gc_cont=0.373
Ga0485799_1224_2     -            170 105095at2157         -            107    0.0027   17.6   0.3   1   1   5.2e-05    0.0096   15.9   0.0    37    92    10    65     4    70 0.92 # 745 # 1254 # 1 # ID=1224_2;partial=00;start_type=ATG;rbs_motif=GGA/GAG/AGG;rbs_spacer=5-10bp;gc_cont=0.361
Ga0485799_0020_30    -            119 105095at2157         -            107    0.0028   17.6   0.0   1   1   2.8e-05    0.0052   16.7   0.0    30    75    18    63    10    87 0.83 # 34076 # 34432 # 1 # ID=20_30;partial=00;start_type=ATG;rbs_motif=None;rbs_spacer=None;gc_cont=0.434
Ga0485799_1588_1     -            133 105095at2157         -            107    0.0029   17.6   0.1   1   1   3.8e-05     0.007   16.3   0.0    35    91    11    67     3    71 0.91 # 2 # 400 # -1 # ID=1588_1;partial=10;start_type=ATG;rbs_motif=GGA/GAG/AGG;rbs_spacer=5-10bp;gc_cont=0.338
Ga0485799_0019_4     -            145 105095at2157         -            107    0.0034   17.3   0.1   1   1   3.3e-05    0.0061   16.5   0.0    40    90    17    67     1    75 0.86 # 4402 # 4836 # 1 # ID=19_4;partial=00;start_type=ATG;rbs_motif=GGAGG;rbs_spacer=5-10bp;gc_cont=0.393
Ga0485799_0290_7     -             79 105095at2157         -            107    0.0037   17.2   0.0   1   1   2.4e-05    0.0044   17.0   0.0    42    84    35    77    14    78 0.91 # 6414 # 6650 # -1 # ID=290_7;partial=00;start_type=ATG;rbs_motif=GGAG/GAGG;rbs_spacer=5-10bp;gc_cont=0.405
Ga0485799_0331_10    -            122 105095at2157         -            107    0.0041   17.1   0.8   1   1   3.2e-05    0.0059   16.6   0.6    42    81     3    42     1    63 0.80 # 13774 # 14139 # 1 # ID=331_10;partial=00;start_type=ATG;rbs_motif=GGA/GAG/AGG;rbs_spacer=5-10bp;gc_cont=0.235
Ga0485799_1911_2     -             96 105095at2157         -            107    0.0049   16.8   0.2   1   1     3e-05    0.0056   16.6   0.2    22    93    16    90     6    94 0.80 # 313 # 600 # -1 # ID=1911_2;partial=01;start_type=Edge;rbs_motif=None;rbs_spacer=None;gc_cont=0.267
Ga0485799_0153_11    -             68 105095at2157         -            107    0.0054   16.7   0.2   1   1     3e-05    0.0056   16.6   0.2    39    95     7    63     2    67 0.90 # 14141 # 14344 # -1 # ID=153_11;partial=00;start_type=ATG;rbs_motif=AGGAG;rbs_spacer=5-10bp;gc_cont=0.412
Ga0485799_0743_4     -             95 105095at2157         -            107    0.0056   16.6   0.1   1   2       3.1   5.7e+02    0.5   0.0    54    80     3    29     1    36 0.76 # 2792 # 3076 # -1 # ID=743_4;partial=00;start_type=ATG;rbs_motif=GGA/GAG/AGG;rbs_spacer=5-10bp;gc_cont=0.337
Ga0485799_0743_4     -             95 105095at2157         -            107    0.0056   16.6   0.1   2   2   0.00016     0.029   14.3   0.0    43    79    38    74    33    86 0.90 # 2792 # 3076 # -1 # ID=743_4;partial=00;start_type=ATG;rbs_motif=GGA/GAG/AGG;rbs_spacer=5-10bp;gc_cont=0.337
Ga0485799_0366_17    -             74 105095at2157         -            107    0.0059   16.6   0.1   1   1   3.5e-05    0.0065   16.4   0.1     5    56    18    71    15    73 0.70 # 10874 # 11095 # -1 # ID=366_17;partial=00;start_type=ATG;rbs_motif=GGA/GAG/AGG;rbs_spacer=11-12bp;gc_cont=0.446
Ga0485799_1102_1     -            175 105095at2157         -            107    0.0061   16.5   0.4   1   1   0.00015     0.027   14.4   0.0    36    91    11    66     3    70 0.88 # 71 # 595 # -1 # ID=1102_1;partial=00;start_type=ATG;rbs_motif=GGAG/GAGG;rbs_spacer=5-10bp;gc_cont=0.343
Ga0485799_0227_16    -            170 105095at2157         -            107    0.0066   16.4   0.1   1   2    0.0002     0.038   14.0   0.0    38    91     6    59     3    64 0.90 # 19569 # 20078 # -1 # ID=227_16;partial=00;start_type=ATG;rbs_motif=GGAG/GAGG;rbs_spacer=5-10bp;gc_cont=0.386
Ga0485799_0227_16    -            170 105095at2157         -            107    0.0066   16.4   0.1   2   2       4.1   7.6e+02    0.1   0.1    59   104   103   148    75   151 0.71 # 19569 # 20078 # -1 # ID=227_16;partial=00;start_type=ATG;rbs_motif=GGAG/GAGG;rbs_spacer=5-10bp;gc_cont=0.386
Ga0485799_0193_16    -            179 105095at2157         -            107    0.0071   16.3   0.0   1   1   0.00015     0.029   14.4   0.0    35    91    11    67     4    72 0.91 # 18455 # 18991 # -1 # ID=193_16;partial=00;start_type=ATG;rbs_motif=GGAGG;rbs_spacer=5-10bp;gc_cont=0.378
Ga0485799_1575_1     -            121 105095at2157         -            107    0.0073   16.3   0.1   1   2   0.00012     0.022   14.8   0.0    36    85     4    53     2    62 0.88 # 2 # 364 # -1 # ID=1575_1;partial=10;start_type=ATG;rbs_motif=None;rbs_spacer=None;gc_cont=0.344
Ga0485799_1575_1     -            121 105095at2157         -            107    0.0073   16.3   0.1   2   2       9.6   1.8e+03   -1.1   0.0    61    78    76    93    71   119 0.55 # 2 # 364 # -1 # ID=1575_1;partial=10;start_type=ATG;rbs_motif=None;rbs_spacer=None;gc_cont=0.344
Ga0485799_0760_2     -            174 105095at2157         -            107    0.0075   16.2   0.2   1   1   0.00018     0.034   14.1   0.0    36    92     9    65     3    70 0.91 # 1020 # 1541 # 1 # ID=760_2;partial=00;start_type=ATG;rbs_motif=GGA/GAG/AGG;rbs_spacer=5-10bp;gc_cont=0.352
Ga0485799_0081_34    -            145 105095at2157         -            107    0.0084   16.1   0.2   1   1   8.1e-05     0.015   15.3   0.2    40    91    17    68     1    83 0.87 # 27324 # 27758 # 1 # ID=81_34;partial=00;start_type=ATG;rbs_motif=GGAG/GAGG;rbs_spacer=5-10bp;gc_cont=0.370
Ga0485799_0594_4     -             67 105095at2157         -            107    0.0097   15.9   0.8   1   1   5.7e-05     0.011   15.8   0.8     5    39    18    54     4    65 0.84 # 3017 # 3217 # 1 # ID=594_4;partial=00;start_type=ATG;rbs_motif=AGGA;rbs_spacer=5-10bp;gc_cont=0.348
Ga0485799_1246_2     -            169 105095at2157         -            107     0.011   15.7   0.3   1   2   0.00029     0.054   13.5   0.0    39    81     6    48     2    59 0.91 # 369 # 875 # -1 # ID=1246_2;partial=00;start_type=ATG;rbs_motif=AGxAGG/AGGxGG;rbs_spacer=5-10bp;gc_cont=0.365
Ga0485799_1246_2     -            169 105095at2157         -            107     0.011   15.7   0.3   2   2       6.7   1.2e+03   -0.5   0.4    78    99   121   142    69   151 0.53 # 369 # 875 # -1 # ID=1246_2;partial=00;start_type=ATG;rbs_motif=AGxAGG/AGGxGG;rbs_spacer=5-10bp;gc_cont=0.365
Ga0485799_1139_1     -            119 105095at2157         -            107     0.011   15.7   0.0   1   1    0.0001     0.019   15.0   0.0    37    81     5    49     2    62 0.87 # 1 # 357 # -1 # ID=1139_1;partial=10;start_type=ATG;rbs_motif=GGA/GAG/AGG;rbs_spacer=5-10bp;gc_cont=0.392
Ga0485799_1227_2     -            172 105095at2157         -            107     0.012   15.6   0.6   1   2   0.00045     0.083   12.9   0.0    36    89     7    60     3    65 0.88 # 699 # 1214 # 1 # ID=1227_2;partial=00;start_type=ATG;rbs_motif=GGA/GAG/AGG;rbs_spacer=5-10bp;gc_cont=0.353
Ga0485799_1227_2     -            172 105095at2157         -            107     0.012   15.6   0.6   2   2       3.2     6e+02    0.5   0.1    59    90    77   108    70   124 0.70 # 699 # 1214 # 1 # ID=1227_2;partial=00;start_type=ATG;rbs_motif=GGA/GAG/AGG;rbs_spacer=5-10bp;gc_cont=0.353
Ga0485799_0760_4     -            173 105095at2157         -            107     0.012   15.6   0.4   1   2   0.00055       0.1   12.6   0.0    38    91     6    59     2    64 0.88 # 2910 # 3428 # 1 # ID=760_4;partial=00;start_type=ATG;rbs_motif=AGGAG;rbs_spacer=5-10bp;gc_cont=0.353
Ga0485799_0760_4     -            173 105095at2157         -            107     0.012   15.6   0.4   2   2       2.4   4.4e+02    0.9   0.3    59   104   103   148    74   151 0.74 # 2910 # 3428 # 1 # ID=760_4;partial=00;start_type=ATG;rbs_motif=AGGAG;rbs_spacer=5-10bp;gc_cont=0.353
Ga0485799_0149_3     -            153 105095at2157         -            107     0.016   15.2   0.1   1   1   0.00018     0.034   14.1   0.0    40    93     4    57     2    67 0.88 # 1655 # 2113 # 1 # ID=149_3;partial=00;start_type=ATG;rbs_motif=GGAG/GAGG;rbs_spacer=5-10bp;gc_cont=0.364
Ga0485799_0496_3     -            113 105095at2157         -            107     0.017   15.1   0.9   1   2   0.00024     0.044   13.8   0.5     2    39     7    42     6    52 0.88 # 1099 # 1437 # -1 # ID=496_3;partial=00;start_type=ATG;rbs_motif=AGGA;rbs_spacer=5-10bp;gc_cont=0.333
Ga0485799_0496_3     -            113 105095at2157         -            107     0.017   15.1   0.9   2   2       6.8   1.3e+03   -0.6   0.0    70    97    60    87    44    96 0.74 # 1099 # 1437 # -1 # ID=496_3;partial=00;start_type=ATG;rbs_motif=AGGA;rbs_spacer=5-10bp;gc_cont=0.333
Ga0485799_0159_27    -            163 105095at2157         -            107     0.017   15.1   0.2   1   1   0.00029     0.054   13.5   0.0    36    91     4    59     1    63 0.91 # 26150 # 26638 # -1 # ID=159_27;partial=00;start_type=ATG;rbs_motif=None;rbs_spacer=None;gc_cont=0.358
Ga0485799_0365_3     -            171 105095at2157         -            107     0.018   15.0   0.1   1   1   0.00032     0.058   13.4   0.0    40    91    10    61     5    65 0.86 # 2378 # 2890 # 1 # ID=365_3;partial=00;start_type=ATG;rbs_motif=GGAG/GAGG;rbs_spacer=5-10bp;gc_cont=0.366
Ga0485799_0004_56    -            143 105095at2157         -            107     0.022   14.7   0.0   1   1   0.00023     0.043   13.8   0.0    38    71    82   115    71   134 0.85 # 61047 # 61475 # -1 # ID=4_56;partial=00;start_type=ATG;rbs_motif=AGGAG;rbs_spacer=5-10bp;gc_cont=0.462
Ga0485799_2034_1     -            113 105095at2157         -            107     0.028   14.4   0.9   1   1   0.00027     0.051   13.6   0.6     2    39     7    42     6    55 0.88 # 3 # 341 # 1 # ID=2034_1;partial=10;start_type=Edge;rbs_motif=None;rbs_spacer=None;gc_cont=0.348
Ga0485799_0159_26    -            158 105095at2157         -            107     0.029   14.4   0.0   1   1   0.00038     0.071   13.1   0.0    32    92     4    64     1    67 0.91 # 24755 # 25228 # -1 # ID=159_26;partial=00;start_type=ATG;rbs_motif=GGA/GAG/AGG;rbs_spacer=5-10bp;gc_cont=0.348
Ga0485799_0157_3     -             79 105095at2157         -            107     0.029   14.4   0.0   1   1   0.00017     0.032   14.2   0.0    40    93    20    74     8    77 0.90 # 3307 # 3543 # 1 # ID=157_3;partial=00;start_type=GTG;rbs_motif=None;rbs_spacer=None;gc_cont=0.384
Ga0485799_1546_1     -            124 105095at2157         -            107     0.029   14.3   0.0   1   1   0.00024     0.044   13.8   0.0    40    89     6    55     2    61 0.81 # 1 # 372 # -1 # ID=1546_1;partial=10;start_type=ATG;rbs_motif=None;rbs_spacer=None;gc_cont=0.371
Ga0485799_0862_3     -            148 105095at2157         -            107      0.03   14.3   0.0   1   1   0.00036     0.066   13.2   0.0    37    90     5    58     2    65 0.87 # 2460 # 2903 # -1 # ID=862_3;partial=00;start_type=ATG;rbs_motif=GGA/GAG/AGG;rbs_spacer=5-10bp;gc_cont=0.372
Ga0485799_0061_54    -            127 105095at2157         -            107      0.03   14.3   0.4   1   1   0.00027     0.049   13.6   0.3    41    91    67   118    56   122 0.88 # 42881 # 43261 # 1 # ID=61_54;partial=00;start_type=ATG;rbs_motif=GGAG/GAGG;rbs_spacer=5-10bp;gc_cont=0.339
Ga0485799_0233_3     -            143 105095at2157         -            107     0.033   14.1   0.1   1   1   0.00037     0.069   13.1   0.1    38    71    82   115    71   135 0.85 # 3774 # 4202 # 1 # ID=233_3;partial=00;start_type=ATG;rbs_motif=AGGAG;rbs_spacer=5-10bp;gc_cont=0.466
Ga0485799_0954_2     -            169 105095at2157         -            107     0.037   14.0   0.2   1   2   0.00099      0.18   11.8   0.0    37    82     5    50     2    61 0.88 # 691 # 1197 # -1 # ID=954_2;partial=00;start_type=ATG;rbs_motif=None;rbs_spacer=None;gc_cont=0.365
Ga0485799_0954_2     -            169 105095at2157         -            107     0.037   14.0   0.2   2   2       5.2   9.6e+02   -0.2   0.2    63    72   119   128    76   155 0.67 # 691 # 1197 # -1 # ID=954_2;partial=00;start_type=ATG;rbs_motif=None;rbs_spacer=None;gc_cont=0.365
Ga0485799_0124_15    -            514 105095at2157         -            107     0.037   14.0   0.0   1   1    0.0004     0.074   13.0   0.0    40    74    95   129    82   146 0.92 # 16926 # 18467 # 1 # ID=124_15;partial=00;start_type=ATG;rbs_motif=GGA/GAG/AGG;rbs_spacer=5-10bp;gc_cont=0.462
Ga0485799_0938_1     -            157 105095at2157         -            107     0.037   14.0   0.1   1   2   0.00052     0.096   12.7   0.0    48    94     3    49     1    62 0.91 # 259 # 729 # -1 # ID=938_1;partial=00;start_type=ATG;rbs_motif=GGA/GAG/AGG;rbs_spacer=5-10bp;gc_cont=0.342
Ga0485799_0938_1     -            157 105095at2157         -            107     0.037   14.0   0.1   2   2        10   1.8e+03   -1.1   0.0    70    70   101   101    61   137 0.56 # 259 # 729 # -1 # ID=938_1;partial=00;start_type=ATG;rbs_motif=GGA/GAG/AGG;rbs_spacer=5-10bp;gc_cont=0.342
Ga0485799_0193_19    -            152 105095at2157         -            107     0.043   13.8   0.0   1   1   0.00023     0.043   13.8   0.0    35    91     3    59     1    63 0.91 # 21331 # 21786 # -1 # ID=193_19;partial=00;start_type=ATG;rbs_motif=None;rbs_spacer=None;gc_cont=0.353
Ga0485799_0124_16    -            385 105095at2157         -            107     0.047   13.7   0.1   1   1   0.00077      0.14   12.1   0.1    34    75    95   136    85   146 0.88 # 18589 # 19743 # 1 # ID=124_16;partial=00;start_type=ATG;rbs_motif=GGAG/GAGG;rbs_spacer=5-10bp;gc_cont=0.463
Ga0485799_0086_31    -             90 105095at2157         -            107      0.05   13.6   1.6   1   1   0.00032     0.059   13.3   1.5     2    37     5    43     4    77 0.84 # 33197 # 33466 # -1 # ID=86_31;partial=00;start_type=ATG;rbs_motif=GGAG/GAGG;rbs_spacer=5-10bp;gc_cont=0.385
Ga0485799_1571_1     -            119 105095at2157         -            107     0.052   13.5   0.0   1   2    0.0011       0.2   11.6   0.0    36    91     4    59     2    63 0.91 # 1 # 357 # -1 # ID=1571_1;partial=10;start_type=ATG;rbs_motif=GGAG/GAGG;rbs_spacer=5-10bp;gc_cont=0.350
Ga0485799_1571_1     -            119 105095at2157         -            107     0.052   13.5   0.0   2   2       6.3   1.2e+03   -0.5   0.0    59    76    74    91    66   114 0.66 # 1 # 357 # -1 # ID=1571_1;partial=10;start_type=ATG;rbs_motif=GGAG/GAGG;rbs_spacer=5-10bp;gc_cont=0.350
Ga0485799_0829_2     -             93 105095at2157         -            107     0.054   13.5   0.0   1   1   0.00041     0.075   13.0   0.0    43    80    35    72    31    82 0.91 # 865 # 1143 # 1 # ID=829_2;partial=00;start_type=ATG;rbs_motif=GGA/GAG/AGG;rbs_spacer=5-10bp;gc_cont=0.434
Ga0485799_0636_4     -            100 105095at2157         -            107     0.054   13.5   0.0   1   1   0.00033     0.061   13.3   0.0    45    82    36    73     7    82 0.90 # 1876 # 2175 # 1 # ID=636_4;partial=00;start_type=ATG;rbs_motif=None;rbs_spacer=None;gc_cont=0.427
Ga0485799_1923_1     -            120 105095at2157         -            107     0.059   13.3   0.2   1   1   0.00073      0.14   12.2   0.2    40    79    55    94     2   115 0.88 # 233 # 592 # -1 # ID=1923_1;partial=01;start_type=Edge;rbs_motif=None;rbs_spacer=None;gc_cont=0.425
Ga0485799_0134_19    -            170 105095at2157         -            107     0.062   13.3   0.5   1   3    0.0018      0.33   11.0   0.0    36    83     4    51     2    62 0.87 # 21806 # 22315 # 1 # ID=134_19;partial=00;start_type=ATG;rbs_motif=None;rbs_spacer=None;gc_cont=0.341
Ga0485799_0134_19    -            170 105095at2157         -            107     0.062   13.3   0.5   2   3         8   1.5e+03   -0.8   0.1    59    90    74   105    68   120 0.71 # 21806 # 22315 # 1 # ID=134_19;partial=00;start_type=ATG;rbs_motif=None;rbs_spacer=None;gc_cont=0.341
Ga0485799_0134_19    -            170 105095at2157         -            107     0.062   13.3   0.5   3   3       9.9   1.8e+03   -1.1   0.0    80   103   124   147    85   151 0.63 # 21806 # 22315 # 1 # ID=134_19;partial=00;start_type=ATG;rbs_motif=None;rbs_spacer=None;gc_cont=0.341
Ga0485799_1369_1     -            165 105095at2157         -            107     0.071   13.1   0.1   1   2     0.002      0.37   10.8   0.0    36    91     4    59     2    65 0.89 # 71 # 565 # -1 # ID=1369_1;partial=00;start_type=ATG;rbs_motif=GGA/GAG/AGG;rbs_spacer=5-10bp;gc_cont=0.370
Ga0485799_1369_1     -            165 105095at2157         -            107     0.071   13.1   0.1   2   2       9.6   1.8e+03   -1.1   0.1    32    52   120   140   112   153 0.65 # 71 # 565 # -1 # ID=1369_1;partial=00;start_type=ATG;rbs_motif=GGA/GAG/AGG;rbs_spacer=5-10bp;gc_cont=0.370
Ga0485799_0160_27    -            103 105095at2157         -            107     0.071   13.1   0.0   1   2         5   9.3e+02   -0.1   0.0    49    79     3    32     1    38 0.60 # 23687 # 23995 # 1 # ID=160_27;partial=00;start_type=ATG;rbs_motif=GGA/GAG/AGG;rbs_spacer=5-10bp;gc_cont=0.417
Ga0485799_0160_27    -            103 105095at2157         -            107     0.071   13.1   0.0   2   2    0.0014      0.25   11.3   0.0    40    76    39    75    31    89 0.87 # 23687 # 23995 # 1 # ID=160_27;partial=00;start_type=ATG;rbs_motif=GGA/GAG/AGG;rbs_spacer=5-10bp;gc_cont=0.417
Ga0485799_0260_11    -            103 105095at2157         -            107     0.075   13.0   0.0   1   1   0.00055       0.1   12.6   0.0    42    81    44    83    29    93 0.90 # 9890 # 10198 # -1 # ID=260_11;partial=00;start_type=ATG;rbs_motif=GGAG/GAGG;rbs_spacer=5-10bp;gc_cont=0.447
Ga0485799_0031_39    -            103 105095at2157         -            107     0.077   13.0   0.0   1   2       5.9   1.1e+03   -0.4   0.0    50    78     4    31     1    37 0.55 # 48924 # 49232 # 1 # ID=31_39;partial=00;start_type=ATG;rbs_motif=GGA/GAG/AGG;rbs_spacer=5-10bp;gc_cont=0.411
Ga0485799_0031_39    -            103 105095at2157         -            107     0.077   13.0   0.0   2   2    0.0014      0.25   11.3   0.0    40    76    39    75    31    89 0.87 # 48924 # 49232 # 1 # ID=31_39;partial=00;start_type=ATG;rbs_motif=GGA/GAG/AGG;rbs_spacer=5-10bp;gc_cont=0.411
Ga0485799_1405_2     -            149 105095at2157         -            107     0.081   12.9   0.0   1   1   0.00079      0.15   12.1   0.0    36    91    12    67     2    72 0.87 # 664 # 1110 # 1 # ID=1405_2;partial=01;start_type=ATG;rbs_motif=GGAG/GAGG;rbs_spacer=5-10bp;gc_cont=0.338
Ga0485799_0413_6     -            210 105095at2157         -            107     0.082   12.9   0.6   1   1   0.00097      0.18   11.8   0.0    47    93    46    92    43   102 0.89 # 7351 # 7980 # 1 # ID=413_6;partial=00;start_type=TTG;rbs_motif=None;rbs_spacer=None;gc_cont=0.411
Ga0485799_0132_6     -            111 105095at2157         -            107      0.09   12.8   0.0   1   1   0.00059      0.11   12.5   0.0    39    91     5    57     1    64 0.90 # 12738 # 13070 # 1 # ID=132_6;partial=00;start_type=ATG;rbs_motif=GGAG/GAGG;rbs_spacer=5-10bp;gc_cont=0.348
Ga0485799_0299_11    -            206 105095at2157         -            107     0.094   12.7   0.1   1   1    0.0012      0.23   11.5   0.1    40    92     6    58     2    64 0.91 # 8237 # 8854 # -1 # ID=299_11;partial=00;start_type=ATG;rbs_motif=GGAG/GAGG;rbs_spacer=5-10bp;gc_cont=0.353
Ga0485799_0099_4     -            137 105095at2157         -            107       0.1   12.6   0.0   1   1   0.00095      0.18   11.8   0.0    48    94    85   131    81   135 0.91 # 3279 # 3689 # -1 # ID=99_4;partial=00;start_type=ATG;rbs_motif=None;rbs_spacer=None;gc_cont=0.406
Ga0485799_0018_30    -            200 105095at2157         -            107       0.1   12.6   0.1   1   1    0.0018      0.34   10.9   0.0    40    79    72   111    34   136 0.90 # 37402 # 38001 # -1 # ID=18_30;partial=00;start_type=ATG;rbs_motif=GGAG/GAGG;rbs_spacer=5-10bp;gc_cont=0.413
Ga0485799_0466_3     -            140 105095at2157         -            107       0.1   12.6   0.0   1   1   0.00082      0.15   12.0   0.0    42    88    77   124    42   135 0.87 # 8875 # 9294 # -1 # ID=466_3;partial=00;start_type=ATG;rbs_motif=AGGAG;rbs_spacer=5-10bp;gc_cont=0.390
Ga0485799_0249_5     -            547 105095at2157         -            107      0.14   12.1   2.3   1   1    0.0018      0.33   11.0   0.2    48    93   152   197   148   204 0.86 # 7079 # 8719 # -1 # ID=249_5;partial=00;start_type=ATG;rbs_motif=AGGAG;rbs_spacer=5-10bp;gc_cont=0.327
Ga0485799_0209_3     -            758 105095at2157         -            107       1.8    8.6   4.6   1   1    0.0054         1    9.4   0.1    31    64   152   185   139   202 0.86 # 2098 # 4371 # 1 # ID=209_3;partial=00;start_type=ATG;rbs_motif=None;rbs_spacer=None;gc_cont=0.409
#
# Program:         hmmsearch
# Version:         3.1b2 (February 2015)
# Pipeline mode:   SEARCH
# Query file:      /home/mira/Bacteria2022/Thiomargarita_magnifica/qc_assembly/busco_article/busco_downloads/lineages/archaea_odb10/hmms/105095at2157.hmm
# Target file:     /home/mira/Bacteria2022/Thiomargarita_magnifica/qc_assembly/busco_article/busco_article/prodigal_output/predicted_genes/predicted.faa
# Option settings: hmmsearch --domtblout /home/mira/Bacteria2022/Thiomargarita_magnifica/qc_assembly/busco_article/busco_article/auto_lineage/run_archaea_odb10/hmmer_output/105095at2157.out --cpu 1 /home/mira/Bacteria2022/Thiomargarita_magnifica/qc_assembly/busco_article/busco_downloads/lineages/archaea_odb10/hmms/105095at2157.hmm /home/mira/Bacteria2022/Thiomargarita_magnifica/qc_assembly/busco_article/busco_article/prodigal_output/predicted_genes/predicted.faa 
# Current dir:     /home/mira/Bacteria2022/Thiomargarita_magnifica/qc_assembly/busco_article
# Date:            Wed Jul 13 13:04:26 2022
# [ok]
