#                                                                            --- full sequence --- -------------- this domain -------------   hmm coord   ali coord   env coord
# target name        accession   tlen query name           accession   qlen   E-value  score  bias   #  of  c-Evalue  i-Evalue  score  bias  from    to  from    to  from    to  acc description of target
#------------------- ---------- ----- -------------------- ---------- ----- --------- ------ ----- --- --- --------- --------- ------ ----- ----- ----- ----- ----- ----- ----- ---- ---------------------
Ga0485799_0464_5     -            806 111803at2157         -            210   1.1e-08   34.6   1.7   1   2   9.3e-11   1.4e-07   30.9   0.5     5    89     7    87     4    94 0.84 # 5290 # 7707 # 1 # ID=464_5;partial=00;start_type=ATG;rbs_motif=None;rbs_spacer=None;gc_cont=0.304
Ga0485799_0464_5     -            806 111803at2157         -            210   1.1e-08   34.6   1.7   2   2     0.092   1.4e+02    1.5   0.0    86   117   132   163   113   185 0.74 # 5290 # 7707 # 1 # ID=464_5;partial=00;start_type=ATG;rbs_motif=None;rbs_spacer=None;gc_cont=0.304
Ga0485799_0418_1     -            241 111803at2157         -            210   6.8e-08   32.0   0.1   1   2      0.29   4.5e+02   -0.1   0.0     1    23     1    23     1    30 0.64 # 118 # 840 # -1 # ID=418_1;partial=00;start_type=ATG;rbs_motif=AGGA;rbs_spacer=5-10bp;gc_cont=0.297
Ga0485799_0418_1     -            241 111803at2157         -            210   6.8e-08   32.0   0.1   2   2   3.8e-10   5.9e-07   28.9   0.1    25   206    45   219    35   221 0.85 # 118 # 840 # -1 # ID=418_1;partial=00;start_type=ATG;rbs_motif=AGGA;rbs_spacer=5-10bp;gc_cont=0.297
Ga0485799_0245_12    -            303 111803at2157         -            210   9.6e-07   28.2   0.3   1   3   4.2e-06    0.0066   15.7   0.1    25    91    40   107    23   112 0.70 # 12351 # 13259 # 1 # ID=245_12;partial=00;start_type=ATG;rbs_motif=None;rbs_spacer=None;gc_cont=0.402
Ga0485799_0245_12    -            303 111803at2157         -            210   9.6e-07   28.2   0.3   2   3       1.8   2.7e+03   -2.6   0.0    66    81   195   210   194   214 0.86 # 12351 # 13259 # 1 # ID=245_12;partial=00;start_type=ATG;rbs_motif=None;rbs_spacer=None;gc_cont=0.402
Ga0485799_0245_12    -            303 111803at2157         -            210   9.6e-07   28.2   0.3   3   3   0.00031      0.48    9.6   0.0   167   209   214   264   212   265 0.80 # 12351 # 13259 # 1 # ID=245_12;partial=00;start_type=ATG;rbs_motif=None;rbs_spacer=None;gc_cont=0.402
Ga0485799_0162_7     -            255 111803at2157         -            210   1.7e-06   27.4   0.1   1   2   9.7e-09   1.5e-05   24.3   0.0     2    66     9    77     8    87 0.79 # 10822 # 11586 # 1 # ID=162_7;partial=00;start_type=ATG;rbs_motif=GGA/GAG/AGG;rbs_spacer=5-10bp;gc_cont=0.399
Ga0485799_0162_7     -            255 111803at2157         -            210   1.7e-06   27.4   0.1   2   2      0.15   2.3e+02    0.9   0.0   167   205   175   218   155   222 0.75 # 10822 # 11586 # 1 # ID=162_7;partial=00;start_type=ATG;rbs_motif=GGA/GAG/AGG;rbs_spacer=5-10bp;gc_cont=0.399
Ga0485799_0035_13    -            345 111803at2157         -            210     0.009   15.3   0.0   1   1     1e-05     0.016   14.5   0.0    28    73    79   127    73   133 0.82 # 16736 # 17770 # 1 # ID=35_13;partial=00;start_type=ATG;rbs_motif=GGAG/GAGG;rbs_spacer=5-10bp;gc_cont=0.405
Ga0485799_0268_17    -            213 111803at2157         -            210     0.027   13.7   0.1   1   1   3.1e-05     0.048   12.9   0.1    43    69    50    76    45    86 0.88 # 10963 # 11601 # 1 # ID=268_17;partial=00;start_type=ATG;rbs_motif=GGA/GAG/AGG;rbs_spacer=5-10bp;gc_cont=0.446
Ga0485799_0283_9     -            375 111803at2157         -            210     0.055   12.7   0.0   1   2   0.00011      0.17   11.1   0.0    46    70    52    76    42    79 0.85 # 8280 # 9404 # -1 # ID=283_9;partial=00;start_type=TTG;rbs_motif=GGAG/GAGG;rbs_spacer=5-10bp;gc_cont=0.445
Ga0485799_0283_9     -            375 111803at2157         -            210     0.055   12.7   0.0   2   2       1.9     3e+03   -2.8   0.0    67    67   148   148   127   195 0.42 # 8280 # 9404 # -1 # ID=283_9;partial=00;start_type=TTG;rbs_motif=GGAG/GAGG;rbs_spacer=5-10bp;gc_cont=0.445
Ga0485799_0540_7     -            658 111803at2157         -            210     0.073   12.3   0.7   1   1   9.3e-05      0.15   11.3   0.7    94   140   556   602   534   635 0.84 # 5382 # 7355 # -1 # ID=540_7;partial=00;start_type=ATG;rbs_motif=None;rbs_spacer=None;gc_cont=0.338
Ga0485799_0412_3     -            130 111803at2157         -            210     0.083   12.1   0.1   1   1   8.1e-05      0.13   11.5   0.1    53    71    27    45    21    49 0.90 # 2100 # 2489 # -1 # ID=412_3;partial=00;start_type=ATG;rbs_motif=AGGAG;rbs_spacer=5-10bp;gc_cont=0.428
Ga0485799_0143_11    -            460 111803at2157         -            210      0.12   11.6   0.0   1   2   0.00041      0.63    9.2   0.0    48    69    60    81    53   153 0.84 # 7485 # 8864 # -1 # ID=143_11;partial=00;start_type=ATG;rbs_motif=None;rbs_spacer=None;gc_cont=0.452
Ga0485799_0143_11    -            460 111803at2157         -            210      0.12   11.6   0.0   2   2      0.61   9.5e+02   -1.1   0.0   169   194   199   224   194   228 0.88 # 7485 # 8864 # -1 # ID=143_11;partial=00;start_type=ATG;rbs_motif=None;rbs_spacer=None;gc_cont=0.452
#
# Program:         hmmsearch
# Version:         3.1b2 (February 2015)
# Pipeline mode:   SEARCH
# Query file:      /home/mira/Bacteria2022/Thiomargarita_magnifica/qc_assembly/busco_article/busco_downloads/lineages/archaea_odb10/hmms/111803at2157.hmm
# Target file:     /home/mira/Bacteria2022/Thiomargarita_magnifica/qc_assembly/busco_article/busco_article/prodigal_output/predicted_genes/predicted.faa
# Option settings: hmmsearch --domtblout /home/mira/Bacteria2022/Thiomargarita_magnifica/qc_assembly/busco_article/busco_article/auto_lineage/run_archaea_odb10/hmmer_output/111803at2157.out --cpu 1 /home/mira/Bacteria2022/Thiomargarita_magnifica/qc_assembly/busco_article/busco_downloads/lineages/archaea_odb10/hmms/111803at2157.hmm /home/mira/Bacteria2022/Thiomargarita_magnifica/qc_assembly/busco_article/busco_article/prodigal_output/predicted_genes/predicted.faa 
# Current dir:     /home/mira/Bacteria2022/Thiomargarita_magnifica/qc_assembly/busco_article
# Date:            Wed Jul 13 13:04:26 2022
# [ok]
