#                                                                            --- full sequence --- -------------- this domain -------------   hmm coord   ali coord   env coord
# target name        accession   tlen query name           accession   qlen   E-value  score  bias   #  of  c-Evalue  i-Evalue  score  bias  from    to  from    to  from    to  acc description of target
#------------------- ---------- ----- -------------------- ---------- ----- --------- ------ ----- --- --- --------- --------- ------ ----- ----- ----- ----- ----- ----- ----- ---- ---------------------
Ga0485799_0051_14    -            449 115808at2157         -            300   1.8e-16   59.9   3.6   1   4   1.3e-06   0.00083   18.3   0.0     3    33    14    44    12    46 0.95 # 15220 # 16566 # -1 # ID=51_14;partial=00;start_type=ATG;rbs_motif=None;rbs_spacer=None;gc_cont=0.448
Ga0485799_0051_14    -            449 115808at2157         -            300   1.8e-16   59.9   3.6   2   4   9.1e-09   5.6e-06   25.4   0.1    62   154    95   198    78   204 0.85 # 15220 # 16566 # -1 # ID=51_14;partial=00;start_type=ATG;rbs_motif=None;rbs_spacer=None;gc_cont=0.448
Ga0485799_0051_14    -            449 115808at2157         -            300   1.8e-16   59.9   3.6   3   4       1.4   8.4e+02   -1.5   0.1   164   186   224   247   218   255 0.73 # 15220 # 16566 # -1 # ID=51_14;partial=00;start_type=ATG;rbs_motif=None;rbs_spacer=None;gc_cont=0.448
Ga0485799_0051_14    -            449 115808at2157         -            300   1.8e-16   59.9   3.6   4   4   1.4e-05    0.0087   14.9   0.0   204   252   290   337   264   365 0.80 # 15220 # 16566 # -1 # ID=51_14;partial=00;start_type=ATG;rbs_motif=None;rbs_spacer=None;gc_cont=0.448
Ga0485799_0399_8     -            402 115808at2157         -            300   7.4e-11   41.4   0.1   1   3   7.6e-05     0.047   12.5   0.0     2    33     1    32     1    34 0.96 # 5088 # 6293 # -1 # ID=399_8;partial=00;start_type=ATG;rbs_motif=None;rbs_spacer=None;gc_cont=0.475
Ga0485799_0399_8     -            402 115808at2157         -            300   7.4e-11   41.4   0.1   2   3   2.1e-05     0.013   14.3   0.0    79   150   103   183   100   194 0.81 # 5088 # 6293 # -1 # ID=399_8;partial=00;start_type=ATG;rbs_motif=None;rbs_spacer=None;gc_cont=0.475
Ga0485799_0399_8     -            402 115808at2157         -            300   7.4e-11   41.4   0.1   3   3   0.00022      0.14   11.0   0.0   208   247   277   316   265   321 0.91 # 5088 # 6293 # -1 # ID=399_8;partial=00;start_type=ATG;rbs_motif=None;rbs_spacer=None;gc_cont=0.475
Ga0485799_0090_26    -            404 115808at2157         -            300   7.5e-11   41.4   0.0   1   3   0.00066      0.41    9.4   0.0     3    34     6    37     4    40 0.93 # 29319 # 30530 # 1 # ID=90_26;partial=00;start_type=ATG;rbs_motif=AGGA;rbs_spacer=5-10bp;gc_cont=0.486
Ga0485799_0090_26    -            404 115808at2157         -            300   7.5e-11   41.4   0.0   2   3   3.1e-05     0.019   13.8   0.0   105   154   134   188    98   194 0.78 # 29319 # 30530 # 1 # ID=90_26;partial=00;start_type=ATG;rbs_motif=AGGA;rbs_spacer=5-10bp;gc_cont=0.486
Ga0485799_0090_26    -            404 115808at2157         -            300   7.5e-11   41.4   0.0   3   3   1.6e-05      0.01   14.7   0.0   198   247   266   317   247   339 0.81 # 29319 # 30530 # 1 # ID=90_26;partial=00;start_type=ATG;rbs_motif=AGGA;rbs_spacer=5-10bp;gc_cont=0.486
Ga0485799_0499_1     -            481 115808at2157         -            300   2.1e-05   23.5   0.0   1   2   1.4e-07   8.7e-05   21.5   0.0     4    33   145   174   142   180 0.93 # 667 # 2109 # -1 # ID=499_1;partial=00;start_type=ATG;rbs_motif=AGGA;rbs_spacer=5-10bp;gc_cont=0.484
Ga0485799_0499_1     -            481 115808at2157         -            300   2.1e-05   23.5   0.0   2   2       1.5   9.2e+02   -1.6   0.0   114   137   384   411   363   416 0.75 # 667 # 2109 # -1 # ID=499_1;partial=00;start_type=ATG;rbs_motif=AGGA;rbs_spacer=5-10bp;gc_cont=0.484
Ga0485799_0041_27    -            712 115808at2157         -            300   2.5e-05   23.2   0.2   1   2   2.2e-06    0.0014   17.6   0.1     4   131   239   374   236   392 0.75 # 29560 # 31695 # 1 # ID=41_27;partial=00;start_type=ATG;rbs_motif=None;rbs_spacer=None;gc_cont=0.439
Ga0485799_0041_27    -            712 115808at2157         -            300   2.5e-05   23.2   0.2   2   2     0.042        26    3.5   0.0     5    31   405   431   402   435 0.90 # 29560 # 31695 # 1 # ID=41_27;partial=00;start_type=ATG;rbs_motif=None;rbs_spacer=None;gc_cont=0.439
Ga0485799_0331_3     -            405 115808at2157         -            300   4.2e-05   22.5   0.1   1   2   1.8e-05     0.011   14.6   0.0     2    33     1    32     1    47 0.89 # 2306 # 3520 # -1 # ID=331_3;partial=00;start_type=ATG;rbs_motif=None;rbs_spacer=None;gc_cont=0.311
Ga0485799_0331_3     -            405 115808at2157         -            300   4.2e-05   22.5   0.1   2   2    0.0094       5.8    5.6   0.0    87   130   112   161   106   163 0.91 # 2306 # 3520 # -1 # ID=331_3;partial=00;start_type=ATG;rbs_motif=None;rbs_spacer=None;gc_cont=0.311
Ga0485799_0642_4     -            322 115808at2157         -            300   6.9e-05   21.8   0.1   1   2     2e-05     0.013   14.4   0.0     2    33     1    32     1    34 0.95 # 2419 # 3384 # 1 # ID=642_4;partial=00;start_type=ATG;rbs_motif=GGA/GAG/AGG;rbs_spacer=5-10bp;gc_cont=0.454
Ga0485799_0642_4     -            322 115808at2157         -            300   6.9e-05   21.8   0.1   2   2     0.012       7.6    5.3   0.0    89   123   158   190   150   275 0.78 # 2419 # 3384 # 1 # ID=642_4;partial=00;start_type=ATG;rbs_motif=GGA/GAG/AGG;rbs_spacer=5-10bp;gc_cont=0.454
Ga0485799_0025_46    -            477 115808at2157         -            300   9.5e-05   21.4   0.0   1   2   5.2e-07   0.00032   19.6   0.0     4    33   145   174   142   180 0.93 # 39500 # 40930 # -1 # ID=25_46;partial=00;start_type=ATG;rbs_motif=AGGAG/GGAGG;rbs_spacer=11-12bp;gc_cont=0.484
Ga0485799_0025_46    -            477 115808at2157         -            300   9.5e-05   21.4   0.0   2   2       2.3   1.5e+03   -2.2   0.0   114   137   382   409   362   414 0.75 # 39500 # 40930 # -1 # ID=25_46;partial=00;start_type=ATG;rbs_motif=AGGAG/GGAGG;rbs_spacer=11-12bp;gc_cont=0.484
Ga0485799_0033_43    -            472 115808at2157         -            300   0.00017   20.5   2.2   1   4   1.1e-05    0.0066   15.3   0.0     2    33     3    34     2    38 0.94 # 36806 # 38221 # -1 # ID=33_43;partial=00;start_type=ATG;rbs_motif=AGGA;rbs_spacer=5-10bp;gc_cont=0.475
Ga0485799_0033_43    -            472 115808at2157         -            300   0.00017   20.5   2.2   2   4      0.11        67    2.1   0.0    97   131   118   152   107   156 0.87 # 36806 # 38221 # -1 # ID=33_43;partial=00;start_type=ATG;rbs_motif=AGGA;rbs_spacer=5-10bp;gc_cont=0.475
Ga0485799_0033_43    -            472 115808at2157         -            300   0.00017   20.5   2.2   3   4       1.5   9.4e+02   -1.6   0.0     7    32   185   210   182   211 0.93 # 36806 # 38221 # -1 # ID=33_43;partial=00;start_type=ATG;rbs_motif=AGGA;rbs_spacer=5-10bp;gc_cont=0.475
Ga0485799_0033_43    -            472 115808at2157         -            300   0.00017   20.5   2.2   4   4      0.67   4.2e+02   -0.5   0.0    93   115   230   259   219   282 0.71 # 36806 # 38221 # -1 # ID=33_43;partial=00;start_type=ATG;rbs_motif=AGGA;rbs_spacer=5-10bp;gc_cont=0.475
Ga0485799_0701_1     -            592 115808at2157         -            300   0.00017   20.5   0.1   1   2   6.3e-07   0.00039   19.3   0.0     4    33   282   311   279   313 0.95 # 1042 # 2817 # 1 # ID=701_1;partial=00;start_type=ATG;rbs_motif=None;rbs_spacer=None;gc_cont=0.491
Ga0485799_0701_1     -            592 115808at2157         -            300   0.00017   20.5   0.1   2   2       3.9   2.4e+03   -3.0   0.0     4    23   408   427   406   430 0.88 # 1042 # 2817 # 1 # ID=701_1;partial=00;start_type=ATG;rbs_motif=None;rbs_spacer=None;gc_cont=0.491
Ga0485799_0523_9     -            573 115808at2157         -            300    0.0002   20.3   0.1   1   2   9.3e-07   0.00058   18.8   0.1     2    32     7    37     6    39 0.95 # 6361 # 8079 # -1 # ID=523_9;partial=00;start_type=ATG;rbs_motif=AGGA;rbs_spacer=5-10bp;gc_cont=0.366
Ga0485799_0523_9     -            573 115808at2157         -            300    0.0002   20.3   0.1   2   2       2.2   1.4e+03   -2.2   0.0    86   116   136   166   119   193 0.72 # 6361 # 8079 # -1 # ID=523_9;partial=00;start_type=ATG;rbs_motif=AGGA;rbs_spacer=5-10bp;gc_cont=0.366
Ga0485799_0028_46    -            355 115808at2157         -            300    0.0008   18.3   0.0   1   2   7.8e-06    0.0049   15.7   0.1     3    36     1    34     1    39 0.94 # 59410 # 60474 # 1 # ID=28_46;partial=00;start_type=ATG;rbs_motif=None;rbs_spacer=None;gc_cont=0.440
Ga0485799_0028_46    -            355 115808at2157         -            300    0.0008   18.3   0.0   2   2      0.57   3.5e+02   -0.2   0.0    99   154   217   280   201   285 0.73 # 59410 # 60474 # 1 # ID=28_46;partial=00;start_type=ATG;rbs_motif=None;rbs_spacer=None;gc_cont=0.440
Ga0485799_0239_1     -            355 115808at2157         -            300    0.0023   16.8   0.0   1   1   7.8e-06    0.0049   15.7   0.0     2    33     1    32     1    39 0.94 # 380 # 1444 # -1 # ID=239_1;partial=00;start_type=ATG;rbs_motif=AGGA;rbs_spacer=5-10bp;gc_cont=0.462
Ga0485799_0159_1     -            643 115808at2157         -            300    0.0024   16.7   0.0   1   3   0.00015     0.092   11.5   0.0     4    33   142   171   139   172 0.94 # 552 # 2480 # -1 # ID=159_1;partial=00;start_type=ATG;rbs_motif=GGA/GAG/AGG;rbs_spacer=5-10bp;gc_cont=0.483
Ga0485799_0159_1     -            643 115808at2157         -            300    0.0024   16.7   0.0   2   3      0.83   5.1e+02   -0.8   0.0    79   133   186   237   185   256 0.70 # 552 # 2480 # -1 # ID=159_1;partial=00;start_type=ATG;rbs_motif=GGA/GAG/AGG;rbs_spacer=5-10bp;gc_cont=0.483
Ga0485799_0159_1     -            643 115808at2157         -            300    0.0024   16.7   0.0   3   3      0.25   1.5e+02    1.0   0.0   114   132   384   409   340   415 0.77 # 552 # 2480 # -1 # ID=159_1;partial=00;start_type=ATG;rbs_motif=GGA/GAG/AGG;rbs_spacer=5-10bp;gc_cont=0.483
Ga0485799_0450_4     -            344 115808at2157         -            300    0.0061   15.4   0.0   1   2   4.2e-05     0.026   13.4   0.0     2    37     1    36     1    51 0.80 # 2629 # 3660 # 1 # ID=450_4;partial=00;start_type=ATG;rbs_motif=GGA/GAG/AGG;rbs_spacer=5-10bp;gc_cont=0.308
Ga0485799_0450_4     -            344 115808at2157         -            300    0.0061   15.4   0.0   2   2      0.99   6.2e+02   -1.0   0.0    98   130   117   154   109   168 0.80 # 2629 # 3660 # 1 # ID=450_4;partial=00;start_type=ATG;rbs_motif=GGA/GAG/AGG;rbs_spacer=5-10bp;gc_cont=0.308
Ga0485799_0612_6     -            453 115808at2157         -            300    0.0075   15.1   0.0   1   1   2.4e-05     0.015   14.2   0.0     4    34    29    59    26    64 0.92 # 4595 # 5953 # -1 # ID=612_6;partial=00;start_type=TTG;rbs_motif=AGGA;rbs_spacer=5-10bp;gc_cont=0.297
Ga0485799_0335_4     -            427 115808at2157         -            300    0.0083   15.0   0.1   1   2   6.6e-05     0.041   12.7   0.0     4    34    10    40     7    44 0.92 # 3963 # 5243 # -1 # ID=335_4;partial=00;start_type=ATG;rbs_motif=GGAGG;rbs_spacer=5-10bp;gc_cont=0.472
Ga0485799_0335_4     -            427 115808at2157         -            300    0.0083   15.0   0.1   2   2      0.92   5.7e+02   -0.9   0.0    69   114   282   329   251   364 0.75 # 3963 # 5243 # -1 # ID=335_4;partial=00;start_type=ATG;rbs_motif=GGAGG;rbs_spacer=5-10bp;gc_cont=0.472
Ga0485799_0023_10    -            435 115808at2157         -            300     0.011   14.6   0.0   1   1   2.6e-05     0.016   14.0   0.0     4    33     5    34     2    40 0.93 # 9402 # 10706 # -1 # ID=23_10;partial=00;start_type=ATG;rbs_motif=None;rbs_spacer=None;gc_cont=0.391
Ga0485799_0134_24    -            466 115808at2157         -            300     0.014   14.2   0.0   1   1   4.7e-05     0.029   13.2   0.0     4    32   142   170   139   172 0.95 # 27734 # 29131 # 1 # ID=134_24;partial=00;start_type=ATG;rbs_motif=GGAGG;rbs_spacer=5-10bp;gc_cont=0.509
Ga0485799_0135_5     -            379 115808at2157         -            300     0.023   13.5   0.1   1   1   6.1e-05     0.038   12.8   0.1     3    34     1    32     1    33 0.95 # 2773 # 3909 # -1 # ID=135_5;partial=00;start_type=ATG;rbs_motif=None;rbs_spacer=None;gc_cont=0.530
Ga0485799_0467_6     -            532 115808at2157         -            300     0.033   13.0   0.2   1   2   0.00028      0.17   10.6   0.1     1    33     1    33     1    34 0.96 # 4060 # 5655 # -1 # ID=467_6;partial=00;start_type=ATG;rbs_motif=AGGA;rbs_spacer=5-10bp;gc_cont=0.323
Ga0485799_0467_6     -            532 115808at2157         -            300     0.033   13.0   0.2   2   2      0.76   4.7e+02   -0.6   0.0   105   131   242   268   226   287 0.76 # 4060 # 5655 # -1 # ID=467_6;partial=00;start_type=ATG;rbs_motif=AGGA;rbs_spacer=5-10bp;gc_cont=0.323
Ga0485799_0003_102   -            514 115808at2157         -            300     0.044   12.6   0.0   1   1   0.00012     0.076   11.8   0.0     2    33    12    43    11    45 0.95 # 114322 # 115863 # -1 # ID=3_102;partial=00;start_type=ATG;rbs_motif=GGAGG;rbs_spacer=5-10bp;gc_cont=0.542
Ga0485799_0433_9     -            618 115808at2157         -            300     0.071   11.9   0.0   1   1   0.00025      0.15   10.8   0.0     2    34    32    64    31    71 0.91 # 6604 # 8457 # 1 # ID=433_9;partial=00;start_type=TTG;rbs_motif=None;rbs_spacer=None;gc_cont=0.464
Ga0485799_0216_8     -            566 115808at2157         -            300      0.08   11.8   0.0   1   1   0.00021      0.13   11.0   0.0     2    33     4    35     3    37 0.95 # 5555 # 7252 # 1 # ID=216_8;partial=00;start_type=ATG;rbs_motif=AGGA/GGAG/GAGG;rbs_spacer=11-12bp;gc_cont=0.499
Ga0485799_0220_3     -            451 115808at2157         -            300      0.15   10.8   0.0   1   4      0.88   5.5e+02   -0.9   0.0     4    23    72    91    69    94 0.85 # 1471 # 2823 # -1 # ID=220_3;partial=00;start_type=ATG;rbs_motif=GGAG/GAGG;rbs_spacer=5-10bp;gc_cont=0.479
Ga0485799_0220_3     -            451 115808at2157         -            300      0.15   10.8   0.0   2   4     0.056        35    3.1   0.0    92   132   134   178   130   195 0.89 # 1471 # 2823 # -1 # ID=220_3;partial=00;start_type=ATG;rbs_motif=GGAG/GAGG;rbs_spacer=5-10bp;gc_cont=0.479
Ga0485799_0220_3     -            451 115808at2157         -            300      0.15   10.8   0.0   3   4     0.073        46    2.7   0.0     4    32   213   241   211   242 0.93 # 1471 # 2823 # -1 # ID=220_3;partial=00;start_type=ATG;rbs_motif=GGAG/GAGG;rbs_spacer=5-10bp;gc_cont=0.479
Ga0485799_0220_3     -            451 115808at2157         -            300      0.15   10.8   0.0   4   4       1.3   8.2e+02   -1.4   0.0    88   134   257   310   254   326 0.82 # 1471 # 2823 # -1 # ID=220_3;partial=00;start_type=ATG;rbs_motif=GGAG/GAGG;rbs_spacer=5-10bp;gc_cont=0.479
#
# Program:         hmmsearch
# Version:         3.1b2 (February 2015)
# Pipeline mode:   SEARCH
# Query file:      /home/mira/Bacteria2022/Thiomargarita_magnifica/qc_assembly/busco_article/busco_downloads/lineages/archaea_odb10/hmms/115808at2157.hmm
# Target file:     /home/mira/Bacteria2022/Thiomargarita_magnifica/qc_assembly/busco_article/busco_article/prodigal_output/predicted_genes/predicted.faa
# Option settings: hmmsearch --domtblout /home/mira/Bacteria2022/Thiomargarita_magnifica/qc_assembly/busco_article/busco_article/auto_lineage/run_archaea_odb10/hmmer_output/115808at2157.out --cpu 1 /home/mira/Bacteria2022/Thiomargarita_magnifica/qc_assembly/busco_article/busco_downloads/lineages/archaea_odb10/hmms/115808at2157.hmm /home/mira/Bacteria2022/Thiomargarita_magnifica/qc_assembly/busco_article/busco_article/prodigal_output/predicted_genes/predicted.faa 
# Current dir:     /home/mira/Bacteria2022/Thiomargarita_magnifica/qc_assembly/busco_article
# Date:            Wed Jul 13 13:04:26 2022
# [ok]
