#                                                                            --- full sequence --- -------------- this domain -------------   hmm coord   ali coord   env coord
# target name        accession   tlen query name           accession   qlen   E-value  score  bias   #  of  c-Evalue  i-Evalue  score  bias  from    to  from    to  from    to  acc description of target
#------------------- ---------- ----- -------------------- ---------- ----- --------- ------ ----- --- --- --------- --------- ------ ----- ----- ----- ----- ----- ----- ----- ---- ---------------------
Ga0485799_0042_7     -            559 117241at2157         -            147   3.3e-14   52.6   4.9   1   4   2.2e-06    0.0049   16.3   0.1    70   139   203   263   178   269 0.80 # 6356 # 8032 # 1 # ID=42_7;partial=00;start_type=ATG;rbs_motif=None;rbs_spacer=None;gc_cont=0.459
Ga0485799_0042_7     -            559 117241at2157         -            147   3.3e-14   52.6   4.9   2   4   0.00016      0.35   10.3   0.0    71   138   289   349   276   358 0.85 # 6356 # 8032 # 1 # ID=42_7;partial=00;start_type=ATG;rbs_motif=None;rbs_spacer=None;gc_cont=0.459
Ga0485799_0042_7     -            559 117241at2157         -            147   3.3e-14   52.6   4.9   3   4   1.2e-05     0.027   13.9   0.0    62   137   367   435   356   439 0.82 # 6356 # 8032 # 1 # ID=42_7;partial=00;start_type=ATG;rbs_motif=None;rbs_spacer=None;gc_cont=0.459
Ga0485799_0042_7     -            559 117241at2157         -            147   3.3e-14   52.6   4.9   4   4    0.0011       2.5    7.6   0.1   100   137   484   521   478   529 0.90 # 6356 # 8032 # 1 # ID=42_7;partial=00;start_type=ATG;rbs_motif=None;rbs_spacer=None;gc_cont=0.459
Ga0485799_0307_8     -            993 117241at2157         -            147   5.1e-11   42.2   0.1   1   5     0.082   1.8e+02    1.5   0.0    43    69   245   271   224   288 0.84 # 11629 # 14607 # 1 # ID=307_8;partial=00;start_type=ATG;rbs_motif=GGA/GAG/AGG;rbs_spacer=5-10bp;gc_cont=0.415
Ga0485799_0307_8     -            993 117241at2157         -            147   5.1e-11   42.2   0.1   2   5      0.69   1.5e+03   -1.5   0.0    55    91   525   561   514   568 0.86 # 11629 # 14607 # 1 # ID=307_8;partial=00;start_type=ATG;rbs_motif=GGA/GAG/AGG;rbs_spacer=5-10bp;gc_cont=0.415
Ga0485799_0307_8     -            993 117241at2157         -            147   5.1e-11   42.2   0.1   3   5   0.00019      0.43   10.0   0.1    61   137   564   634   555   637 0.84 # 11629 # 14607 # 1 # ID=307_8;partial=00;start_type=ATG;rbs_motif=GGA/GAG/AGG;rbs_spacer=5-10bp;gc_cont=0.415
Ga0485799_0307_8     -            993 117241at2157         -            147   5.1e-11   42.2   0.1   4   5   4.3e-05     0.094   12.2   0.0    69   134   661   720   649   725 0.73 # 11629 # 14607 # 1 # ID=307_8;partial=00;start_type=ATG;rbs_motif=GGA/GAG/AGG;rbs_spacer=5-10bp;gc_cont=0.415
Ga0485799_0307_8     -            993 117241at2157         -            147   5.1e-11   42.2   0.1   5   5   0.00011      0.25   10.8   0.0    61   136   738   807   730   815 0.78 # 11629 # 14607 # 1 # ID=307_8;partial=00;start_type=ATG;rbs_motif=GGA/GAG/AGG;rbs_spacer=5-10bp;gc_cont=0.415
Ga0485799_0532_6     -            392 117241at2157         -            147   1.6e-06   27.7   0.1   1   4     0.089     2e+02    1.4   0.0    59    92    27    62    14    76 0.78 # 6645 # 7820 # 1 # ID=532_6;partial=01;start_type=ATG;rbs_motif=GGA/GAG/AGG;rbs_spacer=5-10bp;gc_cont=0.311
Ga0485799_0532_6     -            392 117241at2157         -            147   1.6e-06   27.7   0.1   2   4   0.00053       1.2    8.6   0.0    68    91   206   229   191   235 0.80 # 6645 # 7820 # 1 # ID=532_6;partial=01;start_type=ATG;rbs_motif=GGA/GAG/AGG;rbs_spacer=5-10bp;gc_cont=0.311
Ga0485799_0532_6     -            392 117241at2157         -            147   1.6e-06   27.7   0.1   3   4     5e-05      0.11   11.9   0.0    66   135   289   351   280   363 0.79 # 6645 # 7820 # 1 # ID=532_6;partial=01;start_type=ATG;rbs_motif=GGA/GAG/AGG;rbs_spacer=5-10bp;gc_cont=0.311
Ga0485799_0532_6     -            392 117241at2157         -            147   1.6e-06   27.7   0.1   4   4      0.63   1.4e+03   -1.4   0.0    62    82   370   392   355   392 0.63 # 6645 # 7820 # 1 # ID=532_6;partial=01;start_type=ATG;rbs_motif=GGA/GAG/AGG;rbs_spacer=5-10bp;gc_cont=0.311
Ga0485799_0100_21    -            732 117241at2157         -            147   5.8e-06   25.8   0.0   1   1   4.8e-09   1.1e-05   25.0   0.0    69   132   660   727   652   730 0.87 # 28224 # 30419 # 1 # ID=100_21;partial=00;start_type=ATG;rbs_motif=None;rbs_spacer=None;gc_cont=0.456
Ga0485799_0126_14    -            692 117241at2157         -            147   2.5e-05   23.8   0.1   1   1   2.4e-08   5.4e-05   22.7   0.1    58   119   617   683   607   691 0.72 # 12801 # 14876 # -1 # ID=126_14;partial=00;start_type=ATG;rbs_motif=None;rbs_spacer=None;gc_cont=0.480
Ga0485799_0072_37    -            786 117241at2157         -            147   3.3e-05   23.4   0.8   1   1   4.7e-08    0.0001   21.8   0.8    62   135   653   720   648   723 0.84 # 37568 # 39925 # 1 # ID=72_37;partial=00;start_type=ATG;rbs_motif=None;rbs_spacer=None;gc_cont=0.477
Ga0485799_0661_6     -            169 117241at2157         -            147   0.00069   19.1   1.7   1   2    0.0032         7    6.1   0.3   106   136    22    52     1    60 0.79 # 4801 # 5307 # -1 # ID=661_6;partial=01;start_type=Edge;rbs_motif=None;rbs_spacer=None;gc_cont=0.294
Ga0485799_0661_6     -            169 117241at2157         -            147   0.00069   19.1   1.7   2   2   0.00014       0.3   10.5   0.1   105   141   105   141    72   146 0.90 # 4801 # 5307 # -1 # ID=661_6;partial=01;start_type=Edge;rbs_motif=None;rbs_spacer=None;gc_cont=0.294
#
# Program:         hmmsearch
# Version:         3.1b2 (February 2015)
# Pipeline mode:   SEARCH
# Query file:      /home/mira/Bacteria2022/Thiomargarita_magnifica/qc_assembly/busco_article/busco_downloads/lineages/archaea_odb10/hmms/117241at2157.hmm
# Target file:     /home/mira/Bacteria2022/Thiomargarita_magnifica/qc_assembly/busco_article/busco_article/prodigal_output/predicted_genes/predicted.faa
# Option settings: hmmsearch --domtblout /home/mira/Bacteria2022/Thiomargarita_magnifica/qc_assembly/busco_article/busco_article/auto_lineage/run_archaea_odb10/hmmer_output/117241at2157.out --cpu 1 /home/mira/Bacteria2022/Thiomargarita_magnifica/qc_assembly/busco_article/busco_downloads/lineages/archaea_odb10/hmms/117241at2157.hmm /home/mira/Bacteria2022/Thiomargarita_magnifica/qc_assembly/busco_article/busco_article/prodigal_output/predicted_genes/predicted.faa 
# Current dir:     /home/mira/Bacteria2022/Thiomargarita_magnifica/qc_assembly/busco_article
# Date:            Wed Jul 13 13:04:26 2022
# [ok]
