#                                                                            --- full sequence --- -------------- this domain -------------   hmm coord   ali coord   env coord
# target name        accession   tlen query name           accession   qlen   E-value  score  bias   #  of  c-Evalue  i-Evalue  score  bias  from    to  from    to  from    to  acc description of target
#------------------- ---------- ----- -------------------- ---------- ----- --------- ------ ----- --- --- --------- --------- ------ ----- ----- ----- ----- ----- ----- ----- ---- ---------------------
Ga0485799_0104_28    -            289 119044at2157         -            177   8.4e-08   31.8   0.0   1   1   2.9e-10   1.3e-07   31.2   0.0    38    97   147   207   136   210 0.86 # 24883 # 25749 # -1 # ID=104_28;partial=00;start_type=ATG;rbs_motif=None;rbs_spacer=None;gc_cont=0.464
Ga0485799_0252_7     -            256 119044at2157         -            177   2.6e-07   30.2   0.0   1   1   9.3e-10   4.2e-07   29.5   0.0    37   100    34    98    25   101 0.88 # 5511 # 6278 # 1 # ID=252_7;partial=00;start_type=ATG;rbs_motif=GGA/GAG/AGG;rbs_spacer=5-10bp;gc_cont=0.388
Ga0485799_0673_4     -            277 119044at2157         -            177   3.7e-06   26.4   0.8   1   1   3.5e-08   1.6e-05   24.4   0.8    41    99   104   169    94   191 0.79 # 4017 # 4847 # 1 # ID=673_4;partial=00;start_type=ATG;rbs_motif=None;rbs_spacer=None;gc_cont=0.285
Ga0485799_0472_1     -            110 119044at2157         -            177   6.4e-06   25.7   0.0   1   1   1.6e-08   7.5e-06   25.4   0.0    46    95    40    90    21   101 0.85 # 540 # 869 # 1 # ID=472_1;partial=00;start_type=ATG;rbs_motif=AGGA;rbs_spacer=5-10bp;gc_cont=0.358
Ga0485799_0267_14    -            232 119044at2157         -            177   8.8e-06   25.2   0.0   1   1     4e-08   1.8e-05   24.2   0.0    46   101    64   120    52   121 0.89 # 11874 # 12569 # -1 # ID=267_14;partial=00;start_type=ATG;rbs_motif=GGA/GAG/AGG;rbs_spacer=5-10bp;gc_cont=0.375
Ga0485799_0183_26    -            254 119044at2157         -            177   2.5e-05   23.7   0.0   1   1   8.8e-08     4e-05   23.1   0.0    45    95    39    90     8    99 0.83 # 20456 # 21217 # -1 # ID=183_26;partial=00;start_type=ATG;rbs_motif=AGGA;rbs_spacer=5-10bp;gc_cont=0.358
Ga0485799_0472_11    -             86 119044at2157         -            177   4.5e-05   22.9   0.0   1   1     1e-07   4.6e-05   22.9   0.0    46    88    40    83    15    86 0.90 # 9142 # 9399 # 1 # ID=472_11;partial=01;start_type=ATG;rbs_motif=AGGA;rbs_spacer=5-10bp;gc_cont=0.353
Ga0485799_0063_18    -            300 119044at2157         -            177   8.8e-05   22.0   0.0   1   1   4.4e-07    0.0002   20.8   0.0    48   100   114   167   109   170 0.90 # 15894 # 16793 # 1 # ID=63_18;partial=00;start_type=ATG;rbs_motif=None;rbs_spacer=None;gc_cont=0.372
Ga0485799_0207_6     -            234 119044at2157         -            177   9.1e-05   21.9   0.0   1   1   3.1e-07   0.00014   21.3   0.0    47   101    46   102    29   104 0.86 # 13969 # 14670 # 1 # ID=207_6;partial=00;start_type=ATG;rbs_motif=AGxAGG/AGGxGG;rbs_spacer=5-10bp;gc_cont=0.412
Ga0485799_0004_107   -            440 119044at2157         -            177   0.00057   19.3   0.0   1   1   2.2e-06     0.001   18.5   0.0    41    87   259   308   251   320 0.82 # 100007 # 101326 # -1 # ID=4_107;partial=00;start_type=ATG;rbs_motif=None;rbs_spacer=None;gc_cont=0.456
Ga0485799_0268_13    -            234 119044at2157         -            177    0.0007   19.0   0.0   1   1   2.4e-06    0.0011   18.4   0.0    45    86    48    90    42   108 0.85 # 8125 # 8826 # 1 # ID=268_13;partial=00;start_type=ATG;rbs_motif=None;rbs_spacer=None;gc_cont=0.454
Ga0485799_0212_11    -            304 119044at2157         -            177   0.00075   18.9   0.1   1   1   5.5e-06    0.0025   17.2   0.1    48    93   130   179   125   212 0.89 # 13705 # 14616 # -1 # ID=212_11;partial=00;start_type=ATG;rbs_motif=GGA/GAG/AGG;rbs_spacer=5-10bp;gc_cont=0.451
Ga0485799_0014_4     -            406 119044at2157         -            177   0.00084   18.8   0.1   1   1   4.7e-06    0.0021   17.4   0.1    45    91   228   278   217   288 0.83 # 4664 # 5881 # -1 # ID=14_4;partial=00;start_type=ATG;rbs_motif=AGGA;rbs_spacer=5-10bp;gc_cont=0.439
Ga0485799_0127_32    -            277 119044at2157         -            177   0.00086   18.7   0.1   1   1   5.4e-06    0.0025   17.2   0.1    46   111   109   188    99   195 0.73 # 28976 # 29806 # -1 # ID=127_32;partial=00;start_type=ATG;rbs_motif=4Base/6BMM;rbs_spacer=13-15bp;gc_cont=0.483
Ga0485799_0791_3     -            246 119044at2157         -            177    0.0009   18.7   0.0   1   1   3.8e-06    0.0017   17.7   0.0    39    89    48   100    33   107 0.84 # 3158 # 3895 # -1 # ID=791_3;partial=01;start_type=Edge;rbs_motif=None;rbs_spacer=None;gc_cont=0.314
Ga0485799_0033_26    -            259 119044at2157         -            177    0.0017   17.8   0.0   1   1   5.6e-06    0.0026   17.2   0.0    42    93    49   102    37   117 0.77 # 22982 # 23758 # 1 # ID=33_26;partial=00;start_type=TTG;rbs_motif=GGAG/GAGG;rbs_spacer=5-10bp;gc_cont=0.313
Ga0485799_0072_25    -            294 119044at2157         -            177     0.002   17.5   0.0   1   1   6.5e-06     0.003   17.0   0.0    12    99    12   104     7   107 0.84 # 24015 # 24896 # -1 # ID=72_25;partial=00;start_type=ATG;rbs_motif=GGA/GAG/AGG;rbs_spacer=5-10bp;gc_cont=0.455
Ga0485799_0340_11    -            258 119044at2157         -            177    0.0031   16.9   0.0   1   1   1.5e-05    0.0069   15.8   0.0    47    95    75   127    69   135 0.81 # 13023 # 13796 # -1 # ID=340_11;partial=00;start_type=ATG;rbs_motif=GGAG/GAGG;rbs_spacer=5-10bp;gc_cont=0.464
Ga0485799_0503_5     -            190 119044at2157         -            177    0.0033   16.8   0.0   1   1   1.4e-05    0.0062   15.9   0.0    37    99    39   103    31   105 0.85 # 2053 # 2622 # 1 # ID=503_5;partial=00;start_type=TTG;rbs_motif=None;rbs_spacer=None;gc_cont=0.249
Ga0485799_1056_3     -            456 119044at2157         -            177     0.004   16.6   0.0   1   1   2.7e-05     0.012   15.0   0.0    46    89    58   103    45   111 0.84 # 703 # 2070 # 1 # ID=1056_3;partial=01;start_type=ATG;rbs_motif=GGAG/GAGG;rbs_spacer=5-10bp;gc_cont=0.298
Ga0485799_0759_4     -            278 119044at2157         -            177    0.0048   16.3   0.1   1   1   1.8e-05    0.0083   15.5   0.1    46    92   143   190   132   202 0.81 # 3319 # 4152 # -1 # ID=759_4;partial=00;start_type=TTG;rbs_motif=GGA/GAG/AGG;rbs_spacer=5-10bp;gc_cont=0.303
Ga0485799_0461_2     -            361 119044at2157         -            177    0.0072   15.7   0.0   1   1   2.7e-05     0.012   15.0   0.0    44    88    62   110    56   116 0.85 # 2876 # 3958 # -1 # ID=461_2;partial=00;start_type=ATG;rbs_motif=4Base/6BMM;rbs_spacer=13-15bp;gc_cont=0.444
Ga0485799_0474_3     -            243 119044at2157         -            177    0.0075   15.7   0.0   1   1   2.5e-05     0.011   15.1   0.0    46    85    44    85    27   102 0.84 # 2026 # 2754 # 1 # ID=474_3;partial=00;start_type=ATG;rbs_motif=None;rbs_spacer=None;gc_cont=0.398
Ga0485799_0681_3     -            230 119044at2157         -            177     0.037   13.4   0.2   1   2   0.00025      0.11   11.8   0.0    47    88    36    77    24    88 0.86 # 771 # 1460 # 1 # ID=681_3;partial=00;start_type=TTG;rbs_motif=None;rbs_spacer=None;gc_cont=0.277
Ga0485799_0681_3     -            230 119044at2157         -            177     0.037   13.4   0.2   2   2       3.5   1.6e+03   -1.7   0.1   144   164   192   212   155   215 0.64 # 771 # 1460 # 1 # ID=681_3;partial=00;start_type=TTG;rbs_motif=None;rbs_spacer=None;gc_cont=0.277
Ga0485799_0045_2     -            326 119044at2157         -            177      0.04   13.3   0.0   1   1   0.00019     0.087   12.2   0.0    45   103   262   322   247   324 0.80 # 195 # 1172 # -1 # ID=45_2;partial=00;start_type=ATG;rbs_motif=GGA/GAG/AGG;rbs_spacer=5-10bp;gc_cont=0.420
Ga0485799_0225_2     -            808 119044at2157         -            177     0.043   13.2   0.0   1   1   0.00015      0.07   12.5   0.0    33    98   591   657   586   659 0.84 # 1087 # 3510 # -1 # ID=225_2;partial=00;start_type=ATG;rbs_motif=GGA/GAG/AGG;rbs_spacer=5-10bp;gc_cont=0.463
Ga0485799_0043_15    -            282 119044at2157         -            177     0.051   13.0   0.0   1   1   0.00022     0.099   12.0   0.0    44    88   200   245   190   256 0.84 # 32547 # 33392 # -1 # ID=43_15;partial=00;start_type=ATG;rbs_motif=GGAG/GAGG;rbs_spacer=5-10bp;gc_cont=0.371
Ga0485799_0309_1     -            205 119044at2157         -            177     0.052   12.9   0.0   1   1   0.00021     0.096   12.1   0.0    39    88    32    83    28    96 0.88 # 1 # 615 # 1 # ID=309_1;partial=10;start_type=Edge;rbs_motif=None;rbs_spacer=None;gc_cont=0.270
Ga0485799_0669_3     -            272 119044at2157         -            177     0.067   12.6   0.0   1   1   0.00026      0.12   11.8   0.0    46    95    45    97    24   105 0.83 # 931 # 1746 # -1 # ID=669_3;partial=00;start_type=ATG;rbs_motif=None;rbs_spacer=None;gc_cont=0.292
Ga0485799_0016_41    -            396 119044at2157         -            177     0.068   12.6   0.0   1   1   0.00028      0.13   11.6   0.0    46    83   231   269   212   276 0.85 # 45086 # 46273 # 1 # ID=16_41;partial=00;start_type=ATG;rbs_motif=GGA/GAG/AGG;rbs_spacer=11-12bp;gc_cont=0.342
Ga0485799_0412_4     -            285 119044at2157         -            177     0.094   12.1   0.0   1   1   0.00032      0.14   11.5   0.0    42    93    46   101    11   110 0.82 # 3374 # 4228 # -1 # ID=412_4;partial=00;start_type=ATG;rbs_motif=GGAGG;rbs_spacer=5-10bp;gc_cont=0.474
Ga0485799_0072_23    -            210 119044at2157         -            177      0.11   11.9   0.0   1   1   0.00034      0.15   11.4   0.0    46    87    17    60     8    97 0.83 # 22052 # 22681 # -1 # ID=72_23;partial=00;start_type=ATG;rbs_motif=GGAG/GAGG;rbs_spacer=5-10bp;gc_cont=0.444
Ga0485799_0032_5     -           3646 119044at2157         -            177      0.11   11.9   0.0   1   1   0.00063      0.29   10.5   0.0    39    95   738   795   734   801 0.84 # 2898 # 13835 # 1 # ID=32_5;partial=00;start_type=ATG;rbs_motif=None;rbs_spacer=None;gc_cont=0.442
Ga0485799_0072_33    -            301 119044at2157         -            177      0.17   11.2   0.0   1   1    0.0006      0.28   10.6   0.0    48    88   251   292   239   297 0.81 # 33368 # 34270 # 1 # ID=72_33;partial=00;start_type=ATG;rbs_motif=GGA/GAG/AGG;rbs_spacer=5-10bp;gc_cont=0.393
#
# Program:         hmmsearch
# Version:         3.1b2 (February 2015)
# Pipeline mode:   SEARCH
# Query file:      /home/mira/Bacteria2022/Thiomargarita_magnifica/qc_assembly/busco_article/busco_downloads/lineages/archaea_odb10/hmms/119044at2157.hmm
# Target file:     /home/mira/Bacteria2022/Thiomargarita_magnifica/qc_assembly/busco_article/busco_article/prodigal_output/predicted_genes/predicted.faa
# Option settings: hmmsearch --domtblout /home/mira/Bacteria2022/Thiomargarita_magnifica/qc_assembly/busco_article/busco_article/auto_lineage/run_archaea_odb10/hmmer_output/119044at2157.out --cpu 1 /home/mira/Bacteria2022/Thiomargarita_magnifica/qc_assembly/busco_article/busco_downloads/lineages/archaea_odb10/hmms/119044at2157.hmm /home/mira/Bacteria2022/Thiomargarita_magnifica/qc_assembly/busco_article/busco_article/prodigal_output/predicted_genes/predicted.faa 
# Current dir:     /home/mira/Bacteria2022/Thiomargarita_magnifica/qc_assembly/busco_article
# Date:            Wed Jul 13 13:04:26 2022
# [ok]
