#                                                                            --- full sequence --- -------------- this domain -------------   hmm coord   ali coord   env coord
# target name        accession   tlen query name           accession   qlen   E-value  score  bias   #  of  c-Evalue  i-Evalue  score  bias  from    to  from    to  from    to  acc description of target
#------------------- ---------- ----- -------------------- ---------- ----- --------- ------ ----- --- --- --------- --------- ------ ----- ----- ----- ----- ----- ----- ----- ---- ---------------------
Ga0485799_0583_4     -             60 123853at2157         -             38    0.0036   16.9   3.8   1   2   2.9e-06     0.015   14.9   0.6    23    34    23    34    19    36 0.91 # 1617 # 1796 # -1 # ID=583_4;partial=00;start_type=ATG;rbs_motif=AGGA;rbs_spacer=5-10bp;gc_cont=0.372
Ga0485799_0583_4     -             60 123853at2157         -             38    0.0036   16.9   3.8   2   2     0.013        68    3.2   0.1     1    11    47    57    46    58 0.86 # 1617 # 1796 # -1 # ID=583_4;partial=00;start_type=ATG;rbs_motif=AGGA;rbs_spacer=5-10bp;gc_cont=0.372
Ga0485799_0225_11    -            126 123853at2157         -             38       0.1   12.2   2.6   1   3   0.00092       4.8    6.9   0.3     1    25     9    31     9    35 0.88 # 14224 # 14601 # -1 # ID=225_11;partial=00;start_type=ATG;rbs_motif=GGAG/GAGG;rbs_spacer=5-10bp;gc_cont=0.553
Ga0485799_0225_11    -            126 123853at2157         -             38       0.1   12.2   2.6   2   3    0.0018       9.4    6.0   0.7     1    25    27    49    27    52 0.88 # 14224 # 14601 # -1 # ID=225_11;partial=00;start_type=ATG;rbs_motif=GGAG/GAGG;rbs_spacer=5-10bp;gc_cont=0.553
Ga0485799_0225_11    -            126 123853at2157         -             38       0.1   12.2   2.6   3   3      0.01        54    3.6   0.2     1    21    45    63    45    69 0.74 # 14224 # 14601 # -1 # ID=225_11;partial=00;start_type=ATG;rbs_motif=GGAG/GAGG;rbs_spacer=5-10bp;gc_cont=0.553
Ga0485799_1899_2     -             60 123853at2157         -             38      0.34   10.6   6.5   1   2   0.00016      0.84    9.3   1.9    27    35     9    17     7    18 0.88 # 86 # 265 # 1 # ID=1899_2;partial=00;start_type=ATG;rbs_motif=AGxAG;rbs_spacer=5-10bp;gc_cont=0.261
Ga0485799_1899_2     -             60 123853at2157         -             38      0.34   10.6   6.5   2   2      0.01        52    3.6   0.2     1     7    37    43    36    48 0.59 # 86 # 265 # 1 # ID=1899_2;partial=00;start_type=ATG;rbs_motif=AGxAG;rbs_spacer=5-10bp;gc_cont=0.261
#
# Program:         hmmsearch
# Version:         3.1b2 (February 2015)
# Pipeline mode:   SEARCH
# Query file:      /home/mira/Bacteria2022/Thiomargarita_magnifica/qc_assembly/busco_article/busco_downloads/lineages/archaea_odb10/hmms/123853at2157.hmm
# Target file:     /home/mira/Bacteria2022/Thiomargarita_magnifica/qc_assembly/busco_article/busco_article/prodigal_output/predicted_genes/predicted.faa
# Option settings: hmmsearch --domtblout /home/mira/Bacteria2022/Thiomargarita_magnifica/qc_assembly/busco_article/busco_article/auto_lineage/run_archaea_odb10/hmmer_output/123853at2157.out --cpu 1 /home/mira/Bacteria2022/Thiomargarita_magnifica/qc_assembly/busco_article/busco_downloads/lineages/archaea_odb10/hmms/123853at2157.hmm /home/mira/Bacteria2022/Thiomargarita_magnifica/qc_assembly/busco_article/busco_article/prodigal_output/predicted_genes/predicted.faa 
# Current dir:     /home/mira/Bacteria2022/Thiomargarita_magnifica/qc_assembly/busco_article
# Date:            Wed Jul 13 13:04:26 2022
# [ok]
