#                                                                            --- full sequence --- -------------- this domain -------------   hmm coord   ali coord   env coord
# target name        accession   tlen query name           accession   qlen   E-value  score  bias   #  of  c-Evalue  i-Evalue  score  bias  from    to  from    to  from    to  acc description of target
#------------------- ---------- ----- -------------------- ---------- ----- --------- ------ ----- --- --- --------- --------- ------ ----- ----- ----- ----- ----- ----- ----- ---- ---------------------
Ga0485799_0055_19    -            621 129447at2157         -             51     0.019   14.3   1.2   1   3      0.63   2.4e+03   -2.0   0.0    23    31     9    17     4    19 0.61 # 26805 # 28667 # -1 # ID=55_19;partial=00;start_type=ATG;rbs_motif=None;rbs_spacer=None;gc_cont=0.430
Ga0485799_0055_19    -            621 129447at2157         -             51     0.019   14.3   1.2   2   3       1.7   6.8e+03   -3.4   0.6     5    11    24    30    24    32 0.77 # 26805 # 28667 # -1 # ID=55_19;partial=00;start_type=ATG;rbs_motif=None;rbs_spacer=None;gc_cont=0.430
Ga0485799_0055_19    -            621 129447at2157         -             51     0.019   14.3   1.2   3   3     5e-06     0.019   14.3   1.2     4    32    37    65    35    68 0.83 # 26805 # 28667 # -1 # ID=55_19;partial=00;start_type=ATG;rbs_motif=None;rbs_spacer=None;gc_cont=0.430
Ga0485799_0059_22    -             85 129447at2157         -             51     0.031   13.7   2.2   1   2   4.7e-05      0.18   11.2   1.2     1    34     3    38     3    49 0.73 # 38553 # 38807 # 1 # ID=59_22;partial=00;start_type=ATG;rbs_motif=AGGA;rbs_spacer=5-10bp;gc_cont=0.439
Ga0485799_0059_22    -             85 129447at2157         -             51     0.031   13.7   2.2   2   2      0.32   1.3e+03   -1.1   0.0    36    47    72    83    71    84 0.80 # 38553 # 38807 # 1 # ID=59_22;partial=00;start_type=ATG;rbs_motif=AGGA;rbs_spacer=5-10bp;gc_cont=0.439
Ga0485799_2079_2     -            108 129447at2157         -             51      0.06   12.7   3.1   1   2    0.0002      0.77    9.2   0.3     3    13     2    12     1    17 0.85 # 210 # 533 # 1 # ID=2079_2;partial=01;start_type=ATG;rbs_motif=GGAG/GAGG;rbs_spacer=5-10bp;gc_cont=0.358
Ga0485799_2079_2     -            108 129447at2157         -             51      0.06   12.7   3.1   2   2     0.011        42    3.6   0.2     5    15    77    87    75    87 0.82 # 210 # 533 # 1 # ID=2079_2;partial=01;start_type=ATG;rbs_motif=GGAG/GAGG;rbs_spacer=5-10bp;gc_cont=0.358
Ga0485799_0272_11    -            144 129447at2157         -             51     0.067   12.6   0.6   1   1   3.1e-05      0.12   11.8   0.6     4    16     4    16     3    19 0.92 # 6939 # 7370 # -1 # ID=272_11;partial=00;start_type=ATG;rbs_motif=None;rbs_spacer=None;gc_cont=0.296
#
# Program:         hmmsearch
# Version:         3.1b2 (February 2015)
# Pipeline mode:   SEARCH
# Query file:      /home/mira/Bacteria2022/Thiomargarita_magnifica/qc_assembly/busco_article/busco_downloads/lineages/archaea_odb10/hmms/129447at2157.hmm
# Target file:     /home/mira/Bacteria2022/Thiomargarita_magnifica/qc_assembly/busco_article/busco_article/prodigal_output/predicted_genes/predicted.faa
# Option settings: hmmsearch --domtblout /home/mira/Bacteria2022/Thiomargarita_magnifica/qc_assembly/busco_article/busco_article/auto_lineage/run_archaea_odb10/hmmer_output/129447at2157.out --cpu 1 /home/mira/Bacteria2022/Thiomargarita_magnifica/qc_assembly/busco_article/busco_downloads/lineages/archaea_odb10/hmms/129447at2157.hmm /home/mira/Bacteria2022/Thiomargarita_magnifica/qc_assembly/busco_article/busco_article/prodigal_output/predicted_genes/predicted.faa 
# Current dir:     /home/mira/Bacteria2022/Thiomargarita_magnifica/qc_assembly/busco_article
# Date:            Wed Jul 13 13:04:26 2022
# [ok]
