#                                                                            --- full sequence --- -------------- this domain -------------   hmm coord   ali coord   env coord
# target name        accession   tlen query name           accession   qlen   E-value  score  bias   #  of  c-Evalue  i-Evalue  score  bias  from    to  from    to  from    to  acc description of target
#------------------- ---------- ----- -------------------- ---------- ----- --------- ------ ----- --- --- --------- --------- ------ ----- ----- ----- ----- ----- ----- ----- ---- ---------------------
Ga0485799_1899_2     -             60 129924at2157         -             26   0.00017   20.8   6.4   1   2   1.1e-05    0.0096   15.2   1.2     9    25     7    23     6    24 0.82 # 86 # 265 # 1 # ID=1899_2;partial=00;start_type=ATG;rbs_motif=AGxAG;rbs_spacer=5-10bp;gc_cont=0.261
Ga0485799_1899_2     -             60 129924at2157         -             26   0.00017   20.8   6.4   2   2    0.0013       1.1    8.7   0.3     3    12    37    46    36    47 0.79 # 86 # 265 # 1 # ID=1899_2;partial=00;start_type=ATG;rbs_motif=AGxAG;rbs_spacer=5-10bp;gc_cont=0.261
Ga0485799_0059_22    -             85 129924at2157         -             26    0.0024   17.2   0.6   1   2   0.00042      0.36   10.2   0.1     1    12     6    17     6    18 0.94 # 38553 # 38807 # 1 # ID=59_22;partial=00;start_type=ATG;rbs_motif=AGGA;rbs_spacer=5-10bp;gc_cont=0.439
Ga0485799_0059_22    -             85 129924at2157         -             26    0.0024   17.2   0.6   2   2     0.012        10    5.5   0.1    13    20    28    35    27    40 0.78 # 38553 # 38807 # 1 # ID=59_22;partial=00;start_type=ATG;rbs_motif=AGGA;rbs_spacer=5-10bp;gc_cont=0.439
Ga0485799_0004_61    -            105 129924at2157         -             26    0.0044   16.3   2.1   1   2    0.0021       1.8    8.0   0.1     9    18     7    16     6    20 0.84 # 63172 # 63486 # -1 # ID=4_61;partial=00;start_type=ATG;rbs_motif=GGA/GAG/AGG;rbs_spacer=5-10bp;gc_cont=0.390
Ga0485799_0004_61    -            105 129924at2157         -             26    0.0044   16.3   2.1   2   2    0.0022       1.9    7.9   0.2    12    17    87    92    82    99 0.64 # 63172 # 63486 # -1 # ID=4_61;partial=00;start_type=ATG;rbs_motif=GGA/GAG/AGG;rbs_spacer=5-10bp;gc_cont=0.390
Ga0485799_0583_4     -             60 129924at2157         -             26    0.0083   15.4   2.2   1   2     3e-05     0.026   13.9   0.1     1    12    28    39    28    40 0.90 # 1617 # 1796 # -1 # ID=583_4;partial=00;start_type=ATG;rbs_motif=AGGA;rbs_spacer=5-10bp;gc_cont=0.372
Ga0485799_0583_4     -             60 129924at2157         -             26    0.0083   15.4   2.2   2   2      0.26   2.2e+02    1.3   0.2     3     9    47    53    46    55 0.75 # 1617 # 1796 # -1 # ID=583_4;partial=00;start_type=ATG;rbs_motif=AGGA;rbs_spacer=5-10bp;gc_cont=0.372
Ga0485799_0087_14    -            286 129924at2157         -             26     0.015   14.6   1.8   1   2   3.3e-05     0.029   13.7   0.2    12    22    70    80    69    83 0.86 # 16663 # 17520 # 1 # ID=87_14;partial=00;start_type=ATG;rbs_motif=None;rbs_spacer=None;gc_cont=0.471
Ga0485799_0087_14    -            286 129924at2157         -             26     0.015   14.6   1.8   2   2      0.86   7.4e+02   -0.4   0.1     2    12    96   106    96   107 0.74 # 16663 # 17520 # 1 # ID=87_14;partial=00;start_type=ATG;rbs_motif=None;rbs_spacer=None;gc_cont=0.471
Ga0485799_0009_49    -             80 129924at2157         -             26     0.016   14.5   0.3   1   3     0.044        38    3.8   0.6    12    17     3     8     1    11 0.76 # 76479 # 76718 # -1 # ID=9_49;partial=00;start_type=ATG;rbs_motif=GGAG/GAGG;rbs_spacer=5-10bp;gc_cont=0.396
Ga0485799_0009_49    -             80 129924at2157         -             26     0.016   14.5   0.3   2   3       1.3   1.1e+03   -0.9   4.4     2    10    17    25    16    31 0.67 # 76479 # 76718 # -1 # ID=9_49;partial=00;start_type=ATG;rbs_motif=GGAG/GAGG;rbs_spacer=5-10bp;gc_cont=0.396
Ga0485799_0009_49    -             80 129924at2157         -             26     0.016   14.5   0.3   3   3   1.9e-05     0.016   14.5   0.3     8    24    62    78    62    79 0.85 # 76479 # 76718 # -1 # ID=9_49;partial=00;start_type=ATG;rbs_motif=GGAG/GAGG;rbs_spacer=5-10bp;gc_cont=0.396
Ga0485799_0058_50    -            765 129924at2157         -             26     0.019   14.3  11.4   1   4      0.05        43    3.6   0.1    13    18   590   595   585   598 0.71 # 41970 # 44264 # 1 # ID=58_50;partial=00;start_type=GTG;rbs_motif=GGAG/GAGG;rbs_spacer=5-10bp;gc_cont=0.463
Ga0485799_0058_50    -            765 129924at2157         -             26     0.019   14.3  11.4   2   4     0.059        51    3.3   0.1    14    20   643   649   642   654 0.60 # 41970 # 44264 # 1 # ID=58_50;partial=00;start_type=GTG;rbs_motif=GGAG/GAGG;rbs_spacer=5-10bp;gc_cont=0.463
Ga0485799_0058_50    -            765 129924at2157         -             26     0.019   14.3  11.4   3   4     0.013        11    5.5   0.0    12    23   683   694   680   697 0.74 # 41970 # 44264 # 1 # ID=58_50;partial=00;start_type=GTG;rbs_motif=GGAG/GAGG;rbs_spacer=5-10bp;gc_cont=0.463
Ga0485799_0058_50    -            765 129924at2157         -             26     0.019   14.3  11.4   4   4     0.013        12    5.4   1.2    14    23   726   735   705   737 0.79 # 41970 # 44264 # 1 # ID=58_50;partial=00;start_type=GTG;rbs_motif=GGAG/GAGG;rbs_spacer=5-10bp;gc_cont=0.463
Ga0485799_0173_18    -             93 129924at2157         -             26     0.028   13.8   2.3   1   2     0.018        16    5.0   0.3    13    20     3    10     2    11 0.84 # 21529 # 21807 # 1 # ID=173_18;partial=00;start_type=ATG;rbs_motif=GGAG/GAGG;rbs_spacer=5-10bp;gc_cont=0.523
Ga0485799_0173_18    -             93 129924at2157         -             26     0.028   13.8   2.3   2   2    0.0013       1.1    8.7   0.1     2    10    24    32    24    34 0.82 # 21529 # 21807 # 1 # ID=173_18;partial=00;start_type=ATG;rbs_motif=GGAG/GAGG;rbs_spacer=5-10bp;gc_cont=0.523
Ga0485799_0004_51    -             65 129924at2157         -             26     0.038   13.3   0.3   1   2       8.3   7.2e+03   -3.5   0.1    13    15    22    24    21    24 0.66 # 54126 # 54320 # 1 # ID=4_51;partial=00;start_type=ATG;rbs_motif=GGA/GAG/AGG;rbs_spacer=5-10bp;gc_cont=0.451
Ga0485799_0004_51    -             65 129924at2157         -             26     0.038   13.3   0.3   2   2   4.4e-05     0.038   13.3   0.3    11    18    46    53    46    58 0.87 # 54126 # 54320 # 1 # ID=4_51;partial=00;start_type=ATG;rbs_motif=GGA/GAG/AGG;rbs_spacer=5-10bp;gc_cont=0.451
Ga0485799_0211_12    -            256 129924at2157         -             26      0.14   11.5   5.0   1   2    0.0086       7.4    6.0   0.8    13    21    36    44    34    44 0.86 # 12276 # 13043 # -1 # ID=211_12;partial=00;start_type=ATG;rbs_motif=4Base/6BMM;rbs_spacer=13-15bp;gc_cont=0.268
Ga0485799_0211_12    -            256 129924at2157         -             26      0.14   11.5   5.0   2   2     0.004       3.4    7.1   0.2     2    10    61    69    61    72 0.88 # 12276 # 13043 # -1 # ID=211_12;partial=00;start_type=ATG;rbs_motif=4Base/6BMM;rbs_spacer=13-15bp;gc_cont=0.268
Ga0485799_2079_2     -            108 129924at2157         -             26      0.17   11.3   5.3   1   2     0.004       3.5    7.1   0.2    11    19     2    10     1    11 0.77 # 210 # 533 # 1 # ID=2079_2;partial=01;start_type=ATG;rbs_motif=GGAG/GAGG;rbs_spacer=5-10bp;gc_cont=0.358
Ga0485799_2079_2     -            108 129924at2157         -             26      0.17   11.3   5.3   2   2    0.0085       7.4    6.0   1.2     1     7    76    82    76    85 0.78 # 210 # 533 # 1 # ID=2079_2;partial=01;start_type=ATG;rbs_motif=GGAG/GAGG;rbs_spacer=5-10bp;gc_cont=0.358
Ga0485799_0042_9     -            383 129924at2157         -             26      0.21   11.0   2.0   1   1   0.00059      0.51    9.7   2.0     1    25   351   378   351   379 0.89 # 8566 # 9714 # 1 # ID=42_9;partial=00;start_type=ATG;rbs_motif=None;rbs_spacer=None;gc_cont=0.440
Ga0485799_0750_2     -            136 129924at2157         -             26      0.38   10.1   3.7   1   1    0.0023         2    7.9   3.7     3    22     6    28     5    29 0.83 # 549 # 956 # -1 # ID=750_2;partial=00;start_type=ATG;rbs_motif=AGGA;rbs_spacer=5-10bp;gc_cont=0.301
Ga0485799_0495_8     -            172 129924at2157         -             26      0.81    9.1   6.1   1   1    0.0033       2.9    7.3   6.1     2    24   129   154   128   156 0.79 # 8322 # 8837 # -1 # ID=495_8;partial=01;start_type=Edge;rbs_motif=None;rbs_spacer=None;gc_cont=0.236
Ga0485799_0481_6     -            735 129924at2157         -             26      0.99    8.8  11.5   1   2       1.2     1e+03   -0.8   1.2     3    23   440   458   439   461 0.64 # 1813 # 4017 # -1 # ID=481_6;partial=00;start_type=ATG;rbs_motif=None;rbs_spacer=None;gc_cont=0.459
Ga0485799_0481_6     -            735 129924at2157         -             26      0.99    8.8  11.5   2   2   3.1e-05     0.027   13.8   3.2     2    19   466   485   465   489 0.92 # 1813 # 4017 # -1 # ID=481_6;partial=00;start_type=ATG;rbs_motif=None;rbs_spacer=None;gc_cont=0.459
Ga0485799_2078_2     -             97 129924at2157         -             26       1.2    8.6   5.5   1   2    0.0033       2.9    7.3   0.6     2     8    71    77    69    78 0.86 # 243 # 533 # -1 # ID=2078_2;partial=01;start_type=Edge;rbs_motif=None;rbs_spacer=None;gc_cont=0.306
Ga0485799_2078_2     -             97 129924at2157         -             26       1.2    8.6   5.5   2   2      0.05        43    3.6   0.4     2    11    86    95    86    96 0.78 # 243 # 533 # -1 # ID=2078_2;partial=01;start_type=Edge;rbs_motif=None;rbs_spacer=None;gc_cont=0.306
Ga0485799_0099_18    -             80 129924at2157         -             26       3.6    7.0   8.2   1   3      0.21   1.8e+02    1.6   0.3     2     6     3     7     2     9 0.85 # 23284 # 23523 # 1 # ID=99_18;partial=00;start_type=ATG;rbs_motif=GGAG/GAGG;rbs_spacer=5-10bp;gc_cont=0.450
Ga0485799_0099_18    -             80 129924at2157         -             26       3.6    7.0   8.2   2   3       0.2   1.7e+02    1.7   0.1    14    20    16    22    15    28 0.76 # 23284 # 23523 # 1 # ID=99_18;partial=00;start_type=ATG;rbs_motif=GGAG/GAGG;rbs_spacer=5-10bp;gc_cont=0.450
Ga0485799_0099_18    -             80 129924at2157         -             26       3.6    7.0   8.2   3   3    0.0033       2.9    7.3   0.5    13    19    56    62    55    66 0.63 # 23284 # 23523 # 1 # ID=99_18;partial=00;start_type=ATG;rbs_motif=GGAG/GAGG;rbs_spacer=5-10bp;gc_cont=0.450
Ga0485799_0826_2     -             67 129924at2157         -             26         8    5.9  19.5   1   3     0.013        11    5.4   0.6    14    18     7    11     6    13 0.73 # 201 # 401 # -1 # ID=826_2;partial=00;start_type=ATG;rbs_motif=AGGA;rbs_spacer=5-10bp;gc_cont=0.403
Ga0485799_0826_2     -             67 129924at2157         -             26         8    5.9  19.5   2   3      0.53   4.6e+02    0.3   5.2     3    17    28    39    26    41 0.52 # 201 # 401 # -1 # ID=826_2;partial=00;start_type=ATG;rbs_motif=AGGA;rbs_spacer=5-10bp;gc_cont=0.403
Ga0485799_0826_2     -             67 129924at2157         -             26         8    5.9  19.5   3   3   0.00086      0.74    9.2   0.7    13    19    49    55    47    56 0.71 # 201 # 401 # -1 # ID=826_2;partial=00;start_type=ATG;rbs_motif=AGGA;rbs_spacer=5-10bp;gc_cont=0.403
#
# Program:         hmmsearch
# Version:         3.1b2 (February 2015)
# Pipeline mode:   SEARCH
# Query file:      /home/mira/Bacteria2022/Thiomargarita_magnifica/qc_assembly/busco_article/busco_downloads/lineages/archaea_odb10/hmms/129924at2157.hmm
# Target file:     /home/mira/Bacteria2022/Thiomargarita_magnifica/qc_assembly/busco_article/busco_article/prodigal_output/predicted_genes/predicted.faa
# Option settings: hmmsearch --domtblout /home/mira/Bacteria2022/Thiomargarita_magnifica/qc_assembly/busco_article/busco_article/auto_lineage/run_archaea_odb10/hmmer_output/129924at2157.out --cpu 1 /home/mira/Bacteria2022/Thiomargarita_magnifica/qc_assembly/busco_article/busco_downloads/lineages/archaea_odb10/hmms/129924at2157.hmm /home/mira/Bacteria2022/Thiomargarita_magnifica/qc_assembly/busco_article/busco_article/prodigal_output/predicted_genes/predicted.faa 
# Current dir:     /home/mira/Bacteria2022/Thiomargarita_magnifica/qc_assembly/busco_article
# Date:            Wed Jul 13 13:04:27 2022
# [ok]
