#                                                                            --- full sequence --- -------------- this domain -------------   hmm coord   ali coord   env coord
# target name        accession   tlen query name           accession   qlen   E-value  score  bias   #  of  c-Evalue  i-Evalue  score  bias  from    to  from    to  from    to  acc description of target
#------------------- ---------- ----- -------------------- ---------- ----- --------- ------ ----- --- --- --------- --------- ------ ----- ----- ----- ----- ----- ----- ----- ---- ---------------------
Ga0485799_0402_8     -            557 13010at2157          -            494   1.3e-33  116.4   0.0   1   4     0.003      0.31    9.6   0.0   305   327    34    56    27    81 0.69 # 7358 # 9028 # 1 # ID=402_8;partial=00;start_type=ATG;rbs_motif=GGAG/GAGG;rbs_spacer=5-10bp;gc_cont=0.456
Ga0485799_0402_8     -            557 13010at2157          -            494   1.3e-33  116.4   0.0   2   4   4.7e-12   4.7e-10   38.6   0.0   357   428   159   229   143   239 0.90 # 7358 # 9028 # 1 # ID=402_8;partial=00;start_type=ATG;rbs_motif=GGAG/GAGG;rbs_spacer=5-10bp;gc_cont=0.456
Ga0485799_0402_8     -            557 13010at2157          -            494   1.3e-33  116.4   0.0   3   4   4.9e-06    0.0005   18.8   0.1   299   330   347   378   325   384 0.84 # 7358 # 9028 # 1 # ID=402_8;partial=00;start_type=ATG;rbs_motif=GGAG/GAGG;rbs_spacer=5-10bp;gc_cont=0.456
Ga0485799_0402_8     -            557 13010at2157          -            494   1.3e-33  116.4   0.0   4   4   1.2e-13   1.2e-11   43.9   0.0   357   438   441   521   427   528 0.93 # 7358 # 9028 # 1 # ID=402_8;partial=00;start_type=ATG;rbs_motif=GGAG/GAGG;rbs_spacer=5-10bp;gc_cont=0.456
Ga0485799_0291_3     -            625 13010at2157          -            494     5e-32  111.1   0.0   1   4   0.00065     0.066   11.8   0.0   299   331    23    55    14    90 0.83 # 1709 # 3583 # -1 # ID=291_3;partial=00;start_type=ATG;rbs_motif=None;rbs_spacer=None;gc_cont=0.469
Ga0485799_0291_3     -            625 13010at2157          -            494     5e-32  111.1   0.0   2   4   5.6e-11   5.7e-09   35.1   0.0   353   431   145   222   133   232 0.86 # 1709 # 3583 # -1 # ID=291_3;partial=00;start_type=ATG;rbs_motif=None;rbs_spacer=None;gc_cont=0.469
Ga0485799_0291_3     -            625 13010at2157          -            494     5e-32  111.1   0.0   3   4   5.7e-07   5.7e-05   21.9   0.0   300   331   340   371   317   392 0.81 # 1709 # 3583 # -1 # ID=291_3;partial=00;start_type=ATG;rbs_motif=None;rbs_spacer=None;gc_cont=0.469
Ga0485799_0291_3     -            625 13010at2157          -            494     5e-32  111.1   0.0   4   4   1.5e-11   1.5e-09   36.9   0.0   357   438   433   513   421   523 0.90 # 1709 # 3583 # -1 # ID=291_3;partial=00;start_type=ATG;rbs_motif=None;rbs_spacer=None;gc_cont=0.469
Ga0485799_0306_5     -            557 13010at2157          -            494   1.8e-31  109.3   0.0   1   4    0.0081      0.82    8.1   0.0   305   326    34    55    27    80 0.69 # 9246 # 10916 # 1 # ID=306_5;partial=00;start_type=ATG;rbs_motif=None;rbs_spacer=None;gc_cont=0.438
Ga0485799_0306_5     -            557 13010at2157          -            494   1.8e-31  109.3   0.0   2   4   2.7e-11   2.7e-09   36.1   0.0   357   428   159   229   142   239 0.86 # 9246 # 10916 # 1 # ID=306_5;partial=00;start_type=ATG;rbs_motif=None;rbs_spacer=None;gc_cont=0.438
Ga0485799_0306_5     -            557 13010at2157          -            494   1.8e-31  109.3   0.0   3   4   1.7e-05    0.0017   17.0   0.1   299   330   347   378   325   387 0.84 # 9246 # 10916 # 1 # ID=306_5;partial=00;start_type=ATG;rbs_motif=None;rbs_spacer=None;gc_cont=0.438
Ga0485799_0306_5     -            557 13010at2157          -            494   1.8e-31  109.3   0.0   4   4   3.3e-13   3.4e-11   42.4   0.0   357   439   441   522   429   528 0.92 # 9246 # 10916 # 1 # ID=306_5;partial=00;start_type=ATG;rbs_motif=None;rbs_spacer=None;gc_cont=0.438
Ga0485799_0118_1     -            884 13010at2157          -            494   3.4e-29  101.8   0.8   1   4      0.45        46    2.4   0.0   299   339   384   428   364   458 0.77 # 272 # 2923 # -1 # ID=118_1;partial=00;start_type=TTG;rbs_motif=GGAGG;rbs_spacer=5-10bp;gc_cont=0.501
Ga0485799_0118_1     -            884 13010at2157          -            494   3.4e-29  101.8   0.8   2   4   1.5e-13   1.5e-11   43.6   0.2   351   436   496   585   481   598 0.79 # 272 # 2923 # -1 # ID=118_1;partial=00;start_type=TTG;rbs_motif=GGAGG;rbs_spacer=5-10bp;gc_cont=0.501
Ga0485799_0118_1     -            884 13010at2157          -            494   3.4e-29  101.8   0.8   3   4    0.0053      0.54    8.8   0.0   299   364   659   724   627   733 0.86 # 272 # 2923 # -1 # ID=118_1;partial=00;start_type=TTG;rbs_motif=GGAGG;rbs_spacer=5-10bp;gc_cont=0.501
Ga0485799_0118_1     -            884 13010at2157          -            494   3.4e-29  101.8   0.8   4   4   4.7e-13   4.7e-11   41.9   0.1   358   448   769   863   749   872 0.86 # 272 # 2923 # -1 # ID=118_1;partial=00;start_type=TTG;rbs_motif=GGAGG;rbs_spacer=5-10bp;gc_cont=0.501
Ga0485799_0217_3     -            617 13010at2157          -            494   5.6e-29  101.1   0.1   1   4     0.021       2.2    6.8   0.0   298   330    22    54     2    68 0.82 # 1665 # 3515 # 1 # ID=217_3;partial=00;start_type=ATG;rbs_motif=GGAG/GAGG;rbs_spacer=5-10bp;gc_cont=0.435
Ga0485799_0217_3     -            617 13010at2157          -            494   5.6e-29  101.1   0.1   2   4   1.6e-10   1.7e-08   33.5   0.0   355   430   140   214   128   223 0.92 # 1665 # 3515 # 1 # ID=217_3;partial=00;start_type=ATG;rbs_motif=GGAG/GAGG;rbs_spacer=5-10bp;gc_cont=0.435
Ga0485799_0217_3     -            617 13010at2157          -            494   5.6e-29  101.1   0.1   3   4   1.5e-06   0.00015   20.5   0.0   299   329   332   362   309   369 0.83 # 1665 # 3515 # 1 # ID=217_3;partial=00;start_type=ATG;rbs_motif=GGAG/GAGG;rbs_spacer=5-10bp;gc_cont=0.435
Ga0485799_0217_3     -            617 13010at2157          -            494   5.6e-29  101.1   0.1   4   4   7.2e-11   7.3e-09   34.7   0.0   359   432   425   497   418   509 0.86 # 1665 # 3515 # 1 # ID=217_3;partial=00;start_type=ATG;rbs_motif=GGAG/GAGG;rbs_spacer=5-10bp;gc_cont=0.435
Ga0485799_0106_17    -            535 13010at2157          -            494   1.6e-26   93.0   0.0   1   4    0.0079       0.8    8.2   0.0   298   325    24    51     2    56 0.80 # 18972 # 20576 # -1 # ID=106_17;partial=00;start_type=ATG;rbs_motif=GGA/GAG/AGG;rbs_spacer=5-10bp;gc_cont=0.512
Ga0485799_0106_17    -            535 13010at2157          -            494   1.6e-26   93.0   0.0   2   4   6.1e-13   6.2e-11   41.5   0.0   334   410   112   189   103   225 0.82 # 18972 # 20576 # -1 # ID=106_17;partial=00;start_type=ATG;rbs_motif=GGA/GAG/AGG;rbs_spacer=5-10bp;gc_cont=0.512
Ga0485799_0106_17    -            535 13010at2157          -            494   1.6e-26   93.0   0.0   3   4     0.014       1.5    7.3   0.0   299   325   303   329   297   334 0.75 # 18972 # 20576 # -1 # ID=106_17;partial=00;start_type=ATG;rbs_motif=GGA/GAG/AGG;rbs_spacer=5-10bp;gc_cont=0.512
Ga0485799_0106_17    -            535 13010at2157          -            494   1.6e-26   93.0   0.0   4   4   1.3e-09   1.3e-07   30.5   0.0   345   434   395   486   385   501 0.86 # 18972 # 20576 # -1 # ID=106_17;partial=00;start_type=ATG;rbs_motif=GGA/GAG/AGG;rbs_spacer=5-10bp;gc_cont=0.512
Ga0485799_0050_8     -            524 13010at2157          -            494     2e-26   92.6   0.3   1   3   1.3e-12   1.4e-10   40.4   0.0   356   434   146   227   138   243 0.86 # 7955 # 9526 # -1 # ID=50_8;partial=00;start_type=ATG;rbs_motif=None;rbs_spacer=None;gc_cont=0.437
Ga0485799_0050_8     -            524 13010at2157          -            494     2e-26   92.6   0.3   2   3     0.077       7.8    4.9   0.0   299   324   297   322   280   351 0.81 # 7955 # 9526 # -1 # ID=50_8;partial=00;start_type=ATG;rbs_motif=None;rbs_spacer=None;gc_cont=0.437
Ga0485799_0050_8     -            524 13010at2157          -            494     2e-26   92.6   0.3   3   3   2.1e-13   2.1e-11   43.1   0.1   353   445   405   501   392   507 0.81 # 7955 # 9526 # -1 # ID=50_8;partial=00;start_type=ATG;rbs_motif=None;rbs_spacer=None;gc_cont=0.437
Ga0485799_0066_26    -            483 13010at2157          -            494   2.2e-25   89.2   4.4   1   3   1.8e-11   1.8e-09   36.7   0.3   361   444    84   171    76   200 0.78 # 24428 # 25876 # -1 # ID=66_26;partial=00;start_type=TTG;rbs_motif=GGA/GAG/AGG;rbs_spacer=5-10bp;gc_cont=0.452
Ga0485799_0066_26    -            483 13010at2157          -            494   2.2e-25   89.2   4.4   2   3    0.0085      0.87    8.1   0.1   293   330   233   270   182   274 0.79 # 24428 # 25876 # -1 # ID=66_26;partial=00;start_type=TTG;rbs_motif=GGA/GAG/AGG;rbs_spacer=5-10bp;gc_cont=0.452
Ga0485799_0066_26    -            483 13010at2157          -            494   2.2e-25   89.2   4.4   3   3   6.4e-14   6.5e-12   44.8   0.0   350   445   347   446   320   454 0.78 # 24428 # 25876 # -1 # ID=66_26;partial=00;start_type=TTG;rbs_motif=GGA/GAG/AGG;rbs_spacer=5-10bp;gc_cont=0.452
Ga0485799_0012_28    -            237 13010at2157          -            494   5.4e-19   68.1   0.0   1   2   2.1e-07   2.1e-05   23.3   0.0   276   343     5    81     2    93 0.73 # 19296 # 20006 # -1 # ID=12_28;partial=00;start_type=ATG;rbs_motif=None;rbs_spacer=None;gc_cont=0.471
Ga0485799_0012_28    -            237 13010at2157          -            494   5.4e-19   68.1   0.0   2   2   2.1e-13   2.2e-11   43.0   0.0   347   445   107   208    99   219 0.85 # 19296 # 20006 # -1 # ID=12_28;partial=00;start_type=ATG;rbs_motif=None;rbs_spacer=None;gc_cont=0.471
Ga0485799_0422_12    -            265 13010at2157          -            494   1.1e-18   67.1   0.5   1   2   0.00011     0.011   14.4   0.0   299   330    25    56    13    87 0.85 # 9199 # 9993 # 1 # ID=422_12;partial=00;start_type=ATG;rbs_motif=AGGA;rbs_spacer=5-10bp;gc_cont=0.299
Ga0485799_0422_12    -            265 13010at2157          -            494   1.1e-18   67.1   0.5   2   2   8.8e-16   8.9e-14   50.9   0.1   345   429   131   216   111   221 0.88 # 9199 # 9993 # 1 # ID=422_12;partial=00;start_type=ATG;rbs_motif=AGGA;rbs_spacer=5-10bp;gc_cont=0.299
Ga0485799_0538_2     -            315 13010at2157          -            494   1.1e-18   67.0   0.6   1   2   4.2e-08   4.2e-06   25.6   0.1   281   331     2    55     1    72 0.81 # 1053 # 1997 # 1 # ID=538_2;partial=00;start_type=ATG;rbs_motif=None;rbs_spacer=None;gc_cont=0.433
Ga0485799_0538_2     -            315 13010at2157          -            494   1.1e-18   67.0   0.6   2   2   1.8e-12   1.8e-10   40.0   0.1   345   442   115   214   109   233 0.88 # 1053 # 1997 # 1 # ID=538_2;partial=00;start_type=ATG;rbs_motif=None;rbs_spacer=None;gc_cont=0.433
Ga0485799_0181_14    -            265 13010at2157          -            494     1e-17   63.9   0.1   1   2   0.00015     0.015   13.9   0.0   300   330    29    59    20    64 0.86 # 9342 # 10136 # 1 # ID=181_14;partial=00;start_type=ATG;rbs_motif=GGAG/GAGG;rbs_spacer=5-10bp;gc_cont=0.620
Ga0485799_0181_14    -            265 13010at2157          -            494     1e-17   63.9   0.1   2   2   6.3e-15   6.4e-13   48.1   0.0   344   431   120   208    99   217 0.89 # 9342 # 10136 # 1 # ID=181_14;partial=00;start_type=ATG;rbs_motif=GGAG/GAGG;rbs_spacer=5-10bp;gc_cont=0.620
Ga0485799_0711_6     -            315 13010at2157          -            494     1e-16   60.6   1.9   1   2   0.00012     0.012   14.1   0.0   299   330    13    44     7    70 0.84 # 3849 # 4793 # -1 # ID=711_6;partial=01;start_type=Edge;rbs_motif=None;rbs_spacer=None;gc_cont=0.290
Ga0485799_0711_6     -            315 13010at2157          -            494     1e-16   60.6   1.9   2   2   4.2e-14   4.3e-12   45.4   0.0   353   436   104   186    96   198 0.90 # 3849 # 4793 # -1 # ID=711_6;partial=01;start_type=Edge;rbs_motif=None;rbs_spacer=None;gc_cont=0.290
Ga0485799_0095_16    -            244 13010at2157          -            494   3.6e-16   58.8   0.0   1   2   1.3e-06   0.00013   20.7   0.0   290   348    22    80    14    93 0.89 # 18327 # 19058 # 1 # ID=95_16;partial=00;start_type=ATG;rbs_motif=AGGA;rbs_spacer=5-10bp;gc_cont=0.423
Ga0485799_0095_16    -            244 13010at2157          -            494   3.6e-16   58.8   0.0   2   2   2.5e-11   2.5e-09   36.2   0.0   344   434   133   226   117   238 0.85 # 18327 # 19058 # 1 # ID=95_16;partial=00;start_type=ATG;rbs_motif=AGGA;rbs_spacer=5-10bp;gc_cont=0.423
Ga0485799_0167_25    -            256 13010at2157          -            494   4.9e-16   58.4   2.5   1   2   1.6e-07   1.7e-05   23.6   0.4   298   332    23    57     2    80 0.77 # 21957 # 22724 # 1 # ID=167_25;partial=00;start_type=ATG;rbs_motif=GGAG/GAGG;rbs_spacer=5-10bp;gc_cont=0.309
Ga0485799_0167_25    -            256 13010at2157          -            494   4.9e-16   58.4   2.5   2   2   6.6e-11   6.8e-09   34.8   0.1   343   458   131   250   122   254 0.86 # 21957 # 22724 # 1 # ID=167_25;partial=00;start_type=ATG;rbs_motif=GGAG/GAGG;rbs_spacer=5-10bp;gc_cont=0.309
Ga0485799_0544_4     -            266 13010at2157          -            494   5.4e-16   58.2   0.7   1   2   9.2e-05    0.0093   14.6   0.0   288   326    22    60     5    68 0.80 # 1641 # 2438 # -1 # ID=544_4;partial=00;start_type=ATG;rbs_motif=GGAGG;rbs_spacer=5-10bp;gc_cont=0.333
Ga0485799_0544_4     -            266 13010at2157          -            494   5.4e-16   58.2   0.7   2   2   3.8e-13   3.9e-11   42.2   0.1   345   437   123   218   114   228 0.86 # 1641 # 2438 # -1 # ID=544_4;partial=00;start_type=ATG;rbs_motif=GGAGG;rbs_spacer=5-10bp;gc_cont=0.333
Ga0485799_0339_14    -            307 13010at2157          -            494   5.4e-16   58.2   0.1   1   2   1.1e-06   0.00011   21.0   0.0    60   108    11    60     2    69 0.54 # 9192 # 10112 # -1 # ID=339_14;partial=00;start_type=ATG;rbs_motif=None;rbs_spacer=None;gc_cont=0.458
Ga0485799_0339_14    -            307 13010at2157          -            494   5.4e-16   58.2   0.1   2   2   4.9e-11     5e-09   35.3   0.0   345   429   118   204   115   212 0.84 # 9192 # 10112 # -1 # ID=339_14;partial=00;start_type=ATG;rbs_motif=None;rbs_spacer=None;gc_cont=0.458
Ga0485799_0210_17    -            243 13010at2157          -            494   7.2e-16   57.8   0.5   1   2   1.1e-06   0.00011   20.9   0.1   297   331    25    59     1    72 0.70 # 13354 # 14082 # -1 # ID=210_17;partial=00;start_type=ATG;rbs_motif=None;rbs_spacer=None;gc_cont=0.431
Ga0485799_0210_17    -            243 13010at2157          -            494   7.2e-16   57.8   0.5   2   2     4e-11     4e-09   35.6   0.0   336   443   112   222    91   236 0.85 # 13354 # 14082 # -1 # ID=210_17;partial=00;start_type=ATG;rbs_motif=None;rbs_spacer=None;gc_cont=0.431
Ga0485799_0256_8     -            355 13010at2157          -            494   1.1e-15   57.2   0.0   1   2   0.00045     0.046   12.3   0.0   285   326     7    47     3    53 0.85 # 5775 # 6839 # -1 # ID=256_8;partial=00;start_type=ATG;rbs_motif=None;rbs_spacer=None;gc_cont=0.532
Ga0485799_0256_8     -            355 13010at2157          -            494   1.1e-15   57.2   0.0   2   2   2.7e-13   2.8e-11   42.7   0.0   350   441   118   213   108   220 0.85 # 5775 # 6839 # -1 # ID=256_8;partial=00;start_type=ATG;rbs_motif=None;rbs_spacer=None;gc_cont=0.532
Ga0485799_0364_10    -            238 13010at2157          -            494   1.6e-15   56.7   0.2   1   2   1.8e-05    0.0019   16.9   0.0   282   341     3    66     1    84 0.71 # 10647 # 11360 # 1 # ID=364_10;partial=00;start_type=ATG;rbs_motif=None;rbs_spacer=None;gc_cont=0.429
Ga0485799_0364_10    -            238 13010at2157          -            494   1.6e-15   56.7   0.2   2   2   6.8e-12   6.9e-10   38.1   0.1   337   432   110   208   106   228 0.86 # 10647 # 11360 # 1 # ID=364_10;partial=00;start_type=ATG;rbs_motif=None;rbs_spacer=None;gc_cont=0.429
Ga0485799_0013_57    -            335 13010at2157          -            494   2.2e-15   56.2   1.0   1   2   5.9e-08   5.9e-06   25.1   0.1   297   331    26    60     6    67 0.75 # 50946 # 51950 # 1 # ID=13_57;partial=00;start_type=ATG;rbs_motif=GGA/GAG/AGG;rbs_spacer=5-10bp;gc_cont=0.449
Ga0485799_0013_57    -            335 13010at2157          -            494   2.2e-15   56.2   1.0   2   2   2.1e-09   2.2e-07   29.8   0.1   336   421   109   194    95   212 0.85 # 50946 # 51950 # 1 # ID=13_57;partial=00;start_type=ATG;rbs_motif=GGA/GAG/AGG;rbs_spacer=5-10bp;gc_cont=0.449
Ga0485799_0544_3     -            286 13010at2157          -            494   2.8e-15   55.8   0.1   1   2   0.00036     0.037   12.6   0.0   300   329    26    55    19    77 0.62 # 767 # 1624 # 1 # ID=544_3;partial=00;start_type=ATG;rbs_motif=None;rbs_spacer=None;gc_cont=0.326
Ga0485799_0544_3     -            286 13010at2157          -            494   2.8e-15   55.8   0.1   2   2   6.9e-13   7.1e-11   41.4   0.0   339   456   101   226    91   232 0.85 # 767 # 1624 # 1 # ID=544_3;partial=00;start_type=ATG;rbs_motif=None;rbs_spacer=None;gc_cont=0.326
Ga0485799_0317_16    -            223 13010at2157          -            494   8.8e-15   54.2   0.1   1   2   8.9e-05    0.0091   14.6   0.0    57   108    15    65     9    74 0.80 # 11039 # 11707 # 1 # ID=317_16;partial=00;start_type=ATG;rbs_motif=AGGAG;rbs_spacer=5-10bp;gc_cont=0.288
Ga0485799_0317_16    -            223 13010at2157          -            494   8.8e-15   54.2   0.1   2   2   8.9e-12     9e-10   37.7   0.0   342   409   120   187   107   207 0.87 # 11039 # 11707 # 1 # ID=317_16;partial=00;start_type=ATG;rbs_motif=AGGAG;rbs_spacer=5-10bp;gc_cont=0.288
Ga0485799_0796_1     -            258 13010at2157          -            494   9.7e-15   54.1   0.0   1   2   5.3e-06   0.00054   18.6   0.0   300   331    68    99    45   120 0.77 # 2 # 775 # 1 # ID=796_1;partial=10;start_type=Edge;rbs_motif=None;rbs_spacer=None;gc_cont=0.298
Ga0485799_0796_1     -            258 13010at2157          -            494   9.7e-15   54.1   0.0   2   2   1.6e-10   1.6e-08   33.6   0.0   356   431   157   231   141   239 0.89 # 2 # 775 # 1 # ID=796_1;partial=10;start_type=Edge;rbs_motif=None;rbs_spacer=None;gc_cont=0.298
Ga0485799_0013_51    -            328 13010at2157          -            494     1e-14   54.1   0.2   1   2   7.5e-05    0.0076   14.8   0.0   282   329    15    69     9    72 0.70 # 43529 # 44512 # -1 # ID=13_51;partial=00;start_type=ATG;rbs_motif=GGA/GAG/AGG;rbs_spacer=5-10bp;gc_cont=0.483
Ga0485799_0013_51    -            328 13010at2157          -            494     1e-14   54.1   0.2   2   2   1.2e-11   1.2e-09   37.3   0.1   345   437   137   234   128   247 0.81 # 43529 # 44512 # -1 # ID=13_51;partial=00;start_type=ATG;rbs_motif=GGA/GAG/AGG;rbs_spacer=5-10bp;gc_cont=0.483
Ga0485799_0775_5     -            195 13010at2157          -            494   2.3e-14   52.9   0.7   1   2   7.2e-05    0.0074   14.9   0.1   298   329    27    58     2    69 0.78 # 2836 # 3420 # -1 # ID=775_5;partial=00;start_type=ATG;rbs_motif=None;rbs_spacer=None;gc_cont=0.274
Ga0485799_0775_5     -            195 13010at2157          -            494   2.3e-14   52.9   0.7   2   2   1.7e-11   1.7e-09   36.8   0.1   344   431   100   189    88   192 0.88 # 2836 # 3420 # -1 # ID=775_5;partial=00;start_type=ATG;rbs_motif=None;rbs_spacer=None;gc_cont=0.274
Ga0485799_0418_7     -            279 13010at2157          -            494   7.1e-14   51.2   0.1   1   2   0.00023     0.024   13.2   0.0   298   328    46    76    34    85 0.84 # 5045 # 5881 # -1 # ID=418_7;partial=00;start_type=ATG;rbs_motif=GGA/GAG/AGG;rbs_spacer=5-10bp;gc_cont=0.339
Ga0485799_0418_7     -            279 13010at2157          -            494   7.1e-14   51.2   0.1   2   2   2.7e-11   2.8e-09   36.1   0.0   359   440   170   255   157   264 0.81 # 5045 # 5881 # -1 # ID=418_7;partial=00;start_type=ATG;rbs_motif=GGA/GAG/AGG;rbs_spacer=5-10bp;gc_cont=0.339
Ga0485799_0064_35    -            397 13010at2157          -            494   7.6e-14   51.1   0.2   1   2   4.2e-09   4.3e-07   28.9   0.0    56   108    24    78    10    85 0.67 # 40735 # 41925 # 1 # ID=64_35;partial=00;start_type=ATG;rbs_motif=None;rbs_spacer=None;gc_cont=0.447
Ga0485799_0064_35    -            397 13010at2157          -            494   7.6e-14   51.1   0.2   2   2   1.7e-06   0.00017   20.3   0.0   345   459   126   240   118   243 0.80 # 40735 # 41925 # 1 # ID=64_35;partial=00;start_type=ATG;rbs_motif=None;rbs_spacer=None;gc_cont=0.447
Ga0485799_0202_6     -            241 13010at2157          -            494   9.1e-14   50.9   0.2   1   2    0.0032      0.33    9.5   0.0   290   329    14    53     2    97 0.75 # 4587 # 5309 # 1 # ID=202_6;partial=00;start_type=ATG;rbs_motif=AGGAG;rbs_spacer=5-10bp;gc_cont=0.419
Ga0485799_0202_6     -            241 13010at2157          -            494   9.1e-14   50.9   0.2   2   2   2.3e-12   2.4e-10   39.6   0.1   345   433   119   209   114   218 0.90 # 4587 # 5309 # 1 # ID=202_6;partial=00;start_type=ATG;rbs_motif=AGGAG;rbs_spacer=5-10bp;gc_cont=0.419
Ga0485799_0529_2     -            218 13010at2157          -            494   1.5e-13   50.1   0.3   1   2     0.073       7.4    5.0   0.1   290   325    19    54     2    62 0.69 # 802 # 1455 # -1 # ID=529_2;partial=00;start_type=ATG;rbs_motif=GGAG/GAGG;rbs_spacer=5-10bp;gc_cont=0.291
Ga0485799_0529_2     -            218 13010at2157          -            494   1.5e-13   50.1   0.3   2   2   1.6e-13   1.6e-11   43.5   0.0   342   423   114   200   106   215 0.84 # 802 # 1455 # -1 # ID=529_2;partial=00;start_type=ATG;rbs_motif=GGAG/GAGG;rbs_spacer=5-10bp;gc_cont=0.291
Ga0485799_0039_51    -            271 13010at2157          -            494   1.7e-13   50.0   1.1   1   2     3e-05     0.003   16.2   0.0   301   331    53    83    35    98 0.81 # 44430 # 45242 # 1 # ID=39_51;partial=00;start_type=ATG;rbs_motif=AGGAG/GGAGG;rbs_spacer=11-12bp;gc_cont=0.448
Ga0485799_0039_51    -            271 13010at2157          -            494   1.7e-13   50.0   1.1   2   2   2.8e-10   2.8e-08   32.8   0.2   344   447   153   258   146   269 0.83 # 44430 # 45242 # 1 # ID=39_51;partial=00;start_type=ATG;rbs_motif=AGGAG/GGAGG;rbs_spacer=11-12bp;gc_cont=0.448
Ga0485799_0232_12    -            562 13010at2157          -            494   1.8e-13   49.9   0.0   1   2   0.00052     0.053   12.1   0.0   299   330   358   389   344   409 0.88 # 9402 # 11087 # 1 # ID=232_12;partial=00;start_type=ATG;rbs_motif=None;rbs_spacer=None;gc_cont=0.419
Ga0485799_0232_12    -            562 13010at2157          -            494   1.8e-13   49.9   0.0   2   2   4.2e-11   4.2e-09   35.5   0.0   363   426   473   537   443   551 0.86 # 9402 # 11087 # 1 # ID=232_12;partial=00;start_type=ATG;rbs_motif=None;rbs_spacer=None;gc_cont=0.419
Ga0485799_0385_3     -            231 13010at2157          -            494     2e-13   49.7   0.0   1   2    0.0046      0.47    8.9   0.0   300   339    32    72    21    91 0.65 # 2773 # 3465 # -1 # ID=385_3;partial=00;start_type=ATG;rbs_motif=None;rbs_spacer=None;gc_cont=0.434
Ga0485799_0385_3     -            231 13010at2157          -            494     2e-13   49.7   0.0   2   2   3.9e-12     4e-10   38.9   0.0   343   435   126   221   119   227 0.84 # 2773 # 3465 # -1 # ID=385_3;partial=00;start_type=ATG;rbs_motif=None;rbs_spacer=None;gc_cont=0.434
Ga0485799_1162_3     -            209 13010at2157          -            494   2.4e-13   49.5   0.4   1   1   1.9e-12     2e-10   39.9   0.4   304   439    14   176     6   188 0.69 # 1047 # 1673 # -1 # ID=1162_3;partial=01;start_type=Edge;rbs_motif=None;rbs_spacer=None;gc_cont=0.265
Ga0485799_0205_12    -            940 13010at2157          -            494   2.5e-13   49.4   0.0   1   2   3.6e-06   0.00037   19.2   0.0   356   423   480   551   457   570 0.79 # 11900 # 14719 # -1 # ID=205_12;partial=00;start_type=ATG;rbs_motif=None;rbs_spacer=None;gc_cont=0.460
Ga0485799_0205_12    -            940 13010at2157          -            494   2.5e-13   49.4   0.0   2   2     1e-08   1.1e-06   27.6   0.0   357   425   823   896   808   910 0.78 # 11900 # 14719 # -1 # ID=205_12;partial=00;start_type=ATG;rbs_motif=None;rbs_spacer=None;gc_cont=0.460
Ga0485799_0010_4     -            607 13010at2157          -            494   2.6e-13   49.4   0.0   1   2   5.6e-05    0.0057   15.3   0.0   299   329   383   413   375   442 0.86 # 4872 # 6692 # -1 # ID=10_4;partial=00;start_type=ATG;rbs_motif=None;rbs_spacer=None;gc_cont=0.446
Ga0485799_0010_4     -            607 13010at2157          -            494   2.6e-13   49.4   0.0   2   2     6e-10   6.1e-08   31.7   0.0   361   441   501   582   484   591 0.87 # 4872 # 6692 # -1 # ID=10_4;partial=00;start_type=ATG;rbs_motif=None;rbs_spacer=None;gc_cont=0.446
Ga0485799_0085_26    -            238 13010at2157          -            494     3e-13   49.2   0.4   1   2   0.00055     0.056   12.0   0.1    78   108    12    42     4    48 0.84 # 28381 # 29094 # -1 # ID=85_26;partial=00;start_type=ATG;rbs_motif=GGA/GAG/AGG;rbs_spacer=5-10bp;gc_cont=0.451
Ga0485799_0085_26    -            238 13010at2157          -            494     3e-13   49.2   0.4   2   2   4.2e-11   4.3e-09   35.5   0.0   344   433   102   195    93   212 0.80 # 28381 # 29094 # -1 # ID=85_26;partial=00;start_type=ATG;rbs_motif=GGA/GAG/AGG;rbs_spacer=5-10bp;gc_cont=0.451
Ga0485799_0888_4     -            242 13010at2157          -            494   3.5e-13   49.0   0.1   1   2   0.00013     0.014   14.0   0.0    76   329    27    56     7    80 0.65 # 1791 # 2516 # 1 # ID=888_4;partial=00;start_type=TTG;rbs_motif=GGA/GAG/AGG;rbs_spacer=5-10bp;gc_cont=0.318
Ga0485799_0888_4     -            242 13010at2157          -            494   3.5e-13   49.0   0.1   2   2   2.1e-10   2.1e-08   33.2   0.0   330   436   105   213    99   235 0.84 # 1791 # 2516 # 1 # ID=888_4;partial=00;start_type=TTG;rbs_motif=GGA/GAG/AGG;rbs_spacer=5-10bp;gc_cont=0.318
Ga0485799_0026_35    -            274 13010at2157          -            494   3.5e-13   49.0   0.0   1   2   0.00091     0.092   11.3   0.0   290   330    20    62     7    68 0.81 # 40103 # 40924 # 1 # ID=26_35;partial=00;start_type=ATG;rbs_motif=AGGAG;rbs_spacer=5-10bp;gc_cont=0.466
Ga0485799_0026_35    -            274 13010at2157          -            494   3.5e-13   49.0   0.0   2   2   3.1e-11   3.2e-09   35.9   0.0   161   222   146   207   100   245 0.69 # 40103 # 40924 # 1 # ID=26_35;partial=00;start_type=ATG;rbs_motif=AGGAG;rbs_spacer=5-10bp;gc_cont=0.466
Ga0485799_0145_5     -            228 13010at2157          -            494   3.6e-13   48.9   0.1   1   2   0.00019      0.02   13.5   0.0   282   330    11    59     3    79 0.81 # 6103 # 6786 # -1 # ID=145_5;partial=00;start_type=ATG;rbs_motif=None;rbs_spacer=None;gc_cont=0.425
Ga0485799_0145_5     -            228 13010at2157          -            494   3.6e-13   48.9   0.1   2   2   1.5e-10   1.5e-08   33.7   0.1   339   429   119   211    99   225 0.60 # 6103 # 6786 # -1 # ID=145_5;partial=00;start_type=ATG;rbs_motif=None;rbs_spacer=None;gc_cont=0.425
Ga0485799_0377_3     -            219 13010at2157          -            494     5e-13   48.4   0.5   1   2   9.5e-05    0.0097   14.5   0.1   303   349    21    67     9    84 0.69 # 1050 # 1706 # -1 # ID=377_3;partial=00;start_type=ATG;rbs_motif=None;rbs_spacer=None;gc_cont=0.274
Ga0485799_0377_3     -            219 13010at2157          -            494     5e-13   48.4   0.5   2   2   3.3e-10   3.3e-08   32.5   0.1   343   423    86   167    83   196 0.77 # 1050 # 1706 # -1 # ID=377_3;partial=00;start_type=ATG;rbs_motif=None;rbs_spacer=None;gc_cont=0.274
Ga0485799_1050_2     -            263 13010at2157          -            494   8.8e-13   47.6   0.4   1   2   4.4e-05    0.0044   15.6   0.0   294   330    38    74    20    81 0.81 # 626 # 1414 # 1 # ID=1050_2;partial=00;start_type=ATG;rbs_motif=AGGAG;rbs_spacer=5-10bp;gc_cont=0.341
Ga0485799_1050_2     -            263 13010at2157          -            494   8.8e-13   47.6   0.4   2   2   1.6e-09   1.6e-07   30.3   0.1   346   444   147   247   139   260 0.84 # 626 # 1414 # 1 # ID=1050_2;partial=00;start_type=ATG;rbs_motif=AGGAG;rbs_spacer=5-10bp;gc_cont=0.341
Ga0485799_0283_7     -            227 13010at2157          -            494   1.2e-12   47.2   0.1   1   2   7.3e-05    0.0074   14.9   0.0    78   114    32    68    14    84 0.89 # 5996 # 6676 # -1 # ID=283_7;partial=00;start_type=ATG;rbs_motif=None;rbs_spacer=None;gc_cont=0.461
Ga0485799_0283_7     -            227 13010at2157          -            494   1.2e-12   47.2   0.1   2   2   1.3e-09   1.3e-07   30.5   0.0   346   424   130   212   120   219 0.78 # 5996 # 6676 # -1 # ID=283_7;partial=00;start_type=ATG;rbs_motif=None;rbs_spacer=None;gc_cont=0.461
Ga0485799_1303_1     -            249 13010at2157          -            494   1.4e-12   47.0   0.1   1   2   2.1e-06   0.00021   20.0   0.0   276   327    19    70    12    76 0.88 # 1 # 747 # 1 # ID=1303_1;partial=10;start_type=Edge;rbs_motif=None;rbs_spacer=None;gc_cont=0.331
Ga0485799_1303_1     -            249 13010at2157          -            494   1.4e-12   47.0   0.1   2   2   5.1e-08   5.2e-06   25.3   0.0   359   441   152   235   127   246 0.82 # 1 # 747 # 1 # ID=1303_1;partial=10;start_type=Edge;rbs_motif=None;rbs_spacer=None;gc_cont=0.331
Ga0485799_0093_29    -            325 13010at2157          -            494   1.7e-12   46.7   0.3   1   2      0.28        29    3.1   0.0   299   328    33    62     7    77 0.81 # 33795 # 34769 # 1 # ID=93_29;partial=00;start_type=ATG;rbs_motif=AGGAG;rbs_spacer=5-10bp;gc_cont=0.478
Ga0485799_0093_29    -            325 13010at2157          -            494   1.7e-12   46.7   0.3   2   2   5.2e-13   5.3e-11   41.8   0.1   355   441   151   241   134   249 0.85 # 33795 # 34769 # 1 # ID=93_29;partial=00;start_type=ATG;rbs_motif=AGGAG;rbs_spacer=5-10bp;gc_cont=0.478
Ga0485799_0826_4     -            590 13010at2157          -            494   1.9e-12   46.6   1.1   1   2   1.3e-05    0.0014   17.3   0.1   293   344   368   420   348   434 0.78 # 1278 # 3047 # 1 # ID=826_4;partial=00;start_type=ATG;rbs_motif=None;rbs_spacer=None;gc_cont=0.318
Ga0485799_0826_4     -            590 13010at2157          -            494   1.9e-12   46.6   1.1   2   2   8.4e-09   8.6e-07   27.9   0.1   350   440   476   566   460   584 0.77 # 1278 # 3047 # 1 # ID=826_4;partial=00;start_type=ATG;rbs_motif=None;rbs_spacer=None;gc_cont=0.318
Ga0485799_0181_22    -            251 13010at2157          -            494     2e-12   46.5   0.0   1   2   0.00017     0.017   13.7   0.0   299   329    31    61     5    92 0.85 # 17355 # 18107 # 1 # ID=181_22;partial=00;start_type=ATG;rbs_motif=GGAG/GAGG;rbs_spacer=5-10bp;gc_cont=0.525
Ga0485799_0181_22    -            251 13010at2157          -            494     2e-12   46.5   0.0   2   2   9.2e-10   9.3e-08   31.1   0.0   347   428   123   206   114   225 0.86 # 17355 # 18107 # 1 # ID=181_22;partial=00;start_type=ATG;rbs_motif=GGAG/GAGG;rbs_spacer=5-10bp;gc_cont=0.525
Ga0485799_0427_14    -            356 13010at2157          -            494   2.6e-12   46.1   0.1   1   2   0.00041     0.042   12.4   0.0   298   331   137   170   110   185 0.78 # 9513 # 10580 # 1 # ID=427_14;partial=00;start_type=ATG;rbs_motif=None;rbs_spacer=None;gc_cont=0.474
Ga0485799_0427_14    -            356 13010at2157          -            494   2.6e-12   46.1   0.1   2   2   5.7e-10   5.7e-08   31.8   0.0   354   442   244   333   227   351 0.73 # 9513 # 10580 # 1 # ID=427_14;partial=00;start_type=ATG;rbs_motif=None;rbs_spacer=None;gc_cont=0.474
Ga0485799_1418_2     -            299 13010at2157          -            494   3.5e-12   45.7   0.1   1   2   6.8e-06   0.00069   18.3   0.0   301   328    25    52    17    61 0.86 # 198 # 1094 # 1 # ID=1418_2;partial=01;start_type=ATG;rbs_motif=GGA/GAG/AGG;rbs_spacer=5-10bp;gc_cont=0.305
Ga0485799_1418_2     -            299 13010at2157          -            494   3.5e-12   45.7   0.1   2   2   5.2e-08   5.3e-06   25.3   0.0   345   430   137   222   130   232 0.79 # 198 # 1094 # 1 # ID=1418_2;partial=01;start_type=ATG;rbs_motif=GGA/GAG/AGG;rbs_spacer=5-10bp;gc_cont=0.305
Ga0485799_0875_2     -            737 13010at2157          -            494   3.7e-12   45.6   0.3   1   2   0.00098     0.099   11.2   0.1   275   326   506   557   486   563 0.85 # 477 # 2687 # 1 # ID=875_2;partial=00;start_type=TTG;rbs_motif=GGA/GAG/AGG;rbs_spacer=5-10bp;gc_cont=0.311
Ga0485799_0875_2     -            737 13010at2157          -            494   3.7e-12   45.6   0.3   2   2   5.1e-10   5.2e-08   31.9   0.0   362   446   644   729   632   735 0.85 # 477 # 2687 # 1 # ID=875_2;partial=00;start_type=TTG;rbs_motif=GGA/GAG/AGG;rbs_spacer=5-10bp;gc_cont=0.311
Ga0485799_0804_2     -            719 13010at2157          -            494   4.9e-12   45.2   0.0   1   2   4.9e-05     0.005   15.5   0.0   278   329   487   538   474   542 0.86 # 911 # 3067 # 1 # ID=804_2;partial=00;start_type=ATG;rbs_motif=4Base/6BMM;rbs_spacer=13-15bp;gc_cont=0.314
Ga0485799_0804_2     -            719 13010at2157          -            494   4.9e-12   45.2   0.0   2   2   1.3e-08   1.3e-06   27.3   0.0   359   441   619   702   604   710 0.82 # 911 # 3067 # 1 # ID=804_2;partial=00;start_type=ATG;rbs_motif=4Base/6BMM;rbs_spacer=13-15bp;gc_cont=0.314
Ga0485799_0913_1     -            906 13010at2157          -            494   5.8e-12   44.9   0.1   1   2   2.3e-06   0.00023   19.9   0.0   358   424   478   548   465   588 0.83 # 56 # 2773 # -1 # ID=913_1;partial=00;start_type=ATG;rbs_motif=GGAG/GAGG;rbs_spacer=5-10bp;gc_cont=0.332
Ga0485799_0913_1     -            906 13010at2157          -            494   5.8e-12   44.9   0.1   2   2   3.9e-07   3.9e-05   22.4   0.0   358   423   817   887   798   897 0.83 # 56 # 2773 # -1 # ID=913_1;partial=00;start_type=ATG;rbs_motif=GGAG/GAGG;rbs_spacer=5-10bp;gc_cont=0.332
Ga0485799_0001_113   -            603 13010at2157          -            494   8.3e-12   44.4   0.2   1   2   5.1e-05    0.0052   15.4   0.0   276   330   363   417   359   431 0.88 # 143509 # 145317 # 1 # ID=1_113;partial=00;start_type=ATG;rbs_motif=None;rbs_spacer=None;gc_cont=0.445
Ga0485799_0001_113   -            603 13010at2157          -            494   8.3e-12   44.4   0.2   2   2   1.8e-08   1.8e-06   26.8   0.1   351   433   492   574   466   591 0.66 # 143509 # 145317 # 1 # ID=1_113;partial=00;start_type=ATG;rbs_motif=None;rbs_spacer=None;gc_cont=0.445
Ga0485799_0614_3     -            611 13010at2157          -            494   8.9e-12   44.3   0.0   1   2    0.0009     0.091   11.3   0.0   298   331   392   425   366   441 0.80 # 1076 # 2908 # 1 # ID=614_3;partial=00;start_type=ATG;rbs_motif=None;rbs_spacer=None;gc_cont=0.432
Ga0485799_0614_3     -            611 13010at2157          -            494   8.9e-12   44.3   0.0   2   2     1e-09   1.1e-07   30.9   0.0   354   446   499   592   483   607 0.76 # 1076 # 2908 # 1 # ID=614_3;partial=00;start_type=ATG;rbs_motif=None;rbs_spacer=None;gc_cont=0.432
Ga0485799_0057_13    -            224 13010at2157          -            494   9.1e-12   44.3   0.1   1   2     0.042       4.3    5.8   0.0    75    98    30    53    13    62 0.85 # 48452 # 49123 # -1 # ID=57_13;partial=00;start_type=ATG;rbs_motif=AGGA;rbs_spacer=5-10bp;gc_cont=0.457
Ga0485799_0057_13    -            224 13010at2157          -            494   9.1e-12   44.3   0.1   2   2   1.9e-11   1.9e-09   36.6   0.0   345   423   127   208   117   220 0.82 # 48452 # 49123 # -1 # ID=57_13;partial=00;start_type=ATG;rbs_motif=AGGA;rbs_spacer=5-10bp;gc_cont=0.457
Ga0485799_0103_8     -            227 13010at2157          -            494   9.1e-12   44.3   0.0   1   2   0.00065     0.066   11.8   0.0   299   330    31    62     6    75 0.76 # 7420 # 8100 # 1 # ID=103_8;partial=00;start_type=ATG;rbs_motif=GGA/GAG/AGG;rbs_spacer=11-12bp;gc_cont=0.505
Ga0485799_0103_8     -            227 13010at2157          -            494   9.1e-12   44.3   0.0   2   2   1.2e-09   1.2e-07   30.7   0.0   343   434   126   220   120   224 0.82 # 7420 # 8100 # 1 # ID=103_8;partial=00;start_type=ATG;rbs_motif=GGA/GAG/AGG;rbs_spacer=11-12bp;gc_cont=0.505
Ga0485799_1698_1     -            253 13010at2157          -            494     1e-11   44.1   0.0   1   1   1.7e-13   1.7e-11   43.4   0.0   344   431    60   146    54   155 0.89 # 1 # 759 # 1 # ID=1698_1;partial=11;start_type=Edge;rbs_motif=None;rbs_spacer=None;gc_cont=0.306
Ga0485799_0093_30    -            329 13010at2157          -            494   1.1e-11   44.0   0.0   1   2   0.00038     0.039   12.5   0.0   299   343    44    89    27   115 0.76 # 34878 # 35864 # 1 # ID=93_30;partial=00;start_type=ATG;rbs_motif=None;rbs_spacer=None;gc_cont=0.462
Ga0485799_0093_30    -            329 13010at2157          -            494   1.1e-11   44.0   0.0   2   2   2.7e-09   2.7e-07   29.5   0.1   345   433   143   236   121   249 0.58 # 34878 # 35864 # 1 # ID=93_30;partial=00;start_type=ATG;rbs_motif=None;rbs_spacer=None;gc_cont=0.462
Ga0485799_1253_2     -            357 13010at2157          -            494   1.3e-11   43.7   0.4   1   2      0.27        28    3.1   0.0   291   324   134   167   109   203 0.80 # 353 # 1423 # -1 # ID=1253_2;partial=01;start_type=Edge;rbs_motif=None;rbs_spacer=None;gc_cont=0.286
Ga0485799_1253_2     -            357 13010at2157          -            494   1.3e-11   43.7   0.4   2   2   3.8e-12   3.9e-10   38.9   0.1   352   436   245   330   208   345 0.88 # 353 # 1423 # -1 # ID=1253_2;partial=01;start_type=Edge;rbs_motif=None;rbs_spacer=None;gc_cont=0.286
Ga0485799_1196_2     -            222 13010at2157          -            494   1.5e-11   43.6   0.4   1   2       1.1   1.1e+02    1.1   0.0   308   326     1    19     1    56 0.71 # 908 # 1573 # -1 # ID=1196_2;partial=01;start_type=Edge;rbs_motif=None;rbs_spacer=None;gc_cont=0.314
Ga0485799_1196_2     -            222 13010at2157          -            494   1.5e-11   43.6   0.4   2   2   9.2e-13   9.3e-11   41.0   0.1   335   426    86   177    68   203 0.81 # 908 # 1573 # -1 # ID=1196_2;partial=01;start_type=Edge;rbs_motif=None;rbs_spacer=None;gc_cont=0.314
Ga0485799_0418_6     -            235 13010at2157          -            494   2.1e-11   43.1   0.0   1   2     0.045       4.6    5.7   0.0   299   327    32    60    25    73 0.83 # 4331 # 5035 # -1 # ID=418_6;partial=00;start_type=ATG;rbs_motif=AGGA;rbs_spacer=5-10bp;gc_cont=0.336
Ga0485799_0418_6     -            235 13010at2157          -            494   2.1e-11   43.1   0.0   2   2   4.4e-11   4.5e-09   35.4   0.0   344   430   133   222   126   229 0.84 # 4331 # 5035 # -1 # ID=418_6;partial=00;start_type=ATG;rbs_motif=AGGA;rbs_spacer=5-10bp;gc_cont=0.336
Ga0485799_0489_5     -            249 13010at2157          -            494   2.3e-11   43.0   0.1   1   2    0.0061      0.62    8.6   0.0   299   326    23    50    10    83 0.71 # 7294 # 8040 # 1 # ID=489_5;partial=00;start_type=ATG;rbs_motif=GGA/GAG/AGG;rbs_spacer=5-10bp;gc_cont=0.392
Ga0485799_0489_5     -            249 13010at2157          -            494   2.3e-11   43.0   0.1   2   2   3.4e-10   3.4e-08   32.5   0.0   353   429   135   212   127   225 0.84 # 7294 # 8040 # 1 # ID=489_5;partial=00;start_type=ATG;rbs_motif=GGA/GAG/AGG;rbs_spacer=5-10bp;gc_cont=0.392
Ga0485799_1193_1     -            524 13010at2157          -            494   2.5e-11   42.9   0.2   1   2      0.29        29    3.0   0.1   287   324   297   334   153   343 0.87 # 11 # 1582 # -1 # ID=1193_1;partial=01;start_type=Edge;rbs_motif=None;rbs_spacer=None;gc_cont=0.289
Ga0485799_1193_1     -            524 13010at2157          -            494   2.5e-11   42.9   0.2   2   2   8.1e-12   8.2e-10   37.8   0.0   352   437   412   498   398   512 0.86 # 11 # 1582 # -1 # ID=1193_1;partial=01;start_type=Edge;rbs_motif=None;rbs_spacer=None;gc_cont=0.289
Ga0485799_0181_18    -            235 13010at2157          -            494   4.2e-11   42.1   0.0   1   2    0.0064      0.65    8.5   0.0   293   330    25    62     4    67 0.83 # 14343 # 15047 # 1 # ID=181_18;partial=00;start_type=ATG;rbs_motif=None;rbs_spacer=None;gc_cont=0.465
Ga0485799_0181_18    -            235 13010at2157          -            494   4.2e-11   42.1   0.0   2   2     6e-10   6.1e-08   31.7   0.0   105   239    82   220    69   230 0.68 # 14343 # 15047 # 1 # ID=181_18;partial=00;start_type=ATG;rbs_motif=None;rbs_spacer=None;gc_cont=0.465
Ga0485799_0013_52    -            335 13010at2157          -            494   4.6e-11   42.0   0.1   1   2     0.021       2.2    6.8   0.0    77   165    41   129    38   138 0.75 # 44509 # 45513 # -1 # ID=13_52;partial=00;start_type=ATG;rbs_motif=GGA/GAG/AGG;rbs_spacer=11-12bp;gc_cont=0.506
Ga0485799_0013_52    -            335 13010at2157          -            494   4.6e-11   42.0   0.1   2   2     2e-10     2e-08   33.2   0.0   343   436   142   240   134   253 0.78 # 44509 # 45513 # -1 # ID=13_52;partial=00;start_type=ATG;rbs_motif=GGA/GAG/AGG;rbs_spacer=11-12bp;gc_cont=0.506
Ga0485799_0035_5     -            600 13010at2157          -            494   5.5e-11   41.7   0.7   1   2     0.027       2.8    6.4   0.1   297   330   384   417   363   425 0.82 # 9298 # 11097 # -1 # ID=35_5;partial=00;start_type=ATG;rbs_motif=AGGA;rbs_spacer=5-10bp;gc_cont=0.453
Ga0485799_0035_5     -            600 13010at2157          -            494   5.5e-11   41.7   0.7   2   2     2e-10     2e-08   33.2   0.1   352   442   489   580   467   589 0.81 # 9298 # 11097 # -1 # ID=35_5;partial=00;start_type=ATG;rbs_motif=AGGA;rbs_spacer=5-10bp;gc_cont=0.453
Ga0485799_0900_2     -            187 13010at2157          -            494   6.2e-11   41.5   0.0   1   2   6.9e-05     0.007   15.0   0.0   298   328    24    54     7    71 0.84 # 410 # 970 # -1 # ID=900_2;partial=00;start_type=ATG;rbs_motif=GGAG/GAGG;rbs_spacer=5-10bp;gc_cont=0.357
Ga0485799_0900_2     -            187 13010at2157          -            494   6.2e-11   41.5   0.0   2   2   7.5e-08   7.7e-06   24.7   0.0   336   415    97   177    92   183 0.86 # 410 # 970 # -1 # ID=900_2;partial=00;start_type=ATG;rbs_motif=GGAG/GAGG;rbs_spacer=5-10bp;gc_cont=0.357
Ga0485799_0200_21    -            232 13010at2157          -            494   9.9e-11   40.9   0.0   1   2   0.00068     0.069   11.7   0.0   299   330    39    70    26    76 0.87 # 21356 # 22051 # -1 # ID=200_21;partial=00;start_type=ATG;rbs_motif=GGA/GAG/AGG;rbs_spacer=5-10bp;gc_cont=0.468
Ga0485799_0200_21    -            232 13010at2157          -            494   9.9e-11   40.9   0.0   2   2   1.3e-08   1.3e-06   27.3   0.0   159   420   135   212   117   229 0.52 # 21356 # 22051 # -1 # ID=200_21;partial=00;start_type=ATG;rbs_motif=GGA/GAG/AGG;rbs_spacer=5-10bp;gc_cont=0.468
Ga0485799_0465_5     -            348 13010at2157          -            494   1.1e-10   40.7   0.3   1   2    0.0095      0.96    7.9   0.0    76   101    27    52    23    64 0.82 # 4411 # 5454 # 1 # ID=465_5;partial=00;start_type=ATG;rbs_motif=None;rbs_spacer=None;gc_cont=0.446
Ga0485799_0465_5     -            348 13010at2157          -            494   1.1e-10   40.7   0.3   2   2   1.1e-09   1.2e-07   30.7   0.1   344   432   119   210   111   216 0.85 # 4411 # 5454 # 1 # ID=465_5;partial=00;start_type=ATG;rbs_motif=None;rbs_spacer=None;gc_cont=0.446
Ga0485799_0229_5     -            577 13010at2157          -            494   1.1e-10   40.7   0.8   1   2      0.13        13    4.2   0.0   299   323   359   383   346   390 0.88 # 3992 # 5722 # -1 # ID=229_5;partial=00;start_type=ATG;rbs_motif=GGA/GAG/AGG;rbs_spacer=5-10bp;gc_cont=0.443
Ga0485799_0229_5     -            577 13010at2157          -            494   1.1e-10   40.7   0.8   2   2   8.6e-11   8.8e-09   34.4   0.1   361   434   473   546   449   564 0.85 # 3992 # 5722 # -1 # ID=229_5;partial=00;start_type=ATG;rbs_motif=GGA/GAG/AGG;rbs_spacer=5-10bp;gc_cont=0.443
Ga0485799_0022_31    -            261 13010at2157          -            494   1.6e-10   40.2   0.1   1   2    0.0016      0.16   10.5   0.0   282   330     8    59     4    63 0.77 # 37949 # 38731 # 1 # ID=22_31;partial=00;start_type=ATG;rbs_motif=GGA/GAG/AGG;rbs_spacer=5-10bp;gc_cont=0.460
Ga0485799_0022_31    -            261 13010at2157          -            494   1.6e-10   40.2   0.1   2   2   9.7e-09   9.9e-07   27.7   0.0   357   433   138   217   131   225 0.90 # 37949 # 38731 # 1 # ID=22_31;partial=00;start_type=ATG;rbs_motif=GGA/GAG/AGG;rbs_spacer=5-10bp;gc_cont=0.460
Ga0485799_0167_26    -            232 13010at2157          -            494   3.3e-10   39.2   0.5   1   2   0.00011     0.011   14.4   0.3   299   344    23    68     1    80 0.79 # 22717 # 23412 # 1 # ID=167_26;partial=00;start_type=ATG;rbs_motif=AGGAG;rbs_spacer=5-10bp;gc_cont=0.329
Ga0485799_0167_26    -            232 13010at2157          -            494   3.3e-10   39.2   0.5   2   2   1.8e-07   1.8e-05   23.5   0.0   357   434   126   205    88   229 0.81 # 22717 # 23412 # 1 # ID=167_26;partial=00;start_type=ATG;rbs_motif=AGGAG;rbs_spacer=5-10bp;gc_cont=0.329
Ga0485799_0024_41    -            621 13010at2157          -            494   4.1e-10   38.8   0.2   1   2     0.041       4.2    5.8   0.0   300   326   380   406   372   433 0.77 # 40218 # 42080 # -1 # ID=24_41;partial=00;start_type=ATG;rbs_motif=GGA/GAG/AGG;rbs_spacer=5-10bp;gc_cont=0.433
Ga0485799_0024_41    -            621 13010at2157          -            494   4.1e-10   38.8   0.2   2   2   9.7e-10   9.8e-08   31.0   0.1   361   440   492   572   468   581 0.72 # 40218 # 42080 # -1 # ID=24_41;partial=00;start_type=ATG;rbs_motif=GGA/GAG/AGG;rbs_spacer=5-10bp;gc_cont=0.433
Ga0485799_0006_2     -            544 13010at2157          -            494   5.1e-10   38.5   0.1   1   1   1.2e-11   1.2e-09   37.2   0.1    46   248   325   536   323   540 0.84 # 2031 # 3662 # -1 # ID=6_2;partial=00;start_type=ATG;rbs_motif=None;rbs_spacer=None;gc_cont=0.376
Ga0485799_0531_4     -            103 13010at2157          -            494   5.4e-10   38.4   0.0   1   1   5.9e-12     6e-10   38.3   0.0   342   426    12    99     7   102 0.84 # 1747 # 2055 # 1 # ID=531_4;partial=00;start_type=ATG;rbs_motif=None;rbs_spacer=None;gc_cont=0.472
Ga0485799_0101_10    -            268 13010at2157          -            494   6.8e-10   38.1   0.0   1   2      0.27        28    3.1   0.0   306   326    40    60    28    70 0.66 # 13328 # 14131 # 1 # ID=101_10;partial=00;start_type=ATG;rbs_motif=GGAG/GAGG;rbs_spacer=5-10bp;gc_cont=0.430
Ga0485799_0101_10    -            268 13010at2157          -            494   6.8e-10   38.1   0.0   2   2   2.3e-10   2.3e-08   33.1   0.0   116   221   102   210    96   249 0.77 # 13328 # 14131 # 1 # ID=101_10;partial=00;start_type=ATG;rbs_motif=GGAG/GAGG;rbs_spacer=5-10bp;gc_cont=0.430
Ga0485799_1050_3     -            225 13010at2157          -            494   7.9e-10   37.9   0.0   1   2   0.00028     0.029   12.9   0.0   298   325    22    49     2    56 0.76 # 1417 # 2091 # 1 # ID=1050_3;partial=01;start_type=ATG;rbs_motif=AGGAG;rbs_spacer=5-10bp;gc_cont=0.335
Ga0485799_1050_3     -            225 13010at2157          -            494   7.9e-10   37.9   0.0   2   2   2.3e-07   2.4e-05   23.1   0.0   352   429   123   203   111   220 0.76 # 1417 # 2091 # 1 # ID=1050_3;partial=01;start_type=ATG;rbs_motif=AGGAG;rbs_spacer=5-10bp;gc_cont=0.335
Ga0485799_0060_27    -            235 13010at2157          -            494   1.3e-09   37.2   0.0   1   2   0.00079     0.081   11.5   0.0   300   331    56    87    48   105 0.66 # 28546 # 29250 # -1 # ID=60_27;partial=00;start_type=ATG;rbs_motif=None;rbs_spacer=None;gc_cont=0.430
Ga0485799_0060_27    -            235 13010at2157          -            494   1.3e-09   37.2   0.0   2   2   1.5e-07   1.5e-05   23.8   0.0   352   416   151   215   139   231 0.82 # 28546 # 29250 # -1 # ID=60_27;partial=00;start_type=ATG;rbs_motif=None;rbs_spacer=None;gc_cont=0.430
Ga0485799_0456_8     -            700 13010at2157          -            494     2e-09   36.5   0.2   1   2     0.031       3.1    6.2   0.0    77   106   487   516   478   526 0.60 # 7461 # 9560 # 1 # ID=456_8;partial=00;start_type=ATG;rbs_motif=AGGA;rbs_spacer=5-10bp;gc_cont=0.336
Ga0485799_0456_8     -            700 13010at2157          -            494     2e-09   36.5   0.2   2   2   6.9e-09     7e-07   28.2   0.0   359   443   596   681   537   693 0.77 # 7461 # 9560 # 1 # ID=456_8;partial=00;start_type=ATG;rbs_motif=AGGA;rbs_spacer=5-10bp;gc_cont=0.336
Ga0485799_0007_66    -            542 13010at2157          -            494   2.2e-09   36.4   0.6   1   1   2.8e-07   2.9e-05   22.9   0.0   284   327   340   383   326   401 0.85 # 80713 # 82338 # -1 # ID=7_66;partial=00;start_type=ATG;rbs_motif=GGA/GAG/AGG;rbs_spacer=5-10bp;gc_cont=0.355
Ga0485799_0013_44    -            274 13010at2157          -            494   2.2e-09   36.4   0.2   1   2   1.3e-05    0.0014   17.3   0.1    78   110    34    66    24    72 0.85 # 37490 # 38311 # -1 # ID=13_44;partial=00;start_type=ATG;rbs_motif=GGA/GAG/AGG;rbs_spacer=5-10bp;gc_cont=0.473
Ga0485799_0013_44    -            274 13010at2157          -            494   2.2e-09   36.4   0.2   2   2   1.4e-05    0.0014   17.3   0.0   360   442   143   229   129   246 0.80 # 37490 # 38311 # -1 # ID=13_44;partial=00;start_type=ATG;rbs_motif=GGA/GAG/AGG;rbs_spacer=5-10bp;gc_cont=0.473
Ga0485799_0101_27    -            599 13010at2157          -            494   4.3e-09   35.5   0.2   1   1   2.6e-10   2.6e-08   32.9   0.2    75   250   410   593   392   596 0.83 # 34006 # 35802 # 1 # ID=101_27;partial=00;start_type=ATG;rbs_motif=None;rbs_spacer=None;gc_cont=0.382
Ga0485799_0639_6     -            220 13010at2157          -            494   4.4e-09   35.4   0.0   1   2     0.034       3.4    6.1   0.1   299   328    24    53    17    99 0.79 # 4322 # 4981 # 1 # ID=639_6;partial=00;start_type=TTG;rbs_motif=GGAG/GAGG;rbs_spacer=5-10bp;gc_cont=0.311
Ga0485799_0639_6     -            220 13010at2157          -            494   4.4e-09   35.4   0.0   2   2     1e-08   1.1e-06   27.6   0.0   345   420   120   198   111   207 0.79 # 4322 # 4981 # 1 # ID=639_6;partial=00;start_type=TTG;rbs_motif=GGAG/GAGG;rbs_spacer=5-10bp;gc_cont=0.311
Ga0485799_0078_1     -            232 13010at2157          -            494   4.6e-09   35.4   0.0   1   2   0.00043     0.044   12.3   0.0   299   326    23    50    15    72 0.74 # 513 # 1208 # 1 # ID=78_1;partial=00;start_type=ATG;rbs_motif=AGGAG(G)/GGAGG;rbs_spacer=13-15bp;gc_cont=0.484
Ga0485799_0078_1     -            232 13010at2157          -            494   4.6e-09   35.4   0.0   2   2   9.8e-07   9.9e-05   21.1   0.0   352   445   122   219   113   225 0.77 # 513 # 1208 # 1 # ID=78_1;partial=00;start_type=ATG;rbs_motif=AGGAG(G)/GGAGG;rbs_spacer=13-15bp;gc_cont=0.484
Ga0485799_0121_23    -            307 13010at2157          -            494     1e-08   34.2   0.0   1   2    0.0037      0.38    9.3   0.0   293   352    68   128    64   140 0.72 # 23855 # 24775 # 1 # ID=121_23;partial=00;start_type=ATG;rbs_motif=None;rbs_spacer=None;gc_cont=0.439
Ga0485799_0121_23    -            307 13010at2157          -            494     1e-08   34.2   0.0   2   2   2.6e-07   2.6e-05   23.0   0.0   361   435   202   280   183   302 0.74 # 23855 # 24775 # 1 # ID=121_23;partial=00;start_type=ATG;rbs_motif=None;rbs_spacer=None;gc_cont=0.439
Ga0485799_0662_2     -            190 13010at2157          -            494   1.3e-08   33.9   0.0   1   1   1.5e-10   1.5e-08   33.6   0.0   352   434    76   158    61   176 0.77 # 1440 # 2009 # -1 # ID=662_2;partial=00;start_type=ATG;rbs_motif=GGA/GAG/AGG;rbs_spacer=5-10bp;gc_cont=0.489
Ga0485799_1119_2     -            145 13010at2157          -            494   2.1e-08   33.2   0.1   1   2     0.027       2.8    6.4   0.0    80   110    25    55    17    65 0.87 # 1394 # 1828 # 1 # ID=1119_2;partial=01;start_type=ATG;rbs_motif=AGGA/GGAG/GAGG;rbs_spacer=11-12bp;gc_cont=0.292
Ga0485799_1119_2     -            145 13010at2157          -            494   2.1e-08   33.2   0.1   2   2   5.4e-08   5.5e-06   25.2   0.0   340   390    94   145    78   145 0.79 # 1394 # 1828 # 1 # ID=1119_2;partial=01;start_type=ATG;rbs_motif=AGGA/GGAG/GAGG;rbs_spacer=11-12bp;gc_cont=0.292
Ga0485799_0296_4     -            477 13010at2157          -            494   8.2e-08   31.2   0.0   1   2   4.9e-05     0.005   15.5   0.0   299   378   223   303   216   313 0.88 # 2084 # 3514 # 1 # ID=296_4;partial=00;start_type=ATG;rbs_motif=None;rbs_spacer=None;gc_cont=0.400
Ga0485799_0296_4     -            477 13010at2157          -            494   8.2e-08   31.2   0.0   2   2   0.00014     0.014   13.9   0.0   346   426   318   402   304   425 0.58 # 2084 # 3514 # 1 # ID=296_4;partial=00;start_type=ATG;rbs_motif=None;rbs_spacer=None;gc_cont=0.400
Ga0485799_0614_10    -             89 13010at2157          -            494     3e-07   29.4   0.0   1   1   3.1e-09   3.2e-07   29.3   0.0   362   421    26    86    15    89 0.73 # 5900 # 6166 # 1 # ID=614_10;partial=01;start_type=ATG;rbs_motif=None;rbs_spacer=None;gc_cont=0.502
Ga0485799_0021_44    -            752 13010at2157          -            494   3.1e-07   29.3   0.0   1   2    0.0016      0.16   10.5   0.0   293   330    28    65    12    69 0.85 # 52550 # 54805 # 1 # ID=21_44;partial=00;start_type=ATG;rbs_motif=AGGAG;rbs_spacer=5-10bp;gc_cont=0.395
Ga0485799_0021_44    -            752 13010at2157          -            494   3.1e-07   29.3   0.0   2   2   2.2e-05    0.0022   16.6   0.0   353   432   141   224   126   232 0.72 # 52550 # 54805 # 1 # ID=21_44;partial=00;start_type=ATG;rbs_motif=AGGAG;rbs_spacer=5-10bp;gc_cont=0.395
Ga0485799_0949_4     -            180 13010at2157          -            494   5.8e-07   28.4   0.0   1   1   7.5e-09   7.6e-07   28.0   0.0   352   433    65   147    61   156 0.81 # 2142 # 2681 # -1 # ID=949_4;partial=01;start_type=Edge;rbs_motif=None;rbs_spacer=None;gc_cont=0.328
Ga0485799_0584_1     -             99 13010at2157          -            494   7.4e-07   28.1   0.2   1   1   7.3e-09   7.4e-07   28.1   0.2   293   362    19    93     1    97 0.69 # 35 # 331 # -1 # ID=584_1;partial=00;start_type=ATG;rbs_motif=None;rbs_spacer=None;gc_cont=0.323
Ga0485799_1832_1     -            175 13010at2157          -            494   1.2e-06   27.4   0.0   1   1   1.2e-08   1.2e-06   27.4   0.0   357   423    55   126    15   156 0.80 # 1 # 525 # 1 # ID=1832_1;partial=10;start_type=Edge;rbs_motif=None;rbs_spacer=None;gc_cont=0.333
Ga0485799_0074_15    -            711 13010at2157          -            494   2.8e-06   26.2   0.1   1   2       2.6   2.6e+02   -0.1   0.1    78    99    35    56    25    64 0.67 # 25253 # 27385 # -1 # ID=74_15;partial=00;start_type=ATG;rbs_motif=None;rbs_spacer=None;gc_cont=0.384
Ga0485799_0074_15    -            711 13010at2157          -            494   2.8e-06   26.2   0.1   2   2     2e-07     2e-05   23.4   0.0   354   425   146   219   139   225 0.89 # 25253 # 27385 # -1 # ID=74_15;partial=00;start_type=ATG;rbs_motif=None;rbs_spacer=None;gc_cont=0.384
Ga0485799_0077_16    -            543 13010at2157          -            494     3e-06   26.1   0.1   1   2    0.0086      0.87    8.1   0.0    66   100     8    42     1    46 0.83 # 18664 # 20292 # 1 # ID=77_16;partial=00;start_type=ATG;rbs_motif=None;rbs_spacer=None;gc_cont=0.449
Ga0485799_0077_16    -            543 13010at2157          -            494     3e-06   26.1   0.1   2   2   3.7e-05    0.0037   15.9   0.0   337   439   204   312   193   324 0.75 # 18664 # 20292 # 1 # ID=77_16;partial=00;start_type=ATG;rbs_motif=None;rbs_spacer=None;gc_cont=0.449
Ga0485799_0155_3     -            402 13010at2157          -            494   1.1e-05   24.2   0.0   1   2    0.0069       0.7    8.4   0.0    77   106   131   160   123   180 0.79 # 3285 # 4490 # 1 # ID=155_3;partial=00;start_type=ATG;rbs_motif=GGA/GAG/AGG;rbs_spacer=5-10bp;gc_cont=0.421
Ga0485799_0155_3     -            402 13010at2157          -            494   1.1e-05   24.2   0.0   2   2   0.00016     0.017   13.7   0.0   357   415   252   313   237   348 0.81 # 3285 # 4490 # 1 # ID=155_3;partial=00;start_type=ATG;rbs_motif=GGA/GAG/AGG;rbs_spacer=5-10bp;gc_cont=0.421
Ga0485799_0001_47    -            462 13010at2157          -            494   2.5e-05   23.1   0.0   1   2    0.0045      0.46    9.0   0.0   305   329    24    48    18    82 0.75 # 63356 # 64741 # 1 # ID=1_47;partial=00;start_type=ATG;rbs_motif=None;rbs_spacer=None;gc_cont=0.338
Ga0485799_0001_47    -            462 13010at2157          -            494   2.5e-05   23.1   0.0   2   2    0.0007     0.072   11.6   0.0   361   417   195   254   184   264 0.80 # 63356 # 64741 # 1 # ID=1_47;partial=00;start_type=ATG;rbs_motif=None;rbs_spacer=None;gc_cont=0.338
Ga0485799_0053_11    -            343 13010at2157          -            494   3.7e-05   22.5   0.6   1   3   5.4e-05    0.0055   15.3   0.1   277   358    19    98    11   109 0.75 # 7500 # 8528 # 1 # ID=53_11;partial=00;start_type=ATG;rbs_motif=None;rbs_spacer=None;gc_cont=0.299
Ga0485799_0053_11    -            343 13010at2157          -            494   3.7e-05   22.5   0.6   2   3     0.078         8    4.9   0.0   357   419   167   235   142   256 0.68 # 7500 # 8528 # 1 # ID=53_11;partial=00;start_type=ATG;rbs_motif=None;rbs_spacer=None;gc_cont=0.299
Ga0485799_0053_11    -            343 13010at2157          -            494   3.7e-05   22.5   0.6   3   3       3.8   3.9e+02   -0.7   0.0   130   174   227   271   209   294 0.79 # 7500 # 8528 # 1 # ID=53_11;partial=00;start_type=ATG;rbs_motif=None;rbs_spacer=None;gc_cont=0.299
Ga0485799_0049_39    -            289 13010at2157          -            494   0.00019   20.2   0.1   1   2   0.00066     0.067   11.7   0.2   296   337    12    53     8    66 0.86 # 40102 # 40968 # -1 # ID=49_39;partial=00;start_type=ATG;rbs_motif=GGA/GAG/AGG;rbs_spacer=11-12bp;gc_cont=0.310
Ga0485799_0049_39    -            289 13010at2157          -            494   0.00019   20.2   0.1   2   2     0.032       3.2    6.2   0.0   377   426   180   231   160   235 0.83 # 40102 # 40968 # -1 # ID=49_39;partial=00;start_type=ATG;rbs_motif=GGA/GAG/AGG;rbs_spacer=11-12bp;gc_cont=0.310
Ga0485799_0892_3     -            227 13010at2157          -            494   0.00046   18.9   0.0   1   2       2.3   2.3e+02    0.1   0.0   301   324    27    50    15    55 0.65 # 786 # 1466 # -1 # ID=892_3;partial=00;start_type=ATG;rbs_motif=None;rbs_spacer=None;gc_cont=0.468
Ga0485799_0892_3     -            227 13010at2157          -            494   0.00046   18.9   0.0   2   2   2.5e-05    0.0025   16.4   0.0   350   410   131   192   121   208 0.79 # 786 # 1466 # -1 # ID=892_3;partial=00;start_type=ATG;rbs_motif=None;rbs_spacer=None;gc_cont=0.468
Ga0485799_0388_6     -            382 13010at2157          -            494   0.00057   18.6   0.3   1   1   9.6e-06   0.00097   17.8   0.0   298   344   175   221   159   267 0.87 # 2304 # 3449 # -1 # ID=388_6;partial=00;start_type=ATG;rbs_motif=GGA/GAG/AGG;rbs_spacer=5-10bp;gc_cont=0.288
Ga0485799_0282_14    -            431 13010at2157          -            494    0.0006   18.5   0.2   1   3     0.011       1.2    7.7   0.0   308   331    46    69    36    76 0.88 # 10577 # 11869 # 1 # ID=282_14;partial=00;start_type=ATG;rbs_motif=GGAG/GAGG;rbs_spacer=5-10bp;gc_cont=0.357
Ga0485799_0282_14    -            431 13010at2157          -            494    0.0006   18.5   0.2   2   3       4.9     5e+02   -1.0   0.1   147   228   235   320   214   345 0.66 # 10577 # 11869 # 1 # ID=282_14;partial=00;start_type=ATG;rbs_motif=GGAG/GAGG;rbs_spacer=5-10bp;gc_cont=0.357
Ga0485799_0282_14    -            431 13010at2157          -            494    0.0006   18.5   0.2   3   3     0.014       1.4    7.4   0.0   348   413   336   406   328   423 0.66 # 10577 # 11869 # 1 # ID=282_14;partial=00;start_type=ATG;rbs_motif=GGAG/GAGG;rbs_spacer=5-10bp;gc_cont=0.357
Ga0485799_1084_2     -             77 13010at2157          -            494   0.00089   17.9   0.0   1   1   9.2e-06   0.00093   17.9   0.0   354   390    37    73    18    76 0.77 # 856 # 1086 # 1 # ID=1084_2;partial=00;start_type=TTG;rbs_motif=AGGA;rbs_spacer=5-10bp;gc_cont=0.459
Ga0485799_0026_33    -             90 13010at2157          -            494     0.003   16.2   0.0   1   1   3.4e-05    0.0034   16.0   0.0   290   330    20    62     7    68 0.82 # 39009 # 39278 # 1 # ID=26_33;partial=00;start_type=ATG;rbs_motif=AGGAG;rbs_spacer=5-10bp;gc_cont=0.478
Ga0485799_0293_6     -            304 13010at2157          -            494    0.0039   15.8   0.0   1   2      0.13        13    4.2   0.0    84   106    33    55    25   111 0.77 # 4564 # 5475 # -1 # ID=293_6;partial=00;start_type=ATG;rbs_motif=GGA/GAG/AGG;rbs_spacer=5-10bp;gc_cont=0.365
Ga0485799_0293_6     -            304 13010at2157          -            494    0.0039   15.8   0.0   2   2    0.0038      0.38    9.2   0.0   362   417   220   278   214   285 0.83 # 4564 # 5475 # -1 # ID=293_6;partial=00;start_type=ATG;rbs_motif=GGA/GAG/AGG;rbs_spacer=5-10bp;gc_cont=0.365
Ga0485799_0418_3     -            185 13010at2157          -            494    0.0056   15.3   0.2   1   1   0.00011     0.011   14.4   0.1    77   120    14    57     3    67 0.63 # 2047 # 2601 # -1 # ID=418_3;partial=00;start_type=ATG;rbs_motif=None;rbs_spacer=None;gc_cont=0.292
Ga0485799_0350_5     -            321 13010at2157          -            494     0.006   15.2   0.0   1   2     0.034       3.5    6.1   0.0   305   324    42    61    24    70 0.81 # 2580 # 3542 # -1 # ID=350_5;partial=00;start_type=ATG;rbs_motif=AGGA;rbs_spacer=5-10bp;gc_cont=0.385
Ga0485799_0350_5     -            321 13010at2157          -            494     0.006   15.2   0.0   2   2     0.016       1.6    7.2   0.1   357   410   232   288   171   313 0.66 # 2580 # 3542 # -1 # ID=350_5;partial=00;start_type=ATG;rbs_motif=AGGA;rbs_spacer=5-10bp;gc_cont=0.385
Ga0485799_0453_5     -             66 13010at2157          -            494    0.0072   14.9   0.0   1   1   7.6e-05    0.0078   14.8   0.0   276   326     1    52     1    57 0.85 # 6300 # 6497 # 1 # ID=453_5;partial=00;start_type=ATG;rbs_motif=AGGA;rbs_spacer=5-10bp;gc_cont=0.364
Ga0485799_0065_4     -            151 13010at2157          -            494    0.0078   14.8   0.0   1   1     9e-05    0.0092   14.6   0.0   296   353    27    87    14   102 0.76 # 5226 # 5678 # 1 # ID=65_4;partial=00;start_type=ATG;rbs_motif=None;rbs_spacer=None;gc_cont=0.411
Ga0485799_0558_6     -            399 13010at2157          -            494    0.0079   14.8   0.4   1   1   0.00012     0.012   14.2   0.0   302   339    36    70    10    90 0.76 # 4214 # 5410 # -1 # ID=558_6;partial=00;start_type=ATG;rbs_motif=AGGA;rbs_spacer=5-10bp;gc_cont=0.270
Ga0485799_0172_10    -            261 13010at2157          -            494    0.0086   14.7   1.0   1   2     0.008      0.81    8.2   0.0    34    58    62    86    57    88 0.90 # 5775 # 6557 # -1 # ID=172_10;partial=00;start_type=ATG;rbs_motif=None;rbs_spacer=None;gc_cont=0.488
Ga0485799_0172_10    -            261 13010at2157          -            494    0.0086   14.7   1.0   2   2     0.076       7.8    4.9   0.3    30    60   183   213   148   216 0.91 # 5775 # 6557 # -1 # ID=172_10;partial=00;start_type=ATG;rbs_motif=None;rbs_spacer=None;gc_cont=0.488
Ga0485799_1815_1     -             95 13010at2157          -            494    0.0092   14.6   0.0   1   1   9.4e-05    0.0095   14.5   0.0   373   443     2    73     1    91 0.69 # 1 # 285 # 1 # ID=1815_1;partial=10;start_type=Edge;rbs_motif=None;rbs_spacer=None;gc_cont=0.470
Ga0485799_0110_8     -            179 13010at2157          -            494    0.0094   14.5   8.8   1   2    0.0014      0.14   10.7   0.8    27    50   105   128    83   136 0.84 # 5594 # 6130 # -1 # ID=110_8;partial=00;start_type=ATG;rbs_motif=GGA/GAG/AGG;rbs_spacer=11-12bp;gc_cont=0.464
Ga0485799_0110_8     -            179 13010at2157          -            494    0.0094   14.5   8.8   2   2    0.0064      0.65    8.5   1.8    25    57   133   165   130   169 0.82 # 5594 # 6130 # -1 # ID=110_8;partial=00;start_type=ATG;rbs_motif=GGA/GAG/AGG;rbs_spacer=11-12bp;gc_cont=0.464
Ga0485799_0201_24    -             56 13010at2157          -            494    0.0099   14.5   0.0   1   1    0.0001     0.011   14.4   0.0    75   105    18    48     9    51 0.75 # 19728 # 19895 # 1 # ID=201_24;partial=00;start_type=ATG;rbs_motif=None;rbs_spacer=None;gc_cont=0.315
Ga0485799_0079_39    -            369 13010at2157          -            494     0.011   14.3   0.2   1   2    0.0095      0.97    7.9   0.1    81   323    42    60    12    86 0.59 # 39106 # 40212 # 1 # ID=79_39;partial=00;start_type=ATG;rbs_motif=None;rbs_spacer=None;gc_cont=0.322
Ga0485799_0079_39    -            369 13010at2157          -            494     0.011   14.3   0.2   2   2      0.16        16    3.9   0.0   359   426   287   356   252   366 0.68 # 39106 # 40212 # 1 # ID=79_39;partial=00;start_type=ATG;rbs_motif=None;rbs_spacer=None;gc_cont=0.322
Ga0485799_0037_32    -             79 13010at2157          -            494     0.014   14.0   0.0   1   1   0.00015     0.015   13.9   0.0   277   327     2    54     1    58 0.71 # 40626 # 40862 # -1 # ID=37_32;partial=00;start_type=ATG;rbs_motif=AGGA;rbs_spacer=5-10bp;gc_cont=0.426
Ga0485799_0021_40    -            449 13010at2157          -            494     0.014   13.9   0.9   1   1   0.00021     0.021   13.4   0.3    82   150    37   107    27   123 0.79 # 48809 # 50155 # 1 # ID=21_40;partial=00;start_type=ATG;rbs_motif=None;rbs_spacer=None;gc_cont=0.375
Ga0485799_0756_4     -             66 13010at2157          -            494     0.015   13.9   0.0   1   1   0.00015     0.015   13.9   0.0   276   326     1    52     1    57 0.82 # 2337 # 2534 # -1 # ID=756_4;partial=00;start_type=ATG;rbs_motif=AGGA;rbs_spacer=5-10bp;gc_cont=0.369
Ga0485799_0119_17    -             63 13010at2157          -            494     0.016   13.8   0.1   1   1   0.00016     0.016   13.8   0.1    66   100    11    46     2    60 0.60 # 16902 # 17090 # -1 # ID=119_17;partial=00;start_type=ATG;rbs_motif=GGA/GAG/AGG;rbs_spacer=11-12bp;gc_cont=0.323
Ga0485799_0152_2     -            396 13010at2157          -            494     0.025   13.1   0.6   1   2   0.00071     0.072   11.6   0.0   292   326    34    68    23    83 0.87 # 989 # 2176 # -1 # ID=152_2;partial=00;start_type=ATG;rbs_motif=None;rbs_spacer=None;gc_cont=0.386
Ga0485799_0152_2     -            396 13010at2157          -            494     0.025   13.1   0.6   2   2       5.8   5.8e+02   -1.3   0.1   339   366   335   361   332   380 0.78 # 989 # 2176 # -1 # ID=152_2;partial=00;start_type=ATG;rbs_motif=None;rbs_spacer=None;gc_cont=0.386
Ga0485799_0012_16    -            381 13010at2157          -            494     0.029   13.0   0.2   1   2     0.096       9.8    4.6   0.0    62    99     4    41     1    84 0.82 # 10710 # 11852 # -1 # ID=12_16;partial=00;start_type=ATG;rbs_motif=None;rbs_spacer=None;gc_cont=0.360
Ga0485799_0012_16    -            381 13010at2157          -            494     0.029   13.0   0.2   2   2     0.023       2.3    6.7   0.0   151   238   234   323   190   352 0.71 # 10710 # 11852 # -1 # ID=12_16;partial=00;start_type=ATG;rbs_motif=None;rbs_spacer=None;gc_cont=0.360
Ga0485799_0024_10    -            345 13010at2157          -            494      0.03   12.9   0.0   1   1    0.0004      0.04   12.5   0.0   299   335    26    62     1    86 0.76 # 7288 # 8322 # -1 # ID=24_10;partial=00;start_type=ATG;rbs_motif=None;rbs_spacer=None;gc_cont=0.371
Ga0485799_0079_28    -            393 13010at2157          -            494      0.03   12.9   1.1   1   2     0.024       2.4    6.6   0.1   296   323    18    45     4    49 0.79 # 28926 # 30104 # 1 # ID=79_28;partial=00;start_type=ATG;rbs_motif=AGGA;rbs_spacer=5-10bp;gc_cont=0.347
Ga0485799_0079_28    -            393 13010at2157          -            494      0.03   12.9   1.1   2   2     0.076       7.7    4.9   0.1   118   240   197   325   193   340 0.71 # 28926 # 30104 # 1 # ID=79_28;partial=00;start_type=ATG;rbs_motif=AGGA;rbs_spacer=5-10bp;gc_cont=0.347
Ga0485799_0541_1     -             38 13010at2157          -            494     0.035   12.7   0.2   1   1   0.00034     0.035   12.7   0.2   308   327     7    26     1    32 0.84 # 2 # 115 # -1 # ID=541_1;partial=10;start_type=ATG;rbs_motif=GGA/GAG/AGG;rbs_spacer=5-10bp;gc_cont=0.333
Ga0485799_0007_69    -            358 13010at2157          -            494     0.035   12.7   0.0   1   2     0.067       6.8    5.1   0.0   291   321    17    47     1    59 0.69 # 88025 # 89098 # 1 # ID=7_69;partial=00;start_type=ATG;rbs_motif=GGA/GAG/AGG;rbs_spacer=5-10bp;gc_cont=0.353
Ga0485799_0007_69    -            358 13010at2157          -            494     0.035   12.7   0.0   2   2     0.047       4.8    5.6   0.0   332   406   244   323   239   354 0.68 # 88025 # 89098 # 1 # ID=7_69;partial=00;start_type=ATG;rbs_motif=GGA/GAG/AGG;rbs_spacer=5-10bp;gc_cont=0.353
Ga0485799_0016_15    -            343 13010at2157          -            494     0.044   12.4   0.0   1   1   0.00086     0.088   11.4   0.0   304   332    57    85    37    97 0.83 # 14040 # 15068 # -1 # ID=16_15;partial=00;start_type=GTG;rbs_motif=None;rbs_spacer=None;gc_cont=0.473
Ga0485799_0025_29    -             81 13010at2157          -            494     0.044   12.4   0.0   1   1   0.00045     0.045   12.3   0.0   305   323    36    54    17    60 0.89 # 30724 # 30966 # -1 # ID=25_29;partial=00;start_type=ATG;rbs_motif=GGAG/GAGG;rbs_spacer=5-10bp;gc_cont=0.412
Ga0485799_0467_7     -            202 13010at2157          -            494     0.045   12.3   0.0   1   1   0.00058     0.059   11.9   0.0   293   324    22    53     6    64 0.76 # 5645 # 6250 # -1 # ID=467_7;partial=00;start_type=ATG;rbs_motif=GGAG/GAGG;rbs_spacer=5-10bp;gc_cont=0.325
Ga0485799_0023_17    -             83 13010at2157          -            494     0.046   12.3   0.0   1   1   0.00045     0.046   12.3   0.0   303   322     3    22     1    62 0.86 # 18165 # 18413 # 1 # ID=23_17;partial=00;start_type=ATG;rbs_motif=AGGAG;rbs_spacer=5-10bp;gc_cont=0.438
Ga0485799_0476_1     -            466 13010at2157          -            494     0.052   12.1   0.0   1   1   0.00074     0.076   11.6   0.0   299   331   393   425   366   441 0.82 # 3 # 1400 # -1 # ID=476_1;partial=10;start_type=ATG;rbs_motif=None;rbs_spacer=None;gc_cont=0.416
Ga0485799_0085_19    -            154 13010at2157          -            494       0.1   11.2   0.0   1   1     0.001      0.11   11.1   0.0   304   334    24    54    13   117 0.59 # 21991 # 22452 # -1 # ID=85_19;partial=00;start_type=ATG;rbs_motif=None;rbs_spacer=None;gc_cont=0.344
Ga0485799_1043_2     -            412 13010at2157          -            494      0.11   11.1   0.0   1   1    0.0017      0.17   10.4   0.0   305   337   125   157   102   178 0.81 # 886 # 2121 # -1 # ID=1043_2;partial=01;start_type=Edge;rbs_motif=None;rbs_spacer=None;gc_cont=0.321
Ga0485799_0109_3     -            322 13010at2157          -            494      0.12   10.9   0.9   1   2      0.81        82    1.6   0.1   295   325    11    41     2    71 0.79 # 726 # 1691 # -1 # ID=109_3;partial=00;start_type=ATG;rbs_motif=GGA/GAG/AGG;rbs_spacer=5-10bp;gc_cont=0.331
Ga0485799_0109_3     -            322 13010at2157          -            494      0.12   10.9   0.9   2   2    0.0095      0.97    7.9   0.1   379   426   219   268   208   272 0.82 # 726 # 1691 # -1 # ID=109_3;partial=00;start_type=ATG;rbs_motif=GGA/GAG/AGG;rbs_spacer=5-10bp;gc_cont=0.331
Ga0485799_0389_9     -             78 13010at2157          -            494      0.12   10.9   5.1   1   1    0.0017      0.18   10.4   5.1     2    32     4    33     3    68 0.73 # 8046 # 8279 # -1 # ID=389_9;partial=00;start_type=ATG;rbs_motif=GGA/GAG/AGG;rbs_spacer=5-10bp;gc_cont=0.321
Ga0485799_0414_6     -             78 13010at2157          -            494      0.12   10.9   5.1   1   1    0.0017      0.18   10.4   5.1     2    32     4    33     3    68 0.73 # 4520 # 4753 # -1 # ID=414_6;partial=00;start_type=ATG;rbs_motif=GGA/GAG/AGG;rbs_spacer=5-10bp;gc_cont=0.321
Ga0485799_0107_21    -             73 13010at2157          -            494      0.12   10.9   0.0   1   1    0.0012      0.12   10.9   0.0    83   100    25    42     2    69 0.61 # 20868 # 21086 # -1 # ID=107_21;partial=00;start_type=ATG;rbs_motif=GGA/GAG/AGG;rbs_spacer=5-10bp;gc_cont=0.356
Ga0485799_0107_8     -            373 13010at2157          -            494      0.13   10.8   0.0   1   2     0.025       2.5    6.5   0.0    84   100    26    42     3    74 0.65 # 5636 # 6754 # -1 # ID=107_8;partial=00;start_type=ATG;rbs_motif=GGA/GAG/AGG;rbs_spacer=5-10bp;gc_cont=0.397
Ga0485799_0107_8     -            373 13010at2157          -            494      0.13   10.8   0.0   2   2      0.54        54    2.1   0.0   353   428   249   331   239   342 0.59 # 5636 # 6754 # -1 # ID=107_8;partial=00;start_type=ATG;rbs_motif=GGA/GAG/AGG;rbs_spacer=5-10bp;gc_cont=0.397
Ga0485799_0137_4     -            370 13010at2157          -            494      0.14   10.7   0.0   1   1    0.0022      0.23   10.0   0.0   303   323    21    41    12    47 0.82 # 2358 # 3467 # -1 # ID=137_4;partial=00;start_type=ATG;rbs_motif=None;rbs_spacer=None;gc_cont=0.376
Ga0485799_0151_33    -            377 13010at2157          -            494      0.15   10.6   0.0   1   1    0.0023      0.23   10.0   0.0   303   323    19    39    10    45 0.82 # 23033 # 24163 # 1 # ID=151_33;partial=00;start_type=ATG;rbs_motif=None;rbs_spacer=None;gc_cont=0.385
Ga0485799_0328_3     -            126 13010at2157          -            494      0.15   10.6   0.0   1   1    0.0015      0.15   10.6   0.0    81   326    26    47     8    87 0.73 # 1518 # 1895 # 1 # ID=328_3;partial=00;start_type=ATG;rbs_motif=GGAG/GAGG;rbs_spacer=5-10bp;gc_cont=0.336
Ga0485799_0391_11    -             48 13010at2157          -            494      0.16   10.5   0.0   1   1    0.0016      0.17   10.4   0.0    80   100    12    32     4    40 0.61 # 6276 # 6419 # -1 # ID=391_11;partial=00;start_type=ATG;rbs_motif=4Base/6BMM;rbs_spacer=13-15bp;gc_cont=0.417
Ga0485799_0203_7     -            161 13010at2157          -            494      0.17   10.4   3.9   1   1    0.0083      0.84    8.1   3.9    18    52    15    59     5    64 0.65 # 6015 # 6497 # 1 # ID=203_7;partial=00;start_type=ATG;rbs_motif=AGGAG/GGAGG;rbs_spacer=11-12bp;gc_cont=0.427
Ga0485799_0156_5     -            380 13010at2157          -            494      0.17   10.4   0.1   1   2     0.019         2    6.9   0.0   301   325    21    45     6    79 0.74 # 2637 # 3776 # -1 # ID=156_5;partial=00;start_type=ATG;rbs_motif=GGA/GAG/AGG;rbs_spacer=5-10bp;gc_cont=0.414
Ga0485799_0156_5     -            380 13010at2157          -            494      0.17   10.4   0.1   2   2         1     1e+02    1.2   0.0   360   417   260   319   255   341 0.76 # 2637 # 3776 # -1 # ID=156_5;partial=00;start_type=ATG;rbs_motif=GGA/GAG/AGG;rbs_spacer=5-10bp;gc_cont=0.414
Ga0485799_0201_13    -            142 13010at2157          -            494      0.17   10.4   0.0   1   1    0.0022      0.23   10.0   0.0   302   322    20    40     3    45 0.76 # 13118 # 13543 # -1 # ID=201_13;partial=00;start_type=GTG;rbs_motif=GGAG/GAGG;rbs_spacer=5-10bp;gc_cont=0.460
Ga0485799_0121_4     -            103 13010at2157          -            494      0.18   10.4   0.0   1   1    0.0021      0.21   10.1   0.0   278   327     6    54     2    60 0.75 # 2413 # 2721 # 1 # ID=121_4;partial=00;start_type=ATG;rbs_motif=None;rbs_spacer=None;gc_cont=0.430
Ga0485799_0023_4     -            103 13010at2157          -            494      0.18   10.3   0.0   1   1    0.0021      0.22   10.1   0.0   278   327     6    54     2    60 0.73 # 1353 # 1661 # -1 # ID=23_4;partial=00;start_type=ATG;rbs_motif=AGGAG/GGAGG;rbs_spacer=11-12bp;gc_cont=0.414
Ga0485799_0001_24    -            351 13010at2157          -            494       0.2   10.2   0.0   1   1    0.0028      0.28    9.7   0.0   277   328     2    54     1    64 0.82 # 23796 # 24848 # 1 # ID=1_24;partial=00;start_type=ATG;rbs_motif=GGAG/GAGG;rbs_spacer=5-10bp;gc_cont=0.383
Ga0485799_0022_37    -            167 13010at2157          -            494      0.26    9.8   0.0   1   1    0.0032      0.33    9.5   0.0   360   428    36   107    31   116 0.85 # 47158 # 47658 # -1 # ID=22_37;partial=00;start_type=ATG;rbs_motif=None;rbs_spacer=None;gc_cont=0.445
Ga0485799_1676_2     -            124 13010at2157          -            494      0.28    9.7   2.1   1   1    0.0041      0.41    9.1   2.1    15    49    63   106    56   109 0.64 # 406 # 777 # 1 # ID=1676_2;partial=01;start_type=ATG;rbs_motif=AGGAG;rbs_spacer=5-10bp;gc_cont=0.500
Ga0485799_1677_2     -            124 13010at2157          -            494      0.28    9.7   2.1   1   1    0.0041      0.41    9.1   2.1    15    49    63   106    56   109 0.64 # 406 # 777 # 1 # ID=1677_2;partial=01;start_type=ATG;rbs_motif=AGGAG;rbs_spacer=5-10bp;gc_cont=0.505
Ga0485799_0219_11    -            288 13010at2157          -            494      0.38    9.2   1.1   1   2       2.6   2.6e+02   -0.1   0.0    35    54   141   160   139   167 0.86 # 12484 # 13347 # 1 # ID=219_11;partial=00;start_type=ATG;rbs_motif=AGGA;rbs_spacer=5-10bp;gc_cont=0.530
Ga0485799_0219_11    -            288 13010at2157          -            494      0.38    9.2   1.1   2   2     0.014       1.4    7.3   1.2    30    60   166   196   145   200 0.81 # 12484 # 13347 # 1 # ID=219_11;partial=00;start_type=ATG;rbs_motif=AGGA;rbs_spacer=5-10bp;gc_cont=0.530
Ga0485799_0008_34    -            163 13010at2157          -            494      0.59    8.6   5.6   1   2     0.026       2.6    6.5   0.7    31    58    59    86    53    91 0.88 # 28955 # 29443 # 1 # ID=8_34;partial=00;start_type=ATG;rbs_motif=GGAG/GAGG;rbs_spacer=5-10bp;gc_cont=0.472
Ga0485799_0008_34    -            163 13010at2157          -            494      0.59    8.6   5.6   2   2     0.089         9    4.7   0.3    26    50    93   117    90   122 0.90 # 28955 # 29443 # 1 # ID=8_34;partial=00;start_type=ATG;rbs_motif=GGAG/GAGG;rbs_spacer=5-10bp;gc_cont=0.472
Ga0485799_0121_13    -            209 13010at2157          -            494       4.1    5.8   8.0   1   2      0.79        80    1.6   0.3    24    48     5    29     1    32 0.87 # 11404 # 12030 # 1 # ID=121_13;partial=00;start_type=ATG;rbs_motif=AGGAG;rbs_spacer=5-10bp;gc_cont=0.485
Ga0485799_0121_13    -            209 13010at2157          -            494       4.1    5.8   8.0   2   2     0.013       1.3    7.5   2.4    18    49    71   110    61   114 0.71 # 11404 # 12030 # 1 # ID=121_13;partial=00;start_type=ATG;rbs_motif=AGGAG;rbs_spacer=5-10bp;gc_cont=0.485
#
# Program:         hmmsearch
# Version:         3.1b2 (February 2015)
# Pipeline mode:   SEARCH
# Query file:      /home/mira/Bacteria2022/Thiomargarita_magnifica/qc_assembly/busco_article/busco_downloads/lineages/archaea_odb10/hmms/13010at2157.hmm
# Target file:     /home/mira/Bacteria2022/Thiomargarita_magnifica/qc_assembly/busco_article/busco_article/prodigal_output/predicted_genes/predicted.faa
# Option settings: hmmsearch --domtblout /home/mira/Bacteria2022/Thiomargarita_magnifica/qc_assembly/busco_article/busco_article/auto_lineage/run_archaea_odb10/hmmer_output/13010at2157.out --cpu 1 /home/mira/Bacteria2022/Thiomargarita_magnifica/qc_assembly/busco_article/busco_downloads/lineages/archaea_odb10/hmms/13010at2157.hmm /home/mira/Bacteria2022/Thiomargarita_magnifica/qc_assembly/busco_article/busco_article/prodigal_output/predicted_genes/predicted.faa 
# Current dir:     /home/mira/Bacteria2022/Thiomargarita_magnifica/qc_assembly/busco_article
# Date:            Wed Jul 13 13:04:27 2022
# [ok]
