#                                                                            --- full sequence --- -------------- this domain -------------   hmm coord   ali coord   env coord
# target name        accession   tlen query name           accession   qlen   E-value  score  bias   #  of  c-Evalue  i-Evalue  score  bias  from    to  from    to  from    to  acc description of target
#------------------- ---------- ----- -------------------- ---------- ----- --------- ------ ----- --- --- --------- --------- ------ ----- ----- ----- ----- ----- ----- ----- ---- ---------------------
Ga0485799_0101_24    -            228 130364at2157         -             32    0.0033   17.0   3.4   1   2   1.3e-06     0.004   16.7   0.8     5    19    52    66    50    75 0.86 # 31406 # 32089 # -1 # ID=101_24;partial=00;start_type=ATG;rbs_motif=AGGA/GGAG/GAGG;rbs_spacer=11-12bp;gc_cont=0.437
Ga0485799_0101_24    -            228 130364at2157         -             32    0.0033   17.0   3.4   2   2      0.33     1e+03   -0.6   0.1    13    18    82    87    81    89 0.85 # 31406 # 32089 # -1 # ID=101_24;partial=00;start_type=ATG;rbs_motif=AGGA/GGAG/GAGG;rbs_spacer=11-12bp;gc_cont=0.437
Ga0485799_0173_18    -             93 130364at2157         -             32       0.4   10.3   3.6   1   2    0.0031       9.8    5.9   0.2     5    12     2     9     1    10 0.87 # 21529 # 21807 # 1 # ID=173_18;partial=00;start_type=ATG;rbs_motif=GGAG/GAGG;rbs_spacer=5-10bp;gc_cont=0.523
Ga0485799_0173_18    -             93 130364at2157         -             32       0.4   10.3   3.6   2   2    0.0043        13    5.4   0.3     5    11    23    29    21    31 0.82 # 21529 # 21807 # 1 # ID=173_18;partial=00;start_type=ATG;rbs_motif=GGAG/GAGG;rbs_spacer=5-10bp;gc_cont=0.523
Ga0485799_0826_2     -             67 130364at2157         -             32       2.9    7.6  14.4   1   4    0.0036        11    5.7   0.2     6    11     6    11     4    16 0.83 # 201 # 401 # -1 # ID=826_2;partial=00;start_type=ATG;rbs_motif=AGGA;rbs_spacer=5-10bp;gc_cont=0.403
Ga0485799_0826_2     -             67 130364at2157         -             32       2.9    7.6  14.4   2   4     0.039   1.2e+02    2.4   0.4     6    12    27    33    26    34 0.84 # 201 # 401 # -1 # ID=826_2;partial=00;start_type=ATG;rbs_motif=AGGA;rbs_spacer=5-10bp;gc_cont=0.403
Ga0485799_0826_2     -             67 130364at2157         -             32       2.9    7.6  14.4   3   4      0.37   1.2e+03   -0.8   0.1     7    13    36    42    35    43 0.82 # 201 # 401 # -1 # ID=826_2;partial=00;start_type=ATG;rbs_motif=AGGA;rbs_spacer=5-10bp;gc_cont=0.403
Ga0485799_0826_2     -             67 130364at2157         -             32       2.9    7.6  14.4   4   4    0.0006       1.9    8.2   0.4     5    12    48    55    46    59 0.86 # 201 # 401 # -1 # ID=826_2;partial=00;start_type=ATG;rbs_motif=AGGA;rbs_spacer=5-10bp;gc_cont=0.403
Ga0485799_0004_61    -            105 130364at2157         -             32       4.8    6.9   6.8   1   2    0.0025       7.9    6.2   0.6     2    11     7    16     7    17 0.89 # 63172 # 63486 # -1 # ID=4_61;partial=00;start_type=ATG;rbs_motif=GGA/GAG/AGG;rbs_spacer=5-10bp;gc_cont=0.390
Ga0485799_0004_61    -            105 130364at2157         -             32       4.8    6.9   6.8   2   2     0.014        45    3.8   0.9     5    11    87    93    86    95 0.84 # 63172 # 63486 # -1 # ID=4_61;partial=00;start_type=ATG;rbs_motif=GGA/GAG/AGG;rbs_spacer=5-10bp;gc_cont=0.390
Ga0485799_0009_49    -             80 130364at2157         -             32         7    6.3  12.8   1   4     0.014        45    3.8   0.2     3    11     1     9     1    10 0.83 # 76479 # 76718 # -1 # ID=9_49;partial=00;start_type=ATG;rbs_motif=GGAG/GAGG;rbs_spacer=5-10bp;gc_cont=0.396
Ga0485799_0009_49    -             80 130364at2157         -             32         7    6.3  12.8   2   4      0.06   1.9e+02    1.8   0.1     6    12    17    23    16    24 0.85 # 76479 # 76718 # -1 # ID=9_49;partial=00;start_type=ATG;rbs_motif=GGAG/GAGG;rbs_spacer=5-10bp;gc_cont=0.396
Ga0485799_0009_49    -             80 130364at2157         -             32         7    6.3  12.8   3   4       2.3   7.2e+03   -3.3   0.4     7    10    26    29    25    30 0.64 # 76479 # 76718 # -1 # ID=9_49;partial=00;start_type=ATG;rbs_motif=GGAG/GAGG;rbs_spacer=5-10bp;gc_cont=0.396
Ga0485799_0009_49    -             80 130364at2157         -             32         7    6.3  12.8   4   4   0.00038       1.2    8.8   0.3     4    12    65    73    64    74 0.87 # 76479 # 76718 # -1 # ID=9_49;partial=00;start_type=ATG;rbs_motif=GGAG/GAGG;rbs_spacer=5-10bp;gc_cont=0.396
#
# Program:         hmmsearch
# Version:         3.1b2 (February 2015)
# Pipeline mode:   SEARCH
# Query file:      /home/mira/Bacteria2022/Thiomargarita_magnifica/qc_assembly/busco_article/busco_downloads/lineages/archaea_odb10/hmms/130364at2157.hmm
# Target file:     /home/mira/Bacteria2022/Thiomargarita_magnifica/qc_assembly/busco_article/busco_article/prodigal_output/predicted_genes/predicted.faa
# Option settings: hmmsearch --domtblout /home/mira/Bacteria2022/Thiomargarita_magnifica/qc_assembly/busco_article/busco_article/auto_lineage/run_archaea_odb10/hmmer_output/130364at2157.out --cpu 1 /home/mira/Bacteria2022/Thiomargarita_magnifica/qc_assembly/busco_article/busco_downloads/lineages/archaea_odb10/hmms/130364at2157.hmm /home/mira/Bacteria2022/Thiomargarita_magnifica/qc_assembly/busco_article/busco_article/prodigal_output/predicted_genes/predicted.faa 
# Current dir:     /home/mira/Bacteria2022/Thiomargarita_magnifica/qc_assembly/busco_article
# Date:            Wed Jul 13 13:04:27 2022
# [ok]
