#                                                                            --- full sequence --- -------------- this domain -------------   hmm coord   ali coord   env coord
# target name        accession   tlen query name           accession   qlen   E-value  score  bias   #  of  c-Evalue  i-Evalue  score  bias  from    to  from    to  from    to  acc description of target
#------------------- ---------- ----- -------------------- ---------- ----- --------- ------ ----- --- --- --------- --------- ------ ----- ----- ----- ----- ----- ----- ----- ---- ---------------------
Ga0485799_0865_3     -            452 13565at2157          -            478   1.2e-05   23.8   0.5   1   2   1.3e-07   3.6e-05   22.3   0.1    29    84    33    86    20   109 0.92 # 1863 # 3218 # 1 # ID=865_3;partial=01;start_type=ATG;rbs_motif=AGGA;rbs_spacer=5-10bp;gc_cont=0.334
Ga0485799_0865_3     -            452 13565at2157          -            478   1.2e-05   23.8   0.5   2   2       1.7   4.7e+02   -1.2   0.0   366   438   319   394   316   421 0.77 # 1863 # 3218 # 1 # ID=865_3;partial=01;start_type=ATG;rbs_motif=AGGA;rbs_spacer=5-10bp;gc_cont=0.334
Ga0485799_0929_1     -            121 13565at2157          -            478   2.3e-05   22.9   0.2   1   1   9.6e-08   2.7e-05   22.7   0.2    34    92    13    74    10    93 0.83 # 3 # 365 # 1 # ID=929_1;partial=10;start_type=Edge;rbs_motif=None;rbs_spacer=None;gc_cont=0.292
Ga0485799_0256_16    -            983 13565at2157          -            478   9.3e-05   20.9   0.2   1   2   3.3e-07   9.3e-05   20.9   0.2    33    80    36    81    28   107 0.93 # 14963 # 17911 # 1 # ID=256_16;partial=00;start_type=ATG;rbs_motif=GGA/GAG/AGG;rbs_spacer=5-10bp;gc_cont=0.446
Ga0485799_0256_16    -            983 13565at2157          -            478   9.3e-05   20.9   0.2   2   2       7.3   2.1e+03   -3.3   0.2   375   412   332   366   319   397 0.57 # 14963 # 17911 # 1 # ID=256_16;partial=00;start_type=ATG;rbs_motif=GGA/GAG/AGG;rbs_spacer=5-10bp;gc_cont=0.446
Ga0485799_0495_4     -            673 13565at2157          -            478   0.00016   20.1   0.7   1   2       7.7   2.2e+03   -3.4   0.1   228   251   414   437   384   489 0.54 # 4052 # 6070 # 1 # ID=495_4;partial=00;start_type=ATG;rbs_motif=None;rbs_spacer=None;gc_cont=0.275
Ga0485799_0495_4     -            673 13565at2157          -            478   0.00016   20.1   0.7   2   2   9.4e-07   0.00027   19.4   0.0    37    91   559   616   553   635 0.76 # 4052 # 6070 # 1 # ID=495_4;partial=00;start_type=ATG;rbs_motif=None;rbs_spacer=None;gc_cont=0.275
Ga0485799_0934_1     -            452 13565at2157          -            478   0.00018   20.0   0.0   1   1   1.2e-06   0.00035   19.0   0.0    30   117   343   428   340   433 0.82 # 177 # 1532 # -1 # ID=934_1;partial=00;start_type=ATG;rbs_motif=None;rbs_spacer=None;gc_cont=0.430
Ga0485799_0063_11    -            449 13565at2157          -            478   0.00023   19.6   0.5   1   1   1.2e-06   0.00033   19.1   0.5   347   455    74   187    68   208 0.81 # 10948 # 12294 # -1 # ID=63_11;partial=00;start_type=ATG;rbs_motif=None;rbs_spacer=None;gc_cont=0.474
Ga0485799_0307_2     -           1439 13565at2157          -            478   0.00023   19.6   0.1   1   2      0.85   2.4e+02   -0.2   2.2   390   459   628   699   616   726 0.60 # 344 # 4660 # -1 # ID=307_2;partial=00;start_type=ATG;rbs_motif=AGGAG;rbs_spacer=5-10bp;gc_cont=0.435
Ga0485799_0307_2     -           1439 13565at2157          -            478   0.00023   19.6   0.1   2   2   8.3e-07   0.00023   19.6   0.1    24    87  1326  1387  1321  1409 0.84 # 344 # 4660 # -1 # ID=307_2;partial=00;start_type=ATG;rbs_motif=AGGAG;rbs_spacer=5-10bp;gc_cont=0.435
Ga0485799_0223_6     -            503 13565at2157          -            478   0.00027   19.4   0.2   1   2       1.5   4.3e+02   -1.0   1.3   198   238   132   181   105   336 0.58 # 3795 # 5303 # 1 # ID=223_6;partial=00;start_type=TTG;rbs_motif=GGA/GAG/AGG;rbs_spacer=5-10bp;gc_cont=0.280
Ga0485799_0223_6     -            503 13565at2157          -            478   0.00027   19.4   0.2   2   2   9.6e-07   0.00027   19.4   0.2    34    97   394   460   391   487 0.80 # 3795 # 5303 # 1 # ID=223_6;partial=00;start_type=TTG;rbs_motif=GGA/GAG/AGG;rbs_spacer=5-10bp;gc_cont=0.280
Ga0485799_0199_17    -            451 13565at2157          -            478   0.00035   19.0   0.0   1   1     2e-06   0.00055   18.4   0.0    44   111   355   423   346   434 0.76 # 17631 # 18983 # -1 # ID=199_17;partial=00;start_type=ATG;rbs_motif=GGAG/GAGG;rbs_spacer=5-10bp;gc_cont=0.489
Ga0485799_0180_12    -            262 13565at2157          -            478   0.00047   18.6   0.8   1   2       2.3   6.4e+02   -1.6   0.1   420   420    75    75    10   137 0.55 # 16550 # 17335 # 1 # ID=180_12;partial=00;start_type=ATG;rbs_motif=GGA/GAG/AGG;rbs_spacer=5-10bp;gc_cont=0.415
Ga0485799_0180_12    -            262 13565at2157          -            478   0.00047   18.6   0.8   2   2   2.6e-06   0.00073   18.0   0.0    34    88   155   210   149   239 0.84 # 16550 # 17335 # 1 # ID=180_12;partial=00;start_type=ATG;rbs_motif=GGA/GAG/AGG;rbs_spacer=5-10bp;gc_cont=0.415
Ga0485799_0810_3     -            843 13565at2157          -            478   0.00063   18.2   0.2   1   2       2.5   7.1e+02   -1.8   0.2   362   445   634   720   627   751 0.48 # 1031 # 3559 # 1 # ID=810_3;partial=00;start_type=ATG;rbs_motif=GGA/GAG/AGG;rbs_spacer=5-10bp;gc_cont=0.274
Ga0485799_0810_3     -            843 13565at2157          -            478   0.00063   18.2   0.2   2   2   2.2e-06   0.00063   18.2   0.2    34    99   735   801   719   816 0.79 # 1031 # 3559 # 1 # ID=810_3;partial=00;start_type=ATG;rbs_motif=GGA/GAG/AGG;rbs_spacer=5-10bp;gc_cont=0.274
Ga0485799_0082_12    -           1737 13565at2157          -            478   0.00089   17.7   0.0   1   1   7.7e-06    0.0022   16.4   0.0    33   106  1627  1699  1622  1717 0.82 # 15977 # 21187 # 1 # ID=82_12;partial=00;start_type=ATG;rbs_motif=GGA/GAG/AGG;rbs_spacer=5-10bp;gc_cont=0.421
Ga0485799_0082_8     -            623 13565at2157          -            478   0.00091   17.7   0.0   1   2       4.6   1.3e+03   -2.6   0.0   408   456   139   188   126   203 0.67 # 10326 # 12194 # 1 # ID=82_8;partial=00;start_type=GTG;rbs_motif=None;rbs_spacer=None;gc_cont=0.426
Ga0485799_0082_8     -            623 13565at2157          -            478   0.00091   17.7   0.0   2   2   1.1e-05    0.0031   15.9   0.0    34    97   514   579   508   604 0.83 # 10326 # 12194 # 1 # ID=82_8;partial=00;start_type=GTG;rbs_motif=None;rbs_spacer=None;gc_cont=0.426
Ga0485799_0645_2     -            614 13565at2157          -            478   0.00097   17.6   0.1   1   1   6.1e-06    0.0017   16.7   0.1    37    83    32    74    30    87 0.81 # 489 # 2330 # 1 # ID=645_2;partial=00;start_type=ATG;rbs_motif=GGA/GAG/AGG;rbs_spacer=11-12bp;gc_cont=0.456
Ga0485799_0195_7     -            110 13565at2157          -            478     0.001   17.5   0.0   1   1   3.6e-06     0.001   17.5   0.0    41    89     6    56     1   103 0.78 # 3049 # 3378 # -1 # ID=195_7;partial=00;start_type=TTG;rbs_motif=None;rbs_spacer=None;gc_cont=0.403
Ga0485799_0164_12    -            396 13565at2157          -            478    0.0016   16.9   0.0   1   1   1.4e-05    0.0039   15.6   0.0    33   105   289   360   285   377 0.77 # 21423 # 22610 # 1 # ID=164_12;partial=00;start_type=ATG;rbs_motif=GGAGG;rbs_spacer=5-10bp;gc_cont=0.391
Ga0485799_1215_3     -            234 13565at2157          -            478    0.0016   16.9   0.2   1   1   7.8e-06    0.0022   16.4   0.2    33   115   115   195   112   228 0.74 # 811 # 1512 # -1 # ID=1215_3;partial=01;start_type=Edge;rbs_motif=None;rbs_spacer=None;gc_cont=0.283
Ga0485799_1142_2     -            300 13565at2157          -            478    0.0016   16.8   0.7   1   2      0.67   1.9e+02    0.1   0.9   396   447    50   103    23   137 0.52 # 708 # 1607 # -1 # ID=1142_2;partial=00;start_type=TTG;rbs_motif=None;rbs_spacer=None;gc_cont=0.287
Ga0485799_1142_2     -            300 13565at2157          -            478    0.0016   16.8   0.7   2   2   5.8e-06    0.0016   16.8   0.7    36    89   192   248   178   269 0.76 # 708 # 1607 # -1 # ID=1142_2;partial=00;start_type=TTG;rbs_motif=None;rbs_spacer=None;gc_cont=0.287
Ga0485799_0218_8     -            359 13565at2157          -            478    0.0017   16.8   0.0   1   1   1.1e-05    0.0031   15.9   0.0    30   104   245   321   241   333 0.80 # 13035 # 14111 # -1 # ID=218_8;partial=00;start_type=ATG;rbs_motif=GGA/GAG/AGG;rbs_spacer=11-12bp;gc_cont=0.459
Ga0485799_0455_8     -            614 13565at2157          -            478    0.0022   16.4   1.0   1   2       4.4   1.3e+03   -2.6   0.2   402   442   247   288   230   341 0.44 # 6942 # 8783 # -1 # ID=455_8;partial=00;start_type=ATG;rbs_motif=None;rbs_spacer=None;gc_cont=0.307
Ga0485799_0455_8     -            614 13565at2157          -            478    0.0022   16.4   1.0   2   2   1.3e-05    0.0037   15.7   0.0    40    92   515   571   507   595 0.71 # 6942 # 8783 # -1 # ID=455_8;partial=00;start_type=ATG;rbs_motif=None;rbs_spacer=None;gc_cont=0.307
Ga0485799_0054_20    -            446 13565at2157          -            478    0.0022   16.4   0.0   1   1   1.2e-05    0.0035   15.7   0.0    33   110   344   418   329   425 0.75 # 27211 # 28548 # -1 # ID=54_20;partial=00;start_type=ATG;rbs_motif=GGA/GAG/AGG;rbs_spacer=5-10bp;gc_cont=0.484
Ga0485799_0094_20    -            287 13565at2157          -            478    0.0025   16.2   0.8   1   2       2.9   8.1e+02   -1.9   0.1   425   459    96   129    55   147 0.46 # 21415 # 22275 # 1 # ID=94_20;partial=00;start_type=ATG;rbs_motif=None;rbs_spacer=None;gc_cont=0.353
Ga0485799_0094_20    -            287 13565at2157          -            478    0.0025   16.2   0.8   2   2   1.4e-05     0.004   15.5   0.1    36    91   164   223   157   243 0.79 # 21415 # 22275 # 1 # ID=94_20;partial=00;start_type=ATG;rbs_motif=None;rbs_spacer=None;gc_cont=0.353
Ga0485799_0309_11    -            247 13565at2157          -            478    0.0034   15.8   2.4   1   2      0.43   1.2e+02    0.8   0.1   177   238    18    79    14   122 0.70 # 9942 # 10682 # 1 # ID=309_11;partial=00;start_type=ATG;rbs_motif=AGGA/GGAG/GAGG;rbs_spacer=11-12bp;gc_cont=0.283
Ga0485799_0309_11    -            247 13565at2157          -            478    0.0034   15.8   2.4   2   2   2.3e-05    0.0064   14.9   0.5    29    95   126   195   108   210 0.75 # 9942 # 10682 # 1 # ID=309_11;partial=00;start_type=ATG;rbs_motif=AGGA/GGAG/GAGG;rbs_spacer=11-12bp;gc_cont=0.283
Ga0485799_0301_5     -            628 13565at2157          -            478    0.0038   15.6   0.1   1   1   2.2e-05    0.0062   14.9   0.1    39   105    37   109    33   128 0.76 # 5384 # 7267 # 1 # ID=301_5;partial=00;start_type=ATG;rbs_motif=GGA/GAG/AGG;rbs_spacer=5-10bp;gc_cont=0.468
Ga0485799_0455_5     -            546 13565at2157          -            478    0.0044   15.4   0.0   1   1   3.7e-05     0.011   14.2   0.0    34   109   431   505   425   513 0.79 # 4167 # 5804 # 1 # ID=455_5;partial=00;start_type=ATG;rbs_motif=AGGA;rbs_spacer=5-10bp;gc_cont=0.315
Ga0485799_0079_22    -            471 13565at2157          -            478    0.0045   15.4   0.0   1   1   2.6e-05    0.0073   14.7   0.0    30   117   337   422   335   428 0.80 # 21176 # 22588 # -1 # ID=79_22;partial=00;start_type=ATG;rbs_motif=None;rbs_spacer=None;gc_cont=0.425
Ga0485799_1006_1     -            384 13565at2157          -            478    0.0049   15.3   1.0   1   2       2.2   6.3e+02   -1.6   0.2   421   441   209   228   137   264 0.60 # 3 # 1154 # 1 # ID=1006_1;partial=10;start_type=Edge;rbs_motif=None;rbs_spacer=None;gc_cont=0.295
Ga0485799_1006_1     -            384 13565at2157          -            478    0.0049   15.3   1.0   2   2   3.2e-05     0.009   14.4   0.1    63    91   307   335   290   356 0.71 # 3 # 1154 # 1 # ID=1006_1;partial=10;start_type=Edge;rbs_motif=None;rbs_spacer=None;gc_cont=0.295
Ga0485799_0209_3     -            758 13565at2157          -            478    0.0053   15.1   0.1   1   2         5   1.4e+03   -2.7   0.0   388   436   416   466   402   499 0.56 # 2098 # 4371 # 1 # ID=209_3;partial=00;start_type=ATG;rbs_motif=None;rbs_spacer=None;gc_cont=0.409
Ga0485799_0209_3     -            758 13565at2157          -            478    0.0053   15.1   0.1   2   2   5.5e-05     0.015   13.6   0.0    41    88   663   709   655   723 0.88 # 2098 # 4371 # 1 # ID=209_3;partial=00;start_type=ATG;rbs_motif=None;rbs_spacer=None;gc_cont=0.409
Ga0485799_0529_10    -            570 13565at2157          -            478    0.0056   15.1   0.5   1   1   4.2e-05     0.012   14.0   0.5    20    92   446   519   444   539 0.77 # 5555 # 7264 # 1 # ID=529_10;partial=00;start_type=ATG;rbs_motif=GGAG/GAGG;rbs_spacer=5-10bp;gc_cont=0.291
Ga0485799_0514_2     -            267 13565at2157          -            478    0.0064   14.9   2.1   1   2      0.88   2.5e+02   -0.3   0.4   407   449    35    78    16   149 0.54 # 326 # 1126 # 1 # ID=514_2;partial=00;start_type=ATG;rbs_motif=GGA/GAG/AGG;rbs_spacer=5-10bp;gc_cont=0.298
Ga0485799_0514_2     -            267 13565at2157          -            478    0.0064   14.9   2.1   2   2   2.9e-05    0.0083   14.5   0.1    36    87   162   216   157   237 0.78 # 326 # 1126 # 1 # ID=514_2;partial=00;start_type=ATG;rbs_motif=GGA/GAG/AGG;rbs_spacer=5-10bp;gc_cont=0.298
Ga0485799_0482_1     -            554 13565at2157          -            478    0.0069   14.8   0.4   1   2       3.2     9e+02   -2.1   0.4   202   244   277   315   250   360 0.46 # 2 # 1663 # 1 # ID=482_1;partial=10;start_type=Edge;rbs_motif=None;rbs_spacer=None;gc_cont=0.285
Ga0485799_0482_1     -            554 13565at2157          -            478    0.0069   14.8   0.4   2   2   2.5e-05    0.0069   14.8   0.4    33   126   438   529   433   551 0.70 # 2 # 1663 # 1 # ID=482_1;partial=10;start_type=Edge;rbs_motif=None;rbs_spacer=None;gc_cont=0.285
Ga0485799_0985_2     -            424 13565at2157          -            478    0.0096   14.3   0.0   1   1   6.3e-05     0.018   13.4   0.0    34   119   322   405   316   409 0.76 # 978 # 2249 # 1 # ID=985_2;partial=00;start_type=ATG;rbs_motif=None;rbs_spacer=None;gc_cont=0.476
Ga0485799_0697_2     -            573 13565at2157          -            478     0.011   14.1   1.9   1   2       1.4     4e+02   -0.9   0.4   390   428   283   320   265   401 0.48 # 471 # 2189 # 1 # ID=697_2;partial=00;start_type=ATG;rbs_motif=AGGA/GGAG/GAGG;rbs_spacer=11-12bp;gc_cont=0.400
Ga0485799_0697_2     -            573 13565at2157          -            478     0.011   14.1   1.9   2   2   5.8e-05     0.016   13.5   0.1    39   102   475   537   467   552 0.80 # 471 # 2189 # 1 # ID=697_2;partial=00;start_type=ATG;rbs_motif=AGGA/GGAG/GAGG;rbs_spacer=11-12bp;gc_cont=0.400
Ga0485799_0142_25    -            747 13565at2157          -            478     0.014   13.7   0.3   1   2       3.2     9e+02   -2.1   0.0   156   186   422   452   351   461 0.69 # 22567 # 24807 # -1 # ID=142_25;partial=00;start_type=ATG;rbs_motif=GGA/GAG/AGG;rbs_spacer=5-10bp;gc_cont=0.292
Ga0485799_0142_25    -            747 13565at2157          -            478     0.014   13.7   0.3   2   2   0.00019     0.054   11.8   0.1    34   109   639   712   634   734 0.71 # 22567 # 24807 # -1 # ID=142_25;partial=00;start_type=ATG;rbs_motif=GGA/GAG/AGG;rbs_spacer=5-10bp;gc_cont=0.292
Ga0485799_1621_1     -            156 13565at2157          -            478     0.015   13.7   0.6   1   2      0.91   2.6e+02   -0.3   0.0   215   253    15    55     6    71 0.67 # 360 # 827 # -1 # ID=1621_1;partial=01;start_type=Edge;rbs_motif=None;rbs_spacer=None;gc_cont=0.303
Ga0485799_1621_1     -            156 13565at2157          -            478     0.015   13.7   0.6   2   2   0.00012     0.035   12.4   0.2    57    92    76   111    59   134 0.77 # 360 # 827 # -1 # ID=1621_1;partial=01;start_type=Edge;rbs_motif=None;rbs_spacer=None;gc_cont=0.303
Ga0485799_1107_2     -            273 13565at2157          -            478     0.018   13.4   0.9   1   2       1.1   3.2e+02   -0.6   0.1   184   227    54    97     8   141 0.62 # 1037 # 1855 # -1 # ID=1107_2;partial=01;start_type=Edge;rbs_motif=None;rbs_spacer=None;gc_cont=0.309
Ga0485799_1107_2     -            273 13565at2157          -            478     0.018   13.4   0.9   2   2   0.00014     0.039   12.3   0.1    40   121   165   244   152   267 0.64 # 1037 # 1855 # -1 # ID=1107_2;partial=01;start_type=Edge;rbs_motif=None;rbs_spacer=None;gc_cont=0.309
Ga0485799_1959_1     -            191 13565at2157          -            478      0.02   13.2   0.3   1   1   0.00012     0.033   12.5   0.3    33    87   114   167   109   169 0.87 # 1 # 573 # -1 # ID=1959_1;partial=11;start_type=Edge;rbs_motif=None;rbs_spacer=None;gc_cont=0.379
Ga0485799_0022_51    -            366 13565at2157          -            478     0.027   12.8   0.0   1   1    0.0002     0.058   11.7   0.0    32    87   257   311   254   332 0.86 # 66362 # 67459 # 1 # ID=22_51;partial=00;start_type=ATG;rbs_motif=None;rbs_spacer=None;gc_cont=0.415
Ga0485799_0333_11    -             93 13565at2157          -            478     0.038   12.3   0.2   1   1   0.00013     0.037   12.4   0.2   393   455    11    78     1    91 0.78 # 13466 # 13744 # 1 # ID=333_11;partial=00;start_type=ATG;rbs_motif=None;rbs_spacer=None;gc_cont=0.423
Ga0485799_0445_3     -            635 13565at2157          -            478      0.04   12.2   2.3   1   2       4.6   1.3e+03   -2.6   0.1   258   285   426   453   384   476 0.50 # 4901 # 6805 # 1 # ID=445_3;partial=00;start_type=ATG;rbs_motif=GGA/GAG/AGG;rbs_spacer=5-10bp;gc_cont=0.282
Ga0485799_0445_3     -            635 13565at2157          -            478      0.04   12.2   2.3   2   2   0.00015     0.042   12.2   0.4    33    91   520   581   511   613 0.78 # 4901 # 6805 # 1 # ID=445_3;partial=00;start_type=ATG;rbs_motif=GGA/GAG/AGG;rbs_spacer=5-10bp;gc_cont=0.282
Ga0485799_0298_17    -            311 13565at2157          -            478     0.047   12.0   0.2   1   2       1.1     3e+02   -0.5   0.7   425   450    34    61     4   127 0.50 # 14551 # 15483 # -1 # ID=298_17;partial=01;start_type=Edge;rbs_motif=None;rbs_spacer=None;gc_cont=0.284
Ga0485799_0298_17    -            311 13565at2157          -            478     0.047   12.0   0.2   2   2   0.00017     0.047   12.0   0.2    23    96   179   252   173   271 0.77 # 14551 # 15483 # -1 # ID=298_17;partial=01;start_type=Edge;rbs_motif=None;rbs_spacer=None;gc_cont=0.284
Ga0485799_0612_7     -             75 13565at2157          -            478     0.049   12.0   0.0   1   1   0.00017     0.049   12.0   0.0    66   125     4    61     1    69 0.83 # 5967 # 6191 # -1 # ID=612_7;partial=01;start_type=Edge;rbs_motif=None;rbs_spacer=None;gc_cont=0.280
Ga0485799_0011_78    -            598 13565at2157          -            478     0.049   12.0   0.0   1   1   0.00036       0.1   10.9   0.0    39    88   500   548   492   565 0.87 # 74748 # 76541 # 1 # ID=11_78;partial=00;start_type=ATG;rbs_motif=None;rbs_spacer=None;gc_cont=0.405
Ga0485799_0083_4     -           1109 13565at2157          -            478     0.051   11.9   0.8   1   2   0.00028     0.078   11.3   0.1    33    90   453   508   448   538 0.81 # 5811 # 9137 # -1 # ID=83_4;partial=00;start_type=ATG;rbs_motif=AGGA/GGAG/GAGG;rbs_spacer=11-12bp;gc_cont=0.437
Ga0485799_0083_4     -           1109 13565at2157          -            478     0.051   11.9   0.8   2   2       6.5   1.8e+03   -3.1   0.1   170   205   825   860   824   870 0.77 # 5811 # 9137 # -1 # ID=83_4;partial=00;start_type=ATG;rbs_motif=AGGA/GGAG/GAGG;rbs_spacer=11-12bp;gc_cont=0.437
Ga0485799_0105_9     -            485 13565at2157          -            478     0.051   11.9   0.6   1   2       2.2   6.1e+02   -1.5   0.3   404   449    86   133    64   168 0.60 # 14000 # 15454 # -1 # ID=105_9;partial=00;start_type=ATG;rbs_motif=GGAG/GAGG;rbs_spacer=5-10bp;gc_cont=0.438
Ga0485799_0105_9     -            485 13565at2157          -            478     0.051   11.9   0.6   2   2   0.00044      0.12   10.6   0.0    68    97   407   436   373   449 0.83 # 14000 # 15454 # -1 # ID=105_9;partial=00;start_type=ATG;rbs_motif=GGAG/GAGG;rbs_spacer=5-10bp;gc_cont=0.438
Ga0485799_1891_1     -            203 13565at2157          -            478     0.055   11.8   0.0   1   1   0.00024     0.069   11.5   0.0    32    88    17    74    14   114 0.84 # 3 # 611 # 1 # ID=1891_1;partial=11;start_type=Edge;rbs_motif=None;rbs_spacer=None;gc_cont=0.430
Ga0485799_0097_28    -            646 13565at2157          -            478     0.057   11.7   0.2   1   2   0.00058      0.16   10.2   0.0    52    90    62   100    34   129 0.84 # 26410 # 28347 # -1 # ID=97_28;partial=00;start_type=ATG;rbs_motif=AGGAG;rbs_spacer=5-10bp;gc_cont=0.455
Ga0485799_0097_28    -            646 13565at2157          -            478     0.057   11.7   0.2   2   2       2.7   7.5e+02   -1.9   0.0   131   206   166   240   160   330 0.79 # 26410 # 28347 # -1 # ID=97_28;partial=00;start_type=ATG;rbs_motif=AGGAG;rbs_spacer=5-10bp;gc_cont=0.455
Ga0485799_0444_6     -            741 13565at2157          -            478     0.058   11.7   0.6   1   2       5.4   1.5e+03   -2.9   0.1   223   410   250   268   228   315 0.45 # 5685 # 7907 # 1 # ID=444_6;partial=00;start_type=ATG;rbs_motif=GGA/GAG/AGG;rbs_spacer=5-10bp;gc_cont=0.424
Ga0485799_0444_6     -            741 13565at2157          -            478     0.058   11.7   0.6   2   2    0.0004      0.11   10.8   0.0    36   107   394   462   389   481 0.72 # 5685 # 7907 # 1 # ID=444_6;partial=00;start_type=ATG;rbs_motif=GGA/GAG/AGG;rbs_spacer=5-10bp;gc_cont=0.424
Ga0485799_0632_4     -            224 13565at2157          -            478     0.072   11.4   0.4   1   1   0.00041      0.12   10.7   0.4    34    87   117   169   112   171 0.87 # 5011 # 5682 # -1 # ID=632_4;partial=01;start_type=Edge;rbs_motif=None;rbs_spacer=None;gc_cont=0.388
Ga0485799_0559_1     -           1020 13565at2157          -            478       0.1   10.9   0.0   1   1   0.00061      0.17   10.2   0.0    30    88   683   741   681   785 0.84 # 270 # 3329 # -1 # ID=559_1;partial=00;start_type=ATG;rbs_motif=None;rbs_spacer=None;gc_cont=0.392
Ga0485799_1709_2     -            193 13565at2157          -            478      0.12   10.7   0.7   1   2     0.099        28    2.9   0.1   174   220     5    51     3    79 0.87 # 170 # 748 # -1 # ID=1709_2;partial=01;start_type=Edge;rbs_motif=None;rbs_spacer=None;gc_cont=0.301
Ga0485799_1709_2     -            193 13565at2157          -            478      0.12   10.7   0.7   2   2    0.0087       2.5    6.4   0.1    37    80   108   151   105   163 0.92 # 170 # 748 # -1 # ID=1709_2;partial=01;start_type=Edge;rbs_motif=None;rbs_spacer=None;gc_cont=0.301
Ga0485799_0083_3     -           1224 13565at2157          -            478      0.14   10.4   1.1   1   2   0.00058      0.16   10.2   0.1    33    88   567   620   562   643 0.84 # 1328 # 4999 # -1 # ID=83_3;partial=00;start_type=ATG;rbs_motif=AGGAG;rbs_spacer=5-10bp;gc_cont=0.437
Ga0485799_0083_3     -           1224 13565at2157          -            478      0.14   10.4   1.1   2   2       9.9   2.8e+03   -3.7   0.1   170   205   943   978   943   989 0.72 # 1328 # 4999 # -1 # ID=83_3;partial=00;start_type=ATG;rbs_motif=AGGAG;rbs_spacer=5-10bp;gc_cont=0.437
Ga0485799_0449_9     -             95 13565at2157          -            478      0.16   10.3   0.0   1   1   0.00061      0.17   10.2   0.0    41    87    16    63     8    76 0.74 # 8404 # 8688 # -1 # ID=449_9;partial=00;start_type=ATG;rbs_motif=GGAG/GAGG;rbs_spacer=5-10bp;gc_cont=0.435
Ga0485799_0037_4     -            113 13565at2157          -            478      0.16   10.2   0.0   1   1   0.00062      0.17   10.1   0.0    31    80    30    79    28   111 0.83 # 3727 # 4065 # 1 # ID=37_4;partial=00;start_type=ATG;rbs_motif=AGGA;rbs_spacer=5-10bp;gc_cont=0.392
Ga0485799_0413_2     -            476 13565at2157          -            478      0.28    9.5   4.4   1   2      0.85   2.4e+02   -0.2   0.6   394   450   132   191   111   226 0.53 # 1080 # 2507 # 1 # ID=413_2;partial=00;start_type=ATG;rbs_motif=None;rbs_spacer=None;gc_cont=0.380
Ga0485799_0413_2     -            476 13565at2157          -            478      0.28    9.5   4.4   2   2   0.00052      0.15   10.4   0.1    37    92   371   425   366   440 0.84 # 1080 # 2507 # 1 # ID=413_2;partial=00;start_type=ATG;rbs_motif=None;rbs_spacer=None;gc_cont=0.380
#
# Program:         hmmsearch
# Version:         3.1b2 (February 2015)
# Pipeline mode:   SEARCH
# Query file:      /home/mira/Bacteria2022/Thiomargarita_magnifica/qc_assembly/busco_article/busco_downloads/lineages/archaea_odb10/hmms/13565at2157.hmm
# Target file:     /home/mira/Bacteria2022/Thiomargarita_magnifica/qc_assembly/busco_article/busco_article/prodigal_output/predicted_genes/predicted.faa
# Option settings: hmmsearch --domtblout /home/mira/Bacteria2022/Thiomargarita_magnifica/qc_assembly/busco_article/busco_article/auto_lineage/run_archaea_odb10/hmmer_output/13565at2157.out --cpu 1 /home/mira/Bacteria2022/Thiomargarita_magnifica/qc_assembly/busco_article/busco_downloads/lineages/archaea_odb10/hmms/13565at2157.hmm /home/mira/Bacteria2022/Thiomargarita_magnifica/qc_assembly/busco_article/busco_article/prodigal_output/predicted_genes/predicted.faa 
# Current dir:     /home/mira/Bacteria2022/Thiomargarita_magnifica/qc_assembly/busco_article
# Date:            Wed Jul 13 13:04:27 2022
# [ok]
