#                                                                            --- full sequence --- -------------- this domain -------------   hmm coord   ali coord   env coord
# target name        accession   tlen query name           accession   qlen   E-value  score  bias   #  of  c-Evalue  i-Evalue  score  bias  from    to  from    to  from    to  acc description of target
#------------------- ---------- ----- -------------------- ---------- ----- --------- ------ ----- --- --- --------- --------- ------ ----- ----- ----- ----- ----- ----- ----- ---- ---------------------
Ga0485799_0229_15    -            544 14061at2157          -            452  5.8e-175  582.3   0.0   1   3  2.3e-111    4e-108  362.0   0.0     1   253     1   263     1   268 0.94 # 17122 # 18753 # -1 # ID=229_15;partial=00;start_type=ATG;rbs_motif=None;rbs_spacer=None;gc_cont=0.446
Ga0485799_0229_15    -            544 14061at2157          -            452  5.8e-175  582.3   0.0   2   3   2.4e-08   4.1e-05   22.5   0.1   250   285   286   323   275   332 0.83 # 17122 # 18753 # -1 # ID=229_15;partial=00;start_type=ATG;rbs_motif=None;rbs_spacer=None;gc_cont=0.446
Ga0485799_0229_15    -            544 14061at2157          -            452  5.8e-175  582.3   0.0   3   3   1.4e-60   2.5e-57  194.6   0.0   272   452   331   533   322   533 0.85 # 17122 # 18753 # -1 # ID=229_15;partial=00;start_type=ATG;rbs_motif=None;rbs_spacer=None;gc_cont=0.446
Ga0485799_0596_4     -            539 14061at2157          -            452  1.6e-164  547.9   1.2   1   1  3.5e-163  6.1e-160  532.8   1.2     1   452     1   533     1   533 0.85 # 3473 # 5089 # -1 # ID=596_4;partial=00;start_type=ATG;rbs_motif=AGGA;rbs_spacer=5-10bp;gc_cont=0.342
Ga0485799_0071_17    -            373 14061at2157          -            452    0.0034   16.2   0.0   1   2   5.1e-06    0.0088   14.8   0.0   285   330   231   277   213   303 0.77 # 24363 # 25481 # -1 # ID=71_17;partial=00;start_type=ATG;rbs_motif=None;rbs_spacer=None;gc_cont=0.448
Ga0485799_0071_17    -            373 14061at2157          -            452    0.0034   16.2   0.0   2   2      0.61     1e+03   -1.9   0.0   426   451   344   369   332   370 0.88 # 24363 # 25481 # -1 # ID=71_17;partial=00;start_type=ATG;rbs_motif=None;rbs_spacer=None;gc_cont=0.448
Ga0485799_1344_1     -            198 14061at2157          -            452    0.0058   15.4   0.6   1   2   9.3e-05      0.16   10.6   0.0   306   325    67    86    38    95 0.84 # 2 # 595 # -1 # ID=1344_1;partial=10;start_type=ATG;rbs_motif=GGA/GAG/AGG;rbs_spacer=11-12bp;gc_cont=0.290
Ga0485799_1344_1     -            198 14061at2157          -            452    0.0058   15.4   0.6   2   2     0.016        27    3.3   0.3   389   437   143   190   120   196 0.69 # 2 # 595 # -1 # ID=1344_1;partial=10;start_type=ATG;rbs_motif=GGA/GAG/AGG;rbs_spacer=11-12bp;gc_cont=0.290
Ga0485799_0399_9     -            210 14061at2157          -            452    0.0095   14.7   0.1   1   2   2.7e-05     0.047   12.4   0.0   299   325    64    89    29    96 0.80 # 6302 # 6931 # -1 # ID=399_9;partial=00;start_type=ATG;rbs_motif=AGGA;rbs_spacer=5-10bp;gc_cont=0.470
Ga0485799_0399_9     -            210 14061at2157          -            452    0.0095   14.7   0.1   2   2      0.16   2.8e+02   -0.1   0.0   396   437   155   196   144   202 0.66 # 6302 # 6931 # -1 # ID=399_9;partial=00;start_type=ATG;rbs_motif=AGGA;rbs_spacer=5-10bp;gc_cont=0.470
Ga0485799_0196_15    -            523 14061at2157          -            452     0.011   14.5   0.1   1   2   0.00048      0.82    8.3   0.0   306   335    71   100    42   107 0.78 # 17463 # 19031 # -1 # ID=196_15;partial=00;start_type=ATG;rbs_motif=None;rbs_spacer=None;gc_cont=0.460
Ga0485799_0196_15    -            523 14061at2157          -            452     0.011   14.5   0.1   2   2     0.011        18    3.8   0.0   403   440   150   187   141   198 0.80 # 17463 # 19031 # -1 # ID=196_15;partial=00;start_type=ATG;rbs_motif=None;rbs_spacer=None;gc_cont=0.460
Ga0485799_0843_2     -            373 14061at2157          -            452     0.014   14.1   0.1   1   2   2.9e-05      0.05   12.3   0.0   303   358   253   308   236   318 0.82 # 578 # 1696 # 1 # ID=843_2;partial=00;start_type=ATG;rbs_motif=AGGA;rbs_spacer=5-10bp;gc_cont=0.319
Ga0485799_0843_2     -            373 14061at2157          -            452     0.014   14.1   0.1   2   2      0.32   5.5e+02   -1.0   0.0   424   450   342   368   309   370 0.78 # 578 # 1696 # 1 # ID=843_2;partial=00;start_type=ATG;rbs_motif=AGGA;rbs_spacer=5-10bp;gc_cont=0.319
Ga0485799_0895_1     -            204 14061at2157          -            452     0.039   12.7   0.0   1   1   3.2e-05     0.054   12.2   0.0   297   325    57    85    36    93 0.88 # 224 # 835 # 1 # ID=895_1;partial=00;start_type=TTG;rbs_motif=GGAGG;rbs_spacer=5-10bp;gc_cont=0.327
Ga0485799_0087_11    -            191 14061at2157          -            452     0.054   12.2   0.1   1   2   0.00018      0.32    9.7   0.0   285   332    45    92    30   108 0.72 # 12949 # 13521 # 1 # ID=87_11;partial=00;start_type=ATG;rbs_motif=GGAGG;rbs_spacer=5-10bp;gc_cont=0.455
Ga0485799_0087_11    -            191 14061at2157          -            452     0.054   12.2   0.1   2   2      0.11   1.9e+02    0.5   0.0   414   436   153   175   125   189 0.64 # 12949 # 13521 # 1 # ID=87_11;partial=00;start_type=ATG;rbs_motif=GGAGG;rbs_spacer=5-10bp;gc_cont=0.455
#
# Program:         hmmsearch
# Version:         3.1b2 (February 2015)
# Pipeline mode:   SEARCH
# Query file:      /home/mira/Bacteria2022/Thiomargarita_magnifica/qc_assembly/busco_article/busco_downloads/lineages/archaea_odb10/hmms/14061at2157.hmm
# Target file:     /home/mira/Bacteria2022/Thiomargarita_magnifica/qc_assembly/busco_article/busco_article/prodigal_output/predicted_genes/predicted.faa
# Option settings: hmmsearch --domtblout /home/mira/Bacteria2022/Thiomargarita_magnifica/qc_assembly/busco_article/busco_article/auto_lineage/run_archaea_odb10/hmmer_output/14061at2157.out --cpu 1 /home/mira/Bacteria2022/Thiomargarita_magnifica/qc_assembly/busco_article/busco_downloads/lineages/archaea_odb10/hmms/14061at2157.hmm /home/mira/Bacteria2022/Thiomargarita_magnifica/qc_assembly/busco_article/busco_article/prodigal_output/predicted_genes/predicted.faa 
# Current dir:     /home/mira/Bacteria2022/Thiomargarita_magnifica/qc_assembly/busco_article
# Date:            Wed Jul 13 13:04:28 2022
# [ok]
