#                                                                            --- full sequence --- -------------- this domain -------------   hmm coord   ali coord   env coord
# target name        accession   tlen query name           accession   qlen   E-value  score  bias   #  of  c-Evalue  i-Evalue  score  bias  from    to  from    to  from    to  acc description of target
#------------------- ---------- ----- -------------------- ---------- ----- --------- ------ ----- --- --- --------- --------- ------ ----- ----- ----- ----- ----- ----- ----- ---- ---------------------
Ga0485799_0254_12    -            570 14454at2157          -            352   7.1e-31  107.1   0.0   1   2   1.2e-15   3.1e-12   45.8   0.1    16   151    37   177    23   187 0.84 # 11049 # 12758 # -1 # ID=254_12;partial=00;start_type=ATG;rbs_motif=GGA/GAG/AGG;rbs_spacer=5-10bp;gc_cont=0.478
Ga0485799_0254_12    -            570 14454at2157          -            352   7.1e-31  107.1   0.0   2   2   9.6e-20   2.5e-16   59.2   0.0   179   320   400   552   394   568 0.80 # 11049 # 12758 # -1 # ID=254_12;partial=00;start_type=ATG;rbs_motif=GGA/GAG/AGG;rbs_spacer=5-10bp;gc_cont=0.478
Ga0485799_0562_6     -            567 14454at2157          -            352   2.3e-26   92.2   0.1   1   2   8.8e-15   2.3e-11   42.9   0.0    27   151    55   177    28   183 0.84 # 5386 # 7086 # 1 # ID=562_6;partial=00;start_type=ATG;rbs_motif=AGGA;rbs_spacer=5-10bp;gc_cont=0.335
Ga0485799_0562_6     -            567 14454at2157          -            352   2.3e-26   92.2   0.1   2   2   4.8e-16   1.2e-12   47.1   0.0   182   319   403   550   399   559 0.81 # 5386 # 7086 # 1 # ID=562_6;partial=00;start_type=ATG;rbs_motif=AGGA;rbs_spacer=5-10bp;gc_cont=0.335
Ga0485799_0423_3     -            659 14454at2157          -            352   3.4e-15   55.5   0.0   1   2   2.2e-09   5.7e-06   25.2   0.0    15   149   271   403   259   414 0.75 # 834 # 2810 # 1 # ID=423_3;partial=00;start_type=ATG;rbs_motif=None;rbs_spacer=None;gc_cont=0.452
Ga0485799_0423_3     -            659 14454at2157          -            352   3.4e-15   55.5   0.0   2   2   2.8e-10   7.3e-07   28.1   0.0   168   315   463   616   457   631 0.85 # 834 # 2810 # 1 # ID=423_3;partial=00;start_type=ATG;rbs_motif=None;rbs_spacer=None;gc_cont=0.452
Ga0485799_0281_12    -            637 14454at2157          -            352   6.3e-14   51.3   0.0   1   2   1.3e-09   3.3e-06   26.0   0.0    16   148   269   397   260   407 0.77 # 10839 # 12749 # 1 # ID=281_12;partial=00;start_type=ATG;rbs_motif=None;rbs_spacer=None;gc_cont=0.450
Ga0485799_0281_12    -            637 14454at2157          -            352   6.3e-14   51.3   0.0   2   2   9.4e-09   2.4e-05   23.1   0.0   221   315   519   612   503   626 0.81 # 10839 # 12749 # 1 # ID=281_12;partial=00;start_type=ATG;rbs_motif=None;rbs_spacer=None;gc_cont=0.450
Ga0485799_0749_3     -            610 14454at2157          -            352   3.9e-09   35.6   0.1   1   2   1.6e-06     0.004   15.8   0.0    97   137   320   360   309   378 0.84 # 1162 # 2991 # -1 # ID=749_3;partial=00;start_type=TTG;rbs_motif=AGGA;rbs_spacer=5-10bp;gc_cont=0.338
Ga0485799_0749_3     -            610 14454at2157          -            352   3.9e-09   35.6   0.1   2   2   4.8e-07    0.0012   17.5   0.0   168   320   431   589   425   607 0.71 # 1162 # 2991 # -1 # ID=749_3;partial=00;start_type=TTG;rbs_motif=AGGA;rbs_spacer=5-10bp;gc_cont=0.338
Ga0485799_2084_1     -            176 14454at2157          -            352   0.00043   19.0   0.0   1   1   2.2e-07   0.00057   18.6   0.0    97   138    43    84    33   104 0.83 # 3 # 530 # -1 # ID=2084_1;partial=11;start_type=Edge;rbs_motif=None;rbs_spacer=None;gc_cont=0.320
#
# Program:         hmmsearch
# Version:         3.1b2 (February 2015)
# Pipeline mode:   SEARCH
# Query file:      /home/mira/Bacteria2022/Thiomargarita_magnifica/qc_assembly/busco_article/busco_downloads/lineages/archaea_odb10/hmms/14454at2157.hmm
# Target file:     /home/mira/Bacteria2022/Thiomargarita_magnifica/qc_assembly/busco_article/busco_article/prodigal_output/predicted_genes/predicted.faa
# Option settings: hmmsearch --domtblout /home/mira/Bacteria2022/Thiomargarita_magnifica/qc_assembly/busco_article/busco_article/auto_lineage/run_archaea_odb10/hmmer_output/14454at2157.out --cpu 1 /home/mira/Bacteria2022/Thiomargarita_magnifica/qc_assembly/busco_article/busco_downloads/lineages/archaea_odb10/hmms/14454at2157.hmm /home/mira/Bacteria2022/Thiomargarita_magnifica/qc_assembly/busco_article/busco_article/prodigal_output/predicted_genes/predicted.faa 
# Current dir:     /home/mira/Bacteria2022/Thiomargarita_magnifica/qc_assembly/busco_article
# Date:            Wed Jul 13 13:04:28 2022
# [ok]
