#                                                                            --- full sequence --- -------------- this domain -------------   hmm coord   ali coord   env coord
# target name        accession   tlen query name           accession   qlen   E-value  score  bias   #  of  c-Evalue  i-Evalue  score  bias  from    to  from    to  from    to  acc description of target
#------------------- ---------- ----- -------------------- ---------- ----- --------- ------ ----- --- --- --------- --------- ------ ----- ----- ----- ----- ----- ----- ----- ---- ---------------------
Ga0485799_0173_6     -            619 14889at2157          -            529     9e-74  248.5  18.3   1   1     8e-74   8.3e-71  238.7  18.3    72   522    79   614     1   618 0.87 # 9101 # 10957 # -1 # ID=173_6;partial=00;start_type=ATG;rbs_motif=None;rbs_spacer=None;gc_cont=0.451
Ga0485799_0199_19    -            357 14889at2157          -            529     0.071   11.2   0.7   1   1   9.4e-05     0.097   10.8   0.7    61   116    44    98    17   100 0.82 # 19869 # 20939 # -1 # ID=199_19;partial=00;start_type=ATG;rbs_motif=GGAG/GAGG;rbs_spacer=5-10bp;gc_cont=0.477
Ga0485799_0009_2     -            782 14889at2157          -            529     0.082   11.0   3.2   1   2   0.00041      0.42    8.7   0.3    56   117   197   256   174   271 0.86 # 3500 # 5845 # -1 # ID=9_2;partial=00;start_type=ATG;rbs_motif=None;rbs_spacer=None;gc_cont=0.440
Ga0485799_0009_2     -            782 14889at2157          -            529     0.082   11.0   3.2   2   2     0.025        26    2.8   0.2    69   133   292   355   275   390 0.81 # 3500 # 5845 # -1 # ID=9_2;partial=00;start_type=ATG;rbs_motif=None;rbs_spacer=None;gc_cont=0.440
Ga0485799_0088_27    -             85 14889at2157          -            529      0.16   10.1   2.4   1   1   0.00017      0.18    9.9   2.4    80   130     6    55     2    74 0.81 # 30724 # 30978 # 1 # ID=88_27;partial=00;start_type=ATG;rbs_motif=GGAG/GAGG;rbs_spacer=5-10bp;gc_cont=0.373
Ga0485799_0290_3     -            476 14889at2157          -            529      0.28    9.3   0.3   1   1   0.00041      0.42    8.7   0.3   199   244    41    86    29    89 0.89 # 2210 # 3637 # 1 # ID=290_3;partial=00;start_type=ATG;rbs_motif=None;rbs_spacer=None;gc_cont=0.457
Ga0485799_0002_14    -            868 14889at2157          -            529      0.37    8.9   1.4   1   1   0.00062      0.64    8.1   1.4    62   123   439   499   421   528 0.74 # 18278 # 20881 # 1 # ID=2_14;partial=00;start_type=ATG;rbs_motif=AGGA;rbs_spacer=5-10bp;gc_cont=0.495
Ga0485799_0181_28    -            333 14889at2157          -            529      0.69    8.0   3.6   1   1    0.0012       1.3    7.1   3.6   419   477   236   292   227   309 0.66 # 23136 # 24134 # 1 # ID=181_28;partial=00;start_type=ATG;rbs_motif=None;rbs_spacer=None;gc_cont=0.580
Ga0485799_0063_11    -            449 14889at2157          -            529      0.98    7.5   4.1   1   1    0.0014       1.4    7.0   4.1   177   238   134   195   119   202 0.90 # 10948 # 12294 # -1 # ID=63_11;partial=00;start_type=ATG;rbs_motif=None;rbs_spacer=None;gc_cont=0.474
Ga0485799_0461_3     -            210 14889at2157          -            529       1.1    7.3  13.1   1   2   0.00061      0.63    8.1   1.4    76   118    82   125    71   130 0.86 # 4173 # 4802 # -1 # ID=461_3;partial=00;start_type=ATG;rbs_motif=AGGAG;rbs_spacer=5-10bp;gc_cont=0.470
Ga0485799_0461_3     -            210 14889at2157          -            529       1.1    7.3  13.1   2   2    0.0071       7.3    4.6   4.4    45   115   134   204   126   207 0.88 # 4173 # 4802 # -1 # ID=461_3;partial=00;start_type=ATG;rbs_motif=AGGAG;rbs_spacer=5-10bp;gc_cont=0.470
Ga0485799_0069_4     -            750 14889at2157          -            529       1.2    7.2  10.0   1   3     0.013        14    3.7   0.6   179   216   368   405   351   413 0.45 # 2375 # 4624 # -1 # ID=69_4;partial=00;start_type=ATG;rbs_motif=GGA/GAG/AGG;rbs_spacer=5-10bp;gc_cont=0.427
Ga0485799_0069_4     -            750 14889at2157          -            529       1.2    7.2  10.0   2   3    0.0004      0.42    8.7   0.8    75   132   460   517   443   522 0.83 # 2375 # 4624 # -1 # ID=69_4;partial=00;start_type=ATG;rbs_motif=GGA/GAG/AGG;rbs_spacer=5-10bp;gc_cont=0.427
Ga0485799_0069_4     -            750 14889at2157          -            529       1.2    7.2  10.0   3   3      0.51   5.2e+02   -1.5   0.1    80   109   527   556   516   570 0.48 # 2375 # 4624 # -1 # ID=69_4;partial=00;start_type=ATG;rbs_motif=GGA/GAG/AGG;rbs_spacer=5-10bp;gc_cont=0.427
Ga0485799_0002_120   -            328 14889at2157          -            529       1.5    6.9  11.7   1   2   0.00095      0.98    7.5   2.2   145   230    25   110     6   114 0.76 # 117135 # 118118 # 1 # ID=2_120;partial=00;start_type=ATG;rbs_motif=GGAGG;rbs_spacer=5-10bp;gc_cont=0.446
Ga0485799_0002_120   -            328 14889at2157          -            529       1.5    6.9  11.7   2   2    0.0076       7.9    4.5   3.4    64   144   109   186   101   206 0.62 # 117135 # 118118 # 1 # ID=2_120;partial=00;start_type=ATG;rbs_motif=GGAGG;rbs_spacer=5-10bp;gc_cont=0.446
Ga0485799_0004_103   -            209 14889at2157          -            529       3.6    5.6  10.6   1   2    0.0012       1.3    7.1   5.1    32   128    65   161    60   167 0.82 # 94650 # 95276 # -1 # ID=4_103;partial=00;start_type=ATG;rbs_motif=GGA/GAG/AGG;rbs_spacer=5-10bp;gc_cont=0.413
Ga0485799_0004_103   -            209 14889at2157          -            529       3.6    5.6  10.6   2   2     0.022        23    3.0   0.5   188   226   162   200   153   207 0.52 # 94650 # 95276 # -1 # ID=4_103;partial=00;start_type=ATG;rbs_motif=GGA/GAG/AGG;rbs_spacer=5-10bp;gc_cont=0.413
Ga0485799_0095_24    -            173 14889at2157          -            529         4    5.5   5.1   1   2    0.0017       1.8    6.6   1.5    46   111    66   130    53   137 0.59 # 29711 # 30229 # 1 # ID=95_24;partial=00;start_type=ATG;rbs_motif=GGAG/GAGG;rbs_spacer=5-10bp;gc_cont=0.434
Ga0485799_0095_24    -            173 14889at2157          -            529         4    5.5   5.1   2   2      0.14   1.5e+02    0.3   0.2    80    99   145   164   124   172 0.56 # 29711 # 30229 # 1 # ID=95_24;partial=00;start_type=ATG;rbs_motif=GGAG/GAGG;rbs_spacer=5-10bp;gc_cont=0.434
Ga0485799_0193_12    -            348 14889at2157          -            529       5.1    5.1  19.0   1   2   0.00011      0.11   10.6   5.7    28   115    39   124    18   128 0.91 # 9472 # 10515 # -1 # ID=193_12;partial=00;start_type=ATG;rbs_motif=GGAG/GAGG;rbs_spacer=5-10bp;gc_cont=0.466
Ga0485799_0193_12    -            348 14889at2157          -            529       5.1    5.1  19.0   2   2      0.18   1.9e+02   -0.0   5.6    60   106   133   178   123   217 0.49 # 9472 # 10515 # -1 # ID=193_12;partial=00;start_type=ATG;rbs_motif=GGAG/GAGG;rbs_spacer=5-10bp;gc_cont=0.466
Ga0485799_0073_32    -            235 14889at2157          -            529       5.8    4.9  13.0   1   2    0.0086       8.9    4.3   1.8    57   116    18    76    11    85 0.81 # 34423 # 35127 # -1 # ID=73_32;partial=00;start_type=ATG;rbs_motif=AGGAG;rbs_spacer=5-10bp;gc_cont=0.462
Ga0485799_0073_32    -            235 14889at2157          -            529       5.8    4.9  13.0   2   2     0.002       2.1    6.4   3.2    74   114    96   135    77   173 0.64 # 34423 # 35127 # -1 # ID=73_32;partial=00;start_type=ATG;rbs_motif=AGGAG;rbs_spacer=5-10bp;gc_cont=0.462
#
# Program:         hmmsearch
# Version:         3.1b2 (February 2015)
# Pipeline mode:   SEARCH
# Query file:      /home/mira/Bacteria2022/Thiomargarita_magnifica/qc_assembly/busco_article/busco_downloads/lineages/archaea_odb10/hmms/14889at2157.hmm
# Target file:     /home/mira/Bacteria2022/Thiomargarita_magnifica/qc_assembly/busco_article/busco_article/prodigal_output/predicted_genes/predicted.faa
# Option settings: hmmsearch --domtblout /home/mira/Bacteria2022/Thiomargarita_magnifica/qc_assembly/busco_article/busco_article/auto_lineage/run_archaea_odb10/hmmer_output/14889at2157.out --cpu 1 /home/mira/Bacteria2022/Thiomargarita_magnifica/qc_assembly/busco_article/busco_downloads/lineages/archaea_odb10/hmms/14889at2157.hmm /home/mira/Bacteria2022/Thiomargarita_magnifica/qc_assembly/busco_article/busco_article/prodigal_output/predicted_genes/predicted.faa 
# Current dir:     /home/mira/Bacteria2022/Thiomargarita_magnifica/qc_assembly/busco_article
# Date:            Wed Jul 13 13:04:29 2022
# [ok]
