#                                                                            --- full sequence --- -------------- this domain -------------   hmm coord   ali coord   env coord
# target name        accession   tlen query name           accession   qlen   E-value  score  bias   #  of  c-Evalue  i-Evalue  score  bias  from    to  from    to  from    to  acc description of target
#------------------- ---------- ----- -------------------- ---------- ----- --------- ------ ----- --- --- --------- --------- ------ ----- ----- ----- ----- ----- ----- ----- ---- ---------------------
Ga0485799_0001_62    -            700 1642at2157           -            627  3.2e-101  338.9   1.2   1   2   1.1e-39   1.3e-36  125.5   0.0    14   161     9   163     3   170 0.90 # 94149 # 96248 # 1 # ID=1_62;partial=00;start_type=ATG;rbs_motif=None;rbs_spacer=None;gc_cont=0.521
Ga0485799_0001_62    -            700 1642at2157           -            627  3.2e-101  338.9   1.2   2   2   6.6e-66   7.3e-63  212.2   0.3   209   617   271   697   209   699 0.82 # 94149 # 96248 # 1 # ID=1_62;partial=00;start_type=ATG;rbs_motif=None;rbs_spacer=None;gc_cont=0.521
Ga0485799_0757_3     -            704 1642at2157           -            627   1.9e-99  333.1   5.0   1   2   7.2e-40   7.9e-37  126.2   0.1    14   160     9   161     4   165 0.90 # 781 # 2892 # -1 # ID=757_3;partial=00;start_type=ATG;rbs_motif=AGGA;rbs_spacer=5-10bp;gc_cont=0.375
Ga0485799_0757_3     -            704 1642at2157           -            627   1.9e-99  333.1   5.0   2   2   1.3e-64   1.5e-61  207.9   1.7   214   617   276   701   267   703 0.86 # 781 # 2892 # -1 # ID=757_3;partial=00;start_type=ATG;rbs_motif=AGGA;rbs_spacer=5-10bp;gc_cont=0.375
Ga0485799_0226_17    -            683 1642at2157           -            627   3.6e-57  193.4   0.2   1   3   1.2e-20   1.3e-17   62.7   0.2    12   143     6   137     3   150 0.92 # 14073 # 16121 # 1 # ID=226_17;partial=00;start_type=ATG;rbs_motif=GGA/GAG/AGG;rbs_spacer=5-10bp;gc_cont=0.487
Ga0485799_0226_17    -            683 1642at2157           -            627   3.6e-57  193.4   0.2   2   3   7.1e-20   7.9e-17   60.1   0.0   252   424   289   478   250   500 0.83 # 14073 # 16121 # 1 # ID=226_17;partial=00;start_type=ATG;rbs_motif=GGA/GAG/AGG;rbs_spacer=5-10bp;gc_cont=0.487
Ga0485799_0226_17    -            683 1642at2157           -            627   3.6e-57  193.4   0.2   3   3   6.8e-22   7.5e-19   66.8   0.0   474   615   524   672   517   678 0.90 # 14073 # 16121 # 1 # ID=226_17;partial=00;start_type=ATG;rbs_motif=GGA/GAG/AGG;rbs_spacer=5-10bp;gc_cont=0.487
Ga0485799_0543_1     -            638 1642at2157           -            627   1.1e-55  188.5   0.1   1   3   1.5e-42   1.6e-39  135.1   0.0    13   144    36   165    30   201 0.97 # 340 # 2253 # -1 # ID=543_1;partial=00;start_type=TTG;rbs_motif=None;rbs_spacer=None;gc_cont=0.468
Ga0485799_0543_1     -            638 1642at2157           -            627   1.1e-55  188.5   0.1   2   3   3.8e-12   4.2e-09   34.6   0.1   256   403   240   405   235   424 0.78 # 340 # 2253 # -1 # ID=543_1;partial=00;start_type=TTG;rbs_motif=None;rbs_spacer=None;gc_cont=0.468
Ga0485799_0543_1     -            638 1642at2157           -            627   1.1e-55  188.5   0.1   3   3   3.4e-06    0.0038   14.9   0.0   534   607   430   507   419   519 0.88 # 340 # 2253 # -1 # ID=543_1;partial=00;start_type=TTG;rbs_motif=None;rbs_spacer=None;gc_cont=0.468
Ga0485799_0714_3     -            597 1642at2157           -            627   5.2e-51  173.1   0.1   1   3   5.8e-36   6.4e-33  113.3   0.3    12   143     2   134     1   146 0.93 # 1553 # 3343 # 1 # ID=714_3;partial=00;start_type=TTG;rbs_motif=GGA/GAG/AGG;rbs_spacer=5-10bp;gc_cont=0.337
Ga0485799_0714_3     -            597 1642at2157           -            627   5.2e-51  173.1   0.1   2   3   3.6e-10     4e-07   28.1   0.0   249   399   186   351   178   376 0.74 # 1553 # 3343 # 1 # ID=714_3;partial=00;start_type=TTG;rbs_motif=GGA/GAG/AGG;rbs_spacer=5-10bp;gc_cont=0.337
Ga0485799_0714_3     -            597 1642at2157           -            627   5.2e-51  173.1   0.1   3   3   4.8e-10   5.3e-07   27.7   0.0   530   605   397   478   394   486 0.86 # 1553 # 3343 # 1 # ID=714_3;partial=00;start_type=TTG;rbs_motif=GGA/GAG/AGG;rbs_spacer=5-10bp;gc_cont=0.337
Ga0485799_0313_8     -            599 1642at2157           -            627   2.9e-41  140.9   0.0   1   3   5.4e-33     6e-30  103.5   0.1    14   143     3   134     1   163 0.90 # 7288 # 9084 # -1 # ID=313_8;partial=00;start_type=ATG;rbs_motif=None;rbs_spacer=None;gc_cont=0.469
Ga0485799_0313_8     -            599 1642at2157           -            627   2.9e-41  140.9   0.0   2   3   1.9e-07   0.00021   19.1   0.0   252   378   190   327   184   373 0.73 # 7288 # 9084 # -1 # ID=313_8;partial=00;start_type=ATG;rbs_motif=None;rbs_spacer=None;gc_cont=0.469
Ga0485799_0313_8     -            599 1642at2157           -            627   2.9e-41  140.9   0.0   3   3   4.5e-06     0.005   14.6   0.0   530   605   397   478   394   492 0.87 # 7288 # 9084 # -1 # ID=313_8;partial=00;start_type=ATG;rbs_motif=None;rbs_spacer=None;gc_cont=0.469
Ga0485799_1021_1     -            594 1642at2157           -            627   1.4e-40  138.6   0.7   1   3   6.2e-29   6.9e-26   90.1   0.1    47   146    24   121     8   145 0.90 # 1 # 1782 # 1 # ID=1021_1;partial=10;start_type=Edge;rbs_motif=None;rbs_spacer=None;gc_cont=0.345
Ga0485799_1021_1     -            594 1642at2157           -            627   1.4e-40  138.6   0.7   2   3   3.8e-12   4.2e-09   34.6   0.0   255   349   193   296   179   358 0.83 # 1 # 1782 # 1 # ID=1021_1;partial=10;start_type=Edge;rbs_motif=None;rbs_spacer=None;gc_cont=0.345
Ga0485799_1021_1     -            594 1642at2157           -            627   1.4e-40  138.6   0.7   3   3     6e-05     0.066   10.8   0.0   534   606   383   461   374   473 0.87 # 1 # 1782 # 1 # ID=1021_1;partial=10;start_type=Edge;rbs_motif=None;rbs_spacer=None;gc_cont=0.345
Ga0485799_0234_10    -            528 1642at2157           -            627     1e-25   89.5   0.0   1   2   1.2e-23   1.3e-20   72.6   0.1    15   144    11   144     2   158 0.86 # 9089 # 10672 # 1 # ID=234_10;partial=00;start_type=ATG;rbs_motif=None;rbs_spacer=None;gc_cont=0.465
Ga0485799_0234_10    -            528 1642at2157           -            627     1e-25   89.5   0.0   2   2   4.8e-06    0.0053   14.5   0.0   261   372   303   420   285   446 0.73 # 9089 # 10672 # 1 # ID=234_10;partial=00;start_type=ATG;rbs_motif=None;rbs_spacer=None;gc_cont=0.465
Ga0485799_0204_16    -            403 1642at2157           -            627   4.7e-21   74.1   3.0   1   2   3.5e-21   3.9e-18   64.5   0.3    16   158    13   154     3   178 0.90 # 18578 # 19786 # -1 # ID=204_16;partial=00;start_type=ATG;rbs_motif=AGGA;rbs_spacer=5-10bp;gc_cont=0.376
Ga0485799_0204_16    -            403 1642at2157           -            627   4.7e-21   74.1   3.0   2   2   9.9e-05      0.11   10.1   0.2   256   321   221   286   214   308 0.82 # 18578 # 19786 # -1 # ID=204_16;partial=00;start_type=ATG;rbs_motif=AGGA;rbs_spacer=5-10bp;gc_cont=0.376
Ga0485799_0212_10    -            397 1642at2157           -            627   9.3e-19   66.5   1.7   1   2   3.3e-19   3.7e-16   57.9   0.2    17   157    14   153     4   163 0.83 # 11131 # 12321 # -1 # ID=212_10;partial=00;start_type=ATG;rbs_motif=GGA/GAG/AGG;rbs_spacer=5-10bp;gc_cont=0.482
Ga0485799_0212_10    -            397 1642at2157           -            627   9.3e-19   66.5   1.7   2   2   0.00045      0.49    8.0   0.1   256   318   215   278   205   298 0.79 # 11131 # 12321 # -1 # ID=212_10;partial=00;start_type=ATG;rbs_motif=GGA/GAG/AGG;rbs_spacer=5-10bp;gc_cont=0.482
Ga0485799_0698_5     -            484 1642at2157           -            627   4.3e-09   34.6   0.3   1   1   1.6e-11   1.7e-08   32.6   0.3    11   172    20   198     9   235 0.75 # 3215 # 4666 # 1 # ID=698_5;partial=00;start_type=ATG;rbs_motif=AGGA/GGAG/GAGG;rbs_spacer=11-12bp;gc_cont=0.296
Ga0485799_0126_18    -            919 1642at2157           -            627   9.9e-09   33.4   4.7   1   3      0.01        12    3.4   0.1    18    34   423   439   417   450 0.87 # 16759 # 19515 # -1 # ID=126_18;partial=00;start_type=ATG;rbs_motif=None;rbs_spacer=None;gc_cont=0.496
Ga0485799_0126_18    -            919 1642at2157           -            627   9.9e-09   33.4   4.7   2   3   7.4e-10   8.3e-07   27.0   0.1    82   155   469   542   459   549 0.89 # 16759 # 19515 # -1 # ID=126_18;partial=00;start_type=ATG;rbs_motif=None;rbs_spacer=None;gc_cont=0.496
Ga0485799_0126_18    -            919 1642at2157           -            627   9.9e-09   33.4   4.7   3   3     0.015        16    2.9   0.1   251   295   591   635   582   644 0.82 # 16759 # 19515 # -1 # ID=126_18;partial=00;start_type=ATG;rbs_motif=None;rbs_spacer=None;gc_cont=0.496
Ga0485799_0419_8     -            866 1642at2157           -            627   3.9e-08   31.4   0.8   1   1   1.7e-09   1.8e-06   25.9   0.8    19   159   369   491   353   497 0.77 # 4668 # 7265 # -1 # ID=419_8;partial=00;start_type=ATG;rbs_motif=AGGAG/GGAGG;rbs_spacer=11-12bp;gc_cont=0.339
Ga0485799_0029_56    -            199 1642at2157           -            627     0.013   13.1   0.0   1   1   1.4e-05     0.016   12.9   0.0   473   545    57   133    36   152 0.70 # 56314 # 56910 # -1 # ID=29_56;partial=00;start_type=ATG;rbs_motif=AGGA/GGAG/GAGG;rbs_spacer=11-12bp;gc_cont=0.372
#
# Program:         hmmsearch
# Version:         3.1b2 (February 2015)
# Pipeline mode:   SEARCH
# Query file:      /home/mira/Bacteria2022/Thiomargarita_magnifica/qc_assembly/busco_article/busco_downloads/lineages/archaea_odb10/hmms/1642at2157.hmm
# Target file:     /home/mira/Bacteria2022/Thiomargarita_magnifica/qc_assembly/busco_article/busco_article/prodigal_output/predicted_genes/predicted.faa
# Option settings: hmmsearch --domtblout /home/mira/Bacteria2022/Thiomargarita_magnifica/qc_assembly/busco_article/busco_article/auto_lineage/run_archaea_odb10/hmmer_output/1642at2157.out --cpu 1 /home/mira/Bacteria2022/Thiomargarita_magnifica/qc_assembly/busco_article/busco_downloads/lineages/archaea_odb10/hmms/1642at2157.hmm /home/mira/Bacteria2022/Thiomargarita_magnifica/qc_assembly/busco_article/busco_article/prodigal_output/predicted_genes/predicted.faa 
# Current dir:     /home/mira/Bacteria2022/Thiomargarita_magnifica/qc_assembly/busco_article
# Date:            Wed Jul 13 13:04:26 2022
# [ok]
