#                                                                            --- full sequence --- -------------- this domain -------------   hmm coord   ali coord   env coord
# target name        accession   tlen query name           accession   qlen   E-value  score  bias   #  of  c-Evalue  i-Evalue  score  bias  from    to  from    to  from    to  acc description of target
#------------------- ---------- ----- -------------------- ---------- ----- --------- ------ ----- --- --- --------- --------- ------ ----- ----- ----- ----- ----- ----- ----- ---- ---------------------
Ga0485799_0419_8     -            866 17053at2157          -            474   1.1e-57  195.5  12.0   1   1   1.1e-59   1.3e-56  191.9  12.0     2   369   364   764   363   811 0.75 # 4668 # 7265 # -1 # ID=419_8;partial=00;start_type=ATG;rbs_motif=AGGAG/GGAGG;rbs_spacer=11-12bp;gc_cont=0.339
Ga0485799_0126_18    -            919 17053at2157          -            474     1e-52  179.1  12.8   1   2   2.3e-49   2.7e-46  157.9   6.6     2   233   419   641   418   650 0.90 # 16759 # 19515 # -1 # ID=126_18;partial=00;start_type=ATG;rbs_motif=None;rbs_spacer=None;gc_cont=0.496
Ga0485799_0126_18    -            919 17053at2157          -            474     1e-52  179.1  12.8   2   2   1.9e-08   2.3e-05   22.9   0.4   286   384   717   835   677   864 0.70 # 16759 # 19515 # -1 # ID=126_18;partial=00;start_type=ATG;rbs_motif=None;rbs_spacer=None;gc_cont=0.496
Ga0485799_0212_10    -            397 17053at2157          -            474   8.2e-13   47.5   1.2   1   2   2.9e-14   3.5e-11   42.1   0.9     7   120    16   142    10   158 0.80 # 11131 # 12321 # -1 # ID=212_10;partial=00;start_type=ATG;rbs_motif=GGA/GAG/AGG;rbs_spacer=5-10bp;gc_cont=0.482
Ga0485799_0212_10    -            397 17053at2157          -            474   8.2e-13   47.5   1.2   2   2      0.14   1.6e+02    0.4   0.0   351   407   191   247   177   270 0.80 # 11131 # 12321 # -1 # ID=212_10;partial=00;start_type=ATG;rbs_motif=GGA/GAG/AGG;rbs_spacer=5-10bp;gc_cont=0.482
Ga0485799_0714_3     -            597 17053at2157          -            474   5.5e-12   44.8   0.4   1   1   2.7e-13   3.2e-10   39.0   0.4     7   243     9   250     7   263 0.83 # 1553 # 3343 # 1 # ID=714_3;partial=00;start_type=TTG;rbs_motif=GGA/GAG/AGG;rbs_spacer=5-10bp;gc_cont=0.337
Ga0485799_0543_1     -            638 17053at2157          -            474   4.2e-10   38.6   0.2   1   1   1.5e-12   1.8e-09   36.5   0.2     6   136    41   186    40   192 0.79 # 340 # 2253 # -1 # ID=543_1;partial=00;start_type=TTG;rbs_motif=None;rbs_spacer=None;gc_cont=0.468
Ga0485799_0204_16    -            403 17053at2157          -            474   7.7e-10   37.7   5.0   1   2   9.9e-13   1.2e-09   37.1   1.0     8   129    17   151    10   156 0.81 # 18578 # 19786 # -1 # ID=204_16;partial=00;start_type=ATG;rbs_motif=AGGA;rbs_spacer=5-10bp;gc_cont=0.376
Ga0485799_0204_16    -            403 17053at2157          -            474   7.7e-10   37.7   5.0   2   2      0.31   3.7e+02   -0.8   0.2   196   224   229   257   220   279 0.79 # 18578 # 19786 # -1 # ID=204_16;partial=00;start_type=ATG;rbs_motif=AGGA;rbs_spacer=5-10bp;gc_cont=0.376
Ga0485799_0698_5     -            484 17053at2157          -            474   1.5e-08   33.5   1.8   1   2   7.2e-11   8.6e-08   31.0   0.1    54   133   104   182    89   221 0.72 # 3215 # 4666 # 1 # ID=698_5;partial=00;start_type=ATG;rbs_motif=AGGA/GGAG/GAGG;rbs_spacer=11-12bp;gc_cont=0.296
Ga0485799_0698_5     -            484 17053at2157          -            474   1.5e-08   33.5   1.8   2   2     0.061        73    1.5   0.2   209   286   267   347   263   353 0.64 # 3215 # 4666 # 1 # ID=698_5;partial=00;start_type=ATG;rbs_motif=AGGA/GGAG/GAGG;rbs_spacer=11-12bp;gc_cont=0.296
Ga0485799_0313_8     -            599 17053at2157          -            474   2.4e-08   32.8   0.0   1   2     0.029        35    2.6   0.0     7    22     8    23     2    33 0.88 # 7288 # 9084 # -1 # ID=313_8;partial=00;start_type=ATG;rbs_motif=None;rbs_spacer=None;gc_cont=0.469
Ga0485799_0313_8     -            599 17053at2157          -            474   2.4e-08   32.8   0.0   2   2   9.1e-10   1.1e-06   27.3   0.0    37   158    54   163    49   247 0.84 # 7288 # 9084 # -1 # ID=313_8;partial=00;start_type=ATG;rbs_motif=None;rbs_spacer=None;gc_cont=0.469
Ga0485799_0234_10    -            528 17053at2157          -            474   1.4e-07   30.3   0.0   1   1   2.1e-10   2.5e-07   29.4   0.0    56   118    82   144    66   147 0.92 # 9089 # 10672 # 1 # ID=234_10;partial=00;start_type=ATG;rbs_motif=None;rbs_spacer=None;gc_cont=0.465
Ga0485799_0757_3     -            704 17053at2157          -            474   1.3e-06   27.1   0.0   1   1   2.4e-09   2.9e-06   25.9   0.0    53   119    80   146    58   159 0.89 # 781 # 2892 # -1 # ID=757_3;partial=00;start_type=ATG;rbs_motif=AGGA;rbs_spacer=5-10bp;gc_cont=0.375
Ga0485799_1021_1     -            594 17053at2157          -            474   1.5e-06   26.8   0.0   1   1     2e-09   2.4e-06   26.2   0.0    56   118    57   119    31   144 0.82 # 1 # 1782 # 1 # ID=1021_1;partial=10;start_type=Edge;rbs_motif=None;rbs_spacer=None;gc_cont=0.345
Ga0485799_0001_62    -            700 17053at2157          -            474   2.2e-05   23.0   0.1   1   2       0.9   1.1e+03   -2.3   0.0     8    19    15    26    12    30 0.83 # 94149 # 96248 # 1 # ID=1_62;partial=00;start_type=ATG;rbs_motif=None;rbs_spacer=None;gc_cont=0.521
Ga0485799_0001_62    -            700 17053at2157          -            474   2.2e-05   23.0   0.1   2   2   6.6e-08   7.9e-05   21.2   0.0    33   119    61   147    55   161 0.90 # 94149 # 96248 # 1 # ID=1_62;partial=00;start_type=ATG;rbs_motif=None;rbs_spacer=None;gc_cont=0.521
Ga0485799_0313_4     -            299 17053at2157          -            474     0.061   11.7   0.0   1   1   0.00011      0.13   10.6   0.0     6   120    10   129     8   171 0.77 # 3863 # 4759 # -1 # ID=313_4;partial=00;start_type=ATG;rbs_motif=GGA/GAG/AGG;rbs_spacer=5-10bp;gc_cont=0.447
#
# Program:         hmmsearch
# Version:         3.1b2 (February 2015)
# Pipeline mode:   SEARCH
# Query file:      /home/mira/Bacteria2022/Thiomargarita_magnifica/qc_assembly/busco_article/busco_downloads/lineages/archaea_odb10/hmms/17053at2157.hmm
# Target file:     /home/mira/Bacteria2022/Thiomargarita_magnifica/qc_assembly/busco_article/busco_article/prodigal_output/predicted_genes/predicted.faa
# Option settings: hmmsearch --domtblout /home/mira/Bacteria2022/Thiomargarita_magnifica/qc_assembly/busco_article/busco_article/auto_lineage/run_archaea_odb10/hmmer_output/17053at2157.out --cpu 1 /home/mira/Bacteria2022/Thiomargarita_magnifica/qc_assembly/busco_article/busco_downloads/lineages/archaea_odb10/hmms/17053at2157.hmm /home/mira/Bacteria2022/Thiomargarita_magnifica/qc_assembly/busco_article/busco_article/prodigal_output/predicted_genes/predicted.faa 
# Current dir:     /home/mira/Bacteria2022/Thiomargarita_magnifica/qc_assembly/busco_article
# Date:            Wed Jul 13 13:04:27 2022
# [ok]
