#                                                                            --- full sequence --- -------------- this domain -------------   hmm coord   ali coord   env coord
# target name        accession   tlen query name           accession   qlen   E-value  score  bias   #  of  c-Evalue  i-Evalue  score  bias  from    to  from    to  from    to  acc description of target
#------------------- ---------- ----- -------------------- ---------- ----- --------- ------ ----- --- --- --------- --------- ------ ----- ----- ----- ----- ----- ----- ----- ---- ---------------------
Ga0485799_0855_2     -            433 18705at2157          -            365   7.2e-66  222.3   0.5   1   1   2.8e-65   2.2e-62  210.9   0.5     2   363     3   430     2   432 0.82 # 241 # 1539 # 1 # ID=855_2;partial=00;start_type=ATG;rbs_motif=None;rbs_spacer=None;gc_cont=0.320
Ga0485799_0690_1     -            429 18705at2157          -            365   2.8e-55  187.5   0.0   1   2   8.2e-05     0.064   11.9   0.0    15    77     9    81     1   112 0.72 # 686 # 1972 # 1 # ID=690_1;partial=00;start_type=ATG;rbs_motif=None;rbs_spacer=None;gc_cont=0.476
Ga0485799_0690_1     -            429 18705at2157          -            365   2.8e-55  187.5   0.0   2   2   4.5e-54   3.5e-51  174.0   0.0    94   364   132   426   102   427 0.89 # 686 # 1972 # 1 # ID=690_1;partial=00;start_type=ATG;rbs_motif=None;rbs_spacer=None;gc_cont=0.476
Ga0485799_0456_3     -            418 18705at2157          -            365   6.1e-49  166.6   0.1   1   2   1.7e-12   1.3e-09   37.2   0.1     2    68     3    79     2   115 0.76 # 2766 # 4019 # 1 # ID=456_3;partial=00;start_type=TTG;rbs_motif=GGA/GAG/AGG;rbs_spacer=5-10bp;gc_cont=0.322
Ga0485799_0456_3     -            418 18705at2157          -            365   6.1e-49  166.6   0.1   2   2   5.9e-40   4.6e-37  127.5   0.0    95   347   134   400   116   413 0.84 # 2766 # 4019 # 1 # ID=456_3;partial=00;start_type=TTG;rbs_motif=GGA/GAG/AGG;rbs_spacer=5-10bp;gc_cont=0.322
Ga0485799_0022_17    -            442 18705at2157          -            365   1.3e-41  142.5   0.0   1   2   1.1e-06   0.00088   18.0   0.0     3    69     5    81     3   113 0.74 # 20230 # 21555 # -1 # ID=22_17;partial=00;start_type=ATG;rbs_motif=None;rbs_spacer=None;gc_cont=0.502
Ga0485799_0022_17    -            442 18705at2157          -            365   1.3e-41  142.5   0.0   2   2   1.6e-37   1.2e-34  119.5   0.0    95   364   134   437   128   438 0.83 # 20230 # 21555 # -1 # ID=22_17;partial=00;start_type=ATG;rbs_motif=None;rbs_spacer=None;gc_cont=0.502
Ga0485799_0705_2     -            441 18705at2157          -            365   1.6e-36  125.8   1.9   1   2   1.2e-08   9.7e-06   24.5   0.0     3    80     4    92     2   117 0.73 # 547 # 1869 # 1 # ID=705_2;partial=00;start_type=ATG;rbs_motif=AGGA;rbs_spacer=5-10bp;gc_cont=0.316
Ga0485799_0705_2     -            441 18705at2157          -            365   1.6e-36  125.8   1.9   2   2   8.6e-32   6.7e-29  100.7   0.4    88   364   129   436   116   437 0.78 # 547 # 1869 # 1 # ID=705_2;partial=00;start_type=ATG;rbs_motif=AGGA;rbs_spacer=5-10bp;gc_cont=0.316
Ga0485799_0051_15    -            502 18705at2157          -            365   4.7e-09   35.4   0.0   1   2     0.018        14    4.2   0.0    95   116   202   223   190   238 0.83 # 16547 # 18052 # -1 # ID=51_15;partial=00;start_type=ATG;rbs_motif=None;rbs_spacer=None;gc_cont=0.434
Ga0485799_0051_15    -            502 18705at2157          -            365   4.7e-09   35.4   0.0   2   2   5.8e-10   4.5e-07   28.9   0.0   203   279   314   390   310   410 0.93 # 16547 # 18052 # -1 # ID=51_15;partial=00;start_type=ATG;rbs_motif=None;rbs_spacer=None;gc_cont=0.434
Ga0485799_0010_34    -            306 18705at2157          -            365   7.1e-07   28.2   0.0   1   1   1.3e-09     1e-06   27.7   0.0   145   264    93   212    87   233 0.87 # 68767 # 69684 # -1 # ID=10_34;partial=00;start_type=ATG;rbs_motif=GGA/GAG/AGG;rbs_spacer=5-10bp;gc_cont=0.468
Ga0485799_1342_1     -            405 18705at2157          -            365   3.8e-06   25.8   0.3   1   1   1.3e-08     1e-05   24.4   0.3    95   273   189   375   173   384 0.78 # 2 # 1216 # -1 # ID=1342_1;partial=11;start_type=Edge;rbs_motif=None;rbs_spacer=None;gc_cont=0.286
Ga0485799_0297_7     -            332 18705at2157          -            365   4.6e-06   25.5   0.1   1   1     1e-08   8.1e-06   24.7   0.1   201   267   180   246   161   256 0.91 # 4288 # 5283 # -1 # ID=297_7;partial=00;start_type=TTG;rbs_motif=AGGA;rbs_spacer=5-10bp;gc_cont=0.285
Ga0485799_0077_2     -            459 18705at2157          -            365   1.5e-05   23.8   0.2   1   2      0.72   5.6e+02   -1.1   0.1   106   138    61    94    42    97 0.81 # 2278 # 3654 # -1 # ID=77_2;partial=00;start_type=ATG;rbs_motif=GGA/GAG/AGG;rbs_spacer=5-10bp;gc_cont=0.424
Ga0485799_0077_2     -            459 18705at2157          -            365   1.5e-05   23.8   0.2   2   2   6.8e-08   5.3e-05   22.1   0.0   198   273   170   246   158   256 0.91 # 2278 # 3654 # -1 # ID=77_2;partial=00;start_type=ATG;rbs_motif=GGA/GAG/AGG;rbs_spacer=5-10bp;gc_cont=0.424
Ga0485799_0656_6     -            456 18705at2157          -            365   2.7e-05   23.0   0.0   1   1   5.8e-08   4.5e-05   22.3   0.0   201   275   168   243   161   284 0.89 # 3892 # 5259 # -1 # ID=656_6;partial=00;start_type=ATG;rbs_motif=AGxAG;rbs_spacer=5-10bp;gc_cont=0.304
Ga0485799_0064_36    -            475 18705at2157          -            365   0.00014   20.6   0.3   1   2      0.01       7.9    5.0   0.2    99   115   223   239   212   248 0.81 # 41944 # 43368 # 1 # ID=64_36;partial=00;start_type=ATG;rbs_motif=GGAG/GAGG;rbs_spacer=5-10bp;gc_cont=0.420
Ga0485799_0064_36    -            475 18705at2157          -            365   0.00014   20.6   0.3   2   2   2.8e-05     0.022   13.4   0.0   200   278   334   413   300   422 0.84 # 41944 # 43368 # 1 # ID=64_36;partial=00;start_type=ATG;rbs_motif=GGAG/GAGG;rbs_spacer=5-10bp;gc_cont=0.420
Ga0485799_0809_3     -            458 18705at2157          -            365   0.00053   18.8   0.0   1   2     0.032        25    3.4   0.0    93   120   111   138    93   143 0.80 # 1144 # 2517 # 1 # ID=809_3;partial=00;start_type=TTG;rbs_motif=None;rbs_spacer=None;gc_cont=0.301
Ga0485799_0809_3     -            458 18705at2157          -            365   0.00053   18.8   0.0   2   2   3.8e-05      0.03   13.0   0.0   201   269   224   293   199   312 0.85 # 1144 # 2517 # 1 # ID=809_3;partial=00;start_type=TTG;rbs_motif=None;rbs_spacer=None;gc_cont=0.301
Ga0485799_0665_3     -            293 18705at2157          -            365     0.006   15.3   0.0   1   2    0.0063       4.9    5.7   0.0    98   129    18    50    12    61 0.75 # 1246 # 2124 # -1 # ID=665_3;partial=00;start_type=ATG;rbs_motif=GGA/GAG/AGG;rbs_spacer=5-10bp;gc_cont=0.300
Ga0485799_0665_3     -            293 18705at2157          -            365     0.006   15.3   0.0   2   2    0.0016       1.2    7.7   0.0   186   264   117   196    78   202 0.83 # 1246 # 2124 # -1 # ID=665_3;partial=00;start_type=ATG;rbs_motif=GGA/GAG/AGG;rbs_spacer=5-10bp;gc_cont=0.300
Ga0485799_0092_35    -            477 18705at2157          -            365    0.0081   14.9   0.0   1   1   0.00012     0.092   11.4   0.0   100   230   195   332   180   351 0.69 # 36518 # 37948 # 1 # ID=92_35;partial=00;start_type=ATG;rbs_motif=AGGA;rbs_spacer=5-10bp;gc_cont=0.445
Ga0485799_0094_27    -            503 18705at2157          -            365    0.0097   14.6   0.1   1   1   4.3e-05     0.034   12.8   0.1    97   275   222   403   211   413 0.80 # 33549 # 35057 # 1 # ID=94_27;partial=00;start_type=TTG;rbs_motif=None;rbs_spacer=None;gc_cont=0.410
Ga0485799_0303_6     -            353 18705at2157          -            365     0.029   13.1   0.1   1   1   6.6e-05     0.051   12.2   0.1   201   286   116   202   101   234 0.86 # 5032 # 6090 # -1 # ID=303_6;partial=00;start_type=TTG;rbs_motif=AGGA;rbs_spacer=5-10bp;gc_cont=0.281
Ga0485799_0024_48    -            377 18705at2157          -            365      0.08   11.6   0.0   1   1   0.00018      0.14   10.8   0.0   198   254   123   180   115   203 0.85 # 56012 # 57142 # -1 # ID=24_48;partial=00;start_type=ATG;rbs_motif=None;rbs_spacer=None;gc_cont=0.442
Ga0485799_0085_20    -            282 18705at2157          -            365      0.17   10.5   0.7   1   2     0.023        18    3.8   0.1    73   121    22    69    17    78 0.74 # 23222 # 24067 # -1 # ID=85_20;partial=00;start_type=ATG;rbs_motif=None;rbs_spacer=None;gc_cont=0.326
Ga0485799_0085_20    -            282 18705at2157          -            365      0.17   10.5   0.7   2   2    0.0093       7.2    5.2   0.0   212   247   184   219   179   245 0.82 # 23222 # 24067 # -1 # ID=85_20;partial=00;start_type=ATG;rbs_motif=None;rbs_spacer=None;gc_cont=0.326
Ga0485799_0051_30    -            479 18705at2157          -            365      0.24   10.0   0.7   1   3       1.5   1.2e+03   -2.1   0.0   257   286    62    90    58    99 0.60 # 30303 # 31739 # 1 # ID=51_30;partial=00;start_type=ATG;rbs_motif=GGA/GAG/AGG;rbs_spacer=5-10bp;gc_cont=0.475
Ga0485799_0051_30    -            479 18705at2157          -            365      0.24   10.0   0.7   2   3   0.00083      0.64    8.6   0.0    94   116   200   222   181   247 0.81 # 30303 # 31739 # 1 # ID=51_30;partial=00;start_type=ATG;rbs_motif=GGA/GAG/AGG;rbs_spacer=5-10bp;gc_cont=0.475
Ga0485799_0051_30    -            479 18705at2157          -            365      0.24   10.0   0.7   3   3       3.9   3.1e+03   -3.5   0.0   244   279   352   387   322   391 0.64 # 30303 # 31739 # 1 # ID=51_30;partial=00;start_type=ATG;rbs_motif=GGA/GAG/AGG;rbs_spacer=5-10bp;gc_cont=0.475
#
# Program:         hmmsearch
# Version:         3.1b2 (February 2015)
# Pipeline mode:   SEARCH
# Query file:      /home/mira/Bacteria2022/Thiomargarita_magnifica/qc_assembly/busco_article/busco_downloads/lineages/archaea_odb10/hmms/18705at2157.hmm
# Target file:     /home/mira/Bacteria2022/Thiomargarita_magnifica/qc_assembly/busco_article/busco_article/prodigal_output/predicted_genes/predicted.faa
# Option settings: hmmsearch --domtblout /home/mira/Bacteria2022/Thiomargarita_magnifica/qc_assembly/busco_article/busco_article/auto_lineage/run_archaea_odb10/hmmer_output/18705at2157.out --cpu 1 /home/mira/Bacteria2022/Thiomargarita_magnifica/qc_assembly/busco_article/busco_downloads/lineages/archaea_odb10/hmms/18705at2157.hmm /home/mira/Bacteria2022/Thiomargarita_magnifica/qc_assembly/busco_article/busco_article/prodigal_output/predicted_genes/predicted.faa 
# Current dir:     /home/mira/Bacteria2022/Thiomargarita_magnifica/qc_assembly/busco_article
# Date:            Wed Jul 13 13:04:27 2022
# [ok]
