#                                                                            --- full sequence --- -------------- this domain -------------   hmm coord   ali coord   env coord
# target name        accession   tlen query name           accession   qlen   E-value  score  bias   #  of  c-Evalue  i-Evalue  score  bias  from    to  from    to  from    to  acc description of target
#------------------- ---------- ----- -------------------- ---------- ----- --------- ------ ----- --- --- --------- --------- ------ ----- ----- ----- ----- ----- ----- ----- ---- ---------------------
Ga0485799_0786_4     -            370 19750at2157          -            617   4.7e-07   28.4   0.0   1   1   1.2e-09     7e-07   27.9   0.0   256   377   128   257   112   259 0.81 # 2218 # 3327 # -1 # ID=786_4;partial=00;start_type=ATG;rbs_motif=GGA/GAG/AGG;rbs_spacer=11-12bp;gc_cont=0.325
Ga0485799_0509_9     -            503 19750at2157          -            617   6.6e-07   27.9   0.9   1   2       2.3   1.3e+03   -2.8   0.4   490   519   110   139    57   192 0.49 # 5101 # 6609 # -1 # ID=509_9;partial=00;start_type=ATG;rbs_motif=GGA/GAG/AGG;rbs_spacer=5-10bp;gc_cont=0.319
Ga0485799_0509_9     -            503 19750at2157          -            617   6.6e-07   27.9   0.9   2   2   1.6e-09   9.4e-07   27.4   0.0   255   378   248   373   236   376 0.87 # 5101 # 6609 # -1 # ID=509_9;partial=00;start_type=ATG;rbs_motif=GGA/GAG/AGG;rbs_spacer=5-10bp;gc_cont=0.319
Ga0485799_0944_4     -            334 19750at2157          -            617   2.6e-06   26.0   0.0   1   1   6.6e-09   3.8e-06   25.5   0.0   257   377    93   221    76   223 0.80 # 1702 # 2703 # -1 # ID=944_4;partial=01;start_type=Edge;rbs_motif=None;rbs_spacer=None;gc_cont=0.337
Ga0485799_0142_13    -            556 19750at2157          -            617   3.1e-06   25.7   2.0   1   2     0.087        50    1.9   0.4   487   575    95   189    59   195 0.68 # 11796 # 13463 # 1 # ID=142_13;partial=00;start_type=ATG;rbs_motif=AGGA;rbs_spacer=5-10bp;gc_cont=0.296
Ga0485799_0142_13    -            556 19750at2157          -            617   3.1e-06   25.7   2.0   2   2   3.7e-08   2.1e-05   23.0   0.0   257   381   299   426   280   433 0.82 # 11796 # 13463 # 1 # ID=142_13;partial=00;start_type=ATG;rbs_motif=AGGA;rbs_spacer=5-10bp;gc_cont=0.296
Ga0485799_0226_14    -            482 19750at2157          -            617   3.3e-06   25.6   0.1   1   1   8.6e-09   4.9e-06   25.1   0.1   257   376   234   355   218   361 0.84 # 10342 # 11787 # 1 # ID=226_14;partial=00;start_type=ATG;rbs_motif=None;rbs_spacer=None;gc_cont=0.473
Ga0485799_0524_1     -            558 19750at2157          -            617   5.5e-06   24.9   0.1   1   1   1.5e-08   8.4e-06   24.3   0.1   258   389   305   436   291   441 0.84 # 1623 # 3296 # -1 # ID=524_1;partial=00;start_type=ATG;rbs_motif=GGA/GAG/AGG;rbs_spacer=5-10bp;gc_cont=0.446
Ga0485799_0274_3     -            706 19750at2157          -            617   6.1e-06   24.8   0.0   1   2   0.00025      0.15   10.3   0.0   257   287   202   233   198   242 0.82 # 2901 # 5018 # 1 # ID=274_3;partial=00;start_type=ATG;rbs_motif=GGA/GAG/AGG;rbs_spacer=5-10bp;gc_cont=0.474
Ga0485799_0274_3     -            706 19750at2157          -            617   6.1e-06   24.8   0.0   2   2   6.6e-05     0.038   12.2   0.0   265   287   484   506   472   516 0.87 # 2901 # 5018 # 1 # ID=274_3;partial=00;start_type=ATG;rbs_motif=GGA/GAG/AGG;rbs_spacer=5-10bp;gc_cont=0.474
Ga0485799_0585_2     -            468 19750at2157          -            617     1e-05   24.0   0.2   1   1   2.7e-08   1.5e-05   23.4   0.2   246   388   215   364   212   369 0.82 # 558 # 1961 # 1 # ID=585_2;partial=00;start_type=ATG;rbs_motif=AGGAG;rbs_spacer=5-10bp;gc_cont=0.296
Ga0485799_0060_35    -            381 19750at2157          -            617   0.00089   17.6   0.0   1   1   5.3e-06     0.003   15.9   0.0   248   377   113   248   104   250 0.84 # 37275 # 38417 # 1 # ID=60_35;partial=00;start_type=ATG;rbs_motif=GGAG/GAGG;rbs_spacer=5-10bp;gc_cont=0.447
Ga0485799_0227_5     -            359 19750at2157          -            617     0.002   16.5   1.6   1   1     1e-05    0.0059   14.9   1.6   175   378    34   243    29   245 0.77 # 6402 # 7478 # 1 # ID=227_5;partial=00;start_type=ATG;rbs_motif=None;rbs_spacer=None;gc_cont=0.431
Ga0485799_0507_5     -            483 19750at2157          -            617     0.003   15.9   0.0   1   1   7.3e-06    0.0042   15.4   0.0   264   376   233   348   210   353 0.82 # 6016 # 7464 # 1 # ID=507_5;partial=00;start_type=ATG;rbs_motif=None;rbs_spacer=None;gc_cont=0.457
Ga0485799_0060_34    -            346 19750at2157          -            617    0.0035   15.6   0.2   1   1   1.9e-05     0.011   14.0   0.2   241   378    99   242     8   244 0.66 # 36061 # 37098 # 1 # ID=60_34;partial=00;start_type=ATG;rbs_motif=None;rbs_spacer=None;gc_cont=0.456
Ga0485799_0826_4     -            590 19750at2157          -            617     0.011   14.0   0.0   1   1   3.2e-05     0.019   13.3   0.0   263   291   376   404   354   409 0.83 # 1278 # 3047 # 1 # ID=826_4;partial=00;start_type=ATG;rbs_motif=None;rbs_spacer=None;gc_cont=0.318
Ga0485799_0126_14    -            692 19750at2157          -            617     0.018   13.3   0.6   1   1   4.4e-05     0.025   12.8   0.6   472   615   533   673   502   675 0.78 # 12801 # 14876 # -1 # ID=126_14;partial=00;start_type=ATG;rbs_motif=None;rbs_spacer=None;gc_cont=0.480
Ga0485799_0273_16    -            327 19750at2157          -            617      0.02   13.1   0.0   1   1   5.5e-05     0.032   12.5   0.0   265   289    45    69    31    74 0.86 # 11513 # 12493 # 1 # ID=273_16;partial=00;start_type=ATG;rbs_motif=AGGA;rbs_spacer=5-10bp;gc_cont=0.482
Ga0485799_0812_2     -            249 19750at2157          -            617     0.026   12.8   0.0   1   1   6.9e-05      0.04   12.2   0.0   261   287    96   122    76   129 0.78 # 221 # 967 # -1 # ID=812_2;partial=00;start_type=ATG;rbs_motif=AGGA;rbs_spacer=5-10bp;gc_cont=0.290
Ga0485799_0037_32    -             79 19750at2157          -            617     0.036   12.3   0.0   1   1   6.9e-05      0.04   12.2   0.0   260   291    25    56     3    59 0.76 # 40626 # 40862 # -1 # ID=37_32;partial=00;start_type=ATG;rbs_motif=AGGA;rbs_spacer=5-10bp;gc_cont=0.426
Ga0485799_0927_2     -            247 19750at2157          -            617     0.041   12.1   0.0   1   1   0.00011     0.064   11.5   0.0   260   306    94   140    82   146 0.85 # 1856 # 2596 # 1 # ID=927_2;partial=00;start_type=ATG;rbs_motif=AGGAG;rbs_spacer=5-10bp;gc_cont=0.301
Ga0485799_0102_15    -            639 19750at2157          -            617     0.047   11.9   1.0   1   2   0.00018       0.1   10.8   0.1   266   286   188   208   179   210 0.93 # 14505 # 16421 # -1 # ID=102_15;partial=00;start_type=GTG;rbs_motif=GGAG/GAGG;rbs_spacer=5-10bp;gc_cont=0.465
Ga0485799_0102_15    -            639 19750at2157          -            617     0.047   11.9   1.0   2   2       1.1   6.2e+02   -1.7   0.1   453   490   530   567   518   594 0.54 # 14505 # 16421 # -1 # ID=102_15;partial=00;start_type=GTG;rbs_motif=GGAG/GAGG;rbs_spacer=5-10bp;gc_cont=0.465
Ga0485799_0541_1     -             38 19750at2157          -            617     0.066   11.4   0.1   1   1   0.00012     0.066   11.4   0.1   269   287     6    24     2    38 0.85 # 2 # 115 # -1 # ID=541_1;partial=10;start_type=ATG;rbs_motif=GGA/GAG/AGG;rbs_spacer=5-10bp;gc_cont=0.333
Ga0485799_0446_4     -            293 19750at2157          -            617     0.072   11.3   0.0   1   2   0.00024      0.14   10.4   0.0   265   291    33    59    14    68 0.84 # 4507 # 5385 # 1 # ID=446_4;partial=00;start_type=ATG;rbs_motif=None;rbs_spacer=None;gc_cont=0.447
Ga0485799_0446_4     -            293 19750at2157          -            617     0.072   11.3   0.0   2   2       3.5     2e+03   -3.4   0.0   441   479    79   113    71   146 0.63 # 4507 # 5385 # 1 # ID=446_4;partial=00;start_type=ATG;rbs_motif=None;rbs_spacer=None;gc_cont=0.447
Ga0485799_1073_1     -            208 19750at2157          -            617     0.079   11.2   0.0   1   1   0.00018       0.1   10.8   0.0   261   300    26    65     3    67 0.75 # 3 # 626 # -1 # ID=1073_1;partial=10;start_type=ATG;rbs_motif=None;rbs_spacer=None;gc_cont=0.417
Ga0485799_0019_5     -           1104 19750at2157          -            617     0.092   11.0   0.0   1   1    0.0003      0.17   10.0   0.0   248   290   264   307   253   311 0.85 # 5171 # 8482 # 1 # ID=19_5;partial=00;start_type=ATG;rbs_motif=None;rbs_spacer=None;gc_cont=0.416
Ga0485799_0101_18    -            307 19750at2157          -            617      0.16   10.1   0.0   1   1   0.00044      0.25    9.5   0.0   266   288    37    59    21    63 0.85 # 22485 # 23405 # -1 # ID=101_18;partial=00;start_type=ATG;rbs_motif=GGA/GAG/AGG;rbs_spacer=5-10bp;gc_cont=0.474
Ga0485799_0165_14    -            365 19750at2157          -            617      0.17   10.1   0.0   1   1   0.00045      0.26    9.5   0.0   244   286     4    51     2    58 0.78 # 19907 # 21001 # -1 # ID=165_14;partial=00;start_type=ATG;rbs_motif=AGGA;rbs_spacer=5-10bp;gc_cont=0.406
Ga0485799_0131_12    -            365 19750at2157          -            617      0.21    9.8   0.0   1   1   0.00053      0.31    9.2   0.0   245   286     5    51     3    59 0.76 # 14333 # 15427 # -1 # ID=131_12;partial=00;start_type=ATG;rbs_motif=GGA/GAG/AGG;rbs_spacer=5-10bp;gc_cont=0.416
Ga0485799_0427_6     -            324 19750at2157          -            617      0.28    9.4   0.3   1   1    0.0007       0.4    8.8   0.3   262   287   133   158   129   162 0.91 # 3623 # 4594 # 1 # ID=427_6;partial=00;start_type=ATG;rbs_motif=None;rbs_spacer=None;gc_cont=0.493
#
# Program:         hmmsearch
# Version:         3.1b2 (February 2015)
# Pipeline mode:   SEARCH
# Query file:      /home/mira/Bacteria2022/Thiomargarita_magnifica/qc_assembly/busco_article/busco_downloads/lineages/archaea_odb10/hmms/19750at2157.hmm
# Target file:     /home/mira/Bacteria2022/Thiomargarita_magnifica/qc_assembly/busco_article/busco_article/prodigal_output/predicted_genes/predicted.faa
# Option settings: hmmsearch --domtblout /home/mira/Bacteria2022/Thiomargarita_magnifica/qc_assembly/busco_article/busco_article/auto_lineage/run_archaea_odb10/hmmer_output/19750at2157.out --cpu 1 /home/mira/Bacteria2022/Thiomargarita_magnifica/qc_assembly/busco_article/busco_downloads/lineages/archaea_odb10/hmms/19750at2157.hmm /home/mira/Bacteria2022/Thiomargarita_magnifica/qc_assembly/busco_article/busco_article/prodigal_output/predicted_genes/predicted.faa 
# Current dir:     /home/mira/Bacteria2022/Thiomargarita_magnifica/qc_assembly/busco_article
# Date:            Wed Jul 13 13:04:27 2022
# [ok]
