#                                                                            --- full sequence --- -------------- this domain -------------   hmm coord   ali coord   env coord
# target name        accession   tlen query name           accession   qlen   E-value  score  bias   #  of  c-Evalue  i-Evalue  score  bias  from    to  from    to  from    to  acc description of target
#------------------- ---------- ----- -------------------- ---------- ----- --------- ------ ----- --- --- --------- --------- ------ ----- ----- ----- ----- ----- ----- ----- ---- ---------------------
Ga0485799_0077_7     -            364 21317at2157          -            319   3.4e-17   62.3   0.0   1   1   3.5e-18   3.2e-15   55.8   0.0    67   189     7   146     4   154 0.82 # 12031 # 13122 # 1 # ID=77_7;partial=00;start_type=ATG;rbs_motif=GGA/GAG/AGG;rbs_spacer=5-10bp;gc_cont=0.467
Ga0485799_0767_3     -            505 21317at2157          -            319   3.6e-16   58.9   0.0   1   2   2.4e-08   2.2e-05   23.5   0.0    64   148     3    89     2    95 0.89 # 1417 # 2931 # -1 # ID=767_3;partial=00;start_type=ATG;rbs_motif=AGGA;rbs_spacer=5-10bp;gc_cont=0.303
Ga0485799_0767_3     -            505 21317at2157          -            319   3.6e-16   58.9   0.0   2   2     3e-11   2.7e-08   33.0   0.0    14   143   159   285   149   308 0.82 # 1417 # 2931 # -1 # ID=767_3;partial=00;start_type=ATG;rbs_motif=AGGA;rbs_spacer=5-10bp;gc_cont=0.303
Ga0485799_0633_2     -            365 21317at2157          -            319   9.7e-16   57.5   0.0   1   1   1.5e-18   1.4e-15   57.0   0.0    63   156   159   255   132   285 0.87 # 710 # 1804 # -1 # ID=633_2;partial=00;start_type=ATG;rbs_motif=AGGA/GGAG/GAGG;rbs_spacer=11-12bp;gc_cont=0.327
Ga0485799_0034_44    -            338 21317at2157          -            319   2.9e-14   52.6   0.0   1   1   4.5e-17   4.1e-14   52.1   0.0    21   149   118   247   100   274 0.89 # 39054 # 40067 # -1 # ID=34_44;partial=00;start_type=ATG;rbs_motif=GGAG/GAGG;rbs_spacer=5-10bp;gc_cont=0.450
Ga0485799_0607_8     -            367 21317at2157          -            319   8.1e-13   47.9   0.6   1   3   1.6e-09   1.5e-06   27.3   0.0    65   104     5    45     3    53 0.89 # 4856 # 5956 # -1 # ID=607_8;partial=00;start_type=ATG;rbs_motif=AGGA;rbs_spacer=5-10bp;gc_cont=0.349
Ga0485799_0607_8     -            367 21317at2157          -            319   8.1e-13   47.9   0.6   2   3   4.2e-06    0.0039   16.1   0.0   107   150    65   108    58   152 0.87 # 4856 # 5956 # -1 # ID=607_8;partial=00;start_type=ATG;rbs_motif=AGGA;rbs_spacer=5-10bp;gc_cont=0.349
Ga0485799_0607_8     -            367 21317at2157          -            319   8.1e-13   47.9   0.6   3   3      0.16   1.5e+02    1.0   0.0   302   315   349   362   344   365 0.89 # 4856 # 5956 # -1 # ID=607_8;partial=00;start_type=ATG;rbs_motif=AGGA;rbs_spacer=5-10bp;gc_cont=0.349
Ga0485799_0236_2     -            463 21317at2157          -            319   3.4e-10   39.3   0.0   1   2   4.2e-08   3.9e-05   22.6   0.0    64   149     4    91     3   125 0.84 # 527 # 1915 # -1 # ID=236_2;partial=00;start_type=ATG;rbs_motif=None;rbs_spacer=None;gc_cont=0.461
Ga0485799_0236_2     -            463 21317at2157          -            319   3.4e-10   39.3   0.0   2   2   1.3e-05     0.012   14.4   0.0    64   149   176   266   168   279 0.73 # 527 # 1915 # -1 # ID=236_2;partial=00;start_type=ATG;rbs_motif=None;rbs_spacer=None;gc_cont=0.461
Ga0485799_0198_9     -            779 21317at2157          -            319   7.2e-10   38.2   0.1   1   1   1.3e-12   1.2e-09   37.5   0.1    65   168     6   116     3   135 0.77 # 9884 # 12220 # 1 # ID=198_9;partial=00;start_type=ATG;rbs_motif=GGAG/GAGG;rbs_spacer=5-10bp;gc_cont=0.452
Ga0485799_0277_2     -            680 21317at2157          -            319   1.5e-09   37.2   0.0   1   1   2.8e-12   2.5e-09   36.4   0.0    63   148     4    90     2   113 0.79 # 103 # 2142 # 1 # ID=277_2;partial=00;start_type=ATG;rbs_motif=GGAG/GAGG;rbs_spacer=5-10bp;gc_cont=0.329
Ga0485799_0004_101   -            467 21317at2157          -            319   9.3e-09   34.5   0.0   1   1   2.2e-11     2e-08   33.4   0.0    59   149   238   329   211   356 0.81 # 91918 # 93318 # 1 # ID=4_101;partial=00;start_type=ATG;rbs_motif=4Base/6BMM;rbs_spacer=13-15bp;gc_cont=0.476
Ga0485799_0313_4     -            299 21317at2157          -            319   1.2e-08   34.2   0.0   1   1   1.9e-11   1.8e-08   33.6   0.0    65   153    10   101     7   132 0.86 # 3863 # 4759 # -1 # ID=313_4;partial=00;start_type=ATG;rbs_motif=GGA/GAG/AGG;rbs_spacer=5-10bp;gc_cont=0.447
Ga0485799_0495_3     -            453 21317at2157          -            319   2.4e-07   29.9   5.2   1   1   4.1e-10   3.7e-07   29.3   5.2    64   233   218   395   185   409 0.74 # 2619 # 3977 # 1 # ID=495_3;partial=00;start_type=ATG;rbs_motif=AGxAG;rbs_spacer=5-10bp;gc_cont=0.289
Ga0485799_0775_2     -            294 21317at2157          -            319   5.2e-07   28.8   0.3   1   2   1.6e-09   1.5e-06   27.3   0.0    65   165     7   109     4   139 0.80 # 96 # 977 # -1 # ID=775_2;partial=00;start_type=ATG;rbs_motif=AGGA;rbs_spacer=5-10bp;gc_cont=0.294
Ga0485799_0775_2     -            294 21317at2157          -            319   5.2e-07   28.8   0.3   2   2       1.4   1.3e+03   -2.1   0.1   165   182   218   235   194   279 0.48 # 96 # 977 # -1 # ID=775_2;partial=00;start_type=ATG;rbs_motif=AGGA;rbs_spacer=5-10bp;gc_cont=0.294
Ga0485799_0028_29    -            426 21317at2157          -            319   1.1e-06   27.7   0.1   1   1   1.7e-09   1.6e-06   27.2   0.1    35   149   171   286   160   318 0.63 # 35443 # 36720 # 1 # ID=28_29;partial=00;start_type=ATG;rbs_motif=GGAG/GAGG;rbs_spacer=5-10bp;gc_cont=0.487
Ga0485799_0317_7     -            207 21317at2157          -            319     0.029   13.2   0.0   1   1   6.9e-05     0.063   12.1   0.0    63    86    24    47    21    56 0.88 # 3015 # 3635 # 1 # ID=317_7;partial=00;start_type=GTG;rbs_motif=None;rbs_spacer=None;gc_cont=0.288
Ga0485799_1303_1     -            249 21317at2157          -            319      0.03   13.2   0.0   1   1   5.2e-05     0.048   12.5   0.0    22    87     6    71     2    78 0.85 # 1 # 747 # 1 # ID=1303_1;partial=10;start_type=Edge;rbs_motif=None;rbs_spacer=None;gc_cont=0.331
Ga0485799_0106_17    -            535 21317at2157          -            319     0.041   12.7   0.3   1   2    0.0024       2.2    7.0   0.0    65    84    32    51    28    56 0.91 # 18972 # 20576 # -1 # ID=106_17;partial=00;start_type=ATG;rbs_motif=GGA/GAG/AGG;rbs_spacer=5-10bp;gc_cont=0.512
Ga0485799_0106_17    -            535 21317at2157          -            319     0.041   12.7   0.3   2   2     0.026        24    3.6   0.1    64    83   309   328   296   331 0.86 # 18972 # 20576 # -1 # ID=106_17;partial=00;start_type=ATG;rbs_motif=GGA/GAG/AGG;rbs_spacer=5-10bp;gc_cont=0.512
Ga0485799_0072_30    -            286 21317at2157          -            319     0.067   12.0   0.0   1   1   0.00011     0.096   11.5   0.0    40    87    65   111    50   115 0.77 # 31189 # 32046 # 1 # ID=72_30;partial=00;start_type=ATG;rbs_motif=GGA/GAG/AGG;rbs_spacer=5-10bp;gc_cont=0.460
#
# Program:         hmmsearch
# Version:         3.1b2 (February 2015)
# Pipeline mode:   SEARCH
# Query file:      /home/mira/Bacteria2022/Thiomargarita_magnifica/qc_assembly/busco_article/busco_downloads/lineages/archaea_odb10/hmms/21317at2157.hmm
# Target file:     /home/mira/Bacteria2022/Thiomargarita_magnifica/qc_assembly/busco_article/busco_article/prodigal_output/predicted_genes/predicted.faa
# Option settings: hmmsearch --domtblout /home/mira/Bacteria2022/Thiomargarita_magnifica/qc_assembly/busco_article/busco_article/auto_lineage/run_archaea_odb10/hmmer_output/21317at2157.out --cpu 1 /home/mira/Bacteria2022/Thiomargarita_magnifica/qc_assembly/busco_article/busco_downloads/lineages/archaea_odb10/hmms/21317at2157.hmm /home/mira/Bacteria2022/Thiomargarita_magnifica/qc_assembly/busco_article/busco_article/prodigal_output/predicted_genes/predicted.faa 
# Current dir:     /home/mira/Bacteria2022/Thiomargarita_magnifica/qc_assembly/busco_article
# Date:            Wed Jul 13 13:04:28 2022
# [ok]
