#                                                                            --- full sequence --- -------------- this domain -------------   hmm coord   ali coord   env coord
# target name        accession   tlen query name           accession   qlen   E-value  score  bias   #  of  c-Evalue  i-Evalue  score  bias  from    to  from    to  from    to  acc description of target
#------------------- ---------- ----- -------------------- ---------- ----- --------- ------ ----- --- --- --------- --------- ------ ----- ----- ----- ----- ----- ----- ----- ---- ---------------------
Ga0485799_0274_3     -            706 24257at2157          -            345   1.5e-19   69.8   0.0   1   3   3.3e-10   5.2e-08   31.9   0.0    28    96   211   287   208   295 0.78 # 2901 # 5018 # 1 # ID=274_3;partial=00;start_type=ATG;rbs_motif=GGA/GAG/AGG;rbs_spacer=5-10bp;gc_cont=0.474
Ga0485799_0274_3     -            706 24257at2157          -            345   1.5e-19   69.8   0.0   2   3   2.3e-10   3.6e-08   32.4   0.0    29   100   485   564   481   569 0.77 # 2901 # 5018 # 1 # ID=274_3;partial=00;start_type=ATG;rbs_motif=GGA/GAG/AGG;rbs_spacer=5-10bp;gc_cont=0.474
Ga0485799_0274_3     -            706 24257at2157          -            345   1.5e-19   69.8   0.0   3   3       1.7   2.6e+02   -0.0   0.3   132   203   614   685   605   697 0.73 # 2901 # 5018 # 1 # ID=274_3;partial=00;start_type=ATG;rbs_motif=GGA/GAG/AGG;rbs_spacer=5-10bp;gc_cont=0.474
Ga0485799_0384_1     -            848 24257at2157          -            345   6.7e-15   54.5   0.0   1   2     0.027       4.3    5.8   0.0    26    51    46    71    19    78 0.80 # 1172 # 3715 # 1 # ID=384_1;partial=00;start_type=ATG;rbs_motif=GGA/GAG/AGG;rbs_spacer=5-10bp;gc_cont=0.311
Ga0485799_0384_1     -            848 24257at2157          -            345   6.7e-15   54.5   0.0   2   2   1.7e-14   2.6e-12   46.0   0.0    26   101   450   526   430   533 0.86 # 1172 # 3715 # 1 # ID=384_1;partial=00;start_type=ATG;rbs_motif=GGA/GAG/AGG;rbs_spacer=5-10bp;gc_cont=0.311
Ga0485799_0097_25    -            524 24257at2157          -            345   1.7e-13   49.9   0.0   1   2   9.7e-06    0.0015   17.2   0.0     5    55     8    65     5    66 0.80 # 21334 # 22905 # -1 # ID=97_25;partial=00;start_type=ATG;rbs_motif=None;rbs_spacer=None;gc_cont=0.454
Ga0485799_0097_25    -            524 24257at2157          -            345   1.7e-13   49.9   0.0   2   2   9.2e-10   1.4e-07   30.4   0.0    63   188   103   230    74   249 0.81 # 21334 # 22905 # -1 # ID=97_25;partial=00;start_type=ATG;rbs_motif=None;rbs_spacer=None;gc_cont=0.454
Ga0485799_1359_1     -            395 24257at2157          -            345   6.9e-10   38.0   0.1   1   1   6.5e-12     1e-09   37.5   0.1     8   108    68   177    64   300 0.73 # 3 # 1187 # 1 # ID=1359_1;partial=11;start_type=Edge;rbs_motif=None;rbs_spacer=None;gc_cont=0.324
Ga0485799_0759_3     -            674 24257at2157          -            345   2.9e-09   36.0   0.3   1   2     8e-11   1.2e-08   33.9   0.0    29   100   223   302   185   305 0.84 # 1298 # 3319 # -1 # ID=759_3;partial=00;start_type=ATG;rbs_motif=AGGA;rbs_spacer=5-10bp;gc_cont=0.343
Ga0485799_0759_3     -            674 24257at2157          -            345   2.9e-09   36.0   0.3   2   2       8.3   1.3e+03   -2.3   0.1   152   188   378   414   369   430 0.80 # 1298 # 3319 # -1 # ID=759_3;partial=00;start_type=ATG;rbs_motif=AGGA;rbs_spacer=5-10bp;gc_cont=0.343
Ga0485799_0917_3     -            588 24257at2157          -            345   7.1e-09   34.7   0.0   1   2     0.014       2.1    6.8   0.0     6    51     9    61     6    67 0.72 # 1097 # 2860 # 1 # ID=917_3;partial=01;start_type=ATG;rbs_motif=AGGA;rbs_spacer=5-10bp;gc_cont=0.344
Ga0485799_0917_3     -            588 24257at2157          -            345   7.1e-09   34.7   0.0   2   2   2.7e-08   4.1e-06   25.6   0.1    49   188    82   229    78   273 0.75 # 1097 # 2860 # 1 # ID=917_3;partial=01;start_type=ATG;rbs_motif=AGGA;rbs_spacer=5-10bp;gc_cont=0.344
Ga0485799_0477_4     -            103 24257at2157          -            345   2.2e-08   33.1   0.0   1   1   1.8e-10   2.8e-08   32.7   0.0    10    62    20    72    18    80 0.93 # 3373 # 3681 # 1 # ID=477_4;partial=00;start_type=ATG;rbs_motif=None;rbs_spacer=None;gc_cont=0.294
Ga0485799_0337_13    -            304 24257at2157          -            345   3.6e-08   32.4   0.8   1   2     2e-06   0.00031   19.5   0.0    12    55    17    61    14    65 0.83 # 12858 # 13769 # 1 # ID=337_13;partial=00;start_type=ATG;rbs_motif=None;rbs_spacer=None;gc_cont=0.441
Ga0485799_0337_13    -            304 24257at2157          -            345   3.6e-08   32.4   0.8   2   2    0.0006     0.094   11.3   0.1   113   159   189   235   173   241 0.89 # 12858 # 13769 # 1 # ID=337_13;partial=00;start_type=ATG;rbs_motif=None;rbs_spacer=None;gc_cont=0.441
Ga0485799_1043_2     -            412 24257at2157          -            345   3.9e-08   32.3   0.0   1   1   5.4e-10   8.3e-08   31.2   0.0    13    93   100   188    92   200 0.80 # 886 # 2121 # -1 # ID=1043_2;partial=01;start_type=Edge;rbs_motif=None;rbs_spacer=None;gc_cont=0.321
Ga0485799_0309_15    -            441 24257at2157          -            345   1.4e-07   30.5   0.1   1   2   7.1e-08   1.1e-05   24.2   0.0    20    63    39    82    32   100 0.90 # 12457 # 13779 # 1 # ID=309_15;partial=00;start_type=ATG;rbs_motif=4Base/6BMM;rbs_spacer=13-15bp;gc_cont=0.305
Ga0485799_0309_15    -            441 24257at2157          -            345   1.4e-07   30.5   0.1   2   2      0.13        21    3.6   0.1    78    94   245   261   225   282 0.78 # 12457 # 13779 # 1 # ID=309_15;partial=00;start_type=ATG;rbs_motif=4Base/6BMM;rbs_spacer=13-15bp;gc_cont=0.305
Ga0485799_0446_4     -            293 24257at2157          -            345   1.9e-07   30.0   0.3   1   2   2.9e-08   4.5e-06   25.5   0.0    14    61    18    66    10   116 0.80 # 4507 # 5385 # 1 # ID=446_4;partial=00;start_type=ATG;rbs_motif=None;rbs_spacer=None;gc_cont=0.447
Ga0485799_0446_4     -            293 24257at2157          -            345   1.9e-07   30.0   0.3   2   2      0.34        54    2.2   0.1    77    96   136   155   131   169 0.79 # 4507 # 5385 # 1 # ID=446_4;partial=00;start_type=ATG;rbs_motif=None;rbs_spacer=None;gc_cont=0.447
Ga0485799_0016_15    -            343 24257at2157          -            345   7.6e-07   28.0   0.0   1   1   7.1e-09   1.1e-06   27.5   0.0    30    92    58   120    31   132 0.87 # 14040 # 15068 # -1 # ID=16_15;partial=00;start_type=GTG;rbs_motif=None;rbs_spacer=None;gc_cont=0.473
Ga0485799_0523_1     -            539 24257at2157          -            345   2.7e-06   26.2   0.1   1   1   2.4e-08   3.7e-06   25.8   0.1    49   208     2   167     1   225 0.75 # 1 # 1617 # 1 # ID=523_1;partial=10;start_type=Edge;rbs_motif=None;rbs_spacer=None;gc_cont=0.339
Ga0485799_0102_15    -            639 24257at2157          -            345   3.1e-06   26.0   0.0   1   1   4.4e-08   6.9e-06   24.9   0.0    29    91   188   258   186   266 0.77 # 14505 # 16421 # -1 # ID=102_15;partial=00;start_type=GTG;rbs_motif=GGAG/GAGG;rbs_spacer=5-10bp;gc_cont=0.465
Ga0485799_0001_161   -            445 24257at2157          -            345   3.2e-06   26.0   0.0   1   2   6.2e-06   0.00097   17.8   0.0    26    62    48    84    39   105 0.90 # 190411 # 191745 # -1 # ID=1_161;partial=00;start_type=ATG;rbs_motif=None;rbs_spacer=None;gc_cont=0.465
Ga0485799_0001_161   -            445 24257at2157          -            345   3.2e-06   26.0   0.0   2   2     0.031       4.9    5.6   0.0    77   108   248   279   236   289 0.79 # 190411 # 191745 # -1 # ID=1_161;partial=00;start_type=ATG;rbs_motif=None;rbs_spacer=None;gc_cont=0.465
Ga0485799_0052_6     -            472 24257at2157          -            345   3.5e-06   25.8   0.0   1   1   4.1e-08   6.3e-06   25.0   0.0    14    60    16    65    12    68 0.90 # 2356 # 3771 # 1 # ID=52_6;partial=00;start_type=ATG;rbs_motif=None;rbs_spacer=None;gc_cont=0.386
Ga0485799_0456_4     -            490 24257at2157          -            345   9.5e-06   24.4   1.0   1   1   3.2e-07     5e-05   22.0   0.2    29    57   149   177   131   229 0.64 # 4032 # 5501 # 1 # ID=456_4;partial=00;start_type=ATG;rbs_motif=GGAGG;rbs_spacer=5-10bp;gc_cont=0.303
Ga0485799_0416_5     -            364 24257at2157          -            345   9.6e-06   24.4   0.1   1   1   2.9e-07   4.5e-05   22.2   0.1    30   104   130   211   106   245 0.67 # 3373 # 4464 # 1 # ID=416_5;partial=00;start_type=ATG;rbs_motif=GGA/GAG/AGG;rbs_spacer=5-10bp;gc_cont=0.390
Ga0485799_0040_17    -            369 24257at2157          -            345   1.3e-05   23.9   0.1   1   1   4.1e-07   6.4e-05   21.7   0.1    31   103   131   210   122   245 0.67 # 20591 # 21697 # 1 # ID=40_17;partial=00;start_type=ATG;rbs_motif=GGA/GAG/AGG;rbs_spacer=5-10bp;gc_cont=0.393
Ga0485799_0014_35    -            806 24257at2157          -            345   1.3e-05   23.9   0.0   1   3      0.02       3.1    6.3   0.0    31    50   252   271   235   275 0.87 # 63095 # 65512 # -1 # ID=14_35;partial=00;start_type=ATG;rbs_motif=None;rbs_spacer=None;gc_cont=0.446
Ga0485799_0014_35    -            806 24257at2157          -            345   1.3e-05   23.9   0.0   2   3       8.1   1.3e+03   -2.3   0.0    76    99   317   340   307   350 0.78 # 63095 # 65512 # -1 # ID=14_35;partial=00;start_type=ATG;rbs_motif=None;rbs_spacer=None;gc_cont=0.446
Ga0485799_0014_35    -            806 24257at2157          -            345   1.3e-05   23.9   0.0   3   3   0.00012     0.019   13.6   0.0    31    64   533   566   530   574 0.88 # 63095 # 65512 # -1 # ID=14_35;partial=00;start_type=ATG;rbs_motif=None;rbs_spacer=None;gc_cont=0.446
Ga0485799_0532_1     -            650 24257at2157          -            345   1.7e-05   23.6   0.6   1   3   0.00029     0.045   12.3   0.0     9    50    92   136    87   140 0.80 # 35 # 1984 # 1 # ID=532_1;partial=00;start_type=ATG;rbs_motif=None;rbs_spacer=None;gc_cont=0.306
Ga0485799_0532_1     -            650 24257at2157          -            345   1.7e-05   23.6   0.6   2   3       6.9   1.1e+03   -2.1   0.0    70    97   176   203   169   213 0.72 # 35 # 1984 # 1 # ID=532_1;partial=00;start_type=ATG;rbs_motif=None;rbs_spacer=None;gc_cont=0.306
Ga0485799_0532_1     -            650 24257at2157          -            345   1.7e-05   23.6   0.6   3   3    0.0065         1    7.9   0.0    31    54   398   421   361   437 0.85 # 35 # 1984 # 1 # ID=532_1;partial=00;start_type=ATG;rbs_motif=None;rbs_spacer=None;gc_cont=0.306
Ga0485799_0310_1     -           1069 24257at2157          -            345   3.2e-05   22.7   0.0   1   2     0.031       4.8    5.7   0.0    29    46   224   241   205   245 0.84 # 681 # 3887 # -1 # ID=310_1;partial=00;start_type=ATG;rbs_motif=None;rbs_spacer=None;gc_cont=0.467
Ga0485799_0310_1     -           1069 24257at2157          -            345   3.2e-05   22.7   0.0   2   2   6.5e-05      0.01   14.5   0.0    30    54   485   509   483   514 0.89 # 681 # 3887 # -1 # ID=310_1;partial=00;start_type=ATG;rbs_motif=None;rbs_spacer=None;gc_cont=0.467
Ga0485799_0394_7     -            358 24257at2157          -            345   3.5e-05   22.5   0.0   1   1   3.5e-07   5.4e-05   21.9   0.0    11    62     5    56     2    62 0.92 # 5958 # 7031 # 1 # ID=394_7;partial=00;start_type=ATG;rbs_motif=GGA/GAG/AGG;rbs_spacer=5-10bp;gc_cont=0.476
Ga0485799_0472_9     -            321 24257at2157          -            345   3.6e-05   22.5   0.1   1   1   5.4e-07   8.4e-05   21.3   0.0    27    54    57    84    45    88 0.88 # 6533 # 7495 # -1 # ID=472_9;partial=00;start_type=ATG;rbs_motif=None;rbs_spacer=None;gc_cont=0.456
Ga0485799_0200_17    -            753 24257at2157          -            345   6.7e-05   21.6   0.1   1   2     0.013         2    6.9   0.0    27    53   219   245   207   248 0.87 # 16620 # 18878 # -1 # ID=200_17;partial=00;start_type=ATG;rbs_motif=AGGA;rbs_spacer=5-10bp;gc_cont=0.461
Ga0485799_0200_17    -            753 24257at2157          -            345   6.7e-05   21.6   0.1   2   2   0.00031     0.048   12.2   0.0    30    53   497   520   464   527 0.91 # 16620 # 18878 # -1 # ID=200_17;partial=00;start_type=ATG;rbs_motif=AGGA;rbs_spacer=5-10bp;gc_cont=0.461
Ga0485799_0001_55    -            181 24257at2157          -            345   6.8e-05   21.6   0.0   1   1   9.1e-07   0.00014   20.6   0.0    30    57     6    33     3    36 0.90 # 88140 # 88682 # -1 # ID=1_55;partial=00;start_type=ATG;rbs_motif=GGA/GAG/AGG;rbs_spacer=5-10bp;gc_cont=0.444
Ga0485799_0487_9     -            163 24257at2157          -            345   7.5e-05   21.5   0.0   1   1   6.4e-07    0.0001   21.1   0.0    26    56   116   146    96   149 0.79 # 7534 # 8022 # -1 # ID=487_9;partial=00;start_type=ATG;rbs_motif=GGA/GAG/AGG;rbs_spacer=11-12bp;gc_cont=0.378
Ga0485799_0029_18    -            163 24257at2157          -            345   7.9e-05   21.4   0.0   1   1   7.1e-07   0.00011   20.9   0.0    26    56   116   146    96   149 0.81 # 15077 # 15565 # 1 # ID=29_18;partial=00;start_type=ATG;rbs_motif=AGGA;rbs_spacer=5-10bp;gc_cont=0.407
Ga0485799_0016_34    -            856 24257at2157          -            345   9.2e-05   21.2   0.0   1   3    0.0019       0.3    9.6   0.0    12    51   180   222   176   225 0.78 # 37142 # 39709 # -1 # ID=16_34;partial=00;start_type=ATG;rbs_motif=GGAG/GAGG;rbs_spacer=5-10bp;gc_cont=0.466
Ga0485799_0016_34    -            856 24257at2157          -            345   9.2e-05   21.2   0.0   2   3    0.0085       1.3    7.5   0.0    31    49   601   619   567   625 0.78 # 37142 # 39709 # -1 # ID=16_34;partial=00;start_type=ATG;rbs_motif=GGAG/GAGG;rbs_spacer=5-10bp;gc_cont=0.466
Ga0485799_0016_34    -            856 24257at2157          -            345   9.2e-05   21.2   0.0   3   3       6.1   9.4e+02   -1.9   0.0    71    93   662   684   658   687 0.80 # 37142 # 39709 # -1 # ID=16_34;partial=00;start_type=ATG;rbs_motif=GGAG/GAGG;rbs_spacer=5-10bp;gc_cont=0.466
Ga0485799_0582_3     -            334 24257at2157          -            345   9.9e-05   21.1   0.0   1   1   1.1e-06   0.00016   20.4   0.0    16    59     4    48     2    51 0.88 # 1685 # 2686 # -1 # ID=582_3;partial=00;start_type=ATG;rbs_motif=AGGAG;rbs_spacer=5-10bp;gc_cont=0.367
Ga0485799_0011_55    -            807 24257at2157          -            345   0.00013   20.7   0.2   1   3      0.87   1.3e+02    0.9   0.2   282   338   164   216   153   224 0.83 # 45954 # 48374 # -1 # ID=11_55;partial=00;start_type=ATG;rbs_motif=GGAG/GAGG;rbs_spacer=5-10bp;gc_cont=0.443
Ga0485799_0011_55    -            807 24257at2157          -            345   0.00013   20.7   0.2   2   3   2.4e-05    0.0037   15.9   0.0    29    70   351   392   332   401 0.83 # 45954 # 48374 # -1 # ID=11_55;partial=00;start_type=ATG;rbs_motif=GGAG/GAGG;rbs_spacer=5-10bp;gc_cont=0.443
Ga0485799_0011_55    -            807 24257at2157          -            345   0.00013   20.7   0.2   3   3       4.5   7.1e+02   -1.5   0.0    82   110   420   448   412   453 0.80 # 45954 # 48374 # -1 # ID=11_55;partial=00;start_type=ATG;rbs_motif=GGAG/GAGG;rbs_spacer=5-10bp;gc_cont=0.443
Ga0485799_0018_15    -            716 24257at2157          -            345   0.00017   20.3   0.3   1   3    0.0021      0.32    9.5   0.0    30    52   178   200   155   205 0.82 # 10257 # 12404 # 1 # ID=18_15;partial=00;start_type=ATG;rbs_motif=AGGAG;rbs_spacer=5-10bp;gc_cont=0.534
Ga0485799_0018_15    -            716 24257at2157          -            345   0.00017   20.3   0.3   2   3       7.4   1.1e+03   -2.2   0.0    72    95   239   262   235   273 0.76 # 10257 # 12404 # 1 # ID=18_15;partial=00;start_type=ATG;rbs_motif=AGGAG;rbs_spacer=5-10bp;gc_cont=0.534
Ga0485799_0018_15    -            716 24257at2157          -            345   0.00017   20.3   0.3   3   3     0.013       2.1    6.9   0.0    32    52   456   476   453   479 0.91 # 10257 # 12404 # 1 # ID=18_15;partial=00;start_type=ATG;rbs_motif=AGGAG;rbs_spacer=5-10bp;gc_cont=0.534
Ga0485799_0273_16    -            327 24257at2157          -            345   0.00021   20.0   0.0   1   1   2.9e-06   0.00045   18.9   0.0    10    53    26    70    22    75 0.89 # 11513 # 12493 # 1 # ID=273_16;partial=00;start_type=ATG;rbs_motif=AGGA;rbs_spacer=5-10bp;gc_cont=0.482
Ga0485799_0048_42    -           1087 24257at2157          -            345   0.00031   19.4   0.2   1   2    0.0073       1.1    7.7   0.0    28    46   241   259   235   265 0.91 # 41580 # 44840 # 1 # ID=48_42;partial=00;start_type=ATG;rbs_motif=None;rbs_spacer=None;gc_cont=0.481
Ga0485799_0048_42    -           1087 24257at2157          -            345   0.00031   19.4   0.2   2   2    0.0024      0.38    9.3   0.0    30    52   518   540   513   547 0.87 # 41580 # 44840 # 1 # ID=48_42;partial=00;start_type=ATG;rbs_motif=None;rbs_spacer=None;gc_cont=0.481
Ga0485799_0605_6     -            414 24257at2157          -            345   0.00038   19.1   0.9   1   2   6.7e-05      0.01   14.4   0.0    27    55   117   145   109   158 0.89 # 3490 # 4731 # -1 # ID=605_6;partial=00;start_type=ATG;rbs_motif=AGGA;rbs_spacer=5-10bp;gc_cont=0.319
Ga0485799_0605_6     -            414 24257at2157          -            345   0.00038   19.1   0.9   2   2      0.24        37    2.7   0.2    77    94   181   198   163   209 0.80 # 3490 # 4731 # -1 # ID=605_6;partial=00;start_type=ATG;rbs_motif=AGGA;rbs_spacer=5-10bp;gc_cont=0.319
Ga0485799_0230_9     -            814 24257at2157          -            345   0.00039   19.1   0.2   1   2   0.00016     0.025   13.2   0.0    25    52   389   416   375   421 0.82 # 8822 # 11263 # -1 # ID=230_9;partial=00;start_type=ATG;rbs_motif=GGA/GAG/AGG;rbs_spacer=5-10bp;gc_cont=0.451
Ga0485799_0230_9     -            814 24257at2157          -            345   0.00039   19.1   0.2   2   2      0.17        26    3.3   0.0    80   109   460   489   451   494 0.83 # 8822 # 11263 # -1 # ID=230_9;partial=00;start_type=ATG;rbs_motif=GGA/GAG/AGG;rbs_spacer=5-10bp;gc_cont=0.451
Ga0485799_0328_3     -            126 24257at2157          -            345   0.00046   18.9   0.0   1   1   3.8e-06   0.00059   18.5   0.0    31    65    27    61    20    74 0.82 # 1518 # 1895 # 1 # ID=328_3;partial=00;start_type=ATG;rbs_motif=GGAG/GAGG;rbs_spacer=5-10bp;gc_cont=0.336
Ga0485799_0011_56    -            424 24257at2157          -            345   0.00056   18.6   0.5   1   2   0.00013      0.02   13.5   0.0    26    54   111   139   101   153 0.86 # 48435 # 49706 # -1 # ID=11_56;partial=00;start_type=ATG;rbs_motif=GGAG/GAGG;rbs_spacer=5-10bp;gc_cont=0.426
Ga0485799_0011_56    -            424 24257at2157          -            345   0.00056   18.6   0.5   2   2      0.18        28    3.1   0.1    79    98   178   197   171   204 0.83 # 48435 # 49706 # -1 # ID=11_56;partial=00;start_type=ATG;rbs_motif=GGAG/GAGG;rbs_spacer=5-10bp;gc_cont=0.426
Ga0485799_0386_4     -            859 24257at2157          -            345   0.00061   18.5   5.6   1   3   0.00055     0.086   11.4   0.0    12    51   182   224   179   228 0.77 # 752 # 3328 # -1 # ID=386_4;partial=00;start_type=ATG;rbs_motif=GGAG/GAGG;rbs_spacer=5-10bp;gc_cont=0.319
Ga0485799_0386_4     -            859 24257at2157          -            345   0.00061   18.5   5.6   2   3       9.3   1.4e+03   -2.5   0.1    80   108   273   301   262   304 0.77 # 752 # 3328 # -1 # ID=386_4;partial=00;start_type=ATG;rbs_motif=GGAG/GAGG;rbs_spacer=5-10bp;gc_cont=0.319
Ga0485799_0386_4     -            859 24257at2157          -            345   0.00061   18.5   5.6   3   3    0.0071       1.1    7.8   0.0    31    50   605   624   566   629 0.76 # 752 # 3328 # -1 # ID=386_4;partial=00;start_type=ATG;rbs_motif=GGAG/GAGG;rbs_spacer=5-10bp;gc_cont=0.319
Ga0485799_0551_1     -            421 24257at2157          -            345   0.00065   18.4   0.0   1   1   7.8e-06    0.0012   17.5   0.0    27    60    22    55     8    57 0.86 # 371 # 1633 # 1 # ID=551_1;partial=00;start_type=ATG;rbs_motif=GGA/GAG/AGG;rbs_spacer=5-10bp;gc_cont=0.450
Ga0485799_0436_11    -            579 24257at2157          -            345   0.00073   18.2   0.0   1   1   1.8e-05    0.0027   16.3   0.0    30    63   359   392   337   457 0.85 # 7444 # 9180 # -1 # ID=436_11;partial=00;start_type=ATG;rbs_motif=None;rbs_spacer=None;gc_cont=0.289
Ga0485799_0056_11    -            340 24257at2157          -            345   0.00083   18.0   0.4   1   1   1.4e-05    0.0022   16.7   0.4    27    57   119   149   107   330 0.88 # 12638 # 13657 # -1 # ID=56_11;partial=00;start_type=ATG;rbs_motif=AGGAG;rbs_spacer=5-10bp;gc_cont=0.396
Ga0485799_0619_3     -            785 24257at2157          -            345   0.00088   17.9   0.7   1   3         4   6.3e+02   -1.3   0.3   292   339   171   218   130   242 0.62 # 1562 # 3916 # 1 # ID=619_3;partial=00;start_type=ATG;rbs_motif=GGAG/GAGG;rbs_spacer=5-10bp;gc_cont=0.316
Ga0485799_0619_3     -            785 24257at2157          -            345   0.00088   17.9   0.7   2   3   4.5e-05    0.0069   15.0   0.0    29    52   359   382   344   389 0.80 # 1562 # 3916 # 1 # ID=619_3;partial=00;start_type=ATG;rbs_motif=GGAG/GAGG;rbs_spacer=5-10bp;gc_cont=0.316
Ga0485799_0619_3     -            785 24257at2157          -            345   0.00088   17.9   0.7   3   3       3.6   5.7e+02   -1.2   0.0    80    99   426   444   417   458 0.66 # 1562 # 3916 # 1 # ID=619_3;partial=00;start_type=ATG;rbs_motif=GGAG/GAGG;rbs_spacer=5-10bp;gc_cont=0.316
Ga0485799_0101_18    -            307 24257at2157          -            345    0.0012   17.5   0.0   1   1   1.3e-05    0.0021   16.7   0.0    26    54    34    62    19    65 0.82 # 22485 # 23405 # -1 # ID=101_18;partial=00;start_type=ATG;rbs_motif=GGA/GAG/AGG;rbs_spacer=5-10bp;gc_cont=0.474
Ga0485799_0048_14    -            271 24257at2157          -            345    0.0012   17.5   0.0   1   1   1.3e-05     0.002   16.8   0.0    26    78    34    86    27    94 0.89 # 12197 # 13009 # -1 # ID=48_14;partial=00;start_type=ATG;rbs_motif=GGA/GAG/AGG;rbs_spacer=5-10bp;gc_cont=0.435
Ga0485799_0130_9     -            423 24257at2157          -            345    0.0015   17.2   0.1   1   1   2.3e-05    0.0035   16.0   0.0    26    55   108   137    94   145 0.88 # 11225 # 12493 # 1 # ID=130_9;partial=00;start_type=ATG;rbs_motif=GGA/GAG/AGG;rbs_spacer=5-10bp;gc_cont=0.470
Ga0485799_0770_1     -            498 24257at2157          -            345    0.0017   17.0   0.0   1   1   2.8e-05    0.0043   15.7   0.0    30    65   198   234   179   251 0.86 # 29 # 1522 # -1 # ID=770_1;partial=00;start_type=ATG;rbs_motif=AGGA;rbs_spacer=5-10bp;gc_cont=0.282
Ga0485799_0909_2     -            273 24257at2157          -            345    0.0019   16.9   0.0   1   1   2.8e-05    0.0043   15.7   0.0    13    50    82   122    77   127 0.83 # 1246 # 2064 # 1 # ID=909_2;partial=00;start_type=ATG;rbs_motif=AGGAG;rbs_spacer=5-10bp;gc_cont=0.276
Ga0485799_0072_30    -            286 24257at2157          -            345    0.0023   16.6   0.0   1   1     2e-05    0.0031   16.2   0.0     8    83    59   144    55   168 0.67 # 31189 # 32046 # 1 # ID=72_30;partial=00;start_type=ATG;rbs_motif=GGA/GAG/AGG;rbs_spacer=5-10bp;gc_cont=0.460
Ga0485799_0022_18    -            267 24257at2157          -            345    0.0023   16.6   0.0   1   1   2.1e-05    0.0032   16.1   0.0     5    73     5    77     1    84 0.77 # 21655 # 22455 # 1 # ID=22_18;partial=00;start_type=ATG;rbs_motif=GGA/GAG/AGG;rbs_spacer=5-10bp;gc_cont=0.454
Ga0485799_0388_6     -            382 24257at2157          -            345    0.0024   16.5   0.1   1   1   3.2e-05     0.005   15.5   0.1    27    55   179   207   173   209 0.89 # 2304 # 3449 # -1 # ID=388_6;partial=00;start_type=ATG;rbs_motif=GGA/GAG/AGG;rbs_spacer=5-10bp;gc_cont=0.288
Ga0485799_1162_3     -            209 24257at2157          -            345    0.0027   16.3   0.0   1   1   3.7e-05    0.0057   15.3   0.0    20    48     5    33     1    38 0.88 # 1047 # 1673 # -1 # ID=1162_3;partial=01;start_type=Edge;rbs_motif=None;rbs_spacer=None;gc_cont=0.265
Ga0485799_0086_22    -            482 24257at2157          -            345    0.0032   16.1   0.0   1   1   3.9e-05     0.006   15.2   0.0    10    46   172   209   171   212 0.87 # 25935 # 27380 # -1 # ID=86_22;partial=00;start_type=GTG;rbs_motif=None;rbs_spacer=None;gc_cont=0.508
Ga0485799_0528_3     -            331 24257at2157          -            345    0.0032   16.1   0.0   1   1   3.1e-05    0.0048   15.5   0.0    30    83    58   111    45   112 0.94 # 1168 # 2160 # 1 # ID=528_3;partial=00;start_type=ATG;rbs_motif=GGAG/GAGG;rbs_spacer=5-10bp;gc_cont=0.449
Ga0485799_0528_8     -            632 24257at2157          -            345    0.0034   16.0   0.8   1   2     0.014       2.2    6.8   0.1    31    54    16    39    11    44 0.85 # 4369 # 6264 # 1 # ID=528_8;partial=00;start_type=ATG;rbs_motif=AGGA;rbs_spacer=5-10bp;gc_cont=0.444
Ga0485799_0528_8     -            632 24257at2157          -            345    0.0034   16.0   0.8   2   2    0.0091       1.4    7.4   0.1    30    50   334   354   330   360 0.85 # 4369 # 6264 # 1 # ID=528_8;partial=00;start_type=ATG;rbs_motif=AGGA;rbs_spacer=5-10bp;gc_cont=0.444
Ga0485799_0091_8     -            343 24257at2157          -            345    0.0039   15.8   0.0   1   1   4.3e-05    0.0067   15.1   0.0    27    58    19    50    12    61 0.88 # 8814 # 9842 # 1 # ID=91_8;partial=00;start_type=ATG;rbs_motif=None;rbs_spacer=None;gc_cont=0.476
Ga0485799_0037_32    -             79 24257at2157          -            345     0.004   15.8   0.0   1   1   2.6e-05    0.0041   15.8   0.0    28    60    30    62    23    78 0.81 # 40626 # 40862 # -1 # ID=37_32;partial=00;start_type=ATG;rbs_motif=AGGA;rbs_spacer=5-10bp;gc_cont=0.426
Ga0485799_0007_31    -            453 24257at2157          -            345    0.0056   15.3   0.0   1   1     7e-05     0.011   14.4   0.0    22    60     9    50     2    53 0.84 # 41284 # 42642 # -1 # ID=7_31;partial=00;start_type=ATG;rbs_motif=GGA/GAG/AGG;rbs_spacer=5-10bp;gc_cont=0.452
Ga0485799_0002_8     -            176 24257at2157          -            345    0.0066   15.1   0.0   1   1   7.6e-05     0.012   14.2   0.0    30    60     3    33     1    35 0.94 # 8120 # 8647 # 1 # ID=2_8;partial=00;start_type=ATG;rbs_motif=None;rbs_spacer=None;gc_cont=0.362
Ga0485799_0010_4     -            607 24257at2157          -            345    0.0081   14.8   0.0   1   2      0.43        66    1.9   0.0   250   289   101   140    91   156 0.90 # 4872 # 6692 # -1 # ID=10_4;partial=00;start_type=ATG;rbs_motif=None;rbs_spacer=None;gc_cont=0.446
Ga0485799_0010_4     -            607 24257at2157          -            345    0.0081   14.8   0.0   2   2    0.0015      0.23   10.0   0.0    30    75   389   436   384   440 0.83 # 4872 # 6692 # -1 # ID=10_4;partial=00;start_type=ATG;rbs_motif=None;rbs_spacer=None;gc_cont=0.446
Ga0485799_0377_3     -            219 24257at2157          -            345    0.0084   14.7   0.0   1   1   9.6e-05     0.015   13.9   0.0    20    48    13    41     8    46 0.88 # 1050 # 1706 # -1 # ID=377_3;partial=00;start_type=ATG;rbs_motif=None;rbs_spacer=None;gc_cont=0.274
Ga0485799_0121_4     -            103 24257at2157          -            345    0.0087   14.7   0.0   1   1   6.8e-05     0.011   14.4   0.0    27    51    29    53    15    59 0.89 # 2413 # 2721 # 1 # ID=121_4;partial=00;start_type=ATG;rbs_motif=None;rbs_spacer=None;gc_cont=0.430
Ga0485799_0002_14    -            868 24257at2157          -            345    0.0093   14.6   0.0   1   2      0.15        24    3.4   0.0    28    49   220   241   202   247 0.81 # 18278 # 20881 # 1 # ID=2_14;partial=00;start_type=ATG;rbs_motif=AGGA;rbs_spacer=5-10bp;gc_cont=0.495
Ga0485799_0002_14    -            868 24257at2157          -            345    0.0093   14.6   0.0   2   2    0.0074       1.1    7.7   0.0    31    50   604   623   600   645 0.91 # 18278 # 20881 # 1 # ID=2_14;partial=00;start_type=ATG;rbs_motif=AGGA;rbs_spacer=5-10bp;gc_cont=0.495
Ga0485799_0400_8     -            738 24257at2157          -            345    0.0094   14.6   0.2   1   1   0.00022     0.034   12.7   0.0    15    51   391   427   387   435 0.88 # 6582 # 8795 # 1 # ID=400_8;partial=00;start_type=ATG;rbs_motif=GGA/GAG/AGG;rbs_spacer=11-12bp;gc_cont=0.298
Ga0485799_0023_4     -            103 24257at2157          -            345      0.01   14.4   0.0   1   1   7.5e-05     0.012   14.3   0.0    27    51    29    53    12    59 0.87 # 1353 # 1661 # -1 # ID=23_4;partial=00;start_type=ATG;rbs_motif=AGGAG/GGAGG;rbs_spacer=11-12bp;gc_cont=0.414
Ga0485799_0094_21    -           1274 24257at2157          -            345     0.013   14.1   0.3   1   2    0.0023      0.36    9.4   0.0    25    52   428   455   415   461 0.83 # 23091 # 26912 # 1 # ID=94_21;partial=00;start_type=ATG;rbs_motif=GGA/GAG/AGG;rbs_spacer=5-10bp;gc_cont=0.410
Ga0485799_0094_21    -           1274 24257at2157          -            345     0.013   14.1   0.3   2   2       0.4        62    2.0   0.2   163   245   986  1063   980  1074 0.67 # 23091 # 26912 # 1 # ID=94_21;partial=00;start_type=ATG;rbs_motif=GGA/GAG/AGG;rbs_spacer=5-10bp;gc_cont=0.410
Ga0485799_0191_9     -            411 24257at2157          -            345     0.014   14.0   0.0   1   3    0.0073       1.1    7.7   0.0    28    49    38    59    29    69 0.82 # 6843 # 8075 # 1 # ID=191_9;partial=00;start_type=ATG;rbs_motif=None;rbs_spacer=None;gc_cont=0.324
Ga0485799_0191_9     -            411 24257at2157          -            345     0.014   14.0   0.0   2   3       1.4   2.2e+02    0.2   0.0   131   173   185   226   149   231 0.66 # 6843 # 8075 # 1 # ID=191_9;partial=00;start_type=ATG;rbs_motif=None;rbs_spacer=None;gc_cont=0.324
Ga0485799_0191_9     -            411 24257at2157          -            345     0.014   14.0   0.0   3   3       0.5        78    1.7   0.0    80   109   272   302   264   312 0.84 # 6843 # 8075 # 1 # ID=191_9;partial=00;start_type=ATG;rbs_motif=None;rbs_spacer=None;gc_cont=0.324
Ga0485799_0299_7     -            413 24257at2157          -            345     0.014   14.0   0.1   1   2   0.00057     0.088   11.4   0.1    31    50   301   320   296   325 0.89 # 5318 # 6556 # 1 # ID=299_7;partial=00;start_type=ATG;rbs_motif=None;rbs_spacer=None;gc_cont=0.415
Ga0485799_0299_7     -            413 24257at2157          -            345     0.014   14.0   0.1   2   2       1.9     3e+02   -0.3   0.0    72    93   363   384   358   395 0.83 # 5318 # 6556 # 1 # ID=299_7;partial=00;start_type=ATG;rbs_motif=None;rbs_spacer=None;gc_cont=0.415
Ga0485799_0149_24    -            463 24257at2157          -            345     0.014   14.0   0.0   1   2   0.00026      0.04   12.5   0.0    17    60     4    50     1    52 0.84 # 22378 # 23766 # -1 # ID=149_24;partial=00;start_type=ATG;rbs_motif=GGA/GAG/AGG;rbs_spacer=5-10bp;gc_cont=0.407
Ga0485799_0149_24    -            463 24257at2157          -            345     0.014   14.0   0.0   2   2       8.8   1.4e+03   -2.4   0.0    72    88    77    93    72    96 0.82 # 22378 # 23766 # -1 # ID=149_24;partial=00;start_type=ATG;rbs_motif=GGA/GAG/AGG;rbs_spacer=5-10bp;gc_cont=0.407
Ga0485799_0019_5     -           1104 24257at2157          -            345     0.019   13.6   0.4   1   2       0.2        32    3.0   0.0    25    52   278   306   267   310 0.73 # 5171 # 8482 # 1 # ID=19_5;partial=00;start_type=ATG;rbs_motif=None;rbs_spacer=None;gc_cont=0.416
Ga0485799_0019_5     -           1104 24257at2157          -            345     0.019   13.6   0.4   2   2    0.0053      0.83    8.2   0.1    73   131   348   405   343   417 0.85 # 5171 # 8482 # 1 # ID=19_5;partial=00;start_type=ATG;rbs_motif=None;rbs_spacer=None;gc_cont=0.416
Ga0485799_0023_17    -             83 24257at2157          -            345      0.02   13.5   0.0   1   1   0.00017     0.026   13.1   0.0    28    56     3    31     1    37 0.89 # 18165 # 18413 # 1 # ID=23_17;partial=00;start_type=ATG;rbs_motif=AGGAG;rbs_spacer=5-10bp;gc_cont=0.438
Ga0485799_0541_1     -             38 24257at2157          -            345     0.023   13.3   0.0   1   1   0.00015     0.023   13.3   0.0    31    57     5    31     1    36 0.86 # 2 # 115 # -1 # ID=541_1;partial=10;start_type=ATG;rbs_motif=GGA/GAG/AGG;rbs_spacer=5-10bp;gc_cont=0.333
Ga0485799_0190_19    -            371 24257at2157          -            345     0.023   13.3   0.0   1   1   0.00038     0.058   12.0   0.0    32    60    25    53     8    69 0.92 # 10984 # 12096 # 1 # ID=190_19;partial=00;start_type=ATG;rbs_motif=AGGA;rbs_spacer=5-10bp;gc_cont=0.341
Ga0485799_0357_2     -            371 24257at2157          -            345     0.023   13.3   0.0   1   1   0.00036     0.057   12.0   0.0    32    60    25    53     8    71 0.92 # 713 # 1825 # 1 # ID=357_2;partial=00;start_type=ATG;rbs_motif=AGGA;rbs_spacer=5-10bp;gc_cont=0.337
Ga0485799_0171_15    -            507 24257at2157          -            345     0.026   13.1   0.1   1   1    0.0004     0.062   11.9   0.0    25    54    97   126    93   131 0.83 # 11279 # 12799 # -1 # ID=171_15;partial=00;start_type=ATG;rbs_motif=None;rbs_spacer=None;gc_cont=0.442
Ga0485799_0073_2     -            332 24257at2157          -            345     0.028   13.0   0.0   1   3     0.082        13    4.3   0.0    29    50    26    47    13    52 0.82 # 1727 # 2722 # 1 # ID=73_2;partial=00;start_type=ATG;rbs_motif=None;rbs_spacer=None;gc_cont=0.441
Ga0485799_0073_2     -            332 24257at2157          -            345     0.028   13.0   0.0   2   3     0.028       4.4    5.8   0.0    76   164   106   194    93   245 0.77 # 1727 # 2722 # 1 # ID=73_2;partial=00;start_type=ATG;rbs_motif=None;rbs_spacer=None;gc_cont=0.441
Ga0485799_0073_2     -            332 24257at2157          -            345     0.028   13.0   0.0   3   3       6.7     1e+03   -2.0   0.0   272   307   235   270   229   288 0.72 # 1727 # 2722 # 1 # ID=73_2;partial=00;start_type=ATG;rbs_motif=None;rbs_spacer=None;gc_cont=0.441
Ga0485799_0225_6     -            417 24257at2157          -            345     0.031   12.9   0.0   1   1   0.00034     0.053   12.1   0.0    29    60    18    49     9    59 0.89 # 5684 # 6934 # -1 # ID=225_6;partial=00;start_type=ATG;rbs_motif=None;rbs_spacer=None;gc_cont=0.416
Ga0485799_0364_10    -            238 24257at2157          -            345     0.034   12.7   0.0   1   2    0.0018      0.27    9.8   0.0    24    49    23    48     9    52 0.81 # 10647 # 11360 # 1 # ID=364_10;partial=00;start_type=ATG;rbs_motif=None;rbs_spacer=None;gc_cont=0.429
Ga0485799_0364_10    -            238 24257at2157          -            345     0.034   12.7   0.0   2   2       1.3   2.1e+02    0.3   0.0   163   189   204   230   194   236 0.81 # 10647 # 11360 # 1 # ID=364_10;partial=00;start_type=ATG;rbs_motif=None;rbs_spacer=None;gc_cont=0.429
Ga0485799_0027_42    -            453 24257at2157          -            345     0.039   12.5   0.0   1   2   0.00078      0.12   10.9   0.0    19    53     7    44     3    61 0.76 # 34371 # 35729 # 1 # ID=27_42;partial=00;start_type=ATG;rbs_motif=None;rbs_spacer=None;gc_cont=0.375
Ga0485799_0027_42    -            453 24257at2157          -            345     0.039   12.5   0.0   2   2       7.4   1.2e+03   -2.2   0.0    74    90    79    95    74   102 0.81 # 34371 # 35729 # 1 # ID=27_42;partial=00;start_type=ATG;rbs_motif=None;rbs_spacer=None;gc_cont=0.375
Ga0485799_0131_12    -            365 24257at2157          -            345     0.041   12.5   0.1   1   2     0.012       1.9    7.0   0.0    30    49    32    51    22    57 0.87 # 14333 # 15427 # -1 # ID=131_12;partial=00;start_type=ATG;rbs_motif=GGA/GAG/AGG;rbs_spacer=5-10bp;gc_cont=0.416
Ga0485799_0131_12    -            365 24257at2157          -            345     0.041   12.5   0.1   2   2      0.17        26    3.3   0.0    55   106   278   330   274   353 0.71 # 14333 # 15427 # -1 # ID=131_12;partial=00;start_type=ATG;rbs_motif=GGA/GAG/AGG;rbs_spacer=5-10bp;gc_cont=0.416
Ga0485799_0066_26    -            483 24257at2157          -            345     0.045   12.3   0.0   1   1   0.00086      0.13   10.8   0.0    10    48   224   263   222   268 0.87 # 24428 # 25876 # -1 # ID=66_26;partial=00;start_type=TTG;rbs_motif=GGA/GAG/AGG;rbs_spacer=5-10bp;gc_cont=0.452
Ga0485799_0826_4     -            590 24257at2157          -            345      0.05   12.2   0.0   1   1   0.00071      0.11   11.0   0.0    27    50   377   400   367   406 0.87 # 1278 # 3047 # 1 # ID=826_4;partial=00;start_type=ATG;rbs_motif=None;rbs_spacer=None;gc_cont=0.318
Ga0485799_0590_1     -            134 24257at2157          -            345     0.053   12.1   0.0   1   1   0.00048     0.075   11.6   0.0    14    49    10    45     6    49 0.87 # 3 # 404 # -1 # ID=590_1;partial=10;start_type=ATG;rbs_motif=GGA/GAG/AGG;rbs_spacer=5-10bp;gc_cont=0.373
Ga0485799_0558_6     -            399 24257at2157          -            345     0.054   12.1   0.0   1   1   0.00066       0.1   11.1   0.0    28    56    37    65    33   112 0.69 # 4214 # 5410 # -1 # ID=558_6;partial=00;start_type=ATG;rbs_motif=AGGA;rbs_spacer=5-10bp;gc_cont=0.270
Ga0485799_0226_14    -            482 24257at2157          -            345     0.076   11.6   0.1   1   2      0.27        42    2.6   0.0   108   146   102   140    92   169 0.84 # 10342 # 11787 # 1 # ID=226_14;partial=00;start_type=ATG;rbs_motif=None;rbs_spacer=None;gc_cont=0.473
Ga0485799_0226_14    -            482 24257at2157          -            345     0.076   11.6   0.1   2   2     0.014       2.2    6.8   0.0    30    50   244   264   225   268 0.84 # 10342 # 11787 # 1 # ID=226_14;partial=00;start_type=ATG;rbs_motif=None;rbs_spacer=None;gc_cont=0.473
Ga0485799_0788_1     -            939 24257at2157          -            345     0.078   11.5   0.0   1   1   0.00075      0.12   11.0   0.0    16    74   250   306   247   318 0.74 # 351 # 3167 # -1 # ID=788_1;partial=00;start_type=ATG;rbs_motif=GGAG/GAGG;rbs_spacer=5-10bp;gc_cont=0.460
Ga0485799_0099_11    -            154 24257at2157          -            345      0.09   11.3   0.0   1   1   0.00087      0.14   10.8   0.0    13    50    20    59    16    64 0.78 # 12173 # 12634 # -1 # ID=99_11;partial=00;start_type=ATG;rbs_motif=None;rbs_spacer=None;gc_cont=0.411
Ga0485799_0120_26    -            388 24257at2157          -            345     0.093   11.3   0.0   1   2     0.023       3.6    6.1   0.0    15    53    10    48     7    66 0.85 # 31369 # 32532 # 1 # ID=120_26;partial=00;start_type=ATG;rbs_motif=None;rbs_spacer=None;gc_cont=0.418
Ga0485799_0120_26    -            388 24257at2157          -            345     0.093   11.3   0.0   2   2      0.34        53    2.2   0.0    75    97   298   321   290   368 0.80 # 31369 # 32532 # 1 # ID=120_26;partial=00;start_type=ATG;rbs_motif=None;rbs_spacer=None;gc_cont=0.418
Ga0485799_0005_2     -             75 24257at2157          -            345       0.1   11.2   0.0   1   1   0.00067       0.1   11.1   0.0    28    53    17    42     6    56 0.91 # 928 # 1152 # -1 # ID=5_2;partial=00;start_type=GTG;rbs_motif=AGGAG;rbs_spacer=5-10bp;gc_cont=0.449
Ga0485799_0394_6     -            117 24257at2157          -            345       0.1   11.2   0.0   1   1   0.00082      0.13   10.8   0.0    32    88    28    85    14    87 0.79 # 5276 # 5626 # 1 # ID=394_6;partial=00;start_type=ATG;rbs_motif=None;rbs_spacer=None;gc_cont=0.442
Ga0485799_0024_10    -            345 24257at2157          -            345      0.11   11.0   0.0   1   2    0.0048      0.75    8.3   0.0    30    54    32    56    24    58 0.86 # 7288 # 8322 # -1 # ID=24_10;partial=00;start_type=ATG;rbs_motif=None;rbs_spacer=None;gc_cont=0.371
Ga0485799_0024_10    -            345 24257at2157          -            345      0.11   11.0   0.0   2   2       2.1   3.2e+02   -0.4   0.0    73   107   242   277   238   286 0.69 # 7288 # 8322 # -1 # ID=24_10;partial=00;start_type=ATG;rbs_motif=None;rbs_spacer=None;gc_cont=0.371
Ga0485799_0253_13    -            376 24257at2157          -            345      0.12   10.9   0.0   1   2     0.012       1.8    7.0   0.0    31    56    26    51    15    63 0.86 # 7889 # 9016 # -1 # ID=253_13;partial=00;start_type=ATG;rbs_motif=GGA/GAG/AGG;rbs_spacer=5-10bp;gc_cont=0.443
Ga0485799_0253_13    -            376 24257at2157          -            345      0.12   10.9   0.0   2   2      0.59        92    1.4   0.0    79   117   280   315   272   336 0.75 # 7889 # 9016 # -1 # ID=253_13;partial=00;start_type=ATG;rbs_motif=GGA/GAG/AGG;rbs_spacer=5-10bp;gc_cont=0.443
Ga0485799_0091_21    -            430 24257at2157          -            345      0.13   10.8   0.0   1   2     0.014       2.2    6.8   0.0    32    62    27    57    21    76 0.84 # 27851 # 29140 # 1 # ID=91_21;partial=00;start_type=ATG;rbs_motif=AGGAG;rbs_spacer=5-10bp;gc_cont=0.429
Ga0485799_0091_21    -            430 24257at2157          -            345      0.13   10.8   0.0   2   2      0.62        96    1.4   0.0    71   103   271   304   267   328 0.76 # 27851 # 29140 # 1 # ID=91_21;partial=00;start_type=ATG;rbs_motif=AGGAG;rbs_spacer=5-10bp;gc_cont=0.429
Ga0485799_0427_6     -            324 24257at2157          -            345      0.14   10.8   0.2   1   1    0.0014      0.23   10.0   0.2    26    51   134   159   128   165 0.89 # 3623 # 4594 # 1 # ID=427_6;partial=00;start_type=ATG;rbs_motif=None;rbs_spacer=None;gc_cont=0.493
Ga0485799_0085_2     -             55 24257at2157          -            345      0.14   10.7   0.0   1   1   0.00092      0.14   10.7   0.0    31    51    26    46     7    50 0.86 # 2616 # 2780 # 1 # ID=85_2;partial=00;start_type=ATG;rbs_motif=GGA/GAG/AGG;rbs_spacer=5-10bp;gc_cont=0.442
Ga0485799_0102_27    -            117 24257at2157          -            345      0.15   10.6   0.0   1   1    0.0012      0.18   10.3   0.0    28    75    17    63     9    89 0.81 # 30821 # 31171 # 1 # ID=102_27;partial=00;start_type=ATG;rbs_motif=None;rbs_spacer=None;gc_cont=0.413
Ga0485799_0192_7     -             83 24257at2157          -            345      0.15   10.6   0.0   1   1   0.00099      0.15   10.6   0.0    31    65    26    60     9    73 0.83 # 6453 # 6701 # -1 # ID=192_7;partial=00;start_type=ATG;rbs_motif=None;rbs_spacer=None;gc_cont=0.373
Ga0485799_0459_4     -            360 24257at2157          -            345      0.17   10.4   0.4   1   2    0.0022      0.34    9.4   0.0    29    51    31    53    20    59 0.87 # 1046 # 2125 # -1 # ID=459_4;partial=00;start_type=ATG;rbs_motif=None;rbs_spacer=None;gc_cont=0.401
Ga0485799_0459_4     -            360 24257at2157          -            345      0.17   10.4   0.4   2   2       8.6   1.3e+03   -2.4   0.1    79    92   297   311   294   315 0.81 # 1046 # 2125 # -1 # ID=459_4;partial=00;start_type=ATG;rbs_motif=None;rbs_spacer=None;gc_cont=0.401
Ga0485799_0170_7     -            360 24257at2157          -            345      0.18   10.3   0.5   1   2    0.0022      0.34    9.4   0.0    29    51    31    53    20    59 0.87 # 6155 # 7234 # 1 # ID=170_7;partial=00;start_type=ATG;rbs_motif=None;rbs_spacer=None;gc_cont=0.389
Ga0485799_0170_7     -            360 24257at2157          -            345      0.18   10.3   0.5   2   2         9   1.4e+03   -2.4   0.1    79    92   297   311   294   314 0.80 # 6155 # 7234 # 1 # ID=170_7;partial=00;start_type=ATG;rbs_motif=None;rbs_spacer=None;gc_cont=0.389
Ga0485799_0391_11    -             48 24257at2157          -            345      0.21   10.1   0.0   1   1    0.0014      0.22   10.1   0.0    32    49    15    32     9    37 0.90 # 6276 # 6419 # -1 # ID=391_11;partial=00;start_type=ATG;rbs_motif=4Base/6BMM;rbs_spacer=13-15bp;gc_cont=0.417
#
# Program:         hmmsearch
# Version:         3.1b2 (February 2015)
# Pipeline mode:   SEARCH
# Query file:      /home/mira/Bacteria2022/Thiomargarita_magnifica/qc_assembly/busco_article/busco_downloads/lineages/archaea_odb10/hmms/24257at2157.hmm
# Target file:     /home/mira/Bacteria2022/Thiomargarita_magnifica/qc_assembly/busco_article/busco_article/prodigal_output/predicted_genes/predicted.faa
# Option settings: hmmsearch --domtblout /home/mira/Bacteria2022/Thiomargarita_magnifica/qc_assembly/busco_article/busco_article/auto_lineage/run_archaea_odb10/hmmer_output/24257at2157.out --cpu 1 /home/mira/Bacteria2022/Thiomargarita_magnifica/qc_assembly/busco_article/busco_downloads/lineages/archaea_odb10/hmms/24257at2157.hmm /home/mira/Bacteria2022/Thiomargarita_magnifica/qc_assembly/busco_article/busco_article/prodigal_output/predicted_genes/predicted.faa 
# Current dir:     /home/mira/Bacteria2022/Thiomargarita_magnifica/qc_assembly/busco_article
# Date:            Wed Jul 13 13:04:27 2022
# [ok]
