#                                                                            --- full sequence --- -------------- this domain -------------   hmm coord   ali coord   env coord
# target name        accession   tlen query name           accession   qlen   E-value  score  bias   #  of  c-Evalue  i-Evalue  score  bias  from    to  from    to  from    to  acc description of target
#------------------- ---------- ----- -------------------- ---------- ----- --------- ------ ----- --- --- --------- --------- ------ ----- ----- ----- ----- ----- ----- ----- ---- ---------------------
Ga0485799_0059_24    -            587 24288at2157          -            347   5.5e-53  180.4   0.1   1   2   2.2e-37   6.9e-34  117.6   0.1     2   234    14   283    13   293 0.80 # 40468 # 42228 # 1 # ID=59_24;partial=00;start_type=ATG;rbs_motif=AGGA;rbs_spacer=5-10bp;gc_cont=0.463
Ga0485799_0059_24    -            587 24288at2157          -            347   5.5e-53  180.4   0.1   2   2   6.4e-17     2e-13   50.3   0.0   265   341   475   558   473   561 0.86 # 40468 # 42228 # 1 # ID=59_24;partial=00;start_type=ATG;rbs_motif=AGGA;rbs_spacer=5-10bp;gc_cont=0.463
Ga0485799_0211_20    -            413 24288at2157          -            347     4e-33  115.1   0.2   1   2   3.3e-20     1e-16   61.1   0.1   149   235    17   109    11   124 0.86 # 20836 # 22074 # -1 # ID=211_20;partial=01;start_type=Edge;rbs_motif=None;rbs_spacer=None;gc_cont=0.342
Ga0485799_0211_20    -            413 24288at2157          -            347     4e-33  115.1   0.2   2   2   2.4e-17   7.4e-14   51.7   0.0   265   341   296   379   293   382 0.84 # 20836 # 22074 # -1 # ID=211_20;partial=01;start_type=Edge;rbs_motif=None;rbs_spacer=None;gc_cont=0.342
Ga0485799_0348_12    -            509 24288at2157          -            347   4.5e-32  111.6   0.8   1   4     0.017        54    2.8   0.0     4    34    56    86    53    93 0.88 # 10577 # 12103 # 1 # ID=348_12;partial=00;start_type=TTG;rbs_motif=AGGA;rbs_spacer=5-10bp;gc_cont=0.299
Ga0485799_0348_12    -            509 24288at2157          -            347   4.5e-32  111.6   0.8   2   4   9.9e-23   3.1e-19   69.4   0.0    45   220   122   298   104   313 0.81 # 10577 # 12103 # 1 # ID=348_12;partial=00;start_type=TTG;rbs_motif=AGGA;rbs_spacer=5-10bp;gc_cont=0.299
Ga0485799_0348_12    -            509 24288at2157          -            347   4.5e-32  111.6   0.8   3   4      0.24   7.4e+02   -0.9   0.0   231   261   359   388   334   390 0.77 # 10577 # 12103 # 1 # ID=348_12;partial=00;start_type=TTG;rbs_motif=AGGA;rbs_spacer=5-10bp;gc_cont=0.299
Ga0485799_0348_12    -            509 24288at2157          -            347   4.5e-32  111.6   0.8   4   4   3.1e-12   9.6e-09   34.9   0.0   300   339   449   488   426   491 0.89 # 10577 # 12103 # 1 # ID=348_12;partial=00;start_type=TTG;rbs_motif=AGGA;rbs_spacer=5-10bp;gc_cont=0.299
Ga0485799_0322_14    -            223 24288at2157          -            347   9.3e-28   97.4   0.0   1   2   3.2e-07   0.00099   18.4   0.0     4    34    16    46    13    77 0.81 # 14054 # 14722 # 1 # ID=322_14;partial=01;start_type=TTG;rbs_motif=GGA/GAG/AGG;rbs_spacer=5-10bp;gc_cont=0.341
Ga0485799_0322_14    -            223 24288at2157          -            347   9.3e-28   97.4   0.0   2   2   3.7e-25   1.2e-21   77.4   0.0    47   176    90   219    63   222 0.87 # 14054 # 14722 # 1 # ID=322_14;partial=01;start_type=TTG;rbs_motif=GGA/GAG/AGG;rbs_spacer=5-10bp;gc_cont=0.341
Ga0485799_0236_4     -            310 24288at2157          -            347   3.4e-12   46.2   0.0   1   2   1.6e-08   4.9e-05   22.7   0.0    98   231    13   145     4   163 0.73 # 2846 # 3775 # -1 # ID=236_4;partial=00;start_type=ATG;rbs_motif=AGGA;rbs_spacer=5-10bp;gc_cont=0.459
Ga0485799_0236_4     -            310 24288at2157          -            347   3.4e-12   46.2   0.0   2   2   3.2e-08    0.0001   21.7   0.0   299   339   265   305   228   309 0.83 # 2846 # 3775 # -1 # ID=236_4;partial=00;start_type=ATG;rbs_motif=AGGA;rbs_spacer=5-10bp;gc_cont=0.459
#
# Program:         hmmsearch
# Version:         3.1b2 (February 2015)
# Pipeline mode:   SEARCH
# Query file:      /home/mira/Bacteria2022/Thiomargarita_magnifica/qc_assembly/busco_article/busco_downloads/lineages/archaea_odb10/hmms/24288at2157.hmm
# Target file:     /home/mira/Bacteria2022/Thiomargarita_magnifica/qc_assembly/busco_article/busco_article/prodigal_output/predicted_genes/predicted.faa
# Option settings: hmmsearch --domtblout /home/mira/Bacteria2022/Thiomargarita_magnifica/qc_assembly/busco_article/busco_article/auto_lineage/run_archaea_odb10/hmmer_output/24288at2157.out --cpu 1 /home/mira/Bacteria2022/Thiomargarita_magnifica/qc_assembly/busco_article/busco_downloads/lineages/archaea_odb10/hmms/24288at2157.hmm /home/mira/Bacteria2022/Thiomargarita_magnifica/qc_assembly/busco_article/busco_article/prodigal_output/predicted_genes/predicted.faa 
# Current dir:     /home/mira/Bacteria2022/Thiomargarita_magnifica/qc_assembly/busco_article
# Date:            Wed Jul 13 13:04:27 2022
# [ok]
