#                                                                            --- full sequence --- -------------- this domain -------------   hmm coord   ali coord   env coord
# target name        accession   tlen query name           accession   qlen   E-value  score  bias   #  of  c-Evalue  i-Evalue  score  bias  from    to  from    to  from    to  acc description of target
#------------------- ---------- ----- -------------------- ---------- ----- --------- ------ ----- --- --- --------- --------- ------ ----- ----- ----- ----- ----- ----- ----- ---- ---------------------
Ga0485799_0212_10    -            397 25592at2157          -            354   4.9e-33  114.6   1.0   1   1   1.5e-35   1.5e-32  113.0   1.0     1   282    10   304    10   318 0.78 # 11131 # 12321 # -1 # ID=212_10;partial=00;start_type=ATG;rbs_motif=GGA/GAG/AGG;rbs_spacer=5-10bp;gc_cont=0.482
Ga0485799_0204_16    -            403 25592at2157          -            354   9.4e-29  100.5   9.8   1   1   9.6e-30   9.3e-27   93.9   9.8     1   283    10   311    10   324 0.75 # 18578 # 19786 # -1 # ID=204_16;partial=00;start_type=ATG;rbs_motif=AGGA;rbs_spacer=5-10bp;gc_cont=0.376
Ga0485799_0698_5     -            484 25592at2157          -            354   1.5e-18   66.9   1.0   1   2      0.25   2.4e+02    0.5   0.0     8    22    29    43    25    46 0.85 # 3215 # 4666 # 1 # ID=698_5;partial=00;start_type=ATG;rbs_motif=AGGA/GGAG/GAGG;rbs_spacer=11-12bp;gc_cont=0.296
Ga0485799_0698_5     -            484 25592at2157          -            354   1.5e-18   66.9   1.0   2   2   1.2e-20   1.2e-17   64.0   0.6    63   310   102   373    92   388 0.70 # 3215 # 4666 # 1 # ID=698_5;partial=00;start_type=ATG;rbs_motif=AGGA/GGAG/GAGG;rbs_spacer=11-12bp;gc_cont=0.296
Ga0485799_0419_8     -            866 25592at2157          -            354     2e-13   50.1   2.6   1   1   2.7e-14   2.6e-11   43.1   2.6     6   130   368   475   365   486 0.84 # 4668 # 7265 # -1 # ID=419_8;partial=00;start_type=ATG;rbs_motif=AGGAG/GGAGG;rbs_spacer=11-12bp;gc_cont=0.339
Ga0485799_0126_18    -            919 25592at2157          -            354   1.6e-10   40.5   3.7   1   1   1.2e-11   1.1e-08   34.4   3.7     6   174   423   577   419   589 0.81 # 16759 # 19515 # -1 # ID=126_18;partial=00;start_type=ATG;rbs_motif=None;rbs_spacer=None;gc_cont=0.496
Ga0485799_0313_8     -            599 25592at2157          -            354   2.8e-09   36.4   0.0   1   1     5e-12   4.8e-09   35.7   0.0     2   181     3   183     2   188 0.72 # 7288 # 9084 # -1 # ID=313_8;partial=00;start_type=ATG;rbs_motif=None;rbs_spacer=None;gc_cont=0.469
Ga0485799_0543_1     -            638 25592at2157          -            354   3.8e-08   32.7   0.4   1   1   1.5e-10   1.4e-07   30.8   0.4     5   108    40   143    37   165 0.77 # 340 # 2253 # -1 # ID=543_1;partial=00;start_type=TTG;rbs_motif=None;rbs_spacer=None;gc_cont=0.468
Ga0485799_0714_3     -            597 25592at2157          -            354   0.00011   21.3   0.3   1   1   2.8e-07   0.00027   20.0   0.3     5   143     7   149     3   187 0.62 # 1553 # 3343 # 1 # ID=714_3;partial=00;start_type=TTG;rbs_motif=GGA/GAG/AGG;rbs_spacer=5-10bp;gc_cont=0.337
Ga0485799_0001_62    -            700 25592at2157          -            354   0.00049   19.2   0.4   1   1   2.2e-06    0.0022   17.1   0.4     5   109    12   125     9   180 0.72 # 94149 # 96248 # 1 # ID=1_62;partial=00;start_type=ATG;rbs_motif=None;rbs_spacer=None;gc_cont=0.521
Ga0485799_0757_3     -            704 25592at2157          -            354   0.00093   18.3   1.5   1   1   4.7e-06    0.0045   16.0   1.5     5   121    12   136     9   191 0.69 # 781 # 2892 # -1 # ID=757_3;partial=00;start_type=ATG;rbs_motif=AGGA;rbs_spacer=5-10bp;gc_cont=0.375
Ga0485799_0767_3     -            505 25592at2157          -            354    0.0033   16.5   0.0   1   2       0.9   8.7e+02   -1.4   0.0     2    26   205   229   204   235 0.87 # 1417 # 2931 # -1 # ID=767_3;partial=00;start_type=ATG;rbs_motif=AGGA;rbs_spacer=5-10bp;gc_cont=0.303
Ga0485799_0767_3     -            505 25592at2157          -            354    0.0033   16.5   0.0   2   2   1.4e-05     0.014   14.4   0.0    91   185   290   381   251   385 0.76 # 1417 # 2931 # -1 # ID=767_3;partial=00;start_type=ATG;rbs_motif=AGGA;rbs_spacer=5-10bp;gc_cont=0.303
Ga0485799_0226_17    -            683 25592at2157          -            354    0.0056   15.7   0.4   1   1   5.8e-05     0.057   12.4   0.4     5   100    11   109     7   137 0.72 # 14073 # 16121 # 1 # ID=226_17;partial=00;start_type=ATG;rbs_motif=GGA/GAG/AGG;rbs_spacer=5-10bp;gc_cont=0.487
Ga0485799_1021_1     -            594 25592at2157          -            354     0.015   14.3   0.0   1   1   2.4e-05     0.023   13.7   0.0    66   130    56   118    45   130 0.85 # 1 # 1782 # 1 # ID=1021_1;partial=10;start_type=Edge;rbs_motif=None;rbs_spacer=None;gc_cont=0.345
Ga0485799_1302_2     -            238 25592at2157          -            354      0.03   13.3   0.0   1   1   4.1e-05      0.04   12.9   0.0   141   186    69   114    23   124 0.79 # 607 # 1320 # -1 # ID=1302_2;partial=01;start_type=Edge;rbs_motif=None;rbs_spacer=None;gc_cont=0.305
Ga0485799_0313_4     -            299 25592at2157          -            354     0.076   12.0   0.1   1   2       1.4   1.4e+03   -2.0   0.0     6    30    10    34     8    43 0.78 # 3863 # 4759 # -1 # ID=313_4;partial=00;start_type=ATG;rbs_motif=GGA/GAG/AGG;rbs_spacer=5-10bp;gc_cont=0.447
Ga0485799_0313_4     -            299 25592at2157          -            354     0.076   12.0   0.1   2   2   0.00022      0.22   10.5   0.0    64   179    54   173    44   178 0.66 # 3863 # 4759 # -1 # ID=313_4;partial=00;start_type=ATG;rbs_motif=GGA/GAG/AGG;rbs_spacer=5-10bp;gc_cont=0.447
Ga0485799_0234_10    -            528 25592at2157          -            354      0.15   11.0   0.0   1   2      0.23   2.3e+02    0.6   0.0     7    23    15    31    12    33 0.87 # 9089 # 10672 # 1 # ID=234_10;partial=00;start_type=ATG;rbs_motif=None;rbs_spacer=None;gc_cont=0.465
Ga0485799_0234_10    -            528 25592at2157          -            354      0.15   11.0   0.0   2   2    0.0015       1.4    7.8   0.0    67   102    82   117    73   140 0.92 # 9089 # 10672 # 1 # ID=234_10;partial=00;start_type=ATG;rbs_motif=None;rbs_spacer=None;gc_cont=0.465
#
# Program:         hmmsearch
# Version:         3.1b2 (February 2015)
# Pipeline mode:   SEARCH
# Query file:      /home/mira/Bacteria2022/Thiomargarita_magnifica/qc_assembly/busco_article/busco_downloads/lineages/archaea_odb10/hmms/25592at2157.hmm
# Target file:     /home/mira/Bacteria2022/Thiomargarita_magnifica/qc_assembly/busco_article/busco_article/prodigal_output/predicted_genes/predicted.faa
# Option settings: hmmsearch --domtblout /home/mira/Bacteria2022/Thiomargarita_magnifica/qc_assembly/busco_article/busco_article/auto_lineage/run_archaea_odb10/hmmer_output/25592at2157.out --cpu 1 /home/mira/Bacteria2022/Thiomargarita_magnifica/qc_assembly/busco_article/busco_downloads/lineages/archaea_odb10/hmms/25592at2157.hmm /home/mira/Bacteria2022/Thiomargarita_magnifica/qc_assembly/busco_article/busco_article/prodigal_output/predicted_genes/predicted.faa 
# Current dir:     /home/mira/Bacteria2022/Thiomargarita_magnifica/qc_assembly/busco_article
# Date:            Wed Jul 13 13:04:27 2022
# [ok]
