#                                                                            --- full sequence --- -------------- this domain -------------   hmm coord   ali coord   env coord
# target name        accession   tlen query name           accession   qlen   E-value  score  bias   #  of  c-Evalue  i-Evalue  score  bias  from    to  from    to  from    to  acc description of target
#------------------- ---------- ----- -------------------- ---------- ----- --------- ------ ----- --- --- --------- --------- ------ ----- ----- ----- ----- ----- ----- ----- ---- ---------------------
Ga0485799_0217_4     -            458 25871at2157          -            350   1.1e-66  224.8  15.6   1   1   8.7e-69   1.9e-65  220.7  15.6     3   350     7   428     5   428 0.80 # 3963 # 5336 # 1 # ID=217_4;partial=00;start_type=ATG;rbs_motif=AGGA;rbs_spacer=5-10bp;gc_cont=0.483
Ga0485799_0363_17    -            456 25871at2157          -            350   1.5e-59  201.4  32.1   1   2   1.5e-62   3.4e-59  200.2  25.1     2   350     6   423     5   423 0.77 # 8874 # 10241 # 1 # ID=363_17;partial=00;start_type=GTG;rbs_motif=GGA/GAG/AGG;rbs_spacer=5-10bp;gc_cont=0.348
Ga0485799_0363_17    -            456 25871at2157          -            350   1.5e-59  201.4  32.1   2   2    0.0078        17    3.8   1.7   254   284   415   445   412   447 0.88 # 8874 # 10241 # 1 # ID=363_17;partial=00;start_type=GTG;rbs_motif=GGA/GAG/AGG;rbs_spacer=5-10bp;gc_cont=0.348
Ga0485799_0224_6     -            329 25871at2157          -            350   1.9e-42  145.1   1.5   1   1   9.4e-45   2.1e-41  141.7   1.5    11   249    47   327    37   328 0.78 # 7238 # 8224 # 1 # ID=224_6;partial=00;start_type=ATG;rbs_motif=None;rbs_spacer=None;gc_cont=0.462
Ga0485799_0520_5     -            319 25871at2157          -            350   1.4e-37  129.1   0.6   1   1   2.4e-40   5.4e-37  127.2   0.6     3   249    35   312    33   315 0.83 # 6530 # 7486 # -1 # ID=520_5;partial=00;start_type=ATG;rbs_motif=AGGA;rbs_spacer=5-10bp;gc_cont=0.331
Ga0485799_0388_6     -            382 25871at2157          -            350   8.9e-15   54.1   0.4   1   1   8.9e-18     2e-14   53.0   0.4    80   235   182   359   171   374 0.76 # 2304 # 3449 # -1 # ID=388_6;partial=00;start_type=ATG;rbs_motif=GGA/GAG/AGG;rbs_spacer=5-10bp;gc_cont=0.288
Ga0485799_0721_3     -            167 25871at2157          -            350    0.0038   15.9   0.0   1   1   2.6e-06    0.0057   15.3   0.0    77   123     5    51     2    72 0.88 # 1227 # 1727 # -1 # ID=721_3;partial=00;start_type=ATG;rbs_motif=None;rbs_spacer=None;gc_cont=0.291
Ga0485799_0052_31    -            364 25871at2157          -            350     0.053   12.1   0.0   1   1     4e-05     0.088   11.4   0.0    82   120   104   142    95   147 0.87 # 34945 # 36036 # 1 # ID=52_31;partial=00;start_type=ATG;rbs_motif=AGGAG;rbs_spacer=5-10bp;gc_cont=0.471
#
# Program:         hmmsearch
# Version:         3.1b2 (February 2015)
# Pipeline mode:   SEARCH
# Query file:      /home/mira/Bacteria2022/Thiomargarita_magnifica/qc_assembly/busco_article/busco_downloads/lineages/archaea_odb10/hmms/25871at2157.hmm
# Target file:     /home/mira/Bacteria2022/Thiomargarita_magnifica/qc_assembly/busco_article/busco_article/prodigal_output/predicted_genes/predicted.faa
# Option settings: hmmsearch --domtblout /home/mira/Bacteria2022/Thiomargarita_magnifica/qc_assembly/busco_article/busco_article/auto_lineage/run_archaea_odb10/hmmer_output/25871at2157.out --cpu 1 /home/mira/Bacteria2022/Thiomargarita_magnifica/qc_assembly/busco_article/busco_downloads/lineages/archaea_odb10/hmms/25871at2157.hmm /home/mira/Bacteria2022/Thiomargarita_magnifica/qc_assembly/busco_article/busco_article/prodigal_output/predicted_genes/predicted.faa 
# Current dir:     /home/mira/Bacteria2022/Thiomargarita_magnifica/qc_assembly/busco_article
# Date:            Wed Jul 13 13:04:27 2022
# [ok]
