#                                                                            --- full sequence --- -------------- this domain -------------   hmm coord   ali coord   env coord
# target name        accession   tlen query name           accession   qlen   E-value  score  bias   #  of  c-Evalue  i-Evalue  score  bias  from    to  from    to  from    to  acc description of target
#------------------- ---------- ----- -------------------- ---------- ----- --------- ------ ----- --- --- --------- --------- ------ ----- ----- ----- ----- ----- ----- ----- ---- ---------------------
Ga0485799_0072_38    -            399 31316at2157          -            264     2e-48  164.6   0.3   1   2   9.9e-29   1.1e-25   90.0   0.0     3   113    92   223    90   236 0.84 # 40017 # 41213 # -1 # ID=72_38;partial=00;start_type=ATG;rbs_motif=None;rbs_spacer=None;gc_cont=0.468
Ga0485799_0072_38    -            399 31316at2157          -            264     2e-48  164.6   0.3   2   2   1.8e-23     2e-20   72.8   0.1   126   239   255   377   244   383 0.82 # 40017 # 41213 # -1 # ID=72_38;partial=00;start_type=ATG;rbs_motif=None;rbs_spacer=None;gc_cont=0.468
Ga0485799_0627_1     -            249 31316at2157          -            264   9.5e-39  132.8   0.0   1   1   1.2e-41   1.4e-38  132.3   0.0    53   263     3   247     1   248 0.87 # 2 # 748 # 1 # ID=627_1;partial=10;start_type=Edge;rbs_motif=None;rbs_spacer=None;gc_cont=0.295
Ga0485799_1253_1     -            113 31316at2157          -            264   1.6e-13   50.1   0.0   1   1   1.8e-16     2e-13   49.8   0.0     2    56    52   110    51   113 0.86 # 3 # 341 # -1 # ID=1253_1;partial=10;start_type=ATG;rbs_motif=AGGA;rbs_spacer=5-10bp;gc_cont=0.310
Ga0485799_0463_8     -            315 31316at2157          -            264   1.6e-06   27.2   0.7   1   2   3.4e-05     0.038   12.9   0.0    71   111    59   102    44   108 0.88 # 5392 # 6336 # -1 # ID=463_8;partial=00;start_type=ATG;rbs_motif=None;rbs_spacer=None;gc_cont=0.341
Ga0485799_0463_8     -            315 31316at2157          -            264   1.6e-06   27.2   0.7   2   2   4.8e-05     0.053   12.4   0.2   178   244   174   242   153   256 0.83 # 5392 # 6336 # -1 # ID=463_8;partial=00;start_type=ATG;rbs_motif=None;rbs_spacer=None;gc_cont=0.341
Ga0485799_0584_5     -            482 31316at2157          -            264   9.6e-06   24.6   2.7   1   3       1.9   2.1e+03   -2.7   0.0   199   244   155   204   146   211 0.57 # 2779 # 4224 # -1 # ID=584_5;partial=00;start_type=ATG;rbs_motif=GGA/GAG/AGG;rbs_spacer=5-10bp;gc_cont=0.345
Ga0485799_0584_5     -            482 31316at2157          -            264   9.6e-06   24.6   2.7   2   3   0.00042      0.47    9.3   0.1   187   229   254   295   249   308 0.89 # 2779 # 4224 # -1 # ID=584_5;partial=00;start_type=ATG;rbs_motif=GGA/GAG/AGG;rbs_spacer=5-10bp;gc_cont=0.345
Ga0485799_0584_5     -            482 31316at2157          -            264   9.6e-06   24.6   2.7   3   3   1.3e-05     0.014   14.3   0.2   192   233   321   362   312   365 0.88 # 2779 # 4224 # -1 # ID=584_5;partial=00;start_type=ATG;rbs_motif=GGA/GAG/AGG;rbs_spacer=5-10bp;gc_cont=0.345
Ga0485799_0123_30    -            256 31316at2157          -            264   1.4e-05   24.1   0.1   1   3   1.9e-05     0.021   13.7   0.0   185   230    62   107    60   121 0.89 # 29625 # 30392 # -1 # ID=123_30;partial=00;start_type=ATG;rbs_motif=GGAG/GAGG;rbs_spacer=5-10bp;gc_cont=0.503
Ga0485799_0123_30    -            256 31316at2157          -            264   1.4e-05   24.1   0.1   2   3      0.57   6.3e+02   -1.0   0.0     1    39   140   176   140   180 0.85 # 29625 # 30392 # -1 # ID=123_30;partial=00;start_type=ATG;rbs_motif=GGAG/GAGG;rbs_spacer=5-10bp;gc_cont=0.503
Ga0485799_0123_30    -            256 31316at2157          -            264   1.4e-05   24.1   0.1   3   3    0.0019       2.1    7.1   0.0   188   221   189   222   186   247 0.84 # 29625 # 30392 # -1 # ID=123_30;partial=00;start_type=ATG;rbs_motif=GGAG/GAGG;rbs_spacer=5-10bp;gc_cont=0.503
Ga0485799_0224_3     -            487 31316at2157          -            264   0.00034   19.5   3.5   1   3       1.4   1.6e+03   -2.3   0.0    29    61    62    94    42   105 0.83 # 3137 # 4597 # -1 # ID=224_3;partial=00;start_type=ATG;rbs_motif=None;rbs_spacer=None;gc_cont=0.486
Ga0485799_0224_3     -            487 31316at2157          -            264   0.00034   19.5   3.5   2   3   0.00033      0.36    9.6   0.2   186   229   255   298   251   312 0.87 # 3137 # 4597 # -1 # ID=224_3;partial=00;start_type=ATG;rbs_motif=None;rbs_spacer=None;gc_cont=0.486
Ga0485799_0224_3     -            487 31316at2157          -            264   0.00034   19.5   3.5   3   3   0.00025      0.28   10.0   0.1   186   233   318   365   313   369 0.88 # 3137 # 4597 # -1 # ID=224_3;partial=00;start_type=ATG;rbs_motif=None;rbs_spacer=None;gc_cont=0.486
Ga0485799_0569_3     -            325 31316at2157          -            264   0.00062   18.7   0.4   1   2       2.9   3.2e+03   -3.3   0.0     7    37     5    39     2    45 0.55 # 2094 # 3068 # -1 # ID=569_3;partial=00;start_type=ATG;rbs_motif=None;rbs_spacer=None;gc_cont=0.466
Ga0485799_0569_3     -            325 31316at2157          -            264   0.00062   18.7   0.4   2   2   1.9e-06    0.0021   17.0   0.2    74   244    62   242    54   246 0.80 # 2094 # 3068 # -1 # ID=569_3;partial=00;start_type=ATG;rbs_motif=None;rbs_spacer=None;gc_cont=0.466
Ga0485799_0123_31    -            251 31316at2157          -            264   0.00085   18.2   0.5   1   2     3e-05     0.033   13.0   0.0   183   237    59   115    53   121 0.88 # 30477 # 31229 # -1 # ID=123_31;partial=00;start_type=ATG;rbs_motif=GGAG/GAGG;rbs_spacer=5-10bp;gc_cont=0.481
Ga0485799_0123_31    -            251 31316at2157          -            264   0.00085   18.2   0.5   2   2     0.024        27    3.5   0.1   187   214   180   207   173   225 0.83 # 30477 # 31229 # -1 # ID=123_31;partial=00;start_type=ATG;rbs_motif=GGAG/GAGG;rbs_spacer=5-10bp;gc_cont=0.481
Ga0485799_1506_2     -            246 31316at2157          -            264    0.0022   16.9   0.0   1   2   0.00012      0.14   11.0   0.0   186   228    55    97    51   114 0.84 # 210 # 947 # -1 # ID=1506_2;partial=01;start_type=Edge;rbs_motif=None;rbs_spacer=None;gc_cont=0.355
Ga0485799_1506_2     -            246 31316at2157          -            264    0.0022   16.9   0.0   2   2      0.02        23    3.7   0.0   188   217   179   208   175   240 0.76 # 210 # 947 # -1 # ID=1506_2;partial=01;start_type=Edge;rbs_motif=None;rbs_spacer=None;gc_cont=0.355
Ga0485799_1109_2     -            362 31316at2157          -            264    0.0032   16.4   0.0   1   1   4.7e-06    0.0052   15.7   0.0   184   232   194   243   191   265 0.90 # 324 # 1409 # -1 # ID=1109_2;partial=00;start_type=ATG;rbs_motif=GGA/GAG/AGG;rbs_spacer=5-10bp;gc_cont=0.345
Ga0485799_0048_43    -            374 31316at2157          -            264     0.018   13.9   0.0   1   1   3.4e-05     0.037   12.9   0.0   198   244   291   338   283   345 0.81 # 44947 # 46068 # -1 # ID=48_43;partial=00;start_type=ATG;rbs_motif=GGA/GAG/AGG;rbs_spacer=5-10bp;gc_cont=0.488
Ga0485799_2090_1     -            162 31316at2157          -            264     0.018   13.9   0.0   1   1   2.6e-05     0.029   13.2   0.0   188   243    64   120    60   125 0.92 # 43 # 528 # 1 # ID=2090_1;partial=01;start_type=ATG;rbs_motif=GGAG/GAGG;rbs_spacer=5-10bp;gc_cont=0.302
Ga0485799_0175_17    -            211 31316at2157          -            264       0.1   11.4   0.0   1   2      0.16   1.8e+02    0.8   0.0   198   230    98   130    89   135 0.84 # 13514 # 14146 # 1 # ID=175_17;partial=00;start_type=ATG;rbs_motif=GGAG/GAGG;rbs_spacer=5-10bp;gc_cont=0.444
Ga0485799_0175_17    -            211 31316at2157          -            264       0.1   11.4   0.0   2   2   0.00094         1    8.1   0.0   185   232   141   187   134   204 0.84 # 13514 # 14146 # 1 # ID=175_17;partial=00;start_type=ATG;rbs_motif=GGAG/GAGG;rbs_spacer=5-10bp;gc_cont=0.444
#
# Program:         hmmsearch
# Version:         3.1b2 (February 2015)
# Pipeline mode:   SEARCH
# Query file:      /home/mira/Bacteria2022/Thiomargarita_magnifica/qc_assembly/busco_article/busco_downloads/lineages/archaea_odb10/hmms/31316at2157.hmm
# Target file:     /home/mira/Bacteria2022/Thiomargarita_magnifica/qc_assembly/busco_article/busco_article/prodigal_output/predicted_genes/predicted.faa
# Option settings: hmmsearch --domtblout /home/mira/Bacteria2022/Thiomargarita_magnifica/qc_assembly/busco_article/busco_article/auto_lineage/run_archaea_odb10/hmmer_output/31316at2157.out --cpu 1 /home/mira/Bacteria2022/Thiomargarita_magnifica/qc_assembly/busco_article/busco_downloads/lineages/archaea_odb10/hmms/31316at2157.hmm /home/mira/Bacteria2022/Thiomargarita_magnifica/qc_assembly/busco_article/busco_article/prodigal_output/predicted_genes/predicted.faa 
# Current dir:     /home/mira/Bacteria2022/Thiomargarita_magnifica/qc_assembly/busco_article
# Date:            Wed Jul 13 13:04:28 2022
# [ok]
