#                                                                            --- full sequence --- -------------- this domain -------------   hmm coord   ali coord   env coord
# target name        accession   tlen query name           accession   qlen   E-value  score  bias   #  of  c-Evalue  i-Evalue  score  bias  from    to  from    to  from    to  acc description of target
#------------------- ---------- ----- -------------------- ---------- ----- --------- ------ ----- --- --- --------- --------- ------ ----- ----- ----- ----- ----- ----- ----- ---- ---------------------
Ga0485799_0749_3     -            610 32623at2157          -            361   2.1e-10   39.6   0.1   1   3   7.9e-06      0.02   13.4   0.0    24    75   230   283   217   298 0.86 # 1162 # 2991 # -1 # ID=749_3;partial=00;start_type=TTG;rbs_motif=AGGA;rbs_spacer=5-10bp;gc_cont=0.338
Ga0485799_0749_3     -            610 32623at2157          -            361   2.1e-10   39.6   0.1   2   3   3.1e-08   8.1e-05   21.3   0.0   142   192   321   372   301   394 0.86 # 1162 # 2991 # -1 # ID=749_3;partial=00;start_type=TTG;rbs_motif=AGGA;rbs_spacer=5-10bp;gc_cont=0.338
Ga0485799_0749_3     -            610 32623at2157          -            361   2.1e-10   39.6   0.1   3   3      0.06   1.5e+02    0.6   0.1   309   359   541   592   513   595 0.74 # 1162 # 2991 # -1 # ID=749_3;partial=00;start_type=TTG;rbs_motif=AGGA;rbs_spacer=5-10bp;gc_cont=0.338
Ga0485799_0254_12    -            570 32623at2157          -            361     2e-09   36.5   0.0   1   2   1.5e-05      0.04   12.4   0.0    14    74    31    93    22   104 0.85 # 11049 # 12758 # -1 # ID=254_12;partial=00;start_type=ATG;rbs_motif=GGA/GAG/AGG;rbs_spacer=5-10bp;gc_cont=0.478
Ga0485799_0254_12    -            570 32623at2157          -            361     2e-09   36.5   0.0   2   2   2.4e-08   6.3e-05   21.7   0.1   141   188   124   172   108   181 0.81 # 11049 # 12758 # -1 # ID=254_12;partial=00;start_type=ATG;rbs_motif=GGA/GAG/AGG;rbs_spacer=5-10bp;gc_cont=0.478
Ga0485799_0423_3     -            659 32623at2157          -            361   2.4e-09   36.2   0.0   1   2   1.8e-07   0.00046   18.8   0.0    16    78   260   324   247   332 0.77 # 834 # 2810 # 1 # ID=423_3;partial=00;start_type=ATG;rbs_motif=None;rbs_spacer=None;gc_cont=0.452
Ga0485799_0423_3     -            659 32623at2157          -            361   2.4e-09   36.2   0.0   2   2   2.4e-06    0.0063   15.1   0.0   122   191   333   402   328   424 0.85 # 834 # 2810 # 1 # ID=423_3;partial=00;start_type=ATG;rbs_motif=None;rbs_spacer=None;gc_cont=0.452
Ga0485799_0281_12    -            637 32623at2157          -            361   4.7e-09   35.2   0.0   1   2   2.5e-06    0.0066   15.0   0.0    13    84   254   327   244   332 0.81 # 10839 # 12749 # 1 # ID=281_12;partial=00;start_type=ATG;rbs_motif=None;rbs_spacer=None;gc_cont=0.450
Ga0485799_0281_12    -            637 32623at2157          -            361   4.7e-09   35.2   0.0   2   2   3.4e-07   0.00089   17.9   0.0   140   192   347   399   328   408 0.86 # 10839 # 12749 # 1 # ID=281_12;partial=00;start_type=ATG;rbs_motif=None;rbs_spacer=None;gc_cont=0.450
Ga0485799_0562_6     -            567 32623at2157          -            361   2.5e-08   32.8   0.3   1   4   2.9e-05     0.076   11.5   0.0     8    78    25    97    19   105 0.85 # 5386 # 7086 # 1 # ID=562_6;partial=00;start_type=ATG;rbs_motif=AGGA;rbs_spacer=5-10bp;gc_cont=0.335
Ga0485799_0562_6     -            567 32623at2157          -            361   2.5e-08   32.8   0.3   2   4   5.8e-07    0.0015   17.1   0.0   140   182   123   165   102   185 0.81 # 5386 # 7086 # 1 # ID=562_6;partial=00;start_type=ATG;rbs_motif=AGGA;rbs_spacer=5-10bp;gc_cont=0.335
Ga0485799_0562_6     -            567 32623at2157          -            361   2.5e-08   32.8   0.3   3   4       1.3   3.4e+03   -3.8   0.0    71    93   218   240   215   252 0.72 # 5386 # 7086 # 1 # ID=562_6;partial=00;start_type=ATG;rbs_motif=AGGA;rbs_spacer=5-10bp;gc_cont=0.335
Ga0485799_0562_6     -            567 32623at2157          -            361   2.5e-08   32.8   0.3   4   4      0.15   3.9e+02   -0.7   0.0   325   358   520   555   497   558 0.70 # 5386 # 7086 # 1 # ID=562_6;partial=00;start_type=ATG;rbs_motif=AGGA;rbs_spacer=5-10bp;gc_cont=0.335
Ga0485799_2084_1     -            176 32623at2157          -            361   5.6e-06   25.1   0.0   1   1   3.9e-09     1e-05   24.3   0.0   142   192    44    95    25   117 0.85 # 3 # 530 # -1 # ID=2084_1;partial=11;start_type=Edge;rbs_motif=None;rbs_spacer=None;gc_cont=0.320
#
# Program:         hmmsearch
# Version:         3.1b2 (February 2015)
# Pipeline mode:   SEARCH
# Query file:      /home/mira/Bacteria2022/Thiomargarita_magnifica/qc_assembly/busco_article/busco_downloads/lineages/archaea_odb10/hmms/32623at2157.hmm
# Target file:     /home/mira/Bacteria2022/Thiomargarita_magnifica/qc_assembly/busco_article/busco_article/prodigal_output/predicted_genes/predicted.faa
# Option settings: hmmsearch --domtblout /home/mira/Bacteria2022/Thiomargarita_magnifica/qc_assembly/busco_article/busco_article/auto_lineage/run_archaea_odb10/hmmer_output/32623at2157.out --cpu 1 /home/mira/Bacteria2022/Thiomargarita_magnifica/qc_assembly/busco_article/busco_downloads/lineages/archaea_odb10/hmms/32623at2157.hmm /home/mira/Bacteria2022/Thiomargarita_magnifica/qc_assembly/busco_article/busco_article/prodigal_output/predicted_genes/predicted.faa 
# Current dir:     /home/mira/Bacteria2022/Thiomargarita_magnifica/qc_assembly/busco_article
# Date:            Wed Jul 13 13:04:27 2022
# [ok]
