#                                                                            --- full sequence --- -------------- this domain -------------   hmm coord   ali coord   env coord
# target name        accession   tlen query name           accession   qlen   E-value  score  bias   #  of  c-Evalue  i-Evalue  score  bias  from    to  from    to  from    to  acc description of target
#------------------- ---------- ----- -------------------- ---------- ----- --------- ------ ----- --- --- --------- --------- ------ ----- ----- ----- ----- ----- ----- ----- ---- ---------------------
Ga0485799_0503_7     -            475 35861at2157          -            552     8e-33  113.6   0.5   1   3   9.1e-10   3.6e-06   25.7   0.1     8    32     4    28     1    32 0.90 # 3530 # 4954 # 1 # ID=503_7;partial=00;start_type=ATG;rbs_motif=AGGA;rbs_spacer=5-10bp;gc_cont=0.343
Ga0485799_0503_7     -            475 35861at2157          -            552     8e-33  113.6   0.5   2   3   1.5e-17   5.9e-14   51.4   0.0   126   235   114   234   106   244 0.86 # 3530 # 4954 # 1 # ID=503_7;partial=00;start_type=ATG;rbs_motif=AGGA;rbs_spacer=5-10bp;gc_cont=0.343
Ga0485799_0503_7     -            475 35861at2157          -            552     8e-33  113.6   0.5   3   3   3.9e-12   1.5e-08   33.5   0.0   354   550   245   473   241   474 0.72 # 3530 # 4954 # 1 # ID=503_7;partial=00;start_type=ATG;rbs_motif=AGGA;rbs_spacer=5-10bp;gc_cont=0.343
Ga0485799_0174_22    -            478 35861at2157          -            552   8.1e-26   90.5   0.0   1   3   3.6e-07    0.0014   17.1   0.0     8    31     4    27     1    30 0.89 # 20039 # 21472 # 1 # ID=174_22;partial=00;start_type=ATG;rbs_motif=GGAG/GAGG;rbs_spacer=5-10bp;gc_cont=0.443
Ga0485799_0174_22    -            478 35861at2157          -            552   8.1e-26   90.5   0.0   2   3   1.3e-15   5.2e-12   44.9   0.0   125   238   112   238   105   243 0.85 # 20039 # 21472 # 1 # ID=174_22;partial=00;start_type=ATG;rbs_motif=GGAG/GAGG;rbs_spacer=5-10bp;gc_cont=0.443
Ga0485799_0174_22    -            478 35861at2157          -            552   8.1e-26   90.5   0.0   3   3   1.3e-09     5e-06   25.2   0.0   353   550   242   475   237   477 0.70 # 20039 # 21472 # 1 # ID=174_22;partial=00;start_type=ATG;rbs_motif=GGAG/GAGG;rbs_spacer=5-10bp;gc_cont=0.443
Ga0485799_0020_54    -            532 35861at2157          -            552   0.00053   18.5   6.8   1   8      0.01        40    2.4   0.0    33    66    17    50    13    62 0.89 # 59208 # 60803 # 1 # ID=20_54;partial=00;start_type=TTG;rbs_motif=None;rbs_spacer=None;gc_cont=0.505
Ga0485799_0020_54    -            532 35861at2157          -            552   0.00053   18.5   6.8   2   8     0.079   3.1e+02   -0.5   0.0    32    66    80   114    76   127 0.88 # 59208 # 60803 # 1 # ID=20_54;partial=00;start_type=TTG;rbs_motif=None;rbs_spacer=None;gc_cont=0.505
Ga0485799_0020_54    -            532 35861at2157          -            552   0.00053   18.5   6.8   3   8    0.0043        17    3.6   0.0    28    65   140   177   135   184 0.91 # 59208 # 60803 # 1 # ID=20_54;partial=00;start_type=TTG;rbs_motif=None;rbs_spacer=None;gc_cont=0.505
Ga0485799_0020_54    -            532 35861at2157          -            552   0.00053   18.5   6.8   4   8    0.0048        19    3.5   0.0    29    66   173   210   170   220 0.91 # 59208 # 60803 # 1 # ID=20_54;partial=00;start_type=TTG;rbs_motif=None;rbs_spacer=None;gc_cont=0.505
Ga0485799_0020_54    -            532 35861at2157          -            552   0.00053   18.5   6.8   5   8    0.0082        32    2.7   0.0    29    66   205   242   202   251 0.90 # 59208 # 60803 # 1 # ID=20_54;partial=00;start_type=TTG;rbs_motif=None;rbs_spacer=None;gc_cont=0.505
Ga0485799_0020_54    -            532 35861at2157          -            552   0.00053   18.5   6.8   6   8    0.0022       8.4    4.6   0.0    29    66   344   381   342   398 0.90 # 59208 # 60803 # 1 # ID=20_54;partial=00;start_type=TTG;rbs_motif=None;rbs_spacer=None;gc_cont=0.505
Ga0485799_0020_54    -            532 35861at2157          -            552   0.00053   18.5   6.8   7   8    0.0015         6    5.1   0.2    28    68   375   415   361   444 0.84 # 59208 # 60803 # 1 # ID=20_54;partial=00;start_type=TTG;rbs_motif=None;rbs_spacer=None;gc_cont=0.505
Ga0485799_0020_54    -            532 35861at2157          -            552   0.00053   18.5   6.8   8   8      0.25   9.7e+02   -2.2   0.0    32    65   475   508   470   512 0.88 # 59208 # 60803 # 1 # ID=20_54;partial=00;start_type=TTG;rbs_motif=None;rbs_spacer=None;gc_cont=0.505
Ga0485799_1160_3     -            224 35861at2157          -            552     0.019   13.4   0.2   1   1   6.6e-06     0.026   12.9   0.2   168   278   100   210    94   217 0.93 # 557 # 1228 # -1 # ID=1160_3;partial=00;start_type=ATG;rbs_motif=None;rbs_spacer=None;gc_cont=0.284
#
# Program:         hmmsearch
# Version:         3.1b2 (February 2015)
# Pipeline mode:   SEARCH
# Query file:      /home/mira/Bacteria2022/Thiomargarita_magnifica/qc_assembly/busco_article/busco_downloads/lineages/archaea_odb10/hmms/35861at2157.hmm
# Target file:     /home/mira/Bacteria2022/Thiomargarita_magnifica/qc_assembly/busco_article/busco_article/prodigal_output/predicted_genes/predicted.faa
# Option settings: hmmsearch --domtblout /home/mira/Bacteria2022/Thiomargarita_magnifica/qc_assembly/busco_article/busco_article/auto_lineage/run_archaea_odb10/hmmer_output/35861at2157.out --cpu 1 /home/mira/Bacteria2022/Thiomargarita_magnifica/qc_assembly/busco_article/busco_downloads/lineages/archaea_odb10/hmms/35861at2157.hmm /home/mira/Bacteria2022/Thiomargarita_magnifica/qc_assembly/busco_article/busco_article/prodigal_output/predicted_genes/predicted.faa 
# Current dir:     /home/mira/Bacteria2022/Thiomargarita_magnifica/qc_assembly/busco_article
# Date:            Wed Jul 13 13:04:27 2022
# [ok]
