#                                                                            --- full sequence --- -------------- this domain -------------   hmm coord   ali coord   env coord
# target name        accession   tlen query name           accession   qlen   E-value  score  bias   #  of  c-Evalue  i-Evalue  score  bias  from    to  from    to  from    to  acc description of target
#------------------- ---------- ----- -------------------- ---------- ----- --------- ------ ----- --- --- --------- --------- ------ ----- ----- ----- ----- ----- ----- ----- ---- ---------------------
Ga0485799_0917_3     -            588 37207at2157          -            925   2.5e-20   72.2   0.2   1   3   9.8e-08   0.00013   20.2   0.0    21    70     9    59     3    75 0.90 # 1097 # 2860 # 1 # ID=917_3;partial=01;start_type=ATG;rbs_motif=AGGA;rbs_spacer=5-10bp;gc_cont=0.344
Ga0485799_0917_3     -            588 37207at2157          -            925   2.5e-20   72.2   0.2   2   3   1.8e-16   2.3e-13   49.2   0.0   669   838    90   257    74   260 0.93 # 1097 # 2860 # 1 # ID=917_3;partial=01;start_type=ATG;rbs_motif=AGGA;rbs_spacer=5-10bp;gc_cont=0.344
Ga0485799_0917_3     -            588 37207at2157          -            925   2.5e-20   72.2   0.2   3   3       1.3   1.7e+03   -3.4   0.6   471   547   355   438   330   475 0.53 # 1097 # 2860 # 1 # ID=917_3;partial=01;start_type=ATG;rbs_motif=AGGA;rbs_spacer=5-10bp;gc_cont=0.344
Ga0485799_0063_26    -           1307 37207at2157          -            925   2.6e-15   55.6   0.0   1   2   2.5e-15   3.2e-12   45.4   0.1    62   374   742  1039   736  1096 0.69 # 23066 # 26986 # -1 # ID=63_26;partial=00;start_type=ATG;rbs_motif=AGGAG;rbs_spacer=5-10bp;gc_cont=0.440
Ga0485799_0063_26    -           1307 37207at2157          -            925   2.6e-15   55.6   0.0   2   2   0.00069       0.9    7.5   0.0   515   596  1087  1183  1043  1293 0.65 # 23066 # 26986 # -1 # ID=63_26;partial=00;start_type=ATG;rbs_motif=AGGAG;rbs_spacer=5-10bp;gc_cont=0.440
Ga0485799_0523_1     -            539 37207at2157          -            925   1.4e-13   49.9   0.0   1   1   2.1e-16   2.7e-13   48.9   0.0   669   838    10   177     4   181 0.93 # 1 # 1617 # 1 # ID=523_1;partial=10;start_type=Edge;rbs_motif=None;rbs_spacer=None;gc_cont=0.339
Ga0485799_0097_25    -            524 37207at2157          -            925   3.4e-11   42.0   0.0   1   2   5.1e-06    0.0066   14.6   0.0    21    70     9    59     3    74 0.89 # 21334 # 22905 # -1 # ID=97_25;partial=00;start_type=ATG;rbs_motif=None;rbs_spacer=None;gc_cont=0.454
Ga0485799_0097_25    -            524 37207at2157          -            925   3.4e-11   42.0   0.0   2   2   3.2e-09   4.2e-06   25.2   0.0   700   810   119   228   114   237 0.94 # 21334 # 22905 # -1 # ID=97_25;partial=00;start_type=ATG;rbs_motif=None;rbs_spacer=None;gc_cont=0.454
Ga0485799_0010_36    -           1401 37207at2157          -            925   6.3e-09   34.5   4.2   1   3      0.55   7.1e+02   -2.1   0.0   117   190   303   373   272   419 0.58 # 71429 # 75631 # 1 # ID=10_36;partial=00;start_type=ATG;rbs_motif=None;rbs_spacer=None;gc_cont=0.385
Ga0485799_0010_36    -           1401 37207at2157          -            925   6.3e-09   34.5   4.2   2   3     1e-07   0.00013   20.2   0.1    82   175   438   529   417   576 0.79 # 71429 # 75631 # 1 # ID=10_36;partial=00;start_type=ATG;rbs_motif=None;rbs_spacer=None;gc_cont=0.385
Ga0485799_0010_36    -           1401 37207at2157          -            925   6.3e-09   34.5   4.2   3   3   5.5e-06    0.0071   14.5   0.3    59   272  1098  1302  1095  1348 0.67 # 71429 # 75631 # 1 # ID=10_36;partial=00;start_type=ATG;rbs_motif=None;rbs_spacer=None;gc_cont=0.385
Ga0485799_0477_4     -            103 37207at2157          -            925   1.9e-07   29.6   0.0   1   1   1.5e-10   1.9e-07   29.6   0.0    25    71    11    60     8    87 0.84 # 3373 # 3681 # 1 # ID=477_4;partial=00;start_type=ATG;rbs_motif=None;rbs_spacer=None;gc_cont=0.294
Ga0485799_1043_2     -            412 37207at2157          -            925   0.00074   17.7   0.0   1   1   6.2e-07    0.0008   17.6   0.0   532   582    92   147    39   267 0.77 # 886 # 2121 # -1 # ID=1043_2;partial=01;start_type=Edge;rbs_motif=None;rbs_spacer=None;gc_cont=0.321
Ga0485799_0528_8     -            632 37207at2157          -            925    0.0014   16.8   0.0   1   1   1.5e-06    0.0019   16.3   0.0   561   675    16   370     9   372 0.65 # 4369 # 6264 # 1 # ID=528_8;partial=00;start_type=ATG;rbs_motif=AGGA;rbs_spacer=5-10bp;gc_cont=0.444
Ga0485799_0048_42    -           1087 37207at2157          -            925     0.007   14.5   0.0   1   2   3.6e-05     0.046   11.8   0.0   553   598   511   556   452   674 0.71 # 41580 # 44840 # 1 # ID=48_42;partial=00;start_type=ATG;rbs_motif=None;rbs_spacer=None;gc_cont=0.481
Ga0485799_0048_42    -           1087 37207at2157          -            925     0.007   14.5   0.0   2   2      0.36   4.7e+02   -1.5   0.0   305   398   846   946   667   969 0.64 # 41580 # 44840 # 1 # ID=48_42;partial=00;start_type=ATG;rbs_motif=None;rbs_spacer=None;gc_cont=0.481
Ga0485799_0153_11    -             68 37207at2157          -            925    0.0076   14.4   0.1   1   1   6.1e-06    0.0079   14.3   0.1   438   490    13    65     2    67 0.82 # 14141 # 14344 # -1 # ID=153_11;partial=00;start_type=ATG;rbs_motif=AGGAG;rbs_spacer=5-10bp;gc_cont=0.412
Ga0485799_0200_17    -            753 37207at2157          -            925     0.015   13.4   0.0   1   1   1.5e-05     0.019   13.0   0.0   553   596   490   534   415   701 0.72 # 16620 # 18878 # -1 # ID=200_17;partial=00;start_type=ATG;rbs_motif=AGGA;rbs_spacer=5-10bp;gc_cont=0.461
Ga0485799_0016_15    -            343 37207at2157          -            925     0.048   11.7   0.0   1   1   3.7e-05     0.048   11.7   0.0    23    95    25   100    12   256 0.74 # 14040 # 15068 # -1 # ID=16_15;partial=00;start_type=GTG;rbs_motif=None;rbs_spacer=None;gc_cont=0.473
#
# Program:         hmmsearch
# Version:         3.1b2 (February 2015)
# Pipeline mode:   SEARCH
# Query file:      /home/mira/Bacteria2022/Thiomargarita_magnifica/qc_assembly/busco_article/busco_downloads/lineages/archaea_odb10/hmms/37207at2157.hmm
# Target file:     /home/mira/Bacteria2022/Thiomargarita_magnifica/qc_assembly/busco_article/busco_article/prodigal_output/predicted_genes/predicted.faa
# Option settings: hmmsearch --domtblout /home/mira/Bacteria2022/Thiomargarita_magnifica/qc_assembly/busco_article/busco_article/auto_lineage/run_archaea_odb10/hmmer_output/37207at2157.out --cpu 1 /home/mira/Bacteria2022/Thiomargarita_magnifica/qc_assembly/busco_article/busco_downloads/lineages/archaea_odb10/hmms/37207at2157.hmm /home/mira/Bacteria2022/Thiomargarita_magnifica/qc_assembly/busco_article/busco_article/prodigal_output/predicted_genes/predicted.faa 
# Current dir:     /home/mira/Bacteria2022/Thiomargarita_magnifica/qc_assembly/busco_article
# Date:            Wed Jul 13 13:04:27 2022
# [ok]
