#                                                                            --- full sequence --- -------------- this domain -------------   hmm coord   ali coord   env coord
# target name        accession   tlen query name           accession   qlen   E-value  score  bias   #  of  c-Evalue  i-Evalue  score  bias  from    to  from    to  from    to  acc description of target
#------------------- ---------- ----- -------------------- ---------- ----- --------- ------ ----- --- --- --------- --------- ------ ----- ----- ----- ----- ----- ----- ----- ---- ---------------------
Ga0485799_0297_8     -            452 37299at2157          -            410  6.1e-128  426.7   0.4   1   1  9.6e-131  7.8e-128  426.3   0.4     4   392     1   436     1   450 0.86 # 5291 # 6646 # -1 # ID=297_8;partial=00;start_type=ATG;rbs_motif=AGGA;rbs_spacer=5-10bp;gc_cont=0.333
Ga0485799_0443_2     -            506 37299at2157          -            410  7.4e-113  377.0   0.2   1   1  1.2e-115  9.8e-113  376.6   0.2     4   403     1   465     1   471 0.83 # 250 # 1767 # -1 # ID=443_2;partial=00;start_type=ATG;rbs_motif=AGGAG/GGAGG;rbs_spacer=11-12bp;gc_cont=0.443
Ga0485799_0365_6     -            612 37299at2157          -            410   4.7e-20   71.4   0.1   1   1   3.8e-22   3.1e-19   68.7   0.1     4   193     1   221     1   229 0.76 # 8261 # 10096 # 1 # ID=365_6;partial=00;start_type=ATG;rbs_motif=AGGA;rbs_spacer=5-10bp;gc_cont=0.456
Ga0485799_2164_1     -            129 37299at2157          -            410   3.5e-19   68.5   0.5   1   1   6.7e-22   5.5e-19   67.8   0.5     4    96     1   119     1   125 0.75 # 122 # 508 # 1 # ID=2164_1;partial=01;start_type=ATG;rbs_motif=AGGA;rbs_spacer=5-10bp;gc_cont=0.344
Ga0485799_0515_10    -            604 37299at2157          -            410   4.7e-16   58.2   0.1   1   2   0.00017      0.14   10.5   0.0     4    46     1    48     1    53 0.76 # 5753 # 7564 # -1 # ID=515_10;partial=00;start_type=ATG;rbs_motif=GGA/GAG/AGG;rbs_spacer=5-10bp;gc_cont=0.332
Ga0485799_0515_10    -            604 37299at2157          -            410   4.7e-16   58.2   0.1   2   2   3.7e-15     3e-12   45.6   0.0    44   157    67   187    56   233 0.72 # 5753 # 7564 # -1 # ID=515_10;partial=00;start_type=ATG;rbs_motif=GGA/GAG/AGG;rbs_spacer=5-10bp;gc_cont=0.332
Ga0485799_0001_144   -            609 37299at2157          -            410   2.3e-12   46.0   0.0   1   1   4.3e-15   3.5e-12   45.4   0.0     4   167     1   159     1   174 0.76 # 173058 # 174884 # 1 # ID=1_144;partial=00;start_type=ATG;rbs_motif=AGGA;rbs_spacer=5-10bp;gc_cont=0.430
Ga0485799_0011_15    -            668 37299at2157          -            410   6.8e-12   44.5   0.0   1   1   1.4e-14   1.1e-11   43.7   0.0    19   181    25   174     1   183 0.70 # 12083 # 14086 # -1 # ID=11_15;partial=00;start_type=ATG;rbs_motif=GGA/GAG/AGG;rbs_spacer=5-10bp;gc_cont=0.385
Ga0485799_0087_30    -            590 37299at2157          -            410   8.1e-10   37.6   0.0   1   1   1.6e-12   1.3e-09   36.9   0.0    48   177    42   170    36   215 0.79 # 34343 # 36112 # 1 # ID=87_30;partial=00;start_type=ATG;rbs_motif=AGGA/GGAG/GAGG;rbs_spacer=11-12bp;gc_cont=0.464
Ga0485799_0240_7     -            625 37299at2157          -            410   8.8e-10   37.5   0.0   1   1   1.7e-12   1.4e-09   36.9   0.0     4   208     1   219     1   222 0.71 # 6961 # 8835 # -1 # ID=240_7;partial=00;start_type=ATG;rbs_motif=None;rbs_spacer=None;gc_cont=0.372
Ga0485799_0267_9     -            181 37299at2157          -            410   1.2e-09   37.1   0.0   1   1   1.9e-12   1.6e-09   36.7   0.0    50   179    18   148     8   157 0.80 # 6322 # 6864 # -1 # ID=267_9;partial=00;start_type=TTG;rbs_motif=None;rbs_spacer=None;gc_cont=0.414
Ga0485799_0001_6     -            626 37299at2157          -            410   3.6e-08   32.2   0.0   1   2   9.2e-11   7.5e-08   31.1   0.0    20   164    25   158     1   182 0.67 # 4938 # 6815 # 1 # ID=1_6;partial=00;start_type=ATG;rbs_motif=4Base/6BMM;rbs_spacer=13-15bp;gc_cont=0.437
Ga0485799_0001_6     -            626 37299at2157          -            410   3.6e-08   32.2   0.0   2   2         3   2.5e+03   -3.5   0.0   273   300   222   249   220   261 0.72 # 4938 # 6815 # 1 # ID=1_6;partial=00;start_type=ATG;rbs_motif=4Base/6BMM;rbs_spacer=13-15bp;gc_cont=0.437
Ga0485799_0001_14    -            651 37299at2157          -            410   4.7e-08   31.8   0.0   1   1   7.9e-11   6.5e-08   31.4   0.0    17   173    25   176     1   191 0.73 # 13561 # 15513 # 1 # ID=1_14;partial=00;start_type=ATG;rbs_motif=GGA/GAG/AGG;rbs_spacer=5-10bp;gc_cont=0.475
Ga0485799_0205_5     -            587 37299at2157          -            410   1.4e-07   30.3   0.0   1   1   2.7e-10   2.2e-07   29.6   0.0    47   185    41   180    16   189 0.76 # 6189 # 7949 # -1 # ID=205_5;partial=00;start_type=ATG;rbs_motif=None;rbs_spacer=None;gc_cont=0.465
Ga0485799_0331_9     -            593 37299at2157          -            410   1.4e-07   30.2   0.0   1   1   3.6e-10     3e-07   29.2   0.0    45   166    33   149    14   160 0.78 # 11918 # 13696 # 1 # ID=331_9;partial=00;start_type=ATG;rbs_motif=GGA/GAG/AGG;rbs_spacer=5-10bp;gc_cont=0.246
Ga0485799_0143_31    -            462 37299at2157          -            410   8.3e-05   21.1   0.0   1   1   1.4e-07   0.00012   20.6   0.0    22   108     5    91     1   103 0.76 # 21924 # 23309 # -1 # ID=143_31;partial=00;start_type=ATG;rbs_motif=None;rbs_spacer=None;gc_cont=0.403
Ga0485799_0097_35    -            231 37299at2157          -            410     0.013   13.9   0.0   1   1   2.5e-05      0.02   13.3   0.0   299   337   140   178   130   183 0.89 # 33442 # 34134 # -1 # ID=97_35;partial=00;start_type=ATG;rbs_motif=None;rbs_spacer=None;gc_cont=0.459
Ga0485799_0101_24    -            228 37299at2157          -            410     0.021   13.2   0.0   1   1   4.5e-05     0.037   12.4   0.0   240   337   110   218    83   224 0.69 # 31406 # 32089 # -1 # ID=101_24;partial=00;start_type=ATG;rbs_motif=AGGA/GGAG/GAGG;rbs_spacer=11-12bp;gc_cont=0.437
Ga0485799_0714_2     -            310 37299at2157          -            410     0.026   12.9   0.5   1   1   4.5e-05     0.037   12.4   0.5   285   368   192   273   188   299 0.83 # 614 # 1543 # 1 # ID=714_2;partial=00;start_type=ATG;rbs_motif=AGGAG;rbs_spacer=5-10bp;gc_cont=0.342
Ga0485799_0046_37    -            215 37299at2157          -            410      0.11   10.9   0.1   1   1   0.00018      0.15   10.4   0.1   304   340   117   153    98   156 0.86 # 47368 # 48012 # 1 # ID=46_37;partial=00;start_type=ATG;rbs_motif=GGA/GAG/AGG;rbs_spacer=5-10bp;gc_cont=0.450
#
# Program:         hmmsearch
# Version:         3.1b2 (February 2015)
# Pipeline mode:   SEARCH
# Query file:      /home/mira/Bacteria2022/Thiomargarita_magnifica/qc_assembly/busco_article/busco_downloads/lineages/archaea_odb10/hmms/37299at2157.hmm
# Target file:     /home/mira/Bacteria2022/Thiomargarita_magnifica/qc_assembly/busco_article/busco_article/prodigal_output/predicted_genes/predicted.faa
# Option settings: hmmsearch --domtblout /home/mira/Bacteria2022/Thiomargarita_magnifica/qc_assembly/busco_article/busco_article/auto_lineage/run_archaea_odb10/hmmer_output/37299at2157.out --cpu 1 /home/mira/Bacteria2022/Thiomargarita_magnifica/qc_assembly/busco_article/busco_downloads/lineages/archaea_odb10/hmms/37299at2157.hmm /home/mira/Bacteria2022/Thiomargarita_magnifica/qc_assembly/busco_article/busco_article/prodigal_output/predicted_genes/predicted.faa 
# Current dir:     /home/mira/Bacteria2022/Thiomargarita_magnifica/qc_assembly/busco_article
# Date:            Wed Jul 13 13:04:28 2022
# [ok]
