#                                                                            --- full sequence --- -------------- this domain -------------   hmm coord   ali coord   env coord
# target name        accession   tlen query name           accession   qlen   E-value  score  bias   #  of  c-Evalue  i-Evalue  score  bias  from    to  from    to  from    to  acc description of target
#------------------- ---------- ----- -------------------- ---------- ----- --------- ------ ----- --- --- --------- --------- ------ ----- ----- ----- ----- ----- ----- ----- ---- ---------------------
Ga0485799_0204_8     -           1516 3905at2157           -            690   2.3e-81  274.1   1.8   1   3      0.16   6.1e+02   -1.6   0.0    53    68   114   129    95   136 0.77 # 6110 # 10657 # -1 # ID=204_8;partial=00;start_type=ATG;rbs_motif=GGAG/GAGG;rbs_spacer=5-10bp;gc_cont=0.335
Ga0485799_0204_8     -           1516 3905at2157           -            690   2.3e-81  274.1   1.8   2   3   5.1e-65     2e-61  208.2   0.0   133   423   253   540   240   606 0.85 # 6110 # 10657 # -1 # ID=204_8;partial=00;start_type=ATG;rbs_motif=GGAG/GAGG;rbs_spacer=5-10bp;gc_cont=0.335
Ga0485799_0204_8     -           1516 3905at2157           -            690   2.3e-81  274.1   1.8   3   3   5.1e-20     2e-16   59.5   0.4   452   667   602   805   577   812 0.75 # 6110 # 10657 # -1 # ID=204_8;partial=00;start_type=ATG;rbs_motif=GGAG/GAGG;rbs_spacer=5-10bp;gc_cont=0.335
Ga0485799_0212_1     -            892 3905at2157           -            690   9.6e-80  268.8   2.8   1   3      0.11   4.3e+02   -1.1   0.0    54    72   103   121    82   126 0.79 # 3 # 2678 # -1 # ID=212_1;partial=10;start_type=ATG;rbs_motif=GGA/GAG/AGG;rbs_spacer=5-10bp;gc_cont=0.442
Ga0485799_0212_1     -            892 3905at2157           -            690   9.6e-80  268.8   2.8   2   3   7.3e-64   2.8e-60  204.4   0.0   131   423   230   519   191   522 0.91 # 3 # 2678 # -1 # ID=212_1;partial=10;start_type=ATG;rbs_motif=GGA/GAG/AGG;rbs_spacer=5-10bp;gc_cont=0.442
Ga0485799_0212_1     -            892 3905at2157           -            690   9.6e-80  268.8   2.8   3   3   2.9e-19   1.1e-15   57.0   1.1   455   667   599   810   570   817 0.68 # 3 # 2678 # -1 # ID=212_1;partial=10;start_type=ATG;rbs_motif=GGA/GAG/AGG;rbs_spacer=5-10bp;gc_cont=0.442
Ga0485799_0026_45    -           1354 3905at2157           -            690   3.9e-64  217.2   5.9   1   4     0.012        48    2.0   0.0    53    72   101   120    79   125 0.76 # 56020 # 60081 # 1 # ID=26_45;partial=00;start_type=ATG;rbs_motif=None;rbs_spacer=None;gc_cont=0.434
Ga0485799_0026_45    -           1354 3905at2157           -            690   3.9e-64  217.2   5.9   2   4   3.7e-55   1.4e-51  175.6   0.0   131   421   229   518   204   522 0.92 # 56020 # 60081 # 1 # ID=26_45;partial=00;start_type=ATG;rbs_motif=None;rbs_spacer=None;gc_cont=0.434
Ga0485799_0026_45    -           1354 3905at2157           -            690   3.9e-64  217.2   5.9   3   4   1.1e-12   4.2e-09   35.3   0.1   429   667   563   786   541   792 0.69 # 56020 # 60081 # 1 # ID=26_45;partial=00;start_type=ATG;rbs_motif=None;rbs_spacer=None;gc_cont=0.434
Ga0485799_0026_45    -           1354 3905at2157           -            690   3.9e-64  217.2   5.9   4   4      0.45   1.7e+03   -3.1   0.1   542   595   849   904   841   913 0.72 # 56020 # 60081 # 1 # ID=26_45;partial=00;start_type=ATG;rbs_motif=None;rbs_spacer=None;gc_cont=0.434
Ga0485799_0163_25    -            360 3905at2157           -            690   6.8e-16   57.7   2.1   1   1   3.1e-17   1.2e-13   50.3   2.1   503   667    19   164     6   170 0.72 # 25371 # 26450 # 1 # ID=163_25;partial=01;start_type=ATG;rbs_motif=None;rbs_spacer=None;gc_cont=0.459
#
# Program:         hmmsearch
# Version:         3.1b2 (February 2015)
# Pipeline mode:   SEARCH
# Query file:      /home/mira/Bacteria2022/Thiomargarita_magnifica/qc_assembly/busco_article/busco_downloads/lineages/archaea_odb10/hmms/3905at2157.hmm
# Target file:     /home/mira/Bacteria2022/Thiomargarita_magnifica/qc_assembly/busco_article/busco_article/prodigal_output/predicted_genes/predicted.faa
# Option settings: hmmsearch --domtblout /home/mira/Bacteria2022/Thiomargarita_magnifica/qc_assembly/busco_article/busco_article/auto_lineage/run_archaea_odb10/hmmer_output/3905at2157.out --cpu 1 /home/mira/Bacteria2022/Thiomargarita_magnifica/qc_assembly/busco_article/busco_downloads/lineages/archaea_odb10/hmms/3905at2157.hmm /home/mira/Bacteria2022/Thiomargarita_magnifica/qc_assembly/busco_article/busco_article/prodigal_output/predicted_genes/predicted.faa 
# Current dir:     /home/mira/Bacteria2022/Thiomargarita_magnifica/qc_assembly/busco_article
# Date:            Wed Jul 13 13:04:26 2022
# [ok]
