#                                                                            --- full sequence --- -------------- this domain -------------   hmm coord   ali coord   env coord
# target name        accession   tlen query name           accession   qlen   E-value  score  bias   #  of  c-Evalue  i-Evalue  score  bias  from    to  from    to  from    to  acc description of target
#------------------- ---------- ----- -------------------- ---------- ----- --------- ------ ----- --- --- --------- --------- ------ ----- ----- ----- ----- ----- ----- ----- ---- ---------------------
Ga0485799_0723_4     -            406 47919at2157          -            348   2.3e-73  247.2   3.6   1   2   3.6e-43   6.3e-40  137.2   0.1     3   157     6   168     4   179 0.90 # 1759 # 2976 # 1 # ID=723_4;partial=00;start_type=ATG;rbs_motif=GGAG/GAGG;rbs_spacer=5-10bp;gc_cont=0.325
Ga0485799_0723_4     -            406 47919at2157          -            348   2.3e-73  247.2   3.6   2   2   3.2e-35   5.5e-32  111.1   0.6   188   348   233   405   178   405 0.76 # 1759 # 2976 # 1 # ID=723_4;partial=00;start_type=ATG;rbs_motif=GGAG/GAGG;rbs_spacer=5-10bp;gc_cont=0.325
Ga0485799_0156_26    -            424 47919at2157          -            348     8e-68  229.0   0.0   1   2   1.9e-41   3.2e-38  131.6   0.0     2   160     5   171     4   182 0.89 # 24866 # 26137 # 1 # ID=156_26;partial=00;start_type=ATG;rbs_motif=None;rbs_spacer=None;gc_cont=0.471
Ga0485799_0156_26    -            424 47919at2157          -            348     8e-68  229.0   0.0   2   2   1.6e-30   2.8e-27   95.6   0.0   186   339   233   403   171   411 0.76 # 24866 # 26137 # 1 # ID=156_26;partial=00;start_type=ATG;rbs_motif=None;rbs_spacer=None;gc_cont=0.471
Ga0485799_0028_33    -            382 47919at2157          -            348   2.7e-29  102.3   0.0   1   2   5.2e-22     9e-19   67.7   0.0     6   199     8   202     5   209 0.89 # 39820 # 40965 # 1 # ID=28_33;partial=00;start_type=ATG;rbs_motif=None;rbs_spacer=None;gc_cont=0.456
Ga0485799_0028_33    -            382 47919at2157          -            348   2.7e-29  102.3   0.0   2   2   2.5e-11   4.3e-08   32.6   0.0   184   255   239   312   222   356 0.84 # 39820 # 40965 # 1 # ID=28_33;partial=00;start_type=ATG;rbs_motif=None;rbs_spacer=None;gc_cont=0.456
Ga0485799_0423_3     -            659 47919at2157          -            348   7.4e-12   44.9   0.1   1   2   1.1e-07   0.00019   20.6   0.1    21   157   278   427   271   438 0.84 # 834 # 2810 # 1 # ID=423_3;partial=00;start_type=ATG;rbs_motif=None;rbs_spacer=None;gc_cont=0.452
Ga0485799_0423_3     -            659 47919at2157          -            348   7.4e-12   44.9   0.1   2   2   4.3e-08   7.5e-05   21.9   0.0   267   333   546   613   537   623 0.87 # 834 # 2810 # 1 # ID=423_3;partial=00;start_type=ATG;rbs_motif=None;rbs_spacer=None;gc_cont=0.452
Ga0485799_0667_2     -            282 47919at2157          -            348   2.5e-09   36.6   0.0   1   2   1.4e-12   2.5e-09   36.6   0.0     4   163     6   156     3   196 0.83 # 1388 # 2233 # -1 # ID=667_2;partial=00;start_type=ATG;rbs_motif=AGGA/GGAG/GAGG;rbs_spacer=11-12bp;gc_cont=0.288
Ga0485799_0667_2     -            282 47919at2157          -            348   2.5e-09   36.6   0.0   2   2      0.31   5.4e+02   -0.7   1.7   211   235   234   259   178   270 0.71 # 1388 # 2233 # -1 # ID=667_2;partial=00;start_type=ATG;rbs_motif=AGGA/GGAG/GAGG;rbs_spacer=11-12bp;gc_cont=0.288
Ga0485799_0281_12    -            637 47919at2157          -            348   4.1e-08   32.6   0.0   1   2   0.00013      0.23   10.4   0.0    22   154   276   420   266   440 0.66 # 10839 # 12749 # 1 # ID=281_12;partial=00;start_type=ATG;rbs_motif=None;rbs_spacer=None;gc_cont=0.450
Ga0485799_0281_12    -            637 47919at2157          -            348   4.1e-08   32.6   0.0   2   2   4.1e-07    0.0007   18.7   0.0   267   333   543   609   533   623 0.85 # 10839 # 12749 # 1 # ID=281_12;partial=00;start_type=ATG;rbs_motif=None;rbs_spacer=None;gc_cont=0.450
Ga0485799_0749_3     -            610 47919at2157          -            348   1.5e-07   30.7   0.4   1   3       2.9   4.9e+03   -3.8   0.0    13    50   232   269   231   272 0.80 # 1162 # 2991 # -1 # ID=749_3;partial=00;start_type=TTG;rbs_motif=AGGA;rbs_spacer=5-10bp;gc_cont=0.338
Ga0485799_0749_3     -            610 47919at2157          -            348   1.5e-07   30.7   0.4   2   3     0.029        50    2.7   0.0   111   155   348   393   345   401 0.81 # 1162 # 2991 # -1 # ID=749_3;partial=00;start_type=TTG;rbs_motif=AGGA;rbs_spacer=5-10bp;gc_cont=0.338
Ga0485799_0749_3     -            610 47919at2157          -            348   1.5e-07   30.7   0.4   3   3   4.6e-09   7.9e-06   25.1   0.5   267   348   514   596   507   596 0.89 # 1162 # 2991 # -1 # ID=749_3;partial=00;start_type=TTG;rbs_motif=AGGA;rbs_spacer=5-10bp;gc_cont=0.338
Ga0485799_0562_6     -            567 47919at2157          -            348    0.0023   17.0   1.3   1   3         1   1.7e+03   -2.3   0.1    25    90    55   121    40   190 0.67 # 5386 # 7086 # 1 # ID=562_6;partial=00;start_type=ATG;rbs_motif=AGGA;rbs_spacer=5-10bp;gc_cont=0.335
Ga0485799_0562_6     -            567 47919at2157          -            348    0.0023   17.0   1.3   2   3       1.5   2.7e+03   -3.0   0.1   271   314   232   277   206   299 0.51 # 5386 # 7086 # 1 # ID=562_6;partial=00;start_type=ATG;rbs_motif=AGGA;rbs_spacer=5-10bp;gc_cont=0.335
Ga0485799_0562_6     -            567 47919at2157          -            348    0.0023   17.0   1.3   3   3   2.2e-06    0.0038   16.3   0.0   275   348   485   558   470   558 0.88 # 5386 # 7086 # 1 # ID=562_6;partial=00;start_type=ATG;rbs_motif=AGGA;rbs_spacer=5-10bp;gc_cont=0.335
Ga0485799_0254_12    -            570 47919at2157          -            348    0.0085   15.1   0.0   1   2     0.015        27    3.6   0.1    12    75    42   106    33   195 0.74 # 11049 # 12758 # -1 # ID=254_12;partial=00;start_type=ATG;rbs_motif=GGA/GAG/AGG;rbs_spacer=5-10bp;gc_cont=0.478
Ga0485799_0254_12    -            570 47919at2157          -            348    0.0085   15.1   0.0   2   2   0.00033      0.57    9.1   0.0   272   347   483   558   475   559 0.93 # 11049 # 12758 # -1 # ID=254_12;partial=00;start_type=ATG;rbs_motif=GGA/GAG/AGG;rbs_spacer=5-10bp;gc_cont=0.478
#
# Program:         hmmsearch
# Version:         3.1b2 (February 2015)
# Pipeline mode:   SEARCH
# Query file:      /home/mira/Bacteria2022/Thiomargarita_magnifica/qc_assembly/busco_article/busco_downloads/lineages/archaea_odb10/hmms/47919at2157.hmm
# Target file:     /home/mira/Bacteria2022/Thiomargarita_magnifica/qc_assembly/busco_article/busco_article/prodigal_output/predicted_genes/predicted.faa
# Option settings: hmmsearch --domtblout /home/mira/Bacteria2022/Thiomargarita_magnifica/qc_assembly/busco_article/busco_article/auto_lineage/run_archaea_odb10/hmmer_output/47919at2157.out --cpu 1 /home/mira/Bacteria2022/Thiomargarita_magnifica/qc_assembly/busco_article/busco_downloads/lineages/archaea_odb10/hmms/47919at2157.hmm /home/mira/Bacteria2022/Thiomargarita_magnifica/qc_assembly/busco_article/busco_article/prodigal_output/predicted_genes/predicted.faa 
# Current dir:     /home/mira/Bacteria2022/Thiomargarita_magnifica/qc_assembly/busco_article
# Date:            Wed Jul 13 13:04:27 2022
# [ok]
