#                                                                            --- full sequence --- -------------- this domain -------------   hmm coord   ali coord   env coord
# target name        accession   tlen query name           accession   qlen   E-value  score  bias   #  of  c-Evalue  i-Evalue  score  bias  from    to  from    to  from    to  acc description of target
#------------------- ---------- ----- -------------------- ---------- ----- --------- ------ ----- --- --- --------- --------- ------ ----- ----- ----- ----- ----- ----- ----- ---- ---------------------
Ga0485799_0237_22    -            244 48934at2157          -            143   1.2e-10   41.1   1.5   1   2    0.0077        15    5.1   0.6    11    70    48   106    42   112 0.81 # 17682 # 18413 # -1 # ID=237_22;partial=00;start_type=ATG;rbs_motif=AGGA;rbs_spacer=5-10bp;gc_cont=0.467
Ga0485799_0237_22    -            244 48934at2157          -            143   1.2e-10   41.1   1.5   2   2   5.7e-12   1.1e-08   34.7   0.0    64   120   129   191   117   197 0.84 # 17682 # 18413 # -1 # ID=237_22;partial=00;start_type=ATG;rbs_motif=AGGA;rbs_spacer=5-10bp;gc_cont=0.467
Ga0485799_0831_2     -            236 48934at2157          -            143   2.9e-10   39.8   2.6   1   2     0.032        63    3.1   0.6    11    59    42    92    36    99 0.84 # 811 # 1518 # 1 # ID=831_2;partial=00;start_type=ATG;rbs_motif=AGGA;rbs_spacer=5-10bp;gc_cont=0.331
Ga0485799_0831_2     -            236 48934at2157          -            143   2.9e-10   39.8   2.6   2   2   1.5e-12   2.8e-09   36.6   0.1    42   112   102   174    95   188 0.82 # 811 # 1518 # 1 # ID=831_2;partial=00;start_type=ATG;rbs_motif=AGGA;rbs_spacer=5-10bp;gc_cont=0.331
Ga0485799_0127_28    -            410 48934at2157          -            143   1.4e-05   24.6   0.2   1   2   6.3e-08   0.00012   21.6   0.0    78   111   154   187   143   212 0.82 # 26427 # 27656 # 1 # ID=127_28;partial=00;start_type=ATG;rbs_motif=AGGA;rbs_spacer=5-10bp;gc_cont=0.476
Ga0485799_0127_28    -            410 48934at2157          -            143   1.4e-05   24.6   0.2   2   2      0.35   6.7e+02   -0.3   0.1   114   140   359   385   323   387 0.77 # 26427 # 27656 # 1 # ID=127_28;partial=00;start_type=ATG;rbs_motif=AGGA;rbs_spacer=5-10bp;gc_cont=0.476
Ga0485799_0303_8     -            404 48934at2157          -            143   1.6e-05   24.5   1.4   1   3   2.9e-08   5.7e-05   22.7   0.0    78   130   154   213   151   219 0.81 # 6624 # 7835 # 1 # ID=303_8;partial=00;start_type=ATG;rbs_motif=AGGA/GGAG/GAGG;rbs_spacer=11-12bp;gc_cont=0.336
Ga0485799_0303_8     -            404 48934at2157          -            143   1.6e-05   24.5   1.4   2   3       2.2   4.3e+03   -2.9   0.0    93   111   315   333   310   343 0.85 # 6624 # 7835 # 1 # ID=303_8;partial=00;start_type=ATG;rbs_motif=AGGA/GGAG/GAGG;rbs_spacer=11-12bp;gc_cont=0.336
Ga0485799_0303_8     -            404 48934at2157          -            143   1.6e-05   24.5   1.4   3   3      0.97   1.9e+03   -1.7   0.3   116   140   360   384   330   386 0.79 # 6624 # 7835 # 1 # ID=303_8;partial=00;start_type=ATG;rbs_motif=AGGA/GGAG/GAGG;rbs_spacer=11-12bp;gc_cont=0.336
Ga0485799_0633_1     -            233 48934at2157          -            143   0.00016   21.2   0.1   1   1   1.9e-07   0.00036   20.0   0.1    78   122   143   187   141   195 0.89 # 1 # 699 # -1 # ID=633_1;partial=10;start_type=ATG;rbs_motif=GGA/GAG/AGG;rbs_spacer=5-10bp;gc_cont=0.316
Ga0485799_0714_1     -            201 48934at2157          -            143    0.0012   18.3   0.0   1   2       1.6   3.1e+03   -2.4   0.0     9    30     7    28     4    34 0.74 # 1 # 603 # 1 # ID=714_1;partial=10;start_type=Edge;rbs_motif=None;rbs_spacer=None;gc_cont=0.347
Ga0485799_0714_1     -            201 48934at2157          -            143    0.0012   18.3   0.0   2   2   1.6e-06    0.0031   17.0   0.0    78   121   101   144    84   152 0.86 # 1 # 603 # 1 # ID=714_1;partial=10;start_type=Edge;rbs_motif=None;rbs_spacer=None;gc_cont=0.347
Ga0485799_0741_2     -            373 48934at2157          -            143    0.0037   16.8   0.0   1   2   7.4e-06     0.014   14.9   0.0    78   109   154   185   151   193 0.91 # 433 # 1551 # -1 # ID=741_2;partial=00;start_type=ATG;rbs_motif=None;rbs_spacer=None;gc_cont=0.492
Ga0485799_0741_2     -            373 48934at2157          -            143    0.0037   16.8   0.0   2   2       2.8   5.5e+03   -3.2   0.0   122   137   222   237   217   241 0.71 # 433 # 1551 # -1 # ID=741_2;partial=00;start_type=ATG;rbs_motif=None;rbs_spacer=None;gc_cont=0.492
Ga0485799_0965_2     -            285 48934at2157          -            143    0.0044   16.5   0.0   1   2       3.1     6e+03   -3.4   0.0     9    29    91   111    88   116 0.73 # 1526 # 2380 # 1 # ID=965_2;partial=00;start_type=TTG;rbs_motif=GGA/GAG/AGG;rbs_spacer=5-10bp;gc_cont=0.343
Ga0485799_0965_2     -            285 48934at2157          -            143    0.0044   16.5   0.0   2   2   6.2e-06     0.012   15.1   0.0    78   121   185   228   171   235 0.88 # 1526 # 2380 # 1 # ID=965_2;partial=00;start_type=TTG;rbs_motif=GGA/GAG/AGG;rbs_spacer=5-10bp;gc_cont=0.343
#
# Program:         hmmsearch
# Version:         3.1b2 (February 2015)
# Pipeline mode:   SEARCH
# Query file:      /home/mira/Bacteria2022/Thiomargarita_magnifica/qc_assembly/busco_article/busco_downloads/lineages/archaea_odb10/hmms/48934at2157.hmm
# Target file:     /home/mira/Bacteria2022/Thiomargarita_magnifica/qc_assembly/busco_article/busco_article/prodigal_output/predicted_genes/predicted.faa
# Option settings: hmmsearch --domtblout /home/mira/Bacteria2022/Thiomargarita_magnifica/qc_assembly/busco_article/busco_article/auto_lineage/run_archaea_odb10/hmmer_output/48934at2157.out --cpu 1 /home/mira/Bacteria2022/Thiomargarita_magnifica/qc_assembly/busco_article/busco_downloads/lineages/archaea_odb10/hmms/48934at2157.hmm /home/mira/Bacteria2022/Thiomargarita_magnifica/qc_assembly/busco_article/busco_article/prodigal_output/predicted_genes/predicted.faa 
# Current dir:     /home/mira/Bacteria2022/Thiomargarita_magnifica/qc_assembly/busco_article
# Date:            Wed Jul 13 13:04:27 2022
# [ok]
