#                                                                            --- full sequence --- -------------- this domain -------------   hmm coord   ali coord   env coord
# target name        accession   tlen query name           accession   qlen   E-value  score  bias   #  of  c-Evalue  i-Evalue  score  bias  from    to  from    to  from    to  acc description of target
#------------------- ---------- ----- -------------------- ---------- ----- --------- ------ ----- --- --- --------- --------- ------ ----- ----- ----- ----- ----- ----- ----- ---- ---------------------
Ga0485799_0211_14    -            407 56027at2157          -            302   6.4e-44  149.9   5.3   1   3     3e-28   1.5e-24   86.3   0.1     1   125     7   141     7   158 0.89 # 13732 # 14952 # -1 # ID=211_14;partial=00;start_type=ATG;rbs_motif=GGA/GAG/AGG;rbs_spacer=5-10bp;gc_cont=0.305
Ga0485799_0211_14    -            407 56027at2157          -            302   6.4e-44  149.9   5.3   2   3   1.6e-14   8.2e-11   41.2   0.1   151   213   189   254   181   277 0.82 # 13732 # 14952 # -1 # ID=211_14;partial=00;start_type=ATG;rbs_motif=GGA/GAG/AGG;rbs_spacer=5-10bp;gc_cont=0.305
Ga0485799_0211_14    -            407 56027at2157          -            302   6.4e-44  149.9   5.3   3   3   3.1e-09   1.6e-05   23.8   0.4   207   291   275   375   248   383 0.73 # 13732 # 14952 # -1 # ID=211_14;partial=00;start_type=ATG;rbs_motif=GGA/GAG/AGG;rbs_spacer=5-10bp;gc_cont=0.305
Ga0485799_0004_30    -            432 56027at2157          -            302   8.3e-44  149.5   1.3   1   2   7.7e-43     4e-39  134.2   1.0     2   194    31   251    30   254 0.86 # 29846 # 31141 # -1 # ID=4_30;partial=00;start_type=ATG;rbs_motif=AGGA;rbs_spacer=5-10bp;gc_cont=0.455
Ga0485799_0004_30    -            432 56027at2157          -            302   8.3e-44  149.5   1.3   2   2   5.6e-06     0.029   13.1   0.0   209   280   289   372   266   382 0.80 # 29846 # 31141 # -1 # ID=4_30;partial=00;start_type=ATG;rbs_motif=AGGA;rbs_spacer=5-10bp;gc_cont=0.455
Ga0485799_0723_1     -            184 56027at2157          -            302   9.7e-05   21.2   0.3   1   2     0.042   2.2e+02    0.4   0.0     2    39     3    39     2    49 0.82 # 157 # 708 # 1 # ID=723_1;partial=00;start_type=ATG;rbs_motif=AGGA;rbs_spacer=5-10bp;gc_cont=0.346
Ga0485799_0723_1     -            184 56027at2157          -            302   9.7e-05   21.2   0.3   2   2   9.4e-08   0.00049   18.9   0.1    67   102    76   111    74   147 0.85 # 157 # 708 # 1 # ID=723_1;partial=00;start_type=ATG;rbs_motif=AGGA;rbs_spacer=5-10bp;gc_cont=0.346
#
# Program:         hmmsearch
# Version:         3.1b2 (February 2015)
# Pipeline mode:   SEARCH
# Query file:      /home/mira/Bacteria2022/Thiomargarita_magnifica/qc_assembly/busco_article/busco_downloads/lineages/archaea_odb10/hmms/56027at2157.hmm
# Target file:     /home/mira/Bacteria2022/Thiomargarita_magnifica/qc_assembly/busco_article/busco_article/prodigal_output/predicted_genes/predicted.faa
# Option settings: hmmsearch --domtblout /home/mira/Bacteria2022/Thiomargarita_magnifica/qc_assembly/busco_article/busco_article/auto_lineage/run_archaea_odb10/hmmer_output/56027at2157.out --cpu 1 /home/mira/Bacteria2022/Thiomargarita_magnifica/qc_assembly/busco_article/busco_downloads/lineages/archaea_odb10/hmms/56027at2157.hmm /home/mira/Bacteria2022/Thiomargarita_magnifica/qc_assembly/busco_article/busco_article/prodigal_output/predicted_genes/predicted.faa 
# Current dir:     /home/mira/Bacteria2022/Thiomargarita_magnifica/qc_assembly/busco_article
# Date:            Wed Jul 13 13:04:27 2022
# [ok]
