#                                                                            --- full sequence --- -------------- this domain -------------   hmm coord   ali coord   env coord
# target name        accession   tlen query name           accession   qlen   E-value  score  bias   #  of  c-Evalue  i-Evalue  score  bias  from    to  from    to  from    to  acc description of target
#------------------- ---------- ----- -------------------- ---------- ----- --------- ------ ----- --- --- --------- --------- ------ ----- ----- ----- ----- ----- ----- ----- ---- ---------------------
Ga0485799_0042_25    -            399 59062at2157          -            258   2.5e-08   33.5   0.0   1   2   0.00017      0.44    9.7   0.0     4    66     6    78     3    87 0.72 # 26877 # 28073 # -1 # ID=42_25;partial=00;start_type=ATG;rbs_motif=GGAG/GAGG;rbs_spacer=5-10bp;gc_cont=0.436
Ga0485799_0042_25    -            399 59062at2157          -            258   2.5e-08   33.5   0.0   2   2     5e-08   0.00013   21.3   0.0   117   173   161   227   116   232 0.76 # 26877 # 28073 # -1 # ID=42_25;partial=00;start_type=ATG;rbs_motif=GGAG/GAGG;rbs_spacer=5-10bp;gc_cont=0.436
Ga0485799_2083_1     -            177 59062at2157          -            258   6.3e-07   28.9   0.5   1   1   4.2e-09   1.1e-05   24.8   0.5   115   247    30   165     3   171 0.66 # 2 # 532 # 1 # ID=2083_1;partial=11;start_type=Edge;rbs_motif=None;rbs_spacer=None;gc_cont=0.347
Ga0485799_2055_1     -            170 59062at2157          -            258   8.6e-07   28.4   0.4   1   1     5e-09   1.3e-05   24.6   0.4   115   248    29   165     3   169 0.63 # 1 # 510 # 1 # ID=2055_1;partial=10;start_type=Edge;rbs_motif=None;rbs_spacer=None;gc_cont=0.329
Ga0485799_0724_3     -            322 59062at2157          -            258   9.3e-06   25.0   0.0   1   1   1.1e-08   2.7e-05   23.5   0.0    26   157     5   159     1   196 0.73 # 2227 # 3192 # 1 # ID=724_3;partial=00;start_type=TTG;rbs_motif=AGGA;rbs_spacer=5-10bp;gc_cont=0.317
Ga0485799_0198_13    -            399 59062at2157          -            258   6.8e-05   22.2   0.0   1   1   4.2e-08   0.00011   21.6   0.0     4    89     4    91     2   108 0.85 # 14235 # 15431 # 1 # ID=198_13;partial=00;start_type=ATG;rbs_motif=GGA/GAG/AGG;rbs_spacer=5-10bp;gc_cont=0.343
Ga0485799_0032_35    -            400 59062at2157          -            258   9.1e-05   21.8   0.2   1   3   2.8e-06    0.0071   15.6   0.0    23    65     4    48     1    85 0.79 # 40474 # 41673 # -1 # ID=32_35;partial=00;start_type=ATG;rbs_motif=AGGA/GGAG/GAGG;rbs_spacer=11-12bp;gc_cont=0.462
Ga0485799_0032_35    -            400 59062at2157          -            258   9.1e-05   21.8   0.2   2   3     0.013        34    3.5   0.0   120   157   128   165   110   170 0.85 # 40474 # 41673 # -1 # ID=32_35;partial=00;start_type=ATG;rbs_motif=AGGA/GGAG/GAGG;rbs_spacer=11-12bp;gc_cont=0.462
Ga0485799_0032_35    -            400 59062at2157          -            258   9.1e-05   21.8   0.2   3   3       2.7     7e+03   -4.0   0.0   163   177   258   272   249   286 0.75 # 40474 # 41673 # -1 # ID=32_35;partial=00;start_type=ATG;rbs_motif=AGGA/GGAG/GAGG;rbs_spacer=11-12bp;gc_cont=0.462
#
# Program:         hmmsearch
# Version:         3.1b2 (February 2015)
# Pipeline mode:   SEARCH
# Query file:      /home/mira/Bacteria2022/Thiomargarita_magnifica/qc_assembly/busco_article/busco_downloads/lineages/archaea_odb10/hmms/59062at2157.hmm
# Target file:     /home/mira/Bacteria2022/Thiomargarita_magnifica/qc_assembly/busco_article/busco_article/prodigal_output/predicted_genes/predicted.faa
# Option settings: hmmsearch --domtblout /home/mira/Bacteria2022/Thiomargarita_magnifica/qc_assembly/busco_article/busco_article/auto_lineage/run_archaea_odb10/hmmer_output/59062at2157.out --cpu 1 /home/mira/Bacteria2022/Thiomargarita_magnifica/qc_assembly/busco_article/busco_downloads/lineages/archaea_odb10/hmms/59062at2157.hmm /home/mira/Bacteria2022/Thiomargarita_magnifica/qc_assembly/busco_article/busco_article/prodigal_output/predicted_genes/predicted.faa 
# Current dir:     /home/mira/Bacteria2022/Thiomargarita_magnifica/qc_assembly/busco_article
# Date:            Wed Jul 13 13:04:28 2022
# [ok]
