#                                                                            --- full sequence --- -------------- this domain -------------   hmm coord   ali coord   env coord
# target name        accession   tlen query name           accession   qlen   E-value  score  bias   #  of  c-Evalue  i-Evalue  score  bias  from    to  from    to  from    to  acc description of target
#------------------- ---------- ----- -------------------- ---------- ----- --------- ------ ----- --- --- --------- --------- ------ ----- ----- ----- ----- ----- ----- ----- ---- ---------------------
Ga0485799_0521_1     -            247 60670at2157          -            186   1.7e-07   31.1   0.0   1   2     2e-07   0.00031   20.4   0.0    46    83    69   106    16   126 0.77 # 353 # 1093 # 1 # ID=521_1;partial=00;start_type=ATG;rbs_motif=AGGA;rbs_spacer=5-10bp;gc_cont=0.336
Ga0485799_0521_1     -            247 60670at2157          -            186   1.7e-07   31.1   0.0   2   2   0.00081       1.3    8.7   0.0   103   147   156   199   151   231 0.71 # 353 # 1093 # 1 # ID=521_1;partial=00;start_type=ATG;rbs_motif=AGGA;rbs_spacer=5-10bp;gc_cont=0.336
Ga0485799_0008_15    -            251 60670at2157          -            186   2.1e-06   27.5   0.2   1   2   5.7e-07   0.00088   18.9   0.0    23   101    36   131    25   144 0.73 # 12255 # 13007 # 1 # ID=8_15;partial=00;start_type=ATG;rbs_motif=GGAG/GAGG;rbs_spacer=5-10bp;gc_cont=0.461
Ga0485799_0008_15    -            251 60670at2157          -            186   2.1e-06   27.5   0.2   2   2    0.0083        13    5.4   0.1    97   152   156   219   132   243 0.65 # 12255 # 13007 # 1 # ID=8_15;partial=00;start_type=ATG;rbs_motif=GGAG/GAGG;rbs_spacer=5-10bp;gc_cont=0.461
Ga0485799_0032_39    -            266 60670at2157          -            186   1.7e-05   24.6   0.2   1   1   1.7e-08   2.6e-05   23.9   0.2   113   176   167   226   145   236 0.80 # 43903 # 44700 # -1 # ID=32_39;partial=00;start_type=ATG;rbs_motif=AGGA;rbs_spacer=5-10bp;gc_cont=0.472
Ga0485799_0277_13    -            261 60670at2157          -            186   3.1e-05   23.7   0.3   1   1   3.2e-08   4.9e-05   23.0   0.3   124   181   170   225   112   229 0.87 # 9611 # 10393 # -1 # ID=277_13;partial=00;start_type=ATG;rbs_motif=AGGA;rbs_spacer=5-10bp;gc_cont=0.354
Ga0485799_1506_2     -            246 60670at2157          -            186   0.00042   20.0   0.4   1   2   8.1e-06     0.013   15.2   0.1   117   170    45   100    43   106 0.84 # 210 # 947 # -1 # ID=1506_2;partial=01;start_type=Edge;rbs_motif=None;rbs_spacer=None;gc_cont=0.355
Ga0485799_1506_2     -            246 60670at2157          -            186   0.00042   20.0   0.4   2   2     0.058        89    2.6   0.0   138   172   190   224   176   230 0.77 # 210 # 947 # -1 # ID=1506_2;partial=01;start_type=Edge;rbs_motif=None;rbs_spacer=None;gc_cont=0.355
Ga0485799_0123_31    -            251 60670at2157          -            186    0.0015   18.2   1.5   1   2   0.00024      0.37   10.4   0.0   124   172    63   110    58   115 0.89 # 30477 # 31229 # -1 # ID=123_31;partial=00;start_type=ATG;rbs_motif=GGAG/GAGG;rbs_spacer=5-10bp;gc_cont=0.481
Ga0485799_0123_31    -            251 60670at2157          -            186    0.0015   18.2   1.5   2   2    0.0045         7    6.2   0.6   127   165   180   219   177   223 0.83 # 30477 # 31229 # -1 # ID=123_31;partial=00;start_type=ATG;rbs_motif=GGAG/GAGG;rbs_spacer=5-10bp;gc_cont=0.481
Ga0485799_0094_5     -            260 60670at2157          -            186    0.0058   16.3   0.0   1   1   6.2e-06    0.0096   15.6   0.0   132   183   207   258   195   259 0.87 # 3622 # 4401 # 1 # ID=94_5;partial=00;start_type=ATG;rbs_motif=None;rbs_spacer=None;gc_cont=0.460
Ga0485799_2090_1     -            162 60670at2157          -            186     0.023   14.3   0.0   1   1   3.3e-05     0.052   13.2   0.0   127   172    66   109    49   120 0.77 # 43 # 528 # 1 # ID=2090_1;partial=01;start_type=ATG;rbs_motif=GGAG/GAGG;rbs_spacer=5-10bp;gc_cont=0.302
Ga0485799_0123_30    -            256 60670at2157          -            186     0.029   14.0   2.7   1   3   3.1e-05     0.048   13.3   0.1   118   171    54   109    52   115 0.83 # 29625 # 30392 # -1 # ID=123_30;partial=00;start_type=ATG;rbs_motif=GGAG/GAGG;rbs_spacer=5-10bp;gc_cont=0.503
Ga0485799_0123_30    -            256 60670at2157          -            186     0.029   14.0   2.7   2   3       2.8   4.4e+03   -2.9   0.0   150   167   159   176   154   177 0.77 # 29625 # 30392 # -1 # ID=123_30;partial=00;start_type=ATG;rbs_motif=GGAG/GAGG;rbs_spacer=5-10bp;gc_cont=0.503
Ga0485799_0123_30    -            256 60670at2157          -            186     0.029   14.0   2.7   3   3       0.4   6.2e+02   -0.1   0.2   137   168   199   231   189   243 0.79 # 29625 # 30392 # -1 # ID=123_30;partial=00;start_type=ATG;rbs_motif=GGAG/GAGG;rbs_spacer=5-10bp;gc_cont=0.503
Ga0485799_0072_38    -            399 60670at2157          -            186      0.16   11.6   0.1   1   1   0.00017      0.27   10.9   0.1   115   169   312   366   309   370 0.94 # 40017 # 41213 # -1 # ID=72_38;partial=00;start_type=ATG;rbs_motif=None;rbs_spacer=None;gc_cont=0.468
#
# Program:         hmmsearch
# Version:         3.1b2 (February 2015)
# Pipeline mode:   SEARCH
# Query file:      /home/mira/Bacteria2022/Thiomargarita_magnifica/qc_assembly/busco_article/busco_downloads/lineages/archaea_odb10/hmms/60670at2157.hmm
# Target file:     /home/mira/Bacteria2022/Thiomargarita_magnifica/qc_assembly/busco_article/busco_article/prodigal_output/predicted_genes/predicted.faa
# Option settings: hmmsearch --domtblout /home/mira/Bacteria2022/Thiomargarita_magnifica/qc_assembly/busco_article/busco_article/auto_lineage/run_archaea_odb10/hmmer_output/60670at2157.out --cpu 1 /home/mira/Bacteria2022/Thiomargarita_magnifica/qc_assembly/busco_article/busco_downloads/lineages/archaea_odb10/hmms/60670at2157.hmm /home/mira/Bacteria2022/Thiomargarita_magnifica/qc_assembly/busco_article/busco_article/prodigal_output/predicted_genes/predicted.faa 
# Current dir:     /home/mira/Bacteria2022/Thiomargarita_magnifica/qc_assembly/busco_article
# Date:            Wed Jul 13 13:04:28 2022
# [ok]
