#                                                                            --- full sequence --- -------------- this domain -------------   hmm coord   ali coord   env coord
# target name        accession   tlen query name           accession   qlen   E-value  score  bias   #  of  c-Evalue  i-Evalue  score  bias  from    to  from    to  from    to  acc description of target
#------------------- ---------- ----- -------------------- ---------- ----- --------- ------ ----- --- --- --------- --------- ------ ----- ----- ----- ----- ----- ----- ----- ---- ---------------------
Ga0485799_0052_19    -            218 64860at2157          -            215   1.5e-07   30.9   0.0   1   1   9.9e-11   2.2e-07   30.4   0.0    52   132    59   142    37   152 0.83 # 18915 # 19568 # 1 # ID=52_19;partial=00;start_type=ATG;rbs_motif=AGGA/GGAG/GAGG;rbs_spacer=11-12bp;gc_cont=0.462
Ga0485799_0552_7     -            243 64860at2157          -            215   8.6e-06   25.2   0.0   1   1     7e-09   1.5e-05   24.3   0.0    64   128    99   168    92   183 0.85 # 5153 # 5881 # 1 # ID=552_7;partial=00;start_type=ATG;rbs_motif=AGGAG;rbs_spacer=5-10bp;gc_cont=0.479
Ga0485799_0340_11    -            258 64860at2157          -            215    0.0037   16.6   0.0   1   1   2.4e-06    0.0054   16.0   0.0    69   125    70   134    67   174 0.83 # 13023 # 13796 # -1 # ID=340_11;partial=00;start_type=ATG;rbs_motif=GGAG/GAGG;rbs_spacer=5-10bp;gc_cont=0.464
Ga0485799_0673_4     -            277 64860at2157          -            215    0.0043   16.3   0.1   1   1     3e-06    0.0066   15.7   0.1    76   117   112   156   107   188 0.75 # 4017 # 4847 # 1 # ID=673_4;partial=00;start_type=ATG;rbs_motif=None;rbs_spacer=None;gc_cont=0.285
Ga0485799_0412_4     -            285 64860at2157          -            215     0.029   13.7   0.0   1   1   1.8e-05      0.04   13.2   0.0    68   117    45    98    40   146 0.81 # 3374 # 4228 # -1 # ID=412_4;partial=00;start_type=ATG;rbs_motif=GGAGG;rbs_spacer=5-10bp;gc_cont=0.474
Ga0485799_0212_11    -            304 64860at2157          -            215     0.032   13.5   0.0   1   1   2.1e-05     0.048   12.9   0.0    75   116   130   175   126   204 0.85 # 13705 # 14616 # -1 # ID=212_11;partial=00;start_type=ATG;rbs_motif=GGA/GAG/AGG;rbs_spacer=5-10bp;gc_cont=0.451
Ga0485799_0267_14    -            232 64860at2157          -            215     0.092   12.0   0.0   1   1   6.4e-05      0.14   11.4   0.0    70   148    61   141    58   149 0.79 # 11874 # 12569 # -1 # ID=267_14;partial=00;start_type=ATG;rbs_motif=GGA/GAG/AGG;rbs_spacer=5-10bp;gc_cont=0.375
#
# Program:         hmmsearch
# Version:         3.1b2 (February 2015)
# Pipeline mode:   SEARCH
# Query file:      /home/mira/Bacteria2022/Thiomargarita_magnifica/qc_assembly/busco_article/busco_downloads/lineages/archaea_odb10/hmms/64860at2157.hmm
# Target file:     /home/mira/Bacteria2022/Thiomargarita_magnifica/qc_assembly/busco_article/busco_article/prodigal_output/predicted_genes/predicted.faa
# Option settings: hmmsearch --domtblout /home/mira/Bacteria2022/Thiomargarita_magnifica/qc_assembly/busco_article/busco_article/auto_lineage/run_archaea_odb10/hmmer_output/64860at2157.out --cpu 1 /home/mira/Bacteria2022/Thiomargarita_magnifica/qc_assembly/busco_article/busco_downloads/lineages/archaea_odb10/hmms/64860at2157.hmm /home/mira/Bacteria2022/Thiomargarita_magnifica/qc_assembly/busco_article/busco_article/prodigal_output/predicted_genes/predicted.faa 
# Current dir:     /home/mira/Bacteria2022/Thiomargarita_magnifica/qc_assembly/busco_article
# Date:            Wed Jul 13 13:04:28 2022
# [ok]
