#                                                                            --- full sequence --- -------------- this domain -------------   hmm coord   ali coord   env coord
# target name        accession   tlen query name           accession   qlen   E-value  score  bias   #  of  c-Evalue  i-Evalue  score  bias  from    to  from    to  from    to  acc description of target
#------------------- ---------- ----- -------------------- ---------- ----- --------- ------ ----- --- --- --------- --------- ------ ----- ----- ----- ----- ----- ----- ----- ---- ---------------------
Ga0485799_0011_51    -            671 6590at2157           -            391   8.1e-86  288.1   0.4   1   2   7.1e-42   1.1e-38  132.9   0.1     1   135     7   151     7   161 0.88 # 38711 # 40723 # -1 # ID=11_51;partial=00;start_type=ATG;rbs_motif=None;rbs_spacer=None;gc_cont=0.449
Ga0485799_0011_51    -            671 6590at2157           -            391   8.1e-86  288.1   0.4   2   2   9.7e-48   1.5e-44  152.2   0.0   127   357   170   464   159   474 0.76 # 38711 # 40723 # -1 # ID=11_51;partial=00;start_type=ATG;rbs_motif=None;rbs_spacer=None;gc_cont=0.449
Ga0485799_0929_2     -            649 6590at2157           -            391   9.1e-68  228.7   0.4   1   1   5.3e-70   8.3e-67  225.5   0.4     2   384     8   479     7   485 0.75 # 428 # 2374 # 1 # ID=929_2;partial=00;start_type=ATG;rbs_motif=AGGA;rbs_spacer=5-10bp;gc_cont=0.333
Ga0485799_0726_3     -            821 6590at2157           -            391   9.7e-23   80.4   1.7   1   4   3.4e-21   5.3e-18   64.8   0.0     3   166    35   208    33   226 0.87 # 2018 # 4480 # 1 # ID=726_3;partial=00;start_type=ATG;rbs_motif=AGGA;rbs_spacer=5-10bp;gc_cont=0.323
Ga0485799_0726_3     -            821 6590at2157           -            391   9.7e-23   80.4   1.7   2   4    0.0091        14    4.2   0.0   173   192   418   437   399   441 0.89 # 2018 # 4480 # 1 # ID=726_3;partial=00;start_type=ATG;rbs_motif=AGGA;rbs_spacer=5-10bp;gc_cont=0.323
Ga0485799_0726_3     -            821 6590at2157           -            391   9.7e-23   80.4   1.7   3   4     0.015        23    3.5   0.0   238   261   571   595   568   602 0.87 # 2018 # 4480 # 1 # ID=726_3;partial=00;start_type=ATG;rbs_motif=AGGA;rbs_spacer=5-10bp;gc_cont=0.323
Ga0485799_0726_3     -            821 6590at2157           -            391   9.7e-23   80.4   1.7   4   4     0.011        17    3.9   0.1   307   381   662   737   646   745 0.78 # 2018 # 4480 # 1 # ID=726_3;partial=00;start_type=ATG;rbs_motif=AGGA;rbs_spacer=5-10bp;gc_cont=0.323
Ga0485799_0103_22    -            810 6590at2157           -            391   2.5e-22   79.1   0.0   1   3   4.3e-17   6.7e-14   51.3   0.0     6   165    39   208    34   217 0.85 # 20448 # 22877 # -1 # ID=103_22;partial=00;start_type=ATG;rbs_motif=None;rbs_spacer=None;gc_cont=0.487
Ga0485799_0103_22    -            810 6590at2157           -            391   2.5e-22   79.1   0.0   2   3    0.0023       3.5    6.1   0.0   160   193   399   433   385   436 0.79 # 20448 # 22877 # -1 # ID=103_22;partial=00;start_type=ATG;rbs_motif=None;rbs_spacer=None;gc_cont=0.487
Ga0485799_0103_22    -            810 6590at2157           -            391   2.5e-22   79.1   0.0   3   3   1.2e-06    0.0019   16.9   0.0   239   383   564   727   560   730 0.79 # 20448 # 22877 # -1 # ID=103_22;partial=00;start_type=ATG;rbs_motif=None;rbs_spacer=None;gc_cont=0.487
Ga0485799_0028_41    -            939 6590at2157           -            391   2.9e-14   52.5   1.2   1   4   6.2e-12   9.6e-09   34.4   0.0     7    59    56   109    50   224 0.86 # 49530 # 52346 # -1 # ID=28_41;partial=00;start_type=GTG;rbs_motif=GGA/GAG/AGG;rbs_spacer=5-10bp;gc_cont=0.469
Ga0485799_0028_41    -            939 6590at2157           -            391   2.9e-14   52.5   1.2   2   4     3e-05     0.046   12.3   0.1   126   192   406   482   386   486 0.78 # 49530 # 52346 # -1 # ID=28_41;partial=00;start_type=GTG;rbs_motif=GGA/GAG/AGG;rbs_spacer=5-10bp;gc_cont=0.469
Ga0485799_0028_41    -            939 6590at2157           -            391   2.9e-14   52.5   1.2   3   4      0.13   2.1e+02    0.3   0.0   236   260   595   620   593   641 0.86 # 49530 # 52346 # -1 # ID=28_41;partial=00;start_type=GTG;rbs_motif=GGA/GAG/AGG;rbs_spacer=5-10bp;gc_cont=0.469
Ga0485799_0028_41    -            939 6590at2157           -            391   2.9e-14   52.5   1.2   4   4       1.1   1.7e+03   -2.7   0.0   355   381   760   786   748   789 0.83 # 49530 # 52346 # -1 # ID=28_41;partial=00;start_type=GTG;rbs_motif=GGA/GAG/AGG;rbs_spacer=5-10bp;gc_cont=0.469
Ga0485799_0604_4     -            912 6590at2157           -            391   6.5e-12   44.8   2.8   1   3     2e-10   3.1e-07   29.4   0.0     8    62    56   111    50   123 0.85 # 1167 # 3902 # -1 # ID=604_4;partial=00;start_type=ATG;rbs_motif=GGA/GAG/AGG;rbs_spacer=5-10bp;gc_cont=0.325
Ga0485799_0604_4     -            912 6590at2157           -            391   6.5e-12   44.8   2.8   2   3   0.00043      0.67    8.5   0.6   172   192   451   471   389   505 0.55 # 1167 # 3902 # -1 # ID=604_4;partial=00;start_type=ATG;rbs_motif=GGA/GAG/AGG;rbs_spacer=5-10bp;gc_cont=0.325
Ga0485799_0604_4     -            912 6590at2157           -            391   6.5e-12   44.8   2.8   3   3     0.014        22    3.6   0.0   236   262   587   615   582   703 0.81 # 1167 # 3902 # -1 # ID=604_4;partial=00;start_type=ATG;rbs_motif=GGA/GAG/AGG;rbs_spacer=5-10bp;gc_cont=0.325
Ga0485799_0962_1     -            815 6590at2157           -            391   2.2e-07   29.9   6.4   1   4   0.00019       0.3    9.7   0.0     8    53    45    91    38   111 0.79 # 114 # 2558 # -1 # ID=962_1;partial=00;start_type=ATG;rbs_motif=GGA/GAG/AGG;rbs_spacer=5-10bp;gc_cont=0.336
Ga0485799_0962_1     -            815 6590at2157           -            391   2.2e-07   29.9   6.4   2   4    0.0034       5.3    5.6   0.0    84   118   149   183   122   197 0.85 # 114 # 2558 # -1 # ID=962_1;partial=00;start_type=ATG;rbs_motif=GGA/GAG/AGG;rbs_spacer=5-10bp;gc_cont=0.336
Ga0485799_0962_1     -            815 6590at2157           -            391   2.2e-07   29.9   6.4   3   4   5.5e-05     0.086   11.5   2.1   167   192   389   413   289   417 0.75 # 114 # 2558 # -1 # ID=962_1;partial=00;start_type=ATG;rbs_motif=GGA/GAG/AGG;rbs_spacer=5-10bp;gc_cont=0.336
Ga0485799_0962_1     -            815 6590at2157           -            391   2.2e-07   29.9   6.4   4   4     0.088   1.4e+02    0.9   0.1   312   347   616   652   527   702 0.61 # 114 # 2558 # -1 # ID=962_1;partial=00;start_type=ATG;rbs_motif=GGA/GAG/AGG;rbs_spacer=5-10bp;gc_cont=0.336
Ga0485799_0507_3     -            916 6590at2157           -            391   1.5e-05   23.8   4.1   1   6      0.22   3.3e+02   -0.4   0.0    88   114     8    34     3    38 0.89 # 2042 # 4789 # 1 # ID=507_3;partial=00;start_type=ATG;rbs_motif=None;rbs_spacer=None;gc_cont=0.481
Ga0485799_0507_3     -            916 6590at2157           -            391   1.5e-05   23.8   4.1   2   6    0.0025       3.9    6.0   0.1     4    58    35    90    32   104 0.80 # 2042 # 4789 # 1 # ID=507_3;partial=00;start_type=ATG;rbs_motif=None;rbs_spacer=None;gc_cont=0.481
Ga0485799_0507_3     -            916 6590at2157           -            391   1.5e-05   23.8   4.1   3   6      0.04        62    2.1   0.0    76   127   136   186   114   196 0.72 # 2042 # 4789 # 1 # ID=507_3;partial=00;start_type=ATG;rbs_motif=None;rbs_spacer=None;gc_cont=0.481
Ga0485799_0507_3     -            916 6590at2157           -            391   1.5e-05   23.8   4.1   4   6   0.00027      0.42    9.2   0.7   170   193   389   411   354   421 0.82 # 2042 # 4789 # 1 # ID=507_3;partial=00;start_type=ATG;rbs_motif=None;rbs_spacer=None;gc_cont=0.481
Ga0485799_0507_3     -            916 6590at2157           -            391   1.5e-05   23.8   4.1   5   6       1.6   2.4e+03   -3.2   0.0   246   259   518   531   511   534 0.86 # 2042 # 4789 # 1 # ID=507_3;partial=00;start_type=ATG;rbs_motif=None;rbs_spacer=None;gc_cont=0.481
Ga0485799_0507_3     -            916 6590at2157           -            391   1.5e-05   23.8   4.1   6   6     0.037        58    2.2   0.0   349   380   699   730   617   734 0.88 # 2042 # 4789 # 1 # ID=507_3;partial=00;start_type=ATG;rbs_motif=None;rbs_spacer=None;gc_cont=0.481
Ga0485799_0419_11    -            467 6590at2157           -            391    0.0019   16.9   2.2   1   2   8.9e-05      0.14   10.8   0.1    12   105    35   137    26   194 0.70 # 8406 # 9806 # -1 # ID=419_11;partial=00;start_type=ATG;rbs_motif=4Base/6BMM;rbs_spacer=13-15bp;gc_cont=0.298
Ga0485799_0419_11    -            467 6590at2157           -            391    0.0019   16.9   2.2   2   2    0.0028       4.3    5.9   0.3   239   305   259   337   253   375 0.62 # 8406 # 9806 # -1 # ID=419_11;partial=00;start_type=ATG;rbs_motif=4Base/6BMM;rbs_spacer=13-15bp;gc_cont=0.298
Ga0485799_0144_29    -            458 6590at2157           -            391       0.1   11.2   0.1   1   2   0.00097       1.5    7.4   0.0    14    37    35    57    26   135 0.79 # 27716 # 29089 # -1 # ID=144_29;partial=00;start_type=ATG;rbs_motif=GGA/GAG/AGG;rbs_spacer=5-10bp;gc_cont=0.476
Ga0485799_0144_29    -            458 6590at2157           -            391       0.1   11.2   0.1   2   2     0.059        91    1.5   0.0   239   257   255   273   250   296 0.83 # 27716 # 29089 # -1 # ID=144_29;partial=00;start_type=ATG;rbs_motif=GGA/GAG/AGG;rbs_spacer=5-10bp;gc_cont=0.476
#
# Program:         hmmsearch
# Version:         3.1b2 (February 2015)
# Pipeline mode:   SEARCH
# Query file:      /home/mira/Bacteria2022/Thiomargarita_magnifica/qc_assembly/busco_article/busco_downloads/lineages/archaea_odb10/hmms/6590at2157.hmm
# Target file:     /home/mira/Bacteria2022/Thiomargarita_magnifica/qc_assembly/busco_article/busco_article/prodigal_output/predicted_genes/predicted.faa
# Option settings: hmmsearch --domtblout /home/mira/Bacteria2022/Thiomargarita_magnifica/qc_assembly/busco_article/busco_article/auto_lineage/run_archaea_odb10/hmmer_output/6590at2157.out --cpu 1 /home/mira/Bacteria2022/Thiomargarita_magnifica/qc_assembly/busco_article/busco_downloads/lineages/archaea_odb10/hmms/6590at2157.hmm /home/mira/Bacteria2022/Thiomargarita_magnifica/qc_assembly/busco_article/busco_article/prodigal_output/predicted_genes/predicted.faa 
# Current dir:     /home/mira/Bacteria2022/Thiomargarita_magnifica/qc_assembly/busco_article
# Date:            Wed Jul 13 13:04:28 2022
# [ok]
