#                                                                            --- full sequence --- -------------- this domain -------------   hmm coord   ali coord   env coord
# target name        accession   tlen query name           accession   qlen   E-value  score  bias   #  of  c-Evalue  i-Evalue  score  bias  from    to  from    to  from    to  acc description of target
#------------------- ---------- ----- -------------------- ---------- ----- --------- ------ ----- --- --- --------- --------- ------ ----- ----- ----- ----- ----- ----- ----- ---- ---------------------
Ga0485799_0236_2     -            463 66209at2157          -            266   1.4e-18   66.8   0.0   1   2   1.4e-13   1.4e-10   40.5   0.0   138   251     2   120     1   127 0.86 # 527 # 1915 # -1 # ID=236_2;partial=00;start_type=ATG;rbs_motif=None;rbs_spacer=None;gc_cont=0.461
Ga0485799_0236_2     -            463 66209at2157          -            266   1.4e-18   66.8   0.0   2   2   1.4e-08   1.3e-05   24.2   0.0   141   228   177   271   148   306 0.73 # 527 # 1915 # -1 # ID=236_2;partial=00;start_type=ATG;rbs_motif=None;rbs_spacer=None;gc_cont=0.461
Ga0485799_0633_2     -            365 66209at2157          -            266   6.9e-14   51.3   0.0   1   1   1.1e-16   1.1e-13   50.7   0.0   144   199   164   224   150   281 0.78 # 710 # 1804 # -1 # ID=633_2;partial=00;start_type=ATG;rbs_motif=AGGA/GGAG/GAGG;rbs_spacer=11-12bp;gc_cont=0.327
Ga0485799_0034_44    -            338 66209at2157          -            266   8.6e-13   47.7   0.0   1   1   1.4e-15   1.3e-12   47.1   0.0   145   193   166   219   159   270 0.86 # 39054 # 40067 # -1 # ID=34_44;partial=00;start_type=ATG;rbs_motif=GGAG/GAGG;rbs_spacer=5-10bp;gc_cont=0.450
Ga0485799_0313_4     -            299 66209at2157          -            266   3.6e-10   39.1   0.0   1   1   5.6e-13   5.4e-10   38.6   0.0   141   256    10   130     8   139 0.85 # 3863 # 4759 # -1 # ID=313_4;partial=00;start_type=ATG;rbs_motif=GGA/GAG/AGG;rbs_spacer=5-10bp;gc_cont=0.447
Ga0485799_0767_3     -            505 66209at2157          -            266   7.3e-10   38.1   1.0   1   2   1.3e-06    0.0013   17.7   0.0   142   224     5    91     1   125 0.78 # 1417 # 2931 # -1 # ID=767_3;partial=00;start_type=ATG;rbs_motif=AGGA;rbs_spacer=5-10bp;gc_cont=0.303
Ga0485799_0767_3     -            505 66209at2157          -            266   7.3e-10   38.1   1.0   2   2   3.5e-06    0.0034   16.3   0.2   129   166   197   234   174   342 0.68 # 1417 # 2931 # -1 # ID=767_3;partial=00;start_type=ATG;rbs_motif=AGGA;rbs_spacer=5-10bp;gc_cont=0.303
Ga0485799_0495_3     -            453 66209at2157          -            266   2.6e-09   36.3   3.1   1   2    0.0067       6.5    5.5   0.1    78   123   123   168   113   178 0.87 # 2619 # 3977 # 1 # ID=495_3;partial=00;start_type=ATG;rbs_motif=AGxAG;rbs_spacer=5-10bp;gc_cont=0.289
Ga0485799_0495_3     -            453 66209at2157          -            266   2.6e-09   36.3   3.1   2   2   1.2e-10   1.1e-07   31.0   0.4   109   253   184   336   180   348 0.72 # 2619 # 3977 # 1 # ID=495_3;partial=00;start_type=ATG;rbs_motif=AGxAG;rbs_spacer=5-10bp;gc_cont=0.289
Ga0485799_0077_7     -            364 66209at2157          -            266   4.9e-09   35.4   0.2   1   2   2.5e-11   2.5e-08   33.1   0.0   143   179     7    43     3    46 0.92 # 12031 # 13122 # 1 # ID=77_7;partial=00;start_type=ATG;rbs_motif=GGA/GAG/AGG;rbs_spacer=5-10bp;gc_cont=0.467
Ga0485799_0077_7     -            364 66209at2157          -            266   4.9e-09   35.4   0.2   2   2       0.4   3.9e+02   -0.3   0.0    78   144   140   206   125   209 0.54 # 12031 # 13122 # 1 # ID=77_7;partial=00;start_type=ATG;rbs_motif=GGA/GAG/AGG;rbs_spacer=5-10bp;gc_cont=0.467
Ga0485799_0277_2     -            680 66209at2157          -            266   1.5e-08   33.8   0.0   1   1   2.9e-11   2.8e-08   33.0   0.0   137   192     2    61     1   132 0.66 # 103 # 2142 # 1 # ID=277_2;partial=00;start_type=ATG;rbs_motif=GGAG/GAGG;rbs_spacer=5-10bp;gc_cont=0.329
Ga0485799_0004_101   -            467 66209at2157          -            266   1.6e-07   30.4   0.0   1   1   3.1e-10     3e-07   29.6   0.0   110   254   213   358   210   367 0.75 # 91918 # 93318 # 1 # ID=4_101;partial=00;start_type=ATG;rbs_motif=4Base/6BMM;rbs_spacer=13-15bp;gc_cont=0.476
Ga0485799_0028_29    -            426 66209at2157          -            266   3.3e-06   26.2   0.2   1   1   7.9e-09   7.7e-06   25.0   0.2   108   252   168   320   162   322 0.74 # 35443 # 36720 # 1 # ID=28_29;partial=00;start_type=ATG;rbs_motif=GGAG/GAGG;rbs_spacer=5-10bp;gc_cont=0.487
Ga0485799_0607_8     -            367 66209at2157          -            266   3.8e-06   26.0   0.2   1   2   3.2e-08   3.1e-05   23.0   0.1   143   172     7    37     4    39 0.89 # 4856 # 5956 # -1 # ID=607_8;partial=00;start_type=ATG;rbs_motif=AGGA;rbs_spacer=5-10bp;gc_cont=0.349
Ga0485799_0607_8     -            367 66209at2157          -            266   3.8e-06   26.0   0.2   2   2      0.27   2.7e+02    0.2   0.0    49   122   126   200    84   205 0.68 # 4856 # 5956 # -1 # ID=607_8;partial=00;start_type=ATG;rbs_motif=AGGA;rbs_spacer=5-10bp;gc_cont=0.349
Ga0485799_0198_9     -            779 66209at2157          -            266   4.2e-06   25.8   0.5   1   2   7.4e-09   7.2e-06   25.0   0.0   140   262     5   133     1   136 0.81 # 9884 # 12220 # 1 # ID=198_9;partial=00;start_type=ATG;rbs_motif=GGAG/GAGG;rbs_spacer=5-10bp;gc_cont=0.452
Ga0485799_0198_9     -            779 66209at2157          -            266   4.2e-06   25.8   0.5   2   2       4.1   3.9e+03   -3.6   0.1    73    97   258   282   236   286 0.55 # 9884 # 12220 # 1 # ID=198_9;partial=00;start_type=ATG;rbs_motif=GGAG/GAGG;rbs_spacer=5-10bp;gc_cont=0.452
Ga0485799_0003_36    -            736 66209at2157          -            266     0.003   16.4   3.2   1   4   3.5e-05     0.034   13.0   0.1    68   162    21   116    13   121 0.77 # 44676 # 46883 # 1 # ID=3_36;partial=00;start_type=ATG;rbs_motif=AGGA;rbs_spacer=5-10bp;gc_cont=0.433
Ga0485799_0003_36    -            736 66209at2157          -            266     0.003   16.4   3.2   2   4       3.4   3.3e+03   -3.4   0.0   203   221   276   294   264   315 0.86 # 44676 # 46883 # 1 # ID=3_36;partial=00;start_type=ATG;rbs_motif=AGGA;rbs_spacer=5-10bp;gc_cont=0.433
Ga0485799_0003_36    -            736 66209at2157          -            266     0.003   16.4   3.2   3   4       1.8   1.8e+03   -2.5   0.0    96   119   386   409   367   472 0.66 # 44676 # 46883 # 1 # ID=3_36;partial=00;start_type=ATG;rbs_motif=AGGA;rbs_spacer=5-10bp;gc_cont=0.433
Ga0485799_0003_36    -            736 66209at2157          -            266     0.003   16.4   3.2   4   4     0.069        67    2.2   0.0    78   108   628   658   592   693 0.73 # 44676 # 46883 # 1 # ID=3_36;partial=00;start_type=ATG;rbs_motif=AGGA;rbs_spacer=5-10bp;gc_cont=0.433
Ga0485799_0775_2     -            294 66209at2157          -            266    0.0056   15.6   0.7   1   2   3.4e-05     0.033   13.1   0.1   145   256    11   125     6   137 0.75 # 96 # 977 # -1 # ID=775_2;partial=00;start_type=ATG;rbs_motif=AGGA;rbs_spacer=5-10bp;gc_cont=0.294
Ga0485799_0775_2     -            294 66209at2157          -            266    0.0056   15.6   0.7   2   2      0.52   5.1e+02   -0.7   0.1   109   143   195   230   178   287 0.70 # 96 # 977 # -1 # ID=775_2;partial=00;start_type=ATG;rbs_motif=AGGA;rbs_spacer=5-10bp;gc_cont=0.294
Ga0485799_0228_9     -            734 66209at2157          -            266     0.036   12.9   0.2   1   1   0.00013      0.12   11.2   0.2    78   160    28   108     7   114 0.71 # 8891 # 11092 # -1 # ID=228_9;partial=00;start_type=ATG;rbs_motif=None;rbs_spacer=None;gc_cont=0.421
Ga0485799_0257_2     -            103 66209at2157          -            266     0.066   12.1   0.0   1   1   7.2e-05      0.07   12.0   0.0    53   128    12    85     2   100 0.77 # 1140 # 1448 # -1 # ID=257_2;partial=00;start_type=ATG;rbs_motif=GGAG/GAGG;rbs_spacer=5-10bp;gc_cont=0.463
#
# Program:         hmmsearch
# Version:         3.1b2 (February 2015)
# Pipeline mode:   SEARCH
# Query file:      /home/mira/Bacteria2022/Thiomargarita_magnifica/qc_assembly/busco_article/busco_downloads/lineages/archaea_odb10/hmms/66209at2157.hmm
# Target file:     /home/mira/Bacteria2022/Thiomargarita_magnifica/qc_assembly/busco_article/busco_article/prodigal_output/predicted_genes/predicted.faa
# Option settings: hmmsearch --domtblout /home/mira/Bacteria2022/Thiomargarita_magnifica/qc_assembly/busco_article/busco_article/auto_lineage/run_archaea_odb10/hmmer_output/66209at2157.out --cpu 1 /home/mira/Bacteria2022/Thiomargarita_magnifica/qc_assembly/busco_article/busco_downloads/lineages/archaea_odb10/hmms/66209at2157.hmm /home/mira/Bacteria2022/Thiomargarita_magnifica/qc_assembly/busco_article/busco_article/prodigal_output/predicted_genes/predicted.faa 
# Current dir:     /home/mira/Bacteria2022/Thiomargarita_magnifica/qc_assembly/busco_article
# Date:            Wed Jul 13 13:04:28 2022
# [ok]
