#                                                                            --- full sequence --- -------------- this domain -------------   hmm coord   ali coord   env coord
# target name        accession   tlen query name           accession   qlen   E-value  score  bias   #  of  c-Evalue  i-Evalue  score  bias  from    to  from    to  from    to  acc description of target
#------------------- ---------- ----- -------------------- ---------- ----- --------- ------ ----- --- --- --------- --------- ------ ----- ----- ----- ----- ----- ----- ----- ---- ---------------------
Ga0485799_0204_8     -           1516 66811at2157          -            315   5.3e-22   78.1   2.5   1   4   3.3e-12     1e-08   34.5   0.0    14    50   903   939   897   943 0.90 # 6110 # 10657 # -1 # ID=204_8;partial=00;start_type=ATG;rbs_motif=GGAG/GAGG;rbs_spacer=5-10bp;gc_cont=0.335
Ga0485799_0204_8     -           1516 66811at2157          -            315   5.3e-22   78.1   2.5   2   4    0.0034        11    4.9   0.0    52    71  1272  1291  1267  1297 0.85 # 6110 # 10657 # -1 # ID=204_8;partial=00;start_type=ATG;rbs_motif=GGAG/GAGG;rbs_spacer=5-10bp;gc_cont=0.335
Ga0485799_0204_8     -           1516 66811at2157          -            315   5.3e-22   78.1   2.5   3   4   0.00079       2.4    7.0   0.1   202   249  1356  1403  1347  1416 0.87 # 6110 # 10657 # -1 # ID=204_8;partial=00;start_type=ATG;rbs_motif=GGAG/GAGG;rbs_spacer=5-10bp;gc_cont=0.335
Ga0485799_0204_8     -           1516 66811at2157          -            315   5.3e-22   78.1   2.5   4   4   2.8e-10   8.6e-07   28.2   0.0   263   311  1455  1503  1445  1506 0.91 # 6110 # 10657 # -1 # ID=204_8;partial=00;start_type=ATG;rbs_motif=GGAG/GAGG;rbs_spacer=5-10bp;gc_cont=0.335
Ga0485799_0119_1     -            253 66811at2157          -            315   4.9e-14   52.0   0.5   1   2   6.3e-07     0.002   17.1   0.3   201   245    75   119    62   127 0.90 # 1 # 759 # 1 # ID=119_1;partial=10;start_type=Edge;rbs_motif=None;rbs_spacer=None;gc_cont=0.469
Ga0485799_0119_1     -            253 66811at2157          -            315   4.9e-14   52.0   0.5   2   2   9.3e-12   2.9e-08   33.0   0.0   263   310   175   222   160   225 0.91 # 1 # 759 # 1 # ID=119_1;partial=10;start_type=Edge;rbs_motif=None;rbs_spacer=None;gc_cont=0.469
Ga0485799_0026_45    -           1354 66811at2157          -            315   4.7e-12   45.5   1.9   1   5         1   3.2e+03   -3.3   0.0   220   236   845   862   829   865 0.83 # 56020 # 60081 # 1 # ID=26_45;partial=00;start_type=ATG;rbs_motif=None;rbs_spacer=None;gc_cont=0.434
Ga0485799_0026_45    -           1354 66811at2157          -            315   4.7e-12   45.5   1.9   2   5   1.4e-05     0.043   12.7   0.0    16    43   886   913   878   914 0.90 # 56020 # 60081 # 1 # ID=26_45;partial=00;start_type=ATG;rbs_motif=None;rbs_spacer=None;gc_cont=0.434
Ga0485799_0026_45    -           1354 66811at2157          -            315   4.7e-12   45.5   1.9   3   5     0.046   1.4e+02    1.2   0.0    56    69  1117  1130  1114  1142 0.81 # 56020 # 60081 # 1 # ID=26_45;partial=00;start_type=ATG;rbs_motif=None;rbs_spacer=None;gc_cont=0.434
Ga0485799_0026_45    -           1354 66811at2157          -            315   4.7e-12   45.5   1.9   4   5     0.025        78    2.0   0.1   204   245  1199  1240  1189  1250 0.79 # 56020 # 60081 # 1 # ID=26_45;partial=00;start_type=ATG;rbs_motif=None;rbs_spacer=None;gc_cont=0.434
Ga0485799_0026_45    -           1354 66811at2157          -            315   4.7e-12   45.5   1.9   5   5   3.7e-09   1.1e-05   24.5   0.0   263   310  1299  1346  1288  1349 0.92 # 56020 # 60081 # 1 # ID=26_45;partial=00;start_type=ATG;rbs_motif=None;rbs_spacer=None;gc_cont=0.434
Ga0485799_0163_25    -            360 66811at2157          -            315   2.3e-10   39.9   0.2   1   2      0.86   2.7e+03   -3.0   0.0   195   222    44    71    40    73 0.79 # 25371 # 26450 # 1 # ID=163_25;partial=01;start_type=ATG;rbs_motif=None;rbs_spacer=None;gc_cont=0.459
Ga0485799_0163_25    -            360 66811at2157          -            315   2.3e-10   39.9   0.2   2   2   1.7e-13   5.1e-10   38.8   0.0    16    50   264   298   256   309 0.90 # 25371 # 26450 # 1 # ID=163_25;partial=01;start_type=ATG;rbs_motif=None;rbs_spacer=None;gc_cont=0.459
Ga0485799_0163_1     -            132 66811at2157          -            315   6.2e-09   35.2   0.0   1   1   2.6e-12   8.1e-09   34.8   0.0   263   310    54   101    39   104 0.90 # 1 # 396 # 1 # ID=163_1;partial=10;start_type=Edge;rbs_motif=None;rbs_spacer=None;gc_cont=0.500
#
# Program:         hmmsearch
# Version:         3.1b2 (February 2015)
# Pipeline mode:   SEARCH
# Query file:      /home/mira/Bacteria2022/Thiomargarita_magnifica/qc_assembly/busco_article/busco_downloads/lineages/archaea_odb10/hmms/66811at2157.hmm
# Target file:     /home/mira/Bacteria2022/Thiomargarita_magnifica/qc_assembly/busco_article/busco_article/prodigal_output/predicted_genes/predicted.faa
# Option settings: hmmsearch --domtblout /home/mira/Bacteria2022/Thiomargarita_magnifica/qc_assembly/busco_article/busco_article/auto_lineage/run_archaea_odb10/hmmer_output/66811at2157.out --cpu 1 /home/mira/Bacteria2022/Thiomargarita_magnifica/qc_assembly/busco_article/busco_downloads/lineages/archaea_odb10/hmms/66811at2157.hmm /home/mira/Bacteria2022/Thiomargarita_magnifica/qc_assembly/busco_article/busco_article/prodigal_output/predicted_genes/predicted.faa 
# Current dir:     /home/mira/Bacteria2022/Thiomargarita_magnifica/qc_assembly/busco_article
# Date:            Wed Jul 13 13:04:28 2022
# [ok]
