#                                                                            --- full sequence --- -------------- this domain -------------   hmm coord   ali coord   env coord
# target name        accession   tlen query name           accession   qlen   E-value  score  bias   #  of  c-Evalue  i-Evalue  score  bias  from    to  from    to  from    to  acc description of target
#------------------- ---------- ----- -------------------- ---------- ----- --------- ------ ----- --- --- --------- --------- ------ ----- ----- ----- ----- ----- ----- ----- ---- ---------------------
Ga0485799_0120_20    -            592 6736at2157           -            480  1.9e-186  619.9   0.0   1   1  6.4e-189  1.2e-185  617.2   0.0     2   479    11   549    10   550 0.90 # 18201 # 19976 # 1 # ID=120_20;partial=00;start_type=ATG;rbs_motif=AGGA;rbs_spacer=5-10bp;gc_cont=0.505
Ga0485799_0060_38    -            460 6736at2157           -            480     2e-35  121.8   0.0   1   2   8.9e-05      0.17    9.9   0.2    15    85    24    95     8   113 0.84 # 39594 # 40973 # -1 # ID=60_38;partial=00;start_type=ATG;rbs_motif=GGA/GAG/AGG;rbs_spacer=5-10bp;gc_cont=0.476
Ga0485799_0060_38    -            460 6736at2157           -            480     2e-35  121.8   0.0   2   2   3.9e-35   7.7e-32  110.0   0.0   164   441   126   411   100   439 0.84 # 39594 # 40973 # -1 # ID=60_38;partial=00;start_type=ATG;rbs_motif=GGA/GAG/AGG;rbs_spacer=5-10bp;gc_cont=0.476
Ga0485799_0836_3     -            463 6736at2157           -            480   5.1e-35  120.5   0.1   1   2   2.5e-05     0.048   11.8   0.3     2    80     8    90     7    95 0.78 # 918 # 2306 # -1 # ID=836_3;partial=00;start_type=ATG;rbs_motif=AGGA;rbs_spacer=5-10bp;gc_cont=0.369
Ga0485799_0836_3     -            463 6736at2157           -            480   5.1e-35  120.5   0.1   2   2   4.2e-34   8.2e-31  106.6   0.0   164   461   123   429   107   438 0.86 # 918 # 2306 # -1 # ID=836_3;partial=00;start_type=ATG;rbs_motif=AGGA;rbs_spacer=5-10bp;gc_cont=0.369
Ga0485799_0379_6     -            437 6736at2157           -            480   1.4e-34  119.1   0.0   1   2   9.8e-05      0.19    9.8   0.0     3    84    27   111    25   114 0.86 # 6764 # 8074 # -1 # ID=379_6;partial=00;start_type=ATG;rbs_motif=None;rbs_spacer=None;gc_cont=0.342
Ga0485799_0379_6     -            437 6736at2157           -            480   1.4e-34  119.1   0.0   2   2   2.6e-34   5.1e-31  107.3   0.0   167   394   143   367   134   427 0.89 # 6764 # 8074 # -1 # ID=379_6;partial=00;start_type=ATG;rbs_motif=None;rbs_spacer=None;gc_cont=0.342
Ga0485799_0022_4     -            468 6736at2157           -            480   2.4e-25   88.6   0.0   1   2   1.7e-07   0.00034   18.9   0.0    26    85    39    99    13   115 0.83 # 4873 # 6276 # 1 # ID=22_4;partial=00;start_type=ATG;rbs_motif=GGA/GAG/AGG;rbs_spacer=5-10bp;gc_cont=0.474
Ga0485799_0022_4     -            468 6736at2157           -            480   2.4e-25   88.6   0.0   2   2   3.1e-22     6e-19   67.5   0.0   266   440   228   421   195   448 0.82 # 4873 # 6276 # 1 # ID=22_4;partial=00;start_type=ATG;rbs_motif=GGA/GAG/AGG;rbs_spacer=5-10bp;gc_cont=0.474
Ga0485799_0896_1     -            449 6736at2157           -            480   4.3e-21   74.6   0.1   1   2     0.069   1.3e+02    0.4   0.0    20    80    54   113    38   119 0.77 # 3 # 1349 # -1 # ID=896_1;partial=10;start_type=ATG;rbs_motif=AGGAG;rbs_spacer=5-10bp;gc_cont=0.361
Ga0485799_0896_1     -            449 6736at2157           -            480   4.3e-21   74.6   0.1   2   2   1.6e-23   3.2e-20   71.7   0.0   159   382   140   367   132   390 0.85 # 3 # 1349 # -1 # ID=896_1;partial=10;start_type=ATG;rbs_motif=AGGAG;rbs_spacer=5-10bp;gc_cont=0.361
Ga0485799_0060_42    -            514 6736at2157           -            480   3.3e-17   61.8   0.1   1   2    0.0082        16    3.4   0.0    33    85    64   116    33   118 0.75 # 43716 # 45257 # -1 # ID=60_42;partial=00;start_type=ATG;rbs_motif=GGA/GAG/AGG;rbs_spacer=5-10bp;gc_cont=0.466
Ga0485799_0060_42    -            514 6736at2157           -            480   3.3e-17   61.8   0.1   2   2   1.3e-18   2.5e-15   55.6   0.0   160   376   139   370   133   389 0.79 # 43716 # 45257 # -1 # ID=60_42;partial=00;start_type=ATG;rbs_motif=GGA/GAG/AGG;rbs_spacer=5-10bp;gc_cont=0.466
Ga0485799_0341_7     -            419 6736at2157           -            480     0.036   12.2   0.0   1   2     0.015        30    2.5   0.0   172   229   160   222   157   239 0.77 # 4989 # 6245 # -1 # ID=341_7;partial=00;start_type=ATG;rbs_motif=None;rbs_spacer=None;gc_cont=0.437
Ga0485799_0341_7     -            419 6736at2157           -            480     0.036   12.2   0.0   2   2   0.00048      0.92    7.5   0.0   355   388   339   372   256   404 0.72 # 4989 # 6245 # -1 # ID=341_7;partial=00;start_type=ATG;rbs_motif=None;rbs_spacer=None;gc_cont=0.437
#
# Program:         hmmsearch
# Version:         3.1b2 (February 2015)
# Pipeline mode:   SEARCH
# Query file:      /home/mira/Bacteria2022/Thiomargarita_magnifica/qc_assembly/busco_article/busco_downloads/lineages/archaea_odb10/hmms/6736at2157.hmm
# Target file:     /home/mira/Bacteria2022/Thiomargarita_magnifica/qc_assembly/busco_article/busco_article/prodigal_output/predicted_genes/predicted.faa
# Option settings: hmmsearch --domtblout /home/mira/Bacteria2022/Thiomargarita_magnifica/qc_assembly/busco_article/busco_article/auto_lineage/run_archaea_odb10/hmmer_output/6736at2157.out --cpu 1 /home/mira/Bacteria2022/Thiomargarita_magnifica/qc_assembly/busco_article/busco_downloads/lineages/archaea_odb10/hmms/6736at2157.hmm /home/mira/Bacteria2022/Thiomargarita_magnifica/qc_assembly/busco_article/busco_article/prodigal_output/predicted_genes/predicted.faa 
# Current dir:     /home/mira/Bacteria2022/Thiomargarita_magnifica/qc_assembly/busco_article
# Date:            Wed Jul 13 13:04:29 2022
# [ok]
