#                                                                            --- full sequence --- -------------- this domain -------------   hmm coord   ali coord   env coord
# target name        accession   tlen query name           accession   qlen   E-value  score  bias   #  of  c-Evalue  i-Evalue  score  bias  from    to  from    to  from    to  acc description of target
#------------------- ---------- ----- -------------------- ---------- ----- --------- ------ ----- --- --- --------- --------- ------ ----- ----- ----- ----- ----- ----- ----- ---- ---------------------
Ga0485799_0043_19    -            574 7046at2157           -            457   2.6e-57  194.2   8.5   1   3      0.31   6.8e+02   -1.7   0.0    37    67    56    92    23    99 0.54 # 36929 # 38650 # 1 # ID=43_19;partial=00;start_type=TTG;rbs_motif=GGA/GAG/AGG;rbs_spacer=5-10bp;gc_cont=0.454
Ga0485799_0043_19    -            574 7046at2157           -            457   2.6e-57  194.2   8.5   2   3   1.5e-24   3.3e-21   75.1   0.0    69   129   113   173   103   177 0.93 # 36929 # 38650 # 1 # ID=43_19;partial=00;start_type=TTG;rbs_motif=GGA/GAG/AGG;rbs_spacer=5-10bp;gc_cont=0.454
Ga0485799_0043_19    -            574 7046at2157           -            457   2.6e-57  194.2   8.5   3   3   3.6e-33   7.9e-30  103.5   6.5   146   457   231   573   218   573 0.78 # 36929 # 38650 # 1 # ID=43_19;partial=00;start_type=TTG;rbs_motif=GGA/GAG/AGG;rbs_spacer=5-10bp;gc_cont=0.454
Ga0485799_0492_7     -            530 7046at2157           -            457   1.3e-52  178.6   4.4   1   3    0.0012       2.7    6.2   0.0    17    66    22    82     5    92 0.62 # 4619 # 6208 # -1 # ID=492_7;partial=00;start_type=ATG;rbs_motif=GGA/GAG/AGG;rbs_spacer=5-10bp;gc_cont=0.315
Ga0485799_0492_7     -            530 7046at2157           -            457   1.3e-52  178.6   4.4   2   3   1.2e-39   2.7e-36  124.9   0.2    69   295   103   370    97   373 0.81 # 4619 # 6208 # -1 # ID=492_7;partial=00;start_type=ATG;rbs_motif=GGA/GAG/AGG;rbs_spacer=5-10bp;gc_cont=0.315
Ga0485799_0492_7     -            530 7046at2157           -            457   1.3e-52  178.6   4.4   3   3   3.1e-15   6.8e-12   44.4   0.1   318   457   372   529   369   529 0.83 # 4619 # 6208 # -1 # ID=492_7;partial=00;start_type=ATG;rbs_motif=GGA/GAG/AGG;rbs_spacer=5-10bp;gc_cont=0.315
Ga0485799_0103_22    -            810 7046at2157           -            457   4.9e-05   21.8   0.1   1   1   3.9e-08   8.7e-05   21.0   0.1    81   110    44    73    42    76 0.94 # 20448 # 22877 # -1 # ID=103_22;partial=00;start_type=ATG;rbs_motif=None;rbs_spacer=None;gc_cont=0.487
Ga0485799_0726_3     -            821 7046at2157           -            457   8.6e-05   21.0   0.2   1   1     8e-08   0.00018   20.0   0.2    81   110    43    72    41    75 0.94 # 2018 # 4480 # 1 # ID=726_3;partial=00;start_type=ATG;rbs_motif=AGGA;rbs_spacer=5-10bp;gc_cont=0.323
Ga0485799_0419_11    -            467 7046at2157           -            457   0.00066   18.1   1.2   1   2   1.7e-05     0.039   12.3   0.3    86   112    39    65    35   157 0.86 # 8406 # 9806 # -1 # ID=419_11;partial=00;start_type=ATG;rbs_motif=4Base/6BMM;rbs_spacer=13-15bp;gc_cont=0.298
Ga0485799_0419_11    -            467 7046at2157           -            457   0.00066   18.1   1.2   2   2    0.0059        13    3.9   0.0   256   315   241   301   233   321 0.81 # 8406 # 9806 # -1 # ID=419_11;partial=00;start_type=ATG;rbs_motif=4Base/6BMM;rbs_spacer=13-15bp;gc_cont=0.298
Ga0485799_0929_2     -            649 7046at2157           -            457     0.014   13.7   1.7   1   2   2.6e-05     0.057   11.7   0.7    85   110    21    46    17   117 0.86 # 428 # 2374 # 1 # ID=929_2;partial=00;start_type=ATG;rbs_motif=AGGA;rbs_spacer=5-10bp;gc_cont=0.333
Ga0485799_0929_2     -            649 7046at2157           -            457     0.014   13.7   1.7   2   2      0.46     1e+03   -2.3   0.0   376   420   441   486   435   495 0.60 # 428 # 2374 # 1 # ID=929_2;partial=00;start_type=ATG;rbs_motif=AGGA;rbs_spacer=5-10bp;gc_cont=0.333
Ga0485799_0144_29    -            458 7046at2157           -            457     0.068   11.5   0.8   1   1     6e-05      0.13   10.5   0.8    86   112    37    63    34    82 0.87 # 27716 # 29089 # -1 # ID=144_29;partial=00;start_type=ATG;rbs_motif=GGA/GAG/AGG;rbs_spacer=5-10bp;gc_cont=0.476
#
# Program:         hmmsearch
# Version:         3.1b2 (February 2015)
# Pipeline mode:   SEARCH
# Query file:      /home/mira/Bacteria2022/Thiomargarita_magnifica/qc_assembly/busco_article/busco_downloads/lineages/archaea_odb10/hmms/7046at2157.hmm
# Target file:     /home/mira/Bacteria2022/Thiomargarita_magnifica/qc_assembly/busco_article/busco_article/prodigal_output/predicted_genes/predicted.faa
# Option settings: hmmsearch --domtblout /home/mira/Bacteria2022/Thiomargarita_magnifica/qc_assembly/busco_article/busco_article/auto_lineage/run_archaea_odb10/hmmer_output/7046at2157.out --cpu 1 /home/mira/Bacteria2022/Thiomargarita_magnifica/qc_assembly/busco_article/busco_downloads/lineages/archaea_odb10/hmms/7046at2157.hmm /home/mira/Bacteria2022/Thiomargarita_magnifica/qc_assembly/busco_article/busco_article/prodigal_output/predicted_genes/predicted.faa 
# Current dir:     /home/mira/Bacteria2022/Thiomargarita_magnifica/qc_assembly/busco_article
# Date:            Wed Jul 13 13:04:28 2022
# [ok]
