#                                                                            --- full sequence --- -------------- this domain -------------   hmm coord   ali coord   env coord
# target name        accession   tlen query name           accession   qlen   E-value  score  bias   #  of  c-Evalue  i-Evalue  score  bias  from    to  from    to  from    to  acc description of target
#------------------- ---------- ----- -------------------- ---------- ----- --------- ------ ----- --- --- --------- --------- ------ ----- ----- ----- ----- ----- ----- ----- ---- ---------------------
Ga0485799_0016_19    -            287 75288at2157          -            149    0.0058   15.5   0.0   1   2     1e-05     0.022   13.6   0.0    25    56   194   225   178   230 0.89 # 17340 # 18200 # -1 # ID=16_19;partial=00;start_type=ATG;rbs_motif=GGA/GAG/AGG;rbs_spacer=5-10bp;gc_cont=0.416
Ga0485799_0016_19    -            287 75288at2157          -            149    0.0058   15.5   0.0   2   2      0.48   1.1e+03   -1.6   0.0     3    20   237   254   235   278 0.64 # 17340 # 18200 # -1 # ID=16_19;partial=00;start_type=ATG;rbs_motif=GGA/GAG/AGG;rbs_spacer=5-10bp;gc_cont=0.416
Ga0485799_2023_1     -            182 75288at2157          -            149    0.0071   15.2   0.0   1   2   2.2e-05     0.049   12.5   0.0    24    56    90   122    73   128 0.88 # 3 # 548 # -1 # ID=2023_1;partial=11;start_type=Edge;rbs_motif=None;rbs_spacer=None;gc_cont=0.385
Ga0485799_2023_1     -            182 75288at2157          -            149    0.0071   15.2   0.0   2   2      0.14   3.1e+02    0.2   0.0     3    25   134   156   132   178 0.61 # 3 # 548 # -1 # ID=2023_1;partial=11;start_type=Edge;rbs_motif=None;rbs_spacer=None;gc_cont=0.385
Ga0485799_1800_2     -             45 75288at2157          -            149     0.017   14.0   0.0   1   1   7.9e-06     0.018   13.9   0.0    41    65    17    41     6    43 0.89 # 139 # 273 # 1 # ID=1800_2;partial=00;start_type=ATG;rbs_motif=GGA/GAG/AGG;rbs_spacer=11-12bp;gc_cont=0.311
Ga0485799_0791_2     -            581 75288at2157          -            149     0.049   12.5   0.1   1   1   4.9e-05      0.11   11.4   0.1    57    88   268   299   264   330 0.82 # 1441 # 3183 # -1 # ID=791_2;partial=00;start_type=ATG;rbs_motif=None;rbs_spacer=None;gc_cont=0.291
Ga0485799_1899_2     -             60 75288at2157          -            149      0.06   12.2   1.3   1   2      0.01        23    3.8   0.1   117   126     8    17     5    22 0.86 # 86 # 265 # 1 # ID=1899_2;partial=00;start_type=ATG;rbs_motif=AGxAG;rbs_spacer=5-10bp;gc_cont=0.261
Ga0485799_1899_2     -             60 75288at2157          -            149      0.06   12.2   1.3   2   2   0.00052       1.1    8.0   0.1   119   133    35    49    28    59 0.74 # 86 # 265 # 1 # ID=1899_2;partial=00;start_type=ATG;rbs_motif=AGxAG;rbs_spacer=5-10bp;gc_cont=0.261
Ga0485799_0173_18    -             93 75288at2157          -            149      0.14   11.0   1.6   1   2     0.026        59    2.5   0.1   120   133     3    16     1    22 0.86 # 21529 # 21807 # 1 # ID=173_18;partial=00;start_type=ATG;rbs_motif=GGAG/GAGG;rbs_spacer=5-10bp;gc_cont=0.523
Ga0485799_0173_18    -             93 75288at2157          -            149      0.14   11.0   1.6   2   2   0.00049       1.1    8.1   0.2   119   139    23    43    19    54 0.78 # 21529 # 21807 # 1 # ID=173_18;partial=00;start_type=ATG;rbs_motif=GGAG/GAGG;rbs_spacer=5-10bp;gc_cont=0.523
Ga0485799_0015_48    -            251 75288at2157          -            149      0.14   11.0   0.0   1   1   9.3e-05      0.21   10.4   0.0    77   126   200   249   198   250 0.87 # 47556 # 48308 # 1 # ID=15_48;partial=00;start_type=TTG;rbs_motif=None;rbs_spacer=None;gc_cont=0.406
#
# Program:         hmmsearch
# Version:         3.1b2 (February 2015)
# Pipeline mode:   SEARCH
# Query file:      /home/mira/Bacteria2022/Thiomargarita_magnifica/qc_assembly/busco_article/busco_downloads/lineages/archaea_odb10/hmms/75288at2157.hmm
# Target file:     /home/mira/Bacteria2022/Thiomargarita_magnifica/qc_assembly/busco_article/busco_article/prodigal_output/predicted_genes/predicted.faa
# Option settings: hmmsearch --domtblout /home/mira/Bacteria2022/Thiomargarita_magnifica/qc_assembly/busco_article/busco_article/auto_lineage/run_archaea_odb10/hmmer_output/75288at2157.out --cpu 1 /home/mira/Bacteria2022/Thiomargarita_magnifica/qc_assembly/busco_article/busco_downloads/lineages/archaea_odb10/hmms/75288at2157.hmm /home/mira/Bacteria2022/Thiomargarita_magnifica/qc_assembly/busco_article/busco_article/prodigal_output/predicted_genes/predicted.faa 
# Current dir:     /home/mira/Bacteria2022/Thiomargarita_magnifica/qc_assembly/busco_article
# Date:            Wed Jul 13 13:04:28 2022
# [ok]
