#                                                                            --- full sequence --- -------------- this domain -------------   hmm coord   ali coord   env coord
# target name        accession   tlen query name           accession   qlen   E-value  score  bias   #  of  c-Evalue  i-Evalue  score  bias  from    to  from    to  from    to  acc description of target
#------------------- ---------- ----- -------------------- ---------- ----- --------- ------ ----- --- --- --------- --------- ------ ----- ----- ----- ----- ----- ----- ----- ---- ---------------------
Ga0485799_0244_15    -             74 76134at2157          -            270   3.5e-07   29.6   0.0   1   1   7.8e-10   3.5e-07   29.6   0.0   122   176    14    68     6    73 0.93 # 18117 # 18338 # 1 # ID=244_15;partial=00;start_type=ATG;rbs_motif=GGAG/GAGG;rbs_spacer=5-10bp;gc_cont=0.360
Ga0485799_0153_11    -             68 76134at2157          -            270     1e-06   28.1   0.3   1   1   2.4e-09   1.1e-06   28.0   0.3   122   176     7    61     5    67 0.92 # 14141 # 14344 # -1 # ID=153_11;partial=00;start_type=ATG;rbs_motif=AGGAG;rbs_spacer=5-10bp;gc_cont=0.412
Ga0485799_0466_3     -            140 76134at2157          -            270   1.1e-06   28.0   0.2   1   2       7.6   3.5e+03   -3.1   0.0     7    23    38    54    33    58 0.70 # 8875 # 9294 # -1 # ID=466_3;partial=00;start_type=ATG;rbs_motif=AGGAG;rbs_spacer=5-10bp;gc_cont=0.390
Ga0485799_0466_3     -            140 76134at2157          -            270   1.1e-06   28.0   0.2   2   2   4.5e-09   2.1e-06   27.1   0.1   124   169    76   122    72   132 0.84 # 8875 # 9294 # -1 # ID=466_3;partial=00;start_type=ATG;rbs_motif=AGGAG;rbs_spacer=5-10bp;gc_cont=0.390
Ga0485799_0028_5     -            115 76134at2157          -            270   3.7e-06   26.3   0.0   1   1   9.1e-09   4.1e-06   26.1   0.0   122   187    23    88    12   105 0.90 # 4685 # 5029 # -1 # ID=28_5;partial=00;start_type=ATG;rbs_motif=None;rbs_spacer=None;gc_cont=0.420
Ga0485799_0020_60    -             75 76134at2157          -            270   1.2e-05   24.6   0.0   1   1   2.9e-08   1.3e-05   24.5   0.0   122   176    14    68     5    73 0.91 # 64045 # 64269 # 1 # ID=20_60;partial=00;start_type=ATG;rbs_motif=GGAG/GAGG;rbs_spacer=5-10bp;gc_cont=0.347
Ga0485799_0020_30    -            119 76134at2157          -            270   1.9e-05   24.0   0.0   1   1   4.9e-08   2.2e-05   23.7   0.0   122   185    27    90    19   105 0.89 # 34076 # 34432 # 1 # ID=20_30;partial=00;start_type=ATG;rbs_motif=None;rbs_spacer=None;gc_cont=0.434
Ga0485799_0011_17    -            138 76134at2157          -            270   6.5e-05   22.2   0.2   1   1   2.3e-07    0.0001   21.5   0.2   123   179     5    61     3   136 0.92 # 15593 # 16006 # 1 # ID=11_17;partial=00;start_type=ATG;rbs_motif=GGAG/GAGG;rbs_spacer=5-10bp;gc_cont=0.331
Ga0485799_0119_13    -             77 76134at2157          -            270    0.0003   20.0   0.0   1   1   6.6e-07    0.0003   20.0   0.0   122   178    13    70    12    76 0.88 # 15104 # 15334 # -1 # ID=119_13;partial=00;start_type=ATG;rbs_motif=GGAG/GAGG;rbs_spacer=5-10bp;gc_cont=0.437
Ga0485799_0198_23    -            103 76134at2157          -            270    0.0003   20.0   0.0   1   1   7.2e-07   0.00033   19.9   0.0   132   174    25    67    13    77 0.87 # 22510 # 22818 # 1 # ID=198_23;partial=00;start_type=ATG;rbs_motif=None;rbs_spacer=None;gc_cont=0.408
Ga0485799_0081_34    -            145 76134at2157          -            270   0.00048   19.3   0.0   1   1   1.6e-06   0.00075   18.7   0.0   122   174    16    68    15    77 0.95 # 27324 # 27758 # 1 # ID=81_34;partial=00;start_type=ATG;rbs_motif=GGAG/GAGG;rbs_spacer=5-10bp;gc_cont=0.370
Ga0485799_0061_54    -            127 76134at2157          -            270   0.00064   18.9   0.1   1   1   2.2e-06     0.001   18.3   0.1   122   176    65   120    64   123 0.94 # 42881 # 43261 # 1 # ID=61_54;partial=00;start_type=ATG;rbs_motif=GGAG/GAGG;rbs_spacer=5-10bp;gc_cont=0.339
Ga0485799_0011_27    -            140 76134at2157          -            270   0.00065   18.9   0.1   1   1   1.6e-06   0.00072   18.8   0.1   122   186     4    68     3   139 0.78 # 22476 # 22895 # 1 # ID=11_27;partial=00;start_type=ATG;rbs_motif=GGAG/GAGG;rbs_spacer=5-10bp;gc_cont=0.329
Ga0485799_0011_19    -            138 76134at2157          -            270   0.00098   18.3   0.0   1   1   3.6e-06    0.0017   17.6   0.0   123   178     5    60     4   136 0.94 # 16947 # 17360 # 1 # ID=11_19;partial=00;start_type=ATG;rbs_motif=AGGAG;rbs_spacer=5-10bp;gc_cont=0.329
Ga0485799_0260_11    -            103 76134at2157          -            270    0.0011   18.2   0.0   1   1   3.3e-06    0.0015   17.7   0.0   127   173    46    91    43    94 0.88 # 9890 # 10198 # -1 # ID=260_11;partial=00;start_type=ATG;rbs_motif=GGAG/GAGG;rbs_spacer=5-10bp;gc_cont=0.447
Ga0485799_0019_4     -            145 76134at2157          -            270    0.0017   17.5   0.0   1   1   5.4e-06    0.0024   17.0   0.0   122   175    16    69    15    79 0.94 # 4402 # 4836 # 1 # ID=19_4;partial=00;start_type=ATG;rbs_motif=GGAGG;rbs_spacer=5-10bp;gc_cont=0.393
Ga0485799_0011_18    -            130 76134at2157          -            270    0.0024   17.0   0.0   1   1   7.2e-06    0.0033   16.6   0.0   122   178     4    60     3    71 0.95 # 16132 # 16521 # 1 # ID=11_18;partial=00;start_type=ATG;rbs_motif=AGGAG;rbs_spacer=5-10bp;gc_cont=0.326
Ga0485799_0331_10    -            122 76134at2157          -            270    0.0028   16.8   0.2   1   1   6.8e-06    0.0031   16.7   0.2   125   171     3    48     1    76 0.83 # 13774 # 14139 # 1 # ID=331_10;partial=00;start_type=ATG;rbs_motif=GGA/GAG/AGG;rbs_spacer=5-10bp;gc_cont=0.235
Ga0485799_0192_12    -            140 76134at2157          -            270    0.0054   15.9   0.2   1   1   2.1e-05    0.0095   15.1   0.2   123   176     5    58     4   137 0.92 # 15389 # 15808 # -1 # ID=192_12;partial=00;start_type=ATG;rbs_motif=None;rbs_spacer=None;gc_cont=0.314
Ga0485799_0509_6     -             89 76134at2157          -            270    0.0062   15.7   0.0   1   1   1.6e-05    0.0074   15.4   0.0   122   177    23    78    22    83 0.95 # 3451 # 3717 # 1 # ID=509_6;partial=00;start_type=ATG;rbs_motif=AGGA;rbs_spacer=5-10bp;gc_cont=0.318
Ga0485799_0192_11    -            148 76134at2157          -            270    0.0063   15.7   0.1   1   1   1.7e-05    0.0075   15.4   0.1   123   183     5    65     4   142 0.88 # 14815 # 15258 # -1 # ID=192_11;partial=00;start_type=ATG;rbs_motif=None;rbs_spacer=None;gc_cont=0.304
Ga0485799_0564_4     -            103 76134at2157          -            270     0.013   14.7   0.0   1   1   2.9e-05     0.013   14.6   0.0   129   172    19    62    12    91 0.92 # 2320 # 2628 # 1 # ID=564_4;partial=00;start_type=ATG;rbs_motif=GGA/GAG/AGG;rbs_spacer=5-10bp;gc_cont=0.398
Ga0485799_0829_2     -             93 76134at2157          -            270     0.026   13.7   0.0   1   1   5.7e-05     0.026   13.7   0.0   127   160    36    69    12    78 0.89 # 865 # 1143 # 1 # ID=829_2;partial=00;start_type=ATG;rbs_motif=GGA/GAG/AGG;rbs_spacer=5-10bp;gc_cont=0.434
Ga0485799_0367_7     -            263 76134at2157          -            270     0.028   13.5   0.0   1   1   9.3e-05     0.042   13.0   0.0   125   150   184   209   181   211 0.94 # 9552 # 10340 # -1 # ID=367_7;partial=00;start_type=ATG;rbs_motif=AGGA/GGAG/GAGG;rbs_spacer=11-12bp;gc_cont=0.449
Ga0485799_0132_6     -            111 76134at2157          -            270     0.033   13.3   0.0   1   1   9.1e-05     0.042   13.0   0.0   122   174     5    57     1    61 0.93 # 12738 # 13070 # 1 # ID=132_6;partial=00;start_type=ATG;rbs_motif=GGAG/GAGG;rbs_spacer=5-10bp;gc_cont=0.348
Ga0485799_0636_4     -            100 76134at2157          -            270     0.046   12.8   0.0   1   1   0.00013     0.058   12.5   0.0   124   166    32    73    30    85 0.78 # 1876 # 2175 # 1 # ID=636_4;partial=00;start_type=ATG;rbs_motif=None;rbs_spacer=None;gc_cont=0.427
Ga0485799_0103_6     -            104 76134at2157          -            270     0.055   12.6   0.1   1   1   0.00016     0.075   12.1   0.1   122   176    44    98    38   102 0.93 # 5798 # 6109 # 1 # ID=103_6;partial=00;start_type=ATG;rbs_motif=None;rbs_spacer=None;gc_cont=0.410
Ga0485799_0160_27    -            103 76134at2157          -            270     0.067   12.3   0.0   1   1   0.00019     0.088   11.9   0.0   125   157    41    73    35    91 0.88 # 23687 # 23995 # 1 # ID=160_27;partial=00;start_type=ATG;rbs_motif=GGA/GAG/AGG;rbs_spacer=5-10bp;gc_cont=0.417
Ga0485799_0031_39    -            103 76134at2157          -            270     0.068   12.3   0.0   1   1   0.00019     0.088   11.9   0.0   125   157    41    73    35    91 0.88 # 48924 # 49232 # 1 # ID=31_39;partial=00;start_type=ATG;rbs_motif=GGA/GAG/AGG;rbs_spacer=5-10bp;gc_cont=0.411
Ga0485799_0009_6     -            364 76134at2157          -            270     0.074   12.2   0.0   1   1   0.00029      0.13   11.3   0.0   124   173     6    57     4    68 0.88 # 11024 # 12115 # -1 # ID=9_6;partial=00;start_type=ATG;rbs_motif=AGGAG;rbs_spacer=5-10bp;gc_cont=0.425
Ga0485799_0108_4     -            268 76134at2157          -            270     0.081   12.0   0.0   1   1   0.00032      0.15   11.2   0.0   125   150   169   194   166   196 0.94 # 3909 # 4712 # 1 # ID=108_4;partial=00;start_type=ATG;rbs_motif=GGAG/GAGG;rbs_spacer=5-10bp;gc_cont=0.478
Ga0485799_1923_1     -            120 76134at2157          -            270     0.087   11.9   0.0   1   1   0.00023       0.1   11.7   0.0   124   168    56   101    52   118 0.80 # 233 # 592 # -1 # ID=1923_1;partial=01;start_type=Edge;rbs_motif=None;rbs_spacer=None;gc_cont=0.425
Ga0485799_0018_30    -            200 76134at2157          -            270     0.092   11.9   0.0   1   1   0.00033      0.15   11.2   0.0   122   158    71   107    68   126 0.87 # 37402 # 38001 # -1 # ID=18_30;partial=00;start_type=ATG;rbs_motif=GGAG/GAGG;rbs_spacer=5-10bp;gc_cont=0.413
Ga0485799_0019_6     -             82 76134at2157          -            270     0.097   11.8   0.0   1   1   0.00026      0.12   11.5   0.0   122   175    16    65    15    74 0.92 # 9165 # 9410 # 1 # ID=19_6;partial=00;start_type=ATG;rbs_motif=GGAGG;rbs_spacer=5-10bp;gc_cont=0.443
Ga0485799_0118_3     -             95 76134at2157          -            270      0.11   11.6   0.0   1   1   0.00027      0.12   11.4   0.0   123   160    35    72    22    84 0.89 # 4103 # 4387 # -1 # ID=118_3;partial=00;start_type=ATG;rbs_motif=GGAG/GAGG;rbs_spacer=5-10bp;gc_cont=0.439
#
# Program:         hmmsearch
# Version:         3.1b2 (February 2015)
# Pipeline mode:   SEARCH
# Query file:      /home/mira/Bacteria2022/Thiomargarita_magnifica/qc_assembly/busco_article/busco_downloads/lineages/archaea_odb10/hmms/76134at2157.hmm
# Target file:     /home/mira/Bacteria2022/Thiomargarita_magnifica/qc_assembly/busco_article/busco_article/prodigal_output/predicted_genes/predicted.faa
# Option settings: hmmsearch --domtblout /home/mira/Bacteria2022/Thiomargarita_magnifica/qc_assembly/busco_article/busco_article/auto_lineage/run_archaea_odb10/hmmer_output/76134at2157.out --cpu 1 /home/mira/Bacteria2022/Thiomargarita_magnifica/qc_assembly/busco_article/busco_downloads/lineages/archaea_odb10/hmms/76134at2157.hmm /home/mira/Bacteria2022/Thiomargarita_magnifica/qc_assembly/busco_article/busco_article/prodigal_output/predicted_genes/predicted.faa 
# Current dir:     /home/mira/Bacteria2022/Thiomargarita_magnifica/qc_assembly/busco_article
# Date:            Wed Jul 13 13:04:29 2022
# [ok]
