#                                                                            --- full sequence --- -------------- this domain -------------   hmm coord   ali coord   env coord
# target name        accession   tlen query name           accession   qlen   E-value  score  bias   #  of  c-Evalue  i-Evalue  score  bias  from    to  from    to  from    to  acc description of target
#------------------- ---------- ----- -------------------- ---------- ----- --------- ------ ----- --- --- --------- --------- ------ ----- ----- ----- ----- ----- ----- ----- ---- ---------------------
Ga0485799_0777_2     -            896 7896at2157           -            433   1.5e-76  258.0   0.1   1   3   9.7e-23     5e-19   68.4   0.0     2   106    42   154    41   176 0.85 # 1307 # 3994 # -1 # ID=777_2;partial=00;start_type=TTG;rbs_motif=GGA/GAG/AGG;rbs_spacer=5-10bp;gc_cont=0.477
Ga0485799_0777_2     -            896 7896at2157           -            433   1.5e-76  258.0   0.1   2   3   2.4e-28   1.3e-24   86.9   0.0   132   282   236   432   211   453 0.78 # 1307 # 3994 # -1 # ID=777_2;partial=00;start_type=TTG;rbs_motif=GGA/GAG/AGG;rbs_spacer=5-10bp;gc_cont=0.477
Ga0485799_0777_2     -            896 7896at2157           -            433   1.5e-76  258.0   0.1   3   3   1.6e-30   8.4e-27   94.1   0.0   301   432   578   718   566   719 0.90 # 1307 # 3994 # -1 # ID=777_2;partial=00;start_type=TTG;rbs_motif=GGA/GAG/AGG;rbs_spacer=5-10bp;gc_cont=0.477
Ga0485799_0297_12    -            852 7896at2157           -            433   1.6e-64  218.3   2.2   1   3   9.1e-21   4.7e-17   61.9   0.0     4   105     2   111     1   129 0.85 # 8958 # 11513 # 1 # ID=297_12;partial=00;start_type=ATG;rbs_motif=GGA/GAG/AGG;rbs_spacer=5-10bp;gc_cont=0.345
Ga0485799_0297_12    -            852 7896at2157           -            433   1.6e-64  218.3   2.2   2   3   1.3e-20   6.5e-17   61.5   0.0   133   267   193   357   190   426 0.78 # 8958 # 11513 # 1 # ID=297_12;partial=00;start_type=ATG;rbs_motif=GGA/GAG/AGG;rbs_spacer=5-10bp;gc_cont=0.345
Ga0485799_0297_12    -            852 7896at2157           -            433   1.6e-64  218.3   2.2   3   3   3.6e-28   1.8e-24   86.3   0.4   298   433   546   690   518   690 0.91 # 8958 # 11513 # 1 # ID=297_12;partial=00;start_type=ATG;rbs_motif=GGA/GAG/AGG;rbs_spacer=5-10bp;gc_cont=0.345
Ga0485799_0716_5     -            465 7896at2157           -            433     0.013   14.4   0.2   1   1   4.3e-06     0.022   13.6   0.2   229   300   103   175    75   207 0.79 # 3069 # 4463 # 1 # ID=716_5;partial=00;start_type=ATG;rbs_motif=GGA/GAG/AGG;rbs_spacer=5-10bp;gc_cont=0.319
#
# Program:         hmmsearch
# Version:         3.1b2 (February 2015)
# Pipeline mode:   SEARCH
# Query file:      /home/mira/Bacteria2022/Thiomargarita_magnifica/qc_assembly/busco_article/busco_downloads/lineages/archaea_odb10/hmms/7896at2157.hmm
# Target file:     /home/mira/Bacteria2022/Thiomargarita_magnifica/qc_assembly/busco_article/busco_article/prodigal_output/predicted_genes/predicted.faa
# Option settings: hmmsearch --domtblout /home/mira/Bacteria2022/Thiomargarita_magnifica/qc_assembly/busco_article/busco_article/auto_lineage/run_archaea_odb10/hmmer_output/7896at2157.out --cpu 1 /home/mira/Bacteria2022/Thiomargarita_magnifica/qc_assembly/busco_article/busco_downloads/lineages/archaea_odb10/hmms/7896at2157.hmm /home/mira/Bacteria2022/Thiomargarita_magnifica/qc_assembly/busco_article/busco_article/prodigal_output/predicted_genes/predicted.faa 
# Current dir:     /home/mira/Bacteria2022/Thiomargarita_magnifica/qc_assembly/busco_article
# Date:            Wed Jul 13 13:04:28 2022
# [ok]
