#                                                                            --- full sequence --- -------------- this domain -------------   hmm coord   ali coord   env coord
# target name        accession   tlen query name           accession   qlen   E-value  score  bias   #  of  c-Evalue  i-Evalue  score  bias  from    to  from    to  from    to  acc description of target
#------------------- ---------- ----- -------------------- ---------- ----- --------- ------ ----- --- --- --------- --------- ------ ----- ----- ----- ----- ----- ----- ----- ---- ---------------------
Ga0485799_0193_8     -            471 79845at2157          -            145   4.9e-29  100.9   0.0   1   2       2.5   6.5e+03   -3.3   0.0    99   121    77    99    56   113 0.68 # 6911 # 8323 # 1 # ID=193_8;partial=00;start_type=ATG;rbs_motif=None;rbs_spacer=None;gc_cont=0.482
Ga0485799_0193_8     -            471 79845at2157          -            145   4.9e-29  100.9   0.0   2   2   5.4e-32   1.4e-28   99.4   0.0     4   114   337   448   334   468 0.90 # 6911 # 8323 # 1 # ID=193_8;partial=00;start_type=ATG;rbs_motif=None;rbs_spacer=None;gc_cont=0.482
Ga0485799_0774_2     -            479 79845at2157          -            145   1.6e-28   99.3   0.6   1   2      0.74   1.9e+03   -1.6   0.1    47   126   100   120    80   143 0.49 # 903 # 2339 # 1 # ID=774_2;partial=00;start_type=ATG;rbs_motif=GGA/GAG/AGG;rbs_spacer=5-10bp;gc_cont=0.313
Ga0485799_0774_2     -            479 79845at2157          -            145   1.6e-28   99.3   0.6   2   2   1.8e-31   4.6e-28   97.7   0.0     3   102   342   442   339   476 0.91 # 903 # 2339 # 1 # ID=774_2;partial=00;start_type=ATG;rbs_motif=GGA/GAG/AGG;rbs_spacer=5-10bp;gc_cont=0.313
Ga0485799_0723_2     -            163 79845at2157          -            145   6.4e-05   22.7   0.0   1   1   4.5e-08   0.00012   21.8   0.0     3    63     4    58     1    68 0.84 # 721 # 1209 # 1 # ID=723_2;partial=00;start_type=TTG;rbs_motif=AGGAG;rbs_spacer=5-10bp;gc_cont=0.335
Ga0485799_0011_60    -            171 79845at2157          -            145     0.001   18.7   0.0   1   1   6.5e-07    0.0017   18.1   0.0     4    42    14    52    11   108 0.78 # 52709 # 53221 # -1 # ID=11_60;partial=00;start_type=ATG;rbs_motif=None;rbs_spacer=None;gc_cont=0.448
Ga0485799_0333_3     -            123 79845at2157          -            145     0.024   14.3   0.0   1   1   1.4e-05     0.035   13.8   0.0    76   123    52   101    42   116 0.88 # 4276 # 4644 # 1 # ID=333_3;partial=00;start_type=ATG;rbs_motif=AGGA;rbs_spacer=5-10bp;gc_cont=0.431
Ga0485799_0153_8     -            216 79845at2157          -            145     0.099   12.3   0.2   1   1   7.8e-05       0.2   11.3   0.2     8    64    10    64     5    78 0.77 # 12221 # 12868 # 1 # ID=153_8;partial=00;start_type=ATG;rbs_motif=None;rbs_spacer=None;gc_cont=0.461
#
# Program:         hmmsearch
# Version:         3.1b2 (February 2015)
# Pipeline mode:   SEARCH
# Query file:      /home/mira/Bacteria2022/Thiomargarita_magnifica/qc_assembly/busco_article/busco_downloads/lineages/archaea_odb10/hmms/79845at2157.hmm
# Target file:     /home/mira/Bacteria2022/Thiomargarita_magnifica/qc_assembly/busco_article/busco_article/prodigal_output/predicted_genes/predicted.faa
# Option settings: hmmsearch --domtblout /home/mira/Bacteria2022/Thiomargarita_magnifica/qc_assembly/busco_article/busco_article/auto_lineage/run_archaea_odb10/hmmer_output/79845at2157.out --cpu 1 /home/mira/Bacteria2022/Thiomargarita_magnifica/qc_assembly/busco_article/busco_downloads/lineages/archaea_odb10/hmms/79845at2157.hmm /home/mira/Bacteria2022/Thiomargarita_magnifica/qc_assembly/busco_article/busco_article/prodigal_output/predicted_genes/predicted.faa 
# Current dir:     /home/mira/Bacteria2022/Thiomargarita_magnifica/qc_assembly/busco_article
# Date:            Wed Jul 13 13:04:28 2022
# [ok]
