#                                                                            --- full sequence --- -------------- this domain -------------   hmm coord   ali coord   env coord
# target name        accession   tlen query name           accession   qlen   E-value  score  bias   #  of  c-Evalue  i-Evalue  score  bias  from    to  from    to  from    to  acc description of target
#------------------- ---------- ----- -------------------- ---------- ----- --------- ------ ----- --- --- --------- --------- ------ ----- ----- ----- ----- ----- ----- ----- ---- ---------------------
Ga0485799_0042_7     -            559 84684at2157          -            183   6.6e-36  123.4  13.5   1   5    0.0056       9.7    5.5   0.0    29    86   126   181   103   191 0.80 # 6356 # 8032 # 1 # ID=42_7;partial=00;start_type=ATG;rbs_motif=None;rbs_spacer=None;gc_cont=0.459
Ga0485799_0042_7     -            559 84684at2157          -            183   6.6e-36  123.4  13.5   2   5   5.7e-11   9.8e-08   31.6   0.1     5    80   192   264   188   270 0.92 # 6356 # 8032 # 1 # ID=42_7;partial=00;start_type=ATG;rbs_motif=None;rbs_spacer=None;gc_cont=0.459
Ga0485799_0042_7     -            559 84684at2157          -            183   6.6e-36  123.4  13.5   3   5   1.6e-10   2.8e-07   30.1   0.3     9    84   281   355   274   366 0.86 # 6356 # 8032 # 1 # ID=42_7;partial=00;start_type=ATG;rbs_motif=None;rbs_spacer=None;gc_cont=0.459
Ga0485799_0042_7     -            559 84684at2157          -            183   6.6e-36  123.4  13.5   4   5   1.7e-08     3e-05   23.5   0.0     4    82   363   440   360   450 0.85 # 6356 # 8032 # 1 # ID=42_7;partial=00;start_type=ATG;rbs_motif=None;rbs_spacer=None;gc_cont=0.459
Ga0485799_0042_7     -            559 84684at2157          -            183   6.6e-36  123.4  13.5   5   5   3.8e-13   6.6e-10   38.7   0.9     4    95   450   539   447   552 0.94 # 6356 # 8032 # 1 # ID=42_7;partial=00;start_type=ATG;rbs_motif=None;rbs_spacer=None;gc_cont=0.459
Ga0485799_0532_6     -            392 84684at2157          -            183   1.3e-20   73.6  14.5   1   6      0.36   6.2e+02   -0.3   0.0   111   138    16    43     3    68 0.74 # 6645 # 7820 # 1 # ID=532_6;partial=01;start_type=ATG;rbs_motif=GGA/GAG/AGG;rbs_spacer=5-10bp;gc_cont=0.311
Ga0485799_0532_6     -            392 84684at2157          -            183   1.3e-20   73.6  14.5   2   6      0.44   7.6e+02   -0.6   0.1    29    86    50   101    34   111 0.72 # 6645 # 7820 # 1 # ID=532_6;partial=01;start_type=ATG;rbs_motif=GGA/GAG/AGG;rbs_spacer=5-10bp;gc_cont=0.311
Ga0485799_0532_6     -            392 84684at2157          -            183   1.3e-20   73.6  14.5   3   6    0.0014       2.4    7.5   0.9     7    91   114   191   107   201 0.83 # 6645 # 7820 # 1 # ID=532_6;partial=01;start_type=ATG;rbs_motif=GGA/GAG/AGG;rbs_spacer=5-10bp;gc_cont=0.311
Ga0485799_0532_6     -            392 84684at2157          -            183   1.3e-20   73.6  14.5   4   6   3.2e-08   5.4e-05   22.7   0.0    10    79   202   268   195   278 0.93 # 6645 # 7820 # 1 # ID=532_6;partial=01;start_type=ATG;rbs_motif=GGA/GAG/AGG;rbs_spacer=5-10bp;gc_cont=0.311
Ga0485799_0532_6     -            392 84684at2157          -            183   1.3e-20   73.6  14.5   5   6   7.5e-15   1.3e-11   44.2   0.1     3    91   280   367   279   369 0.93 # 6645 # 7820 # 1 # ID=532_6;partial=01;start_type=ATG;rbs_motif=GGA/GAG/AGG;rbs_spacer=5-10bp;gc_cont=0.311
Ga0485799_0532_6     -            392 84684at2157          -            183   1.3e-20   73.6  14.5   6   6    0.0055       9.4    5.6   0.2     3    24   367   388   365   391 0.91 # 6645 # 7820 # 1 # ID=532_6;partial=01;start_type=ATG;rbs_motif=GGA/GAG/AGG;rbs_spacer=5-10bp;gc_cont=0.311
Ga0485799_0307_8     -            993 84684at2157          -            183   9.9e-19   67.4   0.0   1   4       3.3   5.7e+03   -3.5   0.0    15    25    52    62    46    63 0.78 # 11629 # 14607 # 1 # ID=307_8;partial=00;start_type=ATG;rbs_motif=GGA/GAG/AGG;rbs_spacer=5-10bp;gc_cont=0.415
Ga0485799_0307_8     -            993 84684at2157          -            183   9.9e-19   67.4   0.0   2   4   9.3e-12   1.6e-08   34.2   0.0     6    78   565   635   562   647 0.94 # 11629 # 14607 # 1 # ID=307_8;partial=00;start_type=ATG;rbs_motif=GGA/GAG/AGG;rbs_spacer=5-10bp;gc_cont=0.415
Ga0485799_0307_8     -            993 84684at2157          -            183   9.9e-19   67.4   0.0   3   4   1.2e-05     0.021   14.2   0.0     9    73   655   719   648   733 0.86 # 11629 # 14607 # 1 # ID=307_8;partial=00;start_type=ATG;rbs_motif=GGA/GAG/AGG;rbs_spacer=5-10bp;gc_cont=0.415
Ga0485799_0307_8     -            993 84684at2157          -            183   9.9e-19   67.4   0.0   4   4   1.2e-05      0.02   14.3   0.0     9    78   740   809   735   828 0.90 # 11629 # 14607 # 1 # ID=307_8;partial=00;start_type=ATG;rbs_motif=GGA/GAG/AGG;rbs_spacer=5-10bp;gc_cont=0.415
Ga0485799_0411_10    -            726 84684at2157          -            183   2.5e-13   49.8   0.2   1   2      0.49   8.4e+02   -0.8   0.3    75   130   278   332   248   350 0.58 # 8806 # 10983 # -1 # ID=411_10;partial=00;start_type=ATG;rbs_motif=AGGA;rbs_spacer=5-10bp;gc_cont=0.316
Ga0485799_0411_10    -            726 84684at2157          -            183   2.5e-13   49.8   0.2   2   2   1.4e-16   2.5e-13   49.8   0.2     3    68   654   717   652   722 0.94 # 8806 # 10983 # -1 # ID=411_10;partial=00;start_type=ATG;rbs_motif=AGGA;rbs_spacer=5-10bp;gc_cont=0.316
Ga0485799_0072_37    -            786 84684at2157          -            183   1.1e-11   44.5   0.3   1   2      0.16   2.7e+02    0.8   0.0   108   169   421   480   385   494 0.80 # 37568 # 39925 # 1 # ID=72_37;partial=00;start_type=ATG;rbs_motif=None;rbs_spacer=None;gc_cont=0.477
Ga0485799_0072_37    -            786 84684at2157          -            183   1.1e-11   44.5   0.3   2   2   8.4e-14   1.5e-10   40.8   0.3    10    88   657   733   650   743 0.86 # 37568 # 39925 # 1 # ID=72_37;partial=00;start_type=ATG;rbs_motif=None;rbs_spacer=None;gc_cont=0.477
Ga0485799_0661_6     -            169 84684at2157          -            183   2.6e-09   36.8   7.8   1   2   5.8e-06      0.01   15.3   0.3    29    82     5    58     3    68 0.89 # 4801 # 5307 # -1 # ID=661_6;partial=01;start_type=Edge;rbs_motif=None;rbs_spacer=None;gc_cont=0.294
Ga0485799_0661_6     -            169 84684at2157          -            183   2.6e-09   36.8   7.8   2   2   9.1e-09   1.6e-05   24.4   2.2     4    90    68   150    65   158 0.90 # 4801 # 5307 # -1 # ID=661_6;partial=01;start_type=Edge;rbs_motif=None;rbs_spacer=None;gc_cont=0.294
Ga0485799_0126_14    -            692 84684at2157          -            183   3.5e-09   36.3   0.2   1   2       3.4   5.9e+03   -3.5   0.0    29    53   408   432   407   439 0.82 # 12801 # 14876 # -1 # ID=126_14;partial=00;start_type=ATG;rbs_motif=None;rbs_spacer=None;gc_cont=0.480
Ga0485799_0126_14    -            692 84684at2157          -            183   3.5e-09   36.3   0.2   2   2   4.9e-12   8.4e-09   35.1   0.2     9    78   624   690   618   691 0.89 # 12801 # 14876 # -1 # ID=126_14;partial=00;start_type=ATG;rbs_motif=None;rbs_spacer=None;gc_cont=0.480
Ga0485799_0064_5     -            170 84684at2157          -            183     0.024   14.0   2.9   1   2   0.00022      0.39   10.1   1.4    78   125    10    57     4    92 0.86 # 6400 # 6909 # -1 # ID=64_5;partial=00;start_type=ATG;rbs_motif=GGA/GAG/AGG;rbs_spacer=5-10bp;gc_cont=0.365
Ga0485799_0064_5     -            170 84684at2157          -            183     0.024   14.0   2.9   2   2     0.022        38    3.6   0.0    57   103   121   167   110   169 0.85 # 6400 # 6909 # -1 # ID=64_5;partial=00;start_type=ATG;rbs_motif=GGA/GAG/AGG;rbs_spacer=5-10bp;gc_cont=0.365
Ga0485799_0017_34    -            437 84684at2157          -            183     0.033   13.6   3.2   1   3      0.24   4.2e+02    0.2   0.3    91   148    94   150    92   153 0.73 # 38867 # 40177 # -1 # ID=17_34;partial=00;start_type=ATG;rbs_motif=AGGAG;rbs_spacer=5-10bp;gc_cont=0.355
Ga0485799_0017_34    -            437 84684at2157          -            183     0.033   13.6   3.2   2   3   0.00015      0.25   10.7   0.1    80   143   143   206   126   214 0.85 # 38867 # 40177 # -1 # ID=17_34;partial=00;start_type=ATG;rbs_motif=AGGAG;rbs_spacer=5-10bp;gc_cont=0.355
Ga0485799_0017_34    -            437 84684at2157          -            183     0.033   13.6   3.2   3   3     0.051        87    2.4   0.2    54    96   249   291   242   314 0.79 # 38867 # 40177 # -1 # ID=17_34;partial=00;start_type=ATG;rbs_motif=AGGAG;rbs_spacer=5-10bp;gc_cont=0.355
#
# Program:         hmmsearch
# Version:         3.1b2 (February 2015)
# Pipeline mode:   SEARCH
# Query file:      /home/mira/Bacteria2022/Thiomargarita_magnifica/qc_assembly/busco_article/busco_downloads/lineages/archaea_odb10/hmms/84684at2157.hmm
# Target file:     /home/mira/Bacteria2022/Thiomargarita_magnifica/qc_assembly/busco_article/busco_article/prodigal_output/predicted_genes/predicted.faa
# Option settings: hmmsearch --domtblout /home/mira/Bacteria2022/Thiomargarita_magnifica/qc_assembly/busco_article/busco_article/auto_lineage/run_archaea_odb10/hmmer_output/84684at2157.out --cpu 1 /home/mira/Bacteria2022/Thiomargarita_magnifica/qc_assembly/busco_article/busco_downloads/lineages/archaea_odb10/hmms/84684at2157.hmm /home/mira/Bacteria2022/Thiomargarita_magnifica/qc_assembly/busco_article/busco_article/prodigal_output/predicted_genes/predicted.faa 
# Current dir:     /home/mira/Bacteria2022/Thiomargarita_magnifica/qc_assembly/busco_article
# Date:            Wed Jul 13 13:04:28 2022
# [ok]
