#                                                                            --- full sequence --- -------------- this domain -------------   hmm coord   ali coord   env coord
# target name        accession   tlen query name           accession   qlen   E-value  score  bias   #  of  c-Evalue  i-Evalue  score  bias  from    to  from    to  from    to  acc description of target
#------------------- ---------- ----- -------------------- ---------- ----- --------- ------ ----- --- --- --------- --------- ------ ----- ----- ----- ----- ----- ----- ----- ---- ---------------------
Ga0485799_0022_4     -            468 8899at2157           -            414  2.8e-177  589.2   0.0   1   1    2e-180  3.5e-177  588.8   0.0    25   414    45   454    25   454 0.94 # 4873 # 6276 # 1 # ID=22_4;partial=00;start_type=ATG;rbs_motif=GGA/GAG/AGG;rbs_spacer=5-10bp;gc_cont=0.474
Ga0485799_0379_6     -            437 8899at2157           -            414   7.7e-47  159.5   0.1   1   1   6.4e-50   1.1e-46  159.0   0.1    45   324    84   364    76   368 0.91 # 6764 # 8074 # -1 # ID=379_6;partial=00;start_type=ATG;rbs_motif=None;rbs_spacer=None;gc_cont=0.342
Ga0485799_0836_3     -            463 8899at2157           -            414   4.5e-42  143.8   0.2   1   1     4e-45     7e-42  143.2   0.2    44   380    66   403    38   412 0.88 # 918 # 2306 # -1 # ID=836_3;partial=00;start_type=ATG;rbs_motif=AGGA;rbs_spacer=5-10bp;gc_cont=0.369
Ga0485799_0060_42    -            514 8899at2157           -            414   3.8e-40  137.4   0.1   1   1   8.9e-43   1.5e-39  135.5   0.1    42   317    85   378    73   388 0.90 # 43716 # 45257 # -1 # ID=60_42;partial=00;start_type=ATG;rbs_motif=GGA/GAG/AGG;rbs_spacer=5-10bp;gc_cont=0.466
Ga0485799_0896_1     -            449 8899at2157           -            414   4.9e-39  133.8   0.2   1   1   3.7e-42   6.3e-39  133.4   0.2    45   319    90   371    50   396 0.91 # 3 # 1349 # -1 # ID=896_1;partial=10;start_type=ATG;rbs_motif=AGGAG;rbs_spacer=5-10bp;gc_cont=0.361
Ga0485799_0060_38    -            460 8899at2157           -            414   1.5e-37  128.9   0.1   1   1   1.2e-40     2e-37  128.5   0.1    45   380    67   405    47   416 0.88 # 39594 # 40973 # -1 # ID=60_38;partial=00;start_type=ATG;rbs_motif=GGA/GAG/AGG;rbs_spacer=5-10bp;gc_cont=0.476
Ga0485799_0120_20    -            592 8899at2157           -            414   6.6e-34  116.9   0.0   1   2   5.1e-07   0.00087   17.7   0.0     7   100    10   121     5   124 0.73 # 18201 # 19976 # 1 # ID=120_20;partial=00;start_type=ATG;rbs_motif=AGGA;rbs_spacer=5-10bp;gc_cont=0.505
Ga0485799_0120_20    -            592 8899at2157           -            414   6.6e-34  116.9   0.0   2   2   4.2e-31   7.3e-28   97.0   0.0   101   381   214   506   201   514 0.87 # 18201 # 19976 # 1 # ID=120_20;partial=00;start_type=ATG;rbs_motif=AGGA;rbs_spacer=5-10bp;gc_cont=0.505
Ga0485799_0341_7     -            419 8899at2157           -            414     0.066   11.5   0.3   1   1   0.00033      0.56    8.4   0.3   171   312   224   363   162   370 0.66 # 4989 # 6245 # -1 # ID=341_7;partial=00;start_type=ATG;rbs_motif=None;rbs_spacer=None;gc_cont=0.437
Ga0485799_0045_48    -             77 8899at2157           -            414     0.082   11.2   0.0   1   1     5e-05     0.086   11.1   0.0   366   408    17    58    10    64 0.81 # 44350 # 44580 # 1 # ID=45_48;partial=00;start_type=ATG;rbs_motif=AGGA;rbs_spacer=5-10bp;gc_cont=0.407
#
# Program:         hmmsearch
# Version:         3.1b2 (February 2015)
# Pipeline mode:   SEARCH
# Query file:      /home/mira/Bacteria2022/Thiomargarita_magnifica/qc_assembly/busco_article/busco_downloads/lineages/archaea_odb10/hmms/8899at2157.hmm
# Target file:     /home/mira/Bacteria2022/Thiomargarita_magnifica/qc_assembly/busco_article/busco_article/prodigal_output/predicted_genes/predicted.faa
# Option settings: hmmsearch --domtblout /home/mira/Bacteria2022/Thiomargarita_magnifica/qc_assembly/busco_article/busco_article/auto_lineage/run_archaea_odb10/hmmer_output/8899at2157.out --cpu 1 /home/mira/Bacteria2022/Thiomargarita_magnifica/qc_assembly/busco_article/busco_downloads/lineages/archaea_odb10/hmms/8899at2157.hmm /home/mira/Bacteria2022/Thiomargarita_magnifica/qc_assembly/busco_article/busco_article/prodigal_output/predicted_genes/predicted.faa 
# Current dir:     /home/mira/Bacteria2022/Thiomargarita_magnifica/qc_assembly/busco_article
# Date:            Wed Jul 13 13:04:29 2022
# [ok]
