#                                                                            --- full sequence --- -------------- this domain -------------   hmm coord   ali coord   env coord
# target name        accession   tlen query name           accession   qlen   E-value  score  bias   #  of  c-Evalue  i-Evalue  score  bias  from    to  from    to  from    to  acc description of target
#------------------- ---------- ----- -------------------- ---------- ----- --------- ------ ----- --- --- --------- --------- ------ ----- ----- ----- ----- ----- ----- ----- ---- ---------------------
Ga0485799_0986_2     -            118 89321at2157          -            172     0.014   14.9   1.4   1   1   8.1e-06     0.018   14.6   1.4     7    73    30    96    23   102 0.76 # 1127 # 1480 # 1 # ID=986_2;partial=00;start_type=GTG;rbs_motif=None;rbs_spacer=None;gc_cont=0.444
Ga0485799_1095_2     -            125 89321at2157          -            172     0.015   14.8   0.9   1   1   1.1e-05     0.024   14.2   0.6     9    64    17    72     9    80 0.87 # 1051 # 1425 # 1 # ID=1095_2;partial=00;start_type=GTG;rbs_motif=GGA/GAG/AGG;rbs_spacer=5-10bp;gc_cont=0.307
Ga0485799_1966_1     -            170 89321at2157          -            172     0.055   13.0   4.6   1   2   0.00015      0.34   10.4   4.9     5    80    23   101    20   117 0.83 # 62 # 571 # -1 # ID=1966_1;partial=01;start_type=Edge;rbs_motif=None;rbs_spacer=None;gc_cont=0.302
Ga0485799_1966_1     -            170 89321at2157          -            172     0.055   13.0   4.6   2   2     0.057   1.3e+02    2.1   0.0    21    46    96   121    84   129 0.75 # 62 # 571 # -1 # ID=1966_1;partial=01;start_type=Edge;rbs_motif=None;rbs_spacer=None;gc_cont=0.302
Ga0485799_0528_2     -            266 89321at2157          -            172     0.087   12.4   2.3   1   2     0.042        94    2.5   0.1    31    77    63   109    33   123 0.74 # 201 # 998 # 1 # ID=528_2;partial=00;start_type=ATG;rbs_motif=AGGAG;rbs_spacer=5-10bp;gc_cont=0.479
Ga0485799_0528_2     -            266 89321at2157          -            172     0.087   12.4   2.3   2   2   0.00039      0.87    9.1   0.6    31    80   132   181   113   202 0.82 # 201 # 998 # 1 # ID=528_2;partial=00;start_type=ATG;rbs_motif=AGGAG;rbs_spacer=5-10bp;gc_cont=0.479
Ga0485799_0204_1     -            356 89321at2157          -            172     0.099   12.2   1.5   1   2   0.00016      0.35   10.4   0.4    26    91   107   172    84   180 0.88 # 2 # 1069 # 1 # ID=204_1;partial=10;start_type=Edge;rbs_motif=None;rbs_spacer=None;gc_cont=0.251
Ga0485799_0204_1     -            356 89321at2157          -            172     0.099   12.2   1.5   2   2      0.31   6.9e+02   -0.3   0.0    14    41   199   226   190   242 0.79 # 2 # 1069 # 1 # ID=204_1;partial=10;start_type=Edge;rbs_motif=None;rbs_spacer=None;gc_cont=0.251
Ga0485799_0012_36    -            254 89321at2157          -            172      0.41   10.2  12.0   1   3   0.00032      0.72    9.4   2.6     2    67     2    67     1    85 0.83 # 29223 # 29984 # 1 # ID=12_36;partial=00;start_type=ATG;rbs_motif=GGAG/GAGG;rbs_spacer=5-10bp;gc_cont=0.425
Ga0485799_0012_36    -            254 89321at2157          -            172      0.41   10.2  12.0   2   3     0.073   1.6e+02    1.7   3.2     9    69    66   126    60   128 0.80 # 29223 # 29984 # 1 # ID=12_36;partial=00;start_type=ATG;rbs_motif=GGAG/GAGG;rbs_spacer=5-10bp;gc_cont=0.425
Ga0485799_0012_36    -            254 89321at2157          -            172      0.41   10.2  12.0   3   3      0.01        23    4.5   3.1    18    71    89   142    76   198 0.60 # 29223 # 29984 # 1 # ID=12_36;partial=00;start_type=ATG;rbs_motif=GGAG/GAGG;rbs_spacer=5-10bp;gc_cont=0.425
Ga0485799_0029_35    -            590 89321at2157          -            172       3.7    7.1  17.5   1   4     0.019        42    3.6   4.4     2    60   165   223   164   227 0.92 # 30988 # 32757 # -1 # ID=29_35;partial=00;start_type=GTG;rbs_motif=None;rbs_spacer=None;gc_cont=0.384
Ga0485799_0029_35    -            590 89321at2157          -            172       3.7    7.1  17.5   2   4     0.015        33    4.0   0.4    10    56   229   275   225   306 0.83 # 30988 # 32757 # -1 # ID=29_35;partial=00;start_type=GTG;rbs_motif=None;rbs_spacer=None;gc_cont=0.384
Ga0485799_0029_35    -            590 89321at2157          -            172       3.7    7.1  17.5   3   4     0.042        94    2.5   0.1    11    69   318   379   311   396 0.75 # 30988 # 32757 # -1 # ID=29_35;partial=00;start_type=GTG;rbs_motif=None;rbs_spacer=None;gc_cont=0.384
Ga0485799_0029_35    -            590 89321at2157          -            172       3.7    7.1  17.5   4   4     0.014        32    4.0   0.0    13    64   412   463   400   469 0.82 # 30988 # 32757 # -1 # ID=29_35;partial=00;start_type=GTG;rbs_motif=None;rbs_spacer=None;gc_cont=0.384
#
# Program:         hmmsearch
# Version:         3.1b2 (February 2015)
# Pipeline mode:   SEARCH
# Query file:      /home/mira/Bacteria2022/Thiomargarita_magnifica/qc_assembly/busco_article/busco_downloads/lineages/archaea_odb10/hmms/89321at2157.hmm
# Target file:     /home/mira/Bacteria2022/Thiomargarita_magnifica/qc_assembly/busco_article/busco_article/prodigal_output/predicted_genes/predicted.faa
# Option settings: hmmsearch --domtblout /home/mira/Bacteria2022/Thiomargarita_magnifica/qc_assembly/busco_article/busco_article/auto_lineage/run_archaea_odb10/hmmer_output/89321at2157.out --cpu 1 /home/mira/Bacteria2022/Thiomargarita_magnifica/qc_assembly/busco_article/busco_downloads/lineages/archaea_odb10/hmms/89321at2157.hmm /home/mira/Bacteria2022/Thiomargarita_magnifica/qc_assembly/busco_article/busco_article/prodigal_output/predicted_genes/predicted.faa 
# Current dir:     /home/mira/Bacteria2022/Thiomargarita_magnifica/qc_assembly/busco_article
# Date:            Wed Jul 13 13:04:29 2022
# [ok]
