#                                                                            --- full sequence --- -------------- this domain -------------   hmm coord   ali coord   env coord
# target name        accession   tlen query name           accession   qlen   E-value  score  bias   #  of  c-Evalue  i-Evalue  score  bias  from    to  from    to  from    to  acc description of target
#------------------- ---------- ----- -------------------- ---------- ----- --------- ------ ----- --- --- --------- --------- ------ ----- ----- ----- ----- ----- ----- ----- ---- ---------------------
Ga0485799_0872_2     -            224 90817at2157          -            186   1.7e-58  196.8   0.1   1   1   6.5e-61   7.2e-58  194.8   0.1     1   179     1   207     1   210 0.90 # 502 # 1173 # -1 # ID=872_2;partial=00;start_type=ATG;rbs_motif=GGA/GAG/AGG;rbs_spacer=5-10bp;gc_cont=0.338
Ga0485799_0096_29    -           1260 90817at2157          -            186   7.1e-19   67.6   0.0   1   1   1.8e-21     2e-18   66.1   0.0     2   177  1005  1228  1004  1233 0.70 # 32580 # 36359 # -1 # ID=96_29;partial=00;start_type=ATG;rbs_motif=GGAG/GAGG;rbs_spacer=5-10bp;gc_cont=0.480
Ga0485799_0895_1     -            204 90817at2157          -            186   4.9e-09   35.5   0.0   1   2   5.6e-11   6.2e-08   31.9   0.0    32    89    35    89     2   105 0.79 # 224 # 835 # 1 # ID=895_1;partial=00;start_type=TTG;rbs_motif=GGAGG;rbs_spacer=5-10bp;gc_cont=0.327
Ga0485799_0895_1     -            204 90817at2157          -            186   4.9e-09   35.5   0.0   2   2      0.13   1.4e+02    1.4   0.0   168   185   180   198   171   199 0.76 # 224 # 835 # 1 # ID=895_1;partial=00;start_type=TTG;rbs_motif=GGAGG;rbs_spacer=5-10bp;gc_cont=0.327
Ga0485799_0305_5     -            194 90817at2157          -            186   5.8e-07   28.8   0.0   1   1   8.8e-10   9.8e-07   28.0   0.0     3    95    48   135    46   141 0.80 # 2780 # 3361 # 1 # ID=305_5;partial=00;start_type=ATG;rbs_motif=AGGAG;rbs_spacer=5-10bp;gc_cont=0.495
Ga0485799_0587_7     -            201 90817at2157          -            186   3.8e-06   26.1   0.1   1   1   5.9e-09   6.5e-06   25.3   0.1    22    95    26    98     8   130 0.80 # 5203 # 5805 # -1 # ID=587_7;partial=00;start_type=ATG;rbs_motif=GGAG/GAGG;rbs_spacer=5-10bp;gc_cont=0.292
Ga0485799_1344_1     -            198 90817at2157          -            186   8.6e-05   21.7   1.2   1   2   2.7e-07    0.0003   19.9   0.0    32    88    35    89    10   106 0.76 # 2 # 595 # -1 # ID=1344_1;partial=10;start_type=ATG;rbs_motif=GGA/GAG/AGG;rbs_spacer=11-12bp;gc_cont=0.290
Ga0485799_1344_1     -            198 90817at2157          -            186   8.6e-05   21.7   1.2   2   2      0.33   3.6e+02    0.1   0.3   168   178   181   191   172   198 0.76 # 2 # 595 # -1 # ID=1344_1;partial=10;start_type=ATG;rbs_motif=GGA/GAG/AGG;rbs_spacer=11-12bp;gc_cont=0.290
Ga0485799_0660_2     -            515 90817at2157          -            186    0.0015   17.6   0.2   1   2   8.1e-06     0.009   15.1   0.0    66   129    71   133    54   166 0.85 # 886 # 2430 # -1 # ID=660_2;partial=00;start_type=ATG;rbs_motif=AGGA;rbs_spacer=5-10bp;gc_cont=0.335
Ga0485799_0660_2     -            515 90817at2157          -            186    0.0015   17.6   0.2   2   2      0.48   5.3e+02   -0.4   0.2    59    94   206   241   199   247 0.81 # 886 # 2430 # -1 # ID=660_2;partial=00;start_type=ATG;rbs_motif=AGGA;rbs_spacer=5-10bp;gc_cont=0.335
Ga0485799_0077_20    -            185 90817at2157          -            186     0.003   16.7   0.0   1   1   3.9e-06    0.0043   16.2   0.0    31    95    59   118    47   127 0.88 # 23182 # 23736 # -1 # ID=77_20;partial=00;start_type=ATG;rbs_motif=None;rbs_spacer=None;gc_cont=0.506
Ga0485799_0071_17    -            373 90817at2157          -            186    0.0049   16.0   0.0   1   1   7.3e-06    0.0081   15.3   0.0    61    89   248   276   244   299 0.83 # 24363 # 25481 # -1 # ID=71_17;partial=00;start_type=ATG;rbs_motif=None;rbs_spacer=None;gc_cont=0.448
Ga0485799_0630_2     -            443 90817at2157          -            186     0.022   13.9   0.0   1   2       1.3   1.5e+03   -1.9   0.0    63   104   115   154   108   173 0.68 # 758 # 2086 # -1 # ID=630_2;partial=00;start_type=ATG;rbs_motif=AGGA;rbs_spacer=5-10bp;gc_cont=0.299
Ga0485799_0630_2     -            443 90817at2157          -            186     0.022   13.9   0.0   2   2   6.9e-05     0.077   12.1   0.0    33    90   287   342   250   354 0.72 # 758 # 2086 # -1 # ID=630_2;partial=00;start_type=ATG;rbs_motif=AGGA;rbs_spacer=5-10bp;gc_cont=0.299
Ga0485799_1174_2     -            333 90817at2157          -            186      0.03   13.4   0.0   1   2       4.5     5e+03   -3.6   0.0    78   100    18    39     6    48 0.69 # 631 # 1629 # -1 # ID=1174_2;partial=01;start_type=Edge;rbs_motif=None;rbs_spacer=None;gc_cont=0.299
Ga0485799_1174_2     -            333 90817at2157          -            186      0.03   13.4   0.0   2   2   6.5e-05     0.073   12.2   0.0    33    89   176   230   139   239 0.70 # 631 # 1629 # -1 # ID=1174_2;partial=01;start_type=Edge;rbs_motif=None;rbs_spacer=None;gc_cont=0.299
Ga0485799_0399_9     -            210 90817at2157          -            186     0.048   12.7   0.0   1   1   6.2e-05     0.069   12.2   0.0    36    87    44    91     6   110 0.76 # 6302 # 6931 # -1 # ID=399_9;partial=00;start_type=ATG;rbs_motif=AGGA;rbs_spacer=5-10bp;gc_cont=0.470
Ga0485799_0229_15    -            544 90817at2157          -            186     0.076   12.1   0.1   1   1   0.00017      0.19   10.8   0.1    33    86   341   385   315   397 0.88 # 17122 # 18753 # -1 # ID=229_15;partial=00;start_type=ATG;rbs_motif=None;rbs_spacer=None;gc_cont=0.446
Ga0485799_0038_18    -            468 90817at2157          -            186      0.12   11.4   0.0   1   1   0.00023      0.26   10.4   0.0    35    86   278   326   250   331 0.77 # 12657 # 14060 # 1 # ID=38_18;partial=00;start_type=ATG;rbs_motif=GGA/GAG/AGG;rbs_spacer=5-10bp;gc_cont=0.434
#
# Program:         hmmsearch
# Version:         3.1b2 (February 2015)
# Pipeline mode:   SEARCH
# Query file:      /home/mira/Bacteria2022/Thiomargarita_magnifica/qc_assembly/busco_article/busco_downloads/lineages/archaea_odb10/hmms/90817at2157.hmm
# Target file:     /home/mira/Bacteria2022/Thiomargarita_magnifica/qc_assembly/busco_article/busco_article/prodigal_output/predicted_genes/predicted.faa
# Option settings: hmmsearch --domtblout /home/mira/Bacteria2022/Thiomargarita_magnifica/qc_assembly/busco_article/busco_article/auto_lineage/run_archaea_odb10/hmmer_output/90817at2157.out --cpu 1 /home/mira/Bacteria2022/Thiomargarita_magnifica/qc_assembly/busco_article/busco_downloads/lineages/archaea_odb10/hmms/90817at2157.hmm /home/mira/Bacteria2022/Thiomargarita_magnifica/qc_assembly/busco_article/busco_article/prodigal_output/predicted_genes/predicted.faa 
# Current dir:     /home/mira/Bacteria2022/Thiomargarita_magnifica/qc_assembly/busco_article
# Date:            Wed Jul 13 13:04:29 2022
# [ok]
