#                                                                            --- full sequence --- -------------- this domain -------------   hmm coord   ali coord   env coord
# target name        accession   tlen query name           accession   qlen   E-value  score  bias   #  of  c-Evalue  i-Evalue  score  bias  from    to  from    to  from    to  acc description of target
#------------------- ---------- ----- -------------------- ---------- ----- --------- ------ ----- --- --- --------- --------- ------ ----- ----- ----- ----- ----- ----- ----- ---- ---------------------
Ga0485799_0583_5     -            148 91297at2157          -            197    0.0038   16.3   0.0   1   1   1.6e-06     0.005   16.0   0.0    10    75    44   111    37   125 0.82 # 2081 # 2524 # 1 # ID=583_5;partial=00;start_type=ATG;rbs_motif=None;rbs_spacer=None;gc_cont=0.459
Ga0485799_0400_7     -            402 91297at2157          -            197    0.0051   15.9   0.3   1   2      0.17   5.2e+02   -0.4   0.1   162   177   209   224   139   234 0.79 # 5377 # 6582 # 1 # ID=400_7;partial=00;start_type=ATG;rbs_motif=GGA/GAG/AGG;rbs_spacer=5-10bp;gc_cont=0.279
Ga0485799_0400_7     -            402 91297at2157          -            197    0.0051   15.9   0.3   2   2   7.7e-06     0.024   13.8   0.0     2    64   243   305   242   337 0.84 # 5377 # 6582 # 1 # ID=400_7;partial=00;start_type=ATG;rbs_motif=GGA/GAG/AGG;rbs_spacer=5-10bp;gc_cont=0.279
Ga0485799_0753_2     -             93 91297at2157          -            197     0.015   14.5   0.1   1   1   5.1e-06     0.016   14.3   0.1    15    82    20    91    10    92 0.81 # 796 # 1074 # -1 # ID=753_2;partial=00;start_type=TTG;rbs_motif=GGA/GAG/AGG;rbs_spacer=5-10bp;gc_cont=0.280
Ga0485799_0445_1     -            679 91297at2157          -            197     0.036   13.2   0.5   1   2    0.0072        23    4.0   0.1     6    73   118   185   115   197 0.79 # 63 # 2099 # 1 # ID=445_1;partial=00;start_type=ATG;rbs_motif=GGA/GAG/AGG;rbs_spacer=5-10bp;gc_cont=0.285
Ga0485799_0445_1     -            679 91297at2157          -            197     0.036   13.2   0.5   2   2    0.0012       3.6    6.6   0.0    44    92   436   486   430   489 0.79 # 63 # 2099 # 1 # ID=445_1;partial=00;start_type=ATG;rbs_motif=GGA/GAG/AGG;rbs_spacer=5-10bp;gc_cont=0.285
Ga0485799_0077_23    -            121 91297at2157          -            197      0.05   12.7   0.1   1   1   1.8e-05     0.055   12.6   0.1    14    64    51   101    21   119 0.83 # 26777 # 27139 # 1 # ID=77_23;partial=00;start_type=ATG;rbs_motif=AGGAG;rbs_spacer=5-10bp;gc_cont=0.444
#
# Program:         hmmsearch
# Version:         3.1b2 (February 2015)
# Pipeline mode:   SEARCH
# Query file:      /home/mira/Bacteria2022/Thiomargarita_magnifica/qc_assembly/busco_article/busco_downloads/lineages/archaea_odb10/hmms/91297at2157.hmm
# Target file:     /home/mira/Bacteria2022/Thiomargarita_magnifica/qc_assembly/busco_article/busco_article/prodigal_output/predicted_genes/predicted.faa
# Option settings: hmmsearch --domtblout /home/mira/Bacteria2022/Thiomargarita_magnifica/qc_assembly/busco_article/busco_article/auto_lineage/run_archaea_odb10/hmmer_output/91297at2157.out --cpu 1 /home/mira/Bacteria2022/Thiomargarita_magnifica/qc_assembly/busco_article/busco_downloads/lineages/archaea_odb10/hmms/91297at2157.hmm /home/mira/Bacteria2022/Thiomargarita_magnifica/qc_assembly/busco_article/busco_article/prodigal_output/predicted_genes/predicted.faa 
# Current dir:     /home/mira/Bacteria2022/Thiomargarita_magnifica/qc_assembly/busco_article
# Date:            Wed Jul 13 13:04:29 2022
# [ok]
