#                                                                            --- full sequence --- -------------- this domain -------------   hmm coord   ali coord   env coord
# target name        accession   tlen query name           accession   qlen   E-value  score  bias   #  of  c-Evalue  i-Evalue  score  bias  from    to  from    to  from    to  acc description of target
#------------------- ---------- ----- -------------------- ---------- ----- --------- ------ ----- --- --- --------- --------- ------ ----- ----- ----- ----- ----- ----- ----- ---- ---------------------
Ga0485799_0419_12    -            392 99842at2157          -            124   3.9e-06   26.6   2.5   1   2     0.092   3.6e+02    0.9   0.1    51   106   199   261   189   264 0.54 # 9806 # 10981 # -1 # ID=419_12;partial=00;start_type=ATG;rbs_motif=AGGA;rbs_spacer=5-10bp;gc_cont=0.298
Ga0485799_0419_12    -            392 99842at2157          -            124   3.9e-06   26.6   2.5   2   2   1.2e-08   4.8e-05   23.1   1.0    39   122   264   362   251   364 0.83 # 9806 # 10981 # -1 # ID=419_12;partial=00;start_type=ATG;rbs_motif=AGGA;rbs_spacer=5-10bp;gc_cont=0.298
Ga0485799_0126_19    -            494 99842at2157          -            124   2.5e-05   24.0   2.9   1   2      0.36   1.4e+03   -1.0   0.2    44    86    83   125    80   136 0.77 # 19681 # 21162 # -1 # ID=126_19;partial=00;start_type=ATG;rbs_motif=GGA/GAG/AGG;rbs_spacer=5-10bp;gc_cont=0.464
Ga0485799_0126_19    -            494 99842at2157          -            124   2.5e-05   24.0   2.9   2   2   1.1e-08   4.2e-05   23.2   0.1    39   113   250   334   247   342 0.81 # 19681 # 21162 # -1 # ID=126_19;partial=00;start_type=ATG;rbs_motif=GGA/GAG/AGG;rbs_spacer=5-10bp;gc_cont=0.464
Ga0485799_0836_4     -            297 99842at2157          -            124     0.061   13.0   2.2   1   3      0.13   5.2e+02    0.3   0.3    43    67     7    31     4    76 0.71 # 2328 # 3218 # -1 # ID=836_4;partial=00;start_type=ATG;rbs_motif=AGGA;rbs_spacer=5-10bp;gc_cont=0.300
Ga0485799_0836_4     -            297 99842at2157          -            124     0.061   13.0   2.2   2   3   0.00018       0.7    9.6   0.0    76   118    73   115    60   118 0.88 # 2328 # 3218 # -1 # ID=836_4;partial=00;start_type=ATG;rbs_motif=AGGA;rbs_spacer=5-10bp;gc_cont=0.300
Ga0485799_0836_4     -            297 99842at2157          -            124     0.061   13.0   2.2   3   3      0.21   8.1e+02   -0.3   0.0    49   106   134   193   123   196 0.66 # 2328 # 3218 # -1 # ID=836_4;partial=00;start_type=ATG;rbs_motif=AGGA;rbs_spacer=5-10bp;gc_cont=0.300
Ga0485799_0080_25    -            418 99842at2157          -            124      0.07   12.8   0.0   1   1   3.8e-05      0.15   11.8   0.0    65   122   219   277   215   279 0.91 # 34864 # 36117 # 1 # ID=80_25;partial=00;start_type=ATG;rbs_motif=None;rbs_spacer=None;gc_cont=0.386
#
# Program:         hmmsearch
# Version:         3.1b2 (February 2015)
# Pipeline mode:   SEARCH
# Query file:      /home/mira/Bacteria2022/Thiomargarita_magnifica/qc_assembly/busco_article/busco_downloads/lineages/archaea_odb10/hmms/99842at2157.hmm
# Target file:     /home/mira/Bacteria2022/Thiomargarita_magnifica/qc_assembly/busco_article/busco_article/prodigal_output/predicted_genes/predicted.faa
# Option settings: hmmsearch --domtblout /home/mira/Bacteria2022/Thiomargarita_magnifica/qc_assembly/busco_article/busco_article/auto_lineage/run_archaea_odb10/hmmer_output/99842at2157.out --cpu 1 /home/mira/Bacteria2022/Thiomargarita_magnifica/qc_assembly/busco_article/busco_downloads/lineages/archaea_odb10/hmms/99842at2157.hmm /home/mira/Bacteria2022/Thiomargarita_magnifica/qc_assembly/busco_article/busco_article/prodigal_output/predicted_genes/predicted.faa 
# Current dir:     /home/mira/Bacteria2022/Thiomargarita_magnifica/qc_assembly/busco_article
# Date:            Wed Jul 13 13:04:29 2022
# [ok]
