#                                                                                              --- full sequence --- -------------- this domain -------------   hmm coord   ali coord   env coord
# target name                          accession   tlen query name           accession   qlen   E-value  score  bias   #  of  c-Evalue  i-Evalue  score  bias  from    to  from    to  from    to  acc description of target
#                  ------------------- ---------- ----- -------------------- ---------- ----- --------- ------ ----- --- --- --------- --------- ------ ----- ----- ----- ----- ----- ----- ----- ---- ---------------------
NODE_14_length_56554_cov_106.661384_28 -            111 103467at2157         -            119   0.00013   22.2   0.0   1   2   0.00016       1.1    9.5   0.0    10    39     8    37     2    40 0.89 # 23247 # 23579 # -1 # ID=14_28;partial=00;start_type=ATG;rbs_motif=None;rbs_spacer=None;gc_cont=0.498
NODE_14_length_56554_cov_106.661384_28 -            111 103467at2157         -            119   0.00013   22.2   0.0   2   2   6.1e-05      0.44   10.9   0.1    69   106    42    80    37    93 0.86 # 23247 # 23579 # -1 # ID=14_28;partial=00;start_type=ATG;rbs_motif=None;rbs_spacer=None;gc_cont=0.498
NODE_371_length_11804_cov_4.094398_17  -            110 103467at2157         -            119    0.0026   18.0   0.3   1   2   2.3e-05      0.16   12.3   0.1     5    39     2    36     1    38 0.94 # 7672 # 8001 # -1 # ID=371_17;partial=00;start_type=ATG;rbs_motif=GGA/GAG/AGG;rbs_spacer=5-10bp;gc_cont=0.382
NODE_371_length_11804_cov_4.094398_17  -            110 103467at2157         -            119    0.0026   18.0   0.3   2   2    0.0082        58    4.0   0.0    67   101    39    70    37    79 0.85 # 7672 # 8001 # -1 # ID=371_17;partial=00;start_type=ATG;rbs_motif=GGA/GAG/AGG;rbs_spacer=5-10bp;gc_cont=0.382
NODE_891_length_4481_cov_3.146912_4    -            292 103467at2157         -            119      0.29   11.4   1.8   1   3      0.14   9.8e+02    0.0   0.1     6    32    82   109    65   122 0.61 # 3511 # 4386 # 1 # ID=891_4;partial=00;start_type=ATG;rbs_motif=GGA/GAG/AGG;rbs_spacer=11-12bp;gc_cont=0.346
NODE_891_length_4481_cov_3.146912_4    -            292 103467at2157         -            119      0.29   11.4   1.8   2   3      0.45   3.2e+03   -1.6   0.0    77    94   160   176   147   183 0.59 # 3511 # 4386 # 1 # ID=891_4;partial=00;start_type=ATG;rbs_motif=GGA/GAG/AGG;rbs_spacer=11-12bp;gc_cont=0.346
NODE_891_length_4481_cov_3.146912_4    -            292 103467at2157         -            119      0.29   11.4   1.8   3   3   0.00018       1.3    9.3   0.1    18    45   242   269   238   271 0.90 # 3511 # 4386 # 1 # ID=891_4;partial=00;start_type=ATG;rbs_motif=GGA/GAG/AGG;rbs_spacer=11-12bp;gc_cont=0.346
#
# Program:         hmmsearch
# Version:         3.1b2 (February 2015)
# Pipeline mode:   SEARCH
# Query file:      /home/mira/Bacteria2022/Thiomargarita_magnifica/qc_assembly/busco_results/busco_downloads/lineages/archaea_odb10/hmms/103467at2157.hmm
# Target file:     /home/mira/Bacteria2022/Thiomargarita_magnifica/qc_assembly/busco_results/busco_results/prodigal_output/predicted_genes/predicted.faa
# Option settings: hmmsearch --domtblout /home/mira/Bacteria2022/Thiomargarita_magnifica/qc_assembly/busco_results/busco_results/auto_lineage/run_archaea_odb10/hmmer_output/103467at2157.out --cpu 1 /home/mira/Bacteria2022/Thiomargarita_magnifica/qc_assembly/busco_results/busco_downloads/lineages/archaea_odb10/hmms/103467at2157.hmm /home/mira/Bacteria2022/Thiomargarita_magnifica/qc_assembly/busco_results/busco_results/prodigal_output/predicted_genes/predicted.faa 
# Current dir:     /home/mira/Bacteria2022/Thiomargarita_magnifica/qc_assembly/busco_results
# Date:            Tue Jul 12 12:51:47 2022
# [ok]
