#                                                                                               --- full sequence --- -------------- this domain -------------   hmm coord   ali coord   env coord
# target name                           accession   tlen query name           accession   qlen   E-value  score  bias   #  of  c-Evalue  i-Evalue  score  bias  from    to  from    to  from    to  acc description of target
#                   ------------------- ---------- ----- -------------------- ---------- ----- --------- ------ ----- --- --- --------- --------- ------ ----- ----- ----- ----- ----- ----- ----- ---- ---------------------
NODE_195_length_19103_cov_97.343477_16  -             74 105095at2157         -            107   1.4e-07   31.9   0.0   1   1   6.1e-10   1.6e-07   31.7   0.0    34    93     9    68     2    73 0.91 # 18266 # 18487 # 1 # ID=195_16;partial=00;start_type=ATG;rbs_motif=GGAG/GAGG;rbs_spacer=5-10bp;gc_cont=0.360
NODE_935_length_4137_cov_111.623645_3   -             75 105095at2157         -            107   1.8e-07   31.6   0.0   1   1   6.9e-10   1.8e-07   31.6   0.0    29    93     4    68     1    74 0.91 # 1430 # 1654 # 1 # ID=935_3;partial=00;start_type=ATG;rbs_motif=GGAG/GAGG;rbs_spacer=5-10bp;gc_cont=0.347
NODE_336_length_13122_cov_123.830126_6  -            138 105095at2157         -            107   1.1e-06   29.0   0.6   1   2   9.4e-09   2.4e-06   27.9   0.0    39    95     4    60     1    68 0.94 # 5379 # 5792 # 1 # ID=336_6;partial=00;start_type=ATG;rbs_motif=GGAG/GAGG;rbs_spacer=5-10bp;gc_cont=0.331
NODE_336_length_13122_cov_123.830126_6  -            138 105095at2157         -            107   1.1e-06   29.0   0.6   2   2       9.6   2.4e+03   -1.1   0.1    44    46   101   103    77   134 0.54 # 5379 # 5792 # 1 # ID=336_6;partial=00;start_type=ATG;rbs_motif=GGAG/GAGG;rbs_spacer=5-10bp;gc_cont=0.331
NODE_336_length_13122_cov_123.830126_8  -            138 105095at2157         -            107     2e-06   28.2   0.1   1   2   2.2e-08   5.7e-06   26.7   0.0    39    95     4    60     1    66 0.95 # 6733 # 7146 # 1 # ID=336_8;partial=00;start_type=ATG;rbs_motif=AGGAG;rbs_spacer=5-10bp;gc_cont=0.329
NODE_336_length_13122_cov_123.830126_8  -            138 105095at2157         -            107     2e-06   28.2   0.1   2   2       9.6   2.4e+03   -1.1   0.1    44    46   101   103    77   134 0.54 # 6733 # 7146 # 1 # ID=336_8;partial=00;start_type=ATG;rbs_motif=AGGAG;rbs_spacer=5-10bp;gc_cont=0.329
NODE_336_length_13122_cov_123.830126_7  -            130 105095at2157         -            107   4.1e-06   27.2   0.0   1   2   4.3e-08   1.1e-05   25.8   0.0    39    95     4    60     1    66 0.95 # 5918 # 6307 # 1 # ID=336_7;partial=00;start_type=ATG;rbs_motif=AGGAG;rbs_spacer=5-10bp;gc_cont=0.326
NODE_336_length_13122_cov_123.830126_7  -            130 105095at2157         -            107   4.1e-06   27.2   0.0   2   2       9.9   2.5e+03   -1.1   0.0    57    61    99   103    72   126 0.53 # 5918 # 6307 # 1 # ID=336_7;partial=00;start_type=ATG;rbs_motif=AGGAG;rbs_spacer=5-10bp;gc_cont=0.326
NODE_4_length_86588_cov_98.314295_47    -            150 105095at2157         -            107   1.6e-05   25.3   2.4   1   2   6.5e-08   1.6e-05   25.2   0.1    39    97     4    62     1    71 0.92 # 47107 # 47556 # 1 # ID=4_47;partial=00;start_type=ATG;rbs_motif=GGAG/GAGG;rbs_spacer=5-10bp;gc_cont=0.333
NODE_4_length_86588_cov_98.314295_47    -            150 105095at2157         -            107   1.6e-05   25.3   2.4   2   2       5.2   1.3e+03   -0.2   0.4    62    82   108   128    89   147 0.51 # 47107 # 47556 # 1 # ID=4_47;partial=00;start_type=ATG;rbs_motif=GGAG/GAGG;rbs_spacer=5-10bp;gc_cont=0.333
NODE_336_length_13122_cov_123.830126_16 -            140 105095at2157         -            107   1.8e-05   25.1   0.2   1   2   2.2e-07   5.7e-05   23.5   0.0    39    95     4    60     1    68 0.93 # 12262 # 12681 # 1 # ID=336_16;partial=00;start_type=ATG;rbs_motif=GGAG/GAGG;rbs_spacer=5-10bp;gc_cont=0.329
NODE_336_length_13122_cov_123.830126_16 -            140 105095at2157         -            107   1.8e-05   25.1   0.2   2   2       8.7   2.2e+03   -0.9   0.1    44    44   103   103    79   134 0.53 # 12262 # 12681 # 1 # ID=336_16;partial=00;start_type=ATG;rbs_motif=GGAG/GAGG;rbs_spacer=5-10bp;gc_cont=0.329
NODE_104_length_26267_cov_120.185376_26 -            180 105095at2157         -            107   5.1e-05   23.6   0.2   1   2   6.9e-07   0.00018   21.9   0.0    35    91    13    69     5    73 0.89 # 25207 # 25746 # -1 # ID=104_26;partial=00;start_type=ATG;rbs_motif=None;rbs_spacer=None;gc_cont=0.339
NODE_104_length_26267_cov_120.185376_26 -            180 105095at2157         -            107   5.1e-05   23.6   0.2   2   2       9.7   2.5e+03   -1.1   0.2    68    87   122   141    83   161 0.51 # 25207 # 25746 # -1 # ID=104_26;partial=00;start_type=ATG;rbs_motif=None;rbs_spacer=None;gc_cont=0.339
NODE_623_length_7175_cov_6.272612_7     -             89 105095at2157         -            107   6.4e-05   23.3   0.2   1   1   2.6e-07   6.6e-05   23.3   0.2    36    97    20    81     6    88 0.86 # 3452 # 3718 # 1 # ID=623_7;partial=00;start_type=ATG;rbs_motif=AGGA;rbs_spacer=5-10bp;gc_cont=0.318
NODE_53_length_34738_cov_67.879028_14   -            104 105095at2157         -            107    0.0002   21.8   0.3   1   1   1.1e-06   0.00027   21.3   0.3    39    75    44    80    21   102 0.83 # 17333 # 17644 # 1 # ID=53_14;partial=00;start_type=ATG;rbs_motif=None;rbs_spacer=None;gc_cont=0.410
NODE_565_length_8083_cov_220.664002_1   -            148 105095at2157         -            107   0.00024   21.5   0.3   1   2   9.4e-07   0.00024   21.5   0.3    40    94     5    59     1    69 0.92 # 713 # 1156 # -1 # ID=565_1;partial=00;start_type=ATG;rbs_motif=None;rbs_spacer=None;gc_cont=0.304
NODE_565_length_8083_cov_220.664002_1   -            148 105095at2157         -            107   0.00024   21.5   0.3   2   2       2.7     7e+02    0.7   0.4    24    44    97   117    73   144 0.57 # 713 # 1156 # -1 # ID=565_1;partial=00;start_type=ATG;rbs_motif=None;rbs_spacer=None;gc_cont=0.304
NODE_442_length_10313_cov_5.013677_8    -             91 105095at2157         -            107   0.00027   21.3   0.1   1   1   1.4e-06   0.00037   20.9   0.1    39    93    31    85    13    89 0.82 # 8264 # 8536 # -1 # ID=442_8;partial=00;start_type=ATG;rbs_motif=AGGA;rbs_spacer=5-10bp;gc_cont=0.256
NODE_2836_length_482_cov_51.451852_1    -             99 105095at2157         -            107   0.00038   20.9   0.0   1   1   2.1e-06   0.00053   20.4   0.0    35    92     3    60     1    65 0.93 # 2 # 298 # -1 # ID=2836_1;partial=10;start_type=ATG;rbs_motif=None;rbs_spacer=None;gc_cont=0.333
NODE_208_length_18294_cov_90.940934_4   -            102 105095at2157         -            107   0.00043   20.7   0.1   1   1   2.2e-06   0.00055   20.3   0.1    37    82    41    86    25    96 0.86 # 4476 # 4781 # -1 # ID=208_4;partial=00;start_type=ATG;rbs_motif=GGAG/GAGG;rbs_spacer=5-10bp;gc_cont=0.405
NODE_1569_length_1580_cov_138.619428_1  -            167 105095at2157         -            107   0.00054   20.3   0.1   1   1     5e-06    0.0013   19.1   0.1    35    92     3    60     1    63 0.93 # 73 # 573 # -1 # ID=1569_1;partial=00;start_type=ATG;rbs_motif=None;rbs_spacer=None;gc_cont=0.345
NODE_2315_length_683_cov_261.158416_1   -            130 105095at2157         -            107   0.00056   20.3   0.0   1   2   9.1e-06    0.0023   18.3   0.0    37    87     5    55     2    63 0.88 # 294 # 683 # 1 # ID=2315_1;partial=01;start_type=ATG;rbs_motif=GGA/GAG/AGG;rbs_spacer=5-10bp;gc_cont=0.372
NODE_2315_length_683_cov_261.158416_1   -            130 105095at2157         -            107   0.00056   20.3   0.0   2   2         6   1.5e+03   -0.4   0.0    59    76    74    91    70   126 0.67 # 294 # 683 # 1 # ID=2315_1;partial=01;start_type=ATG;rbs_motif=GGA/GAG/AGG;rbs_spacer=5-10bp;gc_cont=0.372
NODE_2096_length_860_cov_139.440613_1   -            150 105095at2157         -            107   0.00058   20.2   0.3   1   1   7.4e-06    0.0019   18.6   0.0    36    84     4    52     2    62 0.88 # 1 # 450 # -1 # ID=2096_1;partial=10;start_type=ATG;rbs_motif=AGGA;rbs_spacer=5-10bp;gc_cont=0.347
NODE_2119_length_837_cov_119.567105_1   -            170 105095at2157         -            107   0.00078   19.8   0.2   1   2   3.7e-05    0.0095   16.3   0.0    36    92     4    60     2    70 0.90 # 289 # 798 # 1 # ID=2119_1;partial=00;start_type=ATG;rbs_motif=AGGA;rbs_spacer=5-10bp;gc_cont=0.373
NODE_2119_length_837_cov_119.567105_1   -            170 105095at2157         -            107   0.00078   19.8   0.2   2   2       2.4   6.1e+02    0.9   0.5    59    75    74    90    67   151 0.64 # 289 # 798 # 1 # ID=2119_1;partial=00;start_type=ATG;rbs_motif=AGGA;rbs_spacer=5-10bp;gc_cont=0.373
NODE_4_length_86588_cov_98.314295_43    -            150 105095at2157         -            107   0.00079   19.8   1.4   1   2   7.6e-06    0.0019   18.6   0.1    39    91     4    52     1    65 0.78 # 45478 # 45927 # 1 # ID=4_43;partial=00;start_type=ATG;rbs_motif=GGAG/GAGG;rbs_spacer=5-10bp;gc_cont=0.296
NODE_4_length_86588_cov_98.314295_43    -            150 105095at2157         -            107   0.00079   19.8   1.4   2   2       3.5   8.9e+02    0.4   0.2    63    72   107   116    62   146 0.57 # 45478 # 45927 # 1 # ID=4_43;partial=00;start_type=ATG;rbs_motif=GGAG/GAGG;rbs_spacer=5-10bp;gc_cont=0.296
NODE_565_length_8083_cov_220.664002_2   -            140 105095at2157         -            107   0.00087   19.7   1.6   1   2   1.1e-05    0.0029   18.0   0.1    42    93     7    58     2    64 0.90 # 1287 # 1706 # -1 # ID=565_2;partial=00;start_type=ATG;rbs_motif=None;rbs_spacer=None;gc_cont=0.314
NODE_565_length_8083_cov_220.664002_2   -            140 105095at2157         -            107   0.00087   19.7   1.6   2   2       2.4   6.2e+02    0.9   0.2    41    60    95   114    71   135 0.52 # 1287 # 1706 # -1 # ID=565_2;partial=00;start_type=ATG;rbs_motif=None;rbs_spacer=None;gc_cont=0.314
NODE_1842_length_1148_cov_1.599440_2    -             69 105095at2157         -            107    0.0012   19.3   0.0   1   1   5.1e-06    0.0013   19.1   0.0    38    93     4    59     1    62 0.92 # 941 # 1147 # 1 # ID=1842_2;partial=01;start_type=TTG;rbs_motif=AGGAG;rbs_spacer=5-10bp;gc_cont=0.290
NODE_2338_length_670_cov_144.934233_1   -            117 105095at2157         -            107    0.0016   18.8   0.0   1   1   1.7e-05    0.0044   17.4   0.0    37    92     4    59     1    62 0.91 # 3 # 353 # -1 # ID=2338_1;partial=10;start_type=ATG;rbs_motif=GGA/GAG/AGG;rbs_spacer=5-10bp;gc_cont=0.350
NODE_1107_length_3063_cov_121.013396_2  -            220 105095at2157         -            107    0.0023   18.3   0.5   1   1   1.9e-05    0.0048   17.3   0.0    35    80    54    99    45   112 0.90 # 1446 # 2105 # 1 # ID=1107_2;partial=00;start_type=ATG;rbs_motif=None;rbs_spacer=None;gc_cont=0.458
NODE_2291_length_695_cov_82.875405_2    -             93 105095at2157         -            107    0.0023   18.3   0.0   1   1   1.4e-05    0.0037   17.7   0.0    35    91    11    67     3    71 0.91 # 416 # 694 # 1 # ID=2291_2;partial=01;start_type=ATG;rbs_motif=GGA/GAG/AGG;rbs_spacer=5-10bp;gc_cont=0.326
NODE_785_length_5274_cov_134.882625_5   -            115 105095at2157         -            107    0.0029   18.0   0.0   1   1     2e-05     0.005   17.3   0.0    30    74    14    58     6    78 0.88 # 4626 # 4970 # -1 # ID=785_5;partial=00;start_type=ATG;rbs_motif=None;rbs_spacer=None;gc_cont=0.420
NODE_699_length_6325_cov_7.434059_2     -             84 105095at2157         -            107     0.003   18.0   0.1   1   1   1.4e-05    0.0035   17.7   0.1    31    96    12    75     9    82 0.79 # 3619 # 3870 # 1 # ID=699_2;partial=00;start_type=TTG;rbs_motif=GGA/GAG/AGG;rbs_spacer=5-10bp;gc_cont=0.306
NODE_1418_length_1934_cov_127.575121_2  -            162 105095at2157         -            107     0.003   18.0   0.0   1   1   1.2e-05     0.003   18.0   0.0    35    91     3    59     1    63 0.91 # 788 # 1273 # 1 # ID=1418_2;partial=00;start_type=ATG;rbs_motif=GGAG/GAGG;rbs_spacer=5-10bp;gc_cont=0.329
NODE_1547_length_1615_cov_192.527308_1  -            158 105095at2157         -            107     0.003   17.9   0.0   1   2   4.6e-05     0.012   16.1   0.0    36    91     4    59     2    65 0.88 # 386 # 859 # 1 # ID=1547_1;partial=00;start_type=ATG;rbs_motif=GGA/GAG/AGG;rbs_spacer=5-10bp;gc_cont=0.367
NODE_1547_length_1615_cov_192.527308_1  -            158 105095at2157         -            107     0.003   17.9   0.0   2   2       7.9     2e+03   -0.8   0.1    90    98   127   135    96   150 0.58 # 386 # 859 # 1 # ID=1547_1;partial=00;start_type=ATG;rbs_motif=GGA/GAG/AGG;rbs_spacer=5-10bp;gc_cont=0.367
NODE_1718_length_1333_cov_159.417994_2  -            170 105095at2157         -            107    0.0036   17.7   0.1   1   2   8.7e-05     0.022   15.2   0.0    36    85     4    53     2    62 0.88 # 781 # 1290 # 1 # ID=1718_2;partial=00;start_type=ATG;rbs_motif=AGGAG;rbs_spacer=5-10bp;gc_cont=0.373
NODE_1718_length_1333_cov_159.417994_2  -            170 105095at2157         -            107    0.0036   17.7   0.1   2   2       5.1   1.3e+03   -0.2   0.1    31    46   126   141   119   159 0.59 # 781 # 1290 # 1 # ID=1718_2;partial=00;start_type=ATG;rbs_motif=AGGAG;rbs_spacer=5-10bp;gc_cont=0.373
NODE_1942_length_1008_cov_116.660580_1  -            170 105095at2157         -            107    0.0038   17.6   0.3   1   1   5.2e-05     0.013   15.9   0.0    37    92    10    65     4    70 0.92 # 458 # 967 # 1 # ID=1942_1;partial=00;start_type=ATG;rbs_motif=GGA/GAG/AGG;rbs_spacer=5-10bp;gc_cont=0.361
NODE_381_length_11622_cov_84.391338_4   -            119 105095at2157         -            107    0.0038   17.6   0.0   1   1   2.8e-05    0.0072   16.7   0.0    30    75    18    63    10    87 0.83 # 3164 # 3520 # 1 # ID=381_4;partial=00;start_type=ATG;rbs_motif=None;rbs_spacer=None;gc_cont=0.434
NODE_1_length_122023_cov_87.997277_102  -            145 105095at2157         -            107    0.0047   17.3   0.1   1   1   3.3e-05    0.0084   16.5   0.0    40    90    17    67     1    75 0.86 # 117536 # 117970 # -1 # ID=1_102;partial=00;start_type=ATG;rbs_motif=GGAGG;rbs_spacer=5-10bp;gc_cont=0.398
NODE_36_length_43095_cov_111.927124_44  -             79 105095at2157         -            107    0.0051   17.2   0.0   1   1   2.4e-05    0.0061   17.0   0.0    42    84    35    77    14    78 0.91 # 36700 # 36936 # 1 # ID=36_44;partial=00;start_type=ATG;rbs_motif=GGAG/GAGG;rbs_spacer=5-10bp;gc_cont=0.409
NODE_204_length_18386_cov_11.660113_3   -            122 105095at2157         -            107    0.0057   17.1   0.8   1   1   3.2e-05    0.0081   16.6   0.6    42    81     3    42     1    63 0.80 # 4340 # 4705 # -1 # ID=204_3;partial=00;start_type=ATG;rbs_motif=GGA/GAG/AGG;rbs_spacer=5-10bp;gc_cont=0.235
NODE_2472_length_603_cov_1.720532_1     -             96 105095at2157         -            107    0.0067   16.8   0.2   1   1     3e-05    0.0077   16.6   0.2    22    93    16    90     6    94 0.80 # 3 # 290 # 1 # ID=2472_1;partial=10;start_type=Edge;rbs_motif=None;rbs_spacer=None;gc_cont=0.264
NODE_2018_length_925_cov_69.073113_1    -             98 105095at2157         -            107    0.0074   16.7   0.0   1   1   7.6e-05     0.019   15.4   0.0    39    81     6    48     1    60 0.90 # 630 # 923 # 1 # ID=2018_1;partial=01;start_type=ATG;rbs_motif=AGxAGG/AGGxGG;rbs_spacer=5-10bp;gc_cont=0.384
NODE_140_length_22907_cov_98.809286_14  -             68 105095at2157         -            107    0.0074   16.7   0.2   1   1     3e-05    0.0077   16.6   0.2    39    95     7    63     2    67 0.90 # 10214 # 10417 # 1 # ID=140_14;partial=00;start_type=ATG;rbs_motif=AGGAG;rbs_spacer=5-10bp;gc_cont=0.412
NODE_733_length_5886_cov_6.266139_4     -             95 105095at2157         -            107    0.0077   16.6   0.1   1   2       3.1   7.8e+02    0.5   0.0    54    80     3    29     1    36 0.76 # 1300 # 1584 # 1 # ID=733_4;partial=00;start_type=ATG;rbs_motif=GGA/GAG/AGG;rbs_spacer=5-10bp;gc_cont=0.340
NODE_733_length_5886_cov_6.266139_4     -             95 105095at2157         -            107    0.0077   16.6   0.1   2   2   0.00016      0.04   14.3   0.0    43    79    38    74    33    86 0.90 # 1300 # 1584 # 1 # ID=733_4;partial=00;start_type=ATG;rbs_motif=GGA/GAG/AGG;rbs_spacer=5-10bp;gc_cont=0.340
NODE_1198_length_2624_cov_69.737731_2   -             74 105095at2157         -            107    0.0081   16.6   0.1   1   1   3.5e-05     0.009   16.4   0.1     5    56    18    71    15    73 0.70 # 644 # 865 # -1 # ID=1198_2;partial=00;start_type=ATG;rbs_motif=GGA/GAG/AGG;rbs_spacer=11-12bp;gc_cont=0.446
NODE_1321_length_2218_cov_126.705278_2  -            175 105095at2157         -            107    0.0084   16.5   0.4   1   1   0.00015     0.037   14.4   0.0    36    91    11    66     3    70 0.88 # 683 # 1207 # -1 # ID=1321_2;partial=00;start_type=ATG;rbs_motif=GGAG/GAGG;rbs_spacer=5-10bp;gc_cont=0.343
NODE_197_length_19066_cov_95.494865_17  -            170 105095at2157         -            107    0.0091   16.4   0.1   1   2    0.0002     0.052   14.0   0.0    38    91     6    59     3    64 0.90 # 17939 # 18448 # -1 # ID=197_17;partial=00;start_type=ATG;rbs_motif=GGAG/GAGG;rbs_spacer=5-10bp;gc_cont=0.386
NODE_197_length_19066_cov_95.494865_17  -            170 105095at2157         -            107    0.0091   16.4   0.1   2   2       4.1     1e+03    0.1   0.1    59   104   103   148    75   151 0.71 # 17939 # 18448 # -1 # ID=197_17;partial=00;start_type=ATG;rbs_motif=GGAG/GAGG;rbs_spacer=5-10bp;gc_cont=0.386
NODE_136_length_23326_cov_112.483806_6  -            179 105095at2157         -            107    0.0098   16.3   0.0   1   1   0.00015     0.039   14.4   0.0    35    91    11    67     4    72 0.91 # 4595 # 5131 # 1 # ID=136_6;partial=00;start_type=ATG;rbs_motif=GGAGG;rbs_spacer=5-10bp;gc_cont=0.380
NODE_2172_length_780_cov_82.963016_1    -            105 105095at2157         -            107    0.0099   16.3   0.1   1   1     8e-05      0.02   15.3   0.0    36    85     4    53     2    63 0.88 # 2 # 316 # -1 # ID=2172_1;partial=10;start_type=ATG;rbs_motif=None;rbs_spacer=None;gc_cont=0.359
NODE_1583_length_1566_cov_77.811954_2   -            174 105095at2157         -            107      0.01   16.2   0.2   1   1   0.00018     0.046   14.1   0.0    36    92     9    65     3    70 0.91 # 1023 # 1544 # 1 # ID=1583_2;partial=00;start_type=ATG;rbs_motif=GGA/GAG/AGG;rbs_spacer=5-10bp;gc_cont=0.352
NODE_59_length_33340_cov_59.727114_27   -            145 105095at2157         -            107     0.012   16.1   0.2   1   1   8.1e-05     0.021   15.3   0.2    40    91    17    68     1    83 0.87 # 22970 # 23404 # 1 # ID=59_27;partial=00;start_type=ATG;rbs_motif=GGAG/GAGG;rbs_spacer=5-10bp;gc_cont=0.370
NODE_2161_length_788_cov_123.330520_1   -             76 105095at2157         -            107     0.012   16.0   0.0   1   1   5.6e-05     0.014   15.8   0.0    36    90     7    61     3    65 0.88 # 560 # 787 # 1 # ID=2161_1;partial=01;start_type=ATG;rbs_motif=GGA/GAG/AGG;rbs_spacer=5-10bp;gc_cont=0.364
NODE_1970_length_977_cov_88.052222_1    -            103 105095at2157         -            107     0.012   16.0   0.0   1   1   7.1e-05     0.018   15.4   0.0    36    81     4    49     2    62 0.87 # 1 # 309 # -1 # ID=1970_1;partial=10;start_type=ATG;rbs_motif=GGA/GAG/AGG;rbs_spacer=5-10bp;gc_cont=0.414
NODE_1064_length_3227_cov_147.254286_2  -            173 105095at2157         -            107     0.017   15.6   0.4   1   2   0.00055      0.14   12.6   0.0    38    91     6    59     2    64 0.88 # 646 # 1164 # 1 # ID=1064_2;partial=00;start_type=ATG;rbs_motif=AGGAG;rbs_spacer=5-10bp;gc_cont=0.353
NODE_1064_length_3227_cov_147.254286_2  -            173 105095at2157         -            107     0.017   15.6   0.4   2   2       2.4   6.1e+02    0.9   0.3    59   104   103   148    74   151 0.74 # 646 # 1164 # 1 # ID=1064_2;partial=00;start_type=ATG;rbs_motif=AGGAG;rbs_spacer=5-10bp;gc_cont=0.353
NODE_621_length_7199_cov_5.758074_7     -             67 105095at2157         -            107     0.019   15.3   1.3   1   1     9e-05     0.023   15.1   1.3     5    39    18    54    11    65 0.82 # 3786 # 3986 # -1 # ID=621_7;partial=00;start_type=ATG;rbs_motif=AGGA;rbs_spacer=5-10bp;gc_cont=0.353
NODE_3217_length_409_cov_1.816265_2     -             56 105095at2157         -            107     0.021   15.2   0.1   1   1   8.9e-05     0.023   15.1   0.1    39    80     6    47     2    55 0.91 # 241 # 408 # 1 # ID=3217_2;partial=01;start_type=ATG;rbs_motif=GGAG/GAGG;rbs_spacer=5-10bp;gc_cont=0.351
NODE_1349_length_2128_cov_93.637738_3   -            153 105095at2157         -            107     0.022   15.2   0.1   1   1   0.00018     0.047   14.1   0.0    40    93     4    57     2    67 0.88 # 1599 # 2057 # 1 # ID=1349_3;partial=00;start_type=ATG;rbs_motif=GGAG/GAGG;rbs_spacer=5-10bp;gc_cont=0.364
NODE_1861_length_1121_cov_170.000000_1  -            163 105095at2157         -            107     0.024   15.1   0.2   1   1   0.00029     0.074   13.5   0.0    36    91     4    59     1    63 0.91 # 80 # 568 # -1 # ID=1861_1;partial=00;start_type=ATG;rbs_motif=None;rbs_spacer=None;gc_cont=0.358
NODE_294_length_14745_cov_62.935983_10  -            171 105095at2157         -            107     0.025   15.0   0.1   1   1   0.00032      0.08   13.4   0.0    40    91    10    61     5    65 0.86 # 12686 # 13198 # -1 # ID=294_10;partial=00;start_type=ATG;rbs_motif=GGAG/GAGG;rbs_spacer=5-10bp;gc_cont=0.366
NODE_92_length_27478_cov_92.886026_25   -            143 105095at2157         -            107      0.03   14.7   0.0   1   1   0.00023     0.059   13.8   0.0    38    71    82   115    71   134 0.85 # 17703 # 18131 # 1 # ID=92_25;partial=00;start_type=ATG;rbs_motif=AGGAG;rbs_spacer=5-10bp;gc_cont=0.459
NODE_226_length_17126_cov_146.036835_1  -            158 105095at2157         -            107     0.039   14.4   0.0   1   1   0.00038     0.097   13.1   0.0    32    92     4    64     1    67 0.91 # 468 # 941 # 1 # ID=226_1;partial=00;start_type=ATG;rbs_motif=GGA/GAG/AGG;rbs_spacer=5-10bp;gc_cont=0.352
NODE_118_length_25206_cov_95.437622_2   -             79 105095at2157         -            107      0.04   14.4   0.0   1   1   0.00017     0.044   14.2   0.0    40    93    20    74     8    77 0.90 # 1520 # 1756 # 1 # ID=118_2;partial=00;start_type=GTG;rbs_motif=None;rbs_spacer=None;gc_cont=0.384
NODE_1078_length_3134_cov_88.664050_3   -            148 105095at2157         -            107     0.041   14.3   0.0   1   1   0.00036     0.091   13.2   0.0    37    90     5    58     2    65 0.87 # 2412 # 2855 # -1 # ID=1078_3;partial=00;start_type=ATG;rbs_motif=GGA/GAG/AGG;rbs_spacer=5-10bp;gc_cont=0.372
NODE_481_length_9628_cov_106.175165_6   -            127 105095at2157         -            107     0.041   14.3   0.4   1   1   0.00027     0.068   13.6   0.3    41    91    67   118    56   122 0.88 # 3976 # 4356 # -1 # ID=481_6;partial=00;start_type=ATG;rbs_motif=GGAG/GAGG;rbs_spacer=5-10bp;gc_cont=0.339
NODE_1322_length_2215_cov_128.968195_1  -            144 105095at2157         -            107     0.043   14.2   0.2   1   2   0.00043      0.11   12.9   0.0    48    94     3    49     1    62 0.91 # 3 # 434 # -1 # ID=1322_1;partial=10;start_type=ATG;rbs_motif=GGA/GAG/AGG;rbs_spacer=5-10bp;gc_cont=0.338
NODE_1322_length_2215_cov_128.968195_1  -            144 105095at2157         -            107     0.043   14.2   0.2   2   2       8.3   2.1e+03   -0.8   0.0    67    67    98    98    60   136 0.56 # 3 # 434 # -1 # ID=1322_1;partial=10;start_type=ATG;rbs_motif=GGA/GAG/AGG;rbs_spacer=5-10bp;gc_cont=0.338
NODE_536_length_8574_cov_157.070025_2   -            143 105095at2157         -            107     0.046   14.1   0.1   1   1   0.00037     0.094   13.1   0.1    38    71    82   115    71   135 0.85 # 4429 # 4857 # -1 # ID=536_2;partial=00;start_type=ATG;rbs_motif=AGGAG;rbs_spacer=5-10bp;gc_cont=0.469
NODE_1529_length_1661_cov_146.818813_2  -            169 105095at2157         -            107      0.05   14.0   0.2   1   2   0.00099      0.25   11.8   0.0    37    82     5    50     2    61 0.88 # 915 # 1421 # 1 # ID=1529_2;partial=00;start_type=ATG;rbs_motif=None;rbs_spacer=None;gc_cont=0.363
NODE_1529_length_1661_cov_146.818813_2  -            169 105095at2157         -            107      0.05   14.0   0.2   2   2       5.2   1.3e+03   -0.2   0.2    63    72   119   128    76   155 0.67 # 915 # 1421 # 1 # ID=1529_2;partial=00;start_type=ATG;rbs_motif=None;rbs_spacer=None;gc_cont=0.363
NODE_156_length_21241_cov_110.021026_3  -            519 105095at2157         -            107     0.052   14.0   0.0   1   1   0.00041       0.1   13.0   0.0    40    74    95   129    82   146 0.92 # 2569 # 4125 # -1 # ID=156_3;partial=00;start_type=ATG;rbs_motif=GGA/GAG/AGG;rbs_spacer=5-10bp;gc_cont=0.500
NODE_136_length_23326_cov_112.483806_3  -            152 105095at2157         -            107     0.059   13.8   0.0   1   1   0.00023     0.059   13.8   0.0    35    91     3    59     1    63 0.91 # 1800 # 2255 # 1 # ID=136_3;partial=00;start_type=ATG;rbs_motif=None;rbs_spacer=None;gc_cont=0.355
NODE_156_length_21241_cov_110.021026_2  -            385 105095at2157         -            107     0.065   13.7   0.1   1   1   0.00077      0.19   12.1   0.1    34    75    95   136    85   146 0.88 # 1208 # 2362 # -1 # ID=156_2;partial=00;start_type=ATG;rbs_motif=GGAG/GAGG;rbs_spacer=5-10bp;gc_cont=0.463
NODE_2203_length_757_cov_114.255882_1   -             82 105095at2157         -            107     0.067   13.6   0.0   1   1   0.00038     0.096   13.1   0.0    36    91     4    59     2    64 0.91 # 510 # 755 # 1 # ID=2203_1;partial=01;start_type=ATG;rbs_motif=GGAG/GAGG;rbs_spacer=5-10bp;gc_cont=0.362
NODE_137_length_23211_cov_81.187430_3   -             90 105095at2157         -            107     0.068   13.6   1.6   1   1   0.00032     0.082   13.3   1.5     2    37     5    43     4    77 0.84 # 987 # 1256 # 1 # ID=137_3;partial=00;start_type=ATG;rbs_motif=GGAG/GAGG;rbs_spacer=5-10bp;gc_cont=0.378
NODE_580_length_7815_cov_77.465883_4    -             93 105095at2157         -            107     0.074   13.5   0.0   1   1   0.00041       0.1   13.0   0.0    43    80    35    72    31    82 0.91 # 2257 # 2535 # 1 # ID=580_4;partial=00;start_type=ATG;rbs_motif=GGA/GAG/AGG;rbs_spacer=5-10bp;gc_cont=0.434
NODE_899_length_4443_cov_137.122538_3   -            100 105095at2157         -            107     0.074   13.5   0.0   1   1   0.00033     0.083   13.3   0.0    45    82    36    73     7    82 0.90 # 1664 # 1963 # 1 # ID=899_3;partial=00;start_type=ATG;rbs_motif=None;rbs_spacer=None;gc_cont=0.427
NODE_2490_length_594_cov_208.044487_1   -            120 105095at2157         -            107     0.082   13.3   0.2   1   1   0.00073      0.19   12.2   0.2    40    79    55    94     2   115 0.88 # 3 # 362 # 1 # ID=2490_1;partial=10;start_type=Edge;rbs_motif=None;rbs_spacer=None;gc_cont=0.422
NODE_90_length_27838_cov_67.859731_16   -            170 105095at2157         -            107     0.086   13.3   0.5   1   3    0.0018      0.45   11.0   0.0    36    83     4    51     2    62 0.87 # 18869 # 19378 # 1 # ID=90_16;partial=00;start_type=ATG;rbs_motif=None;rbs_spacer=None;gc_cont=0.341
NODE_90_length_27838_cov_67.859731_16   -            170 105095at2157         -            107     0.086   13.3   0.5   2   3         8     2e+03   -0.8   0.1    59    90    74   105    68   120 0.71 # 18869 # 19378 # 1 # ID=90_16;partial=00;start_type=ATG;rbs_motif=None;rbs_spacer=None;gc_cont=0.341
NODE_90_length_27838_cov_67.859731_16   -            170 105095at2157         -            107     0.086   13.3   0.5   3   3       9.9   2.5e+03   -1.1   0.0    80   103   124   147    85   151 0.63 # 18869 # 19378 # 1 # ID=90_16;partial=00;start_type=ATG;rbs_motif=None;rbs_spacer=None;gc_cont=0.341
NODE_1791_length_1206_cov_226.906112_2  -            218 105095at2157         -            107     0.088   13.2   0.0   1   1   0.00074      0.19   12.2   0.0    40    87     6    54     2    61 0.81 # 537 # 1190 # 1 # ID=1791_2;partial=00;start_type=ATG;rbs_motif=None;rbs_spacer=None;gc_cont=0.356
NODE_2056_length_887_cov_147.766667_1   -            133 105095at2157         -            107      0.09   13.2   0.0   1   1    0.0006      0.15   12.5   0.0    36    91    12    67     2    72 0.87 # 488 # 886 # 1 # ID=2056_1;partial=01;start_type=ATG;rbs_motif=GGAG/GAGG;rbs_spacer=5-10bp;gc_cont=0.346
NODE_1927_length_1040_cov_103.282451_1  -            158 105095at2157         -            107     0.092   13.2   0.1   1   2    0.0018      0.47   10.9   0.0    36    91     4    59     2    65 0.89 # 3 # 476 # -1 # ID=1927_1;partial=10;start_type=ATG;rbs_motif=GGA/GAG/AGG;rbs_spacer=5-10bp;gc_cont=0.365
NODE_1927_length_1040_cov_103.282451_1  -            158 105095at2157         -            107     0.092   13.2   0.1   2   2        10   2.5e+03   -1.1   0.1    32    52   120   140   112   150 0.64 # 3 # 476 # -1 # ID=1927_1;partial=10;start_type=ATG;rbs_motif=GGA/GAG/AGG;rbs_spacer=5-10bp;gc_cont=0.365
NODE_345_length_12810_cov_111.362994_10 -            103 105095at2157         -            107       0.1   13.0   0.0   1   1   0.00055      0.14   12.6   0.0    42    81    44    83    29    93 0.90 # 9890 # 10198 # -1 # ID=345_10;partial=00;start_type=ATG;rbs_motif=GGAG/GAGG;rbs_spacer=5-10bp;gc_cont=0.447
NODE_2231_length_732_cov_117.627481_1   -            103 105095at2157         -            107      0.11   13.0   0.0   1   2       5.9   1.5e+03   -0.4   0.0    50    78     4    31     1    37 0.55 # 75 # 383 # -1 # ID=2231_1;partial=00;start_type=ATG;rbs_motif=GGA/GAG/AGG;rbs_spacer=5-10bp;gc_cont=0.408
NODE_2231_length_732_cov_117.627481_1   -            103 105095at2157         -            107      0.11   13.0   0.0   2   2    0.0014      0.35   11.3   0.0    40    76    39    75    31    89 0.87 # 75 # 383 # -1 # ID=2231_1;partial=00;start_type=ATG;rbs_motif=GGA/GAG/AGG;rbs_spacer=5-10bp;gc_cont=0.408
NODE_397_length_11363_cov_53.542265_6   -            210 105095at2157         -            107      0.11   12.9   0.6   1   1   0.00097      0.25   11.8   0.0    47    93    46    92    43   102 0.89 # 7403 # 8032 # 1 # ID=397_6;partial=00;start_type=TTG;rbs_motif=None;rbs_spacer=None;gc_cont=0.411
NODE_786_length_5259_cov_129.800656_2   -            111 105095at2157         -            107      0.12   12.8   0.0   1   1   0.00059      0.15   12.5   0.0    39    91     5    57     1    64 0.90 # 513 # 845 # 1 # ID=786_2;partial=00;start_type=ATG;rbs_motif=GGAG/GAGG;rbs_spacer=5-10bp;gc_cont=0.348
NODE_269_length_15480_cov_175.815685_12 -            206 105095at2157         -            107      0.13   12.7   0.1   1   1    0.0012      0.31   11.5   0.1    40    92     6    58     2    64 0.91 # 8345 # 8962 # -1 # ID=269_12;partial=00;start_type=ATG;rbs_motif=GGAG/GAGG;rbs_spacer=5-10bp;gc_cont=0.353
NODE_318_length_13849_cov_60.417223_9   -            137 105095at2157         -            107      0.14   12.6   0.0   1   1   0.00095      0.24   11.8   0.0    48    94    85   131    81   135 0.91 # 11310 # 11720 # 1 # ID=318_9;partial=00;start_type=ATG;rbs_motif=None;rbs_spacer=None;gc_cont=0.406
NODE_28_length_45555_cov_104.256827_31  -            200 105095at2157         -            107      0.14   12.6   0.1   1   1    0.0018      0.47   10.9   0.0    40    79    72   111    34   136 0.90 # 37461 # 38060 # -1 # ID=28_31;partial=00;start_type=ATG;rbs_motif=GGAG/GAGG;rbs_spacer=5-10bp;gc_cont=0.413
NODE_511_length_9060_cov_66.794835_2    -            140 105095at2157         -            107      0.14   12.6   0.0   1   1   0.00082      0.21   12.0   0.0    42    88    77   124    42   135 0.87 # 285 # 704 # 1 # ID=511_2;partial=00;start_type=ATG;rbs_motif=AGGAG;rbs_spacer=5-10bp;gc_cont=0.393
NODE_599_length_7456_cov_6.361702_1     -             36 105095at2157         -            107      0.15   12.5   0.4   1   1   0.00062      0.16   12.4   0.4     2    31     7    34     6    36 0.82 # 1 # 108 # -1 # ID=599_1;partial=10;start_type=ATG;rbs_motif=AGGA;rbs_spacer=5-10bp;gc_cont=0.435
NODE_323_length_13694_cov_5.933245_14   -            547 105095at2157         -            107       0.2   12.1   2.3   1   1    0.0018      0.45   11.0   0.2    48    93   152   197   148   204 0.86 # 9835 # 11475 # 1 # ID=323_14;partial=00;start_type=ATG;rbs_motif=AGGAG;rbs_spacer=5-10bp;gc_cont=0.327
NODE_366_length_11960_cov_74.184718_3   -            758 105095at2157         -            107       2.4    8.6   4.6   1   1    0.0054       1.4    9.4   0.1    31    64   152   185   139   202 0.86 # 2050 # 4323 # 1 # ID=366_3;partial=00;start_type=ATG;rbs_motif=None;rbs_spacer=None;gc_cont=0.409
#
# Program:         hmmsearch
# Version:         3.1b2 (February 2015)
# Pipeline mode:   SEARCH
# Query file:      /home/mira/Bacteria2022/Thiomargarita_magnifica/qc_assembly/busco_results/busco_downloads/lineages/archaea_odb10/hmms/105095at2157.hmm
# Target file:     /home/mira/Bacteria2022/Thiomargarita_magnifica/qc_assembly/busco_results/busco_results/prodigal_output/predicted_genes/predicted.faa
# Option settings: hmmsearch --domtblout /home/mira/Bacteria2022/Thiomargarita_magnifica/qc_assembly/busco_results/busco_results/auto_lineage/run_archaea_odb10/hmmer_output/105095at2157.out --cpu 1 /home/mira/Bacteria2022/Thiomargarita_magnifica/qc_assembly/busco_results/busco_downloads/lineages/archaea_odb10/hmms/105095at2157.hmm /home/mira/Bacteria2022/Thiomargarita_magnifica/qc_assembly/busco_results/busco_results/prodigal_output/predicted_genes/predicted.faa 
# Current dir:     /home/mira/Bacteria2022/Thiomargarita_magnifica/qc_assembly/busco_results
# Date:            Tue Jul 12 12:51:47 2022
# [ok]
