#                                                                                               --- full sequence --- -------------- this domain -------------   hmm coord   ali coord   env coord
# target name                           accession   tlen query name           accession   qlen   E-value  score  bias   #  of  c-Evalue  i-Evalue  score  bias  from    to  from    to  from    to  acc description of target
#                   ------------------- ---------- ----- -------------------- ---------- ----- --------- ------ ----- --- --- --------- --------- ------ ----- ----- ----- ----- ----- ----- ----- ---- ---------------------
NODE_450_length_10121_cov_7.094883_5    -            806 111803at2157         -            210   1.5e-08   34.6   1.7   1   2   1.1e-10     2e-07   30.9   0.5     5    89     7    87     4    94 0.84 # 5290 # 7707 # 1 # ID=450_5;partial=00;start_type=ATG;rbs_motif=None;rbs_spacer=None;gc_cont=0.304
NODE_450_length_10121_cov_7.094883_5    -            806 111803at2157         -            210   1.5e-08   34.6   1.7   2   2      0.11     2e+02    1.5   0.0    86   117   132   163   113   185 0.74 # 5290 # 7707 # 1 # ID=450_5;partial=00;start_type=ATG;rbs_motif=None;rbs_spacer=None;gc_cont=0.304
NODE_467_length_9925_cov_9.527112_1     -            241 111803at2157         -            210   1.1e-07   31.7   0.1   1   2      0.45     8e+02   -0.4   0.0     1    20     1    20     1    30 0.67 # 88 # 810 # -1 # ID=467_1;partial=00;start_type=ATG;rbs_motif=AGGA;rbs_spacer=5-10bp;gc_cont=0.293
NODE_467_length_9925_cov_9.527112_1     -            241 111803at2157         -            210   1.1e-07   31.7   0.1   2   2   4.6e-10   8.2e-07   28.9   0.1    25   206    45   219    35   221 0.85 # 88 # 810 # -1 # ID=467_1;partial=00;start_type=ATG;rbs_motif=AGGA;rbs_spacer=5-10bp;gc_cont=0.293
NODE_42_length_40656_cov_62.670248_3    -            303 111803at2157         -            210   1.3e-06   28.2   0.3   1   3   5.1e-06     0.009   15.7   0.1    25    91    40   107    23   112 0.70 # 1741 # 2649 # -1 # ID=42_3;partial=00;start_type=ATG;rbs_motif=None;rbs_spacer=None;gc_cont=0.400
NODE_42_length_40656_cov_62.670248_3    -            303 111803at2157         -            210   1.3e-06   28.2   0.3   2   3       2.1   3.8e+03   -2.6   0.0    66    81   195   210   194   214 0.86 # 1741 # 2649 # -1 # ID=42_3;partial=00;start_type=ATG;rbs_motif=None;rbs_spacer=None;gc_cont=0.400
NODE_42_length_40656_cov_62.670248_3    -            303 111803at2157         -            210   1.3e-06   28.2   0.3   3   3   0.00037      0.66    9.6   0.0   167   209   214   264   212   265 0.80 # 1741 # 2649 # -1 # ID=42_3;partial=00;start_type=ATG;rbs_motif=None;rbs_spacer=None;gc_cont=0.400
NODE_171_length_20477_cov_151.463775_11 -            255 111803at2157         -            210   2.4e-06   27.4   0.1   1   2   1.2e-08   2.1e-05   24.3   0.0     2    66     9    77     8    87 0.79 # 13785 # 14549 # -1 # ID=171_11;partial=00;start_type=ATG;rbs_motif=GGA/GAG/AGG;rbs_spacer=5-10bp;gc_cont=0.399
NODE_171_length_20477_cov_151.463775_11 -            255 111803at2157         -            210   2.4e-06   27.4   0.1   2   2      0.18   3.1e+02    0.9   0.0   167   205   175   218   155   222 0.75 # 13785 # 14549 # -1 # ID=171_11;partial=00;start_type=ATG;rbs_motif=GGA/GAG/AGG;rbs_spacer=5-10bp;gc_cont=0.399
NODE_12_length_57774_cov_97.654800_38   -            345 111803at2157         -            210     0.012   15.3   0.0   1   1   1.2e-05     0.022   14.5   0.0    28    73    79   127    73   133 0.82 # 40166 # 41200 # -1 # ID=12_38;partial=00;start_type=ATG;rbs_motif=GGAG/GAGG;rbs_spacer=5-10bp;gc_cont=0.406
NODE_132_length_23588_cov_69.856663_22  -            213 111803at2157         -            210     0.037   13.7   0.1   1   1   3.7e-05     0.067   12.9   0.1    43    69    50    76    45    86 0.88 # 17830 # 18468 # 1 # ID=132_22;partial=00;start_type=ATG;rbs_motif=GGA/GAG/AGG;rbs_spacer=5-10bp;gc_cont=0.446
NODE_2796_length_490_cov_138.278450_1   -             68 111803at2157         -            210     0.075   12.7   0.2   1   1   4.9e-05     0.088   12.5   0.2    48    69    27    48    19    55 0.90 # 1 # 204 # 1 # ID=2796_1;partial=10;start_type=Edge;rbs_motif=None;rbs_spacer=None;gc_cont=0.436
NODE_572_length_7980_cov_113.050108_2   -            375 111803at2157         -            210     0.076   12.7   0.0   1   2   0.00013      0.23   11.1   0.0    46    70    52    76    42    79 0.85 # 470 # 1594 # -1 # ID=572_2;partial=00;start_type=TTG;rbs_motif=GGAG/GAGG;rbs_spacer=5-10bp;gc_cont=0.445
NODE_572_length_7980_cov_113.050108_2   -            375 111803at2157         -            210     0.076   12.7   0.0   2   2       2.3   4.1e+03   -2.8   0.0    67    67   148   148   127   195 0.42 # 470 # 1594 # -1 # ID=572_2;partial=00;start_type=TTG;rbs_motif=GGAG/GAGG;rbs_spacer=5-10bp;gc_cont=0.445
NODE_570_length_8013_cov_4.558972_1     -            658 111803at2157         -            210       0.1   12.3   0.7   1   1   0.00011       0.2   11.3   0.7    94   140   556   602   534   635 0.84 # 536 # 2509 # 1 # ID=570_1;partial=00;start_type=ATG;rbs_motif=None;rbs_spacer=None;gc_cont=0.336
NODE_447_length_10170_cov_89.838898_3   -            130 111803at2157         -            210      0.11   12.1   0.1   1   1   9.8e-05      0.17   11.5   0.1    53    71    27    45    21    49 0.90 # 1852 # 2241 # -1 # ID=447_3;partial=00;start_type=ATG;rbs_motif=AGGAG;rbs_spacer=5-10bp;gc_cont=0.428
NODE_78_length_29066_cov_109.256994_10  -            460 111803at2157         -            210      0.16   11.6   0.0   1   2   0.00049      0.87    9.2   0.0    48    69    60    81    53   153 0.84 # 6540 # 7919 # -1 # ID=78_10;partial=00;start_type=ATG;rbs_motif=None;rbs_spacer=None;gc_cont=0.452
NODE_78_length_29066_cov_109.256994_10  -            460 111803at2157         -            210      0.16   11.6   0.0   2   2      0.73   1.3e+03   -1.1   0.0   169   194   199   224   194   228 0.88 # 6540 # 7919 # -1 # ID=78_10;partial=00;start_type=ATG;rbs_motif=None;rbs_spacer=None;gc_cont=0.452
NODE_78_length_29066_cov_109.256994_1   -            460 111803at2157         -            210      0.18   11.4   0.0   1   2   0.00061       1.1    8.9   0.0    48    69    60    81    54   149 0.92 # 25 # 1404 # -1 # ID=78_1;partial=00;start_type=ATG;rbs_motif=None;rbs_spacer=None;gc_cont=0.441
NODE_78_length_29066_cov_109.256994_1   -            460 111803at2157         -            210      0.18   11.4   0.0   2   2      0.58     1e+03   -0.8   0.0   169   194   199   224   194   228 0.88 # 25 # 1404 # -1 # ID=78_1;partial=00;start_type=ATG;rbs_motif=None;rbs_spacer=None;gc_cont=0.441
#
# Program:         hmmsearch
# Version:         3.1b2 (February 2015)
# Pipeline mode:   SEARCH
# Query file:      /home/mira/Bacteria2022/Thiomargarita_magnifica/qc_assembly/busco_results/busco_downloads/lineages/archaea_odb10/hmms/111803at2157.hmm
# Target file:     /home/mira/Bacteria2022/Thiomargarita_magnifica/qc_assembly/busco_results/busco_results/prodigal_output/predicted_genes/predicted.faa
# Option settings: hmmsearch --domtblout /home/mira/Bacteria2022/Thiomargarita_magnifica/qc_assembly/busco_results/busco_results/auto_lineage/run_archaea_odb10/hmmer_output/111803at2157.out --cpu 1 /home/mira/Bacteria2022/Thiomargarita_magnifica/qc_assembly/busco_results/busco_downloads/lineages/archaea_odb10/hmms/111803at2157.hmm /home/mira/Bacteria2022/Thiomargarita_magnifica/qc_assembly/busco_results/busco_results/prodigal_output/predicted_genes/predicted.faa 
# Current dir:     /home/mira/Bacteria2022/Thiomargarita_magnifica/qc_assembly/busco_results
# Date:            Tue Jul 12 12:51:47 2022
# [ok]
