#                                                                                              --- full sequence --- -------------- this domain -------------   hmm coord   ali coord   env coord
# target name                          accession   tlen query name           accession   qlen   E-value  score  bias   #  of  c-Evalue  i-Evalue  score  bias  from    to  from    to  from    to  acc description of target
#                  ------------------- ---------- ----- -------------------- ---------- ----- --------- ------ ----- --- --- --------- --------- ------ ----- ----- ----- ----- ----- ----- ----- ---- ---------------------
NODE_24_length_49346_cov_105.417301_37 -            449 115808at2157         -            300   2.4e-16   59.9   3.6   1   4   1.5e-06    0.0011   18.3   0.0     3    33    14    44    12    46 0.95 # 34284 # 35630 # 1 # ID=24_37;partial=00;start_type=ATG;rbs_motif=None;rbs_spacer=None;gc_cont=0.448
NODE_24_length_49346_cov_105.417301_37 -            449 115808at2157         -            300   2.4e-16   59.9   3.6   2   4     1e-08   7.7e-06   25.4   0.1    62   154    95   198    78   204 0.85 # 34284 # 35630 # 1 # ID=24_37;partial=00;start_type=ATG;rbs_motif=None;rbs_spacer=None;gc_cont=0.448
NODE_24_length_49346_cov_105.417301_37 -            449 115808at2157         -            300   2.4e-16   59.9   3.6   3   4       1.5   1.2e+03   -1.5   0.1   164   186   224   247   218   255 0.73 # 34284 # 35630 # 1 # ID=24_37;partial=00;start_type=ATG;rbs_motif=None;rbs_spacer=None;gc_cont=0.448
NODE_24_length_49346_cov_105.417301_37 -            449 115808at2157         -            300   2.4e-16   59.9   3.6   4   4   1.6e-05     0.012   14.9   0.0   204   252   290   337   264   365 0.80 # 34284 # 35630 # 1 # ID=24_37;partial=00;start_type=ATG;rbs_motif=None;rbs_spacer=None;gc_cont=0.448
NODE_384_length_11609_cov_91.210978_6  -            402 115808at2157         -            300     1e-10   41.4   0.1   1   3   8.5e-05     0.065   12.5   0.0     2    33     1    32     1    34 0.96 # 5362 # 6567 # 1 # ID=384_6;partial=00;start_type=ATG;rbs_motif=None;rbs_spacer=None;gc_cont=0.473
NODE_384_length_11609_cov_91.210978_6  -            402 115808at2157         -            300     1e-10   41.4   0.1   2   3   2.3e-05     0.018   14.3   0.0    79   150   103   183   100   194 0.81 # 5362 # 6567 # 1 # ID=384_6;partial=00;start_type=ATG;rbs_motif=None;rbs_spacer=None;gc_cont=0.473
NODE_384_length_11609_cov_91.210978_6  -            402 115808at2157         -            300     1e-10   41.4   0.1   3   3   0.00025      0.19   11.0   0.0   208   247   277   316   265   321 0.91 # 5362 # 6567 # 1 # ID=384_6;partial=00;start_type=ATG;rbs_motif=None;rbs_spacer=None;gc_cont=0.473
NODE_303_length_14427_cov_73.333798_4  -            404 115808at2157         -            300     1e-10   41.4   0.0   1   3   0.00074      0.57    9.4   0.0     3    34     6    37     4    40 0.93 # 4556 # 5767 # 1 # ID=303_4;partial=00;start_type=ATG;rbs_motif=AGGA;rbs_spacer=5-10bp;gc_cont=0.486
NODE_303_length_14427_cov_73.333798_4  -            404 115808at2157         -            300     1e-10   41.4   0.0   2   3   3.5e-05     0.027   13.8   0.0   105   154   134   188    98   194 0.78 # 4556 # 5767 # 1 # ID=303_4;partial=00;start_type=ATG;rbs_motif=AGGA;rbs_spacer=5-10bp;gc_cont=0.486
NODE_303_length_14427_cov_73.333798_4  -            404 115808at2157         -            300     1e-10   41.4   0.0   3   3   1.8e-05     0.014   14.7   0.0   198   247   266   317   247   339 0.81 # 4556 # 5767 # 1 # ID=303_4;partial=00;start_type=ATG;rbs_motif=AGGA;rbs_spacer=5-10bp;gc_cont=0.486
NODE_519_length_8838_cov_67.708823_4   -            481 115808at2157         -            300   2.9e-05   23.5   0.0   1   2   1.6e-07   0.00012   21.5   0.0     4    33   145   174   142   180 0.93 # 6675 # 8117 # 1 # ID=519_4;partial=00;start_type=ATG;rbs_motif=AGGA;rbs_spacer=5-10bp;gc_cont=0.484
NODE_519_length_8838_cov_67.708823_4   -            481 115808at2157         -            300   2.9e-05   23.5   0.0   2   2       1.6   1.3e+03   -1.6   0.0   114   137   384   411   363   416 0.75 # 6675 # 8117 # 1 # ID=519_4;partial=00;start_type=ATG;rbs_motif=AGGA;rbs_spacer=5-10bp;gc_cont=0.484
NODE_42_length_40656_cov_62.670248_35  -            712 115808at2157         -            300   3.5e-05   23.2   0.2   1   2   2.4e-06    0.0019   17.6   0.1     4   131   239   374   236   392 0.75 # 36212 # 38347 # 1 # ID=42_35;partial=00;start_type=ATG;rbs_motif=None;rbs_spacer=None;gc_cont=0.439
NODE_42_length_40656_cov_62.670248_35  -            712 115808at2157         -            300   3.5e-05   23.2   0.2   2   2     0.047        36    3.5   0.0     5    31   405   431   402   435 0.90 # 36212 # 38347 # 1 # ID=42_35;partial=00;start_type=ATG;rbs_motif=None;rbs_spacer=None;gc_cont=0.439
NODE_204_length_18386_cov_11.660113_10 -            405 115808at2157         -            300   5.7e-05   22.5   0.1   1   2     2e-05     0.015   14.6   0.0     2    33     1    32     1    47 0.89 # 14959 # 16173 # 1 # ID=204_10;partial=00;start_type=ATG;rbs_motif=None;rbs_spacer=None;gc_cont=0.311
NODE_204_length_18386_cov_11.660113_10 -            405 115808at2157         -            300   5.7e-05   22.5   0.1   2   2      0.01         8    5.6   0.0    87   130   112   161   106   163 0.91 # 14959 # 16173 # 1 # ID=204_10;partial=00;start_type=ATG;rbs_motif=None;rbs_spacer=None;gc_cont=0.311
NODE_776_length_5326_cov_116.594589_4  -            322 115808at2157         -            300   9.5e-05   21.8   0.1   1   2   2.3e-05     0.017   14.4   0.0     2    33     1    32     1    34 0.95 # 1991 # 2956 # -1 # ID=776_4;partial=00;start_type=ATG;rbs_motif=GGA/GAG/AGG;rbs_spacer=5-10bp;gc_cont=0.454
NODE_776_length_5326_cov_116.594589_4  -            322 115808at2157         -            300   9.5e-05   21.8   0.1   2   2     0.014        10    5.3   0.0    89   123   158   190   150   275 0.78 # 1991 # 2956 # -1 # ID=776_4;partial=00;start_type=ATG;rbs_motif=GGA/GAG/AGG;rbs_spacer=5-10bp;gc_cont=0.454
NODE_45_length_39380_cov_109.475333_4  -            477 115808at2157         -            300   0.00013   21.4   0.0   1   2   5.8e-07   0.00044   19.6   0.0     4    33   145   174   142   180 0.93 # 7314 # 8744 # 1 # ID=45_4;partial=00;start_type=ATG;rbs_motif=AGGAG/GGAGG;rbs_spacer=11-12bp;gc_cont=0.484
NODE_45_length_39380_cov_109.475333_4  -            477 115808at2157         -            300   0.00013   21.4   0.0   2   2       2.6     2e+03   -2.2   0.0   114   137   382   409   362   414 0.75 # 7314 # 8744 # 1 # ID=45_4;partial=00;start_type=ATG;rbs_motif=AGGAG/GGAGG;rbs_spacer=11-12bp;gc_cont=0.484
NODE_153_length_21633_cov_70.921043_14 -            472 115808at2157         -            300   0.00023   20.5   2.2   1   4   1.2e-05     0.009   15.3   0.0     2    33     3    34     2    38 0.94 # 17476 # 18891 # 1 # ID=153_14;partial=00;start_type=ATG;rbs_motif=AGGA;rbs_spacer=5-10bp;gc_cont=0.476
NODE_153_length_21633_cov_70.921043_14 -            472 115808at2157         -            300   0.00023   20.5   2.2   2   4      0.12        92    2.1   0.0    97   131   118   152   107   156 0.87 # 17476 # 18891 # 1 # ID=153_14;partial=00;start_type=ATG;rbs_motif=AGGA;rbs_spacer=5-10bp;gc_cont=0.476
NODE_153_length_21633_cov_70.921043_14 -            472 115808at2157         -            300   0.00023   20.5   2.2   3   4       1.7   1.3e+03   -1.6   0.0     7    32   185   210   182   211 0.93 # 17476 # 18891 # 1 # ID=153_14;partial=00;start_type=ATG;rbs_motif=AGGA;rbs_spacer=5-10bp;gc_cont=0.476
NODE_153_length_21633_cov_70.921043_14 -            472 115808at2157         -            300   0.00023   20.5   2.2   4   4      0.75   5.8e+02   -0.5   0.0    93   115   230   259   219   282 0.71 # 17476 # 18891 # 1 # ID=153_14;partial=00;start_type=ATG;rbs_motif=AGGA;rbs_spacer=5-10bp;gc_cont=0.476
NODE_826_length_4884_cov_70.329727_4   -            592 115808at2157         -            300   0.00023   20.5   0.1   1   2   7.1e-07   0.00054   19.3   0.0     4    33   282   311   279   313 0.95 # 2116 # 3891 # -1 # ID=826_4;partial=00;start_type=ATG;rbs_motif=None;rbs_spacer=None;gc_cont=0.491
NODE_826_length_4884_cov_70.329727_4   -            592 115808at2157         -            300   0.00023   20.5   0.1   2   2       4.4   3.4e+03   -3.0   0.0     4    23   408   427   406   430 0.88 # 2116 # 3891 # -1 # ID=826_4;partial=00;start_type=ATG;rbs_motif=None;rbs_spacer=None;gc_cont=0.491
NODE_666_length_6674_cov_9.431863_9    -            573 115808at2157         -            300   0.00028   20.3   0.1   1   2     1e-06    0.0008   18.8   0.1     2    32     7    37     6    39 0.95 # 4935 # 6653 # -1 # ID=666_9;partial=00;start_type=ATG;rbs_motif=AGGA;rbs_spacer=5-10bp;gc_cont=0.366
NODE_666_length_6674_cov_9.431863_9    -            573 115808at2157         -            300   0.00028   20.3   0.1   2   2       2.5   1.9e+03   -2.2   0.0    86   116   136   166   119   193 0.72 # 4935 # 6653 # -1 # ID=666_9;partial=00;start_type=ATG;rbs_motif=AGGA;rbs_spacer=5-10bp;gc_cont=0.366
NODE_750_length_5683_cov_92.903139_2   -            355 115808at2157         -            300    0.0011   18.3   0.0   1   2   8.8e-06    0.0067   15.7   0.1     3    36     1    34     1    39 0.94 # 2493 # 3557 # 1 # ID=750_2;partial=00;start_type=ATG;rbs_motif=None;rbs_spacer=None;gc_cont=0.440
NODE_750_length_5683_cov_92.903139_2   -            355 115808at2157         -            300    0.0011   18.3   0.0   2   2      0.64   4.8e+02   -0.2   0.0    99   154   217   280   201   285 0.73 # 2493 # 3557 # 1 # ID=750_2;partial=00;start_type=ATG;rbs_motif=None;rbs_spacer=None;gc_cont=0.440
NODE_380_length_11632_cov_69.410645_1  -            337 115808at2157         -            300    0.0032   16.8   0.0   1   1   8.2e-06    0.0063   15.8   0.0     2    33     1    32     1    39 0.94 # 1 # 1011 # -1 # ID=380_1;partial=10;start_type=ATG;rbs_motif=AGGA;rbs_spacer=5-10bp;gc_cont=0.458
NODE_571_length_8007_cov_66.862926_1   -            643 115808at2157         -            300    0.0033   16.7   0.0   1   3   0.00017      0.13   11.5   0.0     4    33   142   171   139   172 0.94 # 198 # 2126 # -1 # ID=571_1;partial=00;start_type=ATG;rbs_motif=GGA/GAG/AGG;rbs_spacer=5-10bp;gc_cont=0.483
NODE_571_length_8007_cov_66.862926_1   -            643 115808at2157         -            300    0.0033   16.7   0.0   2   3      0.93   7.1e+02   -0.8   0.0    79   133   186   237   185   256 0.70 # 198 # 2126 # -1 # ID=571_1;partial=00;start_type=ATG;rbs_motif=GGA/GAG/AGG;rbs_spacer=5-10bp;gc_cont=0.483
NODE_571_length_8007_cov_66.862926_1   -            643 115808at2157         -            300    0.0033   16.7   0.0   3   3      0.28   2.1e+02    1.0   0.0   114   132   384   409   340   415 0.77 # 198 # 2126 # -1 # ID=571_1;partial=00;start_type=ATG;rbs_motif=GGA/GAG/AGG;rbs_spacer=5-10bp;gc_cont=0.483
NODE_2105_length_850_cov_4.091850_1    -            219 115808at2157         -            300    0.0058   15.9   0.1   1   3   0.00065       0.5    9.6   0.0     2    33     1    33     1    37 0.87 # 3 # 659 # -1 # ID=2105_1;partial=10;start_type=ATG;rbs_motif=AGGA;rbs_spacer=5-10bp;gc_cont=0.342
NODE_2105_length_850_cov_4.091850_1    -            219 115808at2157         -            300    0.0058   15.9   0.1   2   3     0.048        37    3.5   0.0   103   164    74   140    59   141 0.69 # 3 # 659 # -1 # ID=2105_1;partial=10;start_type=ATG;rbs_motif=AGGA;rbs_spacer=5-10bp;gc_cont=0.342
NODE_2105_length_850_cov_4.091850_1    -            219 115808at2157         -            300    0.0058   15.9   0.1   3   3       1.7   1.3e+03   -1.6   0.0     2    30   143   171   142   175 0.75 # 3 # 659 # -1 # ID=2105_1;partial=10;start_type=ATG;rbs_motif=AGGA;rbs_spacer=5-10bp;gc_cont=0.342
NODE_457_length_10025_cov_4.881082_8   -            344 115808at2157         -            300    0.0084   15.4   0.0   1   2   4.7e-05     0.036   13.4   0.0     2    37     1    36     1    51 0.80 # 6488 # 7519 # -1 # ID=457_8;partial=00;start_type=ATG;rbs_motif=GGA/GAG/AGG;rbs_spacer=5-10bp;gc_cont=0.307
NODE_457_length_10025_cov_4.881082_8   -            344 115808at2157         -            300    0.0084   15.4   0.0   2   2       1.1   8.5e+02   -1.0   0.0    98   130   117   154   109   168 0.80 # 6488 # 7519 # -1 # ID=457_8;partial=00;start_type=ATG;rbs_motif=GGA/GAG/AGG;rbs_spacer=5-10bp;gc_cont=0.307
NODE_3447_length_377_cov_2.206667_1    -            109 115808at2157         -            300    0.0092   15.3   0.0   1   1   1.5e-05     0.012   14.9   0.0     2    34     1    33     1    44 0.93 # 49 # 375 # 1 # ID=3447_1;partial=01;start_type=TTG;rbs_motif=None;rbs_spacer=None;gc_cont=0.275
NODE_713_length_6182_cov_4.845700_2    -            453 115808at2157         -            300     0.011   15.0   0.0   1   1   2.6e-05      0.02   14.2   0.0     4    34    29    59    26    64 0.92 # 239 # 1597 # 1 # ID=713_2;partial=00;start_type=TTG;rbs_motif=AGGA;rbs_spacer=5-10bp;gc_cont=0.297
NODE_584_length_7779_cov_78.658530_5   -            427 115808at2157         -            300     0.011   15.0   0.1   1   2   7.4e-05     0.057   12.7   0.0     4    34    10    40     7    44 0.92 # 2585 # 3865 # 1 # ID=584_5;partial=00;start_type=ATG;rbs_motif=GGAGG;rbs_spacer=5-10bp;gc_cont=0.471
NODE_584_length_7779_cov_78.658530_5   -            427 115808at2157         -            300     0.011   15.0   0.1   2   2         1   7.9e+02   -0.9   0.0    69   114   282   329   251   364 0.75 # 2585 # 3865 # 1 # ID=584_5;partial=00;start_type=ATG;rbs_motif=GGAGG;rbs_spacer=5-10bp;gc_cont=0.471
NODE_7180_length_166_cov_3.685393_1    -             55 115808at2157         -            300     0.012   14.9   0.0   1   1   1.8e-05     0.013   14.7   0.0     3    31     2    29     1    37 0.90 # 2 # 166 # 1 # ID=7180_1;partial=11;start_type=Edge;rbs_motif=None;rbs_spacer=None;gc_cont=0.309
NODE_201_length_18903_cov_86.812122_9  -            435 115808at2157         -            300     0.015   14.6   0.0   1   1   2.9e-05     0.022   14.0   0.0     4    33     5    34     2    40 0.93 # 8332 # 9636 # 1 # ID=201_9;partial=00;start_type=ATG;rbs_motif=None;rbs_spacer=None;gc_cont=0.392
NODE_90_length_27838_cov_67.859731_21  -            466 115808at2157         -            300     0.019   14.2   0.0   1   1   5.2e-05      0.04   13.2   0.0     4    32   142   170   139   172 0.95 # 24797 # 26194 # 1 # ID=90_21;partial=00;start_type=ATG;rbs_motif=GGAGG;rbs_spacer=5-10bp;gc_cont=0.509
NODE_9_length_62292_cov_83.867331_15   -            382 115808at2157         -            300     0.021   14.1   0.1   1   1   4.9e-05     0.037   13.3   0.1     3    34     4    35     3    36 0.95 # 27294 # 28439 # 1 # ID=9_15;partial=00;start_type=ATG;rbs_motif=None;rbs_spacer=None;gc_cont=0.528
NODE_725_length_6017_cov_6.363805_6    -            532 115808at2157         -            300     0.045   13.0   0.2   1   2   0.00031      0.24   10.6   0.1     1    33     1    33     1    34 0.96 # 3897 # 5492 # -1 # ID=725_6;partial=00;start_type=ATG;rbs_motif=AGGA;rbs_spacer=5-10bp;gc_cont=0.324
NODE_725_length_6017_cov_6.363805_6    -            532 115808at2157         -            300     0.045   13.0   0.2   2   2      0.85   6.5e+02   -0.6   0.0   105   131   242   268   226   287 0.76 # 3897 # 5492 # -1 # ID=725_6;partial=00;start_type=ATG;rbs_motif=AGGA;rbs_spacer=5-10bp;gc_cont=0.324
NODE_74_length_29736_cov_96.060252_2   -            514 115808at2157         -            300      0.06   12.6   0.0   1   1   0.00014       0.1   11.8   0.0     2    33    12    43    11    45 0.95 # 1264 # 2805 # 1 # ID=74_2;partial=00;start_type=ATG;rbs_motif=GGAGG;rbs_spacer=5-10bp;gc_cont=0.542
NODE_435_length_10496_cov_98.055764_2  -            618 115808at2157         -            300     0.098   11.9   0.0   1   1   0.00028      0.21   10.8   0.0     2    34    32    64    31    71 0.91 # 1879 # 3732 # -1 # ID=435_2;partial=00;start_type=TTG;rbs_motif=None;rbs_spacer=None;gc_cont=0.464
NODE_184_length_19729_cov_78.850702_7  -            566 115808at2157         -            300      0.11   11.8   0.0   1   1   0.00024      0.18   11.0   0.0     2    33     4    35     3    37 0.95 # 3918 # 5615 # 1 # ID=184_7;partial=00;start_type=ATG;rbs_motif=AGGA/GGAG/GAGG;rbs_spacer=11-12bp;gc_cont=0.499
NODE_169_length_20596_cov_80.542083_3  -            451 115808at2157         -            300      0.21   10.8   0.0   1   4      0.99   7.5e+02   -0.9   0.0     4    23    72    91    69    94 0.85 # 1123 # 2475 # -1 # ID=169_3;partial=00;start_type=ATG;rbs_motif=GGAG/GAGG;rbs_spacer=5-10bp;gc_cont=0.479
NODE_169_length_20596_cov_80.542083_3  -            451 115808at2157         -            300      0.21   10.8   0.0   2   4     0.063        48    3.1   0.0    92   132   134   178   130   195 0.89 # 1123 # 2475 # -1 # ID=169_3;partial=00;start_type=ATG;rbs_motif=GGAG/GAGG;rbs_spacer=5-10bp;gc_cont=0.479
NODE_169_length_20596_cov_80.542083_3  -            451 115808at2157         -            300      0.21   10.8   0.0   3   4     0.082        63    2.7   0.0     4    32   213   241   211   242 0.93 # 1123 # 2475 # -1 # ID=169_3;partial=00;start_type=ATG;rbs_motif=GGAG/GAGG;rbs_spacer=5-10bp;gc_cont=0.479
NODE_169_length_20596_cov_80.542083_3  -            451 115808at2157         -            300      0.21   10.8   0.0   4   4       1.5   1.1e+03   -1.4   0.0    88   134   257   310   254   326 0.82 # 1123 # 2475 # -1 # ID=169_3;partial=00;start_type=ATG;rbs_motif=GGAG/GAGG;rbs_spacer=5-10bp;gc_cont=0.479
#
# Program:         hmmsearch
# Version:         3.1b2 (February 2015)
# Pipeline mode:   SEARCH
# Query file:      /home/mira/Bacteria2022/Thiomargarita_magnifica/qc_assembly/busco_results/busco_downloads/lineages/archaea_odb10/hmms/115808at2157.hmm
# Target file:     /home/mira/Bacteria2022/Thiomargarita_magnifica/qc_assembly/busco_results/busco_results/prodigal_output/predicted_genes/predicted.faa
# Option settings: hmmsearch --domtblout /home/mira/Bacteria2022/Thiomargarita_magnifica/qc_assembly/busco_results/busco_results/auto_lineage/run_archaea_odb10/hmmer_output/115808at2157.out --cpu 1 /home/mira/Bacteria2022/Thiomargarita_magnifica/qc_assembly/busco_results/busco_downloads/lineages/archaea_odb10/hmms/115808at2157.hmm /home/mira/Bacteria2022/Thiomargarita_magnifica/qc_assembly/busco_results/busco_results/prodigal_output/predicted_genes/predicted.faa 
# Current dir:     /home/mira/Bacteria2022/Thiomargarita_magnifica/qc_assembly/busco_results
# Date:            Tue Jul 12 12:51:47 2022
# [ok]
