#                                                                                             --- full sequence --- -------------- this domain -------------   hmm coord   ali coord   env coord
# target name                         accession   tlen query name           accession   qlen   E-value  score  bias   #  of  c-Evalue  i-Evalue  score  bias  from    to  from    to  from    to  acc description of target
#                 ------------------- ---------- ----- -------------------- ---------- ----- --------- ------ ----- --- --- --------- --------- ------ ----- ----- ----- ----- ----- ----- ----- ---- ---------------------
NODE_39_length_42011_cov_85.366051_10 -            215 117225at2157         -            147   2.9e-17   62.9   0.5   1   2   9.2e-06     0.028   14.3   0.0     8    25    19    36    13    48 0.91 # 3534 # 4178 # -1 # ID=39_10;partial=00;start_type=ATG;rbs_motif=GGA/GAG/AGG;rbs_spacer=5-10bp;gc_cont=0.448
NODE_39_length_42011_cov_85.366051_10 -            215 117225at2157         -            147   2.9e-17   62.9   0.5   2   2   1.4e-15   4.2e-12   46.1   0.2    38   131    64   165    52   188 0.87 # 3534 # 4178 # -1 # ID=39_10;partial=00;start_type=ATG;rbs_motif=GGA/GAG/AGG;rbs_spacer=5-10bp;gc_cont=0.448
NODE_205_length_18360_cov_9.096483_14 -            203 117225at2157         -            147   5.8e-12   45.7   0.8   1   1   2.7e-13   8.3e-10   38.7   0.8    10   126    16   149    10   162 0.70 # 10964 # 11572 # -1 # ID=205_14;partial=00;start_type=TTG;rbs_motif=GGA/GAG/AGG;rbs_spacer=5-10bp;gc_cont=0.368
NODE_654_length_6846_cov_5.780322_6   -            310 117225at2157         -            147   0.00018   21.4   0.1   1   1     1e-07   0.00032   20.6   0.1    59   119   186   247   154   264 0.75 # 3575 # 4504 # -1 # ID=654_6;partial=00;start_type=ATG;rbs_motif=AGGAG;rbs_spacer=5-10bp;gc_cont=0.339
NODE_283_length_14935_cov_75.044353_7 -            325 117225at2157         -            147    0.0025   17.7   0.1   1   1   1.4e-06    0.0043   16.9   0.1    75   125   215   264   173   282 0.83 # 4191 # 5165 # -1 # ID=283_7;partial=00;start_type=ATG;rbs_motif=None;rbs_spacer=None;gc_cont=0.466
NODE_239_length_16665_cov_6.145828_4  -            184 117225at2157         -            147    0.0097   15.8   0.0   1   1   5.5e-06     0.017   15.0   0.0    80   120   120   160   110   170 0.91 # 2924 # 3475 # 1 # ID=239_4;partial=00;start_type=TTG;rbs_motif=AGGA;rbs_spacer=5-10bp;gc_cont=0.308
NODE_338_length_13040_cov_64.640130_2 -            228 117225at2157         -            147     0.039   13.8   0.0   1   1     2e-05      0.06   13.2   0.0    84   122   186   224   179   227 0.92 # 1333 # 2016 # 1 # ID=338_2;partial=00;start_type=ATG;rbs_motif=AGGA/GGAG/GAGG;rbs_spacer=11-12bp;gc_cont=0.437
NODE_763_length_5469_cov_48.005935_1  -            116 117225at2157         -            147      0.15   11.9   0.0   1   1     9e-05      0.27   11.1   0.0    21    60    66   105    61   106 0.93 # 577 # 924 # -1 # ID=763_1;partial=00;start_type=ATG;rbs_motif=GGA/GAG/AGG;rbs_spacer=5-10bp;gc_cont=0.434
#
# Program:         hmmsearch
# Version:         3.1b2 (February 2015)
# Pipeline mode:   SEARCH
# Query file:      /home/mira/Bacteria2022/Thiomargarita_magnifica/qc_assembly/busco_results/busco_downloads/lineages/archaea_odb10/hmms/117225at2157.hmm
# Target file:     /home/mira/Bacteria2022/Thiomargarita_magnifica/qc_assembly/busco_results/busco_results/prodigal_output/predicted_genes/predicted.faa
# Option settings: hmmsearch --domtblout /home/mira/Bacteria2022/Thiomargarita_magnifica/qc_assembly/busco_results/busco_results/auto_lineage/run_archaea_odb10/hmmer_output/117225at2157.out --cpu 1 /home/mira/Bacteria2022/Thiomargarita_magnifica/qc_assembly/busco_results/busco_downloads/lineages/archaea_odb10/hmms/117225at2157.hmm /home/mira/Bacteria2022/Thiomargarita_magnifica/qc_assembly/busco_results/busco_results/prodigal_output/predicted_genes/predicted.faa 
# Current dir:     /home/mira/Bacteria2022/Thiomargarita_magnifica/qc_assembly/busco_results
# Date:            Tue Jul 12 12:51:47 2022
# [ok]
