#                                                                                             --- full sequence --- -------------- this domain -------------   hmm coord   ali coord   env coord
# target name                         accession   tlen query name           accession   qlen   E-value  score  bias   #  of  c-Evalue  i-Evalue  score  bias  from    to  from    to  from    to  acc description of target
#                 ------------------- ---------- ----- -------------------- ---------- ----- --------- ------ ----- --- --- --------- --------- ------ ----- ----- ----- ----- ----- ----- ----- ---- ---------------------
NODE_8045_length_142_cov_426.646154_1 -             47 119723at2157         -             49     0.022   15.0   0.2   1   2    0.0057        41    4.6   0.0    24    36     1    13     1    16 0.89 # 2 # 142 # 1 # ID=8045_1;partial=11;start_type=Edge;rbs_motif=None;rbs_spacer=None;gc_cont=0.461
NODE_8045_length_142_cov_426.646154_1 -             47 119723at2157         -             49     0.022   15.0   0.2   2   2   0.00023       1.7    9.0   0.0    18    36    19    37    14    39 0.87 # 2 # 142 # 1 # ID=8045_1;partial=11;start_type=Edge;rbs_motif=None;rbs_spacer=None;gc_cont=0.461
NODE_33_length_43996_cov_94.582982_22 -            362 119723at2157         -             49      0.14   12.5   0.1   1   2         3   2.1e+04   -4.1   0.1    18    22    59    63    58    63 0.86 # 19415 # 20500 # -1 # ID=33_22;partial=00;start_type=ATG;rbs_motif=GGA/GAG/AGG;rbs_spacer=11-12bp;gc_cont=0.433
NODE_33_length_43996_cov_94.582982_22 -            362 119723at2157         -             49      0.14   12.5   0.1   2   2   6.8e-05      0.48   10.7   0.0    17    39    80   102    76   106 0.84 # 19415 # 20500 # -1 # ID=33_22;partial=00;start_type=ATG;rbs_motif=GGA/GAG/AGG;rbs_spacer=11-12bp;gc_cont=0.433
NODE_1_length_122023_cov_87.997277_27 -             97 119723at2157         -             49      0.21   11.9   0.3   1   3     0.019   1.4e+02    2.9   0.0    35    45     5    15     3    17 0.88 # 33670 # 33960 # -1 # ID=1_27;partial=00;start_type=ATG;rbs_motif=GGA/GAG/AGG;rbs_spacer=5-10bp;gc_cont=0.347
NODE_1_length_122023_cov_87.997277_27 -             97 119723at2157         -             49      0.21   11.9   0.3   2   3    0.0019        14    6.1   0.0    18    30    43    55    41    63 0.82 # 33670 # 33960 # -1 # ID=1_27;partial=00;start_type=ATG;rbs_motif=GGA/GAG/AGG;rbs_spacer=5-10bp;gc_cont=0.347
NODE_1_length_122023_cov_87.997277_27 -             97 119723at2157         -             49      0.21   11.9   0.3   3   3      0.45   3.2e+03   -1.5   0.1    25    41    71    87    68    89 0.71 # 33670 # 33960 # -1 # ID=1_27;partial=00;start_type=ATG;rbs_motif=GGA/GAG/AGG;rbs_spacer=5-10bp;gc_cont=0.347
#
# Program:         hmmsearch
# Version:         3.1b2 (February 2015)
# Pipeline mode:   SEARCH
# Query file:      /home/mira/Bacteria2022/Thiomargarita_magnifica/qc_assembly/busco_results/busco_downloads/lineages/archaea_odb10/hmms/119723at2157.hmm
# Target file:     /home/mira/Bacteria2022/Thiomargarita_magnifica/qc_assembly/busco_results/busco_results/prodigal_output/predicted_genes/predicted.faa
# Option settings: hmmsearch --domtblout /home/mira/Bacteria2022/Thiomargarita_magnifica/qc_assembly/busco_results/busco_results/auto_lineage/run_archaea_odb10/hmmer_output/119723at2157.out --cpu 1 /home/mira/Bacteria2022/Thiomargarita_magnifica/qc_assembly/busco_results/busco_downloads/lineages/archaea_odb10/hmms/119723at2157.hmm /home/mira/Bacteria2022/Thiomargarita_magnifica/qc_assembly/busco_results/busco_results/prodigal_output/predicted_genes/predicted.faa 
# Current dir:     /home/mira/Bacteria2022/Thiomargarita_magnifica/qc_assembly/busco_results
# Date:            Tue Jul 12 12:51:47 2022
# [ok]
