#                                                                                               --- full sequence --- -------------- this domain -------------   hmm coord   ali coord   env coord
# target name                           accession   tlen query name           accession   qlen   E-value  score  bias   #  of  c-Evalue  i-Evalue  score  bias  from    to  from    to  from    to  acc description of target
#                   ------------------- ---------- ----- -------------------- ---------- ----- --------- ------ ----- --- --- --------- --------- ------ ----- ----- ----- ----- ----- ----- ----- ---- ---------------------
NODE_38_length_42464_cov_121.001840_20  -            621 129447at2157         -             51     0.027   14.3   1.2   1   3      0.63   3.3e+03   -2.0   0.0    23    31     9    17     4    19 0.61 # 29085 # 30947 # -1 # ID=38_20;partial=00;start_type=ATG;rbs_motif=None;rbs_spacer=None;gc_cont=0.430
NODE_38_length_42464_cov_121.001840_20  -            621 129447at2157         -             51     0.027   14.3   1.2   2   3       1.7   9.3e+03   -3.4   0.6     5    11    24    30    24    32 0.77 # 29085 # 30947 # -1 # ID=38_20;partial=00;start_type=ATG;rbs_motif=None;rbs_spacer=None;gc_cont=0.430
NODE_38_length_42464_cov_121.001840_20  -            621 129447at2157         -             51     0.027   14.3   1.2   3   3     5e-06     0.027   14.3   1.2     4    32    37    65    35    68 0.83 # 29085 # 30947 # -1 # ID=38_20;partial=00;start_type=ATG;rbs_motif=None;rbs_spacer=None;gc_cont=0.430
NODE_189_length_19387_cov_95.134024_9   -             85 129447at2157         -             51     0.042   13.7   2.2   1   2   4.7e-05      0.25   11.2   1.2     1    34     3    38     3    49 0.73 # 8660 # 8914 # 1 # ID=189_9;partial=00;start_type=ATG;rbs_motif=AGGA;rbs_spacer=5-10bp;gc_cont=0.439
NODE_189_length_19387_cov_95.134024_9   -             85 129447at2157         -             51     0.042   13.7   2.2   2   2      0.32   1.7e+03   -1.1   0.0    36    47    72    83    71    84 0.80 # 8660 # 8914 # 1 # ID=189_9;partial=00;start_type=ATG;rbs_motif=AGGA;rbs_spacer=5-10bp;gc_cont=0.439
NODE_2653_length_535_cov_2.262009_1     -            108 129447at2157         -             51     0.083   12.7   3.1   1   2    0.0002       1.1    9.2   0.3     3    13     2    12     1    17 0.85 # 3 # 326 # -1 # ID=2653_1;partial=10;start_type=ATG;rbs_motif=GGAG/GAGG;rbs_spacer=5-10bp;gc_cont=0.358
NODE_2653_length_535_cov_2.262009_1     -            108 129447at2157         -             51     0.083   12.7   3.1   2   2     0.011        58    3.6   0.2     5    15    77    87    75    87 0.82 # 3 # 326 # -1 # ID=2653_1;partial=10;start_type=ATG;rbs_motif=GGAG/GAGG;rbs_spacer=5-10bp;gc_cont=0.358
NODE_228_length_17080_cov_128.093925_10 -            144 129447at2157         -             51     0.093   12.6   0.6   1   1   3.1e-05      0.16   11.8   0.6     4    16     4    16     3    19 0.92 # 6896 # 7327 # -1 # ID=228_10;partial=00;start_type=ATG;rbs_motif=None;rbs_spacer=None;gc_cont=0.296
#
# Program:         hmmsearch
# Version:         3.1b2 (February 2015)
# Pipeline mode:   SEARCH
# Query file:      /home/mira/Bacteria2022/Thiomargarita_magnifica/qc_assembly/busco_results/busco_downloads/lineages/archaea_odb10/hmms/129447at2157.hmm
# Target file:     /home/mira/Bacteria2022/Thiomargarita_magnifica/qc_assembly/busco_results/busco_results/prodigal_output/predicted_genes/predicted.faa
# Option settings: hmmsearch --domtblout /home/mira/Bacteria2022/Thiomargarita_magnifica/qc_assembly/busco_results/busco_results/auto_lineage/run_archaea_odb10/hmmer_output/129447at2157.out --cpu 1 /home/mira/Bacteria2022/Thiomargarita_magnifica/qc_assembly/busco_results/busco_downloads/lineages/archaea_odb10/hmms/129447at2157.hmm /home/mira/Bacteria2022/Thiomargarita_magnifica/qc_assembly/busco_results/busco_results/prodigal_output/predicted_genes/predicted.faa 
# Current dir:     /home/mira/Bacteria2022/Thiomargarita_magnifica/qc_assembly/busco_results
# Date:            Tue Jul 12 12:51:48 2022
# [ok]
