#                                                                                               --- full sequence --- -------------- this domain -------------   hmm coord   ali coord   env coord
# target name                           accession   tlen query name           accession   qlen   E-value  score  bias   #  of  c-Evalue  i-Evalue  score  bias  from    to  from    to  from    to  acc description of target
#                   ------------------- ---------- ----- -------------------- ---------- ----- --------- ------ ----- --- --- --------- --------- ------ ----- ----- ----- ----- ----- ----- ----- ---- ---------------------
NODE_4598_length_276_cov_0.743719_1     -             92 129924at2157         -             26     7e-05   22.5   3.1   1   3   9.4e-05     0.087   12.6   0.1    12    21    19    28    18    30 0.87 # 1 # 276 # -1 # ID=4598_1;partial=11;start_type=Edge;rbs_motif=None;rbs_spacer=None;gc_cont=0.402
NODE_4598_length_276_cov_0.743719_1     -             92 129924at2157         -             26     7e-05   22.5   3.1   2   3   0.00053       0.5   10.2   0.1     2    13    45    56    45    58 0.93 # 1 # 276 # -1 # ID=4598_1;partial=11;start_type=Edge;rbs_motif=None;rbs_spacer=None;gc_cont=0.402
NODE_4598_length_276_cov_0.743719_1     -             92 129924at2157         -             26     7e-05   22.5   3.1   3   3       6.1   5.7e+03   -2.8   0.0     5     9    77    81    76    82 0.72 # 1 # 276 # -1 # ID=4598_1;partial=11;start_type=Edge;rbs_motif=None;rbs_spacer=None;gc_cont=0.402
NODE_2237_length_731_cov_1.353211_2     -             60 129924at2157         -             26   0.00024   20.8   6.4   1   2   1.4e-05     0.013   15.2   1.2     9    25     7    23     6    24 0.82 # 467 # 646 # -1 # ID=2237_2;partial=00;start_type=ATG;rbs_motif=AGxAG;rbs_spacer=5-10bp;gc_cont=0.261
NODE_2237_length_731_cov_1.353211_2     -             60 129924at2157         -             26   0.00024   20.8   6.4   2   2    0.0016       1.5    8.7   0.3     3    12    37    46    36    47 0.79 # 467 # 646 # -1 # ID=2237_2;partial=00;start_type=ATG;rbs_motif=AGxAG;rbs_spacer=5-10bp;gc_cont=0.261
NODE_189_length_19387_cov_95.134024_9   -             85 129924at2157         -             26    0.0033   17.2   0.6   1   2   0.00053      0.49   10.2   0.1     1    12     6    17     6    18 0.94 # 8660 # 8914 # 1 # ID=189_9;partial=00;start_type=ATG;rbs_motif=AGGA;rbs_spacer=5-10bp;gc_cont=0.439
NODE_189_length_19387_cov_95.134024_9   -             85 129924at2157         -             26    0.0033   17.2   0.6   2   2     0.015        14    5.5   0.1    13    20    28    35    27    40 0.78 # 8660 # 8914 # 1 # ID=189_9;partial=00;start_type=ATG;rbs_motif=AGGA;rbs_spacer=5-10bp;gc_cont=0.439
NODE_92_length_27478_cov_92.886026_20   -            105 129924at2157         -             26    0.0061   16.3   2.1   1   2    0.0026       2.5    8.0   0.1     9    18     7    16     6    20 0.84 # 15692 # 16006 # 1 # ID=92_20;partial=00;start_type=ATG;rbs_motif=GGA/GAG/AGG;rbs_spacer=5-10bp;gc_cont=0.390
NODE_92_length_27478_cov_92.886026_20   -            105 129924at2157         -             26    0.0061   16.3   2.1   2   2    0.0028       2.6    7.9   0.2    12    17    87    92    82    99 0.64 # 15692 # 16006 # 1 # ID=92_20;partial=00;start_type=ATG;rbs_motif=GGA/GAG/AGG;rbs_spacer=5-10bp;gc_cont=0.390
NODE_3985_length_314_cov_1.561181_1     -             97 129924at2157         -             26     0.011   15.5   0.6   1   2   1.2e-05     0.011   15.5   0.6     1    13     7    19     7    19 0.96 # 1 # 291 # -1 # ID=3985_1;partial=10;start_type=ATG;rbs_motif=AGGAG;rbs_spacer=5-10bp;gc_cont=0.392
NODE_3985_length_314_cov_1.561181_1     -             97 129924at2157         -             26     0.011   15.5   0.6   2   2       2.1     2e+03   -1.3   0.1     6    11    29    34    27    35 0.77 # 1 # 291 # -1 # ID=3985_1;partial=10;start_type=ATG;rbs_motif=AGGAG;rbs_spacer=5-10bp;gc_cont=0.392
NODE_698_length_6344_cov_95.377214_3    -             60 129924at2157         -             26     0.011   15.4   2.2   1   2   3.8e-05     0.035   13.9   0.1     1    12    28    39    28    40 0.90 # 1356 # 1535 # -1 # ID=698_3;partial=00;start_type=ATG;rbs_motif=AGGA;rbs_spacer=5-10bp;gc_cont=0.372
NODE_698_length_6344_cov_95.377214_3    -             60 129924at2157         -             26     0.011   15.4   2.2   2   2      0.33     3e+02    1.3   0.2     3     9    47    53    46    55 0.75 # 1356 # 1535 # -1 # ID=698_3;partial=00;start_type=ATG;rbs_motif=AGGA;rbs_spacer=5-10bp;gc_cont=0.372
NODE_83_length_28496_cov_99.911714_5    -            286 129924at2157         -             26     0.021   14.6   1.8   1   2   4.3e-05     0.039   13.7   0.2    12    22    70    80    69    83 0.86 # 5497 # 6354 # 1 # ID=83_5;partial=00;start_type=ATG;rbs_motif=None;rbs_spacer=None;gc_cont=0.471
NODE_83_length_28496_cov_99.911714_5    -            286 129924at2157         -             26     0.021   14.6   1.8   2   2       1.1     1e+03   -0.4   0.1     2    12    96   106    96   107 0.74 # 5497 # 6354 # 1 # ID=83_5;partial=00;start_type=ATG;rbs_motif=None;rbs_spacer=None;gc_cont=0.471
NODE_139_length_22956_cov_127.455877_12 -             80 129924at2157         -             26     0.022   14.5   0.3   1   3     0.056        52    3.8   0.6    12    17     3     8     1    11 0.76 # 9790 # 10029 # 1 # ID=139_12;partial=00;start_type=ATG;rbs_motif=GGAG/GAGG;rbs_spacer=5-10bp;gc_cont=0.396
NODE_139_length_22956_cov_127.455877_12 -             80 129924at2157         -             26     0.022   14.5   0.3   2   3       1.6   1.5e+03   -0.9   4.4     2    10    17    25    16    31 0.67 # 9790 # 10029 # 1 # ID=139_12;partial=00;start_type=ATG;rbs_motif=GGAG/GAGG;rbs_spacer=5-10bp;gc_cont=0.396
NODE_139_length_22956_cov_127.455877_12 -             80 129924at2157         -             26     0.022   14.5   0.3   3   3   2.4e-05     0.022   14.5   0.3     8    24    62    78    62    79 0.85 # 9790 # 10029 # 1 # ID=139_12;partial=00;start_type=ATG;rbs_motif=GGAG/GAGG;rbs_spacer=5-10bp;gc_cont=0.396
NODE_293_length_14746_cov_147.813757_8  -            765 129924at2157         -             26     0.027   14.3  11.4   1   4     0.063        59    3.6   0.1    13    18   590   595   585   598 0.71 # 6587 # 8881 # -1 # ID=293_8;partial=00;start_type=GTG;rbs_motif=GGAG/GAGG;rbs_spacer=5-10bp;gc_cont=0.463
NODE_293_length_14746_cov_147.813757_8  -            765 129924at2157         -             26     0.027   14.3  11.4   2   4     0.075        70    3.3   0.1    14    20   643   649   642   654 0.60 # 6587 # 8881 # -1 # ID=293_8;partial=00;start_type=GTG;rbs_motif=GGAG/GAGG;rbs_spacer=5-10bp;gc_cont=0.463
NODE_293_length_14746_cov_147.813757_8  -            765 129924at2157         -             26     0.027   14.3  11.4   3   4     0.016        15    5.5   0.0    12    23   683   694   680   697 0.74 # 6587 # 8881 # -1 # ID=293_8;partial=00;start_type=GTG;rbs_motif=GGAG/GAGG;rbs_spacer=5-10bp;gc_cont=0.463
NODE_293_length_14746_cov_147.813757_8  -            765 129924at2157         -             26     0.027   14.3  11.4   4   4     0.017        16    5.4   1.2    14    23   726   735   705   737 0.79 # 6587 # 8881 # -1 # ID=293_8;partial=00;start_type=GTG;rbs_motif=GGAG/GAGG;rbs_spacer=5-10bp;gc_cont=0.463
NODE_154_length_21491_cov_62.445736_18  -             93 129924at2157         -             26     0.039   13.8   2.3   1   2     0.023        22    5.0   0.3    13    20     3    10     2    11 0.84 # 20852 # 21130 # 1 # ID=154_18;partial=00;start_type=ATG;rbs_motif=GGAG/GAGG;rbs_spacer=5-10bp;gc_cont=0.523
NODE_154_length_21491_cov_62.445736_18  -             93 129924at2157         -             26     0.039   13.8   2.3   2   2    0.0016       1.5    8.7   0.1     2    10    24    32    24    34 0.82 # 20852 # 21130 # 1 # ID=154_18;partial=00;start_type=ATG;rbs_motif=GGAG/GAGG;rbs_spacer=5-10bp;gc_cont=0.523
NODE_204_length_18386_cov_11.660113_1   -            154 129924at2157         -             26     0.043   13.6   7.5   1   2     0.011        10    6.0   0.7    13    20     2     9     1     9 0.88 # 29 # 490 # -1 # ID=204_1;partial=00;start_type=ATG;rbs_motif=None;rbs_spacer=None;gc_cont=0.236
NODE_204_length_18386_cov_11.660113_1   -            154 129924at2157         -             26     0.043   13.6   7.5   2   2   0.00034      0.31   10.9   1.1     1    11    19    29    19    31 0.92 # 29 # 490 # -1 # ID=204_1;partial=00;start_type=ATG;rbs_motif=None;rbs_spacer=None;gc_cont=0.236
NODE_92_length_27478_cov_92.886026_30   -             65 129924at2157         -             26     0.053   13.3   0.3   1   1   5.7e-05     0.053   13.3   0.3    11    18    46    53    46    58 0.87 # 24858 # 25052 # -1 # ID=92_30;partial=00;start_type=ATG;rbs_motif=GGA/GAG/AGG;rbs_spacer=5-10bp;gc_cont=0.446
NODE_115_length_25419_cov_6.883514_19   -            256 129924at2157         -             26       0.2   11.5   5.0   1   2     0.011        10    6.0   0.8    13    21    36    44    34    44 0.86 # 17506 # 18273 # -1 # ID=115_19;partial=00;start_type=ATG;rbs_motif=4Base/6BMM;rbs_spacer=13-15bp;gc_cont=0.264
NODE_115_length_25419_cov_6.883514_19   -            256 129924at2157         -             26       0.2   11.5   5.0   2   2    0.0051       4.7    7.1   0.2     2    10    61    69    61    72 0.88 # 17506 # 18273 # -1 # ID=115_19;partial=00;start_type=ATG;rbs_motif=4Base/6BMM;rbs_spacer=13-15bp;gc_cont=0.264
NODE_2653_length_535_cov_2.262009_1     -            108 129924at2157         -             26      0.23   11.3   5.3   1   2    0.0051       4.7    7.1   0.2    11    19     2    10     1    11 0.77 # 3 # 326 # -1 # ID=2653_1;partial=10;start_type=ATG;rbs_motif=GGAG/GAGG;rbs_spacer=5-10bp;gc_cont=0.358
NODE_2653_length_535_cov_2.262009_1     -            108 129924at2157         -             26      0.23   11.3   5.3   2   2     0.011        10    6.0   1.2     1     7    76    82    76    85 0.78 # 3 # 326 # -1 # ID=2653_1;partial=10;start_type=ATG;rbs_motif=GGAG/GAGG;rbs_spacer=5-10bp;gc_cont=0.358
NODE_20_length_53635_cov_137.680010_27  -            383 129924at2157         -             26      0.28   11.0   2.0   1   1   0.00075       0.7    9.7   2.0     1    25   351   378   351   379 0.89 # 44102 # 45250 # -1 # ID=20_27;partial=00;start_type=ATG;rbs_motif=None;rbs_spacer=None;gc_cont=0.439
NODE_175_length_20228_cov_6.772319_21   -            295 129924at2157         -             26      0.41   10.5   4.5   1   3    0.0012       1.1    9.1   0.0    12    25    36    49    35    50 0.93 # 19344 # 20228 # -1 # ID=175_21;partial=01;start_type=Edge;rbs_motif=None;rbs_spacer=None;gc_cont=0.340
NODE_175_length_20228_cov_6.772319_21   -            295 129924at2157         -             26      0.41   10.5   4.5   2   3      0.14   1.3e+02    2.5   0.1    14    19    57    62    53    64 0.83 # 19344 # 20228 # -1 # ID=175_21;partial=01;start_type=Edge;rbs_motif=None;rbs_spacer=None;gc_cont=0.340
NODE_175_length_20228_cov_6.772319_21   -            295 129924at2157         -             26      0.41   10.5   4.5   3   3       4.7   4.4e+03   -2.4   0.2     6    14   157   165   156   166 0.78 # 19344 # 20228 # -1 # ID=175_21;partial=01;start_type=Edge;rbs_motif=None;rbs_spacer=None;gc_cont=0.340
NODE_599_length_7456_cov_6.361702_1     -             36 129924at2157         -             26      0.52   10.2   5.0   1   2     0.004       3.7    7.4   0.7    14    19     7    12     6    16 0.79 # 1 # 108 # -1 # ID=599_1;partial=10;start_type=ATG;rbs_motif=AGGA;rbs_spacer=5-10bp;gc_cont=0.435
NODE_599_length_7456_cov_6.361702_1     -             36 129924at2157         -             26      0.52   10.2   5.0   2   2     0.021        19    5.1   0.2     1     8    22    29    22    31 0.56 # 1 # 108 # -1 # ID=599_1;partial=10;start_type=ATG;rbs_motif=AGGA;rbs_spacer=5-10bp;gc_cont=0.435
NODE_829_length_4876_cov_3.179412_2     -            136 129924at2157         -             26      0.52   10.1   3.7   1   1    0.0029       2.7    7.9   3.7     3    22     6    28     5    29 0.83 # 549 # 956 # -1 # ID=829_2;partial=00;start_type=ATG;rbs_motif=AGGA;rbs_spacer=5-10bp;gc_cont=0.301
NODE_6118_length_235_cov_1.405063_1     -             77 129924at2157         -             26      0.66    9.8   4.4   1   2    0.0032       2.9    7.7   0.6     2     8    51    57    49    58 0.86 # 5 # 235 # -1 # ID=6118_1;partial=01;start_type=Edge;rbs_motif=None;rbs_spacer=None;gc_cont=0.303
NODE_6118_length_235_cov_1.405063_1     -             77 129924at2157         -             26      0.66    9.8   4.4   2   2     0.062        57    3.6   0.2     2    10    66    74    66    76 0.78 # 5 # 235 # -1 # ID=6118_1;partial=01;start_type=Edge;rbs_motif=None;rbs_spacer=None;gc_cont=0.303
NODE_520_length_8838_cov_8.233307_1     -            172 129924at2157         -             26       1.1    9.1   6.1   1   1    0.0042       3.9    7.3   6.1     2    24   129   154   128   156 0.79 # 1 # 516 # 1 # ID=520_1;partial=10;start_type=Edge;rbs_motif=None;rbs_spacer=None;gc_cont=0.238
NODE_330_length_13437_cov_65.433234_5   -            735 129924at2157         -             26       1.4    8.8  11.5   1   2       1.5   1.4e+03   -0.8   1.2     3    23   440   458   439   461 0.64 # 1649 # 3853 # -1 # ID=330_5;partial=00;start_type=ATG;rbs_motif=None;rbs_spacer=None;gc_cont=0.459
NODE_330_length_13437_cov_65.433234_5   -            735 129924at2157         -             26       1.4    8.8  11.5   2   2     4e-05     0.037   13.8   3.2     2    19   466   485   465   489 0.92 # 1649 # 3853 # -1 # ID=330_5;partial=00;start_type=ATG;rbs_motif=None;rbs_spacer=None;gc_cont=0.459
NODE_2065_length_883_cov_2.998759_1     -            120 129924at2157         -             26       2.7    7.8   5.5   1   2    0.0056       5.2    7.0   0.6     2     8    94   100    92   101 0.86 # 3 # 362 # 1 # ID=2065_1;partial=10;start_type=Edge;rbs_motif=None;rbs_spacer=None;gc_cont=0.306
NODE_2065_length_883_cov_2.998759_1     -            120 129924at2157         -             26       2.7    7.8   5.5   2   2     0.084        78    3.2   0.4     2    11   109   118   109   119 0.78 # 3 # 362 # 1 # ID=2065_1;partial=10;start_type=Edge;rbs_motif=None;rbs_spacer=None;gc_cont=0.306
NODE_530_length_8634_cov_94.946710_3    -             80 129924at2157         -             26       4.9    7.0   8.2   1   3      0.26   2.4e+02    1.6   0.3     2     6     3     7     2     9 0.85 # 442 # 681 # -1 # ID=530_3;partial=00;start_type=ATG;rbs_motif=GGAG/GAGG;rbs_spacer=5-10bp;gc_cont=0.446
NODE_530_length_8634_cov_94.946710_3    -             80 129924at2157         -             26       4.9    7.0   8.2   2   3      0.25   2.4e+02    1.7   0.1    14    20    16    22    15    28 0.76 # 442 # 681 # -1 # ID=530_3;partial=00;start_type=ATG;rbs_motif=GGAG/GAGG;rbs_spacer=5-10bp;gc_cont=0.446
NODE_530_length_8634_cov_94.946710_3    -             80 129924at2157         -             26       4.9    7.0   8.2   3   3    0.0042       3.9    7.3   0.5    13    19    56    62    55    66 0.63 # 442 # 681 # -1 # ID=530_3;partial=00;start_type=ATG;rbs_motif=GGAG/GAGG;rbs_spacer=5-10bp;gc_cont=0.446
#
# Program:         hmmsearch
# Version:         3.1b2 (February 2015)
# Pipeline mode:   SEARCH
# Query file:      /home/mira/Bacteria2022/Thiomargarita_magnifica/qc_assembly/busco_results/busco_downloads/lineages/archaea_odb10/hmms/129924at2157.hmm
# Target file:     /home/mira/Bacteria2022/Thiomargarita_magnifica/qc_assembly/busco_results/busco_results/prodigal_output/predicted_genes/predicted.faa
# Option settings: hmmsearch --domtblout /home/mira/Bacteria2022/Thiomargarita_magnifica/qc_assembly/busco_results/busco_results/auto_lineage/run_archaea_odb10/hmmer_output/129924at2157.out --cpu 1 /home/mira/Bacteria2022/Thiomargarita_magnifica/qc_assembly/busco_results/busco_downloads/lineages/archaea_odb10/hmms/129924at2157.hmm /home/mira/Bacteria2022/Thiomargarita_magnifica/qc_assembly/busco_results/busco_results/prodigal_output/predicted_genes/predicted.faa 
# Current dir:     /home/mira/Bacteria2022/Thiomargarita_magnifica/qc_assembly/busco_results
# Date:            Tue Jul 12 12:51:48 2022
# [ok]
