#                                                                                               --- full sequence --- -------------- this domain -------------   hmm coord   ali coord   env coord
# target name                           accession   tlen query name           accession   qlen   E-value  score  bias   #  of  c-Evalue  i-Evalue  score  bias  from    to  from    to  from    to  acc description of target
#                   ------------------- ---------- ----- -------------------- ---------- ----- --------- ------ ----- --- --- --------- --------- ------ ----- ----- ----- ----- ----- ----- ----- ---- ---------------------
NODE_1475_length_1780_cov_4.731650_1    -            452 13565at2157          -            478   1.7e-05   23.8   0.5   1   2   1.3e-07   4.9e-05   22.3   0.1    29    84    33    86    20   109 0.92 # 423 # 1778 # 1 # ID=1475_1;partial=01;start_type=ATG;rbs_motif=AGGA;rbs_spacer=5-10bp;gc_cont=0.334
NODE_1475_length_1780_cov_4.731650_1    -            452 13565at2157          -            478   1.7e-05   23.8   0.5   2   2       1.7   6.4e+02   -1.2   0.0   366   438   319   394   316   421 0.77 # 423 # 1778 # 1 # ID=1475_1;partial=01;start_type=ATG;rbs_motif=AGGA;rbs_spacer=5-10bp;gc_cont=0.334
NODE_1156_length_2817_cov_4.105474_1    -            121 13565at2157          -            478   3.2e-05   22.9   0.2   1   1     1e-07   3.7e-05   22.7   0.2    34    92    13    74    10    93 0.83 # 3 # 365 # 1 # ID=1156_1;partial=10;start_type=Edge;rbs_motif=None;rbs_spacer=None;gc_cont=0.292
NODE_2810_length_488_cov_1.583942_1     -            162 13565at2157          -            478   5.7e-05   22.1   0.0   1   1   2.2e-07   8.1e-05   21.6   0.0    36    97    62   121    57   134 0.89 # 1 # 486 # 1 # ID=2810_1;partial=11;start_type=Edge;rbs_motif=None;rbs_spacer=None;gc_cont=0.300
NODE_18_length_54583_cov_105.176054_9   -            983 13565at2157          -            478   0.00013   20.9   0.2   1   2   3.5e-07   0.00013   20.9   0.2    33    80    36    81    28   107 0.93 # 9351 # 12299 # 1 # ID=18_9;partial=00;start_type=ATG;rbs_motif=GGA/GAG/AGG;rbs_spacer=5-10bp;gc_cont=0.446
NODE_18_length_54583_cov_105.176054_9   -            983 13565at2157          -            478   0.00013   20.9   0.2   2   2       7.7   2.8e+03   -3.3   0.2   375   412   332   366   319   397 0.57 # 9351 # 12299 # 1 # ID=18_9;partial=00;start_type=ATG;rbs_motif=GGA/GAG/AGG;rbs_spacer=5-10bp;gc_cont=0.446
NODE_520_length_8838_cov_8.233307_5     -            673 13565at2157          -            478   0.00024   20.0   0.8   1   2       6.3   2.3e+03   -3.0   0.1   229   251   415   437   384   497 0.54 # 2768 # 4786 # -1 # ID=520_5;partial=00;start_type=ATG;rbs_motif=None;rbs_spacer=None;gc_cont=0.275
NODE_520_length_8838_cov_8.233307_5     -            673 13565at2157          -            478   0.00024   20.0   0.8   2   2   9.9e-07   0.00036   19.4   0.0    37    91   559   616   553   635 0.76 # 2768 # 4786 # -1 # ID=520_5;partial=00;start_type=ATG;rbs_motif=None;rbs_spacer=None;gc_cont=0.275
NODE_1241_length_2491_cov_61.953604_1   -            452 13565at2157          -            478   0.00025   20.0   0.0   1   1   1.3e-06   0.00048   19.0   0.0    30   117   343   428   340   433 0.82 # 129 # 1484 # -1 # ID=1241_1;partial=00;start_type=ATG;rbs_motif=None;rbs_spacer=None;gc_cont=0.430
NODE_61_length_32756_cov_67.833532_20   -            449 13565at2157          -            478   0.00032   19.6   0.5   1   1   1.2e-06   0.00046   19.1   0.5   347   455    74   187    68   208 0.81 # 20791 # 22137 # 1 # ID=61_20;partial=00;start_type=ATG;rbs_motif=None;rbs_spacer=None;gc_cont=0.473
NODE_289_length_14796_cov_97.112372_2   -           1439 13565at2157          -            478   0.00032   19.6   0.1   1   2       0.9   3.3e+02   -0.2   2.2   390   459   628   699   616   726 0.60 # 196 # 4512 # -1 # ID=289_2;partial=00;start_type=ATG;rbs_motif=AGGAG;rbs_spacer=5-10bp;gc_cont=0.435
NODE_289_length_14796_cov_97.112372_2   -           1439 13565at2157          -            478   0.00032   19.6   0.1   2   2   8.7e-07   0.00032   19.6   0.1    24    87  1326  1387  1321  1409 0.84 # 196 # 4512 # -1 # ID=289_2;partial=00;start_type=ATG;rbs_motif=AGGAG;rbs_spacer=5-10bp;gc_cont=0.435
NODE_84_length_28464_cov_7.097686_20    -            503 13565at2157          -            478   0.00037   19.4   0.2   1   2       2.1   7.9e+02   -1.5   1.7   199   238   133   181   106   336 0.58 # 15633 # 17141 # -1 # ID=84_20;partial=00;start_type=TTG;rbs_motif=GGA/GAG/AGG;rbs_spacer=5-10bp;gc_cont=0.278
NODE_84_length_28464_cov_7.097686_20    -            503 13565at2157          -            478   0.00037   19.4   0.2   2   2     1e-06   0.00037   19.4   0.2    34    97   394   460   391   487 0.80 # 15633 # 17141 # -1 # ID=84_20;partial=00;start_type=TTG;rbs_motif=GGA/GAG/AGG;rbs_spacer=5-10bp;gc_cont=0.278
NODE_740_length_5792_cov_124.691514_3   -            451 13565at2157          -            478   0.00048   19.0   0.0   1   1   2.1e-06   0.00076   18.4   0.0    44   111   355   423   346   434 0.76 # 2151 # 3503 # 1 # ID=740_3;partial=00;start_type=ATG;rbs_motif=GGAG/GAGG;rbs_spacer=5-10bp;gc_cont=0.489
NODE_141_length_22857_cov_87.346400_7   -            262 13565at2157          -            478   0.00065   18.6   0.8   1   2       2.4   8.8e+02   -1.6   0.1   420   420    75    75    10   137 0.55 # 7256 # 8041 # -1 # ID=141_7;partial=00;start_type=ATG;rbs_motif=GGA/GAG/AGG;rbs_spacer=5-10bp;gc_cont=0.415
NODE_141_length_22857_cov_87.346400_7   -            262 13565at2157          -            478   0.00065   18.6   0.8   2   2   2.7e-06     0.001   18.0   0.0    34    88   155   210   149   239 0.84 # 7256 # 8041 # -1 # ID=141_7;partial=00;start_type=ATG;rbs_motif=GGA/GAG/AGG;rbs_spacer=5-10bp;gc_cont=0.415
NODE_158_length_21221_cov_6.239028_22   -            843 13565at2157          -            478   0.00097   18.0   0.2   1   1   2.6e-06   0.00097   18.0   0.2    34    99   735   801   731   816 0.78 # 17663 # 20191 # -1 # ID=158_22;partial=00;start_type=ATG;rbs_motif=GGA/GAG/AGG;rbs_spacer=5-10bp;gc_cont=0.273
NODE_797_length_5193_cov_58.215794_4    -            614 13565at2157          -            478    0.0013   17.6   0.1   1   1   6.5e-06    0.0024   16.7   0.1    37    83    32    74    30    87 0.81 # 2912 # 4753 # -1 # ID=797_4;partial=00;start_type=ATG;rbs_motif=GGA/GAG/AGG;rbs_spacer=11-12bp;gc_cont=0.455
NODE_27_length_45651_cov_80.647847_22   -            110 13565at2157          -            478    0.0014   17.5   0.0   1   1   3.8e-06    0.0014   17.5   0.0    41    89     6    56     1   103 0.78 # 19698 # 20027 # 1 # ID=27_22;partial=00;start_type=TTG;rbs_motif=None;rbs_spacer=None;gc_cont=0.403
NODE_113_length_25499_cov_164.866690_10 -            396 13565at2157          -            478    0.0022   16.9   0.0   1   1   1.5e-05    0.0054   15.6   0.0    33   105   289   360   285   377 0.77 # 20634 # 21821 # 1 # ID=113_10;partial=00;start_type=ATG;rbs_motif=GGAGG;rbs_spacer=5-10bp;gc_cont=0.391
NODE_254_length_16152_cov_135.121120_5  -            359 13565at2157          -            478    0.0023   16.8   0.0   1   1   1.2e-05    0.0043   15.9   0.0    30   104   245   321   241   333 0.80 # 8003 # 9079 # -1 # ID=254_5;partial=00;start_type=ATG;rbs_motif=GGA/GAG/AGG;rbs_spacer=11-12bp;gc_cont=0.459
NODE_1399_length_2000_cov_4.651066_1    -            431 13565at2157          -            478    0.0025   16.7   0.2   1   2       1.5   5.4e+02   -0.9   1.0   397   446   182   233   154   266 0.52 # 1 # 1293 # 1 # ID=1399_1;partial=10;start_type=Edge;rbs_motif=None;rbs_spacer=None;gc_cont=0.286
NODE_1399_length_2000_cov_4.651066_1    -            431 13565at2157          -            478    0.0025   16.7   0.2   2   2   6.8e-06    0.0025   16.7   0.2    35    89   322   379   282   399 0.81 # 1 # 1293 # 1 # ID=1399_1;partial=10;start_type=Edge;rbs_motif=None;rbs_spacer=None;gc_cont=0.286
NODE_635_length_7039_cov_5.141770_3     -            614 13565at2157          -            478     0.003   16.4   1.0   1   2       4.7   1.7e+03   -2.6   0.2   402   442   247   288   230   341 0.44 # 2289 # 4130 # 1 # ID=635_3;partial=00;start_type=ATG;rbs_motif=None;rbs_spacer=None;gc_cont=0.306
NODE_635_length_7039_cov_5.141770_3     -            614 13565at2157          -            478     0.003   16.4   1.0   2   2   1.4e-05     0.005   15.7   0.0    40    92   515   571   507   595 0.71 # 2289 # 4130 # 1 # ID=635_3;partial=00;start_type=ATG;rbs_motif=None;rbs_spacer=None;gc_cont=0.306
NODE_283_length_14935_cov_75.044353_9   -            446 13565at2157          -            478     0.003   16.4   0.0   1   1   1.3e-05    0.0048   15.7   0.0    33   110   344   418   329   425 0.75 # 6487 # 7824 # -1 # ID=283_9;partial=00;start_type=ATG;rbs_motif=GGA/GAG/AGG;rbs_spacer=5-10bp;gc_cont=0.484
NODE_3176_length_415_cov_1.091716_1     -            137 13565at2157          -            478     0.003   16.4   0.4   1   2       1.3   4.7e+02   -0.7   0.3   380   425     8    53     6    71 0.64 # 3 # 413 # 1 # ID=3176_1;partial=11;start_type=Edge;rbs_motif=None;rbs_spacer=None;gc_cont=0.292
NODE_3176_length_415_cov_1.091716_1     -            137 13565at2157          -            478     0.003   16.4   0.4   2   2   8.3e-06     0.003   16.4   0.4    34    92    57   118    52   135 0.75 # 3 # 413 # 1 # ID=3176_1;partial=11;start_type=Edge;rbs_motif=None;rbs_spacer=None;gc_cont=0.292
NODE_308_length_14164_cov_152.758714_3  -            287 13565at2157          -            478    0.0034   16.2   0.8   1   2         3   1.1e+03   -1.9   0.1   425   459    96   129    55   147 0.46 # 2242 # 3102 # -1 # ID=308_3;partial=00;start_type=ATG;rbs_motif=None;rbs_spacer=None;gc_cont=0.354
NODE_308_length_14164_cov_152.758714_3  -            287 13565at2157          -            478    0.0034   16.2   0.8   2   2   1.5e-05    0.0055   15.5   0.1    36    91   164   223   157   243 0.79 # 2242 # 3102 # -1 # ID=308_3;partial=00;start_type=ATG;rbs_motif=None;rbs_spacer=None;gc_cont=0.354
NODE_1826_length_1167_cov_3.238532_1    -             90 13565at2157          -            478    0.0036   16.1   0.1   1   1   9.8e-06    0.0036   16.1   0.1    57   101    10    52     1    77 0.72 # 1 # 270 # 1 # ID=1826_1;partial=10;start_type=Edge;rbs_motif=None;rbs_spacer=None;gc_cont=0.307
NODE_1385_length_2029_cov_4.538462_3    -            410 13565at2157          -            478    0.0045   15.8   0.2   1   1   2.4e-05    0.0089   14.9   0.2    33   113   291   369   288   404 0.74 # 799 # 2028 # -1 # ID=1385_3;partial=01;start_type=Edge;rbs_motif=None;rbs_spacer=None;gc_cont=0.288
NODE_274_length_15220_cov_6.768408_6    -            247 13565at2157          -            478    0.0047   15.8   2.4   1   2      0.45   1.7e+02    0.8   0.1   177   238    18    79    14   122 0.70 # 4495 # 5235 # -1 # ID=274_6;partial=00;start_type=ATG;rbs_motif=AGGA/GGAG/GAGG;rbs_spacer=11-12bp;gc_cont=0.283
NODE_274_length_15220_cov_6.768408_6    -            247 13565at2157          -            478    0.0047   15.8   2.4   2   2   2.4e-05    0.0089   14.9   0.5    29    95   126   195   108   210 0.75 # 4495 # 5235 # -1 # ID=274_6;partial=00;start_type=ATG;rbs_motif=AGGA/GGAG/GAGG;rbs_spacer=11-12bp;gc_cont=0.283
NODE_614_length_7227_cov_85.276643_1    -            628 13565at2157          -            478    0.0052   15.6   0.1   1   1   2.3e-05    0.0085   14.9   0.1    39   105    37   109    33   128 0.76 # 77 # 1960 # -1 # ID=614_1;partial=00;start_type=ATG;rbs_motif=GGA/GAG/AGG;rbs_spacer=5-10bp;gc_cont=0.468
NODE_635_length_7039_cov_5.141770_6     -            546 13565at2157          -            478     0.006   15.4   0.0   1   1   3.9e-05     0.014   14.2   0.0    34   109   431   505   425   513 0.79 # 5268 # 6905 # -1 # ID=635_6;partial=00;start_type=ATG;rbs_motif=AGGA;rbs_spacer=5-10bp;gc_cont=0.314
NODE_188_length_19395_cov_115.274563_7  -            471 13565at2157          -            478    0.0062   15.4   0.0   1   1   2.7e-05      0.01   14.7   0.0    30   117   337   422   335   428 0.80 # 3788 # 5200 # -1 # ID=188_7;partial=00;start_type=ATG;rbs_motif=None;rbs_spacer=None;gc_cont=0.425
NODE_1280_length_2353_cov_7.165641_1    -            384 13565at2157          -            478    0.0067   15.3   1.0   1   2       2.4   8.7e+02   -1.6   0.2   421   441   209   228   137   264 0.60 # 3 # 1154 # 1 # ID=1280_1;partial=10;start_type=Edge;rbs_motif=None;rbs_spacer=None;gc_cont=0.295
NODE_1280_length_2353_cov_7.165641_1    -            384 13565at2157          -            478    0.0067   15.3   1.0   2   2   3.4e-05     0.012   14.4   0.1    63    91   307   335   290   356 0.71 # 3 # 1154 # 1 # ID=1280_1;partial=10;start_type=Edge;rbs_motif=None;rbs_spacer=None;gc_cont=0.295
NODE_366_length_11960_cov_74.184718_3   -            758 13565at2157          -            478    0.0073   15.1   0.1   1   2       5.3   1.9e+03   -2.7   0.0   388   436   416   466   402   499 0.56 # 2050 # 4323 # 1 # ID=366_3;partial=00;start_type=ATG;rbs_motif=None;rbs_spacer=None;gc_cont=0.409
NODE_366_length_11960_cov_74.184718_3   -            758 13565at2157          -            478    0.0073   15.1   0.1   2   2   5.8e-05     0.021   13.6   0.0    41    88   663   709   655   723 0.88 # 2050 # 4323 # 1 # ID=366_3;partial=00;start_type=ATG;rbs_motif=None;rbs_spacer=None;gc_cont=0.409
NODE_240_length_16582_cov_3.867555_17   -            570 13565at2157          -            478    0.0077   15.1   0.5   1   1   4.4e-05     0.016   14.0   0.5    20    92   446   519   444   539 0.77 # 14223 # 15932 # 1 # ID=240_17;partial=00;start_type=ATG;rbs_motif=GGAG/GAGG;rbs_spacer=5-10bp;gc_cont=0.290
NODE_2935_length_458_cov_2.937008_1     -            127 13565at2157          -            478    0.0077   15.1   0.1   1   1   2.5e-05    0.0091   14.8   0.1    35    96    19    82    14    99 0.75 # 1 # 381 # 1 # ID=2935_1;partial=10;start_type=Edge;rbs_motif=None;rbs_spacer=None;gc_cont=0.281
NODE_370_length_11823_cov_8.180998_12   -            267 13565at2157          -            478    0.0086   14.9   2.1   1   2      0.93   3.4e+02   -0.3   0.4   407   449    35    78    16   149 0.54 # 10698 # 11498 # -1 # ID=370_12;partial=00;start_type=ATG;rbs_motif=GGA/GAG/AGG;rbs_spacer=5-10bp;gc_cont=0.298
NODE_370_length_11823_cov_8.180998_12   -            267 13565at2157          -            478    0.0086   14.9   2.1   2   2   3.1e-05     0.011   14.5   0.1    36    87   162   216   157   238 0.79 # 10698 # 11498 # -1 # ID=370_12;partial=00;start_type=ATG;rbs_motif=GGA/GAG/AGG;rbs_spacer=5-10bp;gc_cont=0.298
NODE_175_length_20228_cov_6.772319_10   -            646 13565at2157          -            478     0.012   14.4   0.4   1   2       4.9   1.8e+03   -2.6   0.5   203   243   370   406   344   449 0.44 # 8855 # 10792 # -1 # ID=175_10;partial=00;start_type=TTG;rbs_motif=GGA/GAG/AGG;rbs_spacer=5-10bp;gc_cont=0.285
NODE_175_length_20228_cov_6.772319_10   -            646 13565at2157          -            478     0.012   14.4   0.4   2   2   3.3e-05     0.012   14.4   0.4    33   126   530   621   525   643 0.70 # 8855 # 10792 # -1 # ID=175_10;partial=00;start_type=TTG;rbs_motif=GGA/GAG/AGG;rbs_spacer=5-10bp;gc_cont=0.285
NODE_1268_length_2376_cov_79.945194_1   -            424 13565at2157          -            478     0.013   14.3   0.0   1   1   6.6e-05     0.024   13.4   0.0    34   119   322   405   316   409 0.76 # 176 # 1447 # -1 # ID=1268_1;partial=00;start_type=ATG;rbs_motif=None;rbs_spacer=None;gc_cont=0.475
NODE_834_length_4841_cov_119.000000_2   -            573 13565at2157          -            478     0.016   14.1   1.9   1   2       1.5   5.5e+02   -0.9   0.4   390   428   283   320   265   401 0.48 # 423 # 2141 # 1 # ID=834_2;partial=00;start_type=ATG;rbs_motif=AGGA/GGAG/GAGG;rbs_spacer=11-12bp;gc_cont=0.400
NODE_834_length_4841_cov_119.000000_2   -            573 13565at2157          -            478     0.016   14.1   1.9   2   2   6.1e-05     0.023   13.5   0.1    39   102   475   537   467   552 0.80 # 423 # 2141 # 1 # ID=834_2;partial=00;start_type=ATG;rbs_motif=AGGA/GGAG/GAGG;rbs_spacer=11-12bp;gc_cont=0.400
NODE_75_length_29642_cov_9.402672_6     -            747 13565at2157          -            478     0.019   13.7   0.3   1   2       3.4   1.2e+03   -2.1   0.0   156   186   422   452   351   461 0.69 # 4464 # 6704 # 1 # ID=75_6;partial=00;start_type=ATG;rbs_motif=GGA/GAG/AGG;rbs_spacer=5-10bp;gc_cont=0.293
NODE_75_length_29642_cov_9.402672_6     -            747 13565at2157          -            478     0.019   13.7   0.3   2   2    0.0002     0.074   11.8   0.1    34   109   639   712   634   734 0.71 # 4464 # 6704 # 1 # ID=75_6;partial=00;start_type=ATG;rbs_motif=GGA/GAG/AGG;rbs_spacer=5-10bp;gc_cont=0.293
NODE_891_length_4481_cov_3.146912_1     -            273 13565at2157          -            478     0.025   13.4   0.9   1   2       1.2   4.5e+02   -0.6   0.1   184   227    54    97     8   141 0.62 # 3 # 821 # 1 # ID=891_1;partial=10;start_type=Edge;rbs_motif=None;rbs_spacer=None;gc_cont=0.310
NODE_891_length_4481_cov_3.146912_1     -            273 13565at2157          -            478     0.025   13.4   0.9   2   2   0.00015     0.053   12.3   0.1    40   121   165   244   152   267 0.64 # 3 # 821 # 1 # ID=891_1;partial=10;start_type=Edge;rbs_motif=None;rbs_spacer=None;gc_cont=0.310
NODE_1329_length_2197_cov_51.456132_1   -            582 13565at2157          -            478     0.028   13.2   0.1   1   1   0.00012     0.046   12.5   0.1    33    90   453   508   448   539 0.80 # 450 # 2195 # 1 # ID=1329_1;partial=01;start_type=ATG;rbs_motif=AGGA/GGAG/GAGG;rbs_spacer=11-12bp;gc_cont=0.429
NODE_529_length_8675_cov_58.850547_2    -            366 13565at2157          -            478     0.037   12.8   0.0   1   1   0.00021     0.079   11.7   0.0    32    87   257   311   254   332 0.86 # 323 # 1420 # -1 # ID=529_2;partial=00;start_type=ATG;rbs_motif=None;rbs_spacer=None;gc_cont=0.414
NODE_4123_length_300_cov_1.659193_1     -             99 13565at2157          -            478     0.049   12.4   0.2   1   1   0.00015     0.054   12.3   0.2    27    87    24    83     7    93 0.83 # 3 # 299 # -1 # ID=4123_1;partial=11;start_type=Edge;rbs_motif=None;rbs_spacer=None;gc_cont=0.387
NODE_1042_length_3365_cov_150.775547_3  -            208 13565at2157          -            478      0.05   12.4   0.5   1   1   0.00022     0.081   11.7   0.5    34    87   101   153    96   155 0.87 # 2740 # 3363 # -1 # ID=1042_3;partial=01;start_type=Edge;rbs_motif=None;rbs_spacer=None;gc_cont=0.399
NODE_499_length_9251_cov_82.236865_3    -             93 13565at2157          -            478     0.052   12.3   0.2   1   1   0.00014     0.051   12.4   0.2   393   455    11    78     1    91 0.78 # 1337 # 1615 # 1 # ID=499_3;partial=00;start_type=ATG;rbs_motif=None;rbs_spacer=None;gc_cont=0.423
NODE_548_length_8390_cov_87.591724_7    -             87 13565at2157          -            478     0.064   12.0   0.0   1   1   0.00019      0.07   11.9   0.0    59   107     5    50     2    69 0.76 # 8128 # 8388 # -1 # ID=548_7;partial=01;start_type=Edge;rbs_motif=None;rbs_spacer=None;gc_cont=0.464
NODE_713_length_6182_cov_4.845700_1     -             75 13565at2157          -            478     0.067   12.0   0.0   1   1   0.00018     0.067   12.0   0.0    66   125     4    61     1    69 0.83 # 1 # 225 # 1 # ID=713_1;partial=10;start_type=Edge;rbs_motif=None;rbs_spacer=None;gc_cont=0.280
NODE_19_length_54395_cov_98.907231_5    -            598 13565at2157          -            478     0.067   12.0   0.0   1   1   0.00038      0.14   10.9   0.0    39    88   500   548   492   565 0.87 # 3162 # 4955 # -1 # ID=19_5;partial=00;start_type=ATG;rbs_motif=None;rbs_spacer=None;gc_cont=0.404
NODE_121_length_25127_cov_116.260639_4  -            485 13565at2157          -            478      0.07   11.9   0.6   1   2       2.3   8.4e+02   -1.5   0.3   404   449    86   133    64   168 0.60 # 3583 # 5037 # -1 # ID=121_4;partial=00;start_type=ATG;rbs_motif=GGAG/GAGG;rbs_spacer=5-10bp;gc_cont=0.438
NODE_121_length_25127_cov_116.260639_4  -            485 13565at2157          -            478      0.07   11.9   0.6   2   2   0.00046      0.17   10.6   0.0    68    97   407   436   373   449 0.83 # 3583 # 5037 # -1 # ID=121_4;partial=00;start_type=ATG;rbs_motif=GGAG/GAGG;rbs_spacer=5-10bp;gc_cont=0.438
NODE_1289_length_2331_cov_47.573203_1   -            696 13565at2157          -            478     0.071   11.9   0.1   1   1    0.0003      0.11   11.2   0.1    33    88   567   620   562   644 0.84 # 3 # 2090 # -1 # ID=1289_1;partial=10;start_type=ATG;rbs_motif=AGGAG;rbs_spacer=5-10bp;gc_cont=0.427
NODE_23_length_50295_cov_87.702099_28   -            646 13565at2157          -            478     0.078   11.7   0.2   1   2   0.00061      0.23   10.2   0.0    52    90    62   100    34   129 0.84 # 26377 # 28314 # -1 # ID=23_28;partial=00;start_type=ATG;rbs_motif=AGGAG;rbs_spacer=5-10bp;gc_cont=0.455
NODE_23_length_50295_cov_87.702099_28   -            646 13565at2157          -            478     0.078   11.7   0.2   2   2       2.8     1e+03   -1.9   0.0   131   206   166   240   160   330 0.79 # 26377 # 28314 # -1 # ID=23_28;partial=00;start_type=ATG;rbs_motif=AGGAG;rbs_spacer=5-10bp;gc_cont=0.455
NODE_453_length_10087_cov_91.056244_7   -            741 13565at2157          -            478      0.08   11.7   0.6   1   2       5.7   2.1e+03   -2.9   0.1   223   410   250   268   228   315 0.45 # 5537 # 7759 # 1 # ID=453_7;partial=00;start_type=ATG;rbs_motif=GGA/GAG/AGG;rbs_spacer=5-10bp;gc_cont=0.424
NODE_453_length_10087_cov_91.056244_7   -            741 13565at2157          -            478      0.08   11.7   0.6   2   2   0.00042      0.15   10.8   0.0    36   107   394   462   389   481 0.72 # 5537 # 7759 # 1 # ID=453_7;partial=00;start_type=ATG;rbs_motif=GGA/GAG/AGG;rbs_spacer=5-10bp;gc_cont=0.424
NODE_3115_length_426_cov_1.553009_2     -            100 13565at2157          -            478      0.12   11.1   0.3   1   1   0.00031      0.11   11.2   0.3    58    93    12    47     5    86 0.79 # 51 # 350 # 1 # ID=3115_2;partial=00;start_type=ATG;rbs_motif=None;rbs_spacer=None;gc_cont=0.293
NODE_2058_length_886_cov_130.613103_1   -            295 13565at2157          -            478      0.14   11.0   0.0   1   1   0.00055       0.2   10.4   0.0    32    88   125   182   122   214 0.84 # 1 # 885 # 1 # ID=2058_1;partial=11;start_type=Edge;rbs_motif=None;rbs_spacer=None;gc_cont=0.415
NODE_650_length_6908_cov_100.171132_10  -           1020 13565at2157          -            478      0.14   10.9   0.0   1   1   0.00064      0.24   10.2   0.0    30    88   683   741   681   785 0.84 # 3693 # 6752 # 1 # ID=650_10;partial=00;start_type=ATG;rbs_motif=None;rbs_spacer=None;gc_cont=0.392
NODE_1426_length_1896_cov_82.292468_1   -             95 13565at2157          -            478      0.22   10.3   0.0   1   1   0.00064      0.24   10.2   0.0    41    87    16    63     8    76 0.74 # 100 # 384 # -1 # ID=1426_1;partial=00;start_type=ATG;rbs_motif=GGAG/GAGG;rbs_spacer=5-10bp;gc_cont=0.435
NODE_138_length_23057_cov_80.418407_18  -            113 13565at2157          -            478      0.23   10.2   0.0   1   1   0.00065      0.24   10.1   0.0    31    80    30    79    28   111 0.83 # 18694 # 19032 # -1 # ID=138_18;partial=00;start_type=ATG;rbs_motif=AGGA;rbs_spacer=5-10bp;gc_cont=0.395
NODE_1282_length_2352_cov_3.514286_2    -            272 13565at2157          -            478      0.28    9.9   5.5   1   2      0.39   1.4e+02    1.0   0.7   173   228    19    74    16   158 0.66 # 1119 # 1934 # 1 # ID=1282_2;partial=00;start_type=ATG;rbs_motif=None;rbs_spacer=None;gc_cont=0.284
NODE_1282_length_2352_cov_3.514286_2    -            272 13565at2157          -            478      0.28    9.9   5.5   2   2   0.00024      0.09   11.5   0.3    35    97   163   229   148   243 0.80 # 1119 # 1934 # 1 # ID=1282_2;partial=00;start_type=ATG;rbs_motif=None;rbs_spacer=None;gc_cont=0.284
NODE_1021_length_3518_cov_150.214763_3  -             87 13565at2157          -            478      0.29    9.9   0.0   1   1   0.00085      0.31    9.7   0.0    59    97     5    43     2    70 0.76 # 3256 # 3516 # -1 # ID=1021_3;partial=01;start_type=Edge;rbs_motif=None;rbs_spacer=None;gc_cont=0.456
NODE_579_length_7823_cov_7.048283_3     -            635 13565at2157          -            478      0.35    9.6   5.2   1   3       8.4   3.1e+03   -3.4   0.1   199   235    38    74    27   149 0.51 # 2974 # 4878 # 1 # ID=579_3;partial=00;start_type=ATG;rbs_motif=GGA/GAG/AGG;rbs_spacer=5-10bp;gc_cont=0.281
NODE_579_length_7823_cov_7.048283_3     -            635 13565at2157          -            478      0.35    9.6   5.2   2   3       4.7   1.7e+03   -2.6   0.1   258   285   426   453   381   475 0.51 # 2974 # 4878 # 1 # ID=579_3;partial=00;start_type=ATG;rbs_motif=GGA/GAG/AGG;rbs_spacer=5-10bp;gc_cont=0.281
NODE_579_length_7823_cov_7.048283_3     -            635 13565at2157          -            478      0.35    9.6   5.2   3   3   0.00016     0.058   12.2   0.4    33    91   520   581   511   613 0.78 # 2974 # 4878 # 1 # ID=579_3;partial=00;start_type=ATG;rbs_motif=GGA/GAG/AGG;rbs_spacer=5-10bp;gc_cont=0.281
NODE_397_length_11363_cov_53.542265_2   -            476 13565at2157          -            478      0.38    9.5   4.4   1   2      0.89   3.3e+02   -0.2   0.6   394   450   132   191   111   226 0.53 # 1032 # 2459 # 1 # ID=397_2;partial=00;start_type=ATG;rbs_motif=None;rbs_spacer=None;gc_cont=0.380
NODE_397_length_11363_cov_53.542265_2   -            476 13565at2157          -            478      0.38    9.5   4.4   2   2   0.00055       0.2   10.4   0.1    37    92   371   425   366   440 0.84 # 1032 # 2459 # 1 # ID=397_2;partial=00;start_type=ATG;rbs_motif=None;rbs_spacer=None;gc_cont=0.380
#
# Program:         hmmsearch
# Version:         3.1b2 (February 2015)
# Pipeline mode:   SEARCH
# Query file:      /home/mira/Bacteria2022/Thiomargarita_magnifica/qc_assembly/busco_results/busco_downloads/lineages/archaea_odb10/hmms/13565at2157.hmm
# Target file:     /home/mira/Bacteria2022/Thiomargarita_magnifica/qc_assembly/busco_results/busco_results/prodigal_output/predicted_genes/predicted.faa
# Option settings: hmmsearch --domtblout /home/mira/Bacteria2022/Thiomargarita_magnifica/qc_assembly/busco_results/busco_results/auto_lineage/run_archaea_odb10/hmmer_output/13565at2157.out --cpu 1 /home/mira/Bacteria2022/Thiomargarita_magnifica/qc_assembly/busco_results/busco_downloads/lineages/archaea_odb10/hmms/13565at2157.hmm /home/mira/Bacteria2022/Thiomargarita_magnifica/qc_assembly/busco_results/busco_results/prodigal_output/predicted_genes/predicted.faa 
# Current dir:     /home/mira/Bacteria2022/Thiomargarita_magnifica/qc_assembly/busco_results
# Date:            Tue Jul 12 12:51:49 2022
# [ok]
