#                                                                                              --- full sequence --- -------------- this domain -------------   hmm coord   ali coord   env coord
# target name                          accession   tlen query name           accession   qlen   E-value  score  bias   #  of  c-Evalue  i-Evalue  score  bias  from    to  from    to  from    to  acc description of target
#                  ------------------- ---------- ----- -------------------- ---------- ----- --------- ------ ----- --- --- --------- --------- ------ ----- ----- ----- ----- ----- ----- ----- ---- ---------------------
NODE_978_length_3843_cov_100.559214_2  -            544 14061at2157          -            452    8e-175  582.3   0.0   1   3  2.6e-111  5.5e-108  362.0   0.0     1   253     1   263     1   268 0.94 # 500 # 2131 # 1 # ID=978_2;partial=00;start_type=ATG;rbs_motif=None;rbs_spacer=None;gc_cont=0.446
NODE_978_length_3843_cov_100.559214_2  -            544 14061at2157          -            452    8e-175  582.3   0.0   2   3   2.6e-08   5.6e-05   22.5   0.1   250   285   286   323   275   332 0.83 # 500 # 2131 # 1 # ID=978_2;partial=00;start_type=ATG;rbs_motif=None;rbs_spacer=None;gc_cont=0.446
NODE_978_length_3843_cov_100.559214_2  -            544 14061at2157          -            452    8e-175  582.3   0.0   3   3   1.6e-60   3.4e-57  194.6   0.0   272   452   331   533   322   533 0.85 # 500 # 2131 # 1 # ID=978_2;partial=00;start_type=ATG;rbs_motif=None;rbs_spacer=None;gc_cont=0.446
NODE_688_length_6455_cov_10.425525_3   -            539 14061at2157          -            452  2.2e-164  547.9   1.2   1   1  3.9e-163  8.3e-160  532.8   1.2     1   452     1   533     1   533 0.85 # 1367 # 2983 # 1 # ID=688_3;partial=00;start_type=ATG;rbs_motif=AGGA;rbs_spacer=5-10bp;gc_cont=0.343
NODE_168_length_20620_cov_90.139610_21 -            373 14061at2157          -            452    0.0046   16.2   0.0   1   2   5.6e-06     0.012   14.8   0.0   285   330   231   277   213   303 0.77 # 19307 # 20425 # 1 # ID=168_21;partial=00;start_type=ATG;rbs_motif=None;rbs_spacer=None;gc_cont=0.447
NODE_168_length_20620_cov_90.139610_21 -            373 14061at2157          -            452    0.0046   16.2   0.0   2   2      0.67   1.4e+03   -1.9   0.0   426   451   344   369   332   370 0.88 # 19307 # 20425 # 1 # ID=168_21;partial=00;start_type=ATG;rbs_motif=None;rbs_spacer=None;gc_cont=0.447
NODE_1059_length_3255_cov_2.330711_2   -            204 14061at2157          -            452    0.0066   15.6   0.5   1   2   0.00011      0.23   10.5   0.0   306   325    67    86    39    95 0.84 # 1096 # 1707 # 1 # ID=1059_2;partial=00;start_type=ATG;rbs_motif=GGA/GAG/AGG;rbs_spacer=11-12bp;gc_cont=0.288
NODE_1059_length_3255_cov_2.330711_2   -            204 14061at2157          -            452    0.0066   15.6   0.5   2   2     0.015        32    3.5   0.2   389   438   143   191   121   200 0.70 # 1096 # 1707 # 1 # ID=1059_2;partial=00;start_type=ATG;rbs_motif=GGA/GAG/AGG;rbs_spacer=11-12bp;gc_cont=0.288
NODE_384_length_11609_cov_91.210978_5  -            210 14061at2157          -            452     0.013   14.7   0.1   1   2     3e-05     0.065   12.4   0.0   299   325    64    89    29    96 0.80 # 4724 # 5353 # 1 # ID=384_5;partial=00;start_type=ATG;rbs_motif=AGGA;rbs_spacer=5-10bp;gc_cont=0.471
NODE_384_length_11609_cov_91.210978_5  -            210 14061at2157          -            452     0.013   14.7   0.1   2   2      0.18   3.8e+02   -0.1   0.0   396   437   155   196   144   202 0.66 # 4724 # 5353 # 1 # ID=384_5;partial=00;start_type=ATG;rbs_motif=AGGA;rbs_spacer=5-10bp;gc_cont=0.471
NODE_268_length_15571_cov_90.366787_6  -            523 14061at2157          -            452     0.015   14.5   0.1   1   2   0.00053       1.1    8.3   0.0   306   335    71   100    42   107 0.78 # 4335 # 5903 # 1 # ID=268_6;partial=00;start_type=ATG;rbs_motif=None;rbs_spacer=None;gc_cont=0.460
NODE_268_length_15571_cov_90.366787_6  -            523 14061at2157          -            452     0.015   14.5   0.1   2   2     0.012        25    3.8   0.0   403   440   150   187   141   198 0.80 # 4335 # 5903 # 1 # ID=268_6;partial=00;start_type=ATG;rbs_motif=None;rbs_spacer=None;gc_cont=0.460
NODE_240_length_16582_cov_3.867555_2   -            373 14061at2157          -            452     0.019   14.1   0.1   1   2   3.2e-05     0.068   12.3   0.0   303   358   253   308   236   318 0.82 # 1660 # 2778 # -1 # ID=240_2;partial=00;start_type=ATG;rbs_motif=AGGA;rbs_spacer=5-10bp;gc_cont=0.319
NODE_240_length_16582_cov_3.867555_2   -            373 14061at2157          -            452     0.019   14.1   0.1   2   2      0.35   7.5e+02   -1.0   0.0   424   450   342   368   309   370 0.78 # 1660 # 2778 # -1 # ID=240_2;partial=00;start_type=ATG;rbs_motif=AGGA;rbs_spacer=5-10bp;gc_cont=0.319
NODE_2017_length_926_cov_1.400471_2    -            210 14061at2157          -            452     0.025   13.7   0.2   1   2    0.0013       2.7    7.1   0.0   304   324    67    87    24    93 0.83 # 296 # 925 # -1 # ID=2017_2;partial=01;start_type=Edge;rbs_motif=None;rbs_spacer=None;gc_cont=0.278
NODE_2017_length_926_cov_1.400471_2    -            210 14061at2157          -            452     0.025   13.7   0.2   2   2    0.0057        12    4.9   0.2   405   438   166   199   141   205 0.73 # 296 # 925 # -1 # ID=2017_2;partial=01;start_type=Edge;rbs_motif=None;rbs_spacer=None;gc_cont=0.278
NODE_1135_length_2920_cov_4.180091_1   -            204 14061at2157          -            452     0.053   12.7   0.0   1   1   3.5e-05     0.075   12.2   0.0   297   325    57    85    36    93 0.88 # 204 # 815 # 1 # ID=1135_1;partial=00;start_type=TTG;rbs_motif=GGAGG;rbs_spacer=5-10bp;gc_cont=0.327
NODE_83_length_28496_cov_99.911714_2   -            191 14061at2157          -            452     0.074   12.2   0.1   1   2    0.0002      0.44    9.7   0.0   285   332    45    92    30   108 0.72 # 1783 # 2355 # 1 # ID=83_2;partial=00;start_type=ATG;rbs_motif=GGAGG;rbs_spacer=5-10bp;gc_cont=0.455
NODE_83_length_28496_cov_99.911714_2   -            191 14061at2157          -            452     0.074   12.2   0.1   2   2      0.12   2.5e+02    0.5   0.0   414   436   153   175   125   189 0.64 # 1783 # 2355 # 1 # ID=83_2;partial=00;start_type=ATG;rbs_motif=GGAGG;rbs_spacer=5-10bp;gc_cont=0.455
#
# Program:         hmmsearch
# Version:         3.1b2 (February 2015)
# Pipeline mode:   SEARCH
# Query file:      /home/mira/Bacteria2022/Thiomargarita_magnifica/qc_assembly/busco_results/busco_downloads/lineages/archaea_odb10/hmms/14061at2157.hmm
# Target file:     /home/mira/Bacteria2022/Thiomargarita_magnifica/qc_assembly/busco_results/busco_results/prodigal_output/predicted_genes/predicted.faa
# Option settings: hmmsearch --domtblout /home/mira/Bacteria2022/Thiomargarita_magnifica/qc_assembly/busco_results/busco_results/auto_lineage/run_archaea_odb10/hmmer_output/14061at2157.out --cpu 1 /home/mira/Bacteria2022/Thiomargarita_magnifica/qc_assembly/busco_results/busco_downloads/lineages/archaea_odb10/hmms/14061at2157.hmm /home/mira/Bacteria2022/Thiomargarita_magnifica/qc_assembly/busco_results/busco_results/prodigal_output/predicted_genes/predicted.faa 
# Current dir:     /home/mira/Bacteria2022/Thiomargarita_magnifica/qc_assembly/busco_results
# Date:            Tue Jul 12 12:51:49 2022
# [ok]
