#                                                                                               --- full sequence --- -------------- this domain -------------   hmm coord   ali coord   env coord
# target name                           accession   tlen query name           accession   qlen   E-value  score  bias   #  of  c-Evalue  i-Evalue  score  bias  from    to  from    to  from    to  acc description of target
#                   ------------------- ---------- ----- -------------------- ---------- ----- --------- ------ ----- --- --- --------- --------- ------ ----- ----- ----- ----- ----- ----- ----- ---- ---------------------
NODE_154_length_21491_cov_62.445736_6   -            619 14889at2157          -            529   1.2e-73  248.5  18.3   1   1   1.1e-73   1.1e-70  238.7  18.3    72   522    79   614     1   618 0.87 # 8424 # 10280 # -1 # ID=154_6;partial=00;start_type=ATG;rbs_motif=None;rbs_spacer=None;gc_cont=0.451
NODE_5060_length_262_cov_0.800000_1     -             87 14889at2157          -            529   6.7e-07   28.3   9.1   1   1   6.9e-10   7.1e-07   28.2   9.1   415   488     9    77     1    86 0.65 # 2 # 262 # 1 # ID=5060_1;partial=11;start_type=Edge;rbs_motif=None;rbs_spacer=None;gc_cont=0.429
NODE_1210_length_2593_cov_113.695548_2  -            381 14889at2157          -            529     0.014   14.0   3.0   1   2   0.00019      0.19   10.3   0.2    56   117   105   164    82   180 0.86 # 1451 # 2593 # 1 # ID=1210_2;partial=01;start_type=TTG;rbs_motif=None;rbs_spacer=None;gc_cont=0.421
NODE_1210_length_2593_cov_113.695548_2  -            381 14889at2157          -            529     0.014   14.0   3.0   2   2     0.012        12    4.4   0.2    69   136   200   266   182   300 0.81 # 1451 # 2593 # 1 # ID=1210_2;partial=01;start_type=TTG;rbs_motif=None;rbs_spacer=None;gc_cont=0.421
NODE_1270_length_2373_cov_2.735192_1    -            116 14889at2157          -            529     0.022   13.4   7.2   1   1   2.3e-05     0.023   13.3   7.2    49   114    50   115    17   116 0.76 # 3 # 350 # -1 # ID=1270_1;partial=10;start_type=ATG;rbs_motif=AGxAGG/AGGxGG;rbs_spacer=5-10bp;gc_cont=0.328
NODE_888_length_4494_cov_3.834729_2     -             75 14889at2157          -            529     0.022   13.4   2.2   1   1   2.4e-05     0.024   13.3   2.2   184   232    13    61     2    65 0.77 # 172 # 396 # -1 # ID=888_2;partial=00;start_type=ATG;rbs_motif=None;rbs_spacer=None;gc_cont=0.240
NODE_3875_length_325_cov_1.193548_1     -            107 14889at2157          -            529     0.052   12.2   1.3   1   1   5.7e-05     0.058   12.0   1.3    72   116    26    69    10    81 0.83 # 3 # 323 # -1 # ID=3875_1;partial=11;start_type=Edge;rbs_motif=None;rbs_spacer=None;gc_cont=0.262
NODE_740_length_5792_cov_124.691514_1   -            357 14889at2157          -            529     0.098   11.2   0.7   1   1   0.00013      0.13   10.8   0.7    61   116    44    98    17   100 0.82 # 195 # 1265 # 1 # ID=740_1;partial=00;start_type=ATG;rbs_motif=GGAG/GAGG;rbs_spacer=5-10bp;gc_cont=0.478
NODE_161_length_21091_cov_80.195060_13  -             85 14889at2157          -            529      0.22   10.1   2.4   1   1   0.00024      0.24    9.9   2.4    80   130     6    55     2    74 0.81 # 12458 # 12712 # 1 # ID=161_13;partial=00;start_type=ATG;rbs_motif=GGAG/GAGG;rbs_spacer=5-10bp;gc_cont=0.373
NODE_36_length_43095_cov_111.927124_48  -            476 14889at2157          -            529      0.39    9.3   0.3   1   1   0.00057      0.58    8.7   0.3   199   244    41    86    29    89 0.89 # 39713 # 41140 # -1 # ID=36_48;partial=00;start_type=ATG;rbs_motif=None;rbs_spacer=None;gc_cont=0.457
NODE_498_length_9256_cov_114.419654_3   -            868 14889at2157          -            529      0.51    8.9   1.4   1   1   0.00087      0.88    8.1   1.4    62   123   439   499   421   528 0.74 # 1201 # 3804 # -1 # ID=498_3;partial=00;start_type=ATG;rbs_motif=AGGA;rbs_spacer=5-10bp;gc_cont=0.495
NODE_610_length_7311_cov_31.686342_1    -            333 14889at2157          -            529      0.95    8.0   3.6   1   1    0.0017       1.7    7.1   3.6   419   477   236   292   227   309 0.66 # 202 # 1200 # -1 # ID=610_1;partial=00;start_type=ATG;rbs_motif=None;rbs_spacer=None;gc_cont=0.580
NODE_61_length_32756_cov_67.833532_20   -            449 14889at2157          -            529       1.3    7.5   4.1   1   1    0.0019       1.9    7.0   4.1   177   238   134   195   119   202 0.90 # 20791 # 22137 # 1 # ID=61_20;partial=00;start_type=ATG;rbs_motif=None;rbs_spacer=None;gc_cont=0.473
NODE_479_length_9638_cov_160.559042_3   -            210 14889at2157          -            529       1.5    7.3  13.1   1   2   0.00085      0.86    8.1   1.4    76   118    82   125    71   130 0.86 # 4125 # 4754 # -1 # ID=479_3;partial=00;start_type=ATG;rbs_motif=AGGAG;rbs_spacer=5-10bp;gc_cont=0.470
NODE_479_length_9638_cov_160.559042_3   -            210 14889at2157          -            529       1.5    7.3  13.1   2   2    0.0099        10    4.6   4.4    45   115   134   204   126   207 0.88 # 4125 # 4754 # -1 # ID=479_3;partial=00;start_type=ATG;rbs_motif=AGGAG;rbs_spacer=5-10bp;gc_cont=0.470
NODE_316_length_13942_cov_125.739632_3  -            750 14889at2157          -            529       1.7    7.2  10.0   1   3     0.019        19    3.7   0.6   179   216   368   405   351   413 0.45 # 2152 # 4401 # -1 # ID=316_3;partial=00;start_type=ATG;rbs_motif=GGA/GAG/AGG;rbs_spacer=5-10bp;gc_cont=0.427
NODE_316_length_13942_cov_125.739632_3  -            750 14889at2157          -            529       1.7    7.2  10.0   2   3   0.00056      0.57    8.7   0.8    75   132   460   517   443   522 0.83 # 2152 # 4401 # -1 # ID=316_3;partial=00;start_type=ATG;rbs_motif=GGA/GAG/AGG;rbs_spacer=5-10bp;gc_cont=0.427
NODE_316_length_13942_cov_125.739632_3  -            750 14889at2157          -            529       1.7    7.2  10.0   3   3      0.71   7.2e+02   -1.5   0.1    80   109   527   556   516   570 0.48 # 2152 # 4401 # -1 # ID=316_3;partial=00;start_type=ATG;rbs_motif=GGA/GAG/AGG;rbs_spacer=5-10bp;gc_cont=0.427
NODE_48_length_37672_cov_110.089773_4   -            328 14889at2157          -            529         2    6.9  11.7   1   2    0.0013       1.4    7.5   2.2   145   230    25   110     6   114 0.76 # 4467 # 5450 # -1 # ID=48_4;partial=00;start_type=ATG;rbs_motif=GGAGG;rbs_spacer=5-10bp;gc_cont=0.446
NODE_48_length_37672_cov_110.089773_4   -            328 14889at2157          -            529         2    6.9  11.7   2   2     0.011        11    4.5   3.4    64   144   109   186   101   206 0.62 # 4467 # 5450 # -1 # ID=48_4;partial=00;start_type=ATG;rbs_motif=GGAGG;rbs_spacer=5-10bp;gc_cont=0.446
NODE_646_length_6964_cov_132.589952_5   -            261 14889at2157          -            529         4    5.9  11.1   1   2    0.0014       1.4    7.4   4.8    47   112    66   134    40   206 0.58 # 6180 # 6962 # 1 # ID=646_5;partial=01;start_type=ATG;rbs_motif=GGAG/GAGG;rbs_spacer=5-10bp;gc_cont=0.424
NODE_646_length_6964_cov_132.589952_5   -            261 14889at2157          -            529         4    5.9  11.1   2   2     0.062        63    2.0   1.0    55   104   210   258   173   261 0.70 # 6180 # 6962 # 1 # ID=646_5;partial=01;start_type=ATG;rbs_motif=GGAG/GAGG;rbs_spacer=5-10bp;gc_cont=0.424
NODE_79_length_29016_cov_89.760358_26   -            209 14889at2157          -            529         5    5.6  10.6   1   2    0.0017       1.7    7.1   5.1    32   128    65   161    60   167 0.82 # 15415 # 16041 # -1 # ID=79_26;partial=00;start_type=ATG;rbs_motif=GGA/GAG/AGG;rbs_spacer=5-10bp;gc_cont=0.413
NODE_79_length_29016_cov_89.760358_26   -            209 14889at2157          -            529         5    5.6  10.6   2   2     0.031        31    3.0   0.5   188   226   162   200   153   207 0.52 # 15415 # 16041 # -1 # ID=79_26;partial=00;start_type=ATG;rbs_motif=GGA/GAG/AGG;rbs_spacer=5-10bp;gc_cont=0.413
NODE_559_length_8232_cov_84.481177_2    -            173 14889at2157          -            529       5.5    5.5   5.1   1   2    0.0024       2.4    6.6   1.5    46   111    66   130    53   137 0.59 # 630 # 1148 # -1 # ID=559_2;partial=00;start_type=ATG;rbs_motif=GGAG/GAGG;rbs_spacer=5-10bp;gc_cont=0.435
NODE_559_length_8232_cov_84.481177_2    -            173 14889at2157          -            529       5.5    5.5   5.1   2   2       0.2     2e+02    0.3   0.2    80    99   145   164   124   172 0.56 # 630 # 1148 # -1 # ID=559_2;partial=00;start_type=ATG;rbs_motif=GGAG/GAGG;rbs_spacer=5-10bp;gc_cont=0.435
NODE_136_length_23326_cov_112.483806_10 -            348 14889at2157          -            529       7.1    5.1  19.0   1   2   0.00015      0.15   10.6   5.7    28   115    39   124    18   128 0.91 # 13071 # 14114 # 1 # ID=136_10;partial=00;start_type=ATG;rbs_motif=GGAG/GAGG;rbs_spacer=5-10bp;gc_cont=0.466
NODE_136_length_23326_cov_112.483806_10 -            348 14889at2157          -            529       7.1    5.1  19.0   2   2      0.25   2.6e+02   -0.0   5.6    60   106   133   178   123   217 0.49 # 13071 # 14114 # 1 # ID=136_10;partial=00;start_type=ATG;rbs_motif=GGAG/GAGG;rbs_spacer=5-10bp;gc_cont=0.466
NODE_98_length_26888_cov_98.135131_18   -            235 14889at2157          -            529       7.9    4.9  13.0   1   2     0.012        12    4.3   1.8    57   116    18    76    11    85 0.81 # 18193 # 18897 # -1 # ID=98_18;partial=00;start_type=ATG;rbs_motif=AGGAG;rbs_spacer=5-10bp;gc_cont=0.462
NODE_98_length_26888_cov_98.135131_18   -            235 14889at2157          -            529       7.9    4.9  13.0   2   2    0.0028       2.8    6.4   3.2    74   114    96   135    77   173 0.64 # 18193 # 18897 # -1 # ID=98_18;partial=00;start_type=ATG;rbs_motif=AGGAG;rbs_spacer=5-10bp;gc_cont=0.462
NODE_606_length_7372_cov_139.008910_1   -            264 14889at2157          -            529         9    4.8  23.1   1   2     0.014        15    4.1   9.2    59   116     5    61     1    65 0.85 # 1 # 792 # 1 # ID=606_1;partial=10;start_type=Edge;rbs_motif=None;rbs_spacer=None;gc_cont=0.400
NODE_606_length_7372_cov_139.008910_1   -            264 14889at2157          -            529         9    4.8  23.1   2   2    0.0015       1.5    7.3   8.9    60   122    55   116    53   124 0.85 # 1 # 792 # 1 # ID=606_1;partial=10;start_type=Edge;rbs_motif=None;rbs_spacer=None;gc_cont=0.400
#
# Program:         hmmsearch
# Version:         3.1b2 (February 2015)
# Pipeline mode:   SEARCH
# Query file:      /home/mira/Bacteria2022/Thiomargarita_magnifica/qc_assembly/busco_results/busco_downloads/lineages/archaea_odb10/hmms/14889at2157.hmm
# Target file:     /home/mira/Bacteria2022/Thiomargarita_magnifica/qc_assembly/busco_results/busco_results/prodigal_output/predicted_genes/predicted.faa
# Option settings: hmmsearch --domtblout /home/mira/Bacteria2022/Thiomargarita_magnifica/qc_assembly/busco_results/busco_results/auto_lineage/run_archaea_odb10/hmmer_output/14889at2157.out --cpu 1 /home/mira/Bacteria2022/Thiomargarita_magnifica/qc_assembly/busco_results/busco_downloads/lineages/archaea_odb10/hmms/14889at2157.hmm /home/mira/Bacteria2022/Thiomargarita_magnifica/qc_assembly/busco_results/busco_results/prodigal_output/predicted_genes/predicted.faa 
# Current dir:     /home/mira/Bacteria2022/Thiomargarita_magnifica/qc_assembly/busco_results
# Date:            Tue Jul 12 12:51:51 2022
# [ok]
