#                                                                                              --- full sequence --- -------------- this domain -------------   hmm coord   ali coord   env coord
# target name                          accession   tlen query name           accession   qlen   E-value  score  bias   #  of  c-Evalue  i-Evalue  score  bias  from    to  from    to  from    to  acc description of target
#                  ------------------- ---------- ----- -------------------- ---------- ----- --------- ------ ----- --- --- --------- --------- ------ ----- ----- ----- ----- ----- ----- ----- ---- ---------------------
NODE_14_length_56554_cov_106.661384_35 -            700 1642at2157           -            627  4.4e-101  338.9   1.2   1   2   1.3e-39   1.7e-36  125.5   0.0    14   161     9   163     3   170 0.90 # 26961 # 29060 # -1 # ID=14_35;partial=00;start_type=ATG;rbs_motif=None;rbs_spacer=None;gc_cont=0.521
NODE_14_length_56554_cov_106.661384_35 -            700 1642at2157           -            627  4.4e-101  338.9   1.2   2   2   7.5e-66     1e-62  212.2   0.3   209   617   271   697   209   699 0.82 # 26961 # 29060 # -1 # ID=14_35;partial=00;start_type=ATG;rbs_motif=None;rbs_spacer=None;gc_cont=0.521
NODE_1094_length_3098_cov_11.773585_3  -            704 1642at2157           -            627   2.6e-99  333.1   5.0   1   2   8.2e-40   1.1e-36  126.2   0.1    14   160     9   161     4   165 0.90 # 776 # 2887 # -1 # ID=1094_3;partial=00;start_type=ATG;rbs_motif=AGGA;rbs_spacer=5-10bp;gc_cont=0.375
NODE_1094_length_3098_cov_11.773585_3  -            704 1642at2157           -            627   2.6e-99  333.1   5.0   2   2   1.5e-64     2e-61  207.9   1.7   214   617   276   701   267   703 0.86 # 776 # 2887 # -1 # ID=1094_3;partial=00;start_type=ATG;rbs_motif=AGGA;rbs_spacer=5-10bp;gc_cont=0.375
NODE_178_length_20021_cov_72.209386_16 -            683 1642at2157           -            627   4.9e-57  193.4   0.2   1   3   1.4e-20   1.8e-17   62.7   0.2    12   143     6   137     3   150 0.92 # 13374 # 15422 # 1 # ID=178_16;partial=00;start_type=ATG;rbs_motif=GGA/GAG/AGG;rbs_spacer=5-10bp;gc_cont=0.487
NODE_178_length_20021_cov_72.209386_16 -            683 1642at2157           -            627   4.9e-57  193.4   0.2   2   3   8.1e-20   1.1e-16   60.1   0.0   252   424   289   478   250   500 0.83 # 13374 # 15422 # 1 # ID=178_16;partial=00;start_type=ATG;rbs_motif=GGA/GAG/AGG;rbs_spacer=5-10bp;gc_cont=0.487
NODE_178_length_20021_cov_72.209386_16 -            683 1642at2157           -            627   4.9e-57  193.4   0.2   3   3   7.7e-22     1e-18   66.8   0.0   474   615   524   672   517   678 0.90 # 13374 # 15422 # 1 # ID=178_16;partial=00;start_type=ATG;rbs_motif=GGA/GAG/AGG;rbs_spacer=5-10bp;gc_cont=0.487
NODE_627_length_7147_cov_82.783876_2   -            572 1642at2157           -            627   8.9e-56  189.2   0.1   1   3   1.4e-42   1.8e-39  135.3   0.0    13   144    36   165    30   202 0.97 # 5432 # 7147 # 1 # ID=627_2;partial=01;start_type=TTG;rbs_motif=None;rbs_spacer=None;gc_cont=0.467
NODE_627_length_7147_cov_82.783876_2   -            572 1642at2157           -            627   8.9e-56  189.2   0.1   2   3   3.5e-12   4.7e-09   34.9   0.1   256   403   240   405   235   424 0.78 # 5432 # 7147 # 1 # ID=627_2;partial=01;start_type=TTG;rbs_motif=None;rbs_spacer=None;gc_cont=0.467
NODE_627_length_7147_cov_82.783876_2   -            572 1642at2157           -            627   8.9e-56  189.2   0.1   3   3   3.3e-06    0.0044   15.2   0.0   534   607   430   507   419   519 0.88 # 5432 # 7147 # 1 # ID=627_2;partial=01;start_type=TTG;rbs_motif=None;rbs_spacer=None;gc_cont=0.467
NODE_654_length_6846_cov_5.780322_5    -            597 1642at2157           -            627   7.1e-51  173.1   0.1   1   3   6.6e-36   8.9e-33  113.3   0.3    12   143     2   134     1   146 0.93 # 1775 # 3565 # -1 # ID=654_5;partial=00;start_type=TTG;rbs_motif=GGA/GAG/AGG;rbs_spacer=5-10bp;gc_cont=0.339
NODE_654_length_6846_cov_5.780322_5    -            597 1642at2157           -            627   7.1e-51  173.1   0.1   2   3   4.1e-10   5.5e-07   28.1   0.0   249   399   186   351   178   376 0.74 # 1775 # 3565 # -1 # ID=654_5;partial=00;start_type=TTG;rbs_motif=GGA/GAG/AGG;rbs_spacer=5-10bp;gc_cont=0.339
NODE_654_length_6846_cov_5.780322_5    -            597 1642at2157           -            627   7.1e-51  173.1   0.1   3   3   5.5e-10   7.3e-07   27.7   0.0   530   605   397   478   394   486 0.86 # 1775 # 3565 # -1 # ID=654_5;partial=00;start_type=TTG;rbs_motif=GGA/GAG/AGG;rbs_spacer=5-10bp;gc_cont=0.339
NODE_273_length_15254_cov_91.901100_9  -            599 1642at2157           -            627     4e-41  140.9   0.0   1   3   6.2e-33   8.2e-30  103.5   0.1    14   143     3   134     1   163 0.90 # 7440 # 9236 # -1 # ID=273_9;partial=00;start_type=ATG;rbs_motif=None;rbs_spacer=None;gc_cont=0.469
NODE_273_length_15254_cov_91.901100_9  -            599 1642at2157           -            627     4e-41  140.9   0.0   2   3   2.1e-07   0.00029   19.1   0.0   252   378   190   327   184   373 0.73 # 7440 # 9236 # -1 # ID=273_9;partial=00;start_type=ATG;rbs_motif=None;rbs_spacer=None;gc_cont=0.469
NODE_273_length_15254_cov_91.901100_9  -            599 1642at2157           -            627     4e-41  140.9   0.0   3   3   5.1e-06    0.0068   14.6   0.0   530   605   397   478   394   492 0.87 # 7440 # 9236 # -1 # ID=273_9;partial=00;start_type=ATG;rbs_motif=None;rbs_spacer=None;gc_cont=0.469
NODE_1315_length_2230_cov_6.235485_2   -            591 1642at2157           -            627     2e-40  138.5   0.7   1   3   7.3e-29   9.8e-26   90.0   0.1    47   146    21   118     7   142 0.90 # 456 # 2228 # -1 # ID=1315_2;partial=01;start_type=Edge;rbs_motif=None;rbs_spacer=None;gc_cont=0.343
NODE_1315_length_2230_cov_6.235485_2   -            591 1642at2157           -            627     2e-40  138.5   0.7   2   3   4.3e-12   5.7e-09   34.6   0.0   255   349   190   293   176   355 0.83 # 456 # 2228 # -1 # ID=1315_2;partial=01;start_type=Edge;rbs_motif=None;rbs_spacer=None;gc_cont=0.343
NODE_1315_length_2230_cov_6.235485_2   -            591 1642at2157           -            627     2e-40  138.5   0.7   3   3   6.8e-05     0.091   10.8   0.0   534   606   380   458   371   470 0.87 # 456 # 2228 # -1 # ID=1315_2;partial=01;start_type=Edge;rbs_motif=None;rbs_spacer=None;gc_cont=0.343
NODE_33_length_43996_cov_94.582982_11  -            528 1642at2157           -            627   1.4e-25   89.5   0.0   1   2   1.3e-23   1.8e-20   72.6   0.1    15   144    11   144     2   158 0.86 # 8520 # 10103 # -1 # ID=33_11;partial=00;start_type=ATG;rbs_motif=None;rbs_spacer=None;gc_cont=0.465
NODE_33_length_43996_cov_94.582982_11  -            528 1642at2157           -            627   1.4e-25   89.5   0.0   2   2   5.5e-06    0.0073   14.5   0.0   261   372   303   420   285   446 0.73 # 8520 # 10103 # -1 # ID=33_11;partial=00;start_type=ATG;rbs_motif=None;rbs_spacer=None;gc_cont=0.465
NODE_124_length_24743_cov_6.685640_1   -            403 1642at2157           -            627   6.5e-21   74.1   3.0   1   2     4e-21   5.3e-18   64.5   0.3    16   158    13   154     3   178 0.90 # 360 # 1568 # 1 # ID=124_1;partial=00;start_type=ATG;rbs_motif=AGGA;rbs_spacer=5-10bp;gc_cont=0.379
NODE_124_length_24743_cov_6.685640_1   -            403 1642at2157           -            627   6.5e-21   74.1   3.0   2   2   0.00011      0.15   10.1   0.2   256   321   221   286   214   308 0.82 # 360 # 1568 # 1 # ID=124_1;partial=00;start_type=ATG;rbs_motif=AGGA;rbs_spacer=5-10bp;gc_cont=0.379
NODE_152_length_21680_cov_89.291163_10 -            397 1642at2157           -            627   1.3e-18   66.5   1.7   1   2   3.8e-19   5.1e-16   57.9   0.2    17   157    14   153     4   163 0.83 # 10903 # 12093 # -1 # ID=152_10;partial=00;start_type=ATG;rbs_motif=GGA/GAG/AGG;rbs_spacer=5-10bp;gc_cont=0.482
NODE_152_length_21680_cov_89.291163_10 -            397 1642at2157           -            627   1.3e-18   66.5   1.7   2   2   0.00051      0.68    8.0   0.1   256   318   215   278   205   298 0.79 # 10903 # 12093 # -1 # ID=152_10;partial=00;start_type=ATG;rbs_motif=GGA/GAG/AGG;rbs_spacer=5-10bp;gc_cont=0.482
NODE_5456_length_252_cov_0.845714_1    -             83 1642at2157           -            627   8.1e-17   60.6   0.1   1   1   6.5e-20   8.7e-17   60.4   0.1   312   389     2    83     1    83 0.95 # 2 # 250 # -1 # ID=5456_1;partial=11;start_type=Edge;rbs_motif=None;rbs_spacer=None;gc_cont=0.446
NODE_778_length_5314_cov_3.559481_5    -            484 1642at2157           -            627     6e-09   34.6   0.3   1   1   1.8e-11   2.4e-08   32.6   0.3    11   172    20   198     9   235 0.75 # 3330 # 4781 # 1 # ID=778_5;partial=00;start_type=ATG;rbs_motif=AGGA/GGAG/GAGG;rbs_spacer=11-12bp;gc_cont=0.296
NODE_76_length_29591_cov_91.055804_6   -            919 1642at2157           -            627   1.4e-08   33.4   4.7   1   3     0.012        16    3.4   0.1    18    34   423   439   417   450 0.87 # 10125 # 12881 # 1 # ID=76_6;partial=00;start_type=ATG;rbs_motif=None;rbs_spacer=None;gc_cont=0.496
NODE_76_length_29591_cov_91.055804_6   -            919 1642at2157           -            627   1.4e-08   33.4   4.7   2   3   8.5e-10   1.1e-06   27.0   0.1    82   155   469   542   459   549 0.89 # 10125 # 12881 # 1 # ID=76_6;partial=00;start_type=ATG;rbs_motif=None;rbs_spacer=None;gc_cont=0.496
NODE_76_length_29591_cov_91.055804_6   -            919 1642at2157           -            627   1.4e-08   33.4   4.7   3   3     0.017        23    2.9   0.1   251   295   591   635   582   644 0.82 # 10125 # 12881 # 1 # ID=76_6;partial=00;start_type=ATG;rbs_motif=None;rbs_spacer=None;gc_cont=0.496
NODE_407_length_11154_cov_10.880563_5  -            866 1642at2157           -            627   5.4e-08   31.4   0.8   1   1   1.9e-09   2.5e-06   25.9   0.8    19   159   369   491   353   497 0.77 # 3885 # 6482 # 1 # ID=407_5;partial=00;start_type=ATG;rbs_motif=AGGAG/GGAGG;rbs_spacer=11-12bp;gc_cont=0.339
NODE_58_length_33634_cov_97.256102_24  -            199 1642at2157           -            627     0.018   13.1   0.0   1   1   1.6e-05     0.022   12.9   0.0   473   545    57   133    36   152 0.70 # 28140 # 28736 # -1 # ID=58_24;partial=00;start_type=ATG;rbs_motif=AGGA/GGAG/GAGG;rbs_spacer=11-12bp;gc_cont=0.372
NODE_5474_length_252_cov_0.794286_1    -             83 1642at2157           -            627     0.081   11.0   0.1   1   1   6.3e-05     0.084   11.0   0.1    18    41    32    54    25    81 0.74 # 2 # 250 # -1 # ID=5474_1;partial=11;start_type=Edge;rbs_motif=None;rbs_spacer=None;gc_cont=0.365
#
# Program:         hmmsearch
# Version:         3.1b2 (February 2015)
# Pipeline mode:   SEARCH
# Query file:      /home/mira/Bacteria2022/Thiomargarita_magnifica/qc_assembly/busco_results/busco_downloads/lineages/archaea_odb10/hmms/1642at2157.hmm
# Target file:     /home/mira/Bacteria2022/Thiomargarita_magnifica/qc_assembly/busco_results/busco_results/prodigal_output/predicted_genes/predicted.faa
# Option settings: hmmsearch --domtblout /home/mira/Bacteria2022/Thiomargarita_magnifica/qc_assembly/busco_results/busco_results/auto_lineage/run_archaea_odb10/hmmer_output/1642at2157.out --cpu 1 /home/mira/Bacteria2022/Thiomargarita_magnifica/qc_assembly/busco_results/busco_downloads/lineages/archaea_odb10/hmms/1642at2157.hmm /home/mira/Bacteria2022/Thiomargarita_magnifica/qc_assembly/busco_results/busco_results/prodigal_output/predicted_genes/predicted.faa 
# Current dir:     /home/mira/Bacteria2022/Thiomargarita_magnifica/qc_assembly/busco_results
# Date:            Tue Jul 12 12:51:48 2022
# [ok]
