#                                                                                              --- full sequence --- -------------- this domain -------------   hmm coord   ali coord   env coord
# target name                          accession   tlen query name           accession   qlen   E-value  score  bias   #  of  c-Evalue  i-Evalue  score  bias  from    to  from    to  from    to  acc description of target
#                  ------------------- ---------- ----- -------------------- ---------- ----- --------- ------ ----- --- --- --------- --------- ------ ----- ----- ----- ----- ----- ----- ----- ---- ---------------------
NODE_407_length_11154_cov_10.880563_5  -            866 17053at2157          -            474   1.5e-57  195.5  12.0   1   1   1.4e-59   1.8e-56  191.9  12.0     2   369   364   764   363   811 0.75 # 3885 # 6482 # 1 # ID=407_5;partial=00;start_type=ATG;rbs_motif=AGGAG/GGAGG;rbs_spacer=11-12bp;gc_cont=0.339
NODE_76_length_29591_cov_91.055804_6   -            919 17053at2157          -            474   1.4e-52  179.1  12.8   1   2     3e-49   3.8e-46  157.9   6.6     2   233   419   641   418   650 0.90 # 10125 # 12881 # 1 # ID=76_6;partial=00;start_type=ATG;rbs_motif=None;rbs_spacer=None;gc_cont=0.496
NODE_76_length_29591_cov_91.055804_6   -            919 17053at2157          -            474   1.4e-52  179.1  12.8   2   2   2.5e-08   3.2e-05   22.9   0.4   286   384   717   835   677   864 0.70 # 10125 # 12881 # 1 # ID=76_6;partial=00;start_type=ATG;rbs_motif=None;rbs_spacer=None;gc_cont=0.496
NODE_5474_length_252_cov_0.794286_1    -             83 17053at2157          -            474   3.7e-16   59.0   0.5   1   1   3.4e-19   4.2e-16   58.8   0.5     2    43    28    72    27    80 0.92 # 2 # 250 # -1 # ID=5474_1;partial=11;start_type=Edge;rbs_motif=None;rbs_spacer=None;gc_cont=0.365
NODE_152_length_21680_cov_89.291163_10 -            397 17053at2157          -            474   1.1e-12   47.5   1.2   1   2   3.9e-14   4.8e-11   42.1   0.9     7   120    16   142    10   158 0.80 # 10903 # 12093 # -1 # ID=152_10;partial=00;start_type=ATG;rbs_motif=GGA/GAG/AGG;rbs_spacer=5-10bp;gc_cont=0.482
NODE_152_length_21680_cov_89.291163_10 -            397 17053at2157          -            474   1.1e-12   47.5   1.2   2   2      0.18   2.3e+02    0.4   0.0   351   407   191   247   177   270 0.80 # 10903 # 12093 # -1 # ID=152_10;partial=00;start_type=ATG;rbs_motif=GGA/GAG/AGG;rbs_spacer=5-10bp;gc_cont=0.482
NODE_4094_length_303_cov_2.907080_1    -            101 17053at2157          -            474   4.9e-12   45.4   0.1   1   1   4.9e-15   6.2e-12   45.1   0.1     2    34    66   101    65   101 0.86 # 1 # 303 # -1 # ID=4094_1;partial=11;start_type=Edge;rbs_motif=None;rbs_spacer=None;gc_cont=0.347
NODE_654_length_6846_cov_5.780322_5    -            597 17053at2157          -            474   7.5e-12   44.8   0.4   1   1   3.5e-13   4.4e-10   39.0   0.4     7   243     9   250     7   263 0.83 # 1775 # 3565 # -1 # ID=654_5;partial=00;start_type=TTG;rbs_motif=GGA/GAG/AGG;rbs_spacer=5-10bp;gc_cont=0.339
NODE_627_length_7147_cov_82.783876_2   -            572 17053at2157          -            474   4.5e-10   38.9   0.2   1   1   1.6e-12   2.1e-09   36.8   0.2     6   136    41   186    40   192 0.79 # 5432 # 7147 # 1 # ID=627_2;partial=01;start_type=TTG;rbs_motif=None;rbs_spacer=None;gc_cont=0.467
NODE_124_length_24743_cov_6.685640_1   -            403 17053at2157          -            474   1.1e-09   37.7   5.0   1   2   1.3e-12   1.6e-09   37.1   1.0     8   129    17   151    10   156 0.81 # 360 # 1568 # 1 # ID=124_1;partial=00;start_type=ATG;rbs_motif=AGGA;rbs_spacer=5-10bp;gc_cont=0.379
NODE_124_length_24743_cov_6.685640_1   -            403 17053at2157          -            474   1.1e-09   37.7   5.0   2   2      0.41   5.1e+02   -0.8   0.2   196   224   229   257   220   279 0.79 # 360 # 1568 # 1 # ID=124_1;partial=00;start_type=ATG;rbs_motif=AGGA;rbs_spacer=5-10bp;gc_cont=0.379
NODE_778_length_5314_cov_3.559481_5    -            484 17053at2157          -            474     2e-08   33.5   1.8   1   2   9.4e-11   1.2e-07   31.0   0.1    54   133   104   182    89   221 0.72 # 3330 # 4781 # 1 # ID=778_5;partial=00;start_type=ATG;rbs_motif=AGGA/GGAG/GAGG;rbs_spacer=11-12bp;gc_cont=0.296
NODE_778_length_5314_cov_3.559481_5    -            484 17053at2157          -            474     2e-08   33.5   1.8   2   2      0.08     1e+02    1.5   0.2   209   286   267   347   263   353 0.64 # 3330 # 4781 # 1 # ID=778_5;partial=00;start_type=ATG;rbs_motif=AGGA/GGAG/GAGG;rbs_spacer=11-12bp;gc_cont=0.296
NODE_273_length_15254_cov_91.901100_9  -            599 17053at2157          -            474   3.3e-08   32.8   0.0   1   2     0.038        48    2.6   0.0     7    22     8    23     2    33 0.88 # 7440 # 9236 # -1 # ID=273_9;partial=00;start_type=ATG;rbs_motif=None;rbs_spacer=None;gc_cont=0.469
NODE_273_length_15254_cov_91.901100_9  -            599 17053at2157          -            474   3.3e-08   32.8   0.0   2   2   1.2e-09   1.5e-06   27.3   0.0    37   158    54   163    49   247 0.84 # 7440 # 9236 # -1 # ID=273_9;partial=00;start_type=ATG;rbs_motif=None;rbs_spacer=None;gc_cont=0.469
NODE_33_length_43996_cov_94.582982_11  -            528 17053at2157          -            474   1.9e-07   30.3   0.0   1   1   2.8e-10   3.5e-07   29.4   0.0    56   118    82   144    66   147 0.92 # 8520 # 10103 # -1 # ID=33_11;partial=00;start_type=ATG;rbs_motif=None;rbs_spacer=None;gc_cont=0.465
NODE_1094_length_3098_cov_11.773585_3  -            704 17053at2157          -            474   1.7e-06   27.1   0.0   1   1   3.1e-09   3.9e-06   25.9   0.0    53   119    80   146    58   159 0.89 # 776 # 2887 # -1 # ID=1094_3;partial=00;start_type=ATG;rbs_motif=AGGA;rbs_spacer=5-10bp;gc_cont=0.375
NODE_1315_length_2230_cov_6.235485_2   -            591 17053at2157          -            474   2.1e-06   26.9   0.0   1   1   2.6e-09   3.2e-06   26.2   0.0    56   118    54   116    28   141 0.82 # 456 # 2228 # -1 # ID=1315_2;partial=01;start_type=Edge;rbs_motif=None;rbs_spacer=None;gc_cont=0.343
NODE_14_length_56554_cov_106.661384_35 -            700 17053at2157          -            474   3.1e-05   23.0   0.1   1   2       1.2   1.5e+03   -2.3   0.0     8    19    15    26    12    30 0.83 # 26961 # 29060 # -1 # ID=14_35;partial=00;start_type=ATG;rbs_motif=None;rbs_spacer=None;gc_cont=0.521
NODE_14_length_56554_cov_106.661384_35 -            700 17053at2157          -            474   3.1e-05   23.0   0.1   2   2   8.6e-08   0.00011   21.2   0.0    33   119    61   147    55   161 0.90 # 26961 # 29060 # -1 # ID=14_35;partial=00;start_type=ATG;rbs_motif=None;rbs_spacer=None;gc_cont=0.521
NODE_5525_length_250_cov_1.121387_1    -             83 17053at2157          -            474    0.0051   15.7   0.0   1   1   4.3e-06    0.0054   15.6   0.0    76   118     5    47     1    59 0.93 # 2 # 250 # 1 # ID=5525_1;partial=11;start_type=Edge;rbs_motif=None;rbs_spacer=None;gc_cont=0.470
NODE_273_length_15254_cov_91.901100_5  -            299 17053at2157          -            474     0.084   11.7   0.0   1   1   0.00014      0.18   10.6   0.0     6   120    10   129     8   171 0.77 # 3915 # 4811 # -1 # ID=273_5;partial=00;start_type=ATG;rbs_motif=GGA/GAG/AGG;rbs_spacer=5-10bp;gc_cont=0.447
NODE_4287_length_288_cov_1.862559_1    -             95 17053at2157          -            474      0.16   10.7   0.0   1   1   0.00015      0.18   10.5   0.0    69   111    49    91    43    95 0.87 # 2 # 286 # -1 # ID=4287_1;partial=11;start_type=Edge;rbs_motif=None;rbs_spacer=None;gc_cont=0.446
#
# Program:         hmmsearch
# Version:         3.1b2 (February 2015)
# Pipeline mode:   SEARCH
# Query file:      /home/mira/Bacteria2022/Thiomargarita_magnifica/qc_assembly/busco_results/busco_downloads/lineages/archaea_odb10/hmms/17053at2157.hmm
# Target file:     /home/mira/Bacteria2022/Thiomargarita_magnifica/qc_assembly/busco_results/busco_results/prodigal_output/predicted_genes/predicted.faa
# Option settings: hmmsearch --domtblout /home/mira/Bacteria2022/Thiomargarita_magnifica/qc_assembly/busco_results/busco_results/auto_lineage/run_archaea_odb10/hmmer_output/17053at2157.out --cpu 1 /home/mira/Bacteria2022/Thiomargarita_magnifica/qc_assembly/busco_results/busco_downloads/lineages/archaea_odb10/hmms/17053at2157.hmm /home/mira/Bacteria2022/Thiomargarita_magnifica/qc_assembly/busco_results/busco_results/prodigal_output/predicted_genes/predicted.faa 
# Current dir:     /home/mira/Bacteria2022/Thiomargarita_magnifica/qc_assembly/busco_results
# Date:            Tue Jul 12 12:51:48 2022
# [ok]
