#                                                                                              --- full sequence --- -------------- this domain -------------   hmm coord   ali coord   env coord
# target name                          accession   tlen query name           accession   qlen   E-value  score  bias   #  of  c-Evalue  i-Evalue  score  bias  from    to  from    to  from    to  acc description of target
#                  ------------------- ---------- ----- -------------------- ---------- ----- --------- ------ ----- --- --- --------- --------- ------ ----- ----- ----- ----- ----- ----- ----- ---- ---------------------
NODE_18_length_54583_cov_105.176054_46 -            364 21317at2157          -            319   4.7e-17   62.3   0.0   1   1   3.9e-18   4.4e-15   55.8   0.0    67   189     7   146     4   154 0.82 # 41422 # 42513 # -1 # ID=18_46;partial=00;start_type=ATG;rbs_motif=GGA/GAG/AGG;rbs_spacer=5-10bp;gc_cont=0.468
NODE_741_length_5774_cov_3.438301_3    -            505 21317at2157          -            319   4.5e-16   59.0   0.0   1   2   2.4e-08   2.7e-05   23.6   0.0    64   148     3    89     2    95 0.89 # 2582 # 4096 # -1 # ID=741_3;partial=00;start_type=ATG;rbs_motif=AGGA;rbs_spacer=5-10bp;gc_cont=0.303
NODE_741_length_5774_cov_3.438301_3    -            505 21317at2157          -            319   4.5e-16   59.0   0.0   2   2   3.3e-11   3.7e-08   33.0   0.0    14   143   159   285   149   308 0.82 # 2582 # 4096 # -1 # ID=741_3;partial=00;start_type=ATG;rbs_motif=AGGA;rbs_spacer=5-10bp;gc_cont=0.303
NODE_689_length_6447_cov_3.553846_3    -            365 21317at2157          -            319   1.3e-15   57.5   0.0   1   1   1.7e-18   1.9e-15   57.0   0.0    63   156   159   255   132   285 0.87 # 893 # 1987 # -1 # ID=689_3;partial=00;start_type=ATG;rbs_motif=AGGA/GGAG/GAGG;rbs_spacer=11-12bp;gc_cont=0.327
NODE_182_length_19808_cov_61.436521_14 -            338 21317at2157          -            319   3.9e-14   52.6   0.0   1   1     5e-17   5.6e-14   52.1   0.0    21   149   118   247   100   274 0.89 # 18088 # 19101 # 1 # ID=182_14;partial=00;start_type=ATG;rbs_motif=GGAG/GAGG;rbs_spacer=5-10bp;gc_cont=0.450
NODE_885_length_4534_cov_9.750280_5    -            367 21317at2157          -            319   1.1e-12   47.9   0.6   1   3   1.8e-09     2e-06   27.3   0.0    65   104     5    45     3    53 0.89 # 2078 # 3178 # -1 # ID=885_5;partial=00;start_type=ATG;rbs_motif=AGGA;rbs_spacer=5-10bp;gc_cont=0.349
NODE_885_length_4534_cov_9.750280_5    -            367 21317at2157          -            319   1.1e-12   47.9   0.6   2   3   4.7e-06    0.0053   16.1   0.0   107   150    65   108    58   152 0.87 # 2078 # 3178 # -1 # ID=885_5;partial=00;start_type=ATG;rbs_motif=AGGA;rbs_spacer=5-10bp;gc_cont=0.349
NODE_885_length_4534_cov_9.750280_5    -            367 21317at2157          -            319   1.1e-12   47.9   0.6   3   3      0.18     2e+02    1.0   0.0   302   315   349   362   344   365 0.89 # 2078 # 3178 # -1 # ID=885_5;partial=00;start_type=ATG;rbs_motif=AGGA;rbs_spacer=5-10bp;gc_cont=0.349
NODE_552_length_8313_cov_74.095799_6   -            463 21317at2157          -            319   4.6e-10   39.3   0.0   1   2   4.7e-08   5.3e-05   22.6   0.0    64   149     4    91     3   125 0.84 # 5517 # 6905 # 1 # ID=552_6;partial=00;start_type=ATG;rbs_motif=None;rbs_spacer=None;gc_cont=0.459
NODE_552_length_8313_cov_74.095799_6   -            463 21317at2157          -            319   4.6e-10   39.3   0.0   2   2   1.5e-05     0.017   14.4   0.0    64   149   176   266   168   279 0.73 # 5517 # 6905 # 1 # ID=552_6;partial=00;start_type=ATG;rbs_motif=None;rbs_spacer=None;gc_cont=0.459
NODE_265_length_15844_cov_108.657639_6 -            779 21317at2157          -            319   9.8e-10   38.2   0.1   1   1   1.5e-12   1.7e-09   37.5   0.1    65   168     6   116     3   135 0.77 # 4414 # 6750 # 1 # ID=265_6;partial=00;start_type=ATG;rbs_motif=GGAG/GAGG;rbs_spacer=5-10bp;gc_cont=0.452
NODE_123_length_24851_cov_5.635465_28  -            680 21317at2157          -            319     2e-09   37.2   0.0   1   1   3.1e-12   3.5e-09   36.4   0.0    63   148     4    90     2   113 0.79 # 22710 # 24749 # -1 # ID=123_28;partial=00;start_type=ATG;rbs_motif=GGAG/GAGG;rbs_spacer=5-10bp;gc_cont=0.328
NODE_79_length_29016_cov_89.760358_23  -            467 21317at2157          -            319   1.3e-08   34.5   0.0   1   1   2.5e-11   2.8e-08   33.4   0.0    59   149   238   329   211   356 0.81 # 12506 # 13906 # 1 # ID=79_23;partial=00;start_type=ATG;rbs_motif=4Base/6BMM;rbs_spacer=13-15bp;gc_cont=0.476
NODE_273_length_15254_cov_91.901100_5  -            299 21317at2157          -            319   1.6e-08   34.2   0.0   1   1   2.2e-11   2.4e-08   33.6   0.0    65   153    10   101     7   132 0.86 # 3915 # 4811 # -1 # ID=273_5;partial=00;start_type=ATG;rbs_motif=GGA/GAG/AGG;rbs_spacer=5-10bp;gc_cont=0.447
NODE_1356_length_2105_cov_3.564103_2   -            414 21317at2157          -            319   1.8e-07   30.8   0.0   1   1   2.7e-10     3e-07   30.0   0.0    63   143   115   193    85   214 0.87 # 863 # 2104 # -1 # ID=1356_2;partial=01;start_type=Edge;rbs_motif=None;rbs_spacer=None;gc_cont=0.297
NODE_520_length_8838_cov_8.233307_6    -            453 21317at2157          -            319   3.6e-07   29.8   5.1   1   1   5.1e-10   5.7e-07   29.1   5.1    64   233   218   395   185   409 0.74 # 4861 # 6219 # -1 # ID=520_6;partial=00;start_type=ATG;rbs_motif=AGxAG;rbs_spacer=5-10bp;gc_cont=0.289
NODE_928_length_4179_cov_7.396392_2    -            294 21317at2157          -            319   7.2e-07   28.8   0.3   1   2   1.8e-09     2e-06   27.3   0.0    65   165     7   109     4   139 0.80 # 96 # 977 # -1 # ID=928_2;partial=00;start_type=ATG;rbs_motif=AGGA;rbs_spacer=5-10bp;gc_cont=0.296
NODE_928_length_4179_cov_7.396392_2    -            294 21317at2157          -            319   7.2e-07   28.8   0.3   2   2       1.6   1.8e+03   -2.1   0.1   165   182   218   235   194   279 0.48 # 96 # 977 # -1 # ID=928_2;partial=00;start_type=ATG;rbs_motif=AGGA;rbs_spacer=5-10bp;gc_cont=0.296
NODE_32_length_44052_cov_102.160569_22 -            426 21317at2157          -            319   1.5e-06   27.7   0.1   1   1   1.9e-09   2.2e-06   27.2   0.1    35   149   171   286   160   318 0.63 # 23267 # 24544 # 1 # ID=32_22;partial=00;start_type=ATG;rbs_motif=GGAG/GAGG;rbs_spacer=5-10bp;gc_cont=0.487
NODE_3099_length_428_cov_0.843305_1    -             64 21317at2157          -            319     0.028   13.7   0.0   1   1   2.6e-05     0.029   13.7   0.0    61    89    26    54     4    57 0.80 # 2 # 193 # -1 # ID=3099_1;partial=10;start_type=ATG;rbs_motif=AGxAGG/AGGxGG;rbs_spacer=5-10bp;gc_cont=0.260
NODE_126_length_24396_cov_8.516798_9   -            207 21317at2157          -            319      0.04   13.2   0.0   1   1   7.8e-05     0.087   12.1   0.0    63    86    24    47    21    56 0.88 # 7317 # 7937 # -1 # ID=126_9;partial=00;start_type=GTG;rbs_motif=None;rbs_spacer=None;gc_cont=0.288
NODE_1725_length_1318_cov_7.383562_2   -            249 21317at2157          -            319     0.041   13.2   0.0   1   1   5.8e-05     0.066   12.5   0.0    22    87     6    71     2    78 0.85 # 572 # 1318 # -1 # ID=1725_2;partial=01;start_type=Edge;rbs_motif=None;rbs_spacer=None;gc_cont=0.329
NODE_150_length_21873_cov_144.163241_3 -            535 21317at2157          -            319     0.057   12.7   0.3   1   2    0.0027         3    7.0   0.0    65    84    32    51    28    56 0.91 # 1640 # 3244 # 1 # ID=150_3;partial=00;start_type=ATG;rbs_motif=GGA/GAG/AGG;rbs_spacer=5-10bp;gc_cont=0.512
NODE_150_length_21873_cov_144.163241_3 -            535 21317at2157          -            319     0.057   12.7   0.3   2   2     0.029        33    3.6   0.1    64    83   309   328   296   331 0.86 # 1640 # 3244 # 1 # ID=150_3;partial=00;start_type=ATG;rbs_motif=GGA/GAG/AGG;rbs_spacer=5-10bp;gc_cont=0.512
NODE_214_length_17763_cov_89.801877_13 -            286 21317at2157          -            319     0.092   12.0   0.0   1   1   0.00012      0.13   11.5   0.0    40    87    65   111    50   115 0.77 # 12413 # 13270 # 1 # ID=214_13;partial=00;start_type=ATG;rbs_motif=GGA/GAG/AGG;rbs_spacer=5-10bp;gc_cont=0.460
#
# Program:         hmmsearch
# Version:         3.1b2 (February 2015)
# Pipeline mode:   SEARCH
# Query file:      /home/mira/Bacteria2022/Thiomargarita_magnifica/qc_assembly/busco_results/busco_downloads/lineages/archaea_odb10/hmms/21317at2157.hmm
# Target file:     /home/mira/Bacteria2022/Thiomargarita_magnifica/qc_assembly/busco_results/busco_results/prodigal_output/predicted_genes/predicted.faa
# Option settings: hmmsearch --domtblout /home/mira/Bacteria2022/Thiomargarita_magnifica/qc_assembly/busco_results/busco_results/auto_lineage/run_archaea_odb10/hmmer_output/21317at2157.out --cpu 1 /home/mira/Bacteria2022/Thiomargarita_magnifica/qc_assembly/busco_results/busco_downloads/lineages/archaea_odb10/hmms/21317at2157.hmm /home/mira/Bacteria2022/Thiomargarita_magnifica/qc_assembly/busco_results/busco_results/prodigal_output/predicted_genes/predicted.faa 
# Current dir:     /home/mira/Bacteria2022/Thiomargarita_magnifica/qc_assembly/busco_results
# Date:            Tue Jul 12 12:51:49 2022
# [ok]
