#                                                                                              --- full sequence --- -------------- this domain -------------   hmm coord   ali coord   env coord
# target name                          accession   tlen query name           accession   qlen   E-value  score  bias   #  of  c-Evalue  i-Evalue  score  bias  from    to  from    to  from    to  acc description of target
#                  ------------------- ---------- ----- -------------------- ---------- ----- --------- ------ ----- --- --- --------- --------- ------ ----- ----- ----- ----- ----- ----- ----- ---- ---------------------
NODE_20_length_53635_cov_137.680010_35 -            339 22747at2157          -            416   1.3e-69  235.7   0.5   1   3   2.4e-22   8.5e-19   68.3   0.0   129   232    60   162    13   165 0.86 # 52094 # 53110 # -1 # ID=20_35;partial=00;start_type=ATG;rbs_motif=None;rbs_spacer=None;gc_cont=0.480
NODE_20_length_53635_cov_137.680010_35 -            339 22747at2157          -            416   1.3e-69  235.7   0.5   2   3   5.7e-35     2e-31  109.9   0.0   261   366   164   268   161   270 0.93 # 52094 # 53110 # -1 # ID=20_35;partial=00;start_type=ATG;rbs_motif=None;rbs_spacer=None;gc_cont=0.480
NODE_20_length_53635_cov_137.680010_35 -            339 22747at2157          -            416   1.3e-69  235.7   0.5   3   3   2.2e-18   7.7e-15   55.3   0.0   357   414   275   337   271   338 0.90 # 52094 # 53110 # -1 # ID=20_35;partial=00;start_type=ATG;rbs_motif=None;rbs_spacer=None;gc_cont=0.480
NODE_274_length_15220_cov_6.768408_10  -            332 22747at2157          -            416   8.8e-60  203.3  11.3   1   2   1.3e-22   4.8e-19   69.2   1.1   125   232    50   156    19   158 0.80 # 9673 # 10668 # -1 # ID=274_10;partial=00;start_type=TTG;rbs_motif=AGGAG;rbs_spacer=5-10bp;gc_cont=0.319
NODE_274_length_15220_cov_6.768408_10  -            332 22747at2157          -            416   8.8e-60  203.3  11.3   2   2   3.4e-43   1.2e-39  137.0   3.4   262   413   159   329   155   331 0.86 # 9673 # 10668 # -1 # ID=274_10;partial=00;start_type=TTG;rbs_motif=AGGAG;rbs_spacer=5-10bp;gc_cont=0.319
NODE_324_length_13658_cov_5.386496_3   -            504 22747at2157          -            416   7.8e-06   25.6   2.0   1   3     0.088   3.1e+02    0.6   0.0   166   204   165   203    36   205 0.81 # 1571 # 3082 # -1 # ID=324_3;partial=00;start_type=TTG;rbs_motif=AGGA;rbs_spacer=5-10bp;gc_cont=0.300
NODE_324_length_13658_cov_5.386496_3   -            504 22747at2157          -            416   7.8e-06   25.6   2.0   2   3   8.2e-08   0.00029   20.4   0.1   284   332   245   291   234   312 0.84 # 1571 # 3082 # -1 # ID=324_3;partial=00;start_type=TTG;rbs_motif=AGGA;rbs_spacer=5-10bp;gc_cont=0.300
NODE_324_length_13658_cov_5.386496_3   -            504 22747at2157          -            416   7.8e-06   25.6   2.0   3   3     0.027        96    2.3   0.0   384   403   465   484   459   487 0.92 # 1571 # 3082 # -1 # ID=324_3;partial=00;start_type=TTG;rbs_motif=AGGA;rbs_spacer=5-10bp;gc_cont=0.300
NODE_698_length_6344_cov_95.377214_4   -            148 22747at2157          -            416     0.012   15.1   0.0   1   1   4.1e-06     0.015   14.9   0.0     5    70    51   119    47   144 0.83 # 1820 # 2263 # 1 # ID=698_4;partial=00;start_type=ATG;rbs_motif=None;rbs_spacer=None;gc_cont=0.459
NODE_236_length_16869_cov_8.832658_14  -            588 22747at2157          -            416     0.046   13.2   0.5   1   2   0.00024      0.86    9.0   0.1   283   309   209   235   198   239 0.93 # 14054 # 15817 # 1 # ID=236_14;partial=00;start_type=TTG;rbs_motif=GGA/GAG/AGG;rbs_spacer=5-10bp;gc_cont=0.341
NODE_236_length_16869_cov_8.832658_14  -            588 22747at2157          -            416     0.046   13.2   0.5   2   2     0.038   1.3e+02    1.8   0.0   383   403   528   548   526   553 0.92 # 14054 # 15817 # 1 # ID=236_14;partial=00;start_type=TTG;rbs_motif=GGA/GAG/AGG;rbs_spacer=5-10bp;gc_cont=0.341
NODE_552_length_8313_cov_74.095799_4   -            310 22747at2157          -            416      0.19   11.2   0.0   1   2    0.0006       2.1    7.7   0.0   282   331    79   126    58   129 0.81 # 3657 # 4586 # 1 # ID=552_4;partial=00;start_type=ATG;rbs_motif=AGGA;rbs_spacer=5-10bp;gc_cont=0.460
NODE_552_length_8313_cov_74.095799_4   -            310 22747at2157          -            416      0.19   11.2   0.0   2   2     0.063   2.3e+02    1.1   0.0   385   403   283   301   277   304 0.88 # 3657 # 4586 # 1 # ID=552_4;partial=00;start_type=ATG;rbs_motif=AGGA;rbs_spacer=5-10bp;gc_cont=0.460
#
# Program:         hmmsearch
# Version:         3.1b2 (February 2015)
# Pipeline mode:   SEARCH
# Query file:      /home/mira/Bacteria2022/Thiomargarita_magnifica/qc_assembly/busco_results/busco_downloads/lineages/archaea_odb10/hmms/22747at2157.hmm
# Target file:     /home/mira/Bacteria2022/Thiomargarita_magnifica/qc_assembly/busco_results/busco_results/prodigal_output/predicted_genes/predicted.faa
# Option settings: hmmsearch --domtblout /home/mira/Bacteria2022/Thiomargarita_magnifica/qc_assembly/busco_results/busco_results/auto_lineage/run_archaea_odb10/hmmer_output/22747at2157.out --cpu 1 /home/mira/Bacteria2022/Thiomargarita_magnifica/qc_assembly/busco_results/busco_downloads/lineages/archaea_odb10/hmms/22747at2157.hmm /home/mira/Bacteria2022/Thiomargarita_magnifica/qc_assembly/busco_results/busco_results/prodigal_output/predicted_genes/predicted.faa 
# Current dir:     /home/mira/Bacteria2022/Thiomargarita_magnifica/qc_assembly/busco_results
# Date:            Tue Jul 12 12:51:50 2022
# [ok]
