#                                                                                              --- full sequence --- -------------- this domain -------------   hmm coord   ali coord   env coord
# target name                          accession   tlen query name           accession   qlen   E-value  score  bias   #  of  c-Evalue  i-Evalue  score  bias  from    to  from    to  from    to  acc description of target
#                  ------------------- ---------- ----- -------------------- ---------- ----- --------- ------ ----- --- --- --------- --------- ------ ----- ----- ----- ----- ----- ----- ----- ---- ---------------------
NODE_152_length_21680_cov_89.291163_10 -            397 25592at2157          -            354   6.8e-33  114.6   1.0   1   1   1.7e-35     2e-32  113.0   1.0     1   282    10   304    10   318 0.78 # 10903 # 12093 # -1 # ID=152_10;partial=00;start_type=ATG;rbs_motif=GGA/GAG/AGG;rbs_spacer=5-10bp;gc_cont=0.482
NODE_124_length_24743_cov_6.685640_1   -            403 25592at2157          -            354   1.3e-28  100.5   9.8   1   1   1.1e-29   1.3e-26   93.9   9.8     1   283    10   311    10   324 0.75 # 360 # 1568 # 1 # ID=124_1;partial=00;start_type=ATG;rbs_motif=AGGA;rbs_spacer=5-10bp;gc_cont=0.379
NODE_778_length_5314_cov_3.559481_5    -            484 25592at2157          -            354   2.1e-18   66.9   1.0   1   2      0.28   3.3e+02    0.5   0.0     8    22    29    43    25    46 0.85 # 3330 # 4781 # 1 # ID=778_5;partial=00;start_type=ATG;rbs_motif=AGGA/GGAG/GAGG;rbs_spacer=11-12bp;gc_cont=0.296
NODE_778_length_5314_cov_3.559481_5    -            484 25592at2157          -            354   2.1e-18   66.9   1.0   2   2   1.4e-20   1.6e-17   64.0   0.6    63   310   102   373    92   388 0.70 # 3330 # 4781 # 1 # ID=778_5;partial=00;start_type=ATG;rbs_motif=AGGA/GGAG/GAGG;rbs_spacer=11-12bp;gc_cont=0.296
NODE_407_length_11154_cov_10.880563_5  -            866 25592at2157          -            354   2.7e-13   50.1   2.6   1   1   3.1e-14   3.6e-11   43.1   2.6     6   130   368   475   365   486 0.84 # 3885 # 6482 # 1 # ID=407_5;partial=00;start_type=ATG;rbs_motif=AGGAG/GGAGG;rbs_spacer=11-12bp;gc_cont=0.339
NODE_76_length_29591_cov_91.055804_6   -            919 25592at2157          -            354   2.2e-10   40.5   3.7   1   1   1.3e-11   1.6e-08   34.4   3.7     6   174   423   577   419   589 0.81 # 10125 # 12881 # 1 # ID=76_6;partial=00;start_type=ATG;rbs_motif=None;rbs_spacer=None;gc_cont=0.496
NODE_273_length_15254_cov_91.901100_9  -            599 25592at2157          -            354   3.9e-09   36.4   0.0   1   1   5.6e-12   6.7e-09   35.7   0.0     2   181     3   183     2   188 0.72 # 7440 # 9236 # -1 # ID=273_9;partial=00;start_type=ATG;rbs_motif=None;rbs_spacer=None;gc_cont=0.469
NODE_627_length_7147_cov_82.783876_2   -            572 25592at2157          -            354   4.3e-08   33.0   0.4   1   1   1.4e-10   1.6e-07   31.1   0.4     5   108    40   143    37   166 0.77 # 5432 # 7147 # 1 # ID=627_2;partial=01;start_type=TTG;rbs_motif=None;rbs_spacer=None;gc_cont=0.467
NODE_654_length_6846_cov_5.780322_5    -            597 25592at2157          -            354   0.00015   21.3   0.3   1   1   3.2e-07   0.00037   20.0   0.3     5   143     7   149     3   187 0.62 # 1775 # 3565 # -1 # ID=654_5;partial=00;start_type=TTG;rbs_motif=GGA/GAG/AGG;rbs_spacer=5-10bp;gc_cont=0.339
NODE_5474_length_252_cov_0.794286_1    -             83 25592at2157          -            354   0.00029   20.4   0.3   1   1   2.7e-07   0.00031   20.3   0.3     6    25    32    51    29    78 0.88 # 2 # 250 # -1 # ID=5474_1;partial=11;start_type=Edge;rbs_motif=None;rbs_spacer=None;gc_cont=0.365
NODE_14_length_56554_cov_106.661384_35 -            700 25592at2157          -            354   0.00068   19.2   0.4   1   1   2.5e-06     0.003   17.1   0.4     5   109    12   125     9   180 0.72 # 26961 # 29060 # -1 # ID=14_35;partial=00;start_type=ATG;rbs_motif=None;rbs_spacer=None;gc_cont=0.521
NODE_1094_length_3098_cov_11.773585_3  -            704 25592at2157          -            354    0.0013   18.3   1.5   1   1   5.3e-06    0.0062   16.0   1.5     5   121    12   136     9   191 0.69 # 776 # 2887 # -1 # ID=1094_3;partial=00;start_type=ATG;rbs_motif=AGGA;rbs_spacer=5-10bp;gc_cont=0.375
NODE_4094_length_303_cov_2.907080_1    -            101 25592at2157          -            354    0.0022   17.5   0.0   1   1   3.3e-06    0.0039   16.7   0.0     6    24    70    88    66    94 0.83 # 1 # 303 # -1 # ID=4094_1;partial=11;start_type=Edge;rbs_motif=None;rbs_spacer=None;gc_cont=0.347
NODE_741_length_5774_cov_3.438301_3    -            505 25592at2157          -            354    0.0045   16.5   0.0   1   2         1   1.2e+03   -1.4   0.0     2    26   205   229   204   235 0.87 # 2582 # 4096 # -1 # ID=741_3;partial=00;start_type=ATG;rbs_motif=AGGA;rbs_spacer=5-10bp;gc_cont=0.303
NODE_741_length_5774_cov_3.438301_3    -            505 25592at2157          -            354    0.0045   16.5   0.0   2   2   1.6e-05     0.019   14.4   0.0    91   185   290   381   251   385 0.76 # 2582 # 4096 # -1 # ID=741_3;partial=00;start_type=ATG;rbs_motif=AGGA;rbs_spacer=5-10bp;gc_cont=0.303
NODE_178_length_20021_cov_72.209386_16 -            683 25592at2157          -            354    0.0077   15.7   0.4   1   1   6.6e-05     0.078   12.4   0.4     5   100    11   109     7   137 0.72 # 13374 # 15422 # 1 # ID=178_16;partial=00;start_type=ATG;rbs_motif=GGA/GAG/AGG;rbs_spacer=5-10bp;gc_cont=0.487
NODE_1315_length_2230_cov_6.235485_2   -            591 25592at2157          -            354      0.02   14.3   0.0   1   1   2.6e-05     0.031   13.7   0.0    66   130    53   115    42   127 0.85 # 456 # 2228 # -1 # ID=1315_2;partial=01;start_type=Edge;rbs_motif=None;rbs_spacer=None;gc_cont=0.343
NODE_1356_length_2105_cov_3.564103_2   -            414 25592at2157          -            354     0.024   14.1   0.0   1   2       4.1   4.9e+03   -3.4   0.0     3    26   114   137   112   141 0.83 # 863 # 2104 # -1 # ID=1356_2;partial=01;start_type=Edge;rbs_motif=None;rbs_spacer=None;gc_cont=0.297
NODE_1356_length_2105_cov_3.564103_2   -            414 25592at2157          -            354     0.024   14.1   0.0   2   2   4.1e-05     0.049   13.1   0.0    92   186   199   290   159   296 0.75 # 863 # 2104 # -1 # ID=1356_2;partial=01;start_type=Edge;rbs_motif=None;rbs_spacer=None;gc_cont=0.297
NODE_273_length_15254_cov_91.901100_5  -            299 25592at2157          -            354      0.11   12.0   0.1   1   2       1.6   1.9e+03   -2.0   0.0     6    30    10    34     8    43 0.78 # 3915 # 4811 # -1 # ID=273_5;partial=00;start_type=ATG;rbs_motif=GGA/GAG/AGG;rbs_spacer=5-10bp;gc_cont=0.447
NODE_273_length_15254_cov_91.901100_5  -            299 25592at2157          -            354      0.11   12.0   0.1   2   2   0.00025       0.3   10.5   0.0    64   179    54   173    44   178 0.66 # 3915 # 4811 # -1 # ID=273_5;partial=00;start_type=ATG;rbs_motif=GGA/GAG/AGG;rbs_spacer=5-10bp;gc_cont=0.447
NODE_33_length_43996_cov_94.582982_11  -            528 25592at2157          -            354      0.21   11.0   0.0   1   2      0.26   3.1e+02    0.6   0.0     7    23    15    31    12    33 0.87 # 8520 # 10103 # -1 # ID=33_11;partial=00;start_type=ATG;rbs_motif=None;rbs_spacer=None;gc_cont=0.465
NODE_33_length_43996_cov_94.582982_11  -            528 25592at2157          -            354      0.21   11.0   0.0   2   2    0.0016       1.9    7.8   0.0    67   102    82   117    73   140 0.92 # 8520 # 10103 # -1 # ID=33_11;partial=00;start_type=ATG;rbs_motif=None;rbs_spacer=None;gc_cont=0.465
#
# Program:         hmmsearch
# Version:         3.1b2 (February 2015)
# Pipeline mode:   SEARCH
# Query file:      /home/mira/Bacteria2022/Thiomargarita_magnifica/qc_assembly/busco_results/busco_downloads/lineages/archaea_odb10/hmms/25592at2157.hmm
# Target file:     /home/mira/Bacteria2022/Thiomargarita_magnifica/qc_assembly/busco_results/busco_results/prodigal_output/predicted_genes/predicted.faa
# Option settings: hmmsearch --domtblout /home/mira/Bacteria2022/Thiomargarita_magnifica/qc_assembly/busco_results/busco_results/auto_lineage/run_archaea_odb10/hmmer_output/25592at2157.out --cpu 1 /home/mira/Bacteria2022/Thiomargarita_magnifica/qc_assembly/busco_results/busco_downloads/lineages/archaea_odb10/hmms/25592at2157.hmm /home/mira/Bacteria2022/Thiomargarita_magnifica/qc_assembly/busco_results/busco_results/prodigal_output/predicted_genes/predicted.faa 
# Current dir:     /home/mira/Bacteria2022/Thiomargarita_magnifica/qc_assembly/busco_results
# Date:            Tue Jul 12 12:51:49 2022
# [ok]
