#                                                                                              --- full sequence --- -------------- this domain -------------   hmm coord   ali coord   env coord
# target name                          accession   tlen query name           accession   qlen   E-value  score  bias   #  of  c-Evalue  i-Evalue  score  bias  from    to  from    to  from    to  acc description of target
#                  ------------------- ---------- ----- -------------------- ---------- ----- --------- ------ ----- --- --- --------- --------- ------ ----- ----- ----- ----- ----- ----- ----- ---- ---------------------
NODE_155_length_21259_cov_99.639505_16 -            458 25871at2157          -            350   1.5e-66  224.8  15.6   1   1   1.2e-68   2.7e-65  220.7  15.6     3   350     7   428     5   428 0.80 # 15824 # 17197 # -1 # ID=155_16;partial=00;start_type=ATG;rbs_motif=AGGA;rbs_spacer=5-10bp;gc_cont=0.483
NODE_339_length_12999_cov_5.707708_17  -            456 25871at2157          -            350   2.1e-59  201.4  32.1   1   2   2.2e-62   4.7e-59  200.2  25.1     2   350     6   423     5   423 0.77 # 8874 # 10241 # 1 # ID=339_17;partial=00;start_type=GTG;rbs_motif=GGA/GAG/AGG;rbs_spacer=5-10bp;gc_cont=0.348
NODE_339_length_12999_cov_5.707708_17  -            456 25871at2157          -            350   2.1e-59  201.4  32.1   2   2     0.011        24    3.8   1.7   254   284   415   445   412   447 0.88 # 8874 # 10241 # 1 # ID=339_17;partial=00;start_type=GTG;rbs_motif=GGA/GAG/AGG;rbs_spacer=5-10bp;gc_cont=0.348
NODE_393_length_11423_cov_96.522122_3  -            329 25871at2157          -            350   2.6e-42  145.1   1.5   1   1   1.3e-44   2.9e-41  141.7   1.5    11   249    47   327    37   328 0.78 # 3416 # 4402 # -1 # ID=393_3;partial=00;start_type=ATG;rbs_motif=None;rbs_spacer=None;gc_cont=0.462
NODE_229_length_17073_cov_9.537068_14  -            319 25871at2157          -            350     2e-37  129.1   0.6   1   1   3.5e-40   7.4e-37  127.2   0.6     3   249    35   312    33   315 0.83 # 9602 # 10558 # 1 # ID=229_14;partial=00;start_type=ATG;rbs_motif=AGGA;rbs_spacer=5-10bp;gc_cont=0.331
NODE_487_length_9473_cov_6.824819_6    -            382 25871at2157          -            350   1.2e-14   54.1   0.4   1   1   1.3e-17   2.7e-14   53.0   0.4    80   235   182   359   171   374 0.76 # 2304 # 3449 # -1 # ID=487_6;partial=00;start_type=ATG;rbs_motif=GGA/GAG/AGG;rbs_spacer=5-10bp;gc_cont=0.288
NODE_4799_length_270_cov_0.766839_1    -             89 25871at2157          -            350   4.1e-07   29.4   0.1   1   1   2.2e-10   4.7e-07   29.2   0.1    16    79     2    65     1    67 0.96 # 2 # 268 # 1 # ID=4799_1;partial=11;start_type=Edge;rbs_motif=None;rbs_spacer=None;gc_cont=0.547
NODE_852_length_4697_cov_5.349567_5    -            167 25871at2157          -            350    0.0052   15.9   0.0   1   1   3.7e-06    0.0078   15.3   0.0    77   123     5    51     2    72 0.88 # 2977 # 3477 # 1 # ID=852_5;partial=00;start_type=ATG;rbs_motif=None;rbs_spacer=None;gc_cont=0.289
NODE_5311_length_256_cov_0.826816_1    -             84 25871at2157          -            350      0.05   12.7   0.0   1   1   2.6e-05     0.055   12.5   0.0   178   247     1    74     1    79 0.87 # 3 # 254 # 1 # ID=5311_1;partial=11;start_type=Edge;rbs_motif=None;rbs_spacer=None;gc_cont=0.409
NODE_4157_length_297_cov_1.681818_1    -             98 25871at2157          -            350      0.05   12.6   0.0   1   1   2.7e-05     0.059   12.4   0.0   254   310    11    68     5    77 0.82 # 3 # 296 # -1 # ID=4157_1;partial=11;start_type=Edge;rbs_motif=None;rbs_spacer=None;gc_cont=0.269
NODE_911_length_4348_cov_80.580660_2   -            364 25871at2157          -            350     0.073   12.1   0.0   1   1   5.6e-05      0.12   11.4   0.0    82   120   104   142    95   147 0.87 # 1064 # 2155 # -1 # ID=911_2;partial=00;start_type=ATG;rbs_motif=AGGAG;rbs_spacer=5-10bp;gc_cont=0.471
#
# Program:         hmmsearch
# Version:         3.1b2 (February 2015)
# Pipeline mode:   SEARCH
# Query file:      /home/mira/Bacteria2022/Thiomargarita_magnifica/qc_assembly/busco_results/busco_downloads/lineages/archaea_odb10/hmms/25871at2157.hmm
# Target file:     /home/mira/Bacteria2022/Thiomargarita_magnifica/qc_assembly/busco_results/busco_results/prodigal_output/predicted_genes/predicted.faa
# Option settings: hmmsearch --domtblout /home/mira/Bacteria2022/Thiomargarita_magnifica/qc_assembly/busco_results/busco_results/auto_lineage/run_archaea_odb10/hmmer_output/25871at2157.out --cpu 1 /home/mira/Bacteria2022/Thiomargarita_magnifica/qc_assembly/busco_results/busco_downloads/lineages/archaea_odb10/hmms/25871at2157.hmm /home/mira/Bacteria2022/Thiomargarita_magnifica/qc_assembly/busco_results/busco_results/prodigal_output/predicted_genes/predicted.faa 
# Current dir:     /home/mira/Bacteria2022/Thiomargarita_magnifica/qc_assembly/busco_results
# Date:            Tue Jul 12 12:51:49 2022
# [ok]
