#                                                                                              --- full sequence --- -------------- this domain -------------   hmm coord   ali coord   env coord
# target name                          accession   tlen query name           accession   qlen   E-value  score  bias   #  of  c-Evalue  i-Evalue  score  bias  from    to  from    to  from    to  acc description of target
#                  ------------------- ---------- ----- -------------------- ---------- ----- --------- ------ ----- --- --- --------- --------- ------ ----- ----- ----- ----- ----- ----- ----- ---- ---------------------
NODE_620_length_7200_cov_4.254528_2    -            353 31316at2157          -            264   4.3e-56  190.1   0.0   1   1   4.3e-59   6.1e-56  189.6   0.0     2   263    52   351    51   352 0.89 # 1086 # 2144 # 1 # ID=620_2;partial=00;start_type=ATG;rbs_motif=AGGA;rbs_spacer=5-10bp;gc_cont=0.302
NODE_583_length_7783_cov_121.411238_3  -            399 31316at2157          -            264   2.7e-48  164.6   0.3   1   2   1.1e-28   1.5e-25   90.0   0.0     3   113    92   223    90   236 0.84 # 3248 # 4444 # -1 # ID=583_3;partial=00;start_type=ATG;rbs_motif=None;rbs_spacer=None;gc_cont=0.468
NODE_583_length_7783_cov_121.411238_3  -            399 31316at2157          -            264   2.7e-48  164.6   0.3   2   2   1.9e-23   2.8e-20   72.8   0.1   126   239   255   377   244   383 0.82 # 3248 # 4444 # -1 # ID=583_3;partial=00;start_type=ATG;rbs_motif=None;rbs_spacer=None;gc_cont=0.468
NODE_5610_length_248_cov_0.865497_1    -             82 31316at2157          -            264     8e-13   48.3   0.0   1   1   6.6e-16   9.4e-13   48.1   0.0     2    51    26    78    25    81 0.88 # 2 # 247 # 1 # ID=5610_1;partial=11;start_type=Edge;rbs_motif=None;rbs_spacer=None;gc_cont=0.382
NODE_175_length_20228_cov_6.772319_16  -            315 31316at2157          -            264   2.3e-06   27.2   0.7   1   2   3.6e-05     0.052   12.9   0.0    71   111    59   102    44   108 0.88 # 15904 # 16848 # -1 # ID=175_16;partial=00;start_type=ATG;rbs_motif=None;rbs_spacer=None;gc_cont=0.341
NODE_175_length_20228_cov_6.772319_16  -            315 31316at2157          -            264   2.3e-06   27.2   0.7   2   2   5.1e-05     0.073   12.4   0.2   178   244   174   242   153   256 0.83 # 15904 # 16848 # -1 # ID=175_16;partial=00;start_type=ATG;rbs_motif=None;rbs_spacer=None;gc_cont=0.341
NODE_712_length_6183_cov_5.213888_4    -            482 31316at2157          -            264   4.4e-06   26.2   1.6   1   2   0.00029      0.41    9.9   0.1   187   229   254   295   249   308 0.89 # 2199 # 3644 # -1 # ID=712_4;partial=00;start_type=ATG;rbs_motif=GGA/GAG/AGG;rbs_spacer=5-10bp;gc_cont=0.344
NODE_712_length_6183_cov_5.213888_4    -            482 31316at2157          -            264   4.4e-06   26.2   1.6   2   2   1.3e-05     0.019   14.3   0.2   192   233   321   362   312   365 0.88 # 2199 # 3644 # -1 # ID=712_4;partial=00;start_type=ATG;rbs_motif=GGA/GAG/AGG;rbs_spacer=5-10bp;gc_cont=0.344
NODE_5707_length_245_cov_3.523810_1    -             81 31316at2157          -            264   1.1e-05   24.9   0.0   1   1   8.6e-09   1.2e-05   24.7   0.0   124   179    24    81     9    81 0.86 # 3 # 245 # -1 # ID=5707_1;partial=11;start_type=Edge;rbs_motif=None;rbs_spacer=None;gc_cont=0.325
NODE_30_length_44252_cov_109.576457_37 -            256 31316at2157          -            264   1.9e-05   24.1   0.1   1   3   2.1e-05     0.029   13.7   0.0   185   230    62   107    60   121 0.89 # 40770 # 41537 # -1 # ID=30_37;partial=00;start_type=ATG;rbs_motif=GGAG/GAGG;rbs_spacer=5-10bp;gc_cont=0.503
NODE_30_length_44252_cov_109.576457_37 -            256 31316at2157          -            264   1.9e-05   24.1   0.1   2   3      0.61   8.6e+02   -1.0   0.0     1    39   140   176   140   180 0.85 # 40770 # 41537 # -1 # ID=30_37;partial=00;start_type=ATG;rbs_motif=GGAG/GAGG;rbs_spacer=5-10bp;gc_cont=0.503
NODE_30_length_44252_cov_109.576457_37 -            256 31316at2157          -            264   1.9e-05   24.1   0.1   3   3     0.002       2.9    7.1   0.0   188   221   189   222   186   247 0.84 # 40770 # 41537 # -1 # ID=30_37;partial=00;start_type=ATG;rbs_motif=GGAG/GAGG;rbs_spacer=5-10bp;gc_cont=0.503
NODE_393_length_11423_cov_96.522122_6  -            487 31316at2157          -            264   0.00047   19.5   3.5   1   3       1.5   2.1e+03   -2.3   0.0    29    61    62    94    42   105 0.83 # 7043 # 8503 # 1 # ID=393_6;partial=00;start_type=ATG;rbs_motif=None;rbs_spacer=None;gc_cont=0.485
NODE_393_length_11423_cov_96.522122_6  -            487 31316at2157          -            264   0.00047   19.5   3.5   2   3   0.00035       0.5    9.6   0.2   186   229   255   298   251   312 0.87 # 7043 # 8503 # 1 # ID=393_6;partial=00;start_type=ATG;rbs_motif=None;rbs_spacer=None;gc_cont=0.485
NODE_393_length_11423_cov_96.522122_6  -            487 31316at2157          -            264   0.00047   19.5   3.5   3   3   0.00027      0.38   10.0   0.1   186   233   318   365   313   369 0.88 # 7043 # 8503 # 1 # ID=393_6;partial=00;start_type=ATG;rbs_motif=None;rbs_spacer=None;gc_cont=0.485
NODE_499_length_9251_cov_82.236865_6   -            325 31316at2157          -            264   0.00086   18.7   0.4   1   2       3.1   4.5e+03   -3.3   0.0     7    37     5    39     2    45 0.55 # 4152 # 5126 # -1 # ID=499_6;partial=00;start_type=ATG;rbs_motif=None;rbs_spacer=None;gc_cont=0.466
NODE_499_length_9251_cov_82.236865_6   -            325 31316at2157          -            264   0.00086   18.7   0.4   2   2     2e-06    0.0028   17.0   0.2    74   244    62   242    54   246 0.80 # 4152 # 5126 # -1 # ID=499_6;partial=00;start_type=ATG;rbs_motif=None;rbs_spacer=None;gc_cont=0.466
NODE_30_length_44252_cov_109.576457_38 -            251 31316at2157          -            264    0.0012   18.2   0.5   1   2   3.2e-05     0.046   13.0   0.0   183   237    59   115    53   121 0.88 # 41622 # 42374 # -1 # ID=30_38;partial=00;start_type=ATG;rbs_motif=GGAG/GAGG;rbs_spacer=5-10bp;gc_cont=0.481
NODE_30_length_44252_cov_109.576457_38 -            251 31316at2157          -            264    0.0012   18.2   0.5   2   2     0.026        37    3.5   0.1   187   214   180   207   173   225 0.83 # 41622 # 42374 # -1 # ID=30_38;partial=00;start_type=ATG;rbs_motif=GGAG/GAGG;rbs_spacer=5-10bp;gc_cont=0.481
NODE_1757_length_1274_cov_3.025898_2   -            255 31316at2157          -            264    0.0033   16.8   0.0   1   2   0.00014       0.2   10.9   0.0   186   228    64   106    60   123 0.84 # 210 # 974 # -1 # ID=1757_2;partial=00;start_type=ATG;rbs_motif=GGA/GAG/AGG;rbs_spacer=5-10bp;gc_cont=0.350
NODE_1757_length_1274_cov_3.025898_2   -            255 31316at2157          -            264    0.0033   16.8   0.0   2   2     0.023        33    3.7   0.0   188   217   188   217   184   249 0.76 # 210 # 974 # -1 # ID=1757_2;partial=00;start_type=ATG;rbs_motif=GGA/GAG/AGG;rbs_spacer=5-10bp;gc_cont=0.350
NODE_1202_length_2617_cov_5.473228_2   -            362 31316at2157          -            264    0.0044   16.4   0.0   1   1     5e-06    0.0071   15.7   0.0   184   232   194   243   191   265 0.90 # 1208 # 2293 # 1 # ID=1202_2;partial=00;start_type=ATG;rbs_motif=GGA/GAG/AGG;rbs_spacer=5-10bp;gc_cont=0.345
NODE_212_length_17823_cov_42.533078_5  -            374 31316at2157          -            264     0.025   13.9   0.0   1   1   3.6e-05     0.052   12.9   0.0   198   244   291   338   283   345 0.81 # 5499 # 6620 # 1 # ID=212_5;partial=00;start_type=ATG;rbs_motif=GGA/GAG/AGG;rbs_spacer=5-10bp;gc_cont=0.488
NODE_1059_length_3255_cov_2.330711_3   -            253 31316at2157          -            264     0.043   13.1   0.0   1   1   6.5e-05     0.092   12.0   0.0   188   243    64   120    60   125 0.92 # 1707 # 2465 # 1 # ID=1059_3;partial=00;start_type=ATG;rbs_motif=GGAG/GAGG;rbs_spacer=5-10bp;gc_cont=0.299
NODE_200_length_19012_cov_87.001162_10 -            211 31316at2157          -            264      0.14   11.4   0.0   1   2      0.17   2.4e+02    0.8   0.0   198   230    98   130    89   135 0.84 # 6962 # 7594 # 1 # ID=200_10;partial=00;start_type=ATG;rbs_motif=GGAG/GAGG;rbs_spacer=5-10bp;gc_cont=0.444
NODE_200_length_19012_cov_87.001162_10 -            211 31316at2157          -            264      0.14   11.4   0.0   2   2     0.001       1.4    8.1   0.0   185   232   141   187   134   204 0.84 # 6962 # 7594 # 1 # ID=200_10;partial=00;start_type=ATG;rbs_motif=GGAG/GAGG;rbs_spacer=5-10bp;gc_cont=0.444
#
# Program:         hmmsearch
# Version:         3.1b2 (February 2015)
# Pipeline mode:   SEARCH
# Query file:      /home/mira/Bacteria2022/Thiomargarita_magnifica/qc_assembly/busco_results/busco_downloads/lineages/archaea_odb10/hmms/31316at2157.hmm
# Target file:     /home/mira/Bacteria2022/Thiomargarita_magnifica/qc_assembly/busco_results/busco_results/prodigal_output/predicted_genes/predicted.faa
# Option settings: hmmsearch --domtblout /home/mira/Bacteria2022/Thiomargarita_magnifica/qc_assembly/busco_results/busco_results/auto_lineage/run_archaea_odb10/hmmer_output/31316at2157.out --cpu 1 /home/mira/Bacteria2022/Thiomargarita_magnifica/qc_assembly/busco_results/busco_downloads/lineages/archaea_odb10/hmms/31316at2157.hmm /home/mira/Bacteria2022/Thiomargarita_magnifica/qc_assembly/busco_results/busco_results/prodigal_output/predicted_genes/predicted.faa 
# Current dir:     /home/mira/Bacteria2022/Thiomargarita_magnifica/qc_assembly/busco_results
# Date:            Tue Jul 12 12:51:49 2022
# [ok]
