#                                                                                              --- full sequence --- -------------- this domain -------------   hmm coord   ali coord   env coord
# target name                          accession   tlen query name           accession   qlen   E-value  score  bias   #  of  c-Evalue  i-Evalue  score  bias  from    to  from    to  from    to  acc description of target
#                  ------------------- ---------- ----- -------------------- ---------- ----- --------- ------ ----- --- --- --------- --------- ------ ----- ----- ----- ----- ----- ----- ----- ---- ---------------------
NODE_931_length_4159_cov_5.673513_2    -            610 32623at2157          -            361   2.9e-10   39.6   0.1   1   3   6.6e-06     0.028   13.4   0.0    24    75   230   283   217   298 0.86 # 1424 # 3253 # 1 # ID=931_2;partial=00;start_type=TTG;rbs_motif=AGGA;rbs_spacer=5-10bp;gc_cont=0.338
NODE_931_length_4159_cov_5.673513_2    -            610 32623at2157          -            361   2.9e-10   39.6   0.1   2   3   2.6e-08   0.00011   21.3   0.0   142   192   321   372   301   394 0.86 # 1424 # 3253 # 1 # ID=931_2;partial=00;start_type=TTG;rbs_motif=AGGA;rbs_spacer=5-10bp;gc_cont=0.338
NODE_931_length_4159_cov_5.673513_2    -            610 32623at2157          -            361   2.9e-10   39.6   0.1   3   3      0.05   2.1e+02    0.6   0.1   309   359   541   592   513   595 0.74 # 1424 # 3253 # 1 # ID=931_2;partial=00;start_type=TTG;rbs_motif=AGGA;rbs_spacer=5-10bp;gc_cont=0.338
NODE_222_length_17342_cov_72.341848_11 -            570 32623at2157          -            361   2.7e-09   36.5   0.0   1   2   1.3e-05     0.055   12.4   0.0    14    74    31    93    22   104 0.85 # 10149 # 11858 # -1 # ID=222_11;partial=00;start_type=ATG;rbs_motif=GGA/GAG/AGG;rbs_spacer=5-10bp;gc_cont=0.478
NODE_222_length_17342_cov_72.341848_11 -            570 32623at2157          -            361   2.7e-09   36.5   0.0   2   2     2e-08   8.7e-05   21.7   0.1   141   188   124   172   108   181 0.81 # 10149 # 11858 # -1 # ID=222_11;partial=00;start_type=ATG;rbs_motif=GGA/GAG/AGG;rbs_spacer=5-10bp;gc_cont=0.478
NODE_1158_length_2786_cov_42.304540_2  -            659 32623at2157          -            361   3.3e-09   36.2   0.0   1   2   1.5e-07   0.00063   18.8   0.0    16    78   260   324   247   332 0.77 # 385 # 2361 # -1 # ID=1158_2;partial=00;start_type=ATG;rbs_motif=None;rbs_spacer=None;gc_cont=0.452
NODE_1158_length_2786_cov_42.304540_2  -            659 32623at2157          -            361   3.3e-09   36.2   0.0   2   2     2e-06    0.0086   15.1   0.0   122   191   333   402   328   424 0.85 # 385 # 2361 # -1 # ID=1158_2;partial=00;start_type=ATG;rbs_motif=None;rbs_spacer=None;gc_cont=0.452
NODE_203_length_18535_cov_54.842670_7  -            637 32623at2157          -            361   6.4e-09   35.2   0.0   1   2   2.1e-06     0.009   15.0   0.0    13    84   254   327   244   332 0.81 # 3302 # 5212 # -1 # ID=203_7;partial=00;start_type=ATG;rbs_motif=None;rbs_spacer=None;gc_cont=0.450
NODE_203_length_18535_cov_54.842670_7  -            637 32623at2157          -            361   6.4e-09   35.2   0.0   2   2   2.9e-07    0.0012   17.9   0.0   140   192   347   399   328   408 0.86 # 3302 # 5212 # -1 # ID=203_7;partial=00;start_type=ATG;rbs_motif=None;rbs_spacer=None;gc_cont=0.450
NODE_748_length_5691_cov_6.985216_5    -            567 32623at2157          -            361   3.5e-08   32.8   0.3   1   4   2.4e-05       0.1   11.5   0.0     8    78    25    97    19   105 0.85 # 3886 # 5586 # 1 # ID=748_5;partial=00;start_type=ATG;rbs_motif=AGGA;rbs_spacer=5-10bp;gc_cont=0.335
NODE_748_length_5691_cov_6.985216_5    -            567 32623at2157          -            361   3.5e-08   32.8   0.3   2   4   4.8e-07     0.002   17.1   0.0   140   182   123   165   102   185 0.81 # 3886 # 5586 # 1 # ID=748_5;partial=00;start_type=ATG;rbs_motif=AGGA;rbs_spacer=5-10bp;gc_cont=0.335
NODE_748_length_5691_cov_6.985216_5    -            567 32623at2157          -            361   3.5e-08   32.8   0.3   3   4       1.1   4.6e+03   -3.8   0.0    71    93   218   240   215   252 0.72 # 3886 # 5586 # 1 # ID=748_5;partial=00;start_type=ATG;rbs_motif=AGGA;rbs_spacer=5-10bp;gc_cont=0.335
NODE_748_length_5691_cov_6.985216_5    -            567 32623at2157          -            361   3.5e-08   32.8   0.3   4   4      0.12   5.3e+02   -0.7   0.0   325   358   520   555   497   558 0.70 # 3886 # 5586 # 1 # ID=748_5;partial=00;start_type=ATG;rbs_motif=AGGA;rbs_spacer=5-10bp;gc_cont=0.335
#
# Program:         hmmsearch
# Version:         3.1b2 (February 2015)
# Pipeline mode:   SEARCH
# Query file:      /home/mira/Bacteria2022/Thiomargarita_magnifica/qc_assembly/busco_results/busco_downloads/lineages/archaea_odb10/hmms/32623at2157.hmm
# Target file:     /home/mira/Bacteria2022/Thiomargarita_magnifica/qc_assembly/busco_results/busco_results/prodigal_output/predicted_genes/predicted.faa
# Option settings: hmmsearch --domtblout /home/mira/Bacteria2022/Thiomargarita_magnifica/qc_assembly/busco_results/busco_results/auto_lineage/run_archaea_odb10/hmmer_output/32623at2157.out --cpu 1 /home/mira/Bacteria2022/Thiomargarita_magnifica/qc_assembly/busco_results/busco_downloads/lineages/archaea_odb10/hmms/32623at2157.hmm /home/mira/Bacteria2022/Thiomargarita_magnifica/qc_assembly/busco_results/busco_results/prodigal_output/predicted_genes/predicted.faa 
# Current dir:     /home/mira/Bacteria2022/Thiomargarita_magnifica/qc_assembly/busco_results
# Date:            Tue Jul 12 12:51:48 2022
# [ok]
