#                                                                                             --- full sequence --- -------------- this domain -------------   hmm coord   ali coord   env coord
# target name                         accession   tlen query name           accession   qlen   E-value  score  bias   #  of  c-Evalue  i-Evalue  score  bias  from    to  from    to  from    to  acc description of target
#                 ------------------- ---------- ----- -------------------- ---------- ----- --------- ------ ----- --- --- --------- --------- ------ ----- ----- ----- ----- ----- ----- ----- ---- ---------------------
NODE_123_length_24851_cov_5.635465_4  -            475 35861at2157          -            552   2.6e-32  112.4   0.5   1   3   6.9e-10   4.9e-06   25.7   0.1     8    32     4    28     1    32 0.90 # 3644 # 5068 # -1 # ID=123_4;partial=00;start_type=ATG;rbs_motif=AGGA;rbs_spacer=5-10bp;gc_cont=0.343
NODE_123_length_24851_cov_5.635465_4  -            475 35861at2157          -            552   2.6e-32  112.4   0.5   2   3   1.3e-17   9.4e-14   51.1   0.0   126   235   114   234   107   238 0.86 # 3644 # 5068 # -1 # ID=123_4;partial=00;start_type=ATG;rbs_motif=AGGA;rbs_spacer=5-10bp;gc_cont=0.343
NODE_123_length_24851_cov_5.635465_4  -            475 35861at2157          -            552   2.6e-32  112.4   0.5   3   3   6.9e-12   4.9e-08   32.3   0.0   354   550   245   473   240   474 0.72 # 3644 # 5068 # -1 # ID=123_4;partial=00;start_type=ATG;rbs_motif=AGGA;rbs_spacer=5-10bp;gc_cont=0.343
NODE_411_length_10938_cov_67.094282_3 -            478 35861at2157          -            552   1.1e-25   90.5   0.0   1   3   2.7e-07    0.0019   17.1   0.0     8    31     4    27     1    30 0.89 # 4038 # 5471 # -1 # ID=411_3;partial=00;start_type=ATG;rbs_motif=GGAG/GAGG;rbs_spacer=5-10bp;gc_cont=0.443
NODE_411_length_10938_cov_67.094282_3 -            478 35861at2157          -            552   1.1e-25   90.5   0.0   2   3     1e-15   7.1e-12   44.9   0.0   125   238   112   238   105   243 0.85 # 4038 # 5471 # -1 # ID=411_3;partial=00;start_type=ATG;rbs_motif=GGAG/GAGG;rbs_spacer=5-10bp;gc_cont=0.443
NODE_411_length_10938_cov_67.094282_3 -            478 35861at2157          -            552   1.1e-25   90.5   0.0   3   3   9.7e-10   6.9e-06   25.2   0.0   353   550   242   475   237   477 0.70 # 4038 # 5471 # -1 # ID=411_3;partial=00;start_type=ATG;rbs_motif=GGAG/GAGG;rbs_spacer=5-10bp;gc_cont=0.443
NODE_1392_length_2018_cov_2.627512_4  -            224 35861at2157          -            552     0.026   13.4   0.2   1   1     5e-06     0.035   12.9   0.2   168   278   100   210    94   217 0.93 # 897 # 1568 # -1 # ID=1392_4;partial=00;start_type=ATG;rbs_motif=None;rbs_spacer=None;gc_cont=0.286
#
# Program:         hmmsearch
# Version:         3.1b2 (February 2015)
# Pipeline mode:   SEARCH
# Query file:      /home/mira/Bacteria2022/Thiomargarita_magnifica/qc_assembly/busco_results/busco_downloads/lineages/archaea_odb10/hmms/35861at2157.hmm
# Target file:     /home/mira/Bacteria2022/Thiomargarita_magnifica/qc_assembly/busco_results/busco_results/prodigal_output/predicted_genes/predicted.faa
# Option settings: hmmsearch --domtblout /home/mira/Bacteria2022/Thiomargarita_magnifica/qc_assembly/busco_results/busco_results/auto_lineage/run_archaea_odb10/hmmer_output/35861at2157.out --cpu 1 /home/mira/Bacteria2022/Thiomargarita_magnifica/qc_assembly/busco_results/busco_downloads/lineages/archaea_odb10/hmms/35861at2157.hmm /home/mira/Bacteria2022/Thiomargarita_magnifica/qc_assembly/busco_results/busco_results/prodigal_output/predicted_genes/predicted.faa 
# Current dir:     /home/mira/Bacteria2022/Thiomargarita_magnifica/qc_assembly/busco_results
# Date:            Tue Jul 12 12:51:49 2022
# [ok]
