#                                                                                               --- full sequence --- -------------- this domain -------------   hmm coord   ali coord   env coord
# target name                           accession   tlen query name           accession   qlen   E-value  score  bias   #  of  c-Evalue  i-Evalue  score  bias  from    to  from    to  from    to  acc description of target
#                   ------------------- ---------- ----- -------------------- ---------- ----- --------- ------ ----- --- --- --------- --------- ------ ----- ----- ----- ----- ----- ----- ----- ---- ---------------------
NODE_538_length_8534_cov_5.967364_4     -            452 37299at2157          -            410  1.1e-127  426.2   0.4   1   1  1.4e-130  1.5e-127  425.9   0.4     4   392     1   436     1   450 0.86 # 1917 # 3272 # 1 # ID=538_4;partial=00;start_type=ATG;rbs_motif=AGGA;rbs_spacer=5-10bp;gc_cont=0.335
NODE_717_length_6147_cov_82.012026_6    -            506 37299at2157          -            410    1e-112  377.0   0.2   1   1  1.3e-115  1.4e-112  376.6   0.2     4   403     1   465     1   471 0.83 # 4456 # 5973 # 1 # ID=717_6;partial=00;start_type=ATG;rbs_motif=AGGAG/GGAGG;rbs_spacer=11-12bp;gc_cont=0.444
NODE_294_length_14745_cov_62.935983_7   -            612 37299at2157          -            410   6.4e-20   71.4   0.1   1   1     4e-22   4.2e-19   68.7   0.1     4   193     1   221     1   229 0.76 # 5480 # 7315 # -1 # ID=294_7;partial=00;start_type=ATG;rbs_motif=AGGA;rbs_spacer=5-10bp;gc_cont=0.455
NODE_862_length_4663_cov_5.920192_3     -            604 37299at2157          -            410   6.4e-16   58.2   0.1   1   2   0.00018      0.19   10.5   0.0     4    46     1    48     1    53 0.76 # 858 # 2669 # 1 # ID=862_3;partial=00;start_type=ATG;rbs_motif=GGA/GAG/AGG;rbs_spacer=5-10bp;gc_cont=0.332
NODE_862_length_4663_cov_5.920192_3     -            604 37299at2157          -            410   6.4e-16   58.2   0.1   2   2   3.9e-15   4.2e-12   45.6   0.0    44   157    67   187    56   233 0.72 # 858 # 2669 # 1 # ID=862_3;partial=00;start_type=ATG;rbs_motif=GGA/GAG/AGG;rbs_spacer=5-10bp;gc_cont=0.332
NODE_2536_length_577_cov_1.492000_1     -            191 37299at2157          -            410   7.2e-14   51.4   0.1   1   2     0.044        47    2.6   0.0    17    39    21    43    14    53 0.77 # 3 # 575 # -1 # ID=2536_1;partial=11;start_type=Edge;rbs_motif=None;rbs_spacer=None;gc_cont=0.276
NODE_2536_length_577_cov_1.492000_1     -            191 37299at2157          -            410   7.2e-14   51.4   0.1   2   2   1.7e-15   1.8e-12   46.8   0.2    43   142    74   179    64   188 0.85 # 3 # 575 # -1 # ID=2536_1;partial=11;start_type=Edge;rbs_motif=None;rbs_spacer=None;gc_cont=0.276
NODE_17_length_54867_cov_114.844059_49  -            609 37299at2157          -            410   3.2e-12   46.0   0.0   1   1   4.5e-15   4.9e-12   45.4   0.0     4   167     1   159     1   174 0.76 # 50165 # 51991 # 1 # ID=17_49;partial=00;start_type=ATG;rbs_motif=AGGA;rbs_spacer=5-10bp;gc_cont=0.430
NODE_336_length_13122_cov_123.830126_4  -            668 37299at2157          -            410   9.4e-12   44.5   0.0   1   1   1.5e-14   1.6e-11   43.7   0.0    19   181    25   174     1   183 0.70 # 1769 # 3772 # -1 # ID=336_4;partial=00;start_type=ATG;rbs_motif=GGA/GAG/AGG;rbs_spacer=5-10bp;gc_cont=0.385
NODE_83_length_28496_cov_99.911714_23   -            590 37299at2157          -            410   1.1e-09   37.6   0.0   1   1   1.7e-12   1.8e-09   36.9   0.0    48   177    42   170    36   215 0.79 # 23272 # 25041 # 1 # ID=83_23;partial=00;start_type=ATG;rbs_motif=AGGA/GGAG/GAGG;rbs_spacer=11-12bp;gc_cont=0.464
NODE_193_length_19157_cov_129.481656_7  -            625 37299at2157          -            410   1.2e-09   37.5   0.0   1   1   1.8e-12   1.9e-09   36.9   0.0     4   208     1   219     1   222 0.71 # 6949 # 8823 # -1 # ID=193_7;partial=00;start_type=ATG;rbs_motif=None;rbs_spacer=None;gc_cont=0.372
NODE_217_length_17660_cov_139.952283_14 -            181 37299at2157          -            410   1.7e-09   37.1   0.0   1   1     2e-12   2.2e-09   36.7   0.0    50   179    18   148     8   157 0.80 # 10842 # 11384 # 1 # ID=217_14;partial=00;start_type=TTG;rbs_motif=None;rbs_spacer=None;gc_cont=0.414
NODE_6252_length_232_cov_0.954839_1     -             77 37299at2157          -            410   1.4e-08   34.0   0.0   1   1   1.4e-11   1.5e-08   33.9   0.0    52   120     1    77     1    77 0.85 # 2 # 232 # -1 # ID=6252_1;partial=11;start_type=Edge;rbs_motif=None;rbs_spacer=None;gc_cont=0.532
NODE_11_length_58114_cov_109.598773_6   -            626 37299at2157          -            410     5e-08   32.2   0.0   1   2   9.7e-11     1e-07   31.1   0.0    20   164    25   158     1   182 0.67 # 4890 # 6767 # 1 # ID=11_6;partial=00;start_type=ATG;rbs_motif=4Base/6BMM;rbs_spacer=13-15bp;gc_cont=0.437
NODE_11_length_58114_cov_109.598773_6   -            626 37299at2157          -            410     5e-08   32.2   0.0   2   2       3.2   3.4e+03   -3.5   0.0   273   300   222   249   220   261 0.72 # 4890 # 6767 # 1 # ID=11_6;partial=00;start_type=ATG;rbs_motif=4Base/6BMM;rbs_spacer=13-15bp;gc_cont=0.437
NODE_11_length_58114_cov_109.598773_14  -            651 37299at2157          -            410   6.5e-08   31.8   0.0   1   1   8.4e-11   8.9e-08   31.4   0.0    17   173    25   176     1   191 0.73 # 13513 # 15465 # 1 # ID=11_14;partial=00;start_type=ATG;rbs_motif=GGA/GAG/AGG;rbs_spacer=5-10bp;gc_cont=0.475
NODE_176_length_20149_cov_70.683988_15  -            587 37299at2157          -            410   1.9e-07   30.3   0.0   1   1   2.8e-10     3e-07   29.6   0.0    47   185    41   180    16   189 0.76 # 14404 # 16164 # 1 # ID=176_15;partial=00;start_type=ATG;rbs_motif=None;rbs_spacer=None;gc_cont=0.465
NODE_204_length_18386_cov_11.660113_4   -            593 37299at2157          -            410   2.1e-07   30.1   0.0   1   1     4e-10   4.3e-07   29.1   0.0    46   166    34   149    14   160 0.77 # 4783 # 6561 # -1 # ID=204_4;partial=00;start_type=ATG;rbs_motif=GGA/GAG/AGG;rbs_spacer=5-10bp;gc_cont=0.247
NODE_78_length_29066_cov_109.256994_29  -            462 37299at2157          -            410   0.00011   21.1   0.0   1   1   1.5e-07   0.00016   20.6   0.0    22   108     5    91     1   103 0.76 # 20979 # 22364 # -1 # ID=78_29;partial=00;start_type=ATG;rbs_motif=None;rbs_spacer=None;gc_cont=0.403
NODE_23_length_50295_cov_87.702099_35   -            231 37299at2157          -            410     0.018   13.9   0.0   1   1   2.6e-05     0.028   13.3   0.0   299   337   140   178   130   183 0.89 # 33409 # 34101 # -1 # ID=23_35;partial=00;start_type=ATG;rbs_motif=None;rbs_spacer=None;gc_cont=0.459
NODE_338_length_13040_cov_64.640130_2   -            228 37299at2157          -            410     0.029   13.2   0.0   1   1   4.7e-05      0.05   12.4   0.0   240   337   110   218    83   224 0.69 # 1333 # 2016 # 1 # ID=338_2;partial=00;start_type=ATG;rbs_motif=AGGA/GGAG/GAGG;rbs_spacer=11-12bp;gc_cont=0.437
NODE_654_length_6846_cov_5.780322_6     -            310 37299at2157          -            410     0.034   13.0   0.4   1   1   4.5e-05     0.048   12.5   0.4   285   368   192   273   188   299 0.83 # 3575 # 4504 # -1 # ID=654_6;partial=00;start_type=ATG;rbs_motif=AGGAG;rbs_spacer=5-10bp;gc_cont=0.339
NODE_39_length_42011_cov_85.366051_10   -            215 37299at2157          -            410      0.14   10.9   0.1   1   1   0.00019       0.2   10.4   0.1   304   340   117   153    98   156 0.86 # 3534 # 4178 # -1 # ID=39_10;partial=00;start_type=ATG;rbs_motif=GGA/GAG/AGG;rbs_spacer=5-10bp;gc_cont=0.448
#
# Program:         hmmsearch
# Version:         3.1b2 (February 2015)
# Pipeline mode:   SEARCH
# Query file:      /home/mira/Bacteria2022/Thiomargarita_magnifica/qc_assembly/busco_results/busco_downloads/lineages/archaea_odb10/hmms/37299at2157.hmm
# Target file:     /home/mira/Bacteria2022/Thiomargarita_magnifica/qc_assembly/busco_results/busco_results/prodigal_output/predicted_genes/predicted.faa
# Option settings: hmmsearch --domtblout /home/mira/Bacteria2022/Thiomargarita_magnifica/qc_assembly/busco_results/busco_results/auto_lineage/run_archaea_odb10/hmmer_output/37299at2157.out --cpu 1 /home/mira/Bacteria2022/Thiomargarita_magnifica/qc_assembly/busco_results/busco_downloads/lineages/archaea_odb10/hmms/37299at2157.hmm /home/mira/Bacteria2022/Thiomargarita_magnifica/qc_assembly/busco_results/busco_results/prodigal_output/predicted_genes/predicted.faa 
# Current dir:     /home/mira/Bacteria2022/Thiomargarita_magnifica/qc_assembly/busco_results
# Date:            Tue Jul 12 12:51:50 2022
# [ok]
