#                                                                                             --- full sequence --- -------------- this domain -------------   hmm coord   ali coord   env coord
# target name                         accession   tlen query name           accession   qlen   E-value  score  bias   #  of  c-Evalue  i-Evalue  score  bias  from    to  from    to  from    to  acc description of target
#                 ------------------- ---------- ----- -------------------- ---------- ----- --------- ------ ----- --- --- --------- --------- ------ ----- ----- ----- ----- ----- ----- ----- ---- ---------------------
NODE_84_length_28464_cov_7.097686_34  -            401 39322at2157          -            406   1.1e-92  311.2   2.3   1   1   3.7e-96   1.3e-92  310.9   2.3     8   367     3   395     1   400 0.88 # 27262 # 28464 # 1 # ID=84_34;partial=01;start_type=ATG;rbs_motif=AGGA;rbs_spacer=5-10bp;gc_cont=0.344
NODE_957_length_3962_cov_99.993565_1  -            454 39322at2157          -            406   5.9e-89  298.9   0.0   1   1   1.5e-91   5.5e-88  295.7   0.0     2   397     5   452     4   453 0.85 # 204 # 1565 # -1 # ID=957_1;partial=00;start_type=ATG;rbs_motif=None;rbs_spacer=None;gc_cont=0.438
NODE_644_length_6978_cov_151.582669_2 -            459 39322at2157          -            406   1.6e-24   86.7   0.2   1   2   5.8e-26     2e-22   79.8   0.1    24   280    44   307    33   310 0.78 # 529 # 1905 # -1 # ID=644_2;partial=00;start_type=ATG;rbs_motif=None;rbs_spacer=None;gc_cont=0.470
NODE_644_length_6978_cov_151.582669_2 -            459 39322at2157          -            406   1.6e-24   86.7   0.2   2   2    0.0029        10    5.0   0.0   329   401   372   454   343   458 0.71 # 529 # 1905 # -1 # ID=644_2;partial=00;start_type=ATG;rbs_motif=None;rbs_spacer=None;gc_cont=0.470
NODE_931_length_4159_cov_5.673513_1   -            453 39322at2157          -            406   2.3e-17   63.1   0.1   1   2   2.2e-20   7.8e-17   61.4   0.0    80   270    93   284    27   296 0.80 # 3 # 1361 # 1 # ID=931_1;partial=10;start_type=Edge;rbs_motif=None;rbs_spacer=None;gc_cont=0.315
NODE_931_length_4159_cov_5.673513_1   -            453 39322at2157          -            406   2.3e-17   63.1   0.1   2   2      0.27   9.7e+02   -1.5   0.0   336   369   367   400   354   447 0.76 # 3 # 1361 # 1 # ID=931_1;partial=10;start_type=Edge;rbs_motif=None;rbs_spacer=None;gc_cont=0.315
NODE_5522_length_250_cov_1.624277_1   -             83 39322at2157          -            406   1.1e-08   34.6   0.1   1   1   3.4e-12   1.2e-08   34.4   0.1    24    89     5    81     1    83 0.77 # 2 # 250 # 1 # ID=5522_1;partial=11;start_type=Edge;rbs_motif=None;rbs_spacer=None;gc_cont=0.337
NODE_6269_length_231_cov_1.922078_1   -             65 39322at2157          -            406    0.0011   18.1   0.0   1   1     3e-07    0.0011   18.1   0.0     2    34     7    44     6    63 0.85 # 35 # 229 # 1 # ID=6269_1;partial=01;start_type=ATG;rbs_motif=None;rbs_spacer=None;gc_cont=0.359
#
# Program:         hmmsearch
# Version:         3.1b2 (February 2015)
# Pipeline mode:   SEARCH
# Query file:      /home/mira/Bacteria2022/Thiomargarita_magnifica/qc_assembly/busco_results/busco_downloads/lineages/archaea_odb10/hmms/39322at2157.hmm
# Target file:     /home/mira/Bacteria2022/Thiomargarita_magnifica/qc_assembly/busco_results/busco_results/prodigal_output/predicted_genes/predicted.faa
# Option settings: hmmsearch --domtblout /home/mira/Bacteria2022/Thiomargarita_magnifica/qc_assembly/busco_results/busco_results/auto_lineage/run_archaea_odb10/hmmer_output/39322at2157.out --cpu 1 /home/mira/Bacteria2022/Thiomargarita_magnifica/qc_assembly/busco_results/busco_downloads/lineages/archaea_odb10/hmms/39322at2157.hmm /home/mira/Bacteria2022/Thiomargarita_magnifica/qc_assembly/busco_results/busco_results/prodigal_output/predicted_genes/predicted.faa 
# Current dir:     /home/mira/Bacteria2022/Thiomargarita_magnifica/qc_assembly/busco_results
# Date:            Tue Jul 12 12:51:48 2022
# [ok]
