#                                                                                               --- full sequence --- -------------- this domain -------------   hmm coord   ali coord   env coord
# target name                           accession   tlen query name           accession   qlen   E-value  score  bias   #  of  c-Evalue  i-Evalue  score  bias  from    to  from    to  from    to  acc description of target
#                   ------------------- ---------- ----- -------------------- ---------- ----- --------- ------ ----- --- --- --------- --------- ------ ----- ----- ----- ----- ----- ----- ----- ---- ---------------------
NODE_1202_length_2617_cov_5.473228_1    -            399 59062at2157          -            258   1.5e-08   34.7   1.0   1   1   6.8e-10   2.9e-06   27.2   1.0    26   249    39   300    12   304 0.64 # 2 # 1198 # 1 # ID=1202_1;partial=10;start_type=Edge;rbs_motif=None;rbs_spacer=None;gc_cont=0.327
NODE_20_length_53635_cov_137.680010_10  -            399 59062at2157          -            258   3.4e-08   33.5   0.0   1   2   0.00014      0.61    9.7   0.0     4    66     6    78     3    87 0.72 # 25655 # 26851 # 1 # ID=20_10;partial=00;start_type=ATG;rbs_motif=GGAG/GAGG;rbs_spacer=5-10bp;gc_cont=0.437
NODE_20_length_53635_cov_137.680010_10  -            399 59062at2157          -            258   3.4e-08   33.5   0.0   2   2   4.2e-08   0.00018   21.3   0.0   117   173   161   227   116   232 0.76 # 25655 # 26851 # 1 # ID=20_10;partial=00;start_type=ATG;rbs_motif=GGAG/GAGG;rbs_spacer=5-10bp;gc_cont=0.437
NODE_857_length_4679_cov_4.193611_3     -            322 59062at2157          -            258   1.3e-05   25.0   0.0   1   1   8.8e-09   3.8e-05   23.5   0.0    26   157     5   159     1   196 0.73 # 1487 # 2452 # -1 # ID=857_3;partial=00;start_type=TTG;rbs_motif=AGGA;rbs_spacer=5-10bp;gc_cont=0.316
NODE_265_length_15844_cov_108.657639_10 -            399 59062at2157          -            258   9.3e-05   22.2   0.0   1   1   3.5e-08   0.00015   21.6   0.0     4    89     4    91     2   108 0.85 # 8765 # 9961 # 1 # ID=265_10;partial=00;start_type=ATG;rbs_motif=GGA/GAG/AGG;rbs_spacer=5-10bp;gc_cont=0.343
NODE_221_length_17385_cov_66.788364_2   -            400 59062at2157          -            258   0.00012   21.8   0.2   1   3   2.3e-06    0.0098   15.6   0.0    23    65     4    48     1    85 0.79 # 927 # 2126 # -1 # ID=221_2;partial=00;start_type=ATG;rbs_motif=AGGA/GGAG/GAGG;rbs_spacer=11-12bp;gc_cont=0.462
NODE_221_length_17385_cov_66.788364_2   -            400 59062at2157          -            258   0.00012   21.8   0.2   2   3     0.011        47    3.5   0.0   120   157   128   165   110   170 0.85 # 927 # 2126 # -1 # ID=221_2;partial=00;start_type=ATG;rbs_motif=AGGA/GGAG/GAGG;rbs_spacer=11-12bp;gc_cont=0.462
NODE_221_length_17385_cov_66.788364_2   -            400 59062at2157          -            258   0.00012   21.8   0.2   3   3       2.2   9.6e+03   -4.0   0.0   163   177   258   272   249   286 0.75 # 927 # 2126 # -1 # ID=221_2;partial=00;start_type=ATG;rbs_motif=AGGA/GGAG/GAGG;rbs_spacer=11-12bp;gc_cont=0.462
#
# Program:         hmmsearch
# Version:         3.1b2 (February 2015)
# Pipeline mode:   SEARCH
# Query file:      /home/mira/Bacteria2022/Thiomargarita_magnifica/qc_assembly/busco_results/busco_downloads/lineages/archaea_odb10/hmms/59062at2157.hmm
# Target file:     /home/mira/Bacteria2022/Thiomargarita_magnifica/qc_assembly/busco_results/busco_results/prodigal_output/predicted_genes/predicted.faa
# Option settings: hmmsearch --domtblout /home/mira/Bacteria2022/Thiomargarita_magnifica/qc_assembly/busco_results/busco_results/auto_lineage/run_archaea_odb10/hmmer_output/59062at2157.out --cpu 1 /home/mira/Bacteria2022/Thiomargarita_magnifica/qc_assembly/busco_results/busco_downloads/lineages/archaea_odb10/hmms/59062at2157.hmm /home/mira/Bacteria2022/Thiomargarita_magnifica/qc_assembly/busco_results/busco_results/prodigal_output/predicted_genes/predicted.faa 
# Current dir:     /home/mira/Bacteria2022/Thiomargarita_magnifica/qc_assembly/busco_results
# Date:            Tue Jul 12 12:51:50 2022
# [ok]
