#                                                                                              --- full sequence --- -------------- this domain -------------   hmm coord   ali coord   env coord
# target name                          accession   tlen query name           accession   qlen   E-value  score  bias   #  of  c-Evalue  i-Evalue  score  bias  from    to  from    to  from    to  acc description of target
#                  ------------------- ---------- ----- -------------------- ---------- ----- --------- ------ ----- --- --- --------- --------- ------ ----- ----- ----- ----- ----- ----- ----- ---- ---------------------
NODE_563_length_8117_cov_7.890672_8    -            247 60670at2157          -            186     3e-07   30.7   0.0   1   2   2.5e-07   0.00053   20.1   0.0    47    83    70   106    16   126 0.80 # 7015 # 7755 # -1 # ID=563_8;partial=00;start_type=ATG;rbs_motif=AGGA;rbs_spacer=5-10bp;gc_cont=0.333
NODE_563_length_8117_cov_7.890672_8    -            247 60670at2157          -            186     3e-07   30.7   0.0   2   2   0.00081       1.7    8.7   0.0   103   147   156   199   151   231 0.71 # 7015 # 7755 # -1 # ID=563_8;partial=00;start_type=ATG;rbs_motif=AGGA;rbs_spacer=5-10bp;gc_cont=0.333
NODE_67_length_30798_cov_68.305849_15  -            251 60670at2157          -            186   2.8e-06   27.5   0.2   1   2   5.7e-07    0.0012   18.9   0.0    23   101    36   131    25   144 0.73 # 12086 # 12838 # 1 # ID=67_15;partial=00;start_type=ATG;rbs_motif=GGAG/GAGG;rbs_spacer=5-10bp;gc_cont=0.461
NODE_67_length_30798_cov_68.305849_15  -            251 60670at2157          -            186   2.8e-06   27.5   0.2   2   2    0.0083        18    5.4   0.1    97   152   156   219   132   243 0.65 # 12086 # 12838 # 1 # ID=67_15;partial=00;start_type=ATG;rbs_motif=GGAG/GAGG;rbs_spacer=5-10bp;gc_cont=0.461
NODE_221_length_17385_cov_66.788364_6  -            266 60670at2157          -            186   2.3e-05   24.6   0.2   1   1   1.7e-08   3.6e-05   23.9   0.2   113   176   167   226   145   236 0.80 # 4356 # 5153 # -1 # ID=221_6;partial=00;start_type=ATG;rbs_motif=AGGA;rbs_spacer=5-10bp;gc_cont=0.472
NODE_123_length_24851_cov_5.635465_16  -            261 60670at2157          -            186   4.3e-05   23.7   0.3   1   1   3.2e-08   6.8e-05   23.0   0.3   124   181   170   225   112   229 0.87 # 14458 # 15240 # 1 # ID=123_16;partial=00;start_type=ATG;rbs_motif=AGGA;rbs_spacer=5-10bp;gc_cont=0.354
NODE_1757_length_1274_cov_3.025898_2   -            255 60670at2157          -            186   0.00065   19.8   0.4   1   2   8.6e-06     0.018   15.1   0.1   117   170    54   109    52   115 0.84 # 210 # 974 # -1 # ID=1757_2;partial=00;start_type=ATG;rbs_motif=GGA/GAG/AGG;rbs_spacer=5-10bp;gc_cont=0.350
NODE_1757_length_1274_cov_3.025898_2   -            255 60670at2157          -            186   0.00065   19.8   0.4   2   2     0.061   1.3e+02    2.5   0.0   138   172   199   233   185   239 0.77 # 210 # 974 # -1 # ID=1757_2;partial=00;start_type=ATG;rbs_motif=GGA/GAG/AGG;rbs_spacer=5-10bp;gc_cont=0.350
NODE_30_length_44252_cov_109.576457_38 -            251 60670at2157          -            186     0.002   18.2   1.5   1   2   0.00024      0.51   10.4   0.0   124   172    63   110    58   115 0.89 # 41622 # 42374 # -1 # ID=30_38;partial=00;start_type=ATG;rbs_motif=GGAG/GAGG;rbs_spacer=5-10bp;gc_cont=0.481
NODE_30_length_44252_cov_109.576457_38 -            251 60670at2157          -            186     0.002   18.2   1.5   2   2    0.0045       9.6    6.2   0.6   127   165   180   219   177   223 0.83 # 41622 # 42374 # -1 # ID=30_38;partial=00;start_type=ATG;rbs_motif=GGAG/GAGG;rbs_spacer=5-10bp;gc_cont=0.481
NODE_469_length_9832_cov_81.875961_5   -            260 60670at2157          -            186    0.0079   16.3   0.0   1   1   6.2e-06     0.013   15.6   0.0   132   183   207   258   195   259 0.87 # 3278 # 4057 # 1 # ID=469_5;partial=00;start_type=ATG;rbs_motif=None;rbs_spacer=None;gc_cont=0.460
NODE_30_length_44252_cov_109.576457_37 -            256 60670at2157          -            186      0.04   14.0   2.7   1   3   3.1e-05     0.066   13.3   0.1   118   171    54   109    52   115 0.83 # 40770 # 41537 # -1 # ID=30_37;partial=00;start_type=ATG;rbs_motif=GGAG/GAGG;rbs_spacer=5-10bp;gc_cont=0.503
NODE_30_length_44252_cov_109.576457_37 -            256 60670at2157          -            186      0.04   14.0   2.7   2   3       2.8     6e+03   -2.9   0.0   150   167   159   176   154   177 0.77 # 40770 # 41537 # -1 # ID=30_37;partial=00;start_type=ATG;rbs_motif=GGAG/GAGG;rbs_spacer=5-10bp;gc_cont=0.503
NODE_30_length_44252_cov_109.576457_37 -            256 60670at2157          -            186      0.04   14.0   2.7   3   3       0.4   8.5e+02   -0.1   0.2   137   168   199   231   189   243 0.79 # 40770 # 41537 # -1 # ID=30_37;partial=00;start_type=ATG;rbs_motif=GGAG/GAGG;rbs_spacer=5-10bp;gc_cont=0.503
NODE_1059_length_3255_cov_2.330711_3   -            253 60670at2157          -            186     0.067   13.3   0.1   1   1   7.4e-05      0.16   12.0   0.0   127   173    66   110    50   122 0.78 # 1707 # 2465 # 1 # ID=1059_3;partial=00;start_type=ATG;rbs_motif=GGAG/GAGG;rbs_spacer=5-10bp;gc_cont=0.299
NODE_583_length_7783_cov_121.411238_3  -            399 60670at2157          -            186      0.22   11.6   0.1   1   1   0.00017      0.37   10.9   0.1   115   169   312   366   309   370 0.94 # 3248 # 4444 # -1 # ID=583_3;partial=00;start_type=ATG;rbs_motif=None;rbs_spacer=None;gc_cont=0.468
#
# Program:         hmmsearch
# Version:         3.1b2 (February 2015)
# Pipeline mode:   SEARCH
# Query file:      /home/mira/Bacteria2022/Thiomargarita_magnifica/qc_assembly/busco_results/busco_downloads/lineages/archaea_odb10/hmms/60670at2157.hmm
# Target file:     /home/mira/Bacteria2022/Thiomargarita_magnifica/qc_assembly/busco_results/busco_results/prodigal_output/predicted_genes/predicted.faa
# Option settings: hmmsearch --domtblout /home/mira/Bacteria2022/Thiomargarita_magnifica/qc_assembly/busco_results/busco_results/auto_lineage/run_archaea_odb10/hmmer_output/60670at2157.out --cpu 1 /home/mira/Bacteria2022/Thiomargarita_magnifica/qc_assembly/busco_results/busco_downloads/lineages/archaea_odb10/hmms/60670at2157.hmm /home/mira/Bacteria2022/Thiomargarita_magnifica/qc_assembly/busco_results/busco_results/prodigal_output/predicted_genes/predicted.faa 
# Current dir:     /home/mira/Bacteria2022/Thiomargarita_magnifica/qc_assembly/busco_results
# Date:            Tue Jul 12 12:51:50 2022
# [ok]
