#                                                                                              --- full sequence --- -------------- this domain -------------   hmm coord   ali coord   env coord
# target name                          accession   tlen query name           accession   qlen   E-value  score  bias   #  of  c-Evalue  i-Evalue  score  bias  from    to  from    to  from    to  acc description of target
#                  ------------------- ---------- ----- -------------------- ---------- ----- --------- ------ ----- --- --- --------- --------- ------ ----- ----- ----- ----- ----- ----- ----- ---- ---------------------
NODE_19_length_54395_cov_98.907231_32  -            671 6590at2157           -            391   1.1e-85  288.1   0.4   1   2   9.2e-42   1.5e-38  132.9   0.1     1   135     7   151     7   161 0.88 # 38976 # 40988 # 1 # ID=19_32;partial=00;start_type=ATG;rbs_motif=None;rbs_spacer=None;gc_cont=0.449
NODE_19_length_54395_cov_98.907231_32  -            671 6590at2157           -            391   1.1e-85  288.1   0.4   2   2   1.3e-47   2.1e-44  152.2   0.0   127   357   170   464   159   474 0.76 # 38976 # 40988 # 1 # ID=19_32;partial=00;start_type=ATG;rbs_motif=None;rbs_spacer=None;gc_cont=0.449
NODE_1156_length_2817_cov_4.105474_2   -            649 6590at2157           -            391   1.2e-67  228.7   0.4   1   1     7e-70   1.1e-66  225.5   0.4     2   384     8   479     7   485 0.75 # 428 # 2374 # 1 # ID=1156_2;partial=00;start_type=ATG;rbs_motif=AGGA;rbs_spacer=5-10bp;gc_cont=0.334
NODE_859_length_4668_cov_3.670442_2    -            821 6590at2157           -            391   1.3e-22   80.5   1.7   1   4   4.4e-21   7.3e-18   64.8   0.0     3   166    35   208    33   226 0.87 # 189 # 2651 # -1 # ID=859_2;partial=00;start_type=ATG;rbs_motif=AGGA;rbs_spacer=5-10bp;gc_cont=0.323
NODE_859_length_4668_cov_3.670442_2    -            821 6590at2157           -            391   1.3e-22   80.5   1.7   2   4     0.012        20    4.2   0.0   173   192   418   437   399   441 0.89 # 189 # 2651 # -1 # ID=859_2;partial=00;start_type=ATG;rbs_motif=AGGA;rbs_spacer=5-10bp;gc_cont=0.323
NODE_859_length_4668_cov_3.670442_2    -            821 6590at2157           -            391   1.3e-22   80.5   1.7   3   4     0.019        32    3.5   0.0   238   261   571   595   568   602 0.87 # 189 # 2651 # -1 # ID=859_2;partial=00;start_type=ATG;rbs_motif=AGGA;rbs_spacer=5-10bp;gc_cont=0.323
NODE_859_length_4668_cov_3.670442_2    -            821 6590at2157           -            391   1.3e-22   80.5   1.7   4   4     0.014        23    3.9   0.1   307   381   662   737   646   745 0.78 # 189 # 2651 # -1 # ID=859_2;partial=00;start_type=ATG;rbs_motif=AGGA;rbs_spacer=5-10bp;gc_cont=0.323
NODE_53_length_34738_cov_67.879028_30  -            810 6590at2157           -            391   3.4e-22   79.1   0.0   1   3   5.6e-17   9.3e-14   51.3   0.0     6   165    39   208    34   217 0.85 # 32083 # 34512 # -1 # ID=53_30;partial=00;start_type=ATG;rbs_motif=None;rbs_spacer=None;gc_cont=0.487
NODE_53_length_34738_cov_67.879028_30  -            810 6590at2157           -            391   3.4e-22   79.1   0.0   2   3     0.003       4.9    6.1   0.0   160   193   399   433   385   436 0.79 # 32083 # 34512 # -1 # ID=53_30;partial=00;start_type=ATG;rbs_motif=None;rbs_spacer=None;gc_cont=0.487
NODE_53_length_34738_cov_67.879028_30  -            810 6590at2157           -            391   3.4e-22   79.1   0.0   3   3   1.6e-06    0.0026   16.9   0.0   239   383   564   727   560   730 0.79 # 32083 # 34512 # -1 # ID=53_30;partial=00;start_type=ATG;rbs_motif=None;rbs_spacer=None;gc_cont=0.487
NODE_32_length_44052_cov_102.160569_34 -            939 6590at2157           -            391     4e-14   52.5   1.2   1   4     8e-12   1.3e-08   34.4   0.0     7    59    56   109    50   224 0.86 # 37195 # 40011 # -1 # ID=32_34;partial=00;start_type=GTG;rbs_motif=GGA/GAG/AGG;rbs_spacer=5-10bp;gc_cont=0.469
NODE_32_length_44052_cov_102.160569_34 -            939 6590at2157           -            391     4e-14   52.5   1.2   2   4   3.9e-05     0.064   12.3   0.1   126   192   406   482   386   486 0.78 # 37195 # 40011 # -1 # ID=32_34;partial=00;start_type=GTG;rbs_motif=GGA/GAG/AGG;rbs_spacer=5-10bp;gc_cont=0.469
NODE_32_length_44052_cov_102.160569_34 -            939 6590at2157           -            391     4e-14   52.5   1.2   3   4      0.17   2.8e+02    0.3   0.0   236   260   595   620   593   641 0.86 # 37195 # 40011 # -1 # ID=32_34;partial=00;start_type=GTG;rbs_motif=GGA/GAG/AGG;rbs_spacer=5-10bp;gc_cont=0.469
NODE_32_length_44052_cov_102.160569_34 -            939 6590at2157           -            391     4e-14   52.5   1.2   4   4       1.5   2.4e+03   -2.7   0.0   355   381   760   786   748   789 0.83 # 37195 # 40011 # -1 # ID=32_34;partial=00;start_type=GTG;rbs_motif=GGA/GAG/AGG;rbs_spacer=5-10bp;gc_cont=0.469
NODE_719_length_6139_cov_5.286539_5    -            912 6590at2157           -            391   8.9e-12   44.8   2.8   1   3   2.6e-10   4.2e-07   29.4   0.0     8    62    56   111    50   123 0.85 # 2460 # 5195 # 1 # ID=719_5;partial=00;start_type=ATG;rbs_motif=GGA/GAG/AGG;rbs_spacer=5-10bp;gc_cont=0.324
NODE_719_length_6139_cov_5.286539_5    -            912 6590at2157           -            391   8.9e-12   44.8   2.8   2   3   0.00056      0.92    8.5   0.6   172   192   451   471   389   505 0.55 # 2460 # 5195 # 1 # ID=719_5;partial=00;start_type=ATG;rbs_motif=GGA/GAG/AGG;rbs_spacer=5-10bp;gc_cont=0.324
NODE_719_length_6139_cov_5.286539_5    -            912 6590at2157           -            391   8.9e-12   44.8   2.8   3   3     0.018        30    3.6   0.0   236   262   587   615   582   703 0.81 # 2460 # 5195 # 1 # ID=719_5;partial=00;start_type=ATG;rbs_motif=GGA/GAG/AGG;rbs_spacer=5-10bp;gc_cont=0.324
NODE_1221_length_2557_cov_5.637097_1   -            815 6590at2157           -            391     3e-07   29.9   6.4   1   4   0.00025      0.41    9.7   0.0     8    53    45    91    38   111 0.79 # 42 # 2486 # 1 # ID=1221_1;partial=00;start_type=ATG;rbs_motif=GGA/GAG/AGG;rbs_spacer=5-10bp;gc_cont=0.339
NODE_1221_length_2557_cov_5.637097_1   -            815 6590at2157           -            391     3e-07   29.9   6.4   2   4    0.0044       7.2    5.6   0.0    84   118   149   183   122   197 0.85 # 42 # 2486 # 1 # ID=1221_1;partial=00;start_type=ATG;rbs_motif=GGA/GAG/AGG;rbs_spacer=5-10bp;gc_cont=0.339
NODE_1221_length_2557_cov_5.637097_1   -            815 6590at2157           -            391     3e-07   29.9   6.4   3   4   7.2e-05      0.12   11.5   2.1   167   192   389   413   289   417 0.75 # 42 # 2486 # 1 # ID=1221_1;partial=00;start_type=ATG;rbs_motif=GGA/GAG/AGG;rbs_spacer=5-10bp;gc_cont=0.339
NODE_1221_length_2557_cov_5.637097_1   -            815 6590at2157           -            391     3e-07   29.9   6.4   4   4      0.11   1.9e+02    0.9   0.1   312   347   616   652   527   702 0.61 # 42 # 2486 # 1 # ID=1221_1;partial=00;start_type=ATG;rbs_motif=GGA/GAG/AGG;rbs_spacer=5-10bp;gc_cont=0.339
NODE_547_length_8391_cov_52.878157_2   -            916 6590at2157           -            391     2e-05   23.8   4.1   1   6      0.28   4.6e+02   -0.4   0.0    88   114     8    34     3    38 0.89 # 1994 # 4741 # 1 # ID=547_2;partial=00;start_type=ATG;rbs_motif=None;rbs_spacer=None;gc_cont=0.481
NODE_547_length_8391_cov_52.878157_2   -            916 6590at2157           -            391     2e-05   23.8   4.1   2   6    0.0033       5.3    6.0   0.1     4    58    35    90    32   104 0.80 # 1994 # 4741 # 1 # ID=547_2;partial=00;start_type=ATG;rbs_motif=None;rbs_spacer=None;gc_cont=0.481
NODE_547_length_8391_cov_52.878157_2   -            916 6590at2157           -            391     2e-05   23.8   4.1   3   6     0.052        85    2.1   0.0    76   127   136   186   114   196 0.72 # 1994 # 4741 # 1 # ID=547_2;partial=00;start_type=ATG;rbs_motif=None;rbs_spacer=None;gc_cont=0.481
NODE_547_length_8391_cov_52.878157_2   -            916 6590at2157           -            391     2e-05   23.8   4.1   4   6   0.00035      0.58    9.2   0.7   170   193   389   411   354   421 0.82 # 1994 # 4741 # 1 # ID=547_2;partial=00;start_type=ATG;rbs_motif=None;rbs_spacer=None;gc_cont=0.481
NODE_547_length_8391_cov_52.878157_2   -            916 6590at2157           -            391     2e-05   23.8   4.1   5   6         2   3.3e+03   -3.2   0.0   246   259   518   531   511   534 0.86 # 1994 # 4741 # 1 # ID=547_2;partial=00;start_type=ATG;rbs_motif=None;rbs_spacer=None;gc_cont=0.481
NODE_547_length_8391_cov_52.878157_2   -            916 6590at2157           -            391     2e-05   23.8   4.1   6   6     0.048        79    2.2   0.0   349   380   699   730   617   734 0.88 # 1994 # 4741 # 1 # ID=547_2;partial=00;start_type=ATG;rbs_motif=None;rbs_spacer=None;gc_cont=0.481
NODE_5838_length_242_cov_1.793939_1    -             42 6590at2157           -            391   3.3e-05   23.1   0.2   1   1   2.3e-08   3.7e-05   23.0   0.2     1    36     3    37     3    39 0.94 # 1 # 126 # -1 # ID=5838_1;partial=10;start_type=ATG;rbs_motif=None;rbs_spacer=None;gc_cont=0.476
NODE_407_length_11154_cov_10.880563_2  -            467 6590at2157           -            391    0.0026   16.9   2.2   1   2   0.00012      0.19   10.8   0.1    12   105    35   137    26   194 0.70 # 1344 # 2744 # 1 # ID=407_2;partial=00;start_type=ATG;rbs_motif=4Base/6BMM;rbs_spacer=13-15bp;gc_cont=0.298
NODE_407_length_11154_cov_10.880563_2  -            467 6590at2157           -            391    0.0026   16.9   2.2   2   2    0.0036       5.9    5.9   0.3   239   305   259   337   253   375 0.62 # 1344 # 2744 # 1 # ID=407_2;partial=00;start_type=ATG;rbs_motif=4Base/6BMM;rbs_spacer=13-15bp;gc_cont=0.298
NODE_5310_length_256_cov_0.826816_1    -             85 6590at2157           -            391     0.024   13.7   0.0   1   1   1.5e-05     0.025   13.7   0.0    27    69     5    50     2    73 0.82 # 1 # 255 # -1 # ID=5310_1;partial=11;start_type=Edge;rbs_motif=None;rbs_spacer=None;gc_cont=0.506
NODE_5064_length_262_cov_0.800000_1    -             87 6590at2157           -            391     0.084   11.9   0.0   1   1     6e-05     0.098   11.7   0.0    27    66    39    80    27    85 0.85 # 2 # 262 # 1 # ID=5064_1;partial=11;start_type=Edge;rbs_motif=None;rbs_spacer=None;gc_cont=0.402
NODE_93_length_27368_cov_101.672236_28 -            458 6590at2157           -            391      0.14   11.2   0.1   1   2    0.0013       2.1    7.4   0.0    14    37    35    57    26   135 0.79 # 25243 # 26616 # -1 # ID=93_28;partial=00;start_type=ATG;rbs_motif=GGA/GAG/AGG;rbs_spacer=5-10bp;gc_cont=0.476
NODE_93_length_27368_cov_101.672236_28 -            458 6590at2157           -            391      0.14   11.2   0.1   2   2     0.076   1.3e+02    1.5   0.0   239   257   255   273   250   296 0.83 # 25243 # 26616 # -1 # ID=93_28;partial=00;start_type=ATG;rbs_motif=GGA/GAG/AGG;rbs_spacer=5-10bp;gc_cont=0.476
#
# Program:         hmmsearch
# Version:         3.1b2 (February 2015)
# Pipeline mode:   SEARCH
# Query file:      /home/mira/Bacteria2022/Thiomargarita_magnifica/qc_assembly/busco_results/busco_downloads/lineages/archaea_odb10/hmms/6590at2157.hmm
# Target file:     /home/mira/Bacteria2022/Thiomargarita_magnifica/qc_assembly/busco_results/busco_results/prodigal_output/predicted_genes/predicted.faa
# Option settings: hmmsearch --domtblout /home/mira/Bacteria2022/Thiomargarita_magnifica/qc_assembly/busco_results/busco_results/auto_lineage/run_archaea_odb10/hmmer_output/6590at2157.out --cpu 1 /home/mira/Bacteria2022/Thiomargarita_magnifica/qc_assembly/busco_results/busco_downloads/lineages/archaea_odb10/hmms/6590at2157.hmm /home/mira/Bacteria2022/Thiomargarita_magnifica/qc_assembly/busco_results/busco_results/prodigal_output/predicted_genes/predicted.faa 
# Current dir:     /home/mira/Bacteria2022/Thiomargarita_magnifica/qc_assembly/busco_results
# Date:            Tue Jul 12 12:51:50 2022
# [ok]
