#                                                                                             --- full sequence --- -------------- this domain -------------   hmm coord   ali coord   env coord
# target name                         accession   tlen query name           accession   qlen   E-value  score  bias   #  of  c-Evalue  i-Evalue  score  bias  from    to  from    to  from    to  acc description of target
#                 ------------------- ---------- ----- -------------------- ---------- ----- --------- ------ ----- --- --- --------- --------- ------ ----- ----- ----- ----- ----- ----- ----- ---- ---------------------
NODE_196_length_19069_cov_73.567291_8 -            592 6736at2157           -            480  2.6e-186  619.9   0.0   1   1    8e-189  1.7e-185  617.2   0.0     2   479    11   549    10   550 0.90 # 13828 # 15603 # -1 # ID=196_8;partial=00;start_type=ATG;rbs_motif=AGGA;rbs_spacer=5-10bp;gc_cont=0.504
NODE_60_length_33138_cov_86.984544_24 -            460 6736at2157           -            480   2.8e-35  121.8   0.0   1   2   0.00011      0.24    9.9   0.2    15    85    24    95     8   113 0.84 # 23807 # 25186 # -1 # ID=60_24;partial=00;start_type=ATG;rbs_motif=GGA/GAG/AGG;rbs_spacer=5-10bp;gc_cont=0.476
NODE_60_length_33138_cov_86.984544_24 -            460 6736at2157           -            480   2.8e-35  121.8   0.0   2   2   4.9e-35   1.1e-31  110.0   0.0   164   441   126   411   100   439 0.84 # 23807 # 25186 # -1 # ID=60_24;partial=00;start_type=ATG;rbs_motif=GGA/GAG/AGG;rbs_spacer=5-10bp;gc_cont=0.476
NODE_1013_length_3562_cov_4.410617_3  -            463 6736at2157           -            480   6.9e-35  120.5   0.1   1   2   3.1e-05     0.066   11.8   0.3     2    80     8    90     7    95 0.78 # 1092 # 2480 # 1 # ID=1013_3;partial=00;start_type=ATG;rbs_motif=AGGA;rbs_spacer=5-10bp;gc_cont=0.370
NODE_1013_length_3562_cov_4.410617_3  -            463 6736at2157           -            480   6.9e-35  120.5   0.1   2   2   5.3e-34   1.1e-30  106.6   0.0   164   461   123   429   107   438 0.86 # 1092 # 2480 # 1 # ID=1013_3;partial=00;start_type=ATG;rbs_motif=AGGA;rbs_spacer=5-10bp;gc_cont=0.370
NODE_126_length_24396_cov_8.516798_20 -            437 6736at2157           -            480   1.9e-34  119.1   0.0   1   2   0.00012      0.26    9.8   0.0     3    84    27   111    25   114 0.86 # 17590 # 18900 # -1 # ID=126_20;partial=00;start_type=ATG;rbs_motif=None;rbs_spacer=None;gc_cont=0.342
NODE_126_length_24396_cov_8.516798_20 -            437 6736at2157           -            480   1.9e-34  119.1   0.0   2   2   3.3e-34     7e-31  107.3   0.0   167   394   143   367   134   427 0.89 # 17590 # 18900 # -1 # ID=126_20;partial=00;start_type=ATG;rbs_motif=None;rbs_spacer=None;gc_cont=0.342
NODE_91_length_27535_cov_38.742734_4  -            468 6736at2157           -            480   3.4e-25   88.6   0.0   1   2   2.2e-07   0.00046   18.9   0.0    26    85    39    99    13   115 0.83 # 4851 # 6254 # 1 # ID=91_4;partial=00;start_type=ATG;rbs_motif=GGA/GAG/AGG;rbs_spacer=5-10bp;gc_cont=0.474
NODE_91_length_27535_cov_38.742734_4  -            468 6736at2157           -            480   3.4e-25   88.6   0.0   2   2   3.8e-22   8.2e-19   67.5   0.0   266   440   228   421   195   448 0.82 # 4851 # 6254 # 1 # ID=91_4;partial=00;start_type=ATG;rbs_motif=GGA/GAG/AGG;rbs_spacer=5-10bp;gc_cont=0.474
NODE_1117_length_3023_cov_5.182960_1  -            449 6736at2157           -            480     6e-21   74.6   0.1   1   2     0.086   1.8e+02    0.4   0.0    20    80    54   113    38   119 0.77 # 3 # 1349 # -1 # ID=1117_1;partial=10;start_type=ATG;rbs_motif=AGGAG;rbs_spacer=5-10bp;gc_cont=0.361
NODE_1117_length_3023_cov_5.182960_1  -            449 6736at2157           -            480     6e-21   74.6   0.1   2   2     2e-23   4.4e-20   71.7   0.0   159   382   140   367   132   390 0.85 # 3 # 1349 # -1 # ID=1117_1;partial=10;start_type=ATG;rbs_motif=AGGAG;rbs_spacer=5-10bp;gc_cont=0.361
NODE_60_length_33138_cov_86.984544_28 -            514 6736at2157           -            480   4.5e-17   61.8   0.1   1   2      0.01        22    3.4   0.0    33    85    64   116    33   118 0.75 # 27929 # 29470 # -1 # ID=60_28;partial=00;start_type=ATG;rbs_motif=GGA/GAG/AGG;rbs_spacer=5-10bp;gc_cont=0.466
NODE_60_length_33138_cov_86.984544_28 -            514 6736at2157           -            480   4.5e-17   61.8   0.1   2   2   1.6e-18   3.4e-15   55.6   0.0   160   376   139   370   133   389 0.79 # 27929 # 29470 # -1 # ID=60_28;partial=00;start_type=ATG;rbs_motif=GGA/GAG/AGG;rbs_spacer=5-10bp;gc_cont=0.466
NODE_5099_length_261_cov_0.804348_1   -             86 6736at2157           -            480   1.2e-09   37.3   0.0   1   1   6.3e-13   1.3e-09   37.1   0.0   246   311    20    85    17    86 0.94 # 3 # 260 # 1 # ID=5099_1;partial=11;start_type=Edge;rbs_motif=None;rbs_spacer=None;gc_cont=0.562
NODE_5655_length_247_cov_0.805882_1   -             82 6736at2157           -            480    0.0084   14.7   0.2   1   1   4.1e-06    0.0088   14.6   0.2   165   228     3    69     1    78 0.78 # 2 # 247 # -1 # ID=5655_1;partial=11;start_type=Edge;rbs_motif=None;rbs_spacer=None;gc_cont=0.484
NODE_325_length_13499_cov_78.519520_8 -            419 6736at2157           -            480     0.049   12.2   0.0   1   2     0.019        41    2.5   0.0   172   229   160   222   157   239 0.77 # 7729 # 8985 # 1 # ID=325_8;partial=00;start_type=ATG;rbs_motif=None;rbs_spacer=None;gc_cont=0.438
NODE_325_length_13499_cov_78.519520_8 -            419 6736at2157           -            480     0.049   12.2   0.0   2   2   0.00059       1.3    7.5   0.0   355   388   339   372   256   404 0.72 # 7729 # 8985 # 1 # ID=325_8;partial=00;start_type=ATG;rbs_motif=None;rbs_spacer=None;gc_cont=0.438
#
# Program:         hmmsearch
# Version:         3.1b2 (February 2015)
# Pipeline mode:   SEARCH
# Query file:      /home/mira/Bacteria2022/Thiomargarita_magnifica/qc_assembly/busco_results/busco_downloads/lineages/archaea_odb10/hmms/6736at2157.hmm
# Target file:     /home/mira/Bacteria2022/Thiomargarita_magnifica/qc_assembly/busco_results/busco_results/prodigal_output/predicted_genes/predicted.faa
# Option settings: hmmsearch --domtblout /home/mira/Bacteria2022/Thiomargarita_magnifica/qc_assembly/busco_results/busco_results/auto_lineage/run_archaea_odb10/hmmer_output/6736at2157.out --cpu 1 /home/mira/Bacteria2022/Thiomargarita_magnifica/qc_assembly/busco_results/busco_downloads/lineages/archaea_odb10/hmms/6736at2157.hmm /home/mira/Bacteria2022/Thiomargarita_magnifica/qc_assembly/busco_results/busco_results/prodigal_output/predicted_genes/predicted.faa 
# Current dir:     /home/mira/Bacteria2022/Thiomargarita_magnifica/qc_assembly/busco_results
# Date:            Tue Jul 12 12:51:51 2022
# [ok]
