#                                                                                               --- full sequence --- -------------- this domain -------------   hmm coord   ali coord   env coord
# target name                           accession   tlen query name           accession   qlen   E-value  score  bias   #  of  c-Evalue  i-Evalue  score  bias  from    to  from    to  from    to  acc description of target
#                   ------------------- ---------- ----- -------------------- ---------- ----- --------- ------ ----- --- --- --------- --------- ------ ----- ----- ----- ----- ----- ----- ----- ---- ---------------------
NODE_195_length_19103_cov_97.343477_16  -             74 76134at2157          -            270   4.8e-07   29.6   0.0   1   1   7.5e-10   4.9e-07   29.6   0.0   122   176    14    68     6    73 0.93 # 18266 # 18487 # 1 # ID=195_16;partial=00;start_type=ATG;rbs_motif=GGAG/GAGG;rbs_spacer=5-10bp;gc_cont=0.360
NODE_140_length_22907_cov_98.809286_14  -             68 76134at2157          -            270   1.4e-06   28.1   0.3   1   1   2.3e-09   1.5e-06   28.0   0.3   122   176     7    61     5    67 0.92 # 10214 # 10417 # 1 # ID=140_14;partial=00;start_type=ATG;rbs_motif=AGGAG;rbs_spacer=5-10bp;gc_cont=0.412
NODE_511_length_9060_cov_66.794835_2    -            140 76134at2157          -            270   1.5e-06   28.0   0.2   1   2       7.4   4.8e+03   -3.1   0.0     7    23    38    54    33    58 0.70 # 285 # 704 # 1 # ID=511_2;partial=00;start_type=ATG;rbs_motif=AGGAG;rbs_spacer=5-10bp;gc_cont=0.393
NODE_511_length_9060_cov_66.794835_2    -            140 76134at2157          -            270   1.5e-06   28.0   0.2   2   2   4.4e-09   2.8e-06   27.1   0.1   124   169    76   122    72   132 0.84 # 285 # 704 # 1 # ID=511_2;partial=00;start_type=ATG;rbs_motif=AGGAG;rbs_spacer=5-10bp;gc_cont=0.393
NODE_785_length_5274_cov_134.882625_5   -            115 76134at2157          -            270     5e-06   26.3   0.0   1   1   8.8e-09   5.7e-06   26.1   0.0   122   187    23    88    12   105 0.90 # 4626 # 4970 # -1 # ID=785_5;partial=00;start_type=ATG;rbs_motif=None;rbs_spacer=None;gc_cont=0.420
NODE_935_length_4137_cov_111.623645_3   -             75 76134at2157          -            270   1.7e-05   24.6   0.0   1   1   2.8e-08   1.8e-05   24.5   0.0   122   176    14    68     5    73 0.91 # 1430 # 1654 # 1 # ID=935_3;partial=00;start_type=ATG;rbs_motif=GGAG/GAGG;rbs_spacer=5-10bp;gc_cont=0.347
NODE_381_length_11622_cov_84.391338_4   -            119 76134at2157          -            270   2.6e-05   24.0   0.0   1   1   4.7e-08   3.1e-05   23.7   0.0   122   185    27    90    19   105 0.89 # 3164 # 3520 # 1 # ID=381_4;partial=00;start_type=ATG;rbs_motif=None;rbs_spacer=None;gc_cont=0.434
NODE_336_length_13122_cov_123.830126_6  -            138 76134at2157          -            270     9e-05   22.2   0.2   1   1   2.2e-07   0.00014   21.5   0.2   123   179     5    61     3   136 0.92 # 5379 # 5792 # 1 # ID=336_6;partial=00;start_type=ATG;rbs_motif=GGAG/GAGG;rbs_spacer=5-10bp;gc_cont=0.331
NODE_1694_length_1369_cov_143.200464_3  -             93 76134at2157          -            270   0.00033   20.3   0.0   1   1   5.4e-07   0.00035   20.3   0.0   132   174    25    67    13    77 0.87 # 1089 # 1367 # 1 # ID=1694_3;partial=01;start_type=ATG;rbs_motif=None;rbs_spacer=None;gc_cont=0.405
NODE_867_length_4637_cov_59.664474_2    -             77 76134at2157          -            270   0.00041   20.0   0.0   1   1   6.4e-07   0.00042   20.0   0.0   122   178    13    70    12    76 0.88 # 1224 # 1454 # -1 # ID=867_2;partial=00;start_type=ATG;rbs_motif=GGAG/GAGG;rbs_spacer=5-10bp;gc_cont=0.437
NODE_59_length_33340_cov_59.727114_27   -            145 76134at2157          -            270   0.00066   19.3   0.0   1   1   1.6e-06     0.001   18.7   0.0   122   174    16    68    15    77 0.95 # 22970 # 23404 # 1 # ID=59_27;partial=00;start_type=ATG;rbs_motif=GGAG/GAGG;rbs_spacer=5-10bp;gc_cont=0.370
NODE_481_length_9628_cov_106.175165_6   -            127 76134at2157          -            270   0.00088   18.9   0.1   1   1   2.1e-06    0.0014   18.3   0.1   122   176    65   120    64   123 0.94 # 3976 # 4356 # -1 # ID=481_6;partial=00;start_type=ATG;rbs_motif=GGAG/GAGG;rbs_spacer=5-10bp;gc_cont=0.339
NODE_336_length_13122_cov_123.830126_16 -            140 76134at2157          -            270    0.0009   18.9   0.1   1   1   1.5e-06   0.00099   18.8   0.1   122   186     4    68     3   139 0.78 # 12262 # 12681 # 1 # ID=336_16;partial=00;start_type=ATG;rbs_motif=GGAG/GAGG;rbs_spacer=5-10bp;gc_cont=0.329
NODE_336_length_13122_cov_123.830126_8  -            138 76134at2157          -            270    0.0013   18.3   0.0   1   1   3.5e-06    0.0023   17.6   0.0   123   178     5    60     4   136 0.94 # 6733 # 7146 # 1 # ID=336_8;partial=00;start_type=ATG;rbs_motif=AGGAG;rbs_spacer=5-10bp;gc_cont=0.329
NODE_345_length_12810_cov_111.362994_10 -            103 76134at2157          -            270    0.0015   18.2   0.0   1   1   3.2e-06    0.0021   17.7   0.0   127   173    46    91    43    94 0.88 # 9890 # 10198 # -1 # ID=345_10;partial=00;start_type=ATG;rbs_motif=GGAG/GAGG;rbs_spacer=5-10bp;gc_cont=0.447
NODE_1_length_122023_cov_87.997277_102  -            145 76134at2157          -            270    0.0024   17.5   0.0   1   1   5.2e-06    0.0034   17.0   0.0   122   175    16    69    15    79 0.94 # 117536 # 117970 # -1 # ID=1_102;partial=00;start_type=ATG;rbs_motif=GGAGG;rbs_spacer=5-10bp;gc_cont=0.398
NODE_336_length_13122_cov_123.830126_7  -            130 76134at2157          -            270    0.0033   17.0   0.0   1   1     7e-06    0.0045   16.6   0.0   122   178     4    60     3    71 0.95 # 5918 # 6307 # 1 # ID=336_7;partial=00;start_type=ATG;rbs_motif=AGGAG;rbs_spacer=5-10bp;gc_cont=0.326
NODE_204_length_18386_cov_11.660113_3   -            122 76134at2157          -            270    0.0038   16.8   0.2   1   1   6.6e-06    0.0043   16.7   0.2   125   171     3    48     1    76 0.83 # 4340 # 4705 # -1 # ID=204_3;partial=00;start_type=ATG;rbs_motif=GGA/GAG/AGG;rbs_spacer=5-10bp;gc_cont=0.235
NODE_565_length_8083_cov_220.664002_2   -            140 76134at2157          -            270    0.0075   15.9   0.2   1   1     2e-05     0.013   15.1   0.2   123   176     5    58     4   137 0.92 # 1287 # 1706 # -1 # ID=565_2;partial=00;start_type=ATG;rbs_motif=None;rbs_spacer=None;gc_cont=0.314
NODE_623_length_7175_cov_6.272612_7     -             89 76134at2157          -            270    0.0085   15.7   0.0   1   1   1.6e-05      0.01   15.4   0.0   122   177    23    78    22    83 0.95 # 3452 # 3718 # 1 # ID=623_7;partial=00;start_type=ATG;rbs_motif=AGGA;rbs_spacer=5-10bp;gc_cont=0.318
NODE_565_length_8083_cov_220.664002_1   -            148 76134at2157          -            270    0.0086   15.7   0.1   1   1   1.6e-05      0.01   15.4   0.1   123   183     5    65     4   142 0.88 # 713 # 1156 # -1 # ID=565_1;partial=00;start_type=ATG;rbs_motif=None;rbs_spacer=None;gc_cont=0.304
NODE_580_length_7815_cov_77.465883_4    -             93 76134at2157          -            270     0.035   13.7   0.0   1   1   5.5e-05     0.036   13.7   0.0   127   160    36    69    12    78 0.89 # 2257 # 2535 # 1 # ID=580_4;partial=00;start_type=ATG;rbs_motif=GGA/GAG/AGG;rbs_spacer=5-10bp;gc_cont=0.434
NODE_394_length_11408_cov_91.326008_7   -            263 76134at2157          -            270     0.039   13.5   0.0   1   1     9e-05     0.058   13.0   0.0   125   150   184   209   181   211 0.94 # 9604 # 10392 # -1 # ID=394_7;partial=00;start_type=ATG;rbs_motif=AGGA/GGAG/GAGG;rbs_spacer=11-12bp;gc_cont=0.449
NODE_786_length_5259_cov_129.800656_2   -            111 76134at2157          -            270     0.046   13.3   0.0   1   1   8.9e-05     0.057   13.0   0.0   122   174     5    57     1    61 0.93 # 513 # 845 # 1 # ID=786_2;partial=00;start_type=ATG;rbs_motif=GGAG/GAGG;rbs_spacer=5-10bp;gc_cont=0.348
NODE_3079_length_431_cov_2.508475_2     -             69 76134at2157          -            270     0.051   13.1   0.0   1   1     8e-05     0.051   13.1   0.0   123   158     4    39     1    67 0.83 # 105 # 311 # -1 # ID=3079_2;partial=00;start_type=ATG;rbs_motif=GGA/GAG/AGG;rbs_spacer=5-10bp;gc_cont=0.295
NODE_899_length_4443_cov_137.122538_3   -            100 76134at2157          -            270     0.064   12.8   0.0   1   1   0.00012     0.079   12.5   0.0   124   166    32    73    30    85 0.78 # 1664 # 1963 # 1 # ID=899_3;partial=00;start_type=ATG;rbs_motif=None;rbs_spacer=None;gc_cont=0.427
NODE_53_length_34738_cov_67.879028_14   -            104 76134at2157          -            270     0.075   12.6   0.1   1   1   0.00016       0.1   12.1   0.1   122   176    44    98    38   102 0.93 # 17333 # 17644 # 1 # ID=53_14;partial=00;start_type=ATG;rbs_motif=None;rbs_spacer=None;gc_cont=0.410
NODE_2231_length_732_cov_117.627481_1   -            103 76134at2157          -            270     0.093   12.3   0.0   1   1   0.00019      0.12   11.9   0.0   125   157    41    73    35    91 0.88 # 75 # 383 # -1 # ID=2231_1;partial=00;start_type=ATG;rbs_motif=GGA/GAG/AGG;rbs_spacer=5-10bp;gc_cont=0.408
NODE_16_length_55209_cov_71.315479_3    -            364 76134at2157          -            270       0.1   12.2   0.0   1   1   0.00028      0.18   11.3   0.0   124   173     6    57     4    68 0.88 # 3777 # 4868 # -1 # ID=16_3;partial=00;start_type=ATG;rbs_motif=AGGAG;rbs_spacer=5-10bp;gc_cont=0.425
NODE_340_length_12930_cov_58.629892_5   -            268 76134at2157          -            270      0.11   12.0   0.0   1   1   0.00031       0.2   11.2   0.0   125   150   169   194   166   196 0.94 # 5114 # 5917 # 1 # ID=340_5;partial=00;start_type=ATG;rbs_motif=GGAG/GAGG;rbs_spacer=5-10bp;gc_cont=0.478
NODE_2490_length_594_cov_208.044487_1   -            120 76134at2157          -            270      0.12   11.9   0.0   1   1   0.00022      0.14   11.7   0.0   124   168    56   101    52   118 0.80 # 3 # 362 # 1 # ID=2490_1;partial=10;start_type=Edge;rbs_motif=None;rbs_spacer=None;gc_cont=0.422
NODE_28_length_45555_cov_104.256827_31  -            200 76134at2157          -            270      0.13   11.9   0.0   1   1   0.00032      0.21   11.2   0.0   122   158    71   107    68   126 0.87 # 37461 # 38060 # -1 # ID=28_31;partial=00;start_type=ATG;rbs_motif=GGAG/GAGG;rbs_spacer=5-10bp;gc_cont=0.413
NODE_1_length_122023_cov_87.997277_100  -             82 76134at2157          -            270      0.13   11.8   0.0   1   1   0.00025      0.16   11.5   0.0   122   175    16    65    15    74 0.92 # 112860 # 113105 # -1 # ID=1_100;partial=00;start_type=ATG;rbs_motif=GGAGG;rbs_spacer=5-10bp;gc_cont=0.451
NODE_55_length_33983_cov_59.359287_3    -             95 76134at2157          -            270      0.15   11.6   0.0   1   1   0.00026      0.17   11.4   0.0   123   160    35    72    22    84 0.89 # 4055 # 4339 # -1 # ID=55_3;partial=00;start_type=ATG;rbs_motif=GGAG/GAGG;rbs_spacer=5-10bp;gc_cont=0.439
#
# Program:         hmmsearch
# Version:         3.1b2 (February 2015)
# Pipeline mode:   SEARCH
# Query file:      /home/mira/Bacteria2022/Thiomargarita_magnifica/qc_assembly/busco_results/busco_downloads/lineages/archaea_odb10/hmms/76134at2157.hmm
# Target file:     /home/mira/Bacteria2022/Thiomargarita_magnifica/qc_assembly/busco_results/busco_results/prodigal_output/predicted_genes/predicted.faa
# Option settings: hmmsearch --domtblout /home/mira/Bacteria2022/Thiomargarita_magnifica/qc_assembly/busco_results/busco_results/auto_lineage/run_archaea_odb10/hmmer_output/76134at2157.out --cpu 1 /home/mira/Bacteria2022/Thiomargarita_magnifica/qc_assembly/busco_results/busco_downloads/lineages/archaea_odb10/hmms/76134at2157.hmm /home/mira/Bacteria2022/Thiomargarita_magnifica/qc_assembly/busco_results/busco_results/prodigal_output/predicted_genes/predicted.faa 
# Current dir:     /home/mira/Bacteria2022/Thiomargarita_magnifica/qc_assembly/busco_results
# Date:            Tue Jul 12 12:51:51 2022
# [ok]
