#                                                                                              --- full sequence --- -------------- this domain -------------   hmm coord   ali coord   env coord
# target name                          accession   tlen query name           accession   qlen   E-value  score  bias   #  of  c-Evalue  i-Evalue  score  bias  from    to  from    to  from    to  acc description of target
#                  ------------------- ---------- ----- -------------------- ---------- ----- --------- ------ ----- --- --- --------- --------- ------ ----- ----- ----- ----- ----- ----- ----- ---- ---------------------
NODE_1059_length_3255_cov_2.330711_2   -            204 78046at2157          -            167   1.5e-08   34.6   0.0   1   2   4.2e-11   9.9e-08   32.0   0.0     5    82    10    92     6   107 0.85 # 1096 # 1707 # 1 # ID=1059_2;partial=00;start_type=ATG;rbs_motif=GGA/GAG/AGG;rbs_spacer=11-12bp;gc_cont=0.288
NODE_1059_length_3255_cov_2.330711_2   -            204 78046at2157          -            167   1.5e-08   34.6   0.0   2   2      0.21     5e+02    0.4   0.0   139   157   171   189   134   195 0.73 # 1096 # 1707 # 1 # ID=1059_2;partial=00;start_type=ATG;rbs_motif=GGA/GAG/AGG;rbs_spacer=11-12bp;gc_cont=0.288
NODE_1028_length_3493_cov_3.504977_3   -            201 78046at2157          -            167   6.6e-06   26.0   0.1   1   2   9.5e-06     0.022   14.5   0.0    21    78    30    90     4   101 0.81 # 914 # 1516 # 1 # ID=1028_3;partial=00;start_type=ATG;rbs_motif=GGAG/GAGG;rbs_spacer=5-10bp;gc_cont=0.292
NODE_1028_length_3493_cov_3.504977_3   -            201 78046at2157          -            167   6.6e-06   26.0   0.1   2   2   0.00027      0.65    9.8   0.0   124   160   149   189   130   198 0.66 # 914 # 1516 # 1 # ID=1028_3;partial=00;start_type=ATG;rbs_motif=GGAG/GAGG;rbs_spacer=5-10bp;gc_cont=0.292
NODE_1135_length_2920_cov_4.180091_1   -            204 78046at2157          -            167   8.1e-05   22.5   0.0   1   2   1.5e-06    0.0036   17.1   0.0    18    84    23    93     7   100 0.81 # 204 # 815 # 1 # ID=1135_1;partial=00;start_type=TTG;rbs_motif=GGAGG;rbs_spacer=5-10bp;gc_cont=0.327
NODE_1135_length_2920_cov_4.180091_1   -            204 78046at2157          -            167   8.1e-05   22.5   0.0   2   2     0.026        62    3.3   0.0   141   162   172   193   156   199 0.88 # 204 # 815 # 1 # ID=1135_1;partial=00;start_type=TTG;rbs_motif=GGAGG;rbs_spacer=5-10bp;gc_cont=0.327
NODE_384_length_11609_cov_91.210978_5  -            210 78046at2157          -            167   0.00029   20.7   0.1   1   2   0.00015      0.37   10.6   0.0    25    79    35    92    18   108 0.80 # 4724 # 5353 # 1 # ID=384_5;partial=00;start_type=ATG;rbs_motif=AGGA;rbs_spacer=5-10bp;gc_cont=0.471
NODE_384_length_11609_cov_91.210978_5  -            210 78046at2157          -            167   0.00029   20.7   0.1   2   2   0.00089       2.1    8.1   0.0   141   158   179   196   167   203 0.87 # 4724 # 5353 # 1 # ID=384_5;partial=00;start_type=ATG;rbs_motif=AGGA;rbs_spacer=5-10bp;gc_cont=0.471
NODE_2017_length_926_cov_1.400471_2    -            210 78046at2157          -            167   0.00052   19.9   0.0   1   2   0.00046       1.1    9.1   0.0    13    82    22    94    10   110 0.73 # 296 # 925 # -1 # ID=2017_2;partial=01;start_type=Edge;rbs_motif=None;rbs_spacer=None;gc_cont=0.278
NODE_2017_length_926_cov_1.400471_2    -            210 78046at2157          -            167   0.00052   19.9   0.0   2   2   0.00051       1.2    8.9   0.0   141   161   181   201   161   207 0.83 # 296 # 925 # -1 # ID=2017_2;partial=01;start_type=Edge;rbs_motif=None;rbs_spacer=None;gc_cont=0.278
NODE_773_length_5375_cov_4.108343_3    -            515 78046at2157          -            167    0.0024   17.7   0.0   1   1   1.3e-05     0.031   14.1   0.0    33   160    49   179    31   186 0.68 # 2946 # 4490 # 1 # ID=773_3;partial=00;start_type=ATG;rbs_motif=AGGA;rbs_spacer=5-10bp;gc_cont=0.336
NODE_226_length_17126_cov_146.036835_7 -            470 78046at2157          -            167     0.019   14.8   0.0   1   1   1.6e-05     0.037   13.8   0.0    26    80   278   336   265   345 0.83 # 4801 # 6210 # -1 # ID=226_7;partial=00;start_type=ATG;rbs_motif=None;rbs_spacer=None;gc_cont=0.456
NODE_1100_length_3076_cov_52.642548_1  -            194 78046at2157          -            167     0.026   14.3   0.0   1   1   1.5e-05     0.036   13.9   0.0    29    79    77   128    50   137 0.86 # 302 # 883 # 1 # ID=1100_1;partial=00;start_type=ATG;rbs_motif=AGGAG;rbs_spacer=5-10bp;gc_cont=0.495
NODE_978_length_3843_cov_100.559214_2  -            544 78046at2157          -            167      0.16   11.8   0.1   1   2      0.01        25    4.7   0.0    30    76   340   384   327   396 0.73 # 500 # 2131 # 1 # ID=978_2;partial=00;start_type=ATG;rbs_motif=None;rbs_spacer=None;gc_cont=0.446
NODE_978_length_3843_cov_100.559214_2  -            544 78046at2157          -            167      0.16   11.8   0.1   2   2     0.012        28    4.5   0.1   147   160   507   520   490   527 0.79 # 500 # 2131 # 1 # ID=978_2;partial=00;start_type=ATG;rbs_motif=None;rbs_spacer=None;gc_cont=0.446
#
# Program:         hmmsearch
# Version:         3.1b2 (February 2015)
# Pipeline mode:   SEARCH
# Query file:      /home/mira/Bacteria2022/Thiomargarita_magnifica/qc_assembly/busco_results/busco_downloads/lineages/archaea_odb10/hmms/78046at2157.hmm
# Target file:     /home/mira/Bacteria2022/Thiomargarita_magnifica/qc_assembly/busco_results/busco_results/prodigal_output/predicted_genes/predicted.faa
# Option settings: hmmsearch --domtblout /home/mira/Bacteria2022/Thiomargarita_magnifica/qc_assembly/busco_results/busco_results/auto_lineage/run_archaea_odb10/hmmer_output/78046at2157.out --cpu 1 /home/mira/Bacteria2022/Thiomargarita_magnifica/qc_assembly/busco_results/busco_downloads/lineages/archaea_odb10/hmms/78046at2157.hmm /home/mira/Bacteria2022/Thiomargarita_magnifica/qc_assembly/busco_results/busco_results/prodigal_output/predicted_genes/predicted.faa 
# Current dir:     /home/mira/Bacteria2022/Thiomargarita_magnifica/qc_assembly/busco_results
# Date:            Tue Jul 12 12:51:50 2022
# [ok]
