#                                                                                              --- full sequence --- -------------- this domain -------------   hmm coord   ali coord   env coord
# target name                          accession   tlen query name           accession   qlen   E-value  score  bias   #  of  c-Evalue  i-Evalue  score  bias  from    to  from    to  from    to  acc description of target
#                  ------------------- ---------- ----- -------------------- ---------- ----- --------- ------ ----- --- --- --------- --------- ------ ----- ----- ----- ----- ----- ----- ----- ---- ---------------------
NODE_243_length_16487_cov_106.652834_1 -            896 7896at2157           -            433     2e-76  258.0   0.1   1   3   9.7e-23   6.9e-19   68.4   0.0     2   106    42   154    41   176 0.85 # 51 # 2738 # 1 # ID=243_1;partial=00;start_type=TTG;rbs_motif=GGA/GAG/AGG;rbs_spacer=5-10bp;gc_cont=0.476
NODE_243_length_16487_cov_106.652834_1 -            896 7896at2157           -            433     2e-76  258.0   0.1   2   3   2.4e-28   1.7e-24   86.9   0.0   132   282   236   432   211   453 0.78 # 51 # 2738 # 1 # ID=243_1;partial=00;start_type=TTG;rbs_motif=GGA/GAG/AGG;rbs_spacer=5-10bp;gc_cont=0.476
NODE_243_length_16487_cov_106.652834_1 -            896 7896at2157           -            433     2e-76  258.0   0.1   3   3   1.6e-30   1.2e-26   94.1   0.0   301   432   578   718   566   719 0.90 # 51 # 2738 # 1 # ID=243_1;partial=00;start_type=TTG;rbs_motif=GGA/GAG/AGG;rbs_spacer=5-10bp;gc_cont=0.476
NODE_849_length_4703_cov_6.957631_3    -            852 7896at2157           -            433   2.1e-64  218.4   2.1   1   4   9.1e-21   6.4e-17   61.9   0.0     4   105     2   111     1   129 0.85 # 1675 # 4230 # -1 # ID=849_3;partial=00;start_type=ATG;rbs_motif=GGA/GAG/AGG;rbs_spacer=5-10bp;gc_cont=0.344
NODE_849_length_4703_cov_6.957631_3    -            852 7896at2157           -            433   2.1e-64  218.4   2.1   2   4   2.5e-20   1.8e-16   60.5   0.0   133   265   193   355   178   362 0.83 # 1675 # 4230 # -1 # ID=849_3;partial=00;start_type=ATG;rbs_motif=GGA/GAG/AGG;rbs_spacer=5-10bp;gc_cont=0.344
NODE_849_length_4703_cov_6.957631_3    -            852 7896at2157           -            433   2.1e-64  218.4   2.1   3   4   1.6e-05      0.11   11.7   0.0   227   282   338   399   331   425 0.79 # 1675 # 4230 # -1 # ID=849_3;partial=00;start_type=ATG;rbs_motif=GGA/GAG/AGG;rbs_spacer=5-10bp;gc_cont=0.344
NODE_849_length_4703_cov_6.957631_3    -            852 7896at2157           -            433   2.1e-64  218.4   2.1   4   4   3.6e-28   2.5e-24   86.3   0.4   298   433   546   690   518   690 0.91 # 1675 # 4230 # -1 # ID=849_3;partial=00;start_type=ATG;rbs_motif=GGA/GAG/AGG;rbs_spacer=5-10bp;gc_cont=0.344
NODE_239_length_16665_cov_6.145828_9   -            465 7896at2157           -            433     0.018   14.4   0.2   1   1   4.3e-06      0.03   13.6   0.2   229   300   103   175    75   207 0.79 # 7190 # 8584 # 1 # ID=239_9;partial=00;start_type=ATG;rbs_motif=GGA/GAG/AGG;rbs_spacer=5-10bp;gc_cont=0.318
#
# Program:         hmmsearch
# Version:         3.1b2 (February 2015)
# Pipeline mode:   SEARCH
# Query file:      /home/mira/Bacteria2022/Thiomargarita_magnifica/qc_assembly/busco_results/busco_downloads/lineages/archaea_odb10/hmms/7896at2157.hmm
# Target file:     /home/mira/Bacteria2022/Thiomargarita_magnifica/qc_assembly/busco_results/busco_results/prodigal_output/predicted_genes/predicted.faa
# Option settings: hmmsearch --domtblout /home/mira/Bacteria2022/Thiomargarita_magnifica/qc_assembly/busco_results/busco_results/auto_lineage/run_archaea_odb10/hmmer_output/7896at2157.out --cpu 1 /home/mira/Bacteria2022/Thiomargarita_magnifica/qc_assembly/busco_results/busco_downloads/lineages/archaea_odb10/hmms/7896at2157.hmm /home/mira/Bacteria2022/Thiomargarita_magnifica/qc_assembly/busco_results/busco_results/prodigal_output/predicted_genes/predicted.faa 
# Current dir:     /home/mira/Bacteria2022/Thiomargarita_magnifica/qc_assembly/busco_results
# Date:            Tue Jul 12 12:51:50 2022
# [ok]
