#                                                                                              --- full sequence --- -------------- this domain -------------   hmm coord   ali coord   env coord
# target name                          accession   tlen query name           accession   qlen   E-value  score  bias   #  of  c-Evalue  i-Evalue  score  bias  from    to  from    to  from    to  acc description of target
#                  ------------------- ---------- ----- -------------------- ---------- ----- --------- ------ ----- --- --- --------- --------- ------ ----- ----- ----- ----- ----- ----- ----- ---- ---------------------
NODE_20_length_53635_cov_137.680010_29 -            559 84684at2157          -            183   9.1e-36  123.4  13.5   1   5    0.0056        13    5.5   0.0    29    86   126   181   103   191 0.80 # 45784 # 47460 # -1 # ID=20_29;partial=00;start_type=ATG;rbs_motif=None;rbs_spacer=None;gc_cont=0.459
NODE_20_length_53635_cov_137.680010_29 -            559 84684at2157          -            183   9.1e-36  123.4  13.5   2   5   5.7e-11   1.3e-07   31.6   0.1     5    80   192   264   188   270 0.92 # 45784 # 47460 # -1 # ID=20_29;partial=00;start_type=ATG;rbs_motif=None;rbs_spacer=None;gc_cont=0.459
NODE_20_length_53635_cov_137.680010_29 -            559 84684at2157          -            183   9.1e-36  123.4  13.5   3   5   1.6e-10   3.8e-07   30.1   0.3     9    84   281   355   274   366 0.86 # 45784 # 47460 # -1 # ID=20_29;partial=00;start_type=ATG;rbs_motif=None;rbs_spacer=None;gc_cont=0.459
NODE_20_length_53635_cov_137.680010_29 -            559 84684at2157          -            183   9.1e-36  123.4  13.5   4   5   1.7e-08   4.1e-05   23.5   0.0     4    82   363   440   360   450 0.85 # 45784 # 47460 # -1 # ID=20_29;partial=00;start_type=ATG;rbs_motif=None;rbs_spacer=None;gc_cont=0.459
NODE_20_length_53635_cov_137.680010_29 -            559 84684at2157          -            183   9.1e-36  123.4  13.5   5   5   3.8e-13   9.1e-10   38.7   0.9     4    95   450   539   447   552 0.94 # 45784 # 47460 # -1 # ID=20_29;partial=00;start_type=ATG;rbs_motif=None;rbs_spacer=None;gc_cont=0.459
NODE_334_length_13153_cov_4.726445_5   -            554 84684at2157          -            183   9.7e-32  110.3  22.9   1   7      0.56   1.3e+03   -1.0   0.0   111   138    16    43     3    68 0.73 # 4745 # 6406 # -1 # ID=334_5;partial=00;start_type=ATG;rbs_motif=GGA/GAG/AGG;rbs_spacer=5-10bp;gc_cont=0.306
NODE_334_length_13153_cov_4.726445_5   -            554 84684at2157          -            183   9.7e-32  110.3  22.9   2   7      0.63   1.5e+03   -1.1   0.0    29    88    50   103    48   116 0.68 # 4745 # 6406 # -1 # ID=334_5;partial=00;start_type=ATG;rbs_motif=GGA/GAG/AGG;rbs_spacer=5-10bp;gc_cont=0.306
NODE_334_length_13153_cov_4.726445_5   -            554 84684at2157          -            183   9.7e-32  110.3  22.9   3   7    0.0023       5.6    6.8   0.8     7    91   114   191   106   199 0.83 # 4745 # 6406 # -1 # ID=334_5;partial=00;start_type=ATG;rbs_motif=GGA/GAG/AGG;rbs_spacer=5-10bp;gc_cont=0.306
NODE_334_length_13153_cov_4.726445_5   -            554 84684at2157          -            183   9.7e-32  110.3  22.9   4   7   5.1e-08   0.00012   22.0   0.0    10    79   202   268   193   278 0.93 # 4745 # 6406 # -1 # ID=334_5;partial=00;start_type=ATG;rbs_motif=GGA/GAG/AGG;rbs_spacer=5-10bp;gc_cont=0.306
NODE_334_length_13153_cov_4.726445_5   -            554 84684at2157          -            183   9.7e-32  110.3  22.9   5   7   1.3e-14     3e-11   43.5   0.0     3    91   280   367   279   369 0.93 # 4745 # 6406 # -1 # ID=334_5;partial=00;start_type=ATG;rbs_motif=GGA/GAG/AGG;rbs_spacer=5-10bp;gc_cont=0.306
NODE_334_length_13153_cov_4.726445_5   -            554 84684at2157          -            183   9.7e-32  110.3  22.9   6   7   5.6e-10   1.3e-06   28.4   0.3     4    82   368   443   366   453 0.91 # 4745 # 6406 # -1 # ID=334_5;partial=00;start_type=ATG;rbs_motif=GGA/GAG/AGG;rbs_spacer=5-10bp;gc_cont=0.306
NODE_334_length_13153_cov_4.726445_5   -            554 84684at2157          -            183   9.7e-32  110.3  22.9   7   7   4.7e-08   0.00011   22.1   1.2     4    90   453   535   450   542 0.90 # 4745 # 6406 # -1 # ID=334_5;partial=00;start_type=ATG;rbs_motif=GGA/GAG/AGG;rbs_spacer=5-10bp;gc_cont=0.306
NODE_289_length_14796_cov_97.112372_8  -            993 84684at2157          -            183   1.4e-18   67.4   0.0   1   4       3.3   7.9e+03   -3.5   0.0    15    25    52    62    46    63 0.78 # 11481 # 14459 # 1 # ID=289_8;partial=00;start_type=ATG;rbs_motif=GGA/GAG/AGG;rbs_spacer=5-10bp;gc_cont=0.415
NODE_289_length_14796_cov_97.112372_8  -            993 84684at2157          -            183   1.4e-18   67.4   0.0   2   4   9.3e-12   2.2e-08   34.2   0.0     6    78   565   635   562   647 0.94 # 11481 # 14459 # 1 # ID=289_8;partial=00;start_type=ATG;rbs_motif=GGA/GAG/AGG;rbs_spacer=5-10bp;gc_cont=0.415
NODE_289_length_14796_cov_97.112372_8  -            993 84684at2157          -            183   1.4e-18   67.4   0.0   3   4   1.2e-05     0.029   14.2   0.0     9    73   655   719   648   733 0.86 # 11481 # 14459 # 1 # ID=289_8;partial=00;start_type=ATG;rbs_motif=GGA/GAG/AGG;rbs_spacer=5-10bp;gc_cont=0.415
NODE_289_length_14796_cov_97.112372_8  -            993 84684at2157          -            183   1.4e-18   67.4   0.0   4   4   1.2e-05     0.027   14.3   0.0     9    78   740   809   735   828 0.90 # 11481 # 14459 # 1 # ID=289_8;partial=00;start_type=ATG;rbs_motif=GGA/GAG/AGG;rbs_spacer=5-10bp;gc_cont=0.415
NODE_309_length_14131_cov_4.992244_2   -            726 84684at2157          -            183   3.4e-13   49.8   0.2   1   2      0.49   1.2e+03   -0.8   0.3    75   130   278   332   248   350 0.58 # 265 # 2442 # 1 # ID=309_2;partial=00;start_type=ATG;rbs_motif=AGGA;rbs_spacer=5-10bp;gc_cont=0.316
NODE_309_length_14131_cov_4.992244_2   -            726 84684at2157          -            183   3.4e-13   49.8   0.2   2   2   1.4e-16   3.4e-13   49.8   0.2     3    68   654   717   652   722 0.94 # 265 # 2442 # 1 # ID=309_2;partial=00;start_type=ATG;rbs_motif=AGGA;rbs_spacer=5-10bp;gc_cont=0.316
NODE_583_length_7783_cov_121.411238_2  -            786 84684at2157          -            183   1.4e-11   44.5   0.3   1   2      0.16   3.7e+02    0.8   0.0   108   169   421   480   385   494 0.80 # 799 # 3156 # 1 # ID=583_2;partial=00;start_type=ATG;rbs_motif=None;rbs_spacer=None;gc_cont=0.477
NODE_583_length_7783_cov_121.411238_2  -            786 84684at2157          -            183   1.4e-11   44.5   0.3   2   2   8.4e-14     2e-10   40.8   0.3    10    88   657   733   650   743 0.86 # 799 # 3156 # 1 # ID=583_2;partial=00;start_type=ATG;rbs_motif=None;rbs_spacer=None;gc_cont=0.477
NODE_3646_length_350_cov_1.355311_1    -            116 84684at2157          -            183   1.4e-10   41.3   0.3   1   1     7e-14   1.7e-10   41.1   0.3     3    79    21    96    20   109 0.92 # 1 # 348 # 1 # ID=3646_1;partial=11;start_type=Edge;rbs_motif=None;rbs_spacer=None;gc_cont=0.359
NODE_76_length_29591_cov_91.055804_10  -            692 84684at2157          -            183   4.8e-09   36.3   0.2   1   2       3.4   8.1e+03   -3.5   0.0    29    53   408   432   407   439 0.82 # 14764 # 16839 # 1 # ID=76_10;partial=00;start_type=ATG;rbs_motif=None;rbs_spacer=None;gc_cont=0.480
NODE_76_length_29591_cov_91.055804_10  -            692 84684at2157          -            183   4.8e-09   36.3   0.2   2   2   4.9e-12   1.2e-08   35.1   0.2     9    78   624   690   618   691 0.89 # 14764 # 16839 # 1 # ID=76_10;partial=00;start_type=ATG;rbs_motif=None;rbs_spacer=None;gc_cont=0.480
NODE_1225_length_2533_cov_105.960098_4 -            170 84684at2157          -            183     0.033   14.0   2.9   1   2   0.00022      0.53   10.1   1.4    78   125    10    57     4    92 0.86 # 1183 # 1692 # 1 # ID=1225_4;partial=00;start_type=ATG;rbs_motif=GGA/GAG/AGG;rbs_spacer=5-10bp;gc_cont=0.369
NODE_1225_length_2533_cov_105.960098_4 -            170 84684at2157          -            183     0.033   14.0   2.9   2   2     0.022        52    3.6   0.0    57   103   121   167   110   169 0.85 # 1183 # 1692 # 1 # ID=1225_4;partial=00;start_type=ATG;rbs_motif=GGA/GAG/AGG;rbs_spacer=5-10bp;gc_cont=0.369
NODE_34_length_43747_cov_125.647813_21 -            437 84684at2157          -            183     0.045   13.6   3.2   1   3      0.24   5.7e+02    0.2   0.3    91   148    94   150    92   153 0.73 # 21712 # 23022 # -1 # ID=34_21;partial=00;start_type=ATG;rbs_motif=AGGAG;rbs_spacer=5-10bp;gc_cont=0.355
NODE_34_length_43747_cov_125.647813_21 -            437 84684at2157          -            183     0.045   13.6   3.2   2   3   0.00015      0.35   10.7   0.1    80   143   143   206   126   214 0.85 # 21712 # 23022 # -1 # ID=34_21;partial=00;start_type=ATG;rbs_motif=AGGAG;rbs_spacer=5-10bp;gc_cont=0.355
NODE_34_length_43747_cov_125.647813_21 -            437 84684at2157          -            183     0.045   13.6   3.2   3   3     0.051   1.2e+02    2.4   0.2    54    96   249   291   242   314 0.79 # 21712 # 23022 # -1 # ID=34_21;partial=00;start_type=ATG;rbs_motif=AGGAG;rbs_spacer=5-10bp;gc_cont=0.355
#
# Program:         hmmsearch
# Version:         3.1b2 (February 2015)
# Pipeline mode:   SEARCH
# Query file:      /home/mira/Bacteria2022/Thiomargarita_magnifica/qc_assembly/busco_results/busco_downloads/lineages/archaea_odb10/hmms/84684at2157.hmm
# Target file:     /home/mira/Bacteria2022/Thiomargarita_magnifica/qc_assembly/busco_results/busco_results/prodigal_output/predicted_genes/predicted.faa
# Option settings: hmmsearch --domtblout /home/mira/Bacteria2022/Thiomargarita_magnifica/qc_assembly/busco_results/busco_results/auto_lineage/run_archaea_odb10/hmmer_output/84684at2157.out --cpu 1 /home/mira/Bacteria2022/Thiomargarita_magnifica/qc_assembly/busco_results/busco_downloads/lineages/archaea_odb10/hmms/84684at2157.hmm /home/mira/Bacteria2022/Thiomargarita_magnifica/qc_assembly/busco_results/busco_results/prodigal_output/predicted_genes/predicted.faa 
# Current dir:     /home/mira/Bacteria2022/Thiomargarita_magnifica/qc_assembly/busco_results
# Date:            Tue Jul 12 12:51:51 2022
# [ok]
