#                                                                                             --- full sequence --- -------------- this domain -------------   hmm coord   ali coord   env coord
# target name                         accession   tlen query name           accession   qlen   E-value  score  bias   #  of  c-Evalue  i-Evalue  score  bias  from    to  from    to  from    to  acc description of target
#                 ------------------- ---------- ----- -------------------- ---------- ----- --------- ------ ----- --- --- --------- --------- ------ ----- ----- ----- ----- ----- ----- ----- ---- ---------------------
NODE_91_length_27535_cov_38.742734_4  -            468 8899at2157           -            414  3.8e-177  589.2   0.0   1   1  2.9e-180  4.8e-177  588.8   0.0    25   414    45   454    25   454 0.94 # 4851 # 6254 # 1 # ID=91_4;partial=00;start_type=ATG;rbs_motif=GGA/GAG/AGG;rbs_spacer=5-10bp;gc_cont=0.474
NODE_126_length_24396_cov_8.516798_20 -            437 8899at2157           -            414   1.1e-46  159.5   0.1   1   1   9.3e-50   1.5e-46  159.0   0.1    45   324    84   364    76   368 0.91 # 17590 # 18900 # -1 # ID=126_20;partial=00;start_type=ATG;rbs_motif=None;rbs_spacer=None;gc_cont=0.342
NODE_1013_length_3562_cov_4.410617_3  -            463 8899at2157           -            414   6.2e-42  143.8   0.2   1   1   5.8e-45   9.6e-42  143.2   0.2    44   380    66   403    38   412 0.88 # 1092 # 2480 # 1 # ID=1013_3;partial=00;start_type=ATG;rbs_motif=AGGA;rbs_spacer=5-10bp;gc_cont=0.370
NODE_60_length_33138_cov_86.984544_28 -            514 8899at2157           -            414   5.2e-40  137.4   0.1   1   1   1.3e-42   2.1e-39  135.5   0.1    42   317    85   378    73   388 0.90 # 27929 # 29470 # -1 # ID=60_28;partial=00;start_type=ATG;rbs_motif=GGA/GAG/AGG;rbs_spacer=5-10bp;gc_cont=0.466
NODE_1117_length_3023_cov_5.182960_1  -            449 8899at2157           -            414   6.7e-39  133.8   0.2   1   1   5.3e-42   8.7e-39  133.4   0.2    45   319    90   371    50   396 0.91 # 3 # 1349 # -1 # ID=1117_1;partial=10;start_type=ATG;rbs_motif=AGGAG;rbs_spacer=5-10bp;gc_cont=0.361
NODE_60_length_33138_cov_86.984544_24 -            460 8899at2157           -            414   2.1e-37  128.9   0.1   1   1   1.7e-40   2.8e-37  128.5   0.1    45   380    67   405    47   416 0.88 # 23807 # 25186 # -1 # ID=60_24;partial=00;start_type=ATG;rbs_motif=GGA/GAG/AGG;rbs_spacer=5-10bp;gc_cont=0.476
NODE_196_length_19069_cov_73.567291_8 -            592 8899at2157           -            414     9e-34  116.9   0.0   1   2   7.3e-07    0.0012   17.7   0.0     7   100    10   121     5   124 0.73 # 13828 # 15603 # -1 # ID=196_8;partial=00;start_type=ATG;rbs_motif=AGGA;rbs_spacer=5-10bp;gc_cont=0.504
NODE_196_length_19069_cov_73.567291_8 -            592 8899at2157           -            414     9e-34  116.9   0.0   2   2   6.1e-31     1e-27   97.0   0.0   101   381   214   506   201   514 0.87 # 13828 # 15603 # -1 # ID=196_8;partial=00;start_type=ATG;rbs_motif=AGGA;rbs_spacer=5-10bp;gc_cont=0.504
NODE_5855_length_242_cov_0.896970_1   -             80 8899at2157           -            414   1.5e-07   30.6   0.1   1   1   9.7e-11   1.6e-07   30.4   0.1   272   355     1    80     1    80 0.93 # 3 # 242 # 1 # ID=5855_1;partial=11;start_type=Edge;rbs_motif=None;rbs_spacer=None;gc_cont=0.487
NODE_4794_length_270_cov_0.766839_1   -             90 8899at2157           -            414   7.2e-05   21.7   0.0   1   1   4.4e-08   7.2e-05   21.7   0.0   288   319     1    32     1    79 0.81 # 1 # 270 # -1 # ID=4794_1;partial=11;start_type=Edge;rbs_motif=None;rbs_spacer=None;gc_cont=0.422
NODE_5655_length_247_cov_0.805882_1   -             82 8899at2157           -            414    0.0052   15.6   0.4   1   1   3.3e-06    0.0054   15.5   0.4    98   174     3    82     1    82 0.87 # 2 # 247 # -1 # ID=5655_1;partial=11;start_type=Edge;rbs_motif=None;rbs_spacer=None;gc_cont=0.484
NODE_325_length_13499_cov_78.519520_8 -            419 8899at2157           -            414     0.091   11.5   0.3   1   1   0.00047      0.77    8.4   0.3   171   312   224   363   162   370 0.66 # 7729 # 8985 # 1 # ID=325_8;partial=00;start_type=ATG;rbs_motif=None;rbs_spacer=None;gc_cont=0.438
NODE_5099_length_261_cov_0.804348_1   -             86 8899at2157           -            414     0.094   11.4   0.0   1   1   5.9e-05     0.097   11.4   0.0   170   238    18    85     6    86 0.89 # 3 # 260 # 1 # ID=5099_1;partial=11;start_type=Edge;rbs_motif=None;rbs_spacer=None;gc_cont=0.562
NODE_555_length_8286_cov_111.603362_2 -             77 8899at2157           -            414      0.11   11.2   0.0   1   1   7.2e-05      0.12   11.1   0.0   366   408    17    58    10    64 0.81 # 476 # 706 # 1 # ID=555_2;partial=00;start_type=ATG;rbs_motif=AGGA;rbs_spacer=5-10bp;gc_cont=0.407
#
# Program:         hmmsearch
# Version:         3.1b2 (February 2015)
# Pipeline mode:   SEARCH
# Query file:      /home/mira/Bacteria2022/Thiomargarita_magnifica/qc_assembly/busco_results/busco_downloads/lineages/archaea_odb10/hmms/8899at2157.hmm
# Target file:     /home/mira/Bacteria2022/Thiomargarita_magnifica/qc_assembly/busco_results/busco_results/prodigal_output/predicted_genes/predicted.faa
# Option settings: hmmsearch --domtblout /home/mira/Bacteria2022/Thiomargarita_magnifica/qc_assembly/busco_results/busco_results/auto_lineage/run_archaea_odb10/hmmer_output/8899at2157.out --cpu 1 /home/mira/Bacteria2022/Thiomargarita_magnifica/qc_assembly/busco_results/busco_downloads/lineages/archaea_odb10/hmms/8899at2157.hmm /home/mira/Bacteria2022/Thiomargarita_magnifica/qc_assembly/busco_results/busco_results/prodigal_output/predicted_genes/predicted.faa 
# Current dir:     /home/mira/Bacteria2022/Thiomargarita_magnifica/qc_assembly/busco_results
# Date:            Tue Jul 12 12:51:51 2022
# [ok]
