#                                                                                              --- full sequence --- -------------- this domain -------------   hmm coord   ali coord   env coord
# target name                          accession   tlen query name           accession   qlen   E-value  score  bias   #  of  c-Evalue  i-Evalue  score  bias  from    to  from    to  from    to  acc description of target
#                  ------------------- ---------- ----- -------------------- ---------- ----- --------- ------ ----- --- --- --------- --------- ------ ----- ----- ----- ----- ----- ----- ----- ---- ---------------------
NODE_1272_length_2370_cov_123.800698_2 -            118 89321at2157          -            172      0.02   14.9   1.4   1   1   9.3e-06     0.025   14.6   1.4     7    73    30    96    23   102 0.76 # 941 # 1294 # -1 # ID=1272_2;partial=00;start_type=GTG;rbs_motif=None;rbs_spacer=None;gc_cont=0.441
NODE_1325_length_2207_cov_5.196714_2   -            125 89321at2157          -            172     0.021   14.8   0.9   1   1   1.2e-05     0.033   14.2   0.6     9    64    17    72     9    80 0.87 # 875 # 1249 # 1 # ID=1325_2;partial=00;start_type=GTG;rbs_motif=GGA/GAG/AGG;rbs_spacer=5-10bp;gc_cont=0.307
NODE_577_length_7860_cov_309.857381_11 -            266 89321at2157          -            172      0.12   12.4   2.3   1   2     0.048   1.3e+02    2.5   0.1    31    77    63   109    33   123 0.74 # 6911 # 7708 # -1 # ID=577_11;partial=00;start_type=ATG;rbs_motif=AGGAG;rbs_spacer=5-10bp;gc_cont=0.477
NODE_577_length_7860_cov_309.857381_11 -            266 89321at2157          -            172      0.12   12.4   2.3   2   2   0.00045       1.2    9.1   0.6    31    80   132   181   113   202 0.82 # 6911 # 7708 # -1 # ID=577_11;partial=00;start_type=ATG;rbs_motif=AGGAG;rbs_spacer=5-10bp;gc_cont=0.477
NODE_124_length_24743_cov_6.685640_17  -            332 89321at2157          -            172      0.13   12.3   1.6   1   2   0.00016      0.42   10.6   0.4    26    91    83   148    60   157 0.88 # 19077 # 20072 # -1 # ID=124_17;partial=00;start_type=ATG;rbs_motif=None;rbs_spacer=None;gc_cont=0.255
NODE_124_length_24743_cov_6.685640_17  -            332 89321at2157          -            172      0.13   12.3   1.6   2   2      0.32   8.7e+02   -0.2   0.0    14    41   175   202   166   218 0.79 # 19077 # 20072 # -1 # ID=124_17;partial=00;start_type=ATG;rbs_motif=None;rbs_spacer=None;gc_cont=0.255
NODE_1354_length_2112_cov_2.360688_1   -            239 89321at2157          -            172      0.32   11.0   7.4   1   2      0.22   5.9e+02    0.3   0.0    16    61    31    76    19    86 0.72 # 62 # 778 # -1 # ID=1354_1;partial=00;start_type=TTG;rbs_motif=AGGA;rbs_spacer=5-10bp;gc_cont=0.296
NODE_1354_length_2112_cov_2.360688_1   -            239 89321at2157          -            172      0.32   11.0   7.4   2   2   0.00025      0.68    9.9   4.5     5    80    92   170    88   190 0.83 # 62 # 778 # -1 # ID=1354_1;partial=00;start_type=TTG;rbs_motif=AGGA;rbs_spacer=5-10bp;gc_cont=0.296
NODE_163_length_20780_cov_81.736560_23 -            254 89321at2157          -            172      0.57   10.2  12.0   1   3   0.00037      0.99    9.4   2.6     2    67     2    67     1    85 0.83 # 19254 # 20015 # 1 # ID=163_23;partial=00;start_type=ATG;rbs_motif=GGAG/GAGG;rbs_spacer=5-10bp;gc_cont=0.425
NODE_163_length_20780_cov_81.736560_23 -            254 89321at2157          -            172      0.57   10.2  12.0   2   3     0.084   2.2e+02    1.7   3.2     9    69    66   126    60   128 0.80 # 19254 # 20015 # 1 # ID=163_23;partial=00;start_type=ATG;rbs_motif=GGAG/GAGG;rbs_spacer=5-10bp;gc_cont=0.425
NODE_163_length_20780_cov_81.736560_23 -            254 89321at2157          -            172      0.57   10.2  12.0   3   3     0.012        31    4.5   3.1    18    71    89   142    76   198 0.60 # 19254 # 20015 # 1 # ID=163_23;partial=00;start_type=ATG;rbs_motif=GGAG/GAGG;rbs_spacer=5-10bp;gc_cont=0.425
NODE_1194_length_2638_cov_107.392425_3 -            585 89321at2157          -            172       1.6    8.7   9.3   1   4     0.019        51    3.8   0.1    21    67   220   266   212   273 0.86 # 884 # 2638 # -1 # ID=1194_3;partial=01;start_type=Edge;rbs_motif=None;rbs_spacer=None;gc_cont=0.402
NODE_1194_length_2638_cov_107.392425_3 -            585 89321at2157          -            172       1.6    8.7   9.3   2   4     0.063   1.7e+02    2.1   0.0    24    67   293   336   280   369 0.88 # 884 # 2638 # -1 # ID=1194_3;partial=01;start_type=Edge;rbs_motif=None;rbs_spacer=None;gc_cont=0.402
NODE_1194_length_2638_cov_107.392425_3 -            585 89321at2157          -            172       1.6    8.7   9.3   3   4     0.052   1.4e+02    2.4   0.6    22    76   468   522   454   531 0.61 # 884 # 2638 # -1 # ID=1194_3;partial=01;start_type=Edge;rbs_motif=None;rbs_spacer=None;gc_cont=0.402
NODE_1194_length_2638_cov_107.392425_3 -            585 89321at2157          -            172       1.6    8.7   9.3   4   4     0.017        47    3.9   1.3    11    68   508   565   498   577 0.77 # 884 # 2638 # -1 # ID=1194_3;partial=01;start_type=Edge;rbs_motif=None;rbs_spacer=None;gc_cont=0.402
NODE_58_length_33634_cov_97.256102_3   -            590 89321at2157          -            172       5.1    7.1  17.5   1   4     0.022        58    3.6   4.4     2    60   165   223   164   227 0.92 # 2908 # 4677 # -1 # ID=58_3;partial=00;start_type=GTG;rbs_motif=None;rbs_spacer=None;gc_cont=0.384
NODE_58_length_33634_cov_97.256102_3   -            590 89321at2157          -            172       5.1    7.1  17.5   2   4     0.017        45    4.0   0.4    10    56   229   275   225   306 0.83 # 2908 # 4677 # -1 # ID=58_3;partial=00;start_type=GTG;rbs_motif=None;rbs_spacer=None;gc_cont=0.384
NODE_58_length_33634_cov_97.256102_3   -            590 89321at2157          -            172       5.1    7.1  17.5   3   4     0.048   1.3e+02    2.5   0.1    11    69   318   379   311   396 0.75 # 2908 # 4677 # -1 # ID=58_3;partial=00;start_type=GTG;rbs_motif=None;rbs_spacer=None;gc_cont=0.384
NODE_58_length_33634_cov_97.256102_3   -            590 89321at2157          -            172       5.1    7.1  17.5   4   4     0.016        44    4.0   0.0    13    64   412   463   400   469 0.82 # 2908 # 4677 # -1 # ID=58_3;partial=00;start_type=GTG;rbs_motif=None;rbs_spacer=None;gc_cont=0.384
#
# Program:         hmmsearch
# Version:         3.1b2 (February 2015)
# Pipeline mode:   SEARCH
# Query file:      /home/mira/Bacteria2022/Thiomargarita_magnifica/qc_assembly/busco_results/busco_downloads/lineages/archaea_odb10/hmms/89321at2157.hmm
# Target file:     /home/mira/Bacteria2022/Thiomargarita_magnifica/qc_assembly/busco_results/busco_results/prodigal_output/predicted_genes/predicted.faa
# Option settings: hmmsearch --domtblout /home/mira/Bacteria2022/Thiomargarita_magnifica/qc_assembly/busco_results/busco_results/auto_lineage/run_archaea_odb10/hmmer_output/89321at2157.out --cpu 1 /home/mira/Bacteria2022/Thiomargarita_magnifica/qc_assembly/busco_results/busco_downloads/lineages/archaea_odb10/hmms/89321at2157.hmm /home/mira/Bacteria2022/Thiomargarita_magnifica/qc_assembly/busco_results/busco_results/prodigal_output/predicted_genes/predicted.faa 
# Current dir:     /home/mira/Bacteria2022/Thiomargarita_magnifica/qc_assembly/busco_results
# Date:            Tue Jul 12 12:51:52 2022
# [ok]
