#                                                                                              --- full sequence --- -------------- this domain -------------   hmm coord   ali coord   env coord
# target name                          accession   tlen query name           accession   qlen   E-value  score  bias   #  of  c-Evalue  i-Evalue  score  bias  from    to  from    to  from    to  acc description of target
#                  ------------------- ---------- ----- -------------------- ---------- ----- --------- ------ ----- --- --- --------- --------- ------ ----- ----- ----- ----- ----- ----- ----- ---- ---------------------
NODE_229_length_17073_cov_9.537068_14  -            319 90641at2157          -            227   1.9e-60  204.2   0.3   1   1   7.6e-64   2.7e-60  203.8   0.3    18   227    83   312    66   312 0.90 # 9602 # 10558 # 1 # ID=229_14;partial=00;start_type=ATG;rbs_motif=AGGA;rbs_spacer=5-10bp;gc_cont=0.331
NODE_393_length_11423_cov_96.522122_3  -            329 90641at2157          -            227   5.7e-58  196.2   2.5   1   2       0.3   1.1e+03   -1.0   0.0     4    39    60    95    57   101 0.84 # 3416 # 4402 # -1 # ID=393_3;partial=00;start_type=ATG;rbs_motif=None;rbs_spacer=None;gc_cont=0.462
NODE_393_length_11423_cov_96.522122_3  -            329 90641at2157          -            227   5.7e-58  196.2   2.5   2   2   2.1e-61   7.5e-58  195.8   1.6    27   227   108   327    83   327 0.89 # 3416 # 4402 # -1 # ID=393_3;partial=00;start_type=ATG;rbs_motif=None;rbs_spacer=None;gc_cont=0.462
NODE_155_length_21259_cov_99.639505_16 -            458 90641at2157          -            227   2.1e-49  168.2   0.6   1   2     0.038   1.4e+02    1.9   0.0     3    31    30    58    28    72 0.80 # 15824 # 17197 # -1 # ID=155_16;partial=00;start_type=ATG;rbs_motif=AGGA;rbs_spacer=5-10bp;gc_cont=0.483
NODE_155_length_21259_cov_99.639505_16 -            458 90641at2157          -            227   2.1e-49  168.2   0.6   2   2   7.3e-52   2.6e-48  164.6   0.2    21   226    74   294    59   295 0.91 # 15824 # 17197 # -1 # ID=155_16;partial=00;start_type=ATG;rbs_motif=AGGA;rbs_spacer=5-10bp;gc_cont=0.483
NODE_339_length_12999_cov_5.707708_17  -            456 90641at2157          -            227     7e-43  146.8   3.0   1   1   8.2e-46   2.9e-42  144.8   3.0    43   227    92   289    26   289 0.88 # 8874 # 10241 # 1 # ID=339_17;partial=00;start_type=GTG;rbs_motif=GGA/GAG/AGG;rbs_spacer=5-10bp;gc_cont=0.348
NODE_487_length_9473_cov_6.824819_6    -            382 90641at2157          -            227   1.6e-15   57.3   0.1   1   1   7.5e-19   2.7e-15   56.6   0.1    46   225   180   372   147   374 0.83 # 2304 # 3449 # -1 # ID=487_6;partial=00;start_type=ATG;rbs_motif=GGA/GAG/AGG;rbs_spacer=5-10bp;gc_cont=0.288
NODE_502_length_9178_cov_73.215691_4   -            423 90641at2157          -            227      0.14   11.7   0.0   1   1   7.2e-05      0.26   10.8   0.0    40    75    17    52     5    55 0.88 # 5854 # 7122 # 1 # ID=502_4;partial=00;start_type=ATG;rbs_motif=None;rbs_spacer=None;gc_cont=0.409
#
# Program:         hmmsearch
# Version:         3.1b2 (February 2015)
# Pipeline mode:   SEARCH
# Query file:      /home/mira/Bacteria2022/Thiomargarita_magnifica/qc_assembly/busco_results/busco_downloads/lineages/archaea_odb10/hmms/90641at2157.hmm
# Target file:     /home/mira/Bacteria2022/Thiomargarita_magnifica/qc_assembly/busco_results/busco_results/prodigal_output/predicted_genes/predicted.faa
# Option settings: hmmsearch --domtblout /home/mira/Bacteria2022/Thiomargarita_magnifica/qc_assembly/busco_results/busco_results/auto_lineage/run_archaea_odb10/hmmer_output/90641at2157.out --cpu 1 /home/mira/Bacteria2022/Thiomargarita_magnifica/qc_assembly/busco_results/busco_downloads/lineages/archaea_odb10/hmms/90641at2157.hmm /home/mira/Bacteria2022/Thiomargarita_magnifica/qc_assembly/busco_results/busco_results/prodigal_output/predicted_genes/predicted.faa 
# Current dir:     /home/mira/Bacteria2022/Thiomargarita_magnifica/qc_assembly/busco_results
# Date:            Tue Jul 12 12:51:51 2022
# [ok]
