#                                                                                              --- full sequence --- -------------- this domain -------------   hmm coord   ali coord   env coord
# target name                          accession   tlen query name           accession   qlen   E-value  score  bias   #  of  c-Evalue  i-Evalue  score  bias  from    to  from    to  from    to  acc description of target
#                  ------------------- ---------- ----- -------------------- ---------- ----- --------- ------ ----- --- --- --------- --------- ------ ----- ----- ----- ----- ----- ----- ----- ---- ---------------------
NODE_31_length_44052_cov_101.924798_20 -            319 1069591at2           -            187   1.7e-47  161.7   5.7   1   3   3.3e-35     7e-32  110.8   0.0     2   111     5   126     4   134 0.84 # 21875 # 22831 # 1 # ID=31_20;partial=00;start_type=ATG;rbs_motif=GGA/GAG/AGG;rbs_spacer=5-10bp;gc_cont=0.466
NODE_31_length_44052_cov_101.924798_20 -            319 1069591at2           -            187   1.7e-47  161.7   5.7   2   3   4.1e-07   0.00087   19.2   0.1   100   130   135   168   129   177 0.77 # 21875 # 22831 # 1 # ID=31_20;partial=00;start_type=ATG;rbs_motif=GGA/GAG/AGG;rbs_spacer=5-10bp;gc_cont=0.466
NODE_31_length_44052_cov_101.924798_20 -            319 1069591at2           -            187   1.7e-47  161.7   5.7   3   3   2.3e-08   4.9e-05   23.2   2.4   137   186   203   280   194   281 0.74 # 21875 # 22831 # 1 # ID=31_20;partial=00;start_type=ATG;rbs_motif=GGA/GAG/AGG;rbs_spacer=5-10bp;gc_cont=0.466
NODE_401_length_11378_cov_11.568976_10 -            298 1069591at2           -            187   6.6e-25   88.0   6.8   1   3   4.9e-25     1e-21   77.6   0.1     2   115     4   129     3   135 0.84 # 6822 # 7715 # -1 # ID=401_10;partial=00;start_type=ATG;rbs_motif=None;rbs_spacer=None;gc_cont=0.300
NODE_401_length_11378_cov_11.568976_10 -            298 1069591at2           -            187   6.6e-25   88.0   6.8   2   3     0.081   1.7e+02    1.9   0.0    92   126   128   161   123   171 0.79 # 6822 # 7715 # -1 # ID=401_10;partial=00;start_type=ATG;rbs_motif=None;rbs_spacer=None;gc_cont=0.300
NODE_401_length_11378_cov_11.568976_10 -            298 1069591at2           -            187   6.6e-25   88.0   6.8   3   3    0.0043         9    6.1   2.1   171   186   259   274   173   275 0.64 # 6822 # 7715 # -1 # ID=401_10;partial=00;start_type=ATG;rbs_motif=None;rbs_spacer=None;gc_cont=0.300
NODE_1119_length_2956_cov_5.007294_4   -             80 1069591at2           -            187   1.9e-15   57.2   0.2   1   1   9.9e-19   2.1e-15   57.0   0.2     2    69     4    78     3    80 0.88 # 2715 # 2954 # 1 # ID=1119_4;partial=01;start_type=ATG;rbs_motif=None;rbs_spacer=None;gc_cont=0.333
NODE_4588_length_275_cov_0.747475_1    -             91 1069591at2           -            187    0.0037   17.1   0.0   1   2    0.0071        15    5.4   0.0   110   129    10    29     5    39 0.86 # 1 # 273 # -1 # ID=4588_1;partial=11;start_type=Edge;rbs_motif=None;rbs_spacer=None;gc_cont=0.498
NODE_4588_length_275_cov_0.747475_1    -             91 1069591at2           -            187    0.0037   17.1   0.0   2   2   0.00027      0.58   10.0   0.0   135   159    63    88    55    90 0.81 # 1 # 273 # -1 # ID=4588_1;partial=11;start_type=Edge;rbs_motif=None;rbs_spacer=None;gc_cont=0.498
NODE_274_length_15480_cov_175.571252_8 -            413 1069591at2           -            187     0.016   15.0   0.1   1   3       3.9   8.2e+03   -3.6   0.0    95   120   107   132   104   136 0.74 # 5426 # 6664 # 1 # ID=274_8;partial=00;start_type=ATG;rbs_motif=None;rbs_spacer=None;gc_cont=0.415
NODE_274_length_15480_cov_175.571252_8 -            413 1069591at2           -            187     0.016   15.0   0.1   2   3       2.6   5.6e+03   -3.0   0.0   135   152   186   203   180   216 0.80 # 5426 # 6664 # 1 # ID=274_8;partial=00;start_type=ATG;rbs_motif=None;rbs_spacer=None;gc_cont=0.415
NODE_274_length_15480_cov_175.571252_8 -            413 1069591at2           -            187     0.016   15.0   0.1   3   3   2.6e-05     0.056   13.3   0.0     2    24   301   321   300   337 0.81 # 5426 # 6664 # 1 # ID=274_8;partial=00;start_type=ATG;rbs_motif=None;rbs_spacer=None;gc_cont=0.415
NODE_1040_length_3353_cov_4.543040_4   -            859 1069591at2           -            187     0.025   14.4   0.9   1   3     0.015        32    4.3   0.0     4    28   206   229   204   245 0.87 # 753 # 3329 # -1 # ID=1040_4;partial=00;start_type=ATG;rbs_motif=GGAG/GAGG;rbs_spacer=5-10bp;gc_cont=0.321
NODE_1040_length_3353_cov_4.543040_4   -            859 1069591at2           -            187     0.025   14.4   0.9   2   3      0.37   7.9e+02   -0.3   0.3   108   148   405   445   393   464 0.73 # 753 # 3329 # -1 # ID=1040_4;partial=00;start_type=ATG;rbs_motif=GGAG/GAGG;rbs_spacer=5-10bp;gc_cont=0.321
NODE_1040_length_3353_cov_4.543040_4   -            859 1069591at2           -            187     0.025   14.4   0.9   3   3    0.0062        13    5.6   0.0     3    21   606   624   604   629 0.89 # 753 # 3329 # -1 # ID=1040_4;partial=00;start_type=ATG;rbs_motif=GGAG/GAGG;rbs_spacer=5-10bp;gc_cont=0.321
NODE_295_length_14789_cov_89.591286_1  -           1069 1069591at2           -            187      0.15   11.9   0.0   1   2       1.1   2.2e+03   -1.7   0.0     2    18   226   242   225   245 0.84 # 779 # 3985 # -1 # ID=295_1;partial=00;start_type=ATG;rbs_motif=None;rbs_spacer=None;gc_cont=0.467
NODE_295_length_14789_cov_89.591286_1  -           1069 1069591at2           -            187      0.15   11.9   0.0   2   2    0.0003      0.64    9.8   0.0     3    21   487   505   485   564 0.89 # 779 # 3985 # -1 # ID=295_1;partial=00;start_type=ATG;rbs_motif=None;rbs_spacer=None;gc_cont=0.467
NODE_342_length_13153_cov_4.726369_10  -            695 1069591at2           -            187      0.16   11.8   0.7   1   2     0.014        30    4.4   0.1     3    21   163   181   162   188 0.84 # 11067 # 13151 # -1 # ID=342_10;partial=01;start_type=Edge;rbs_motif=None;rbs_spacer=None;gc_cont=0.306
NODE_342_length_13153_cov_4.726369_10  -            695 1069591at2           -            187      0.16   11.8   0.7   2   2    0.0089        19    5.0   0.1     3    21   444   462   442   466 0.88 # 11067 # 13151 # -1 # ID=342_10;partial=01;start_type=Edge;rbs_motif=None;rbs_spacer=None;gc_cont=0.306
NODE_73_length_30026_cov_105.581655_24 -           1111 1069591at2           -            187      0.23   11.3   0.1   1   2   0.00011      0.23   11.3   0.1    78   143    17    87     9    97 0.77 # 24887 # 28219 # 1 # ID=73_24;partial=00;start_type=ATG;rbs_motif=AGGAG;rbs_spacer=5-10bp;gc_cont=0.446
NODE_73_length_30026_cov_105.581655_24 -           1111 1069591at2           -            187      0.23   11.3   0.1   2   2       3.2   6.7e+03   -3.3   3.9   103   151   384   428   364   456 0.51 # 24887 # 28219 # 1 # ID=73_24;partial=00;start_type=ATG;rbs_motif=AGGAG;rbs_spacer=5-10bp;gc_cont=0.446
NODE_171_length_20520_cov_88.309103_11 -            445 1069591at2           -            187      0.36   10.6   0.0   1   3   0.00017      0.36   10.6   0.0     2    21    53    72    52    77 0.91 # 10494 # 11828 # 1 # ID=171_11;partial=00;start_type=ATG;rbs_motif=None;rbs_spacer=None;gc_cont=0.464
NODE_171_length_20520_cov_88.309103_11 -            445 1069591at2           -            187      0.36   10.6   0.0   2   3      0.83   1.8e+03   -1.4   0.3   108   136   220   248   195   264 0.62 # 10494 # 11828 # 1 # ID=171_11;partial=00;start_type=ATG;rbs_motif=None;rbs_spacer=None;gc_cont=0.464
NODE_171_length_20520_cov_88.309103_11 -            445 1069591at2           -            187      0.36   10.6   0.0   3   3      0.91   1.9e+03   -1.5   0.1   139   157   389   408   343   410 0.71 # 10494 # 11828 # 1 # ID=171_11;partial=00;start_type=ATG;rbs_motif=None;rbs_spacer=None;gc_cont=0.464
#
# Program:         hmmsearch
# Version:         3.1b2 (February 2015)
# Pipeline mode:   SEARCH
# Query file:      /home/mira/Bacteria2022/Thiomargarita_magnifica/qc_assembly/busco_trimmed/busco_downloads/lineages/bacteria_odb10/hmms/1069591at2.hmm
# Target file:     /home/mira/Bacteria2022/Thiomargarita_magnifica/qc_assembly/busco_trimmed/busco_trimmed/prodigal_output/predicted_genes/predicted.faa
# Option settings: hmmsearch --domtblout /home/mira/Bacteria2022/Thiomargarita_magnifica/qc_assembly/busco_trimmed/busco_trimmed/auto_lineage/run_bacteria_odb10/hmmer_output/1069591at2.out --cpu 1 /home/mira/Bacteria2022/Thiomargarita_magnifica/qc_assembly/busco_trimmed/busco_downloads/lineages/bacteria_odb10/hmms/1069591at2.hmm /home/mira/Bacteria2022/Thiomargarita_magnifica/qc_assembly/busco_trimmed/busco_trimmed/prodigal_output/predicted_genes/predicted.faa 
# Current dir:     /home/mira/Bacteria2022/Thiomargarita_magnifica/qc_assembly/busco_trimmed
# Date:            Tue Jul 12 13:35:03 2022
# [ok]
