#                                                                                              --- full sequence --- -------------- this domain -------------   hmm coord   ali coord   env coord
# target name                          accession   tlen query name           accession   qlen   E-value  score  bias   #  of  c-Evalue  i-Evalue  score  bias  from    to  from    to  from    to  acc description of target
#                  ------------------- ---------- ----- -------------------- ---------- ----- --------- ------ ----- --- --- --------- --------- ------ ----- ----- ----- ----- ----- ----- ----- ---- ---------------------
NODE_338_length_13428_cov_64.443862_5  -            450 1093223at2           -            361   1.5e-96  324.1   0.0   1   1   1.3e-99   2.1e-96  323.7   0.0     6   358    12   448     7   449 0.81 # 3480 # 4829 # 1 # ID=338_5;partial=00;start_type=ATG;rbs_motif=GGA/GAG/AGG;rbs_spacer=5-10bp;gc_cont=0.496
NODE_1184_length_2662_cov_3.577563_1   -            387 1093223at2           -            361   7.5e-59  200.1   0.0   1   1   7.7e-61   1.3e-57  196.1   0.0    35   355    29   381     3   384 0.78 # 484 # 1644 # -1 # ID=1184_1;partial=00;start_type=ATG;rbs_motif=GGA/GAG/AGG;rbs_spacer=5-10bp;gc_cont=0.291
NODE_2207_length_740_cov_2.232278_2    -            143 1093223at2           -            361   1.5e-23   84.0   0.0   1   1   9.9e-27   1.6e-23   83.9   0.0    11   132     5   129     1   138 0.79 # 310 # 738 # 1 # ID=2207_2;partial=01;start_type=ATG;rbs_motif=GGA/GAG/AGG;rbs_spacer=5-10bp;gc_cont=0.317
NODE_61_length_32682_cov_78.267720_10  -            484 1093223at2           -            361   5.5e-21   75.5   0.0   1   2     1e-23   1.7e-20   73.9   0.0    36   244    70   324    54   340 0.78 # 7454 # 8905 # 1 # ID=61_10;partial=00;start_type=ATG;rbs_motif=None;rbs_spacer=None;gc_cont=0.457
NODE_61_length_32682_cov_78.267720_10  -            484 1093223at2           -            361   5.5e-21   75.5   0.0   2   2       3.8   6.2e+03   -3.6   0.0   103   113   453   463   450   467 0.81 # 7454 # 8905 # 1 # ID=61_10;partial=00;start_type=ATG;rbs_motif=None;rbs_spacer=None;gc_cont=0.457
NODE_1072_length_3123_cov_3.980630_3   -            430 1093223at2           -            361   1.8e-20   73.8   0.2   1   2   4.8e-08   7.7e-05   22.4   0.0    57    95    39    81    11    99 0.75 # 1008 # 2297 # 1 # ID=1072_3;partial=00;start_type=TTG;rbs_motif=None;rbs_spacer=None;gc_cont=0.302
NODE_1072_length_3123_cov_3.980630_3   -            430 1093223at2           -            361   1.8e-20   73.8   0.2   2   2   3.2e-16   5.1e-13   49.3   0.0   112   308   123   352   111   365 0.68 # 1008 # 2297 # 1 # ID=1072_3;partial=00;start_type=TTG;rbs_motif=None;rbs_spacer=None;gc_cont=0.302
NODE_94_length_27185_cov_96.983437_6   -            448 1093223at2           -            361   4.2e-20   72.7   0.1   1   1   5.7e-23   9.3e-20   71.5   0.1    42   279    65   357    47   373 0.76 # 3546 # 4889 # -1 # ID=94_6;partial=00;start_type=ATG;rbs_motif=None;rbs_spacer=None;gc_cont=0.472
NODE_94_length_27185_cov_96.983437_7   -            479 1093223at2           -            361   6.8e-16   58.8   0.1   1   2   4.3e-08   6.9e-05   22.6   0.1    71   105   101   136    89   145 0.82 # 5136 # 6572 # -1 # ID=94_7;partial=00;start_type=ATG;rbs_motif=None;rbs_spacer=None;gc_cont=0.464
NODE_94_length_27185_cov_96.983437_7   -            479 1093223at2           -            361   6.8e-16   58.8   0.1   2   2     2e-11   3.2e-08   33.5   0.0   111   248   163   338   158   411 0.74 # 5136 # 6572 # -1 # ID=94_7;partial=00;start_type=ATG;rbs_motif=None;rbs_spacer=None;gc_cont=0.464
NODE_262_length_16011_cov_7.136124_8   -            432 1093223at2           -            361   3.2e-13   50.0   0.0   1   1   2.7e-16   4.4e-13   49.5   0.0    39   255    60   305    32   324 0.75 # 6882 # 8177 # -1 # ID=262_8;partial=00;start_type=TTG;rbs_motif=GGA/GAG/AGG;rbs_spacer=5-10bp;gc_cont=0.323
NODE_33_length_43996_cov_94.240260_5   -            450 1093223at2           -            361   6.8e-13   48.9   0.4   1   2   2.9e-07   0.00047   19.8   0.0    51   107    77   137    56   159 0.79 # 2265 # 3614 # -1 # ID=33_5;partial=00;start_type=ATG;rbs_motif=None;rbs_spacer=None;gc_cont=0.456
NODE_33_length_43996_cov_94.240260_5   -            450 1093223at2           -            361   6.8e-13   48.9   0.4   2   2   1.7e-09   2.8e-06   27.2   0.2   198   274   268   349   238   407 0.70 # 2265 # 3614 # -1 # ID=33_5;partial=00;start_type=ATG;rbs_motif=None;rbs_spacer=None;gc_cont=0.456
NODE_5954_length_238_cov_0.919255_1    -             78 1093223at2           -            361   4.5e-06   26.5   0.1   1   1     3e-09   4.9e-06   26.4   0.1   203   261    14    77     3    78 0.85 # 3 # 236 # -1 # ID=5954_1;partial=11;start_type=Edge;rbs_motif=None;rbs_spacer=None;gc_cont=0.256
NODE_894_length_4446_cov_6.061112_2    -            478 1093223at2           -            361   1.2e-05   25.1   2.9   1   1   1.9e-07   0.00031   20.4   2.9    76   263   159   380   152   458 0.66 # 513 # 1946 # 1 # ID=894_2;partial=00;start_type=ATG;rbs_motif=GGAG/GAGG;rbs_spacer=5-10bp;gc_cont=0.291
NODE_264_length_15971_cov_74.574494_4  -            294 1093223at2           -            361      0.02   14.4   0.0   1   1   1.7e-05     0.027   14.1   0.0   199   307    70   182    44   193 0.82 # 2475 # 3356 # -1 # ID=264_4;partial=00;start_type=ATG;rbs_motif=None;rbs_spacer=None;gc_cont=0.439
NODE_205_length_18535_cov_54.680301_11 -            422 1093223at2           -            361      0.12   11.9   0.0   1   2   0.00026      0.42   10.1   0.0    71   102    40    71    23    88 0.85 # 8360 # 9625 # -1 # ID=205_11;partial=00;start_type=ATG;rbs_motif=GGA/GAG/AGG;rbs_spacer=5-10bp;gc_cont=0.456
NODE_205_length_18535_cov_54.680301_11 -            422 1093223at2           -            361      0.12   11.9   0.0   2   2       1.3   2.1e+03   -2.0   0.0   129   146   152   169   151   187 0.90 # 8360 # 9625 # -1 # ID=205_11;partial=00;start_type=ATG;rbs_motif=GGA/GAG/AGG;rbs_spacer=5-10bp;gc_cont=0.456
#
# Program:         hmmsearch
# Version:         3.1b2 (February 2015)
# Pipeline mode:   SEARCH
# Query file:      /home/mira/Bacteria2022/Thiomargarita_magnifica/qc_assembly/busco_trimmed/busco_downloads/lineages/bacteria_odb10/hmms/1093223at2.hmm
# Target file:     /home/mira/Bacteria2022/Thiomargarita_magnifica/qc_assembly/busco_trimmed/busco_trimmed/prodigal_output/predicted_genes/predicted.faa
# Option settings: hmmsearch --domtblout /home/mira/Bacteria2022/Thiomargarita_magnifica/qc_assembly/busco_trimmed/busco_trimmed/auto_lineage/run_bacteria_odb10/hmmer_output/1093223at2.out --cpu 1 /home/mira/Bacteria2022/Thiomargarita_magnifica/qc_assembly/busco_trimmed/busco_downloads/lineages/bacteria_odb10/hmms/1093223at2.hmm /home/mira/Bacteria2022/Thiomargarita_magnifica/qc_assembly/busco_trimmed/busco_trimmed/prodigal_output/predicted_genes/predicted.faa 
# Current dir:     /home/mira/Bacteria2022/Thiomargarita_magnifica/qc_assembly/busco_trimmed
# Date:            Tue Jul 12 13:35:04 2022
# [ok]
