#                                                                                            --- full sequence --- -------------- this domain -------------   hmm coord   ali coord   env coord
# target name                        accession   tlen query name           accession   qlen   E-value  score  bias   #  of  c-Evalue  i-Evalue  score  bias  from    to  from    to  from    to  acc description of target
#                ------------------- ---------- ----- -------------------- ---------- ----- --------- ------ ----- --- --- --------- --------- ------ ----- ----- ----- ----- ----- ----- ----- ---- ---------------------
NODE_94_length_27185_cov_96.983437_8 -            310 1272633at2           -            156   1.9e-38  132.1   6.5   1   4   7.6e-09     8e-05   22.9   0.0     1    33    21    60    21    80 0.78 # 6627 # 7556 # -1 # ID=94_8;partial=00;start_type=GTG;rbs_motif=None;rbs_spacer=None;gc_cont=0.477
NODE_94_length_27185_cov_96.983437_8 -            310 1272633at2           -            156   1.9e-38  132.1   6.5   2   4   7.3e-16   7.7e-12   45.7   0.0    30    90    93   170    90   182 0.79 # 6627 # 7556 # -1 # ID=94_8;partial=00;start_type=GTG;rbs_motif=None;rbs_spacer=None;gc_cont=0.477
NODE_94_length_27185_cov_96.983437_8 -            310 1272633at2           -            156   1.9e-38  132.1   6.5   3   4   8.3e-15   8.8e-11   42.3   0.3    94   134   200   255   197   260 0.84 # 6627 # 7556 # -1 # ID=94_8;partial=00;start_type=GTG;rbs_motif=None;rbs_spacer=None;gc_cont=0.477
NODE_94_length_27185_cov_96.983437_8 -            310 1272633at2           -            156   1.9e-38  132.1   6.5   4   4   4.7e-07    0.0049   17.1   0.1   127   156   279   308   273   308 0.91 # 6627 # 7556 # -1 # ID=94_8;partial=00;start_type=GTG;rbs_motif=None;rbs_spacer=None;gc_cont=0.477
NODE_655_length_6793_cov_4.001936_3  -            302 1272633at2           -            156   8.5e-33  113.8   4.9   1   4   3.6e-06     0.038   14.2   0.0     2    31    25    60    24    65 0.79 # 4251 # 5156 # -1 # ID=655_3;partial=00;start_type=TTG;rbs_motif=AGGA;rbs_spacer=5-10bp;gc_cont=0.286
NODE_655_length_6793_cov_4.001936_3  -            302 1272633at2           -            156   8.5e-33  113.8   4.9   2   4   4.6e-15   4.9e-11   43.1   0.1    27    88    89   166    80   177 0.75 # 4251 # 5156 # -1 # ID=655_3;partial=00;start_type=TTG;rbs_motif=AGGA;rbs_spacer=5-10bp;gc_cont=0.286
NODE_655_length_6793_cov_4.001936_3  -            302 1272633at2           -            156   8.5e-33  113.8   4.9   3   4     5e-13   5.2e-09   36.5   0.1    92   135   188   246   170   253 0.75 # 4251 # 5156 # -1 # ID=655_3;partial=00;start_type=TTG;rbs_motif=AGGA;rbs_spacer=5-10bp;gc_cont=0.286
NODE_655_length_6793_cov_4.001936_3  -            302 1272633at2           -            156   8.5e-33  113.8   4.9   4   4   6.8e-06     0.072   13.3   0.1   128   154   272   298   265   300 0.88 # 4251 # 5156 # -1 # ID=655_3;partial=00;start_type=TTG;rbs_motif=AGGA;rbs_spacer=5-10bp;gc_cont=0.286
#
# Program:         hmmsearch
# Version:         3.1b2 (February 2015)
# Pipeline mode:   SEARCH
# Query file:      /home/mira/Bacteria2022/Thiomargarita_magnifica/qc_assembly/busco_trimmed/busco_downloads/lineages/bacteria_odb10/hmms/1272633at2.hmm
# Target file:     /home/mira/Bacteria2022/Thiomargarita_magnifica/qc_assembly/busco_trimmed/busco_trimmed/prodigal_output/predicted_genes/predicted.faa
# Option settings: hmmsearch --domtblout /home/mira/Bacteria2022/Thiomargarita_magnifica/qc_assembly/busco_trimmed/busco_trimmed/auto_lineage/run_bacteria_odb10/hmmer_output/1272633at2.out --cpu 1 /home/mira/Bacteria2022/Thiomargarita_magnifica/qc_assembly/busco_trimmed/busco_downloads/lineages/bacteria_odb10/hmms/1272633at2.hmm /home/mira/Bacteria2022/Thiomargarita_magnifica/qc_assembly/busco_trimmed/busco_trimmed/prodigal_output/predicted_genes/predicted.faa 
# Current dir:     /home/mira/Bacteria2022/Thiomargarita_magnifica/qc_assembly/busco_trimmed
# Date:            Tue Jul 12 13:35:04 2022
# [ok]
