#                                                                                              --- full sequence --- -------------- this domain -------------   hmm coord   ali coord   env coord
# target name                          accession   tlen query name           accession   qlen   E-value  score  bias   #  of  c-Evalue  i-Evalue  score  bias  from    to  from    to  from    to  acc description of target
#                  ------------------- ---------- ----- -------------------- ---------- ----- --------- ------ ----- --- --- --------- --------- ------ ----- ----- ----- ----- ----- ----- ----- ---- ---------------------
NODE_693_length_6376_cov_74.046039_5   -            243 1490892at2           -             89   1.5e-12   47.6  12.2   1   3    0.0098        42    4.5   0.0     1    20    25    44    25    83 0.83 # 5476 # 6204 # 1 # ID=693_5;partial=00;start_type=ATG;rbs_motif=GGA/GAG/AGG;rbs_spacer=11-12bp;gc_cont=0.454
NODE_693_length_6376_cov_74.046039_5   -            243 1490892at2           -             89   1.5e-12   47.6  12.2   2   3   2.2e-08   9.4e-05   22.6   0.7     9    51    85   136    77   144 0.74 # 5476 # 6204 # 1 # ID=693_5;partial=00;start_type=ATG;rbs_motif=GGA/GAG/AGG;rbs_spacer=11-12bp;gc_cont=0.454
NODE_693_length_6376_cov_74.046039_5   -            243 1490892at2           -             89   1.5e-12   47.6  12.2   3   3   4.9e-08   0.00021   21.5   3.2    56    88   184   227   171   228 0.75 # 5476 # 6204 # 1 # ID=693_5;partial=00;start_type=ATG;rbs_motif=GGA/GAG/AGG;rbs_spacer=11-12bp;gc_cont=0.454
NODE_2631_length_541_cov_1.387931_1    -            162 1490892at2           -             89     0.049   13.9   0.3   1   2     0.025   1.1e+02    3.2   0.0    15    34    34    53    26    89 0.69 # 56 # 541 # 1 # ID=2631_1;partial=01;start_type=TTG;rbs_motif=None;rbs_spacer=None;gc_cont=0.255
NODE_2631_length_541_cov_1.387931_1    -            162 1490892at2           -             89     0.049   13.9   0.3   2   2    0.0019       8.1    6.8   0.1    54    68   122   136   113   162 0.74 # 56 # 541 # 1 # ID=2631_1;partial=01;start_type=TTG;rbs_motif=None;rbs_spacer=None;gc_cont=0.255
NODE_19_length_53876_cov_137.269392_21 -            366 1490892at2           -             89     0.064   13.5   0.9   1   2     0.074   3.1e+02    1.7   0.1     5    43   253   289   249   301 0.75 # 37420 # 38517 # -1 # ID=19_21;partial=00;start_type=ATG;rbs_motif=AGGAG;rbs_spacer=5-10bp;gc_cont=0.464
NODE_19_length_53876_cov_137.269392_21 -            366 1490892at2           -             89     0.064   13.5   0.9   2   2   0.00033       1.4    9.3   0.1    13    50   321   358   315   362 0.84 # 37420 # 38517 # -1 # ID=19_21;partial=00;start_type=ATG;rbs_motif=AGGAG;rbs_spacer=5-10bp;gc_cont=0.464
NODE_3859_length_322_cov_78.669388_1   -             72 1490892at2           -             89     0.076   13.3   0.0   1   1   2.1e-05     0.087   13.1   0.0    36    75    20    59     8    66 0.88 # 2 # 217 # -1 # ID=3859_1;partial=10;start_type=ATG;rbs_motif=3Base/5BMM;rbs_spacer=13-15bp;gc_cont=0.352
NODE_458_length_10167_cov_5.018335_1   -            224 1490892at2           -             89      0.17   12.1   3.2   1   3       4.3   1.8e+04   -3.9   0.0     3    15    23    35    22    36 0.77 # 172 # 843 # -1 # ID=458_1;partial=00;start_type=ATG;rbs_motif=None;rbs_spacer=None;gc_cont=0.254
NODE_458_length_10167_cov_5.018335_1   -            224 1490892at2           -             89      0.17   12.1   3.2   2   3     0.022        95    3.4   0.0    16    38    89   111    86   144 0.58 # 172 # 843 # -1 # ID=458_1;partial=00;start_type=ATG;rbs_motif=None;rbs_spacer=None;gc_cont=0.254
NODE_458_length_10167_cov_5.018335_1   -            224 1490892at2           -             89      0.17   12.1   3.2   3   3    0.0025        11    6.4   0.3    55    74   177   198   171   221 0.60 # 172 # 843 # -1 # ID=458_1;partial=00;start_type=ATG;rbs_motif=None;rbs_spacer=None;gc_cont=0.254
#
# Program:         hmmsearch
# Version:         3.1b2 (February 2015)
# Pipeline mode:   SEARCH
# Query file:      /home/mira/Bacteria2022/Thiomargarita_magnifica/qc_assembly/busco_trimmed/busco_downloads/lineages/bacteria_odb10/hmms/1490892at2.hmm
# Target file:     /home/mira/Bacteria2022/Thiomargarita_magnifica/qc_assembly/busco_trimmed/busco_trimmed/prodigal_output/predicted_genes/predicted.faa
# Option settings: hmmsearch --domtblout /home/mira/Bacteria2022/Thiomargarita_magnifica/qc_assembly/busco_trimmed/busco_trimmed/auto_lineage/run_bacteria_odb10/hmmer_output/1490892at2.out --cpu 1 /home/mira/Bacteria2022/Thiomargarita_magnifica/qc_assembly/busco_trimmed/busco_downloads/lineages/bacteria_odb10/hmms/1490892at2.hmm /home/mira/Bacteria2022/Thiomargarita_magnifica/qc_assembly/busco_trimmed/busco_trimmed/prodigal_output/predicted_genes/predicted.faa 
# Current dir:     /home/mira/Bacteria2022/Thiomargarita_magnifica/qc_assembly/busco_trimmed
# Date:            Tue Jul 12 13:35:03 2022
# [ok]
