#                                                                                               --- full sequence --- -------------- this domain -------------   hmm coord   ali coord   env coord
# target name                           accession   tlen query name           accession   qlen   E-value  score  bias   #  of  c-Evalue  i-Evalue  score  bias  from    to  from    to  from    to  acc description of target
#                   ------------------- ---------- ----- -------------------- ---------- ----- --------- ------ ----- --- --- --------- --------- ------ ----- ----- ----- ----- ----- ----- ----- ---- ---------------------
NODE_150_length_22427_cov_176.942685_15 -            443 1567535at2           -            300  2.4e-105  352.1  34.4   1   3   1.9e-36   1.4e-32  113.2   3.6     2   105    18   141    17   147 0.87 # 8570 # 9898 # 1 # ID=150_15;partial=00;start_type=GTG;rbs_motif=None;rbs_spacer=None;gc_cont=0.443
NODE_150_length_22427_cov_176.942685_15 -            443 1567535at2           -            300  2.4e-105  352.1  34.4   2   3   9.8e-35   6.9e-31  107.6  11.0    97   197   154   281   143   290 0.80 # 8570 # 9898 # 1 # ID=150_15;partial=00;start_type=GTG;rbs_motif=None;rbs_spacer=None;gc_cont=0.443
NODE_150_length_22427_cov_176.942685_15 -            443 1567535at2           -            300  2.4e-105  352.1  34.4   3   3   1.3e-41     9e-38  130.2   4.3   199   300   312   423   303   423 0.90 # 8570 # 9898 # 1 # ID=150_15;partial=00;start_type=GTG;rbs_motif=None;rbs_spacer=None;gc_cont=0.443
NODE_380_length_11804_cov_4.086467_3    -            421 1567535at2           -            300   7.4e-80  268.4  45.8   1   4   3.5e-27   2.4e-23   82.9   6.9     1   103     3   124     3   131 0.89 # 1281 # 2543 # -1 # ID=380_3;partial=00;start_type=ATG;rbs_motif=None;rbs_spacer=None;gc_cont=0.309
NODE_380_length_11804_cov_4.086467_3    -            421 1567535at2           -            300   7.4e-80  268.4  45.8   2   4   1.1e-18   7.7e-15   54.9   5.3    99   142   147   190   128   197 0.92 # 1281 # 2543 # -1 # ID=380_3;partial=00;start_type=ATG;rbs_motif=None;rbs_spacer=None;gc_cont=0.309
NODE_380_length_11804_cov_4.086467_3    -            421 1567535at2           -            300   7.4e-80  268.4  45.8   3   4   6.7e-14   4.7e-10   39.2   7.6   132   198   199   273   189   287 0.74 # 1281 # 2543 # -1 # ID=380_3;partial=00;start_type=ATG;rbs_motif=None;rbs_spacer=None;gc_cont=0.309
NODE_380_length_11804_cov_4.086467_3    -            421 1567535at2           -            300   7.4e-80  268.4  45.8   4   4   1.2e-33   8.7e-30  104.0   3.9   199   299   299   409   285   410 0.86 # 1281 # 2543 # -1 # ID=380_3;partial=00;start_type=ATG;rbs_motif=None;rbs_spacer=None;gc_cont=0.309
NODE_5307_length_254_cov_2.508475_1     -             57 1567535at2           -            300   1.1e-05   24.8   0.5   1   1   1.8e-09   1.2e-05   24.7   0.5   267   299    13    45     3    46 0.88 # 84 # 254 # -1 # ID=5307_1;partial=01;start_type=Edge;rbs_motif=None;rbs_spacer=None;gc_cont=0.357
#
# Program:         hmmsearch
# Version:         3.1b2 (February 2015)
# Pipeline mode:   SEARCH
# Query file:      /home/mira/Bacteria2022/Thiomargarita_magnifica/qc_assembly/busco_trimmed/busco_downloads/lineages/bacteria_odb10/hmms/1567535at2.hmm
# Target file:     /home/mira/Bacteria2022/Thiomargarita_magnifica/qc_assembly/busco_trimmed/busco_trimmed/prodigal_output/predicted_genes/predicted.faa
# Option settings: hmmsearch --domtblout /home/mira/Bacteria2022/Thiomargarita_magnifica/qc_assembly/busco_trimmed/busco_trimmed/auto_lineage/run_bacteria_odb10/hmmer_output/1567535at2.out --cpu 1 /home/mira/Bacteria2022/Thiomargarita_magnifica/qc_assembly/busco_trimmed/busco_downloads/lineages/bacteria_odb10/hmms/1567535at2.hmm /home/mira/Bacteria2022/Thiomargarita_magnifica/qc_assembly/busco_trimmed/busco_trimmed/prodigal_output/predicted_genes/predicted.faa 
# Current dir:     /home/mira/Bacteria2022/Thiomargarita_magnifica/qc_assembly/busco_trimmed
# Date:            Tue Jul 12 13:35:04 2022
# [ok]
