#                                                                                              --- full sequence --- -------------- this domain -------------   hmm coord   ali coord   env coord
# target name                          accession   tlen query name           accession   qlen   E-value  score  bias   #  of  c-Evalue  i-Evalue  score  bias  from    to  from    to  from    to  acc description of target
#                  ------------------- ---------- ----- -------------------- ---------- ----- --------- ------ ----- --- --- --------- --------- ------ ----- ----- ----- ----- ----- ----- ----- ---- ---------------------
NODE_31_length_44052_cov_101.924798_22 -            426 1592033at2           -            393  1.3e-147  492.1   4.6   1   1  2.2e-150  1.7e-147  491.8   4.6     8   387     8   399     2   404 0.93 # 23267 # 24544 # 1 # ID=31_22;partial=00;start_type=ATG;rbs_motif=GGAG/GAGG;rbs_spacer=5-10bp;gc_cont=0.487
NODE_740_length_5756_cov_3.446910_3    -            505 1592033at2           -            393   8.8e-26   91.1   0.6   1   2     6e-16   4.7e-13   49.2   0.1   195   385     2   201     1   206 0.77 # 2582 # 4096 # -1 # ID=740_3;partial=00;start_type=ATG;rbs_motif=AGGA;rbs_spacer=5-10bp;gc_cont=0.303
NODE_740_length_5756_cov_3.446910_3    -            505 1592033at2           -            393   8.8e-26   91.1   0.6   2   2   4.7e-14   3.7e-11   42.9   0.1   179   368   191   392   186   404 0.81 # 2582 # 4096 # -1 # ID=740_3;partial=00;start_type=ATG;rbs_motif=AGGA;rbs_spacer=5-10bp;gc_cont=0.303
NODE_556_length_8313_cov_74.032540_6   -            463 1592033at2           -            393   8.3e-23   81.3   0.0   1   2   1.6e-15   1.3e-12   47.7   0.0   194   352     2   164     1   173 0.89 # 5517 # 6905 # 1 # ID=556_6;partial=00;start_type=ATG;rbs_motif=None;rbs_spacer=None;gc_cont=0.459
NODE_556_length_8313_cov_74.032540_6   -            463 1592033at2           -            393   8.3e-23   81.3   0.0   2   2   1.2e-10   9.7e-08   31.7   0.0   195   358   175   352   165   367 0.81 # 5517 # 6905 # 1 # ID=556_6;partial=00;start_type=ATG;rbs_motif=None;rbs_spacer=None;gc_cont=0.459
NODE_183_length_19827_cov_60.908051_15 -            338 1592033at2           -            393   9.1e-13   48.2   0.0   1   1   1.5e-15   1.2e-12   47.8   0.0   194   354   159   335   133   337 0.84 # 18088 # 19101 # 1 # ID=183_15;partial=00;start_type=ATG;rbs_motif=GGAG/GAGG;rbs_spacer=5-10bp;gc_cont=0.450
NODE_41_length_40376_cov_93.046751_22  -            467 1592033at2           -            393   1.2e-12   47.8   0.0   1   1   2.3e-15   1.8e-12   47.2   0.0   167   370   215   412   209   433 0.81 # 12506 # 13906 # 1 # ID=41_22;partial=00;start_type=ATG;rbs_motif=4Base/6BMM;rbs_spacer=13-15bp;gc_cont=0.476
NODE_1349_length_2105_cov_3.564103_2   -            414 1592033at2           -            393   1.7e-12   47.3   0.0   1   2     0.031        24    4.0   0.0   305   383    16   105     5   112 0.67 # 863 # 2104 # -1 # ID=1349_2;partial=01;start_type=Edge;rbs_motif=None;rbs_spacer=None;gc_cont=0.297
NODE_1349_length_2105_cov_3.564103_2   -            414 1592033at2           -            393   1.7e-12   47.3   0.0   2   2   8.9e-14   6.9e-11   42.0   0.1   184   371   104   303    96   311 0.82 # 863 # 2104 # -1 # ID=1349_2;partial=01;start_type=Edge;rbs_motif=None;rbs_spacer=None;gc_cont=0.297
NODE_127_length_24396_cov_8.498376_9   -            207 1592033at2           -            393   3.1e-11   43.2   0.1   1   2   3.9e-05      0.03   13.6   0.0   194   222    23    51    16    54 0.89 # 7317 # 7937 # -1 # ID=127_9;partial=00;start_type=GTG;rbs_motif=None;rbs_spacer=None;gc_cont=0.288
NODE_127_length_24396_cov_8.498376_9   -            207 1592033at2           -            393   3.1e-11   43.2   0.1   2   2     2e-09   1.6e-06   27.7   0.0   267   352   111   200   107   204 0.88 # 7317 # 7937 # -1 # ID=127_9;partial=00;start_type=GTG;rbs_motif=None;rbs_spacer=None;gc_cont=0.288
NODE_526_length_8838_cov_8.191759_6    -            453 1592033at2           -            393   5.6e-11   42.3   5.1   1   2      0.13     1e+02    2.0   0.2   308   354   115   156   105   179 0.74 # 4861 # 6219 # -1 # ID=526_6;partial=00;start_type=ATG;rbs_motif=AGxAG;rbs_spacer=5-10bp;gc_cont=0.289
NODE_526_length_8838_cov_8.191759_6    -            453 1592033at2           -            393   5.6e-11   42.3   5.1   2   2   7.2e-14   5.6e-11   42.3   5.1   164   353   188   377   178   410 0.75 # 4861 # 6219 # -1 # ID=526_6;partial=00;start_type=ATG;rbs_motif=AGxAG;rbs_spacer=5-10bp;gc_cont=0.289
NODE_283_length_15122_cov_92.341908_5  -            299 1592033at2           -            393   3.8e-08   33.0   0.0   1   1   1.3e-10     1e-07   31.6   0.0   197   352    10   174     5   200 0.80 # 3915 # 4811 # -1 # ID=283_5;partial=00;start_type=ATG;rbs_motif=GGA/GAG/AGG;rbs_spacer=5-10bp;gc_cont=0.447
NODE_17_length_54641_cov_104.869236_47 -            364 1592033at2           -            393   4.2e-08   32.8   0.1   1   3   1.6e-10   1.3e-07   31.3   0.0   197   241     5    50     2    59 0.88 # 41480 # 42571 # -1 # ID=17_47;partial=00;start_type=ATG;rbs_motif=GGA/GAG/AGG;rbs_spacer=5-10bp;gc_cont=0.468
NODE_17_length_54641_cov_104.869236_47 -            364 1592033at2           -            393   4.2e-08   32.8   0.1   2   3       3.3   2.6e+03   -2.7   0.0   326   352   148   174   109   210 0.60 # 41480 # 42571 # -1 # ID=17_47;partial=00;start_type=ATG;rbs_motif=GGA/GAG/AGG;rbs_spacer=5-10bp;gc_cont=0.468
NODE_17_length_54641_cov_104.869236_47 -            364 1592033at2           -            393   4.2e-08   32.8   0.1   3   3       5.9   4.6e+03   -3.5   0.0    27    50   216   239   197   249 0.66 # 41480 # 42571 # -1 # ID=17_47;partial=00;start_type=ATG;rbs_motif=GGA/GAG/AGG;rbs_spacer=5-10bp;gc_cont=0.468
NODE_686_length_6447_cov_3.547567_3    -            365 1592033at2           -            393   6.8e-08   32.2   0.0   1   2   3.1e-10   2.4e-07   30.3   0.1   194   255   158   220   149   299 0.70 # 893 # 1987 # -1 # ID=686_3;partial=00;start_type=ATG;rbs_motif=AGGA/GGAG/GAGG;rbs_spacer=11-12bp;gc_cont=0.327
NODE_686_length_6447_cov_3.547567_3    -            365 1592033at2           -            393   6.8e-08   32.2   0.0   2   2      0.34   2.7e+02    0.6   0.1   301   352   246   300   228   326 0.54 # 893 # 1987 # -1 # ID=686_3;partial=00;start_type=ATG;rbs_motif=AGGA/GGAG/GAGG;rbs_spacer=11-12bp;gc_cont=0.327
NODE_269_length_15844_cov_108.493119_6 -            779 1592033at2           -            393   9.9e-08   31.6   0.8   1   2   0.00018      0.14   11.4   0.0   195   219     4    28     1    58 0.84 # 4414 # 6750 # 1 # ID=269_6;partial=00;start_type=ATG;rbs_motif=GGAG/GAGG;rbs_spacer=5-10bp;gc_cont=0.452
NODE_269_length_15844_cov_108.493119_6 -            779 1592033at2           -            393   9.9e-08   31.6   0.8   2   2   1.3e-06   0.00099   18.5   0.4   272   364    85   181    82   206 0.80 # 4414 # 6750 # 1 # ID=269_6;partial=00;start_type=ATG;rbs_motif=GGAG/GAGG;rbs_spacer=5-10bp;gc_cont=0.452
NODE_927_length_4179_cov_7.392735_2    -            294 1592033at2           -            393   1.2e-05   24.7   0.3   1   2   2.8e-08   2.2e-05   23.9   0.0   196   355     6   172     2   201 0.71 # 96 # 977 # -1 # ID=927_2;partial=00;start_type=ATG;rbs_motif=AGGA;rbs_spacer=5-10bp;gc_cont=0.296
NODE_927_length_4179_cov_7.392735_2    -            294 1592033at2           -            393   1.2e-05   24.7   0.3   2   2       6.8   5.3e+03   -3.7   0.0    41    64   220   243   214   250 0.82 # 96 # 977 # -1 # ID=927_2;partial=00;start_type=ATG;rbs_motif=AGGA;rbs_spacer=5-10bp;gc_cont=0.296
NODE_883_length_4534_cov_9.748261_5    -            367 1592033at2           -            393   1.6e-05   24.3   0.6   1   3   1.1e-07   8.9e-05   21.9   0.0   197   236     5    45     3    53 0.87 # 2078 # 3178 # -1 # ID=883_5;partial=00;start_type=ATG;rbs_motif=AGGA;rbs_spacer=5-10bp;gc_cont=0.349
NODE_883_length_4534_cov_9.748261_5    -            367 1592033at2           -            393   1.6e-05   24.3   0.6   2   3      0.83   6.4e+02   -0.7   0.1   166   186   135   155    91   203 0.55 # 2078 # 3178 # -1 # ID=883_5;partial=00;start_type=ATG;rbs_motif=AGGA;rbs_spacer=5-10bp;gc_cont=0.349
NODE_883_length_4534_cov_9.748261_5    -            367 1592033at2           -            393   1.6e-05   24.3   0.6   3   3       2.5     2e+03   -2.3   0.0    29    83   251   312   233   314 0.62 # 2078 # 3178 # -1 # ID=883_5;partial=00;start_type=ATG;rbs_motif=AGGA;rbs_spacer=5-10bp;gc_cont=0.349
NODE_1079_length_3100_cov_261.019186_3 -            504 1592033at2           -            393   2.4e-05   23.8   0.0   1   2     0.087        68    2.5   0.0   187   217   225   255   219   263 0.82 # 1589 # 3100 # 1 # ID=1079_3;partial=01;start_type=ATG;rbs_motif=AGGA;rbs_spacer=5-10bp;gc_cont=0.409
NODE_1079_length_3100_cov_261.019186_3 -            504 1592033at2           -            393   2.4e-05   23.8   0.0   2   2   9.1e-07   0.00071   18.9   0.1   285   379   315   415   308   430 0.70 # 1589 # 3100 # 1 # ID=1079_3;partial=01;start_type=ATG;rbs_motif=AGGA;rbs_spacer=5-10bp;gc_cont=0.409
NODE_122_length_24851_cov_5.633123_28  -            680 1592033at2           -            393   2.7e-05   23.6   1.0   1   2    0.0012      0.92    8.7   0.0   194   218     3    27     1    56 0.89 # 22710 # 24749 # -1 # ID=122_28;partial=00;start_type=ATG;rbs_motif=GGAG/GAGG;rbs_spacer=5-10bp;gc_cont=0.328
NODE_122_length_24851_cov_5.633123_28  -            680 1592033at2           -            393   2.7e-05   23.6   1.0   2   2   5.2e-05      0.04   13.2   0.6   271   381    80   195    71   205 0.82 # 22710 # 24749 # -1 # ID=122_28;partial=00;start_type=ATG;rbs_motif=GGAG/GAGG;rbs_spacer=5-10bp;gc_cont=0.328
NODE_148_length_22561_cov_71.401308_9  -            490 1592033at2           -            393   5.9e-05   22.5   1.7   1   3    0.0084       6.5    5.9   0.0   185   218    48    81     6    91 0.85 # 9297 # 10766 # 1 # ID=148_9;partial=00;start_type=ATG;rbs_motif=AGGA;rbs_spacer=5-10bp;gc_cont=0.461
NODE_148_length_22561_cov_71.401308_9  -            490 1592033at2           -            393   5.9e-05   22.5   1.7   2   3   0.00038       0.3   10.3   0.1   273   322   184   236   172   255 0.84 # 9297 # 10766 # 1 # ID=148_9;partial=00;start_type=ATG;rbs_motif=AGGA;rbs_spacer=5-10bp;gc_cont=0.461
NODE_148_length_22561_cov_71.401308_9  -            490 1592033at2           -            393   5.9e-05   22.5   1.7   3   3     0.041        32    3.6   0.3   161   198   271   307   267   315 0.80 # 9297 # 10766 # 1 # ID=148_9;partial=00;start_type=ATG;rbs_motif=AGGA;rbs_spacer=5-10bp;gc_cont=0.461
NODE_196_length_19066_cov_95.169256_5  -            359 1592033at2           -            393    0.0031   16.8   0.2   1   3    0.0013       1.1    8.5   0.0   197   218   127   148   121   164 0.84 # 4672 # 5748 # 1 # ID=196_5;partial=00;start_type=ATG;rbs_motif=None;rbs_spacer=None;gc_cont=0.431
NODE_196_length_19066_cov_95.169256_5  -            359 1592033at2           -            393    0.0031   16.8   0.2   2   3       0.4   3.1e+02    0.4   0.0   317   370   210   266   175   277 0.69 # 4672 # 5748 # 1 # ID=196_5;partial=00;start_type=ATG;rbs_motif=None;rbs_spacer=None;gc_cont=0.431
NODE_196_length_19066_cov_95.169256_5  -            359 1592033at2           -            393    0.0031   16.8   0.2   3   3     0.024        18    4.4   0.0    35    79   268   312   266   323 0.87 # 4672 # 5748 # 1 # ID=196_5;partial=00;start_type=ATG;rbs_motif=None;rbs_spacer=None;gc_cont=0.431
NODE_283_length_15122_cov_92.341908_9  -            599 1592033at2           -            393    0.0036   16.6   0.2   1   2   1.1e-05    0.0089   15.3   0.0   279   351   101   181    93   204 0.77 # 7440 # 9236 # -1 # ID=283_9;partial=00;start_type=ATG;rbs_motif=None;rbs_spacer=None;gc_cont=0.469
NODE_283_length_15122_cov_92.341908_9  -            599 1592033at2           -            393    0.0036   16.6   0.2   2   2       8.5   6.6e+03   -4.0   0.1    81   107   498   523   484   544 0.57 # 7440 # 9236 # -1 # ID=283_9;partial=00;start_type=ATG;rbs_motif=None;rbs_spacer=None;gc_cont=0.469
NODE_3270_length_397_cov_2.203125_1    -            129 1592033at2           -            393    0.0047   16.2   0.0   1   1   6.9e-06    0.0054   16.0   0.0   274   350    44   126    37   128 0.86 # 2 # 388 # 1 # ID=3270_1;partial=10;start_type=Edge;rbs_motif=None;rbs_spacer=None;gc_cont=0.297
NODE_1715_length_1318_cov_7.383562_2   -            249 1592033at2           -            393     0.012   14.9   0.0   1   1   2.6e-05      0.02   14.1   0.0   195   226    47    78    36    90 0.89 # 572 # 1318 # -1 # ID=1715_2;partial=01;start_type=Edge;rbs_motif=None;rbs_spacer=None;gc_cont=0.329
NODE_176_length_20021_cov_71.489420_16 -            683 1592033at2           -            393     0.024   13.9   0.1   1   3    0.0025         2    7.6   0.1   192   217     7    32     4    39 0.85 # 13374 # 15422 # 1 # ID=176_16;partial=00;start_type=ATG;rbs_motif=GGA/GAG/AGG;rbs_spacer=5-10bp;gc_cont=0.487
NODE_176_length_20021_cov_71.489420_16 -            683 1592033at2           -            393     0.024   13.9   0.1   2   3       1.7   1.3e+03   -1.7   0.0   295   317   116   139   105   147 0.68 # 13374 # 15422 # 1 # ID=176_16;partial=00;start_type=ATG;rbs_motif=GGA/GAG/AGG;rbs_spacer=5-10bp;gc_cont=0.487
NODE_176_length_20021_cov_71.489420_16 -            683 1592033at2           -            393     0.024   13.9   0.1   3   3     0.078        61    2.7   0.0   283   350   190   259   186   268 0.78 # 13374 # 15422 # 1 # ID=176_16;partial=00;start_type=ATG;rbs_motif=GGA/GAG/AGG;rbs_spacer=5-10bp;gc_cont=0.487
NODE_1014_length_3530_cov_67.841877_1  -            939 1592033at2           -            393     0.039   13.2   0.0   1   2      0.04        32    3.6   0.0   180   218   247   284   235   310 0.82 # 303 # 3119 # -1 # ID=1014_1;partial=00;start_type=ATG;rbs_motif=GGAG/GAGG;rbs_spacer=5-10bp;gc_cont=0.460
NODE_1014_length_3530_cov_67.841877_1  -            939 1592033at2           -            393     0.039   13.2   0.0   2   2    0.0034       2.7    7.1   0.0   296   352   359   423   350   451 0.79 # 303 # 3119 # -1 # ID=1014_1;partial=00;start_type=ATG;rbs_motif=GGAG/GAGG;rbs_spacer=5-10bp;gc_cont=0.460
NODE_158_length_21232_cov_45.741196_2  -            195 1592033at2           -            393     0.041   13.1   0.0   1   1   8.2e-05     0.064   12.5   0.0   195   222    25    52    20   193 0.74 # 3145 # 3729 # -1 # ID=158_2;partial=00;start_type=ATG;rbs_motif=None;rbs_spacer=None;gc_cont=0.484
NODE_715_length_6139_cov_70.890465_4   -            982 1592033at2           -            393     0.053   12.8   0.0   1   1   0.00017      0.13   11.5   0.0   296   359   393   464   388   494 0.76 # 1533 # 4478 # -1 # ID=715_4;partial=00;start_type=ATG;rbs_motif=None;rbs_spacer=None;gc_cont=0.479
NODE_665_length_6687_cov_93.355825_5   -            692 1592033at2           -            393     0.053   12.8   0.5   1   2   0.00021      0.17   11.1   0.0   194   218    89   113    22   122 0.81 # 2154 # 4229 # -1 # ID=665_5;partial=00;start_type=ATG;rbs_motif=GGAGG;rbs_spacer=5-10bp;gc_cont=0.434
NODE_665_length_6687_cov_93.355825_5   -            692 1592033at2           -            393     0.053   12.8   0.5   2   2       1.5   1.2e+03   -1.6   0.1   277   359   369   453   363   474 0.56 # 2154 # 4229 # -1 # ID=665_5;partial=00;start_type=ATG;rbs_motif=GGAGG;rbs_spacer=5-10bp;gc_cont=0.434
NODE_46_length_38421_cov_65.078135_2   -            845 1592033at2           -            393     0.065   12.5   0.0   1   2      0.15   1.2e+02    1.7   0.0   184   240   152   208   141   215 0.72 # 419 # 2953 # -1 # ID=46_2;partial=00;start_type=ATG;rbs_motif=GGA/GAG/AGG;rbs_spacer=5-10bp;gc_cont=0.454
NODE_46_length_38421_cov_65.078135_2   -            845 1592033at2           -            393     0.065   12.5   0.0   2   2    0.0017       1.3    8.2   0.0   296   352   261   325   256   353 0.82 # 419 # 2953 # -1 # ID=46_2;partial=00;start_type=ATG;rbs_motif=GGA/GAG/AGG;rbs_spacer=5-10bp;gc_cont=0.454
#
# Program:         hmmsearch
# Version:         3.1b2 (February 2015)
# Pipeline mode:   SEARCH
# Query file:      /home/mira/Bacteria2022/Thiomargarita_magnifica/qc_assembly/busco_trimmed/busco_downloads/lineages/bacteria_odb10/hmms/1592033at2.hmm
# Target file:     /home/mira/Bacteria2022/Thiomargarita_magnifica/qc_assembly/busco_trimmed/busco_trimmed/prodigal_output/predicted_genes/predicted.faa
# Option settings: hmmsearch --domtblout /home/mira/Bacteria2022/Thiomargarita_magnifica/qc_assembly/busco_trimmed/busco_trimmed/auto_lineage/run_bacteria_odb10/hmmer_output/1592033at2.out --cpu 1 /home/mira/Bacteria2022/Thiomargarita_magnifica/qc_assembly/busco_trimmed/busco_downloads/lineages/bacteria_odb10/hmms/1592033at2.hmm /home/mira/Bacteria2022/Thiomargarita_magnifica/qc_assembly/busco_trimmed/busco_trimmed/prodigal_output/predicted_genes/predicted.faa 
# Current dir:     /home/mira/Bacteria2022/Thiomargarita_magnifica/qc_assembly/busco_trimmed
# Date:            Tue Jul 12 13:35:04 2022
# [ok]
