#                                                                                               --- full sequence --- -------------- this domain -------------   hmm coord   ali coord   env coord
# target name                           accession   tlen query name           accession   qlen   E-value  score  bias   #  of  c-Evalue  i-Evalue  score  bias  from    to  from    to  from    to  acc description of target
#                   ------------------- ---------- ----- -------------------- ---------- ----- --------- ------ ----- --- --- --------- --------- ------ ----- ----- ----- ----- ----- ----- ----- ---- ---------------------
NODE_804_length_5107_cov_88.386879_5    -            150 1827295at2           -             74   1.5e-20   73.1   1.0   1   1   2.4e-22   5.8e-20   71.2   1.0     8    74    17   108     9   108 0.83 # 4361 # 4810 # 1 # ID=804_5;partial=00;start_type=ATG;rbs_motif=None;rbs_spacer=None;gc_cont=0.467
NODE_630_length_7146_cov_5.348423_6     -            135 1827295at2           -             74   3.1e-13   49.6   0.2   1   1   4.8e-15   1.2e-12   47.8   0.2     8    73    18   101     4   102 0.80 # 5346 # 5750 # -1 # ID=630_6;partial=00;start_type=TTG;rbs_motif=GGAG/GAGG;rbs_spacer=5-10bp;gc_cont=0.291
NODE_268_length_15884_cov_174.277978_8  -            706 1827295at2           -             74   0.00026   21.0   0.0   1   2     0.003      0.73   10.0   0.0     9    33   212   236   201   242 0.82 # 6553 # 8670 # -1 # ID=268_8;partial=00;start_type=ATG;rbs_motif=GGA/GAG/AGG;rbs_spacer=5-10bp;gc_cont=0.473
NODE_268_length_15884_cov_174.277978_8  -            706 1827295at2           -             74   0.00026   21.0   0.0   2   2      0.01       2.5    8.3   0.0     9    32   485   508   474   515 0.82 # 6553 # 8670 # -1 # ID=268_8;partial=00;start_type=ATG;rbs_motif=GGA/GAG/AGG;rbs_spacer=5-10bp;gc_cont=0.473
NODE_158_length_21232_cov_45.741196_6   -            806 1827295at2           -             74    0.0016   18.5   0.1   1   2     0.028       6.8    6.9   0.0    12    32   253   273   238   279 0.83 # 5881 # 8298 # -1 # ID=158_6;partial=00;start_type=ATG;rbs_motif=None;rbs_spacer=None;gc_cont=0.446
NODE_158_length_21232_cov_45.741196_6   -            806 1827295at2           -             74    0.0016   18.5   0.1   2   2    0.0061       1.5    9.0   0.0    11    32   533   554   517   559 0.85 # 5881 # 8298 # -1 # ID=158_6;partial=00;start_type=ATG;rbs_motif=None;rbs_spacer=None;gc_cont=0.446
NODE_28_length_45458_cov_104.318746_15  -            716 1827295at2           -             74     0.002   18.2   0.2   1   2     0.059        14    5.8   0.0    12    32   180   200   170   205 0.89 # 10219 # 12366 # 1 # ID=28_15;partial=00;start_type=ATG;rbs_motif=AGGAG;rbs_spacer=5-10bp;gc_cont=0.534
NODE_28_length_45458_cov_104.318746_15  -            716 1827295at2           -             74     0.002   18.2   0.2   2   2    0.0037      0.91    9.7   0.0     9    32   453   477   440   481 0.79 # 10219 # 12366 # 1 # ID=28_15;partial=00;start_type=ATG;rbs_motif=AGGAG;rbs_spacer=5-10bp;gc_cont=0.534
NODE_2_length_111158_cov_110.480244_7   -            181 1827295at2           -             74    0.0027   17.8   0.0   1   1   2.3e-05    0.0055   16.8   0.0    11    33     7    29     2    36 0.90 # 21486 # 22028 # -1 # ID=2_7;partial=00;start_type=ATG;rbs_motif=GGA/GAG/AGG;rbs_spacer=5-10bp;gc_cont=0.444
NODE_295_length_14789_cov_89.591286_1   -           1069 1827295at2           -             74    0.0033   17.5   0.4   1   2     0.037       9.1    6.5   0.1     8    30   221   245   210   256 0.81 # 779 # 3985 # -1 # ID=295_1;partial=00;start_type=ATG;rbs_motif=None;rbs_spacer=None;gc_cont=0.467
NODE_295_length_14789_cov_89.591286_1   -           1069 1827295at2           -             74    0.0033   17.5   0.4   2   2     0.012       2.9    8.1   0.0     9    31   484   506   470   512 0.82 # 779 # 3985 # -1 # ID=295_1;partial=00;start_type=ATG;rbs_motif=None;rbs_spacer=None;gc_cont=0.467
NODE_342_length_13153_cov_4.726369_10   -            695 1827295at2           -             74    0.0042   17.2   0.1   1   2     0.093        23    5.2   0.0    12    31   163   182   151   189 0.83 # 11067 # 13151 # -1 # ID=342_10;partial=01;start_type=Edge;rbs_motif=None;rbs_spacer=None;gc_cont=0.306
NODE_342_length_13153_cov_4.726369_10   -            695 1827295at2           -             74    0.0042   17.2   0.1   2   2    0.0061       1.5    9.0   0.0    10    33   442   465   427   475 0.87 # 11067 # 13151 # -1 # ID=342_10;partial=01;start_type=Edge;rbs_motif=None;rbs_spacer=None;gc_cont=0.306
NODE_154_length_21873_cov_143.912782_16 -            535 1827295at2           -             74    0.0049   16.9   0.0   1   2     0.012       2.8    8.1   0.0     9    28    30    49    19    57 0.84 # 18630 # 20234 # -1 # ID=154_16;partial=00;start_type=ATG;rbs_motif=GGA/GAG/AGG;rbs_spacer=5-10bp;gc_cont=0.512
NODE_154_length_21873_cov_143.912782_16 -            535 1827295at2           -             74    0.0049   16.9   0.0   2   2     0.049        12    6.1   0.0     9    29   308   328   292   331 0.85 # 18630 # 20234 # -1 # ID=154_16;partial=00;start_type=ATG;rbs_motif=GGA/GAG/AGG;rbs_spacer=5-10bp;gc_cont=0.512
NODE_621_length_7222_cov_56.954794_1    -             84 1827295at2           -             74    0.0061   16.6   0.0   1   1   3.1e-05    0.0075   16.3   0.0     9    40    48    79    35    83 0.80 # 2 # 253 # -1 # ID=621_1;partial=10;start_type=ATG;rbs_motif=AGGAG;rbs_spacer=5-10bp;gc_cont=0.460
NODE_372_length_12034_cov_115.350004_13 -            126 1827295at2           -             74    0.0068   16.5   0.0   1   1   4.3e-05      0.01   15.9   0.0     8    37    21    53    10    70 0.86 # 10331 # 10708 # -1 # ID=372_13;partial=00;start_type=ATG;rbs_motif=GGAG/GAGG;rbs_spacer=5-10bp;gc_cont=0.336
NODE_375_length_11934_cov_71.764780_1   -            103 1827295at2           -             74    0.0074   16.4   0.1   1   1   4.2e-05      0.01   15.9   0.1     6    33    28    55    15    59 0.86 # 771 # 1079 # 1 # ID=375_1;partial=00;start_type=ATG;rbs_motif=None;rbs_spacer=None;gc_cont=0.430
NODE_1467_length_1794_cov_115.705300_1  -            119 1827295at2           -             74    0.0092   16.1   0.0   1   2   0.00015     0.036   14.2   0.0    13    31     6    24     2    33 0.86 # 130 # 486 # -1 # ID=1467_1;partial=00;start_type=ATG;rbs_motif=None;rbs_spacer=None;gc_cont=0.417
NODE_1467_length_1794_cov_115.705300_1  -            119 1827295at2           -             74    0.0092   16.1   0.0   2   2       7.3   1.8e+03   -0.9   0.0    36    50    67    82    49    91 0.62 # 130 # 486 # -1 # ID=1467_1;partial=00;start_type=ATG;rbs_motif=None;rbs_spacer=None;gc_cont=0.417
NODE_1269_length_2356_cov_77.027205_2   -            139 1827295at2           -             74      0.01   15.9   0.2   1   1   0.00012     0.029   14.5   0.1     3    33    16    46    11    50 0.86 # 1482 # 1898 # 1 # ID=1269_2;partial=00;start_type=ATG;rbs_motif=None;rbs_spacer=None;gc_cont=0.400
NODE_199_length_18903_cov_86.678902_2   -             83 1827295at2           -             74     0.012   15.7   0.0   1   1   7.6e-05     0.019   15.1   0.0     9    33     4    28     1    31 0.90 # 625 # 873 # -1 # ID=199_2;partial=00;start_type=ATG;rbs_motif=AGGAG;rbs_spacer=5-10bp;gc_cont=0.438
NODE_493_length_9473_cov_6.817901_6     -            382 1827295at2           -             74     0.014   15.5   0.1   1   2       3.3   8.2e+02    0.2   0.0    26    60    94   127    91   136 0.77 # 2304 # 3449 # -1 # ID=493_6;partial=00;start_type=ATG;rbs_motif=GGA/GAG/AGG;rbs_spacer=5-10bp;gc_cont=0.288
NODE_493_length_9473_cov_6.817901_6     -            382 1827295at2           -             74     0.014   15.5   0.1   2   2   0.00053      0.13   12.4   0.0     8    32   180   204   170   208 0.83 # 2304 # 3449 # -1 # ID=493_6;partial=00;start_type=ATG;rbs_motif=GGA/GAG/AGG;rbs_spacer=5-10bp;gc_cont=0.288
NODE_199_length_18903_cov_86.678902_15  -            103 1827295at2           -             74     0.015   15.4   0.0   1   1   8.5e-05     0.021   14.9   0.0     6    33    28    55    14    59 0.86 # 17439 # 17747 # 1 # ID=199_15;partial=00;start_type=ATG;rbs_motif=AGGAG/GGAGG;rbs_spacer=11-12bp;gc_cont=0.408
NODE_27_length_45659_cov_80.773003_42   -            417 1827295at2           -             74     0.016   15.3   0.0   1   1   0.00014     0.035   14.2   0.0     8    33    16    42     6    47 0.84 # 39110 # 40360 # 1 # ID=27_42;partial=00;start_type=ATG;rbs_motif=None;rbs_spacer=None;gc_cont=0.416
NODE_462_length_10035_cov_56.473489_1   -            856 1827295at2           -             74     0.017   15.2   0.1   1   2     0.053        13    6.0   0.0    12    32   203   223   190   229 0.82 # 382 # 2949 # -1 # ID=462_1;partial=00;start_type=ATG;rbs_motif=GGAG/GAGG;rbs_spacer=5-10bp;gc_cont=0.466
NODE_462_length_10035_cov_56.473489_1   -            856 1827295at2           -             74     0.017   15.2   0.1   2   2     0.056        14    5.9   0.0    11    29   601   619   583   624 0.85 # 382 # 2949 # -1 # ID=462_1;partial=00;start_type=ATG;rbs_motif=GGAG/GAGG;rbs_spacer=5-10bp;gc_cont=0.466
NODE_5613_length_246_cov_1.751479_1     -             81 1827295at2           -             74     0.019   15.1   0.1   1   1   0.00019     0.047   13.8   0.0    11    33     4    26     2    33 0.87 # 3 # 245 # -1 # ID=5613_1;partial=11;start_type=Edge;rbs_motif=None;rbs_spacer=None;gc_cont=0.399
NODE_228_length_17115_cov_104.017608_20 -            456 1827295at2           -             74      0.02   15.0   0.0   1   1   0.00019     0.047   13.8   0.0     9    38    39    68    24    70 0.83 # 13767 # 15134 # -1 # ID=228_20;partial=00;start_type=ATG;rbs_motif=GGA/GAG/AGG;rbs_spacer=5-10bp;gc_cont=0.413
NODE_3346_length_387_cov_73.935484_2    -             36 1827295at2           -             74     0.021   14.9   0.0   1   1   8.4e-05     0.021   14.9   0.0     9    30    12    33     2    36 0.82 # 278 # 385 # 1 # ID=3346_2;partial=01;start_type=ATG;rbs_motif=4Base/6BMM;rbs_spacer=13-15bp;gc_cont=0.444
NODE_98_length_26759_cov_87.719886_7    -            261 1827295at2           -             74     0.021   14.9   0.0   1   1   0.00017     0.042   14.0   0.0     8    29    30    53    16    55 0.84 # 5530 # 6312 # 1 # ID=98_7;partial=00;start_type=ATG;rbs_motif=GGA/GAG/AGG;rbs_spacer=5-10bp;gc_cont=0.460
NODE_651_length_6853_cov_82.239669_1    -             66 1827295at2           -             74     0.021   14.9   0.0   1   1    0.0001     0.024   14.7   0.0     9    33    31    55    12    59 0.83 # 3 # 200 # -1 # ID=651_1;partial=10;start_type=ATG;rbs_motif=None;rbs_spacer=None;gc_cont=0.389
NODE_660_length_6745_cov_56.079784_5    -            405 1827295at2           -             74     0.023   14.8   0.0   1   1   0.00019     0.046   13.8   0.0     9    31    10    32     2    39 0.82 # 5127 # 6341 # -1 # ID=660_5;partial=00;start_type=ATG;rbs_motif=AGGA/GGAG/GAGG;rbs_spacer=11-12bp;gc_cont=0.475
NODE_7494_length_154_cov_77.389610_2    -             37 1827295at2           -             74      0.03   14.4   0.0   1   1   0.00013     0.033   14.3   0.0    11    33     8    30     2    34 0.87 # 44 # 154 # -1 # ID=7494_2;partial=01;start_type=Edge;rbs_motif=None;rbs_spacer=None;gc_cont=0.477
NODE_214_length_17836_cov_54.288811_12  -            625 1827295at2           -             74     0.031   14.4   0.0   1   2      0.13        33    4.7   0.0     9    32    28    51    15    55 0.81 # 14601 # 16475 # 1 # ID=214_12;partial=00;start_type=ATG;rbs_motif=None;rbs_spacer=None;gc_cont=0.469
NODE_214_length_17836_cov_54.288811_12  -            625 1827295at2           -             74     0.031   14.4   0.0   2   2     0.036       8.7    6.5   0.0     9    31   344   366   332   371 0.82 # 14601 # 16475 # 1 # ID=214_12;partial=00;start_type=ATG;rbs_motif=None;rbs_spacer=None;gc_cont=0.469
NODE_949_length_3995_cov_3.643441_4     -            412 1827295at2           -             74     0.032   14.4   0.0   1   1   0.00033     0.081   13.0   0.0     8    37   119   152   108   158 0.83 # 2759 # 3994 # -1 # ID=949_4;partial=01;start_type=Edge;rbs_motif=None;rbs_spacer=None;gc_cont=0.321
NODE_454_length_10235_cov_100.096476_4  -            753 1827295at2           -             74     0.032   14.3   0.3   1   2      0.25        61    3.8   0.1     8    30   219   242   207   249 0.78 # 3822 # 6080 # -1 # ID=454_4;partial=00;start_type=ATG;rbs_motif=AGGA;rbs_spacer=5-10bp;gc_cont=0.461
NODE_454_length_10235_cov_100.096476_4  -            753 1827295at2           -             74     0.032   14.3   0.3   2   2     0.015       3.8    7.7   0.0     9    31   496   518   482   523 0.84 # 3822 # 6080 # -1 # ID=454_4;partial=00;start_type=ATG;rbs_motif=AGGA;rbs_spacer=5-10bp;gc_cont=0.461
NODE_167_length_20693_cov_96.512175_7   -             79 1827295at2           -             74     0.039   14.1   0.0   1   1    0.0002      0.05   13.7   0.0     6    33    27    55    15    59 0.83 # 6487 # 6723 # -1 # ID=167_7;partial=00;start_type=ATG;rbs_motif=AGGA;rbs_spacer=5-10bp;gc_cont=0.426
NODE_712_length_6180_cov_4.722595_7     -             93 1827295at2           -             74     0.039   14.0   0.0   1   1   0.00022     0.055   13.6   0.0    11    34    41    64    26    72 0.86 # 5900 # 6178 # 1 # ID=712_7;partial=01;start_type=ATG;rbs_motif=None;rbs_spacer=None;gc_cont=0.276
NODE_250_length_16295_cov_116.813356_4  -            486 1827295at2           -             74      0.04   14.0   0.0   1   1   0.00034     0.083   13.0   0.0     9    42    46    78    36    85 0.79 # 4338 # 5795 # -1 # ID=250_4;partial=00;start_type=ATG;rbs_motif=AGGA;rbs_spacer=5-10bp;gc_cont=0.420
NODE_660_length_6745_cov_56.079784_1    -            370 1827295at2           -             74      0.04   14.0   0.0   1   1   0.00046      0.11   12.6   0.0     9    31    11    33     2    50 0.85 # 750 # 1859 # 1 # ID=660_1;partial=00;start_type=ATG;rbs_motif=AGGAG;rbs_spacer=5-10bp;gc_cont=0.541
NODE_37_length_42262_cov_93.229015_11   -            134 1827295at2           -             74     0.042   13.9   0.0   1   1   0.00033     0.082   13.0   0.0    11    34    34    57    17    61 0.85 # 7222 # 7623 # -1 # ID=37_11;partial=00;start_type=ATG;rbs_motif=None;rbs_spacer=None;gc_cont=0.463
NODE_985_length_3770_cov_4.288925_1     -            258 1827295at2           -             74     0.044   13.9   0.0   1   1   0.00035     0.087   12.9   0.0     9    33    72    96    61    99 0.85 # 3 # 776 # 1 # ID=985_1;partial=10;start_type=Edge;rbs_motif=None;rbs_spacer=None;gc_cont=0.298
NODE_1781_length_1212_cov_56.988546_1   -             51 1827295at2           -             74     0.045   13.9   0.0   1   1   0.00021     0.051   13.7   0.0    12    31     8    27     2    37 0.86 # 288 # 440 # -1 # ID=1781_1;partial=00;start_type=ATG;rbs_motif=AGGA;rbs_spacer=5-10bp;gc_cont=0.431
NODE_825_length_4882_cov_10.626223_3    -            414 1827295at2           -             74     0.045   13.9   0.0   1   1   0.00037     0.091   12.9   0.0     8    33   118   143   107   146 0.84 # 2020 # 3261 # -1 # ID=825_3;partial=00;start_type=ATG;rbs_motif=AGGA;rbs_spacer=5-10bp;gc_cont=0.319
NODE_1283_length_2313_cov_161.668605_1  -             66 1827295at2           -             74     0.049   13.7   0.0   1   1   0.00022     0.054   13.6   0.0     9    32    30    53    12    58 0.81 # 373 # 570 # 1 # ID=1283_1;partial=00;start_type=ATG;rbs_motif=AGGA;rbs_spacer=5-10bp;gc_cont=0.369
NODE_741_length_5734_cov_98.729892_4    -             60 1827295at2           -             74     0.052   13.7   0.0   1   1   0.00022     0.054   13.6   0.0     8    38    21    53     8    59 0.82 # 5553 # 5732 # 1 # ID=741_4;partial=01;start_type=ATG;rbs_motif=GGA/GAG/AGG;rbs_spacer=5-10bp;gc_cont=0.367
NODE_49_length_36232_cov_77.169990_12   -            176 1827295at2           -             74     0.053   13.6   0.0   1   1    0.0005      0.12   12.5   0.0    11    29     6    24     3    32 0.86 # 16614 # 17141 # 1 # ID=49_12;partial=00;start_type=GTG;rbs_motif=AGGA/GGAG/GAGG;rbs_spacer=11-12bp;gc_cont=0.428
NODE_703_length_6233_cov_5.088044_2     -            399 1827295at2           -             74     0.053   13.6   0.0   1   1   0.00047      0.12   12.5   0.0     9    38    38    65    25    71 0.83 # 823 # 2019 # 1 # ID=703_2;partial=00;start_type=ATG;rbs_motif=AGGA;rbs_spacer=5-10bp;gc_cont=0.270
NODE_1968_length_963_cov_147.677201_1   -            320 1827295at2           -             74     0.053   13.6   0.0   1   1   0.00048      0.12   12.5   0.0     9    36   126   153   111   165 0.84 # 2 # 961 # 1 # ID=1968_1;partial=11;start_type=Edge;rbs_motif=None;rbs_spacer=None;gc_cont=0.391
NODE_695_length_6346_cov_77.701866_4    -            413 1827295at2           -             74     0.054   13.6   0.1   1   2    0.0038      0.93    9.6   0.0     9    33    80   104    67   111 0.84 # 3584 # 4822 # -1 # ID=695_4;partial=00;start_type=ATG;rbs_motif=GGA/GAG/AGG;rbs_spacer=5-10bp;gc_cont=0.368
NODE_695_length_6346_cov_77.701866_4    -            413 1827295at2           -             74     0.054   13.6   0.1   2   2       1.6     4e+02    1.2   0.0    28    45   161   178   156   180 0.71 # 3584 # 4822 # -1 # ID=695_4;partial=00;start_type=ATG;rbs_motif=GGA/GAG/AGG;rbs_spacer=5-10bp;gc_cont=0.368
NODE_91_length_27517_cov_38.346392_18   -            267 1827295at2           -             74     0.054   13.6   0.0   1   1   0.00045      0.11   12.6   0.0     8    33    32    57    21    62 0.83 # 21515 # 22315 # 1 # ID=91_18;partial=00;start_type=ATG;rbs_motif=GGA/GAG/AGG;rbs_spacer=5-10bp;gc_cont=0.454
NODE_587_length_7719_cov_6.105339_1     -             38 1827295at2           -             74     0.057   13.5   0.0   1   1   0.00024     0.059   13.5   0.0    12    30     6    24     2    32 0.85 # 2 # 115 # -1 # ID=587_1;partial=10;start_type=ATG;rbs_motif=GGA/GAG/AGG;rbs_spacer=5-10bp;gc_cont=0.333
NODE_190_length_19362_cov_76.614519_16  -            237 1827295at2           -             74     0.058   13.5   0.1   1   1    0.0005      0.12   12.5   0.1     8    29    28    53    17    62 0.78 # 9744 # 10454 # -1 # ID=190_16;partial=00;start_type=ATG;rbs_motif=None;rbs_spacer=None;gc_cont=0.471
NODE_7069_length_167_cov_176.644444_1   -             55 1827295at2           -             74     0.062   13.4   0.0   1   1   0.00027     0.067   13.3   0.0     9    49    12    48     2    51 0.78 # 1 # 165 # 1 # ID=7069_1;partial=11;start_type=Edge;rbs_motif=None;rbs_spacer=None;gc_cont=0.412
NODE_216_length_17763_cov_89.352313_17  -            353 1827295at2           -             74     0.064   13.4   0.0   1   1   0.00064      0.16   12.1   0.0     9    55    39    86    23    97 0.87 # 15560 # 16618 # 1 # ID=216_17;partial=00;start_type=ATG;rbs_motif=GGA/GAG/AGG;rbs_spacer=5-10bp;gc_cont=0.394
NODE_274_length_15480_cov_175.571252_8  -            413 1827295at2           -             74     0.066   13.3   0.0   1   1   0.00065      0.16   12.1   0.0     9    40   299   330   284   339 0.79 # 5426 # 6664 # 1 # ID=274_8;partial=00;start_type=ATG;rbs_motif=None;rbs_spacer=None;gc_cont=0.415
NODE_611_length_7311_cov_31.656207_4    -            447 1827295at2           -             74     0.068   13.3   0.0   1   1   0.00066      0.16   12.1   0.0    10    31     9    30     2    37 0.84 # 3031 # 4371 # -1 # ID=611_4;partial=00;start_type=ATG;rbs_motif=AGGAG;rbs_spacer=5-10bp;gc_cont=0.605
NODE_727_length_5983_cov_88.284287_1    -             60 1827295at2           -             74     0.068   13.3   0.0   1   1   0.00029      0.07   13.2   0.0     9    38    25    53     8    59 0.85 # 3 # 182 # -1 # ID=727_1;partial=10;start_type=ATG;rbs_motif=GGA/GAG/AGG;rbs_spacer=5-10bp;gc_cont=0.367
NODE_6281_length_229_cov_1.940789_1     -             75 1827295at2           -             74     0.069   13.3   0.0   1   1   0.00032     0.078   13.1   0.0     8    33    19    48     6    61 0.82 # 3 # 227 # 1 # ID=6281_1;partial=11;start_type=Edge;rbs_motif=None;rbs_spacer=None;gc_cont=0.298
NODE_135_length_23541_cov_110.171795_10 -            205 1827295at2           -             74     0.069   13.3   0.1   1   1   0.00056      0.14   12.3   0.1    12    35     8    30     2    38 0.82 # 14724 # 15338 # -1 # ID=135_10;partial=00;start_type=GTG;rbs_motif=AGGAG;rbs_spacer=5-10bp;gc_cont=0.429
NODE_611_length_7311_cov_31.656207_7    -            251 1827295at2           -             74     0.072   13.2   0.0   1   1     0.001      0.25   11.5   0.0     9    33    36    60    23    65 0.84 # 6229 # 6981 # -1 # ID=611_7;partial=00;start_type=ATG;rbs_motif=GGAG/GAGG;rbs_spacer=5-10bp;gc_cont=0.526
NODE_1017_length_3509_cov_7.217949_3    -            691 1827295at2           -             74     0.072   13.2   0.0   1   1    0.0012       0.3   11.2   0.0     7    33   355   383   346   387 0.83 # 1435 # 3507 # 1 # ID=1017_3;partial=01;start_type=ATG;rbs_motif=GGAG/GAGG;rbs_spacer=5-10bp;gc_cont=0.315
NODE_132_length_23702_cov_79.701460_2   -            388 1827295at2           -             74     0.075   13.2   0.0   1   1   0.00061      0.15   12.2   0.0     9    35    24    49     9    52 0.81 # 1360 # 2523 # -1 # ID=132_2;partial=00;start_type=ATG;rbs_motif=None;rbs_spacer=None;gc_cont=0.418
NODE_132_length_23702_cov_79.701460_9   -            388 1827295at2           -             74     0.075   13.2   0.0   1   1   0.00061      0.15   12.2   0.0     9    35    24    49     9    52 0.81 # 21180 # 22343 # 1 # ID=132_9;partial=00;start_type=ATG;rbs_motif=None;rbs_spacer=None;gc_cont=0.418
NODE_341_length_13286_cov_48.293891_9   -            421 1827295at2           -             74     0.083   13.0   0.0   1   1   0.00081       0.2   11.8   0.0     7    34    19    49    13    52 0.82 # 5858 # 7120 # -1 # ID=341_9;partial=00;start_type=ATG;rbs_motif=GGA/GAG/AGG;rbs_spacer=5-10bp;gc_cont=0.450
NODE_2445_length_610_cov_1.056285_1     -             69 1827295at2           -             74     0.086   13.0   0.0   1   1   0.00041       0.1   12.7   0.0     9    33    40    64    22    67 0.79 # 1 # 207 # -1 # ID=2445_1;partial=10;start_type=ATG;rbs_motif=GGAG/GAGG;rbs_spacer=5-10bp;gc_cont=0.338
NODE_281_length_15202_cov_103.070347_4  -            271 1827295at2           -             74     0.091   12.9   0.0   1   1   0.00075      0.18   11.9   0.0     9    33    37    61    26    65 0.84 # 2057 # 2869 # 1 # ID=281_4;partial=00;start_type=ATG;rbs_motif=GGA/GAG/AGG;rbs_spacer=5-10bp;gc_cont=0.434
NODE_311_length_14163_cov_152.374059_1  -            475 1827295at2           -             74     0.091   12.9   0.0   1   1    0.0014      0.35   11.0   0.0     8    31   425   454   414   458 0.80 # 2 # 1426 # -1 # ID=311_1;partial=10;start_type=ATG;rbs_motif=GGA/GAG/AGG;rbs_spacer=5-10bp;gc_cont=0.405
NODE_448_length_10393_cov_62.534703_3   -            166 1827295at2           -             74     0.097   12.8   0.0   1   1   0.00067      0.16   12.1   0.0     9    35    24    49     9    52 0.82 # 1515 # 2012 # -1 # ID=448_3;partial=00;start_type=ATG;rbs_motif=AGGA;rbs_spacer=5-10bp;gc_cont=0.438
NODE_1040_length_3353_cov_4.543040_4    -            859 1827295at2           -             74     0.099   12.8   0.0   1   2     0.064        16    5.7   0.0    12    33   205   227   192   233 0.82 # 753 # 3329 # -1 # ID=1040_4;partial=00;start_type=ATG;rbs_motif=GGAG/GAGG;rbs_spacer=5-10bp;gc_cont=0.321
NODE_1040_length_3353_cov_4.543040_4    -            859 1827295at2           -             74     0.099   12.8   0.0   2   2      0.19        47    4.2   0.0    11    32   605   626   590   629 0.86 # 753 # 3329 # -1 # ID=1040_4;partial=00;start_type=ATG;rbs_motif=GGAG/GAGG;rbs_spacer=5-10bp;gc_cont=0.321
NODE_167_length_20693_cov_96.512175_3   -            135 1827295at2           -             74       0.1   12.7   0.0   1   1   0.00074      0.18   11.9   0.0     7    32    28    54    17    57 0.83 # 885 # 1289 # -1 # ID=167_3;partial=00;start_type=ATG;rbs_motif=AGGA;rbs_spacer=5-10bp;gc_cont=0.375
NODE_468_length_9977_cov_70.325657_1    -            199 1827295at2           -             74      0.12   12.5   0.0   1   1   0.00087      0.21   11.7   0.0     9    33    31    55    18    69 0.85 # 3 # 599 # -1 # ID=468_1;partial=10;start_type=ATG;rbs_motif=None;rbs_spacer=None;gc_cont=0.414
NODE_436_length_10540_cov_67.753608_5   -            321 1827295at2           -             74      0.12   12.5   0.0   1   1     0.001      0.25   11.5   0.0     9    29    41    61    30    69 0.78 # 2385 # 3347 # -1 # ID=436_5;partial=00;start_type=ATG;rbs_motif=AGGA;rbs_spacer=5-10bp;gc_cont=0.385
NODE_1159_length_2762_cov_7.397765_1    -            848 1827295at2           -             74      0.13   12.4   0.0   1   2       6.8   1.7e+03   -0.8   0.0     9    33    49    73    40    86 0.77 # 142 # 2685 # -1 # ID=1159_1;partial=00;start_type=ATG;rbs_motif=GGA/GAG/AGG;rbs_spacer=5-10bp;gc_cont=0.311
NODE_1159_length_2762_cov_7.397765_1    -            848 1827295at2           -             74      0.13   12.4   0.0   2   2    0.0034      0.84    9.8   0.0    10    33   454   477   441   484 0.84 # 142 # 2685 # -1 # ID=1159_1;partial=00;start_type=ATG;rbs_motif=GGA/GAG/AGG;rbs_spacer=5-10bp;gc_cont=0.311
NODE_1024_length_3476_cov_130.816417_2  -             86 1827295at2           -             74      0.13   12.4   0.0   1   1   0.00068      0.17   12.0   0.0    32    63    28    58     6    61 0.86 # 135 # 392 # 1 # ID=1024_2;partial=00;start_type=ATG;rbs_motif=GGAG/GAGG;rbs_spacer=5-10bp;gc_cont=0.407
NODE_917_length_4301_cov_4.625710_4     -            273 1827295at2           -             74      0.13   12.4   0.0   1   2    0.0035      0.86    9.8   0.0     8    31    98   123    87   138 0.78 # 2238 # 3056 # -1 # ID=917_4;partial=00;start_type=ATG;rbs_motif=AGGAG;rbs_spacer=5-10bp;gc_cont=0.276
NODE_917_length_4301_cov_4.625710_4     -            273 1827295at2           -             74      0.13   12.4   0.0   2   2       8.3     2e+03   -1.1   0.0    51    60   237   246   234   270 0.81 # 2238 # 3056 # -1 # ID=917_4;partial=00;start_type=ATG;rbs_motif=AGGAG;rbs_spacer=5-10bp;gc_cont=0.276
NODE_357_length_12677_cov_63.335238_3   -            118 1827295at2           -             74      0.13   12.4   0.0   1   1   0.00081       0.2   11.8   0.0    11    33     2    24     1    54 0.91 # 1235 # 1588 # -1 # ID=357_3;partial=00;start_type=ATG;rbs_motif=None;rbs_spacer=None;gc_cont=0.347
NODE_603_length_7411_cov_57.822198_1    -            558 1827295at2           -             74      0.13   12.3   0.0   1   1    0.0015      0.37   10.9   0.0     8    33   311   338   301   345 0.82 # 944 # 2617 # -1 # ID=603_1;partial=00;start_type=ATG;rbs_motif=GGA/GAG/AGG;rbs_spacer=5-10bp;gc_cont=0.446
NODE_345_length_13026_cov_123.397405_1  -            115 1827295at2           -             74      0.14   12.3   0.1   1   1   0.00096      0.24   11.6   0.1     9    33    14    38     2    43 0.80 # 3 # 347 # -1 # ID=345_1;partial=10;start_type=ATG;rbs_motif=None;rbs_spacer=None;gc_cont=0.403
NODE_396_length_11479_cov_127.876337_7  -            355 1827295at2           -             74      0.15   12.2   0.0   1   1    0.0013      0.32   11.1   0.0     4    34    26    56    21    66 0.81 # 8826 # 9890 # 1 # ID=396_7;partial=00;start_type=ATG;rbs_motif=None;rbs_spacer=None;gc_cont=0.440
NODE_580_length_7860_cov_309.232815_5   -            632 1827295at2           -             74      0.16   12.1   0.5   1   2      0.12        29    4.9   0.1     9    32    14    37     5    51 0.77 # 1645 # 3540 # -1 # ID=580_5;partial=00;start_type=ATG;rbs_motif=AGGA;rbs_spacer=5-10bp;gc_cont=0.444
NODE_580_length_7860_cov_309.232815_5   -            632 1827295at2           -             74      0.16   12.1   0.5   2   2      0.13        33    4.7   0.0     9    28   333   352   320   359 0.80 # 1645 # 3540 # -1 # ID=580_5;partial=00;start_type=ATG;rbs_motif=AGGA;rbs_spacer=5-10bp;gc_cont=0.444
NODE_2879_length_471_cov_64.753807_2    -             79 1827295at2           -             74      0.16   12.1   0.0   1   1   0.00087      0.21   11.7   0.0     5    26    17    39    10    50 0.81 # 233 # 469 # -1 # ID=2879_2;partial=01;start_type=Edge;rbs_motif=None;rbs_spacer=None;gc_cont=0.460
NODE_246_length_16487_cov_106.441012_2  -            374 1827295at2           -             74      0.17   12.1   0.0   1   1    0.0014      0.33   11.1   0.0     5    28    51    75    45    84 0.79 # 3072 # 4193 # 1 # ID=246_2;partial=00;start_type=ATG;rbs_motif=GGA/GAG/AGG;rbs_spacer=5-10bp;gc_cont=0.406
NODE_3274_length_396_cov_134.269592_1   -            132 1827295at2           -             74      0.19   11.9   0.0   1   1    0.0019      0.46   10.6   0.0    12    33     9    30     3    33 0.90 # 1 # 396 # -1 # ID=3274_1;partial=11;start_type=Edge;rbs_motif=None;rbs_spacer=None;gc_cont=0.480
NODE_1330_length_2179_cov_5.961941_1    -            142 1827295at2           -             74       0.2   11.8   0.0   1   1    0.0015      0.38   10.9   0.0     9    33    23    47    11    53 0.83 # 3 # 428 # -1 # ID=1330_1;partial=10;start_type=TTG;rbs_motif=None;rbs_spacer=None;gc_cont=0.263
NODE_409_length_11213_cov_97.335578_7   -            329 1827295at2           -             74       0.2   11.8   0.0   1   1    0.0028      0.69   10.1   0.0     9    33   128   152   107   159 0.86 # 6763 # 7749 # 1 # ID=409_7;partial=00;start_type=ATG;rbs_motif=None;rbs_spacer=None;gc_cont=0.462
NODE_23_length_50155_cov_86.760454_25   -            524 1827295at2           -             74       0.2   11.8   0.0   1   1     0.002       0.5   10.5   0.0     8    33    35    63    26    66 0.80 # 21301 # 22872 # -1 # ID=23_25;partial=00;start_type=ATG;rbs_motif=None;rbs_spacer=None;gc_cont=0.454
NODE_280_length_15220_cov_6.764446_2    -            441 1827295at2           -             74       0.2   11.8   0.0   1   1    0.0018      0.45   10.7   0.0     8    33    44    72    31    84 0.83 # 1398 # 2720 # -1 # ID=280_2;partial=00;start_type=ATG;rbs_motif=4Base/6BMM;rbs_spacer=13-15bp;gc_cont=0.303
NODE_15_length_56009_cov_125.295788_31  -            435 1827295at2           -             74       0.2   11.8   0.0   1   1    0.0022      0.53   10.4   0.0     3    30    18    45    12    52 0.83 # 20353 # 21657 # 1 # ID=15_31;partial=00;start_type=ATG;rbs_motif=GGAG/GAGG;rbs_spacer=5-10bp;gc_cont=0.389
NODE_506_length_9189_cov_83.240452_3    -            357 1827295at2           -             74      0.21   11.7   0.9   1   1    0.0023      0.56   10.3   0.0    11    33    16    38     6    50 0.83 # 1158 # 2228 # -1 # ID=506_3;partial=00;start_type=ATG;rbs_motif=AGGA;rbs_spacer=5-10bp;gc_cont=0.434
NODE_17_length_54641_cov_104.869236_1   -            355 1827295at2           -             74      0.21   11.7   0.0   1   3     0.017       4.1    7.6   0.1     9    29    25    45    14    51 0.82 # 163 # 1227 # -1 # ID=17_1;partial=00;start_type=ATG;rbs_motif=None;rbs_spacer=None;gc_cont=0.532
NODE_17_length_54641_cov_104.869236_1   -            355 1827295at2           -             74      0.21   11.7   0.0   2   3       9.4   2.3e+03   -1.2   0.0    28    45   141   155   137   157 0.77 # 163 # 1227 # -1 # ID=17_1;partial=00;start_type=ATG;rbs_motif=None;rbs_spacer=None;gc_cont=0.532
NODE_17_length_54641_cov_104.869236_1   -            355 1827295at2           -             74      0.21   11.7   0.0   3   3       5.9   1.4e+03   -0.6   0.0     9    31   258   280   244   291 0.77 # 163 # 1227 # -1 # ID=17_1;partial=00;start_type=ATG;rbs_motif=None;rbs_spacer=None;gc_cont=0.532
NODE_549_length_8442_cov_6.836461_3     -            286 1827295at2           -             74      0.22   11.7   0.2   1   2     0.005       1.2    9.3   0.1     8    29    28    50    19    58 0.82 # 1540 # 2397 # 1 # ID=549_3;partial=00;start_type=ATG;rbs_motif=None;rbs_spacer=None;gc_cont=0.326
NODE_549_length_8442_cov_6.836461_3     -            286 1827295at2           -             74      0.22   11.7   0.2   2   2         6   1.5e+03   -0.6   0.0    42    59   182   199   165   207 0.79 # 1540 # 2397 # 1 # ID=549_3;partial=00;start_type=ATG;rbs_motif=None;rbs_spacer=None;gc_cont=0.326
NODE_7_length_69274_cov_106.351663_57   -            343 1827295at2           -             74      0.25   11.5   0.0   1   1    0.0021       0.5   10.5   0.0     8    35    54    83    40    87 0.82 # 64639 # 65667 # -1 # ID=7_57;partial=00;start_type=GTG;rbs_motif=None;rbs_spacer=None;gc_cont=0.473
#
# Program:         hmmsearch
# Version:         3.1b2 (February 2015)
# Pipeline mode:   SEARCH
# Query file:      /home/mira/Bacteria2022/Thiomargarita_magnifica/qc_assembly/busco_trimmed/busco_downloads/lineages/bacteria_odb10/hmms/1827295at2.hmm
# Target file:     /home/mira/Bacteria2022/Thiomargarita_magnifica/qc_assembly/busco_trimmed/busco_trimmed/prodigal_output/predicted_genes/predicted.faa
# Option settings: hmmsearch --domtblout /home/mira/Bacteria2022/Thiomargarita_magnifica/qc_assembly/busco_trimmed/busco_trimmed/auto_lineage/run_bacteria_odb10/hmmer_output/1827295at2.out --cpu 1 /home/mira/Bacteria2022/Thiomargarita_magnifica/qc_assembly/busco_trimmed/busco_downloads/lineages/bacteria_odb10/hmms/1827295at2.hmm /home/mira/Bacteria2022/Thiomargarita_magnifica/qc_assembly/busco_trimmed/busco_trimmed/prodigal_output/predicted_genes/predicted.faa 
# Current dir:     /home/mira/Bacteria2022/Thiomargarita_magnifica/qc_assembly/busco_trimmed
# Date:            Tue Jul 12 13:35:04 2022
# [ok]
