#                                                                                              --- full sequence --- -------------- this domain -------------   hmm coord   ali coord   env coord
# target name                          accession   tlen query name           accession   qlen   E-value  score  bias   #  of  c-Evalue  i-Evalue  score  bias  from    to  from    to  from    to  acc description of target
#                  ------------------- ---------- ----- -------------------- ---------- ----- --------- ------ ----- --- --- --------- --------- ------ ----- ----- ----- ----- ----- ----- ----- ---- ---------------------
NODE_92_length_27424_cov_91.722602_5   -            183 1827334at2           -             97   5.9e-28   97.0   0.0   1   2   5.7e-28     2e-24   85.7   0.0     1    82     5    95     5   107 0.87 # 3308 # 3856 # -1 # ID=92_5;partial=00;start_type=ATG;rbs_motif=None;rbs_spacer=None;gc_cont=0.497
NODE_92_length_27424_cov_91.722602_5   -            183 1827334at2           -             97   5.9e-28   97.0   0.0   2   2   0.00027      0.95    9.8   0.0    72    87   112   141    96   153 0.67 # 3308 # 3856 # -1 # ID=92_5;partial=00;start_type=ATG;rbs_motif=None;rbs_spacer=None;gc_cont=0.497
NODE_229_length_17088_cov_9.517312_10  -            194 1827334at2           -             97   1.1e-14   54.5   0.1   1   2   5.2e-16   1.8e-12   47.4   0.0     2    65     7    79     6    93 0.84 # 6324 # 6905 # -1 # ID=229_10;partial=00;start_type=ATG;rbs_motif=AGGA/GGAG/GAGG;rbs_spacer=11-12bp;gc_cont=0.296
NODE_229_length_17088_cov_9.517312_10  -            194 1827334at2           -             97   1.1e-14   54.5   0.1   2   2     0.008        28    5.1   0.0    65    84   114   136   107   157 0.76 # 6324 # 6905 # -1 # ID=229_10;partial=00;start_type=ATG;rbs_motif=AGGA/GGAG/GAGG;rbs_spacer=11-12bp;gc_cont=0.296
NODE_138_length_23362_cov_86.455143_15 -            349 1827334at2           -             97     0.012   15.8   0.0   1   2      0.83   2.9e+03   -1.4   0.0    36    58    83   105    77   113 0.78 # 12602 # 13648 # 1 # ID=138_15;partial=00;start_type=GTG;rbs_motif=None;rbs_spacer=None;gc_cont=0.423
NODE_138_length_23362_cov_86.455143_15 -            349 1827334at2           -             97     0.012   15.8   0.0   2   2   1.7e-05     0.061   13.6   0.0    46    84   205   245   202   271 0.80 # 12602 # 13648 # 1 # ID=138_15;partial=00;start_type=GTG;rbs_motif=None;rbs_spacer=None;gc_cont=0.423
NODE_471_length_9929_cov_75.764109_9   -            294 1827334at2           -             97     0.045   14.0   0.0   1   2     0.076   2.7e+02    1.9   0.0     9    54     9    51     1    61 0.79 # 7585 # 8466 # -1 # ID=471_9;partial=00;start_type=GTG;rbs_motif=4Base/6BMM;rbs_spacer=13-15bp;gc_cont=0.368
NODE_471_length_9929_cov_75.764109_9   -            294 1827334at2           -             97     0.045   14.0   0.0   2   2    0.0003         1    9.7   0.0    64    83   176   195   166   210 0.86 # 7585 # 8466 # -1 # ID=471_9;partial=00;start_type=GTG;rbs_motif=4Base/6BMM;rbs_spacer=13-15bp;gc_cont=0.368
NODE_155_length_21809_cov_88.795877_11 -            304 1827334at2           -             97     0.073   13.4   0.0   1   2    0.0042        15    6.0   0.0    33    50   129   146   126   163 0.84 # 13477 # 14388 # -1 # ID=155_11;partial=00;start_type=ATG;rbs_motif=GGA/GAG/AGG;rbs_spacer=5-10bp;gc_cont=0.451
NODE_155_length_21809_cov_88.795877_11 -            304 1827334at2           -             97     0.073   13.4   0.0   2   2    0.0094        33    4.8   0.0    71    85   196   210   179   224 0.82 # 13477 # 14388 # -1 # ID=155_11;partial=00;start_type=ATG;rbs_motif=GGA/GAG/AGG;rbs_spacer=5-10bp;gc_cont=0.451
NODE_78_length_28659_cov_73.564411_16  -            307 1827334at2           -             97       0.2   11.9   0.0   1   1   0.00011      0.39   11.0   0.0    35    76     2    47     1    53 0.76 # 12425 # 13345 # 1 # ID=78_16;partial=00;start_type=ATG;rbs_motif=GGA/GAG/AGG;rbs_spacer=11-12bp;gc_cont=0.385
#
# Program:         hmmsearch
# Version:         3.1b2 (February 2015)
# Pipeline mode:   SEARCH
# Query file:      /home/mira/Bacteria2022/Thiomargarita_magnifica/qc_assembly/busco_trimmed/busco_downloads/lineages/bacteria_odb10/hmms/1827334at2.hmm
# Target file:     /home/mira/Bacteria2022/Thiomargarita_magnifica/qc_assembly/busco_trimmed/busco_trimmed/prodigal_output/predicted_genes/predicted.faa
# Option settings: hmmsearch --domtblout /home/mira/Bacteria2022/Thiomargarita_magnifica/qc_assembly/busco_trimmed/busco_trimmed/auto_lineage/run_bacteria_odb10/hmmer_output/1827334at2.out --cpu 1 /home/mira/Bacteria2022/Thiomargarita_magnifica/qc_assembly/busco_trimmed/busco_downloads/lineages/bacteria_odb10/hmms/1827334at2.hmm /home/mira/Bacteria2022/Thiomargarita_magnifica/qc_assembly/busco_trimmed/busco_trimmed/prodigal_output/predicted_genes/predicted.faa 
# Current dir:     /home/mira/Bacteria2022/Thiomargarita_magnifica/qc_assembly/busco_trimmed
# Date:            Tue Jul 12 13:35:05 2022
# [ok]
