#                                                                                            --- full sequence --- -------------- this domain -------------   hmm coord   ali coord   env coord
# target name                        accession   tlen query name           accession   qlen   E-value  score  bias   #  of  c-Evalue  i-Evalue  score  bias  from    to  from    to  from    to  acc description of target
#                ------------------- ---------- ----- -------------------- ---------- ----- --------- ------ ----- --- --- --------- --------- ------ ----- ----- ----- ----- ----- ----- ----- ---- ---------------------
NODE_741_length_5734_cov_98.729892_3 -            305 1842956at2           -             97   2.6e-10   40.6   1.1   1   3   5.1e-07    0.0036   17.7   0.0     8    35    47    78    43    94 0.77 # 4337 # 5251 # 1 # ID=741_3;partial=00;start_type=ATG;rbs_motif=None;rbs_spacer=None;gc_cont=0.388
NODE_741_length_5734_cov_98.729892_3 -            305 1842956at2           -             97   2.6e-10   40.6   1.1   2   3   4.5e-06     0.032   14.6   0.1    41    71   141   178   115   202 0.74 # 4337 # 5251 # 1 # ID=741_3;partial=00;start_type=ATG;rbs_motif=None;rbs_spacer=None;gc_cont=0.388
NODE_741_length_5734_cov_98.729892_3 -            305 1842956at2           -             97   2.6e-10   40.6   1.1   3   3    0.0044        31    5.1   0.0    51    94   244   290   220   293 0.67 # 4337 # 5251 # 1 # ID=741_3;partial=00;start_type=ATG;rbs_motif=None;rbs_spacer=None;gc_cont=0.388
NODE_1136_length_2851_cov_3.518385_3 -            212 1842956at2           -             97     1e-05   25.8   0.1   1   1   4.9e-07    0.0034   17.7   0.1     7    78    29   129    26   147 0.64 # 1439 # 2074 # -1 # ID=1136_3;partial=00;start_type=ATG;rbs_motif=None;rbs_spacer=None;gc_cont=0.261
NODE_5835_length_241_cov_0.902439_1  -             80 1842956at2           -             97   2.8e-05   24.5   0.0   1   3       1.5   1.1e+04   -3.1   0.0     2     9     5    12     4    15 0.74 # 1 # 240 # 1 # ID=5835_1;partial=11;start_type=Edge;rbs_motif=None;rbs_spacer=None;gc_cont=0.617
NODE_5835_length_241_cov_0.902439_1  -             80 1842956at2           -             97   2.8e-05   24.5   0.0   2   3   8.1e-08   0.00057   20.3   0.0     6    27    21    42    18    56 0.80 # 1 # 240 # 1 # ID=5835_1;partial=11;start_type=Edge;rbs_motif=None;rbs_spacer=None;gc_cont=0.617
NODE_5835_length_241_cov_0.902439_1  -             80 1842956at2           -             97   2.8e-05   24.5   0.0   3   3     0.039   2.8e+02    2.0   0.0    37    50    66    79    59    80 0.84 # 1 # 240 # 1 # ID=5835_1;partial=11;start_type=Edge;rbs_motif=None;rbs_spacer=None;gc_cont=0.617
#
# Program:         hmmsearch
# Version:         3.1b2 (February 2015)
# Pipeline mode:   SEARCH
# Query file:      /home/mira/Bacteria2022/Thiomargarita_magnifica/qc_assembly/busco_trimmed/busco_downloads/lineages/bacteria_odb10/hmms/1842956at2.hmm
# Target file:     /home/mira/Bacteria2022/Thiomargarita_magnifica/qc_assembly/busco_trimmed/busco_trimmed/prodigal_output/predicted_genes/predicted.faa
# Option settings: hmmsearch --domtblout /home/mira/Bacteria2022/Thiomargarita_magnifica/qc_assembly/busco_trimmed/busco_trimmed/auto_lineage/run_bacteria_odb10/hmmer_output/1842956at2.out --cpu 1 /home/mira/Bacteria2022/Thiomargarita_magnifica/qc_assembly/busco_trimmed/busco_downloads/lineages/bacteria_odb10/hmms/1842956at2.hmm /home/mira/Bacteria2022/Thiomargarita_magnifica/qc_assembly/busco_trimmed/busco_trimmed/prodigal_output/predicted_genes/predicted.faa 
# Current dir:     /home/mira/Bacteria2022/Thiomargarita_magnifica/qc_assembly/busco_trimmed
# Date:            Tue Jul 12 13:35:05 2022
# [ok]
