#                                                                                               --- full sequence --- -------------- this domain -------------   hmm coord   ali coord   env coord
# target name                           accession   tlen query name           accession   qlen   E-value  score  bias   #  of  c-Evalue  i-Evalue  score  bias  from    to  from    to  from    to  acc description of target
#                   ------------------- ---------- ----- -------------------- ---------- ----- --------- ------ ----- --- --- --------- --------- ------ ----- ----- ----- ----- ----- ----- ----- ---- ---------------------
NODE_18_length_54299_cov_99.117148_23   -            171 1846503at2           -            110   4.7e-38  129.7   0.1   1   1   1.6e-39   5.6e-36  123.0   0.1     2   107    15   147    14   149 0.84 # 26482 # 26994 # 1 # ID=18_23;partial=00;start_type=ATG;rbs_motif=None;rbs_spacer=None;gc_cont=0.450
NODE_461_length_10110_cov_5.829662_8    -            163 1846503at2           -            110   2.5e-35  120.9   0.7   1   1   5.1e-37   1.8e-33  114.9   0.7     2   107     6   137     5   139 0.86 # 6150 # 6638 # 1 # ID=461_8;partial=00;start_type=TTG;rbs_motif=AGGAG;rbs_spacer=5-10bp;gc_cont=0.335
NODE_529_length_8775_cov_8.020579_4     -            182 1846503at2           -            110   0.00035   20.6   0.1   1   1   2.2e-07   0.00076   19.5   0.1     2    33     3    36     2    93 0.88 # 3427 # 3972 # 1 # ID=529_4;partial=00;start_type=ATG;rbs_motif=AGGA/GGAG/GAGG;rbs_spacer=11-12bp;gc_cont=0.266
NODE_139_length_23326_cov_112.356230_14 -            471 1846503at2           -            110    0.0073   16.4   0.0   1   1   6.9e-06     0.024   14.7   0.0     3    35   339   371   337   380 0.90 # 15263 # 16675 # -1 # ID=139_14;partial=00;start_type=ATG;rbs_motif=None;rbs_spacer=None;gc_cont=0.482
NODE_359_length_12535_cov_63.123214_13  -            288 1846503at2           -            110      0.11   12.6   0.0   1   1     7e-05      0.25   11.5   0.0    12    36    34    58    24    62 0.87 # 5849 # 6712 # -1 # ID=359_13;partial=00;start_type=ATG;rbs_motif=None;rbs_spacer=None;gc_cont=0.444
NODE_143_length_22907_cov_96.905300_17  -            216 1846503at2           -            110       0.2   11.8   0.1   1   2    0.0002      0.71   10.0   0.1     3    20     8    25     6    91 0.83 # 11690 # 12337 # -1 # ID=143_17;partial=00;start_type=ATG;rbs_motif=3Base/5BMM;rbs_spacer=13-15bp;gc_cont=0.463
NODE_143_length_22907_cov_96.905300_17  -            216 1846503at2           -            110       0.2   11.8   0.1   2   2       1.1   3.8e+03   -2.0   0.0    86   107   167   188   146   190 0.74 # 11690 # 12337 # -1 # ID=143_17;partial=00;start_type=ATG;rbs_motif=3Base/5BMM;rbs_spacer=13-15bp;gc_cont=0.463
#
# Program:         hmmsearch
# Version:         3.1b2 (February 2015)
# Pipeline mode:   SEARCH
# Query file:      /home/mira/Bacteria2022/Thiomargarita_magnifica/qc_assembly/busco_trimmed/busco_downloads/lineages/bacteria_odb10/hmms/1846503at2.hmm
# Target file:     /home/mira/Bacteria2022/Thiomargarita_magnifica/qc_assembly/busco_trimmed/busco_trimmed/prodigal_output/predicted_genes/predicted.faa
# Option settings: hmmsearch --domtblout /home/mira/Bacteria2022/Thiomargarita_magnifica/qc_assembly/busco_trimmed/busco_trimmed/auto_lineage/run_bacteria_odb10/hmmer_output/1846503at2.out --cpu 1 /home/mira/Bacteria2022/Thiomargarita_magnifica/qc_assembly/busco_trimmed/busco_downloads/lineages/bacteria_odb10/hmms/1846503at2.hmm /home/mira/Bacteria2022/Thiomargarita_magnifica/qc_assembly/busco_trimmed/busco_trimmed/prodigal_output/predicted_genes/predicted.faa 
# Current dir:     /home/mira/Bacteria2022/Thiomargarita_magnifica/qc_assembly/busco_trimmed
# Date:            Tue Jul 12 13:35:05 2022
# [ok]
