#                                                                                             --- full sequence --- -------------- this domain -------------   hmm coord   ali coord   env coord
# target name                         accession   tlen query name           accession   qlen   E-value  score  bias   #  of  c-Evalue  i-Evalue  score  bias  from    to  from    to  from    to  acc description of target
#                 ------------------- ---------- ----- -------------------- ---------- ----- --------- ------ ----- --- --- --------- --------- ------ ----- ----- ----- ----- ----- ----- ----- ---- ---------------------
NODE_526_length_8838_cov_8.191759_3   -            223 1890943at2           -            107   7.9e-20   71.1   1.3   1   4     2e-15   2.1e-11   44.0   0.0     1    54    17    81    17    94 0.80 # 939 # 1607 # 1 # ID=526_3;partial=00;start_type=ATG;rbs_motif=AGGAG;rbs_spacer=5-10bp;gc_cont=0.303
NODE_526_length_8838_cov_8.191759_3   -            223 1890943at2           -            107   7.9e-20   71.1   1.3   2   4   1.4e-06     0.014   15.6   0.0    58    77   107   126   100   130 0.89 # 939 # 1607 # 1 # ID=526_3;partial=00;start_type=ATG;rbs_motif=AGGAG;rbs_spacer=5-10bp;gc_cont=0.303
NODE_526_length_8838_cov_8.191759_3   -            223 1890943at2           -            107   7.9e-20   71.1   1.3   3   4    0.0088        92    3.4   0.0    81    95   152   166   145   171 0.81 # 939 # 1607 # 1 # ID=526_3;partial=00;start_type=ATG;rbs_motif=AGGAG;rbs_spacer=5-10bp;gc_cont=0.303
NODE_526_length_8838_cov_8.191759_3   -            223 1890943at2           -            107   7.9e-20   71.1   1.3   4   4    0.0067        71    3.7   0.2    92   106   204   218   193   219 0.86 # 939 # 1607 # 1 # ID=526_3;partial=00;start_type=ATG;rbs_motif=AGGAG;rbs_spacer=5-10bp;gc_cont=0.303
NODE_283_length_15122_cov_92.341908_6 -            225 1890943at2           -            107   3.3e-19   69.1  10.4   1   4   5.9e-15   6.2e-11   42.5   0.0     3    57    20    87    18    91 0.82 # 4801 # 5475 # -1 # ID=283_6;partial=00;start_type=TTG;rbs_motif=None;rbs_spacer=None;gc_cont=0.474
NODE_283_length_15122_cov_92.341908_6 -            225 1890943at2           -            107   3.3e-19   69.1  10.4   2   4   1.4e-08   0.00015   22.0   0.1    55    79   104   128   100   151 0.80 # 4801 # 5475 # -1 # ID=283_6;partial=00;start_type=TTG;rbs_motif=None;rbs_spacer=None;gc_cont=0.474
NODE_283_length_15122_cov_92.341908_6 -            225 1890943at2           -            107   3.3e-19   69.1  10.4   3   4    0.0048        51    4.2   0.1    82   101   152   168   149   173 0.81 # 4801 # 5475 # -1 # ID=283_6;partial=00;start_type=TTG;rbs_motif=None;rbs_spacer=None;gc_cont=0.474
NODE_283_length_15122_cov_92.341908_6 -            225 1890943at2           -            107   3.3e-19   69.1  10.4   4   4    0.0035        37    4.6   0.9    93   106   205   218   202   219 0.91 # 4801 # 5475 # -1 # ID=283_6;partial=00;start_type=TTG;rbs_motif=None;rbs_spacer=None;gc_cont=0.474
#
# Program:         hmmsearch
# Version:         3.1b2 (February 2015)
# Pipeline mode:   SEARCH
# Query file:      /home/mira/Bacteria2022/Thiomargarita_magnifica/qc_assembly/busco_trimmed/busco_downloads/lineages/bacteria_odb10/hmms/1890943at2.hmm
# Target file:     /home/mira/Bacteria2022/Thiomargarita_magnifica/qc_assembly/busco_trimmed/busco_trimmed/prodigal_output/predicted_genes/predicted.faa
# Option settings: hmmsearch --domtblout /home/mira/Bacteria2022/Thiomargarita_magnifica/qc_assembly/busco_trimmed/busco_trimmed/auto_lineage/run_bacteria_odb10/hmmer_output/1890943at2.out --cpu 1 /home/mira/Bacteria2022/Thiomargarita_magnifica/qc_assembly/busco_trimmed/busco_downloads/lineages/bacteria_odb10/hmms/1890943at2.hmm /home/mira/Bacteria2022/Thiomargarita_magnifica/qc_assembly/busco_trimmed/busco_trimmed/prodigal_output/predicted_genes/predicted.faa 
# Current dir:     /home/mira/Bacteria2022/Thiomargarita_magnifica/qc_assembly/busco_trimmed
# Date:            Tue Jul 12 13:35:05 2022
# [ok]
