#                                                                                              --- full sequence --- -------------- this domain -------------   hmm coord   ali coord   env coord
# target name                          accession   tlen query name           accession   qlen   E-value  score  bias   #  of  c-Evalue  i-Evalue  score  bias  from    to  from    to  from    to  acc description of target
#                  ------------------- ---------- ----- -------------------- ---------- ----- --------- ------ ----- --- --- --------- --------- ------ ----- ----- ----- ----- ----- ----- ----- ---- ---------------------
NODE_59_length_33138_cov_86.800823_29  -            179 1937493at2           -            251   9.9e-40  137.0   4.9   1   1   4.4e-42   1.3e-38  133.3   4.9    91   250     3   177     1   178 0.94 # 29486 # 30022 # -1 # ID=59_29;partial=00;start_type=ATG;rbs_motif=GGA/GAG/AGG;rbs_spacer=11-12bp;gc_cont=0.439
NODE_1107_length_3023_cov_5.182960_2   -            177 1937493at2           -            251   4.5e-06   26.8   0.0   1   1   3.2e-09   9.6e-06   25.7   0.0    95   217     5   140     1   142 0.83 # 1372 # 1902 # -1 # ID=1107_2;partial=00;start_type=ATG;rbs_motif=GGA/GAG/AGG;rbs_spacer=5-10bp;gc_cont=0.267
NODE_322_length_13849_cov_60.323482_3  -            558 1937493at2           -            251   0.00036   20.5   0.4   1   1   2.2e-07   0.00065   19.7   0.4    23   141   214   330   198   376 0.84 # 2835 # 4508 # 1 # ID=322_3;partial=00;start_type=TTG;rbs_motif=None;rbs_spacer=None;gc_cont=0.402
NODE_200_length_18746_cov_65.357812_16 -            811 1937493at2           -            251    0.0005   20.1  11.3   1   2   0.00017       0.5   10.2   0.2    12   129   364   477   359   486 0.84 # 14606 # 17038 # 1 # ID=200_16;partial=00;start_type=ATG;rbs_motif=None;rbs_spacer=None;gc_cont=0.484
NODE_200_length_18746_cov_65.357812_16 -            811 1937493at2           -            251    0.0005   20.1  11.3   2   2   5.4e-05      0.16   11.8   6.5    78   169   533   620   503   657 0.82 # 14606 # 17038 # 1 # ID=200_16;partial=00;start_type=ATG;rbs_motif=None;rbs_spacer=None;gc_cont=0.484
NODE_608_length_7348_cov_191.961628_1  -            542 1937493at2           -            251    0.0081   16.1  21.7   1   3   5.9e-05      0.18   11.7   0.2    12   129   112   225   105   235 0.83 # 1 # 1626 # 1 # ID=608_1;partial=10;start_type=Edge;rbs_motif=None;rbs_spacer=None;gc_cont=0.464
NODE_608_length_7348_cov_191.961628_1  -            542 1937493at2           -            251    0.0081   16.1  21.7   2   3   5.2e-05      0.16   11.9   8.3    78   169   281   368   252   375 0.80 # 1 # 1626 # 1 # ID=608_1;partial=10;start_type=Edge;rbs_motif=None;rbs_spacer=None;gc_cont=0.464
NODE_608_length_7348_cov_191.961628_1  -            542 1937493at2           -            251    0.0081   16.1  21.7   3   3      0.16   4.8e+02    0.5   0.7   158   183   394   419   374   434 0.58 # 1 # 1626 # 1 # ID=608_1;partial=10;start_type=Edge;rbs_motif=None;rbs_spacer=None;gc_cont=0.464
NODE_920_length_4276_cov_84.447011_1   -            792 1937493at2           -            251    0.0082   16.1  19.4   1   3   0.00013       0.4   10.6   0.1    11   129   363   477   357   486 0.85 # 91 # 2466 # 1 # ID=920_1;partial=00;start_type=ATG;rbs_motif=None;rbs_spacer=None;gc_cont=0.450
NODE_920_length_4276_cov_84.447011_1   -            792 1937493at2           -            251    0.0082   16.1  19.4   2   3     8e-05      0.24   11.3   9.1    74   168   518   619   503   627 0.76 # 91 # 2466 # 1 # ID=920_1;partial=00;start_type=ATG;rbs_motif=None;rbs_spacer=None;gc_cont=0.450
NODE_920_length_4276_cov_84.447011_1   -            792 1937493at2           -            251    0.0082   16.1  19.4   3   3      0.36   1.1e+03   -0.7   0.2   116   148   634   668   621   675 0.71 # 91 # 2466 # 1 # ID=920_1;partial=00;start_type=ATG;rbs_motif=None;rbs_spacer=None;gc_cont=0.450
NODE_259_length_16059_cov_90.664998_11 -            233 1937493at2           -            251      0.74    9.7   3.8   1   1   0.00031      0.93    9.3   3.8    90   206   102   222    82   227 0.82 # 9419 # 10117 # 1 # ID=259_11;partial=00;start_type=ATG;rbs_motif=GGA/GAG/AGG;rbs_spacer=11-12bp;gc_cont=0.421
#
# Program:         hmmsearch
# Version:         3.1b2 (February 2015)
# Pipeline mode:   SEARCH
# Query file:      /home/mira/Bacteria2022/Thiomargarita_magnifica/qc_assembly/busco_trimmed/busco_downloads/lineages/bacteria_odb10/hmms/1937493at2.hmm
# Target file:     /home/mira/Bacteria2022/Thiomargarita_magnifica/qc_assembly/busco_trimmed/busco_trimmed/prodigal_output/predicted_genes/predicted.faa
# Option settings: hmmsearch --domtblout /home/mira/Bacteria2022/Thiomargarita_magnifica/qc_assembly/busco_trimmed/busco_trimmed/auto_lineage/run_bacteria_odb10/hmmer_output/1937493at2.out --cpu 1 /home/mira/Bacteria2022/Thiomargarita_magnifica/qc_assembly/busco_trimmed/busco_downloads/lineages/bacteria_odb10/hmms/1937493at2.hmm /home/mira/Bacteria2022/Thiomargarita_magnifica/qc_assembly/busco_trimmed/busco_trimmed/prodigal_output/predicted_genes/predicted.faa 
# Current dir:     /home/mira/Bacteria2022/Thiomargarita_magnifica/qc_assembly/busco_trimmed
# Date:            Tue Jul 12 13:35:05 2022
# [ok]
