#                                                                                              --- full sequence --- -------------- this domain -------------   hmm coord   ali coord   env coord
# target name                          accession   tlen query name           accession   qlen   E-value  score  bias   #  of  c-Evalue  i-Evalue  score  bias  from    to  from    to  from    to  acc description of target
#                  ------------------- ---------- ----- -------------------- ---------- ----- --------- ------ ----- --- --- --------- --------- ------ ----- ----- ----- ----- ----- ----- ----- ---- ---------------------
NODE_110_length_25588_cov_83.939281_12 -            230 1949059at2           -            105   1.1e-36  125.4   2.6   1   2   2.6e-40   1.1e-36  125.4   2.6     1   102     1   105     1   108 0.96 # 9808 # 10497 # -1 # ID=110_12;partial=00;start_type=ATG;rbs_motif=GGAG/GAGG;rbs_spacer=5-10bp;gc_cont=0.509
NODE_110_length_25588_cov_83.939281_12 -            230 1949059at2           -            105   1.1e-36  125.4   2.6   2   2       2.9   1.2e+04   -3.3   0.1    57    63   210   216   194   226 0.51 # 9808 # 10497 # -1 # ID=110_12;partial=00;start_type=ATG;rbs_motif=GGAG/GAGG;rbs_spacer=5-10bp;gc_cont=0.509
NODE_686_length_6447_cov_3.547567_5    -            100 1949059at2           -            105   3.5e-32  110.9   3.2   1   1   9.2e-36   3.9e-32  110.8   3.2     1   100     1    99     1    99 0.95 # 2334 # 2633 # -1 # ID=686_5;partial=00;start_type=ATG;rbs_motif=GGA/GAG/AGG;rbs_spacer=5-10bp;gc_cont=0.337
NODE_67_length_30937_cov_102.130525_16 -            123 1949059at2           -            105     0.063   13.7   0.4   1   2   0.00058       2.5    8.6   0.1     8    31    15    38    11    42 0.86 # 15630 # 15998 # -1 # ID=67_16;partial=00;start_type=TTG;rbs_motif=GGAG/GAGG;rbs_spacer=5-10bp;gc_cont=0.374
NODE_67_length_30937_cov_102.130525_16 -            123 1949059at2           -            105     0.063   13.7   0.4   2   2     0.024     1e+02    3.4   0.0    48    80    70   102    64   108 0.91 # 15630 # 15998 # -1 # ID=67_16;partial=00;start_type=TTG;rbs_motif=GGAG/GAGG;rbs_spacer=5-10bp;gc_cont=0.374
NODE_67_length_30937_cov_102.130525_22 -            123 1949059at2           -            105     0.063   13.7   0.4   1   2   0.00058       2.5    8.6   0.1     8    31    15    38    11    42 0.86 # 18368 # 18736 # -1 # ID=67_22;partial=00;start_type=TTG;rbs_motif=GGAG/GAGG;rbs_spacer=5-10bp;gc_cont=0.369
NODE_67_length_30937_cov_102.130525_22 -            123 1949059at2           -            105     0.063   13.7   0.4   2   2     0.024     1e+02    3.4   0.0    48    80    70   102    64   108 0.91 # 18368 # 18736 # -1 # ID=67_22;partial=00;start_type=TTG;rbs_motif=GGAG/GAGG;rbs_spacer=5-10bp;gc_cont=0.369
NODE_1507_length_1703_cov_52.936654_2  -            157 1949059at2           -            105      0.11   13.0   0.1   1   2   0.00015      0.62   10.5   0.1    30    79    64   113    57   118 0.90 # 324 # 794 # -1 # ID=1507_2;partial=00;start_type=ATG;rbs_motif=GGA/GAG/AGG;rbs_spacer=5-10bp;gc_cont=0.344
NODE_1507_length_1703_cov_52.936654_2  -            157 1949059at2           -            105      0.11   13.0   0.1   2   2       0.3   1.3e+03   -0.1   0.0    53    78   122   147   115   152 0.76 # 324 # 794 # -1 # ID=1507_2;partial=00;start_type=ATG;rbs_motif=GGA/GAG/AGG;rbs_spacer=5-10bp;gc_cont=0.344
#
# Program:         hmmsearch
# Version:         3.1b2 (February 2015)
# Pipeline mode:   SEARCH
# Query file:      /home/mira/Bacteria2022/Thiomargarita_magnifica/qc_assembly/busco_trimmed/busco_downloads/lineages/bacteria_odb10/hmms/1949059at2.hmm
# Target file:     /home/mira/Bacteria2022/Thiomargarita_magnifica/qc_assembly/busco_trimmed/busco_trimmed/prodigal_output/predicted_genes/predicted.faa
# Option settings: hmmsearch --domtblout /home/mira/Bacteria2022/Thiomargarita_magnifica/qc_assembly/busco_trimmed/busco_trimmed/auto_lineage/run_bacteria_odb10/hmmer_output/1949059at2.out --cpu 1 /home/mira/Bacteria2022/Thiomargarita_magnifica/qc_assembly/busco_trimmed/busco_downloads/lineages/bacteria_odb10/hmms/1949059at2.hmm /home/mira/Bacteria2022/Thiomargarita_magnifica/qc_assembly/busco_trimmed/busco_trimmed/prodigal_output/predicted_genes/predicted.faa 
# Current dir:     /home/mira/Bacteria2022/Thiomargarita_magnifica/qc_assembly/busco_trimmed
# Date:            Tue Jul 12 13:35:05 2022
# [ok]
