#                                                                                             --- full sequence --- -------------- this domain -------------   hmm coord   ali coord   env coord
# target name                         accession   tlen query name           accession   qlen   E-value  score  bias   #  of  c-Evalue  i-Evalue  score  bias  from    to  from    to  from    to  acc description of target
#                 ------------------- ---------- ----- -------------------- ---------- ----- --------- ------ ----- --- --- --------- --------- ------ ----- ----- ----- ----- ----- ----- ----- ---- ---------------------
NODE_431_length_10757_cov_50.525749_7 -             89 2005443at2           -             64   6.6e-19   68.3  19.5   1   2   5.9e-09   3.1e-05   24.5   9.7     1    39     1    45     1    52 0.85 # 5409 # 5675 # -1 # ID=431_7;partial=00;start_type=TTG;rbs_motif=AGGAG;rbs_spacer=5-10bp;gc_cont=0.461
NODE_431_length_10757_cov_50.525749_7 -             89 2005443at2           -             64   6.6e-19   68.3  19.5   2   2   4.5e-16   2.3e-12   47.3   3.7    28    64    50    86    43    86 0.90 # 5409 # 5675 # -1 # ID=431_7;partial=00;start_type=TTG;rbs_motif=AGGAG;rbs_spacer=5-10bp;gc_cont=0.461
NODE_83_length_28464_cov_7.089583_16  -             87 2005443at2           -             64   1.4e-12   48.0  16.5   1   2   1.1e-08   5.7e-05   23.7   8.1     1    42     1    44     1    50 0.82 # 12302 # 12562 # 1 # ID=83_16;partial=00;start_type=ATG;rbs_motif=GGAG/GAGG;rbs_spacer=5-10bp;gc_cont=0.333
NODE_83_length_28464_cov_7.089583_16  -             87 2005443at2           -             64   1.4e-12   48.0  16.5   2   2   2.2e-10   1.2e-06   29.1   1.9    30    64    52    86    46    86 0.89 # 12302 # 12562 # 1 # ID=83_16;partial=00;start_type=ATG;rbs_motif=GGAG/GAGG;rbs_spacer=5-10bp;gc_cont=0.333
NODE_5878_length_240_cov_0.907975_1   -             79 2005443at2           -             64   0.00055   20.5   5.8   1   1   1.4e-07   0.00073   20.1   5.8     2    34    44    78    43    79 0.88 # 3 # 239 # -1 # ID=5878_1;partial=11;start_type=Edge;rbs_motif=None;rbs_spacer=None;gc_cont=0.274
NODE_74_length_29736_cov_95.901379_17 -            120 2005443at2           -             64      0.24   12.0   1.5   1   4   0.00012      0.65   10.7   0.2     8    42    16    50    13    54 0.91 # 16231 # 16590 # -1 # ID=74_17;partial=00;start_type=GTG;rbs_motif=None;rbs_spacer=None;gc_cont=0.300
NODE_74_length_29736_cov_95.901379_17 -            120 2005443at2           -             64      0.24   12.0   1.5   2   4      0.48   2.5e+03   -0.8   0.0    31    47    63    79    57    84 0.66 # 16231 # 16590 # -1 # ID=74_17;partial=00;start_type=GTG;rbs_motif=None;rbs_spacer=None;gc_cont=0.300
NODE_74_length_29736_cov_95.901379_17 -            120 2005443at2           -             64      0.24   12.0   1.5   3   4       3.9   2.1e+04   -3.7   0.0    53    59    91    97    89   100 0.74 # 16231 # 16590 # -1 # ID=74_17;partial=00;start_type=GTG;rbs_motif=None;rbs_spacer=None;gc_cont=0.300
NODE_74_length_29736_cov_95.901379_17 -            120 2005443at2           -             64      0.24   12.0   1.5   4   4         4   2.1e+04   -3.9   0.0     5    11   110   116   108   117 0.64 # 16231 # 16590 # -1 # ID=74_17;partial=00;start_type=GTG;rbs_motif=None;rbs_spacer=None;gc_cont=0.300
#
# Program:         hmmsearch
# Version:         3.1b2 (February 2015)
# Pipeline mode:   SEARCH
# Query file:      /home/mira/Bacteria2022/Thiomargarita_magnifica/qc_assembly/busco_trimmed/busco_downloads/lineages/bacteria_odb10/hmms/2005443at2.hmm
# Target file:     /home/mira/Bacteria2022/Thiomargarita_magnifica/qc_assembly/busco_trimmed/busco_trimmed/prodigal_output/predicted_genes/predicted.faa
# Option settings: hmmsearch --domtblout /home/mira/Bacteria2022/Thiomargarita_magnifica/qc_assembly/busco_trimmed/busco_trimmed/auto_lineage/run_bacteria_odb10/hmmer_output/2005443at2.out --cpu 1 /home/mira/Bacteria2022/Thiomargarita_magnifica/qc_assembly/busco_trimmed/busco_downloads/lineages/bacteria_odb10/hmms/2005443at2.hmm /home/mira/Bacteria2022/Thiomargarita_magnifica/qc_assembly/busco_trimmed/busco_trimmed/prodigal_output/predicted_genes/predicted.faa 
# Current dir:     /home/mira/Bacteria2022/Thiomargarita_magnifica/qc_assembly/busco_trimmed
# Date:            Tue Jul 12 13:35:05 2022
# [ok]
