#                                                                                               --- full sequence --- -------------- this domain -------------   hmm coord   ali coord   env coord
# target name                           accession   tlen query name           accession   qlen   E-value  score  bias   #  of  c-Evalue  i-Evalue  score  bias  from    to  from    to  from    to  acc description of target
#                   ------------------- ---------- ----- -------------------- ---------- ----- --------- ------ ----- --- --- --------- --------- ------ ----- ----- ----- ----- ----- ----- ----- ---- ---------------------
NODE_1292_length_2287_cov_2.839367_2    -            438 219876at2            -            282   3.5e-75  253.2   8.4   1   1   2.3e-77   8.8e-75  251.9   8.4    13   276    97   414    88   419 0.83 # 398 # 1711 # -1 # ID=1292_2;partial=00;start_type=TTG;rbs_motif=AGGA;rbs_spacer=5-10bp;gc_cont=0.285
NODE_5198_length_257_cov_0.822222_1     -             85 219876at2            -            282   7.8e-08   32.2   4.4   1   1   1.2e-09   4.5e-07   29.7   4.4   171   238     2    85     1    85 0.74 # 2 # 256 # -1 # ID=5198_1;partial=11;start_type=Edge;rbs_motif=None;rbs_spacer=None;gc_cont=0.318
NODE_703_length_6233_cov_5.088044_2     -            399 219876at2            -            282   1.2e-06   28.3   0.1   1   1   5.3e-09     2e-06   27.6   0.1    48   111    38   107     5   134 0.80 # 823 # 2019 # 1 # ID=703_2;partial=00;start_type=ATG;rbs_motif=AGGA;rbs_spacer=5-10bp;gc_cont=0.270
NODE_268_length_15884_cov_174.277978_8  -            706 219876at2            -            282   4.9e-06   26.3   0.0   1   2    0.0013      0.47   10.0   0.0    50    77   214   241   207   251 0.87 # 6553 # 8670 # -1 # ID=268_8;partial=00;start_type=ATG;rbs_motif=GGA/GAG/AGG;rbs_spacer=5-10bp;gc_cont=0.473
NODE_268_length_15884_cov_174.277978_8  -            706 219876at2            -            282   4.9e-06   26.3   0.0   2   2    0.0001     0.038   13.6   0.0    50    78   487   515   480   530 0.91 # 6553 # 8670 # -1 # ID=268_8;partial=00;start_type=ATG;rbs_motif=GGA/GAG/AGG;rbs_spacer=5-10bp;gc_cont=0.473
NODE_7_length_69274_cov_106.351663_57   -            343 219876at2            -            282   7.7e-06   25.7   0.0   1   1   3.7e-08   1.4e-05   24.8   0.0    44   107    53   120    45   131 0.82 # 64639 # 65667 # -1 # ID=7_57;partial=00;start_type=GTG;rbs_motif=None;rbs_spacer=None;gc_cont=0.473
NODE_949_length_3995_cov_3.643441_4     -            412 219876at2            -            282     4e-05   23.3   0.0   1   1   1.8e-07   6.7e-05   22.6   0.0    47   108   123   188   106   199 0.77 # 2759 # 3994 # -1 # ID=949_4;partial=01;start_type=Edge;rbs_motif=None;rbs_spacer=None;gc_cont=0.321
NODE_712_length_6180_cov_4.722595_7     -             93 219876at2            -            282   6.1e-05   22.7   0.0   1   1   1.6e-07   6.1e-05   22.7   0.0    39    79    30    70     3    92 0.71 # 5900 # 6178 # 1 # ID=712_7;partial=01;start_type=ATG;rbs_motif=None;rbs_spacer=None;gc_cont=0.276
NODE_213_length_17918_cov_7.047867_2    -            674 219876at2            -            282   0.00018   21.2   0.0   1   2   0.00061      0.23   11.0   0.0    50    87   225   264   216   274 0.78 # 1105 # 3126 # 1 # ID=213_2;partial=00;start_type=ATG;rbs_motif=AGGA;rbs_spacer=5-10bp;gc_cont=0.343
NODE_213_length_17918_cov_7.047867_2    -            674 219876at2            -            282   0.00018   21.2   0.0   2   2    0.0068       2.6    7.6   0.0   121   197   331   404   319   468 0.73 # 1105 # 3126 # 1 # ID=213_2;partial=00;start_type=ATG;rbs_motif=AGGA;rbs_spacer=5-10bp;gc_cont=0.343
NODE_298_length_14674_cov_72.850860_8   -            914 219876at2            -            282    0.0029   17.2   0.2   1   2      0.03        11    5.4   0.1    80   122   240   281   232   290 0.90 # 10609 # 13350 # -1 # ID=298_8;partial=00;start_type=ATG;rbs_motif=GGA/GAG/AGG;rbs_spacer=5-10bp;gc_cont=0.332
NODE_298_length_14674_cov_72.850860_8   -            914 219876at2            -            282    0.0029   17.2   0.2   2   2    0.0025      0.93    9.0   0.0    39    70   452   481   419   501 0.87 # 10609 # 13350 # -1 # ID=298_8;partial=00;start_type=ATG;rbs_motif=GGA/GAG/AGG;rbs_spacer=5-10bp;gc_cont=0.332
NODE_343_length_13128_cov_120.578193_7  -             62 219876at2            -            282    0.0035   17.0   0.1   1   1   9.2e-06    0.0035   17.0   0.1    41    79     8    46     1    53 0.87 # 8927 # 9112 # 1 # ID=343_7;partial=00;start_type=ATG;rbs_motif=None;rbs_spacer=None;gc_cont=0.323
NODE_367_length_12354_cov_80.226847_4   -            352 219876at2            -            282    0.0038   16.8   0.0   1   1   1.7e-05    0.0063   16.1   0.0    11    71    19    80    13    83 0.81 # 3226 # 4281 # -1 # ID=367_4;partial=00;start_type=ATG;rbs_motif=GGAG/GAGG;rbs_spacer=5-10bp;gc_cont=0.428
NODE_58_length_33340_cov_59.493612_8    -            650 219876at2            -            282    0.0043   16.7   0.2   1   1   1.9e-05    0.0072   15.9   0.2   183   275   483   574   478   579 0.77 # 7173 # 9122 # 1 # ID=58_8;partial=00;start_type=ATG;rbs_motif=AGGA;rbs_spacer=5-10bp;gc_cont=0.468
NODE_181_length_19857_cov_95.601517_12  -            365 219876at2            -            282    0.0048   16.5   0.0   1   1   2.1e-05     0.008   15.8   0.0    37    68    24    51     9    60 0.82 # 16604 # 17698 # 1 # ID=181_12;partial=00;start_type=ATG;rbs_motif=GGA/GAG/AGG;rbs_spacer=5-10bp;gc_cont=0.416
NODE_367_length_12354_cov_80.226847_5   -            465 219876at2            -            282    0.0058   16.2   0.0   1   1   3.4e-05     0.013   15.1   0.0    15    71   137   193   126   196 0.82 # 4597 # 5991 # -1 # ID=367_5;partial=00;start_type=ATG;rbs_motif=None;rbs_spacer=None;gc_cont=0.429
NODE_1301_length_2243_cov_92.008772_4   -            155 219876at2            -            282    0.0064   16.1   0.0   1   1   2.9e-05     0.011   15.3   0.0    39    69    22    52     9    63 0.77 # 1779 # 2243 # 1 # ID=1301_4;partial=01;start_type=GTG;rbs_motif=GGAG/GAGG;rbs_spacer=5-10bp;gc_cont=0.411
NODE_759_length_5469_cov_16.317693_5    -            249 219876at2            -            282    0.0064   16.1   0.7   1   1   4.5e-05     0.017   14.7   0.7    42    83    97   141    83   209 0.70 # 2092 # 2838 # -1 # ID=759_5;partial=00;start_type=ATG;rbs_motif=AGGA;rbs_spacer=5-10bp;gc_cont=0.290
NODE_295_length_14789_cov_89.591286_1   -           1069 219876at2            -            282    0.0075   15.9   0.0   1   2     0.011       4.3    6.8   0.0    45    90   221   266   208   272 0.76 # 779 # 3985 # -1 # ID=295_1;partial=00;start_type=ATG;rbs_motif=None;rbs_spacer=None;gc_cont=0.467
NODE_295_length_14789_cov_89.591286_1   -           1069 219876at2            -            282    0.0075   15.9   0.0   2   2     0.016       6.1    6.3   0.0    49    69   485   505   480   526 0.86 # 779 # 3985 # -1 # ID=295_1;partial=00;start_type=ATG;rbs_motif=None;rbs_spacer=None;gc_cont=0.467
NODE_518_length_8917_cov_70.754186_9    -            321 219876at2            -            282    0.0077   15.8   0.2   1   2   5.6e-05     0.021   14.4   0.0    48    72    59    83    48    89 0.87 # 6485 # 7447 # -1 # ID=518_9;partial=00;start_type=ATG;rbs_motif=None;rbs_spacer=None;gc_cont=0.456
NODE_518_length_8917_cov_70.754186_9    -            321 219876at2            -            282    0.0077   15.8   0.2   2   2       6.5   2.5e+03   -2.2   0.0    95   116   146   171   138   187 0.63 # 6485 # 7447 # -1 # ID=518_9;partial=00;start_type=ATG;rbs_motif=None;rbs_spacer=None;gc_cont=0.456
NODE_3341_length_388_cov_1.189711_1     -            129 219876at2            -            282    0.0094   15.6   1.0   1   1   2.9e-05     0.011   15.3   1.0     4    82     2    74     1    89 0.77 # 2 # 388 # 1 # ID=3341_1;partial=11;start_type=Edge;rbs_motif=None;rbs_spacer=None;gc_cont=0.243
NODE_339_length_13407_cov_55.174344_7   -             75 219876at2            -            282     0.015   14.8   0.0   1   1   4.4e-05     0.017   14.7   0.0    46    70    16    40     5    59 0.81 # 5829 # 6053 # 1 # ID=339_7;partial=00;start_type=GTG;rbs_motif=AGGAG;rbs_spacer=5-10bp;gc_cont=0.444
NODE_5613_length_246_cov_1.751479_1     -             81 219876at2            -            282     0.017   14.7   0.0   1   1   4.7e-05     0.018   14.6   0.0    50    78     4    32     2    69 0.81 # 3 # 245 # -1 # ID=5613_1;partial=11;start_type=Edge;rbs_motif=None;rbs_spacer=None;gc_cont=0.399
NODE_1159_length_2762_cov_7.397765_1    -            848 219876at2            -            282     0.017   14.7   0.2   1   3         6   2.3e+03   -2.1   0.0    45    69    46    70    26    87 0.64 # 142 # 2685 # -1 # ID=1159_1;partial=00;start_type=ATG;rbs_motif=GGA/GAG/AGG;rbs_spacer=5-10bp;gc_cont=0.311
NODE_1159_length_2762_cov_7.397765_1    -            848 219876at2            -            282     0.017   14.7   0.2   2   3      0.62   2.3e+02    1.1   0.0   130   212   233   315   217   338 0.75 # 142 # 2685 # -1 # ID=1159_1;partial=00;start_type=ATG;rbs_motif=GGA/GAG/AGG;rbs_spacer=5-10bp;gc_cont=0.311
NODE_1159_length_2762_cov_7.397765_1    -            848 219876at2            -            282     0.017   14.7   0.2   3   3    0.0014      0.53    9.8   0.0    49    77   454   482   446   519 0.81 # 142 # 2685 # -1 # ID=1159_1;partial=00;start_type=ATG;rbs_motif=GGA/GAG/AGG;rbs_spacer=5-10bp;gc_cont=0.311
NODE_450_length_10332_cov_61.780497_4   -            293 219876at2            -            282     0.018   14.6   0.1   1   2   0.00038      0.14   11.7   0.0    33    69    20    55    14    88 0.83 # 4591 # 5469 # 1 # ID=450_4;partial=00;start_type=ATG;rbs_motif=None;rbs_spacer=None;gc_cont=0.447
NODE_450_length_10332_cov_61.780497_4   -            293 219876at2            -            282     0.018   14.6   0.1   2   2       2.1     8e+02   -0.6   0.0   144   174   202   232   176   245 0.72 # 4591 # 5469 # 1 # ID=450_4;partial=00;start_type=ATG;rbs_motif=None;rbs_spacer=None;gc_cont=0.447
NODE_9_length_62297_cov_83.669335_29    -            371 219876at2            -            282     0.018   14.6   0.0   1   1   8.3e-05     0.031   13.8   0.0    39    68    26    51     8    62 0.81 # 55204 # 56316 # 1 # ID=9_29;partial=00;start_type=ATG;rbs_motif=AGGA;rbs_spacer=5-10bp;gc_cont=0.389
NODE_2033_length_893_cov_3.900735_1     -            154 219876at2            -            282     0.023   14.3   0.0   1   1   7.8e-05     0.029   13.9   0.0    46    77    16    47     4    50 0.87 # 3 # 464 # -1 # ID=2033_1;partial=10;start_type=ATG;rbs_motif=AGGAG;rbs_spacer=5-10bp;gc_cont=0.387
NODE_651_length_6853_cov_82.239669_1    -             66 219876at2            -            282     0.024   14.2   0.0   1   1   6.4e-05     0.024   14.2   0.0    48    74    31    57     5    63 0.77 # 3 # 200 # -1 # ID=651_1;partial=10;start_type=ATG;rbs_motif=None;rbs_spacer=None;gc_cont=0.389
NODE_375_length_11934_cov_71.764780_1   -            103 219876at2            -            282     0.027   14.0   0.2   1   1   9.6e-05     0.036   13.6   0.2    47    69    30    52    26    58 0.90 # 771 # 1079 # 1 # ID=375_1;partial=00;start_type=ATG;rbs_motif=None;rbs_spacer=None;gc_cont=0.430
NODE_2_length_111158_cov_110.480244_7   -            181 219876at2            -            282     0.032   13.8   0.1   1   2   0.00026     0.098   12.2   0.0    48    79     5    36     1    43 0.88 # 21486 # 22028 # -1 # ID=2_7;partial=00;start_type=ATG;rbs_motif=GGA/GAG/AGG;rbs_spacer=5-10bp;gc_cont=0.444
NODE_2_length_111158_cov_110.480244_7   -            181 219876at2            -            282     0.032   13.8   0.1   2   2       2.6   9.8e+02   -0.9   0.0   195   218   148   167   101   176 0.60 # 21486 # 22028 # -1 # ID=2_7;partial=00;start_type=ATG;rbs_motif=GGA/GAG/AGG;rbs_spacer=5-10bp;gc_cont=0.444
NODE_27_length_45659_cov_80.773003_42   -            417 219876at2            -            282     0.037   13.6   0.0   1   1   0.00016     0.061   12.9   0.0    45    80    15    50     5    59 0.90 # 39110 # 40360 # 1 # ID=27_42;partial=00;start_type=ATG;rbs_motif=None;rbs_spacer=None;gc_cont=0.416
NODE_448_length_10393_cov_62.534703_5   -            358 219876at2            -            282      0.04   13.5   0.0   1   1   0.00027       0.1   12.2   0.0    40    72    17    47     6    53 0.83 # 3862 # 4935 # -1 # ID=448_5;partial=00;start_type=ATG;rbs_motif=GGA/GAG/AGG;rbs_spacer=5-10bp;gc_cont=0.475
NODE_2879_length_471_cov_64.753807_2    -             79 219876at2            -            282      0.04   13.5   0.0   1   1   0.00013     0.048   13.2   0.0    39    64    15    38     9    44 0.84 # 233 # 469 # -1 # ID=2879_2;partial=01;start_type=Edge;rbs_motif=None;rbs_spacer=None;gc_cont=0.460
NODE_324_length_13807_cov_114.849818_1  -            544 219876at2            -            282     0.042   13.4   0.1   1   2    0.0066       2.5    7.6   0.0    38    70   115   147   109   156 0.80 # 213 # 1844 # -1 # ID=324_1;partial=00;start_type=ATG;rbs_motif=None;rbs_spacer=None;gc_cont=0.430
NODE_324_length_13807_cov_114.849818_1  -            544 219876at2            -            282     0.042   13.4   0.1   2   2      0.21        81    2.6   0.0    89   116   193   221   186   233 0.84 # 213 # 1844 # -1 # ID=324_1;partial=00;start_type=ATG;rbs_motif=None;rbs_spacer=None;gc_cont=0.430
NODE_734_length_5871_cov_110.305834_1   -            227 219876at2            -            282     0.044   13.4   0.0   1   1   0.00024     0.091   12.3   0.0    46    67    32    53    18    58 0.88 # 645 # 1325 # 1 # ID=734_1;partial=00;start_type=ATG;rbs_motif=3Base/5BMM;rbs_spacer=13-15bp;gc_cont=0.460
NODE_45_length_39380_cov_109.213597_40  -            814 219876at2            -            282     0.046   13.3   0.0   1   1   0.00029      0.11   12.1   0.0     2    69   215   287   214   293 0.64 # 32783 # 35224 # -1 # ID=45_40;partial=00;start_type=ATG;rbs_motif=None;rbs_spacer=None;gc_cont=0.422
NODE_1805_length_1183_cov_134.517179_1  -            394 219876at2            -            282     0.049   13.2   0.0   1   1   0.00028       0.1   12.1   0.0    36    81    55   100    47   109 0.90 # 1 # 1182 # -1 # ID=1805_1;partial=11;start_type=Edge;rbs_motif=None;rbs_spacer=None;gc_cont=0.433
NODE_248_length_16435_cov_60.400293_14  -            332 219876at2            -            282      0.05   13.2   0.0   1   2       5.5   2.1e+03   -2.0   0.0   205   226   149   170   118   178 0.54 # 8747 # 9742 # -1 # ID=248_14;partial=00;start_type=ATG;rbs_motif=None;rbs_spacer=None;gc_cont=0.427
NODE_248_length_16435_cov_60.400293_14  -            332 219876at2            -            282      0.05   13.2   0.0   2   2   0.00042      0.16   11.5   0.0    16    65   218   265   204   273 0.86 # 8747 # 9742 # -1 # ID=248_14;partial=00;start_type=ATG;rbs_motif=None;rbs_spacer=None;gc_cont=0.427
NODE_103_length_26216_cov_134.883354_33 -            354 219876at2            -            282     0.051   13.1   1.3   1   2     0.036        14    5.2   0.2   166   219   116   166    99   170 0.83 # 22245 # 23306 # 1 # ID=103_33;partial=00;start_type=ATG;rbs_motif=3Base/5BMM;rbs_spacer=13-15bp;gc_cont=0.357
NODE_103_length_26216_cov_134.883354_33 -            354 219876at2            -            282     0.051   13.1   1.3   2   2     0.012       4.7    6.7   0.0    50    67   197   214   176   221 0.85 # 22245 # 23306 # 1 # ID=103_33;partial=00;start_type=ATG;rbs_motif=3Base/5BMM;rbs_spacer=13-15bp;gc_cont=0.357
NODE_56_length_33615_cov_117.891377_8   -            780 219876at2            -            282     0.058   13.0   0.1   1   2    0.0011      0.43   10.1   0.0    50    70   208   228   197   240 0.85 # 8826 # 11165 # -1 # ID=56_8;partial=00;start_type=ATG;rbs_motif=None;rbs_spacer=None;gc_cont=0.361
NODE_56_length_33615_cov_117.891377_8   -            780 219876at2            -            282     0.058   13.0   0.1   2   2       2.3   8.8e+02   -0.8   0.0   133   157   731   755   728   769 0.79 # 8826 # 11165 # -1 # ID=56_8;partial=00;start_type=ATG;rbs_motif=None;rbs_spacer=None;gc_cont=0.361
NODE_193_length_19211_cov_152.427041_5  -            486 219876at2            -            282     0.061   12.9   0.0   1   1   0.00032      0.12   11.9   0.0    36    70   310   344   301   364 0.86 # 8108 # 9565 # -1 # ID=193_5;partial=00;start_type=ATG;rbs_motif=None;rbs_spacer=None;gc_cont=0.399
NODE_7069_length_167_cov_176.644444_1   -             55 219876at2            -            282     0.066   12.8   0.0   1   1   0.00017     0.066   12.8   0.0    47    72    11    36     2    49 0.82 # 1 # 165 # 1 # ID=7069_1;partial=11;start_type=Edge;rbs_motif=None;rbs_spacer=None;gc_cont=0.412
NODE_590_length_7664_cov_88.329775_4    -            365 219876at2            -            282     0.072   12.6   0.1   1   1   0.00048      0.18   11.4   0.0    48    68    31    51    12    58 0.82 # 5213 # 6307 # 1 # ID=590_4;partial=00;start_type=ATG;rbs_motif=AGGA;rbs_spacer=5-10bp;gc_cont=0.407
NODE_4_length_93320_cov_88.288558_83    -            639 219876at2            -            282     0.076   12.6   0.0   1   1   0.00039      0.15   11.6   0.0    50    88   190   230   185   239 0.81 # 84125 # 86041 # 1 # ID=4_83;partial=00;start_type=GTG;rbs_motif=GGAG/GAGG;rbs_spacer=5-10bp;gc_cont=0.464
NODE_342_length_13153_cov_4.726369_10   -            695 219876at2            -            282     0.077   12.6   5.8   1   3     0.018       6.7    6.2   0.0    27    68   140   180   138   184 0.72 # 11067 # 13151 # -1 # ID=342_10;partial=01;start_type=Edge;rbs_motif=None;rbs_spacer=None;gc_cont=0.306
NODE_342_length_13153_cov_4.726369_10   -            695 219876at2            -            282     0.077   12.6   5.8   2   3      0.59   2.2e+02    1.2   0.1   146   228   296   369   282   375 0.73 # 11067 # 13151 # -1 # ID=342_10;partial=01;start_type=Edge;rbs_motif=None;rbs_spacer=None;gc_cont=0.306
NODE_342_length_13153_cov_4.726369_10   -            695 219876at2            -            282     0.077   12.6   5.8   3   3     0.028        11    5.5   0.1    40    81   433   471   426   483 0.81 # 11067 # 13151 # -1 # ID=342_10;partial=01;start_type=Edge;rbs_motif=None;rbs_spacer=None;gc_cont=0.306
NODE_119_length_25151_cov_101.586783_32 -            232 219876at2            -            282     0.082   12.5   0.1   1   1   0.00032      0.12   11.9   0.1    44    71    24    51    12    58 0.76 # 24287 # 24982 # -1 # ID=119_32;partial=00;start_type=ATG;rbs_motif=AGGAG(G)/GGAGG;rbs_spacer=13-15bp;gc_cont=0.486
NODE_424_length_10864_cov_6.500232_12   -             51 219876at2            -            282     0.092   12.3   0.0   1   1   0.00025     0.094   12.3   0.0    31    67     8    41     3    48 0.79 # 10710 # 10862 # 1 # ID=424_12;partial=01;start_type=ATG;rbs_motif=None;rbs_spacer=None;gc_cont=0.248
NODE_338_length_13428_cov_64.443862_8   -            619 219876at2            -            282     0.095   12.3   0.6   1   2       4.8   1.8e+03   -1.8   0.3   163   258    47   137    36   145 0.55 # 9106 # 10962 # 1 # ID=338_8;partial=00;start_type=ATG;rbs_motif=None;rbs_spacer=None;gc_cont=0.417
NODE_338_length_13428_cov_64.443862_8   -            619 219876at2            -            282     0.095   12.3   0.6   2   2   0.00065      0.25   10.9   0.0    30    73   163   208   156   211 0.87 # 9106 # 10962 # 1 # ID=338_8;partial=00;start_type=ATG;rbs_motif=None;rbs_spacer=None;gc_cont=0.417
NODE_281_length_15202_cov_103.070347_4  -            271 219876at2            -            282     0.096   12.2   0.0   1   1   0.00044      0.17   11.5   0.0    44    72    33    61    27    69 0.84 # 2057 # 2869 # 1 # ID=281_4;partial=00;start_type=ATG;rbs_motif=GGA/GAG/AGG;rbs_spacer=5-10bp;gc_cont=0.434
NODE_216_length_17763_cov_89.352313_13  -            286 219876at2            -            282     0.097   12.2   0.0   1   1    0.0004      0.15   11.6   0.0    31    70    70   109    65   128 0.87 # 12413 # 13270 # 1 # ID=216_13;partial=00;start_type=ATG;rbs_motif=GGA/GAG/AGG;rbs_spacer=5-10bp;gc_cont=0.460
NODE_1461_length_1805_cov_60.562500_2   -            222 219876at2            -            282      0.11   12.0   0.0   1   1    0.0005      0.19   11.3   0.0    49    78    25    54    19    61 0.83 # 1138 # 1803 # 1 # ID=1461_2;partial=01;start_type=ATG;rbs_motif=GGA/GAG/AGG;rbs_spacer=5-10bp;gc_cont=0.359
NODE_199_length_18903_cov_86.678902_15  -            103 219876at2            -            282      0.12   11.9   0.1   1   1   0.00043      0.16   11.5   0.1    47    69    30    52    25    57 0.90 # 17439 # 17747 # 1 # ID=199_15;partial=00;start_type=ATG;rbs_motif=AGGAG/GGAGG;rbs_spacer=11-12bp;gc_cont=0.408
NODE_3346_length_387_cov_73.935484_2    -             36 219876at2            -            282      0.13   11.8   0.0   1   1   0.00036      0.14   11.7   0.0    49    68    13    32     6    35 0.85 # 278 # 385 # 1 # ID=3346_2;partial=01;start_type=ATG;rbs_motif=4Base/6BMM;rbs_spacer=13-15bp;gc_cont=0.444
NODE_468_length_9977_cov_70.325657_1    -            199 219876at2            -            282      0.15   11.6   0.0   1   1   0.00053       0.2   11.2   0.0    48    74    31    57     7    71 0.80 # 3 # 599 # -1 # ID=468_1;partial=10;start_type=ATG;rbs_motif=None;rbs_spacer=None;gc_cont=0.414
NODE_58_length_33340_cov_59.493612_19   -             54 219876at2            -            282      0.17   11.5   0.0   1   1   0.00044      0.17   11.5   0.0    51    68    32    49     6    52 0.87 # 17746 # 17907 # 1 # ID=58_19;partial=00;start_type=ATG;rbs_motif=GGA/GAG/AGG;rbs_spacer=11-12bp;gc_cont=0.364
NODE_345_length_13026_cov_123.397405_13 -            369 219876at2            -            282      0.17   11.4   0.0   1   1   0.00086      0.32   10.5   0.0    45    68    19    42     8    48 0.80 # 9723 # 10829 # 1 # ID=345_13;partial=00;start_type=GTG;rbs_motif=GGAG/GAGG;rbs_spacer=5-10bp;gc_cont=0.390
NODE_357_length_12677_cov_63.335238_3   -            118 219876at2            -            282      0.19   11.2   0.5   1   1   0.00068      0.26   10.8   0.5    51   105     3    67     1    82 0.72 # 1235 # 1588 # -1 # ID=357_3;partial=00;start_type=ATG;rbs_motif=None;rbs_spacer=None;gc_cont=0.347
NODE_18_length_54299_cov_99.117148_28   -            807 219876at2            -            282      0.48   10.0   3.3   1   3      0.46   1.7e+02    1.6   0.6   134   218   164   244   136   252 0.85 # 31229 # 33649 # 1 # ID=18_28;partial=00;start_type=ATG;rbs_motif=GGAG/GAGG;rbs_spacer=5-10bp;gc_cont=0.442
NODE_18_length_54299_cov_99.117148_28   -            807 219876at2            -            282      0.48   10.0   3.3   2   3    0.0074       2.8    7.4   0.0    38    73   341   376   329   382 0.83 # 31229 # 33649 # 1 # ID=18_28;partial=00;start_type=ATG;rbs_motif=GGAG/GAGG;rbs_spacer=5-10bp;gc_cont=0.442
NODE_18_length_54299_cov_99.117148_28   -            807 219876at2            -            282      0.48   10.0   3.3   3   3       4.9   1.9e+03   -1.8   0.1   156   191   521   556   517   581 0.74 # 31229 # 33649 # 1 # ID=18_28;partial=00;start_type=ATG;rbs_motif=GGAG/GAGG;rbs_spacer=5-10bp;gc_cont=0.442
#
# Program:         hmmsearch
# Version:         3.1b2 (February 2015)
# Pipeline mode:   SEARCH
# Query file:      /home/mira/Bacteria2022/Thiomargarita_magnifica/qc_assembly/busco_trimmed/busco_downloads/lineages/bacteria_odb10/hmms/219876at2.hmm
# Target file:     /home/mira/Bacteria2022/Thiomargarita_magnifica/qc_assembly/busco_trimmed/busco_trimmed/prodigal_output/predicted_genes/predicted.faa
# Option settings: hmmsearch --domtblout /home/mira/Bacteria2022/Thiomargarita_magnifica/qc_assembly/busco_trimmed/busco_trimmed/auto_lineage/run_bacteria_odb10/hmmer_output/219876at2.out --cpu 1 /home/mira/Bacteria2022/Thiomargarita_magnifica/qc_assembly/busco_trimmed/busco_downloads/lineages/bacteria_odb10/hmms/219876at2.hmm /home/mira/Bacteria2022/Thiomargarita_magnifica/qc_assembly/busco_trimmed/busco_trimmed/prodigal_output/predicted_genes/predicted.faa 
# Current dir:     /home/mira/Bacteria2022/Thiomargarita_magnifica/qc_assembly/busco_trimmed
# Date:            Tue Jul 12 13:35:05 2022
# [ok]
