#                                                                                             --- full sequence --- -------------- this domain -------------   hmm coord   ali coord   env coord
# target name                         accession   tlen query name           accession   qlen   E-value  score  bias   #  of  c-Evalue  i-Evalue  score  bias  from    to  from    to  from    to  acc description of target
#                 ------------------- ---------- ----- -------------------- ---------- ----- --------- ------ ----- --- --- --------- --------- ------ ----- ----- ----- ----- ----- ----- ----- ---- ---------------------
NODE_1135_length_2856_cov_4.148974_2  -            736 26038at2             -            439   1.3e-94  317.7  12.4   1   4   5.6e-77   2.4e-73  247.7   4.6    14   261    26   356    13   361 0.78 # 340 # 2547 # -1 # ID=1135_2;partial=00;start_type=ATG;rbs_motif=GGA/GAG/AGG;rbs_spacer=5-10bp;gc_cont=0.369
NODE_1135_length_2856_cov_4.148974_2  -            736 26038at2             -            439   1.3e-94  317.7  12.4   2   4   3.7e-10   1.5e-06   27.5   0.1   284   322   452   490   438   499 0.90 # 340 # 2547 # -1 # ID=1135_2;partial=00;start_type=ATG;rbs_motif=GGA/GAG/AGG;rbs_spacer=5-10bp;gc_cont=0.369
NODE_1135_length_2856_cov_4.148974_2  -            736 26038at2             -            439   1.3e-94  317.7  12.4   3   4   1.9e-12   7.8e-09   35.1   0.0   317   392   516   600   508   607 0.79 # 340 # 2547 # -1 # ID=1135_2;partial=00;start_type=ATG;rbs_motif=GGA/GAG/AGG;rbs_spacer=5-10bp;gc_cont=0.369
NODE_1135_length_2856_cov_4.148974_2  -            736 26038at2             -            439   1.3e-94  317.7  12.4   4   4    0.0021       8.7    5.3   0.0   390   433   627   678   622   684 0.75 # 340 # 2547 # -1 # ID=1135_2;partial=00;start_type=ATG;rbs_motif=GGA/GAG/AGG;rbs_spacer=5-10bp;gc_cont=0.369
NODE_351_length_12851_cov_80.520667_1 -           1219 26038at2             -            439     5e-77  259.8  14.4   1   6   7.6e-14   3.2e-10   39.7   0.1    13    48   147   182   138   204 0.88 # 2 # 3658 # 1 # ID=351_1;partial=10;start_type=Edge;rbs_motif=None;rbs_spacer=None;gc_cont=0.483
NODE_351_length_12851_cov_80.520667_1 -           1219 26038at2             -            439     5e-77  259.8  14.4   2   6   2.1e-21   8.8e-18   64.6   0.8    49   100   210   268   196   277 0.83 # 2 # 3658 # 1 # ID=351_1;partial=10;start_type=Edge;rbs_motif=None;rbs_spacer=None;gc_cont=0.483
NODE_351_length_12851_cov_80.520667_1 -           1219 26038at2             -            439     5e-77  259.8  14.4   3   6     9e-29   3.8e-25   88.8   0.0   101   258   294   516   287   524 0.75 # 2 # 3658 # 1 # ID=351_1;partial=10;start_type=Edge;rbs_motif=None;rbs_spacer=None;gc_cont=0.483
NODE_351_length_12851_cov_80.520667_1 -           1219 26038at2             -            439     5e-77  259.8  14.4   4   6   8.5e-09   3.6e-05   23.0   0.6   284   326   623   665   609   671 0.86 # 2 # 3658 # 1 # ID=351_1;partial=10;start_type=Edge;rbs_motif=None;rbs_spacer=None;gc_cont=0.483
NODE_351_length_12851_cov_80.520667_1 -           1219 26038at2             -            439     5e-77  259.8  14.4   5   6     2e-09   8.4e-06   25.1   0.0   316   390   689   778   681   784 0.78 # 2 # 3658 # 1 # ID=351_1;partial=10;start_type=Edge;rbs_motif=None;rbs_spacer=None;gc_cont=0.483
NODE_351_length_12851_cov_80.520667_1 -           1219 26038at2             -            439     5e-77  259.8  14.4   6   6   1.1e-06    0.0045   16.1   0.0   389   418   806   835   795   864 0.75 # 2 # 3658 # 1 # ID=351_1;partial=10;start_type=Edge;rbs_motif=None;rbs_spacer=None;gc_cont=0.483
NODE_5692_length_244_cov_1.772455_1   -             81 26038at2             -            439   1.3e-11   44.2   0.6   1   1   2.5e-14   1.1e-10   41.2   0.6   149   201     1    75     1    78 0.78 # 1 # 243 # 1 # ID=5692_1;partial=11;start_type=Edge;rbs_motif=None;rbs_spacer=None;gc_cont=0.399
NODE_5998_length_237_cov_0.925000_1   -             78 26038at2             -            439   8.1e-09   35.0   0.6   1   2    0.0043        18    4.2   0.1   174   185     1    12     1    16 0.91 # 2 # 235 # -1 # ID=5998_1;partial=11;start_type=Edge;rbs_motif=None;rbs_spacer=None;gc_cont=0.466
NODE_5998_length_237_cov_0.925000_1   -             78 26038at2             -            439   8.1e-09   35.0   0.6   2   2   8.6e-11   3.6e-07   29.6   0.0   185   225    30    77    25    78 0.86 # 2 # 235 # -1 # ID=5998_1;partial=11;start_type=Edge;rbs_motif=None;rbs_spacer=None;gc_cont=0.466
NODE_4925_length_264_cov_2.770053_1   -             87 26038at2             -            439     0.076   12.1   0.0   1   1   1.8e-05     0.076   12.1   0.0   283   305    64    86    13    87 0.88 # 2 # 262 # -1 # ID=4925_1;partial=11;start_type=Edge;rbs_motif=None;rbs_spacer=None;gc_cont=0.330
#
# Program:         hmmsearch
# Version:         3.1b2 (February 2015)
# Pipeline mode:   SEARCH
# Query file:      /home/mira/Bacteria2022/Thiomargarita_magnifica/qc_assembly/busco_trimmed/busco_downloads/lineages/bacteria_odb10/hmms/26038at2.hmm
# Target file:     /home/mira/Bacteria2022/Thiomargarita_magnifica/qc_assembly/busco_trimmed/busco_trimmed/prodigal_output/predicted_genes/predicted.faa
# Option settings: hmmsearch --domtblout /home/mira/Bacteria2022/Thiomargarita_magnifica/qc_assembly/busco_trimmed/busco_trimmed/auto_lineage/run_bacteria_odb10/hmmer_output/26038at2.out --cpu 1 /home/mira/Bacteria2022/Thiomargarita_magnifica/qc_assembly/busco_trimmed/busco_downloads/lineages/bacteria_odb10/hmms/26038at2.hmm /home/mira/Bacteria2022/Thiomargarita_magnifica/qc_assembly/busco_trimmed/busco_trimmed/prodigal_output/predicted_genes/predicted.faa 
# Current dir:     /home/mira/Bacteria2022/Thiomargarita_magnifica/qc_assembly/busco_trimmed
# Date:            Tue Jul 12 13:35:05 2022
# [ok]
