#                                                                                               --- full sequence --- -------------- this domain -------------   hmm coord   ali coord   env coord
# target name                           accession   tlen query name           accession   qlen   E-value  score  bias   #  of  c-Evalue  i-Evalue  score  bias  from    to  from    to  from    to  acc description of target
#                   ------------------- ---------- ----- -------------------- ---------- ----- --------- ------ ----- --- --- --------- --------- ------ ----- ----- ----- ----- ----- ----- ----- ---- ---------------------
NODE_714_length_6147_cov_81.665074_6    -            506 267682at2            -            304   1.7e-78  264.0   8.8   1   2   1.5e-14   2.6e-11   43.4   0.4     7    76    15   117     2   138 0.77 # 4456 # 5973 # 1 # ID=714_6;partial=00;start_type=ATG;rbs_motif=AGGAG/GGAGG;rbs_spacer=11-12bp;gc_cont=0.444
NODE_714_length_6147_cov_81.665074_6    -            506 267682at2            -            304   1.7e-78  264.0   8.8   2   2     8e-67   1.4e-63  215.0   2.8    83   295   162   444   135   452 0.82 # 4456 # 5973 # 1 # ID=714_6;partial=00;start_type=ATG;rbs_motif=AGGAG/GGAGG;rbs_spacer=11-12bp;gc_cont=0.444
NODE_542_length_8534_cov_5.967364_4     -            452 267682at2            -            304   3.1e-78  263.1   2.2   1   2    0.0028         5    6.3   0.1    10    29    18    37    11    61 0.78 # 1917 # 3272 # 1 # ID=542_4;partial=00;start_type=ATG;rbs_motif=AGGA;rbs_spacer=5-10bp;gc_cont=0.335
NODE_542_length_8534_cov_5.967364_4     -            452 267682at2            -            304   3.1e-78  263.1   2.2   2   2   2.4e-74   4.2e-71  239.7   0.4    32   302    65   439    56   441 0.80 # 1917 # 3272 # 1 # ID=542_4;partial=00;start_type=ATG;rbs_motif=AGGA;rbs_spacer=5-10bp;gc_cont=0.335
NODE_345_length_13026_cov_123.397405_4  -            668 267682at2            -            304   7.1e-05   22.2   0.0   1   1   3.5e-07   0.00061   19.2   0.0    12   122    24   166    16   177 0.75 # 1769 # 3772 # -1 # ID=345_4;partial=00;start_type=ATG;rbs_motif=GGA/GAG/AGG;rbs_spacer=5-10bp;gc_cont=0.385
NODE_297_length_14745_cov_62.853082_7   -            612 267682at2            -            304   0.00088   18.6   0.1   1   3      0.14   2.5e+02    0.8   0.0     7    29    15    37    11    44 0.85 # 5480 # 7315 # -1 # ID=297_7;partial=00;start_type=ATG;rbs_motif=AGGA;rbs_spacer=5-10bp;gc_cont=0.455
NODE_297_length_14745_cov_62.853082_7   -            612 267682at2            -            304   0.00088   18.6   0.1   2   3     2e-05     0.035   13.4   0.1    30   141    63   196    47   203 0.79 # 5480 # 7315 # -1 # ID=297_7;partial=00;start_type=ATG;rbs_motif=AGGA;rbs_spacer=5-10bp;gc_cont=0.455
NODE_297_length_14745_cov_62.853082_7   -            612 267682at2            -            304   0.00088   18.6   0.1   3   3      0.98   1.7e+03   -2.0   0.0   161   188   364   390   355   394 0.80 # 5480 # 7315 # -1 # ID=297_7;partial=00;start_type=ATG;rbs_motif=AGGA;rbs_spacer=5-10bp;gc_cont=0.455
NODE_23_length_50155_cov_86.760454_35   -            231 267682at2            -            304    0.0019   17.5   0.0   1   1   1.7e-06    0.0029   16.9   0.0   221   259   141   179   130   183 0.90 # 33409 # 34101 # -1 # ID=23_35;partial=00;start_type=ATG;rbs_motif=None;rbs_spacer=None;gc_cont=0.459
NODE_20_length_51286_cov_85.420844_10   -            215 267682at2            -            304     0.014   14.7   0.1   1   1   1.2e-05     0.021   14.1   0.1   227   261   119   153   111   180 0.92 # 3534 # 4178 # -1 # ID=20_10;partial=00;start_type=ATG;rbs_motif=GGA/GAG/AGG;rbs_spacer=5-10bp;gc_cont=0.448
NODE_863_length_4663_cov_5.878761_3     -            604 267682at2            -            304     0.017   14.4   0.0   1   2     0.033        58    2.8   0.0     9    29    17    37    12    59 0.85 # 858 # 2669 # 1 # ID=863_3;partial=00;start_type=ATG;rbs_motif=GGA/GAG/AGG;rbs_spacer=5-10bp;gc_cont=0.332
NODE_863_length_4663_cov_5.878761_3     -            604 267682at2            -            304     0.017   14.4   0.0   2   2   0.00042      0.73    9.1   0.0    36    73    72   116    51   138 0.81 # 858 # 2669 # 1 # ID=863_3;partial=00;start_type=ATG;rbs_motif=GGA/GAG/AGG;rbs_spacer=5-10bp;gc_cont=0.332
NODE_2522_length_577_cov_1.492000_1     -            191 267682at2            -            304     0.019   14.3   0.1   1   2     0.042        73    2.5   0.0     7    29    17    39    14    47 0.78 # 3 # 575 # -1 # ID=2522_1;partial=11;start_type=Edge;rbs_motif=None;rbs_spacer=None;gc_cont=0.276
NODE_2522_length_577_cov_1.492000_1     -            191 267682at2            -            304     0.019   14.3   0.1   2   2   0.00027      0.47    9.7   0.1    37    74    81   126    68   137 0.79 # 3 # 575 # -1 # ID=2522_1;partial=11;start_type=Edge;rbs_motif=None;rbs_spacer=None;gc_cont=0.276
NODE_220_length_17660_cov_139.384860_14 -            181 267682at2            -            304     0.027   13.8   0.0   1   1   0.00042      0.74    9.0   0.0    53    79    42    68     1   164 0.63 # 10842 # 11384 # 1 # ID=220_14;partial=00;start_type=TTG;rbs_motif=None;rbs_spacer=None;gc_cont=0.414
NODE_338_length_13428_cov_64.443862_9   -            228 267682at2            -            304      0.04   13.2   0.0   1   1   2.9e-05     0.051   12.8   0.0   199   261   159   221   141   226 0.79 # 11025 # 11708 # -1 # ID=338_9;partial=00;start_type=ATG;rbs_motif=AGGA/GGAG/GAGG;rbs_spacer=11-12bp;gc_cont=0.437
NODE_2_length_111158_cov_110.480244_97  -            609 267682at2            -            304      0.12   11.7   0.0   1   1    0.0003      0.53    9.5   0.0    14    74    24    88    15   171 0.66 # 106456 # 108282 # 1 # ID=2_97;partial=00;start_type=ATG;rbs_motif=AGGA;rbs_spacer=5-10bp;gc_cont=0.430
NODE_6190_length_232_cov_0.954839_1     -             77 267682at2            -            304      0.12   11.6   0.1   1   1   0.00017       0.3   10.3   0.1    40    74     2    44     1    66 0.66 # 2 # 232 # -1 # ID=6190_1;partial=11;start_type=Edge;rbs_motif=None;rbs_spacer=None;gc_cont=0.532
#
# Program:         hmmsearch
# Version:         3.1b2 (February 2015)
# Pipeline mode:   SEARCH
# Query file:      /home/mira/Bacteria2022/Thiomargarita_magnifica/qc_assembly/busco_trimmed/busco_downloads/lineages/bacteria_odb10/hmms/267682at2.hmm
# Target file:     /home/mira/Bacteria2022/Thiomargarita_magnifica/qc_assembly/busco_trimmed/busco_trimmed/prodigal_output/predicted_genes/predicted.faa
# Option settings: hmmsearch --domtblout /home/mira/Bacteria2022/Thiomargarita_magnifica/qc_assembly/busco_trimmed/busco_trimmed/auto_lineage/run_bacteria_odb10/hmmer_output/267682at2.out --cpu 1 /home/mira/Bacteria2022/Thiomargarita_magnifica/qc_assembly/busco_trimmed/busco_downloads/lineages/bacteria_odb10/hmms/267682at2.hmm /home/mira/Bacteria2022/Thiomargarita_magnifica/qc_assembly/busco_trimmed/busco_trimmed/prodigal_output/predicted_genes/predicted.faa 
# Current dir:     /home/mira/Bacteria2022/Thiomargarita_magnifica/qc_assembly/busco_trimmed
# Date:            Tue Jul 12 13:35:05 2022
# [ok]
