#                                                                                               --- full sequence --- -------------- this domain -------------   hmm coord   ali coord   env coord
# target name                           accession   tlen query name           accession   qlen   E-value  score  bias   #  of  c-Evalue  i-Evalue  score  bias  from    to  from    to  from    to  acc description of target
#                   ------------------- ---------- ----- -------------------- ---------- ----- --------- ------ ----- --- --- --------- --------- ------ ----- ----- ----- ----- ----- ----- ----- ---- ---------------------
NODE_94_length_27185_cov_96.983437_24   -            516 505485at2            -            234   6.7e-65  219.3  16.3   1   3   7.7e-22   1.8e-18   67.3   0.5     2    60   118   187   117   199 0.85 # 23695 # 25242 # -1 # ID=94_24;partial=00;start_type=ATG;rbs_motif=AGxAG;rbs_spacer=11-12bp;gc_cont=0.477
NODE_94_length_27185_cov_96.983437_24   -            516 505485at2            -            234   6.7e-65  219.3  16.3   2   3   5.7e-32   1.3e-28  100.5   2.8    49   149   198   326   195   329 0.84 # 23695 # 25242 # -1 # ID=94_24;partial=00;start_type=ATG;rbs_motif=AGxAG;rbs_spacer=11-12bp;gc_cont=0.477
NODE_94_length_27185_cov_96.983437_24   -            516 505485at2            -            234   6.7e-65  219.3  16.3   3   3   3.8e-18   8.8e-15   55.2   0.8   148   234   344   471   338   471 0.82 # 23695 # 25242 # -1 # ID=94_24;partial=00;start_type=ATG;rbs_motif=AGxAG;rbs_spacer=11-12bp;gc_cont=0.477
NODE_1603_length_1497_cov_3.588028_1    -            372 505485at2            -            234   2.6e-53  181.3   5.6   1   3   3.5e-21   8.3e-18   65.1   0.4     4    68    76   150    73   159 0.85 # 3 # 1118 # -1 # ID=1603_1;partial=10;start_type=ATG;rbs_motif=AGGA;rbs_spacer=5-10bp;gc_cont=0.327
NODE_1603_length_1497_cov_3.588028_1    -            372 505485at2            -            234   2.6e-53  181.3   5.6   2   3   1.3e-29   3.1e-26   92.7   0.7    58   141   165   270   144   284 0.79 # 3 # 1118 # -1 # ID=1603_1;partial=10;start_type=ATG;rbs_motif=AGGA;rbs_spacer=5-10bp;gc_cont=0.327
NODE_1603_length_1497_cov_3.588028_1    -            372 505485at2            -            234   2.6e-53  181.3   5.6   3   3   1.7e-08     4e-05   23.6   0.0   146   199   296   372   282   372 0.78 # 3 # 1118 # -1 # ID=1603_1;partial=10;start_type=ATG;rbs_motif=AGGA;rbs_spacer=5-10bp;gc_cont=0.327
NODE_1462_length_1804_cov_4.976259_1    -             73 505485at2            -            234     0.036   14.0   0.0   1   1   1.9e-05     0.044   13.7   0.0   205   233    14    47     7    48 0.87 # 1 # 219 # 1 # ID=1462_1;partial=10;start_type=Edge;rbs_motif=None;rbs_spacer=None;gc_cont=0.333
NODE_580_length_7860_cov_309.232815_5   -            632 505485at2            -            234      0.04   13.8   0.0   1   2     0.063   1.5e+02    2.1   0.0    20    45    15    40    12    48 0.82 # 1645 # 3540 # -1 # ID=580_5;partial=00;start_type=ATG;rbs_motif=AGGA;rbs_spacer=5-10bp;gc_cont=0.444
NODE_580_length_7860_cov_309.232815_5   -            632 505485at2            -            234      0.04   13.8   0.0   2   2   0.00047       1.1    9.1   0.0    20    53   334   367   329   380 0.88 # 1645 # 3540 # -1 # ID=580_5;partial=00;start_type=ATG;rbs_motif=AGGA;rbs_spacer=5-10bp;gc_cont=0.444
NODE_55_length_33773_cov_98.220264_19   -            594 505485at2            -            234     0.052   13.4   0.0   1   1   3.7e-05     0.087   12.7   0.0     7    38   293   323   287   325 0.78 # 23789 # 25570 # 1 # ID=55_19;partial=00;start_type=ATG;rbs_motif=AGGAG;rbs_spacer=5-10bp;gc_cont=0.440
NODE_4780_length_268_cov_249.345550_1   -             89 505485at2            -            234       0.1   12.5   0.0   1   1   4.9e-05      0.12   12.3   0.0    11    60    27    76    15    84 0.84 # 1 # 267 # -1 # ID=4780_1;partial=11;start_type=Edge;rbs_motif=None;rbs_spacer=None;gc_cont=0.494
NODE_657_length_6771_cov_73.927995_8    -            123 505485at2            -            234       0.1   12.5   0.0   1   1   5.5e-05      0.13   12.2   0.0    19    49    27    57    19    93 0.82 # 6245 # 6613 # 1 # ID=657_8;partial=00;start_type=ATG;rbs_motif=None;rbs_spacer=None;gc_cont=0.317
NODE_4402_length_280_cov_0.729064_1     -             93 505485at2            -            234      0.15   12.0   0.1   1   1   8.4e-05       0.2   11.6   0.1    19    44    20    45    14    53 0.88 # 2 # 280 # 1 # ID=4402_1;partial=11;start_type=Edge;rbs_motif=None;rbs_spacer=None;gc_cont=0.394
NODE_154_length_21873_cov_143.912782_16 -            535 505485at2            -            234      0.18   11.7   1.8   1   3    0.0073        17    5.2   0.1    17    36    28    47    22    78 0.90 # 18630 # 20234 # -1 # ID=154_16;partial=00;start_type=ATG;rbs_motif=GGA/GAG/AGG;rbs_spacer=5-10bp;gc_cont=0.512
NODE_154_length_21873_cov_143.912782_16 -            535 505485at2            -            234      0.18   11.7   1.8   2   3     0.013        31    4.4   0.1    15    37   304   326   293   332 0.85 # 18630 # 20234 # -1 # ID=154_16;partial=00;start_type=ATG;rbs_motif=GGA/GAG/AGG;rbs_spacer=5-10bp;gc_cont=0.512
NODE_154_length_21873_cov_143.912782_16 -            535 505485at2            -            234      0.18   11.7   1.8   3   3      0.68   1.6e+03   -1.2   0.0   189   218   470   499   449   504 0.82 # 18630 # 20234 # -1 # ID=154_16;partial=00;start_type=ATG;rbs_motif=GGA/GAG/AGG;rbs_spacer=5-10bp;gc_cont=0.512
#
# Program:         hmmsearch
# Version:         3.1b2 (February 2015)
# Pipeline mode:   SEARCH
# Query file:      /home/mira/Bacteria2022/Thiomargarita_magnifica/qc_assembly/busco_trimmed/busco_downloads/lineages/bacteria_odb10/hmms/505485at2.hmm
# Target file:     /home/mira/Bacteria2022/Thiomargarita_magnifica/qc_assembly/busco_trimmed/busco_trimmed/prodigal_output/predicted_genes/predicted.faa
# Option settings: hmmsearch --domtblout /home/mira/Bacteria2022/Thiomargarita_magnifica/qc_assembly/busco_trimmed/busco_trimmed/auto_lineage/run_bacteria_odb10/hmmer_output/505485at2.out --cpu 1 /home/mira/Bacteria2022/Thiomargarita_magnifica/qc_assembly/busco_trimmed/busco_downloads/lineages/bacteria_odb10/hmms/505485at2.hmm /home/mira/Bacteria2022/Thiomargarita_magnifica/qc_assembly/busco_trimmed/busco_trimmed/prodigal_output/predicted_genes/predicted.faa 
# Current dir:     /home/mira/Bacteria2022/Thiomargarita_magnifica/qc_assembly/busco_trimmed
# Date:            Tue Jul 12 13:35:06 2022
# [ok]
