#                                                                                              --- full sequence --- -------------- this domain -------------   hmm coord   ali coord   env coord
# target name                          accession   tlen query name           accession   qlen   E-value  score  bias   #  of  c-Evalue  i-Evalue  score  bias  from    to  from    to  from    to  acc description of target
#                  ------------------- ---------- ----- -------------------- ---------- ----- --------- ------ ----- --- --- --------- --------- ------ ----- ----- ----- ----- ----- ----- ----- ---- ---------------------
NODE_224_length_17314_cov_71.804374_11 -            570 665824at2            -            547  3.2e-243  808.7   0.0   1   1  1.5e-246  3.6e-243  808.6   0.0     1   542     1   566     1   569 0.97 # 10149 # 11858 # -1 # ID=224_11;partial=00;start_type=ATG;rbs_motif=GGA/GAG/AGG;rbs_spacer=5-10bp;gc_cont=0.478
NODE_744_length_5691_cov_6.985216_5    -            567 665824at2            -            547  6.3e-201  669.1   1.9   1   1  3.3e-204  7.7e-201  668.8   1.9     1   539     1   562     1   565 0.96 # 3886 # 5586 # 1 # ID=744_5;partial=00;start_type=ATG;rbs_motif=AGGA;rbs_spacer=5-10bp;gc_cont=0.335
NODE_205_length_18535_cov_54.680301_7  -            637 665824at2            -            547   4.7e-38  131.5   0.0   1   2   8.2e-26   1.9e-22   80.0   0.0    32   196   256   419   230   432 0.88 # 3302 # 5212 # -1 # ID=205_7;partial=00;start_type=ATG;rbs_motif=None;rbs_spacer=None;gc_cont=0.450
NODE_205_length_18535_cov_54.680301_7  -            637 665824at2            -            547   4.7e-38  131.5   0.0   2   2   1.6e-16   3.6e-13   49.4   0.0   402   533   493   620   482   633 0.88 # 3302 # 5212 # -1 # ID=205_7;partial=00;start_type=ATG;rbs_motif=None;rbs_spacer=None;gc_cont=0.450
NODE_1151_length_2786_cov_42.168697_2  -            659 665824at2            -            547   3.4e-32  112.2   0.2   1   2   7.7e-21   1.8e-17   63.6   0.3    34   195   261   422   227   436 0.88 # 385 # 2361 # -1 # ID=1151_2;partial=00;start_type=ATG;rbs_motif=None;rbs_spacer=None;gc_cont=0.452
NODE_1151_length_2786_cov_42.168697_2  -            659 665824at2            -            547   3.4e-32  112.2   0.2   2   2   1.2e-15   2.9e-12   46.4   0.0   400   542   495   632   478   638 0.86 # 385 # 2361 # -1 # ID=1151_2;partial=00;start_type=ATG;rbs_motif=None;rbs_spacer=None;gc_cont=0.452
NODE_928_length_4159_cov_5.686025_2    -            610 665824at2            -            547   8.6e-32  110.8   0.3   1   2   6.3e-21   1.5e-17   63.9   0.0    34   171   223   368   196   425 0.86 # 1424 # 3253 # 1 # ID=928_2;partial=00;start_type=TTG;rbs_motif=AGGA;rbs_spacer=5-10bp;gc_cont=0.338
NODE_928_length_4159_cov_5.686025_2    -            610 665824at2            -            547   8.6e-32  110.8   0.3   2   2   3.1e-15   7.3e-12   45.1   0.0   393   534   456   593   443   606 0.82 # 1424 # 3253 # 1 # ID=928_2;partial=00;start_type=TTG;rbs_motif=AGGA;rbs_spacer=5-10bp;gc_cont=0.338
NODE_87_length_28118_cov_123.873792_4  -            424 665824at2            -            547   3.3e-10   39.6   0.0   1   2   1.1e-10   2.7e-07   30.0   0.0    34   109     7    84     5   103 0.92 # 2159 # 3430 # -1 # ID=87_4;partial=00;start_type=ATG;rbs_motif=None;rbs_spacer=None;gc_cont=0.471
NODE_87_length_28118_cov_123.873792_4  -            424 665824at2            -            547   3.3e-10   39.6   0.0   2   2   0.00072       1.7    7.6   0.0   452   536   327   410   319   422 0.72 # 2159 # 3430 # -1 # ID=87_4;partial=00;start_type=ATG;rbs_motif=None;rbs_spacer=None;gc_cont=0.471
NODE_127_length_24396_cov_8.498376_16  -            416 665824at2            -            547   4.4e-09   35.9   0.0   1   3      0.34   7.9e+02   -1.3   0.0   291   389    75   159    40   167 0.62 # 12172 # 13419 # -1 # ID=127_16;partial=00;start_type=ATG;rbs_motif=GGA/GAG/AGG;rbs_spacer=11-12bp;gc_cont=0.337
NODE_127_length_24396_cov_8.498376_16  -            416 665824at2            -            547   4.4e-09   35.9   0.0   2   3   2.9e-10   6.7e-07   28.7   0.0    50   203   174   327   138   333 0.86 # 12172 # 13419 # -1 # ID=127_16;partial=00;start_type=ATG;rbs_motif=GGA/GAG/AGG;rbs_spacer=11-12bp;gc_cont=0.337
NODE_127_length_24396_cov_8.498376_16  -            416 665824at2            -            547   4.4e-09   35.9   0.0   3   3    0.0074        17    4.2   0.0   402   443   361   404   353   410 0.77 # 12172 # 13419 # -1 # ID=127_16;partial=00;start_type=ATG;rbs_motif=GGA/GAG/AGG;rbs_spacer=11-12bp;gc_cont=0.337
NODE_321_length_13931_cov_69.078100_8  -            425 665824at2            -            547   6.9e-09   35.3   0.0   1   2   1.3e-11   2.9e-08   33.2   0.0    53   210   177   334   173   374 0.87 # 8658 # 9932 # 1 # ID=321_8;partial=00;start_type=ATG;rbs_motif=None;rbs_spacer=None;gc_cont=0.456
NODE_321_length_13931_cov_69.078100_8  -            425 665824at2            -            547   6.9e-09   35.3   0.0   2   2      0.22   5.2e+02   -0.6   0.0   421   444   384   407   348   412 0.73 # 8658 # 9932 # 1 # ID=321_8;partial=00;start_type=ATG;rbs_motif=None;rbs_spacer=None;gc_cont=0.456
NODE_461_length_10110_cov_5.829662_10  -            406 665824at2            -            547     0.011   14.8   0.2   1   3    0.0051        12    4.8   0.0    64   111    37    86    28    97 0.81 # 7188 # 8405 # 1 # ID=461_10;partial=00;start_type=ATG;rbs_motif=GGAG/GAGG;rbs_spacer=5-10bp;gc_cont=0.325
NODE_461_length_10110_cov_5.829662_10  -            406 665824at2            -            547     0.011   14.8   0.2   2   3       1.5   3.5e+03   -3.4   0.0   461   486   228   253   224   257 0.84 # 7188 # 8405 # 1 # ID=461_10;partial=00;start_type=ATG;rbs_motif=GGAG/GAGG;rbs_spacer=5-10bp;gc_cont=0.325
NODE_461_length_10110_cov_5.829662_10  -            406 665824at2            -            547     0.011   14.8   0.2   3   3   0.00076       1.8    7.5   0.1   476   532   344   400   323   404 0.82 # 7188 # 8405 # 1 # ID=461_10;partial=00;start_type=ATG;rbs_motif=GGAG/GAGG;rbs_spacer=5-10bp;gc_cont=0.325
#
# Program:         hmmsearch
# Version:         3.1b2 (February 2015)
# Pipeline mode:   SEARCH
# Query file:      /home/mira/Bacteria2022/Thiomargarita_magnifica/qc_assembly/busco_trimmed/busco_downloads/lineages/bacteria_odb10/hmms/665824at2.hmm
# Target file:     /home/mira/Bacteria2022/Thiomargarita_magnifica/qc_assembly/busco_trimmed/busco_trimmed/prodigal_output/predicted_genes/predicted.faa
# Option settings: hmmsearch --domtblout /home/mira/Bacteria2022/Thiomargarita_magnifica/qc_assembly/busco_trimmed/busco_trimmed/auto_lineage/run_bacteria_odb10/hmmer_output/665824at2.out --cpu 1 /home/mira/Bacteria2022/Thiomargarita_magnifica/qc_assembly/busco_trimmed/busco_downloads/lineages/bacteria_odb10/hmms/665824at2.hmm /home/mira/Bacteria2022/Thiomargarita_magnifica/qc_assembly/busco_trimmed/busco_trimmed/prodigal_output/predicted_genes/predicted.faa 
# Current dir:     /home/mira/Bacteria2022/Thiomargarita_magnifica/qc_assembly/busco_trimmed
# Date:            Tue Jul 12 13:35:06 2022
# [ok]
