#                                                                                              --- full sequence --- -------------- this domain -------------   hmm coord   ali coord   env coord
# target name                          accession   tlen query name           accession   qlen   E-value  score  bias   #  of  c-Evalue  i-Evalue  score  bias  from    to  from    to  from    to  acc description of target
#                  ------------------- ---------- ----- -------------------- ---------- ----- --------- ------ ----- --- --- --------- --------- ------ ----- ----- ----- ----- ----- ----- ----- ---- ---------------------
NODE_18_length_54299_cov_99.117148_32  -            671 761140at2            -            323   9.2e-54  183.2   5.4   1   3   9.7e-25   2.3e-21   76.8   0.3     1   116     6   155     6   160 0.75 # 38880 # 40892 # 1 # ID=18_32;partial=00;start_type=ATG;rbs_motif=None;rbs_spacer=None;gc_cont=0.449
NODE_18_length_54299_cov_99.117148_32  -            671 761140at2            -            323   9.2e-54  183.2   5.4   2   3   9.7e-25   2.3e-21   76.8   0.3   135   258   226   408   207   428 0.76 # 38880 # 40892 # 1 # ID=18_32;partial=00;start_type=ATG;rbs_motif=None;rbs_spacer=None;gc_cont=0.449
NODE_18_length_54299_cov_99.117148_32  -            671 761140at2            -            323   9.2e-54  183.2   5.4   3   3     3e-08   6.9e-05   22.6   0.0   251   311   434   503   422   509 0.82 # 38880 # 40892 # 1 # ID=18_32;partial=00;start_type=ATG;rbs_motif=None;rbs_spacer=None;gc_cont=0.449
NODE_1148_length_2817_cov_4.105474_2   -            649 761140at2            -            323   4.2e-45  154.8  14.1   1   3   1.7e-23     4e-20   72.7   2.7     1   105     6   120     6   145 0.82 # 428 # 2374 # 1 # ID=1148_2;partial=00;start_type=ATG;rbs_motif=AGGA;rbs_spacer=5-10bp;gc_cont=0.334
NODE_1148_length_2817_cov_4.105474_2   -            649 761140at2            -            323   4.2e-45  154.8  14.1   2   3   3.6e-24   8.5e-21   74.9   0.2   124   253   190   372   176   379 0.78 # 428 # 2374 # 1 # ID=1148_2;partial=00;start_type=ATG;rbs_motif=AGGA;rbs_spacer=5-10bp;gc_cont=0.334
NODE_1148_length_2817_cov_4.105474_2   -            649 761140at2            -            323   4.2e-45  154.8  14.1   3   3    0.0001      0.24   11.0   0.4   250   309   405   472   381   483 0.75 # 428 # 2374 # 1 # ID=1148_2;partial=00;start_type=ATG;rbs_motif=AGGA;rbs_spacer=5-10bp;gc_cont=0.334
NODE_5781_length_242_cov_1.793939_1    -             42 761140at2            -            323   7.7e-10   38.9   0.2   1   1   3.6e-13   8.5e-10   38.8   0.2     2    35     3    37     2    39 0.91 # 1 # 126 # -1 # ID=5781_1;partial=10;start_type=ATG;rbs_motif=None;rbs_spacer=None;gc_cont=0.476
NODE_52_length_34738_cov_67.714319_30  -            810 761140at2            -            323   1.2e-09   38.3   2.3   1   4   6.9e-10   1.6e-06   28.0   0.0     2    66    34   103    33   110 0.83 # 32083 # 34512 # -1 # ID=52_30;partial=00;start_type=ATG;rbs_motif=None;rbs_spacer=None;gc_cont=0.487
NODE_52_length_34738_cov_67.714319_30  -            810 761140at2            -            323   1.2e-09   38.3   2.3   2   4     0.013        30    4.1   0.0   112   151   391   432   384   436 0.85 # 32083 # 34512 # -1 # ID=52_30;partial=00;start_type=ATG;rbs_motif=None;rbs_spacer=None;gc_cont=0.487
NODE_52_length_34738_cov_67.714319_30  -            810 761140at2            -            323   1.2e-09   38.3   2.3   3   4         1   2.3e+03   -2.1   0.2   205   215   573   583   573   584 0.87 # 32083 # 34512 # -1 # ID=52_30;partial=00;start_type=ATG;rbs_motif=None;rbs_spacer=None;gc_cont=0.487
NODE_52_length_34738_cov_67.714319_30  -            810 761140at2            -            323   1.2e-09   38.3   2.3   4   4     0.022        52    3.3   0.1   253   309   675   721   632   725 0.74 # 32083 # 34512 # -1 # ID=52_30;partial=00;start_type=ATG;rbs_motif=None;rbs_spacer=None;gc_cont=0.487
NODE_716_length_6139_cov_5.291488_5    -            912 761140at2            -            323   1.3e-09   38.1   0.2   1   4   3.3e-10   7.8e-07   29.0   0.0     4    62    51   114    48   119 0.87 # 2460 # 5195 # 1 # ID=716_5;partial=00;start_type=ATG;rbs_motif=GGA/GAG/AGG;rbs_spacer=5-10bp;gc_cont=0.325
NODE_716_length_6139_cov_5.291488_5    -            912 761140at2            -            323   1.3e-09   38.1   0.2   2   4     0.026        60    3.1   0.0   128   151   447   471   426   478 0.85 # 2460 # 5195 # 1 # ID=716_5;partial=00;start_type=ATG;rbs_motif=GGA/GAG/AGG;rbs_spacer=5-10bp;gc_cont=0.325
NODE_716_length_6139_cov_5.291488_5    -            912 761140at2            -            323   1.3e-09   38.1   0.2   3   4     0.099   2.3e+02    1.2   0.0   200   216   591   611   581   612 0.72 # 2460 # 5195 # 1 # ID=716_5;partial=00;start_type=ATG;rbs_motif=GGA/GAG/AGG;rbs_spacer=5-10bp;gc_cont=0.325
NODE_716_length_6139_cov_5.291488_5    -            912 761140at2            -            323   1.3e-09   38.1   0.2   4   4       1.8   4.3e+03   -3.0   0.0   281   309   743   771   711   775 0.73 # 2460 # 5195 # 1 # ID=716_5;partial=00;start_type=ATG;rbs_motif=GGA/GAG/AGG;rbs_spacer=5-10bp;gc_cont=0.325
NODE_31_length_44052_cov_101.924798_34 -            939 761140at2            -            323   6.9e-08   32.5   0.1   1   4   3.2e-08   7.4e-05   22.5   0.0     3    56    51   109    49   115 0.84 # 37195 # 40011 # -1 # ID=31_34;partial=00;start_type=GTG;rbs_motif=GGA/GAG/AGG;rbs_spacer=5-10bp;gc_cont=0.469
NODE_31_length_44052_cov_101.924798_34 -            939 761140at2            -            323   6.9e-08   32.5   0.1   2   4     0.049   1.1e+02    2.2   0.0   124   151   453   482   441   508 0.83 # 37195 # 40011 # -1 # ID=31_34;partial=00;start_type=GTG;rbs_motif=GGA/GAG/AGG;rbs_spacer=5-10bp;gc_cont=0.469
NODE_31_length_44052_cov_101.924798_34 -            939 761140at2            -            323   6.9e-08   32.5   0.1   3   4      0.48   1.1e+03   -1.1   0.0   204   215   607   618   593   666 0.79 # 37195 # 40011 # -1 # ID=31_34;partial=00;start_type=GTG;rbs_motif=GGA/GAG/AGG;rbs_spacer=5-10bp;gc_cont=0.469
NODE_31_length_44052_cov_101.924798_34 -            939 761140at2            -            323   6.9e-08   32.5   0.1   4   4     0.052   1.2e+02    2.1   0.0   274   309   749   782   733   787 0.81 # 37195 # 40011 # -1 # ID=31_34;partial=00;start_type=GTG;rbs_motif=GGA/GAG/AGG;rbs_spacer=5-10bp;gc_cont=0.469
NODE_1216_length_2557_cov_5.580242_1   -            815 761140at2            -            323   1.5e-07   31.4   3.5   1   4   1.2e-07   0.00028   20.6   0.0     1    54    37    95    37   107 0.76 # 42 # 2486 # 1 # ID=1216_1;partial=00;start_type=ATG;rbs_motif=GGA/GAG/AGG;rbs_spacer=5-10bp;gc_cont=0.339
NODE_1216_length_2557_cov_5.580242_1   -            815 761140at2            -            323   1.5e-07   31.4   3.5   2   4     0.054   1.3e+02    2.0   0.1   127   151   388   413   359   417 0.81 # 42 # 2486 # 1 # ID=1216_1;partial=00;start_type=ATG;rbs_motif=GGA/GAG/AGG;rbs_spacer=5-10bp;gc_cont=0.339
NODE_1216_length_2557_cov_5.580242_1   -            815 761140at2            -            323   1.5e-07   31.4   3.5   3   4      0.21   4.9e+02    0.1   0.8   204   214   529   539   477   542 0.61 # 42 # 2486 # 1 # ID=1216_1;partial=00;start_type=ATG;rbs_motif=GGA/GAG/AGG;rbs_spacer=5-10bp;gc_cont=0.339
NODE_1216_length_2557_cov_5.580242_1   -            815 761140at2            -            323   1.5e-07   31.4   3.5   4   4     0.011        27    4.2   0.0   252   309   635   691   618   698 0.82 # 42 # 2486 # 1 # ID=1216_1;partial=00;start_type=ATG;rbs_motif=GGA/GAG/AGG;rbs_spacer=5-10bp;gc_cont=0.339
NODE_860_length_4668_cov_3.670224_2    -            821 761140at2            -            323     2e-05   24.4   1.4   1   4     8e-07    0.0019   17.9   0.0     3    55    34    91    32   105 0.81 # 189 # 2651 # -1 # ID=860_2;partial=00;start_type=ATG;rbs_motif=AGGA;rbs_spacer=5-10bp;gc_cont=0.323
NODE_860_length_4668_cov_3.670224_2    -            821 761140at2            -            323     2e-05   24.4   1.4   2   4       0.2   4.6e+02    0.2   0.0   135   151   420   437   414   466 0.87 # 189 # 2651 # -1 # ID=860_2;partial=00;start_type=ATG;rbs_motif=AGGA;rbs_spacer=5-10bp;gc_cont=0.323
NODE_860_length_4668_cov_3.670224_2    -            821 761140at2            -            323     2e-05   24.4   1.4   3   4      0.55   1.3e+03   -1.3   0.1   205   215   581   591   580   592 0.88 # 189 # 2651 # -1 # ID=860_2;partial=00;start_type=ATG;rbs_motif=AGGA;rbs_spacer=5-10bp;gc_cont=0.323
NODE_860_length_4668_cov_3.670224_2    -            821 761140at2            -            323     2e-05   24.4   1.4   4   4      0.07   1.6e+02    1.7   0.0   263   309   686   733   658   746 0.70 # 189 # 2651 # -1 # ID=860_2;partial=00;start_type=ATG;rbs_motif=AGGA;rbs_spacer=5-10bp;gc_cont=0.323
NODE_552_length_8391_cov_52.547510_2   -            916 761140at2            -            323   0.00014   21.6  12.1   1   4   2.9e-05     0.068   12.8   0.1     2    55    32    90    31   153 0.83 # 1994 # 4741 # 1 # ID=552_2;partial=00;start_type=ATG;rbs_motif=None;rbs_spacer=None;gc_cont=0.481
NODE_552_length_8391_cov_52.547510_2   -            916 761140at2            -            323   0.00014   21.6  12.1   2   4     0.021        49    3.4   0.1   124   151   382   410   363   421 0.84 # 1994 # 4741 # 1 # ID=552_2;partial=00;start_type=ATG;rbs_motif=None;rbs_spacer=None;gc_cont=0.481
NODE_552_length_8391_cov_52.547510_2   -            916 761140at2            -            323   0.00014   21.6  12.1   3   4      0.17     4e+02    0.4   1.7   171   197   471   497   465   532 0.56 # 1994 # 4741 # 1 # ID=552_2;partial=00;start_type=ATG;rbs_motif=None;rbs_spacer=None;gc_cont=0.481
NODE_552_length_8391_cov_52.547510_2   -            916 761140at2            -            323   0.00014   21.6  12.1   4   4    0.0007       1.6    8.2   0.0   272   309   686   727   635   735 0.71 # 1994 # 4741 # 1 # ID=552_2;partial=00;start_type=ATG;rbs_motif=None;rbs_spacer=None;gc_cont=0.481
#
# Program:         hmmsearch
# Version:         3.1b2 (February 2015)
# Pipeline mode:   SEARCH
# Query file:      /home/mira/Bacteria2022/Thiomargarita_magnifica/qc_assembly/busco_trimmed/busco_downloads/lineages/bacteria_odb10/hmms/761140at2.hmm
# Target file:     /home/mira/Bacteria2022/Thiomargarita_magnifica/qc_assembly/busco_trimmed/busco_trimmed/prodigal_output/predicted_genes/predicted.faa
# Option settings: hmmsearch --domtblout /home/mira/Bacteria2022/Thiomargarita_magnifica/qc_assembly/busco_trimmed/busco_trimmed/auto_lineage/run_bacteria_odb10/hmmer_output/761140at2.out --cpu 1 /home/mira/Bacteria2022/Thiomargarita_magnifica/qc_assembly/busco_trimmed/busco_downloads/lineages/bacteria_odb10/hmms/761140at2.hmm /home/mira/Bacteria2022/Thiomargarita_magnifica/qc_assembly/busco_trimmed/busco_trimmed/prodigal_output/predicted_genes/predicted.faa 
# Current dir:     /home/mira/Bacteria2022/Thiomargarita_magnifica/qc_assembly/busco_trimmed
# Date:            Tue Jul 12 13:35:06 2022
# [ok]
