#                                                                                              --- full sequence --- -------------- this domain -------------   hmm coord   ali coord   env coord
# target name                          accession   tlen query name           accession   qlen   E-value  score  bias   #  of  c-Evalue  i-Evalue  score  bias  from    to  from    to  from    to  acc description of target
#                  ------------------- ---------- ----- -------------------- ---------- ----- --------- ------ ----- --- --- --------- --------- ------ ----- ----- ----- ----- ----- ----- ----- ---- ---------------------
NODE_19_length_53876_cov_137.269392_31 -            229 776861at2            -            618   2.9e-84  283.6   1.6   1   1   2.7e-87   3.1e-84  283.5   1.6   403   607     6   225     1   228 0.96 # 48272 # 48958 # -1 # ID=19_31;partial=00;start_type=ATG;rbs_motif=None;rbs_spacer=None;gc_cont=0.482
NODE_19_length_53876_cov_137.269392_33 -            434 776861at2            -            618   1.1e-47  162.8   0.2   1   1   1.1e-50   1.3e-47  162.5   0.2    10   396    11   424     2   431 0.81 # 49341 # 50642 # -1 # ID=19_33;partial=00;start_type=ATG;rbs_motif=None;rbs_spacer=None;gc_cont=0.501
NODE_280_length_15220_cov_6.764446_8   -            427 776861at2            -            618   3.5e-38  131.4   0.0   1   1   3.6e-41   4.2e-38  131.1   0.0    17   399    19   423     1   425 0.82 # 6066 # 7346 # -1 # ID=280_8;partial=00;start_type=ATG;rbs_motif=AGGA;rbs_spacer=5-10bp;gc_cont=0.329
NODE_2_length_111158_cov_110.480244_7  -            181 776861at2            -            618   1.2e-05   23.9   0.0   1   2   2.4e-06    0.0028   16.0   0.0   411   439     7    35     1    37 0.89 # 21486 # 22028 # -1 # ID=2_7;partial=00;start_type=ATG;rbs_motif=GGA/GAG/AGG;rbs_spacer=5-10bp;gc_cont=0.444
NODE_2_length_111158_cov_110.480244_7  -            181 776861at2            -            618   1.2e-05   23.9   0.0   2   2    0.0023       2.8    6.2   0.0   576   614   137   175    98   179 0.70 # 21486 # 22028 # -1 # ID=2_7;partial=00;start_type=ATG;rbs_motif=GGA/GAG/AGG;rbs_spacer=5-10bp;gc_cont=0.444
NODE_105_length_25983_cov_78.757276_4  -            176 776861at2            -            618   7.2e-05   21.3   0.1   1   1   6.5e-08   7.7e-05   21.2   0.1   406   454     5    53     1    97 0.80 # 1426 # 1953 # -1 # ID=105_4;partial=00;start_type=ATG;rbs_motif=GGAG/GAGG;rbs_spacer=5-10bp;gc_cont=0.608
NODE_249_length_16306_cov_6.120340_16  -            422 776861at2            -            618    0.0003   19.3   6.5   1   3   2.3e-05     0.027   12.8   0.2     2   131     2   139     1   144 0.72 # 12227 # 13492 # -1 # ID=249_16;partial=00;start_type=TTG;rbs_motif=GGAG/GAGG;rbs_spacer=5-10bp;gc_cont=0.344
NODE_249_length_16306_cov_6.120340_16  -            422 776861at2            -            618    0.0003   19.3   6.5   2   3     0.006         7    4.8   0.1    27    75   169   220   161   227 0.81 # 12227 # 13492 # -1 # ID=249_16;partial=00;start_type=TTG;rbs_motif=GGAG/GAGG;rbs_spacer=5-10bp;gc_cont=0.344
NODE_249_length_16306_cov_6.120340_16  -            422 776861at2            -            618    0.0003   19.3   6.5   3   3     0.019        22    3.2   0.1   255   315   333   395   309   420 0.66 # 12227 # 13492 # -1 # ID=249_16;partial=00;start_type=TTG;rbs_motif=GGAG/GAGG;rbs_spacer=5-10bp;gc_cont=0.344
NODE_528_length_8792_cov_89.810098_9   -            324 776861at2            -            618    0.0019   16.6   0.5   1   1   2.7e-06    0.0032   15.9   0.5   403   433   131   161   123   167 0.84 # 5165 # 6136 # -1 # ID=528_9;partial=00;start_type=ATG;rbs_motif=None;rbs_spacer=None;gc_cont=0.493
NODE_927_length_4179_cov_7.392735_5    -            195 776861at2            -            618    0.0037   15.7   0.0   1   2     7e-06    0.0081   14.5   0.0   404   433    28    57    12    65 0.86 # 2836 # 3420 # -1 # ID=927_5;partial=00;start_type=ATG;rbs_motif=None;rbs_spacer=None;gc_cont=0.274
NODE_927_length_4179_cov_7.392735_5    -            195 776861at2            -            618    0.0037   15.7   0.0   2   2      0.76   8.9e+02   -2.1   0.0   167   201   141   175   127   185 0.68 # 2836 # 3420 # -1 # ID=927_5;partial=00;start_type=ATG;rbs_motif=None;rbs_spacer=None;gc_cont=0.274
NODE_1121_length_2944_cov_11.487967_2  -            216 776861at2            -            618    0.0086   14.4   0.1   1   1     1e-05     0.012   14.0   0.1   415   458     7    49     1    79 0.74 # 190 # 837 # -1 # ID=1121_2;partial=00;start_type=ATG;rbs_motif=AGGA;rbs_spacer=5-10bp;gc_cont=0.347
NODE_1119_length_2956_cov_5.007294_4   -             80 776861at2            -            618     0.018   13.3   0.0   1   1   1.6e-05     0.019   13.3   0.0   410   452     3    47     1    63 0.82 # 2715 # 2954 # 1 # ID=1119_4;partial=01;start_type=ATG;rbs_motif=None;rbs_spacer=None;gc_cont=0.333
NODE_345_length_13026_cov_123.397405_1 -            115 776861at2            -            618      0.02   13.2   0.0   1   1   1.8e-05     0.021   13.1   0.0   406   435    11    40     5    68 0.91 # 3 # 347 # -1 # ID=345_1;partial=10;start_type=ATG;rbs_motif=None;rbs_spacer=None;gc_cont=0.403
NODE_3_length_94496_cov_80.477298_4    -            320 776861at2            -            618     0.038   12.3   0.0   1   1   4.3e-05      0.05   11.9   0.0   409   435     5    31     1    39 0.87 # 16162 # 17121 # 1 # ID=3_4;partial=00;start_type=ATG;rbs_motif=None;rbs_spacer=None;gc_cont=0.342
NODE_480_length_9725_cov_60.364739_3   -            176 776861at2            -            618     0.067   11.5   0.0   1   1   6.8e-05      0.08   11.2   0.0   411   443     4    36     1    61 0.85 # 2804 # 3331 # -1 # ID=480_3;partial=00;start_type=ATG;rbs_motif=None;rbs_spacer=None;gc_cont=0.364
NODE_199_length_18903_cov_86.678902_2  -             83 776861at2            -            618     0.073   11.4   0.0   1   1   6.2e-05     0.073   11.4   0.0   408   438     3    33     1    73 0.90 # 625 # 873 # -1 # ID=199_2;partial=00;start_type=ATG;rbs_motif=AGGAG;rbs_spacer=5-10bp;gc_cont=0.438
NODE_31_length_44052_cov_101.924798_20 -            319 776861at2            -            618     0.079   11.3   0.1   1   2   0.00014      0.16   10.3   0.0   409   453     3    49     1    92 0.72 # 21875 # 22831 # 1 # ID=31_20;partial=00;start_type=ATG;rbs_motif=GGA/GAG/AGG;rbs_spacer=5-10bp;gc_cont=0.466
NODE_31_length_44052_cov_101.924798_20 -            319 776861at2            -            618     0.079   11.3   0.1   2   2       1.9   2.2e+03   -3.4   0.0   575   607   273   302   272   307 0.77 # 21875 # 22831 # 1 # ID=31_20;partial=00;start_type=ATG;rbs_motif=GGA/GAG/AGG;rbs_spacer=5-10bp;gc_cont=0.466
NODE_243_length_16582_cov_3.867555_11  -            218 776861at2            -            618      0.13   10.5   0.0   1   1   0.00014      0.17   10.2   0.0   384   428     9    52     1    57 0.80 # 9396 # 10049 # -1 # ID=243_11;partial=00;start_type=ATG;rbs_motif=GGAG/GAGG;rbs_spacer=5-10bp;gc_cont=0.289
NODE_190_length_19362_cov_76.614519_16 -            237 776861at2            -            618      0.16   10.2   0.0   1   1   0.00017       0.2   10.0   0.0   376   448     5    69     1    92 0.75 # 9744 # 10454 # -1 # ID=190_16;partial=00;start_type=ATG;rbs_motif=None;rbs_spacer=None;gc_cont=0.471
NODE_261_length_16017_cov_61.024341_15 -            352 776861at2            -            618      0.23    9.7   1.7   1   2   0.00031      0.37    9.1   0.4   403   434   154   185   138   195 0.79 # 10507 # 11562 # 1 # ID=261_15;partial=00;start_type=ATG;rbs_motif=None;rbs_spacer=None;gc_cont=0.540
NODE_261_length_16017_cov_61.024341_15 -            352 776861at2            -            618      0.23    9.7   1.7   2   2      0.33   3.8e+02   -0.9   0.0   538   573   314   350   313   351 0.91 # 10507 # 11562 # 1 # ID=261_15;partial=00;start_type=ATG;rbs_motif=None;rbs_spacer=None;gc_cont=0.540
#
# Program:         hmmsearch
# Version:         3.1b2 (February 2015)
# Pipeline mode:   SEARCH
# Query file:      /home/mira/Bacteria2022/Thiomargarita_magnifica/qc_assembly/busco_trimmed/busco_downloads/lineages/bacteria_odb10/hmms/776861at2.hmm
# Target file:     /home/mira/Bacteria2022/Thiomargarita_magnifica/qc_assembly/busco_trimmed/busco_trimmed/prodigal_output/predicted_genes/predicted.faa
# Option settings: hmmsearch --domtblout /home/mira/Bacteria2022/Thiomargarita_magnifica/qc_assembly/busco_trimmed/busco_trimmed/auto_lineage/run_bacteria_odb10/hmmer_output/776861at2.out --cpu 1 /home/mira/Bacteria2022/Thiomargarita_magnifica/qc_assembly/busco_trimmed/busco_downloads/lineages/bacteria_odb10/hmms/776861at2.hmm /home/mira/Bacteria2022/Thiomargarita_magnifica/qc_assembly/busco_trimmed/busco_trimmed/prodigal_output/predicted_genes/predicted.faa 
# Current dir:     /home/mira/Bacteria2022/Thiomargarita_magnifica/qc_assembly/busco_trimmed
# Date:            Tue Jul 12 13:35:06 2022
# [ok]
