#                                                                                             --- full sequence --- -------------- this domain -------------   hmm coord   ali coord   env coord
# target name                         accession   tlen query name           accession   qlen   E-value  score  bias   #  of  c-Evalue  i-Evalue  score  bias  from    to  from    to  from    to  acc description of target
#                 ------------------- ---------- ----- -------------------- ---------- ----- --------- ------ ----- --- --- --------- --------- ------ ----- ----- ----- ----- ----- ----- ----- ---- ---------------------
NODE_59_length_33138_cov_86.800823_28 -            514 837522at2            -            420  3.3e-197  655.6   0.6   1   1  4.2e-200  7.4e-197  654.5   0.6    10   418    25   473    17   475 0.92 # 27929 # 29470 # -1 # ID=59_28;partial=00;start_type=ATG;rbs_motif=GGA/GAG/AGG;rbs_spacer=5-10bp;gc_cont=0.466
NODE_1107_length_3023_cov_5.182960_1  -            449 837522at2            -            420    4e-191  635.6   2.1   1   1    3e-194  5.2e-191  635.2   2.1    11   400    28   443    20   448 0.94 # 3 # 1349 # -1 # ID=1107_1;partial=10;start_type=ATG;rbs_motif=AGGAG;rbs_spacer=5-10bp;gc_cont=0.361
NODE_127_length_24396_cov_8.498376_20 -            437 837522at2            -            420   3.7e-49  167.9   0.2   1   1   2.6e-52   4.5e-49  167.6   0.2    26   395    40   428    21   436 0.81 # 17590 # 18900 # -1 # ID=127_20;partial=00;start_type=ATG;rbs_motif=None;rbs_spacer=None;gc_cont=0.342
NODE_4731_length_270_cov_0.766839_1   -             90 837522at2            -            420   3.4e-38  131.8   0.1   1   1   2.1e-41   3.7e-38  131.7   0.1   300   387     1    90     1    90 0.95 # 1 # 270 # -1 # ID=4731_1;partial=11;start_type=Edge;rbs_motif=None;rbs_spacer=None;gc_cont=0.422
NODE_5599_length_247_cov_0.805882_1   -             82 837522at2            -            420   2.2e-37  129.1   4.7   1   1   1.4e-40   2.4e-37  129.0   4.7   112   190     1    82     1    82 0.98 # 2 # 247 # -1 # ID=5599_1;partial=11;start_type=Edge;rbs_motif=None;rbs_spacer=None;gc_cont=0.484
NODE_91_length_27517_cov_38.346392_4  -            468 837522at2            -            420   1.9e-34  119.5   0.0   1   1   1.3e-37   2.3e-34  119.1   0.0    62   330    68   354     3   427 0.86 # 4833 # 6236 # 1 # ID=91_4;partial=00;start_type=ATG;rbs_motif=GGA/GAG/AGG;rbs_spacer=5-10bp;gc_cont=0.474
NODE_1006_length_3562_cov_4.387374_3  -            463 837522at2            -            420   1.5e-31  109.9   0.2   1   1   1.1e-34   1.9e-31  109.6   0.2    44   363    42   381    23   412 0.86 # 1092 # 2480 # 1 # ID=1006_3;partial=00;start_type=ATG;rbs_motif=AGGA;rbs_spacer=5-10bp;gc_cont=0.370
NODE_59_length_33138_cov_86.800823_24 -            460 837522at2            -            420   7.4e-30  104.3   0.2   1   1   6.2e-33   1.1e-29  103.8   0.2    51   363    49   383     1   433 0.79 # 23807 # 25186 # -1 # ID=59_24;partial=00;start_type=ATG;rbs_motif=GGA/GAG/AGG;rbs_spacer=5-10bp;gc_cont=0.476
NODE_619_length_7224_cov_53.978313_4  -            592 837522at2            -            420   1.2e-16   60.8   0.0   1   2   0.00033      0.59    9.1   0.1    13    94     5    94     1   113 0.74 # 3467 # 5242 # 1 # ID=619_4;partial=00;start_type=ATG;rbs_motif=AGGA;rbs_spacer=5-10bp;gc_cont=0.505
NODE_619_length_7224_cov_53.978313_4  -            592 837522at2            -            420   1.2e-16   60.8   0.0   2   2   1.8e-16   3.2e-13   49.5   0.0   108   334   205   445   199   468 0.85 # 3467 # 5242 # 1 # ID=619_4;partial=00;start_type=ATG;rbs_motif=AGGA;rbs_spacer=5-10bp;gc_cont=0.505
NODE_334_length_13499_cov_78.354642_8 -            419 837522at2            -            420   0.00026   20.2   0.1   1   1   3.7e-07   0.00064   18.9   0.1   122   327   161   366   157   368 0.68 # 7729 # 8985 # 1 # ID=334_8;partial=00;start_type=ATG;rbs_motif=None;rbs_spacer=None;gc_cont=0.438
NODE_1084_length_3091_cov_7.260119_2  -            457 837522at2            -            420    0.0016   17.6   0.1   1   1   9.9e-06     0.017   14.2   0.1   121   149   198   226   189   449 0.54 # 538 # 1908 # -1 # ID=1084_2;partial=00;start_type=ATG;rbs_motif=GGA/GAG/AGG;rbs_spacer=11-12bp;gc_cont=0.321
NODE_5052_length_261_cov_0.804348_1   -             86 837522at2            -            420    0.0096   15.0   0.0   1   1   5.5e-06    0.0096   15.0   0.0   187   247    19    81     5    86 0.87 # 3 # 260 # 1 # ID=5052_1;partial=11;start_type=Edge;rbs_motif=None;rbs_spacer=None;gc_cont=0.562
#
# Program:         hmmsearch
# Version:         3.1b2 (February 2015)
# Pipeline mode:   SEARCH
# Query file:      /home/mira/Bacteria2022/Thiomargarita_magnifica/qc_assembly/busco_trimmed/busco_downloads/lineages/bacteria_odb10/hmms/837522at2.hmm
# Target file:     /home/mira/Bacteria2022/Thiomargarita_magnifica/qc_assembly/busco_trimmed/busco_trimmed/prodigal_output/predicted_genes/predicted.faa
# Option settings: hmmsearch --domtblout /home/mira/Bacteria2022/Thiomargarita_magnifica/qc_assembly/busco_trimmed/busco_trimmed/auto_lineage/run_bacteria_odb10/hmmer_output/837522at2.out --cpu 1 /home/mira/Bacteria2022/Thiomargarita_magnifica/qc_assembly/busco_trimmed/busco_downloads/lineages/bacteria_odb10/hmms/837522at2.hmm /home/mira/Bacteria2022/Thiomargarita_magnifica/qc_assembly/busco_trimmed/busco_trimmed/prodigal_output/predicted_genes/predicted.faa 
# Current dir:     /home/mira/Bacteria2022/Thiomargarita_magnifica/qc_assembly/busco_trimmed
# Date:            Tue Jul 12 13:35:06 2022
# [ok]
