#                                                                                               --- full sequence --- -------------- this domain -------------   hmm coord   ali coord   env coord
# target name                           accession   tlen query name           accession   qlen   E-value  score  bias   #  of  c-Evalue  i-Evalue  score  bias  from    to  from    to  from    to  acc description of target
#                   ------------------- ---------- ----- -------------------- ---------- ----- --------- ------ ----- --- --- --------- --------- ------ ----- ----- ----- ----- ----- ----- ----- ---- ---------------------
NODE_7_length_69274_cov_106.351663_57   -            343 874197at2            -            274  5.1e-127  422.9   0.6   1   1  3.1e-129  8.5e-127  422.2   0.6     1   273    21   322    21   323 0.93 # 64639 # 65667 # -1 # ID=7_57;partial=00;start_type=GTG;rbs_motif=None;rbs_spacer=None;gc_cont=0.473
NODE_949_length_3995_cov_3.643441_4     -            412 874197at2            -            274  1.5e-110  368.9   0.1   1   1  7.3e-113    2e-110  368.5   0.1     1   273    88   388    88   389 0.89 # 2759 # 3994 # -1 # ID=949_4;partial=01;start_type=Edge;rbs_motif=None;rbs_spacer=None;gc_cont=0.321
NODE_5576_length_247_cov_1.741176_1     -             81 874197at2            -            274   2.1e-22   79.8   0.0   1   1   8.6e-25   2.3e-22   79.6   0.0   145   208     2    73     1    78 0.86 # 3 # 245 # 1 # ID=5576_1;partial=11;start_type=Edge;rbs_motif=None;rbs_spacer=None;gc_cont=0.634
NODE_268_length_15884_cov_174.277978_8  -            706 874197at2            -            274   2.8e-17   63.0   0.0   1   2   7.3e-10     2e-07   30.7   0.0    36    98   212   282   205   296 0.81 # 6553 # 8670 # -1 # ID=268_8;partial=00;start_type=ATG;rbs_motif=GGA/GAG/AGG;rbs_spacer=5-10bp;gc_cont=0.473
NODE_268_length_15884_cov_174.277978_8  -            706 874197at2            -            274   2.8e-17   63.0   0.0   2   2   1.4e-09   3.9e-07   29.7   0.0    36   143   485   601   477   619 0.76 # 6553 # 8670 # -1 # ID=268_8;partial=00;start_type=ATG;rbs_motif=GGA/GAG/AGG;rbs_spacer=5-10bp;gc_cont=0.473
NODE_1159_length_2762_cov_7.397765_1    -            848 874197at2            -            274   1.3e-10   41.1   0.0   1   2   0.00021     0.058   12.7   0.0    10    60    21    73    14    86 0.77 # 142 # 2685 # -1 # ID=1159_1;partial=00;start_type=ATG;rbs_motif=GGA/GAG/AGG;rbs_spacer=5-10bp;gc_cont=0.311
NODE_1159_length_2762_cov_7.397765_1    -            848 874197at2            -            274   1.3e-10   41.1   0.0   2   2     2e-08   5.6e-06   25.9   0.0    36    97   453   516   417   521 0.72 # 142 # 2685 # -1 # ID=1159_1;partial=00;start_type=ATG;rbs_motif=GGA/GAG/AGG;rbs_spacer=5-10bp;gc_cont=0.311
NODE_712_length_6180_cov_4.722595_7     -             93 874197at2            -            274   6.1e-09   35.6   0.0   1   1   2.6e-11   7.2e-09   35.4   0.0     7    71    12    74     7    90 0.79 # 5900 # 6178 # 1 # ID=712_7;partial=01;start_type=ATG;rbs_motif=None;rbs_spacer=None;gc_cont=0.276
NODE_5613_length_246_cov_1.751479_1     -             81 874197at2            -            274   4.4e-08   32.8   0.0   1   1   1.8e-10     5e-08   32.6   0.0    38    98     4    66     1    70 0.90 # 3 # 245 # -1 # ID=5613_1;partial=11;start_type=Edge;rbs_motif=None;rbs_spacer=None;gc_cont=0.399
NODE_825_length_4882_cov_10.626223_3    -            414 874197at2            -            274   4.7e-07   29.5   0.3   1   1   6.7e-09   1.8e-06   27.5   0.3     4    99    75   196    72   203 0.68 # 2020 # 3261 # -1 # ID=825_3;partial=00;start_type=ATG;rbs_motif=AGGA;rbs_spacer=5-10bp;gc_cont=0.319
NODE_213_length_17918_cov_7.047867_2    -            674 874197at2            -            274   3.6e-06   26.5   0.0   1   1   2.5e-08   6.9e-06   25.6   0.0    33    97   220   292   182   302 0.68 # 1105 # 3126 # 1 # ID=213_2;partial=00;start_type=ATG;rbs_motif=AGGA;rbs_spacer=5-10bp;gc_cont=0.343
NODE_158_length_21232_cov_45.741196_6   -            806 874197at2            -            274   1.1e-05   25.0   1.2   1   2    0.0025      0.68    9.3   0.2    39    99   253   333   232   346 0.57 # 5881 # 8298 # -1 # ID=158_6;partial=00;start_type=ATG;rbs_motif=None;rbs_spacer=None;gc_cont=0.446
NODE_158_length_21232_cov_45.741196_6   -            806 874197at2            -            274   1.1e-05   25.0   1.2   2   2    0.0022       0.6    9.4   0.0    13    63   504   558   495   576 0.78 # 5881 # 8298 # -1 # ID=158_6;partial=00;start_type=ATG;rbs_motif=None;rbs_spacer=None;gc_cont=0.446
NODE_455_length_10235_cov_3.567336_5    -            490 874197at2            -            274   1.1e-05   25.0   0.0   1   1   7.2e-08     2e-05   24.1   0.0    35    96   148   217   112   274 0.78 # 4448 # 5917 # -1 # ID=455_5;partial=00;start_type=ATG;rbs_motif=GGAGG;rbs_spacer=5-10bp;gc_cont=0.301
NODE_1017_length_3509_cov_7.217949_3    -            691 874197at2            -            274   1.3e-05   24.7   0.0   1   2   1.4e-05    0.0039   16.6   0.0    29    72   352   395   332   406 0.75 # 1435 # 3507 # 1 # ID=1017_3;partial=01;start_type=ATG;rbs_motif=GGAG/GAGG;rbs_spacer=5-10bp;gc_cont=0.315
NODE_1017_length_3509_cov_7.217949_3    -            691 874197at2            -            274   1.3e-05   24.7   0.0   2   2     0.035       9.5    5.5   0.0   124   155   468   499   411   512 0.85 # 1435 # 3507 # 1 # ID=1017_3;partial=01;start_type=ATG;rbs_motif=GGAG/GAGG;rbs_spacer=5-10bp;gc_cont=0.315
NODE_18_length_54299_cov_99.117148_27   -            424 874197at2            -            274   1.4e-05   24.7   0.0   1   1   1.1e-07   2.9e-05   23.6   0.0     7    98    74   190    69   200 0.64 # 29897 # 31168 # 1 # ID=18_27;partial=00;start_type=ATG;rbs_motif=GGAG/GAGG;rbs_spacer=5-10bp;gc_cont=0.426
NODE_89_length_27867_cov_100.046456_21  -            423 874197at2            -            274   1.9e-05   24.2   0.1   1   2     3e-07   8.3e-05   22.1   0.0    34    98   109   187    63   197 0.69 # 15619 # 16887 # -1 # ID=89_21;partial=00;start_type=ATG;rbs_motif=GGA/GAG/AGG;rbs_spacer=5-10bp;gc_cont=0.470
NODE_89_length_27867_cov_100.046456_21  -            423 874197at2            -            274   1.9e-05   24.2   0.1   2   2       3.1   8.5e+02   -0.9   0.0   172   198   353   379   321   400 0.74 # 15619 # 16887 # -1 # ID=89_21;partial=00;start_type=ATG;rbs_motif=GGA/GAG/AGG;rbs_spacer=5-10bp;gc_cont=0.470
NODE_1147_length_2821_cov_6.842566_1    -            581 874197at2            -            274   7.8e-05   22.2   0.1   1   2   1.2e-06   0.00033   20.1   0.0     5   108    11   117     7   193 0.80 # 1 # 1743 # -1 # ID=1147_1;partial=10;start_type=ATG;rbs_motif=AGGA;rbs_spacer=5-10bp;gc_cont=0.349
NODE_1147_length_2821_cov_6.842566_1    -            581 874197at2            -            274   7.8e-05   22.2   0.1   2   2       5.7   1.6e+03   -1.8   0.0   105   111   246   252   200   287 0.60 # 1 # 1743 # -1 # ID=1147_1;partial=10;start_type=ATG;rbs_motif=AGGA;rbs_spacer=5-10bp;gc_cont=0.349
NODE_170_length_20540_cov_62.388262_8   -            814 874197at2            -            274    0.0001   21.8   0.4   1   1   3.3e-06   0.00089   18.7   0.0    10    75   366   432   357   553 0.73 # 8848 # 11289 # -1 # ID=170_8;partial=00;start_type=ATG;rbs_motif=GGA/GAG/AGG;rbs_spacer=5-10bp;gc_cont=0.451
NODE_4_length_93320_cov_88.288558_83    -            639 874197at2            -            274   0.00013   21.5   0.1   1   1   1.5e-06   0.00042   19.8   0.0    34    95   186   255   148   261 0.75 # 84125 # 86041 # 1 # ID=4_83;partial=00;start_type=GTG;rbs_motif=GGAG/GAGG;rbs_spacer=5-10bp;gc_cont=0.464
NODE_1040_length_3353_cov_4.543040_4    -            859 874197at2            -            274   0.00014   21.3   1.2   1   2    0.0014       0.4   10.0   0.9    16    98   188   284   172   289 0.51 # 753 # 3329 # -1 # ID=1040_4;partial=00;start_type=ATG;rbs_motif=GGAG/GAGG;rbs_spacer=5-10bp;gc_cont=0.321
NODE_1040_length_3353_cov_4.543040_4    -            859 874197at2            -            274   0.00014   21.3   1.2   2   2     0.015       4.2    6.6   0.0    10    57   573   624   568   636 0.76 # 753 # 3329 # -1 # ID=1040_4;partial=00;start_type=ATG;rbs_motif=GGAG/GAGG;rbs_spacer=5-10bp;gc_cont=0.321
NODE_342_length_13153_cov_4.726369_10   -            695 874197at2            -            274   0.00015   21.2   3.4   1   2    0.0044       1.2    8.4   0.3    39    99   163   243   146   258 0.60 # 11067 # 13151 # -1 # ID=342_10;partial=01;start_type=Edge;rbs_motif=None;rbs_spacer=None;gc_cont=0.306
NODE_342_length_13153_cov_4.726369_10   -            695 874197at2            -            274   0.00015   21.2   3.4   2   2    0.0016      0.45    9.9   0.2    15    65   420   470   406   547 0.80 # 11067 # 13151 # -1 # ID=342_10;partial=01;start_type=Edge;rbs_motif=None;rbs_spacer=None;gc_cont=0.306
NODE_450_length_10332_cov_61.780497_4   -            293 874197at2            -            274   0.00016   21.2   0.1   1   2     9e-05     0.025   14.0   0.0    37    62    35    60    20   112 0.79 # 4591 # 5469 # 1 # ID=450_4;partial=00;start_type=ATG;rbs_motif=None;rbs_spacer=None;gc_cont=0.447
NODE_450_length_10332_cov_61.780497_4   -            293 874197at2            -            274   0.00016   21.2   0.1   2   2     0.043        12    5.2   0.1    77   150   129   200   120   218 0.70 # 4591 # 5469 # 1 # ID=450_4;partial=00;start_type=ATG;rbs_motif=None;rbs_spacer=None;gc_cont=0.447
NODE_1968_length_963_cov_147.677201_1   -            320 874197at2            -            274   0.00021   20.8   0.0   1   1   1.1e-06    0.0003   20.2   0.0    30    97   120   194    94   224 0.76 # 2 # 961 # 1 # ID=1968_1;partial=11;start_type=Edge;rbs_motif=None;rbs_spacer=None;gc_cont=0.391
NODE_338_length_13428_cov_64.443862_3   -            307 874197at2            -            274   0.00024   20.6   0.1   1   1   1.5e-06   0.00041   19.8   0.1    24    66    25    67     3   174 0.86 # 2004 # 2924 # -1 # ID=338_3;partial=00;start_type=ATG;rbs_motif=GGA/GAG/AGG;rbs_spacer=5-10bp;gc_cont=0.474
NODE_755_length_5523_cov_5.091994_1     -            491 874197at2            -            274   0.00029   20.3   0.4   1   2   2.8e-06   0.00077   18.9   0.0    33    95    89   158    55   163 0.70 # 1 # 1473 # 1 # ID=755_1;partial=10;start_type=Edge;rbs_motif=None;rbs_spacer=None;gc_cont=0.318
NODE_755_length_5523_cov_5.091994_1     -            491 874197at2            -            274   0.00029   20.3   0.4   2   2       5.5   1.5e+03   -1.7   0.2    62    99   450   488   444   490 0.80 # 1 # 1473 # 1 # ID=755_1;partial=10;start_type=Edge;rbs_motif=None;rbs_spacer=None;gc_cont=0.318
NODE_23_length_50155_cov_86.760454_25   -            524 874197at2            -            274   0.00036   20.0   0.0   1   2   5.1e-06    0.0014   18.1   0.0     5    69    11    72     7    80 0.76 # 21301 # 22872 # -1 # ID=23_25;partial=00;start_type=ATG;rbs_motif=None;rbs_spacer=None;gc_cont=0.454
NODE_23_length_50155_cov_86.760454_25   -            524 874197at2            -            274   0.00036   20.0   0.0   2   2       4.3   1.2e+03   -1.4   0.0    85   100   118   133    89   143 0.63 # 21301 # 22872 # -1 # ID=23_25;partial=00;start_type=ATG;rbs_motif=None;rbs_spacer=None;gc_cont=0.454
NODE_295_length_14789_cov_89.591286_1   -           1069 874197at2            -            274   0.00042   19.8   0.1   1   2     0.023       6.4    6.1   0.0    33   105   221   308   208   333 0.68 # 779 # 3985 # -1 # ID=295_1;partial=00;start_type=ATG;rbs_motif=None;rbs_spacer=None;gc_cont=0.467
NODE_295_length_14789_cov_89.591286_1   -           1069 874197at2            -            274   0.00042   19.8   0.1   2   2   0.00082      0.23   10.8   0.0    32    59   480   507   453   529 0.79 # 779 # 3985 # -1 # ID=295_1;partial=00;start_type=ATG;rbs_motif=None;rbs_spacer=None;gc_cont=0.467
NODE_462_length_10035_cov_56.473489_1   -            856 874197at2            -            274   0.00045   19.7   1.1   1   2    0.0026      0.72    9.2   0.8    34    99   198   284   170   294 0.59 # 382 # 2949 # -1 # ID=462_1;partial=00;start_type=ATG;rbs_motif=GGAG/GAGG;rbs_spacer=5-10bp;gc_cont=0.466
NODE_462_length_10035_cov_56.473489_1   -            856 874197at2            -            274   0.00045   19.7   1.1   2   2     0.026         7    5.9   0.0    32    56   595   619   565   634 0.74 # 382 # 2949 # -1 # ID=462_1;partial=00;start_type=ATG;rbs_motif=GGAG/GAGG;rbs_spacer=5-10bp;gc_cont=0.466
NODE_28_length_45458_cov_104.318746_15  -            716 874197at2            -            274   0.00047   19.6   1.3   1   2     0.014       3.9    6.7   0.7    39    63   180   204   162   270 0.66 # 10219 # 12366 # 1 # ID=28_15;partial=00;start_type=ATG;rbs_motif=AGGAG;rbs_spacer=5-10bp;gc_cont=0.534
NODE_28_length_45458_cov_104.318746_15  -            716 874197at2            -            274   0.00047   19.6   1.3   2   2    0.0049       1.3    8.3   0.0    32    59   449   476   419   492 0.79 # 10219 # 12366 # 1 # ID=28_15;partial=00;start_type=ATG;rbs_motif=AGGAG;rbs_spacer=5-10bp;gc_cont=0.534
NODE_316_length_14066_cov_118.541783_14 -            304 874197at2            -            274   0.00078   18.9   0.3   1   1   8.3e-06    0.0023   17.4   0.3    36    68    35    67     7   230 0.72 # 12831 # 13742 # 1 # ID=316_14;partial=00;start_type=ATG;rbs_motif=None;rbs_spacer=None;gc_cont=0.441
NODE_115_length_25346_cov_120.049943_10 -            163 874197at2            -            274   0.00093   18.6   0.0   1   1   6.4e-06    0.0017   17.8   0.0    35    63   118   146    80   155 0.70 # 9768 # 10256 # -1 # ID=115_10;partial=00;start_type=ATG;rbs_motif=AGGA;rbs_spacer=5-10bp;gc_cont=0.405
NODE_531_length_8728_cov_111.430008_2   -            163 874197at2            -            274    0.0011   18.3   0.1   1   1   8.2e-06    0.0022   17.4   0.0    35    63   118   146    79   155 0.77 # 765 # 1253 # 1 # ID=531_2;partial=00;start_type=ATG;rbs_motif=GGA/GAG/AGG;rbs_spacer=11-12bp;gc_cont=0.380
NODE_670_length_6644_cov_97.118928_4    -            327 874197at2            -            274    0.0014   18.1   0.4   1   2   9.7e-06    0.0026   17.2   0.2    12    63    29    73    18   183 0.85 # 2139 # 3119 # 1 # ID=670_4;partial=00;start_type=ATG;rbs_motif=AGGA;rbs_spacer=5-10bp;gc_cont=0.482
NODE_670_length_6644_cov_97.118928_4    -            327 874197at2            -            274    0.0014   18.1   0.4   2   2       7.4     2e+03   -2.1   0.0    64    96   194   226   176   243 0.72 # 2139 # 3119 # 1 # ID=670_4;partial=00;start_type=ATG;rbs_motif=AGGA;rbs_spacer=5-10bp;gc_cont=0.482
NODE_2787_length_490_cov_1.433414_1     -            118 874197at2            -            274    0.0025   17.3   0.0   1   1   1.1e-05     0.003   17.0   0.0    36    66    34    64     7    76 0.89 # 2 # 355 # -1 # ID=2787_1;partial=10;start_type=ATG;rbs_motif=GGAG/GAGG;rbs_spacer=5-10bp;gc_cont=0.412
NODE_372_length_12034_cov_115.350004_13 -            126 874197at2            -            274    0.0026   17.2   0.0   1   1   1.1e-05    0.0031   16.9   0.0    35    72    24    61     5    70 0.88 # 10331 # 10708 # -1 # ID=372_13;partial=00;start_type=ATG;rbs_motif=GGAG/GAGG;rbs_spacer=5-10bp;gc_cont=0.336
NODE_502_length_9256_cov_114.228347_3   -            868 874197at2            -            274    0.0035   16.8   0.5   1   3       4.4   1.2e+03   -1.4   0.0    88    99   294   305   275   307 0.78 # 1201 # 3804 # -1 # ID=502_3;partial=00;start_type=ATG;rbs_motif=AGGA;rbs_spacer=5-10bp;gc_cont=0.495
NODE_502_length_9256_cov_114.228347_3   -            868 874197at2            -            274    0.0035   16.8   0.5   2   3    0.0029      0.78    9.0   0.0    12    57   574   623   565   635 0.77 # 1201 # 3804 # -1 # ID=502_3;partial=00;start_type=ATG;rbs_motif=AGGA;rbs_spacer=5-10bp;gc_cont=0.495
NODE_502_length_9256_cov_114.228347_3   -            868 874197at2            -            274    0.0035   16.8   0.5   3   3     0.096        26    4.0   0.0   120   218   757   860   739   864 0.66 # 1201 # 3804 # -1 # ID=502_3;partial=00;start_type=ATG;rbs_motif=AGGA;rbs_spacer=5-10bp;gc_cont=0.495
NODE_214_length_17836_cov_54.288811_12  -            625 874197at2            -            274    0.0038   16.6   0.1   1   2     0.016       4.5    6.6   0.0    31    62    23    54    14    71 0.86 # 14601 # 16475 # 1 # ID=214_12;partial=00;start_type=ATG;rbs_motif=None;rbs_spacer=None;gc_cont=0.469
NODE_214_length_17836_cov_54.288811_12  -            625 874197at2            -            274    0.0038   16.6   0.1   2   2    0.0076       2.1    7.7   0.1    36    59   344   367   337   392 0.89 # 14601 # 16475 # 1 # ID=214_12;partial=00;start_type=ATG;rbs_motif=None;rbs_spacer=None;gc_cont=0.469
NODE_215_length_17765_cov_42.445443_6   -           1087 874197at2            -            274     0.004   16.6   0.1   1   2      0.22        60    2.9   0.0    34    51   240   257   216   266 0.87 # 6669 # 9929 # -1 # ID=215_6;partial=00;start_type=ATG;rbs_motif=None;rbs_spacer=None;gc_cont=0.481
NODE_215_length_17765_cov_42.445443_6   -           1087 874197at2            -            274     0.004   16.6   0.1   2   2    0.0012      0.33   10.3   0.1    10    58   487   539   478   548 0.74 # 6669 # 9929 # -1 # ID=215_6;partial=00;start_type=ATG;rbs_motif=None;rbs_spacer=None;gc_cont=0.481
NODE_4868_length_266_cov_0.783069_1     -             44 874197at2            -            274    0.0043   16.5   0.0   1   1   1.8e-05    0.0049   16.3   0.0   255   273     1    19     1    20 0.96 # 135 # 266 # -1 # ID=4868_1;partial=01;start_type=Edge;rbs_motif=None;rbs_spacer=None;gc_cont=0.447
NODE_18_length_54299_cov_99.117148_28   -            807 874197at2            -            274    0.0046   16.4   0.0   1   1   5.2e-05     0.014   14.8   0.0    11    68   325   383   320   394 0.68 # 31229 # 33649 # 1 # ID=18_28;partial=00;start_type=ATG;rbs_motif=GGAG/GAGG;rbs_spacer=5-10bp;gc_cont=0.442
NODE_280_length_15220_cov_6.764446_2    -            441 874197at2            -            274    0.0071   15.7   0.1   1   2   0.00022     0.059   12.7   0.0     8    69    10    81     4   120 0.70 # 1398 # 2720 # -1 # ID=280_2;partial=00;start_type=ATG;rbs_motif=4Base/6BMM;rbs_spacer=13-15bp;gc_cont=0.303
NODE_280_length_15220_cov_6.764446_2    -            441 874197at2            -            274    0.0071   15.7   0.1   2   2       1.9   5.1e+02   -0.2   0.0    70    99   230   259   204   266 0.75 # 1398 # 2720 # -1 # ID=280_2;partial=00;start_type=ATG;rbs_motif=4Base/6BMM;rbs_spacer=13-15bp;gc_cont=0.303
NODE_240_length_16711_cov_177.268426_11 -            343 874197at2            -            274    0.0074   15.7   0.0   1   1   4.6e-05     0.013   14.9   0.0    28    65    36    73    19    85 0.84 # 7452 # 8480 # 1 # ID=240_11;partial=00;start_type=ATG;rbs_motif=None;rbs_spacer=None;gc_cont=0.299
NODE_518_length_8917_cov_70.754186_9    -            321 874197at2            -            274    0.0076   15.7   0.0   1   1   6.7e-05     0.018   14.4   0.0    38    61    61    84    50   100 0.87 # 6485 # 7447 # -1 # ID=518_9;partial=00;start_type=ATG;rbs_motif=None;rbs_spacer=None;gc_cont=0.456
NODE_703_length_6233_cov_5.088044_2     -            399 874197at2            -            274    0.0084   15.5   0.0   1   1   8.5e-05     0.023   14.1   0.0    40    99    42   104    32   144 0.70 # 823 # 2019 # 1 # ID=703_2;partial=00;start_type=ATG;rbs_motif=AGGA;rbs_spacer=5-10bp;gc_cont=0.270
NODE_2_length_111158_cov_110.480244_7   -            181 874197at2            -            274    0.0094   15.3   0.0   1   1   6.4e-05     0.018   14.5   0.0    35    63     4    32     1    47 0.82 # 21486 # 22028 # -1 # ID=2_7;partial=00;start_type=ATG;rbs_motif=GGA/GAG/AGG;rbs_spacer=5-10bp;gc_cont=0.444
NODE_1541_length_1620_cov_2.493843_2    -            290 874197at2            -            274     0.011   15.1   0.1   1   1   0.00012     0.032   13.6   0.1    36   171     8   160     5   173 0.62 # 750 # 1619 # -1 # ID=1541_2;partial=01;start_type=Edge;rbs_motif=None;rbs_spacer=None;gc_cont=0.305
NODE_6_length_70594_cov_122.881390_20   -            449 874197at2            -            274     0.012   15.0   0.0   1   1   7.4e-05      0.02   14.3   0.0    25    73    24    72     6   103 0.80 # 18522 # 19868 # -1 # ID=6_20;partial=00;start_type=ATG;rbs_motif=None;rbs_spacer=None;gc_cont=0.376
NODE_171_length_20520_cov_88.309103_11  -            445 874197at2            -            274     0.013   14.9   0.3   1   2   0.00044      0.12   11.7   0.0    31    63    46    78     8   134 0.70 # 10494 # 11828 # 1 # ID=171_11;partial=00;start_type=ATG;rbs_motif=None;rbs_spacer=None;gc_cont=0.464
NODE_171_length_20520_cov_88.309103_11  -            445 874197at2            -            274     0.013   14.9   0.3   2   2       1.2   3.2e+02    0.5   0.1    80   100   244   264   219   269 0.81 # 10494 # 11828 # 1 # ID=171_11;partial=00;start_type=ATG;rbs_motif=None;rbs_spacer=None;gc_cont=0.464
NODE_125_length_24503_cov_103.560059_8  -            340 874197at2            -            274     0.013   14.9   0.0   1   1   9.4e-05     0.026   13.9   0.0    35    65   120   150    86   190 0.78 # 10795 # 11814 # 1 # ID=125_8;partial=00;start_type=ATG;rbs_motif=AGGAG;rbs_spacer=5-10bp;gc_cont=0.396
NODE_590_length_7664_cov_88.329775_4    -            365 874197at2            -            274     0.017   14.5   0.0   1   1   0.00011     0.029   13.7   0.0    17    63    13    58     5    66 0.82 # 5213 # 6307 # 1 # ID=590_4;partial=00;start_type=ATG;rbs_motif=AGGA;rbs_spacer=5-10bp;gc_cont=0.407
NODE_651_length_6853_cov_82.239669_1    -             66 874197at2            -            274     0.024   14.0   0.0   1   1   9.4e-05     0.026   13.9   0.0    19    66    15    61     6    64 0.78 # 3 # 200 # -1 # ID=651_1;partial=10;start_type=ATG;rbs_motif=None;rbs_spacer=None;gc_cont=0.389
NODE_946_length_4017_cov_4.548477_5     -            328 874197at2            -            274     0.032   13.6   0.0   1   1   0.00019     0.051   12.9   0.0    88   118    25    57     5    72 0.77 # 3034 # 4017 # -1 # ID=946_5;partial=01;start_type=Edge;rbs_motif=None;rbs_spacer=None;gc_cont=0.298
NODE_454_length_10235_cov_100.096476_4  -            753 874197at2            -            274     0.033   13.6   0.0   1   2      0.85   2.3e+02    0.9   0.0    29    51   214   236   197   254 0.77 # 3822 # 6080 # -1 # ID=454_4;partial=00;start_type=ATG;rbs_motif=AGGA;rbs_spacer=5-10bp;gc_cont=0.461
NODE_454_length_10235_cov_100.096476_4  -            753 874197at2            -            274     0.033   13.6   0.0   2   2    0.0019      0.51    9.6   0.0    15    57   475   517   463   529 0.84 # 3822 # 6080 # -1 # ID=454_4;partial=00;start_type=ATG;rbs_motif=AGGA;rbs_spacer=5-10bp;gc_cont=0.461
NODE_357_length_12677_cov_63.335238_3   -            118 874197at2            -            274     0.038   13.4   0.1   1   1   0.00016     0.043   13.2   0.1    39   120     3    92     1   108 0.67 # 1235 # 1588 # -1 # ID=357_3;partial=00;start_type=ATG;rbs_motif=None;rbs_spacer=None;gc_cont=0.347
NODE_4_length_93320_cov_88.288558_71    -            117 874197at2            -            274      0.05   13.0   0.0   1   1   0.00023     0.063   12.6   0.0    32    99    14    90     6   104 0.70 # 69275 # 69625 # -1 # ID=4_71;partial=00;start_type=ATG;rbs_motif=None;rbs_spacer=None;gc_cont=0.407
NODE_140_length_23211_cov_80.009942_12  -            482 874197at2            -            274     0.056   12.8   0.0   1   1    0.0006      0.16   11.3   0.0     9    53   172   209   168   224 0.75 # 7073 # 8518 # 1 # ID=140_12;partial=00;start_type=GTG;rbs_motif=None;rbs_spacer=None;gc_cont=0.508
NODE_55_length_33773_cov_98.220264_19   -            594 874197at2            -            274     0.059   12.7   0.0   1   1    0.0004      0.11   11.9   0.0    11    82   278   350   269   358 0.75 # 23789 # 25570 # 1 # ID=55_19;partial=00;start_type=ATG;rbs_motif=AGGAG;rbs_spacer=5-10bp;gc_cont=0.440
NODE_917_length_4301_cov_4.625710_4     -            273 874197at2            -            274     0.064   12.6   0.0   1   1   0.00041      0.11   11.8   0.0    35    95   100   170    85   181 0.71 # 2238 # 3056 # -1 # ID=917_4;partial=00;start_type=ATG;rbs_motif=AGGAG;rbs_spacer=5-10bp;gc_cont=0.276
NODE_424_length_10864_cov_6.500232_12   -             51 874197at2            -            274     0.064   12.6   0.0   1   1   0.00023     0.064   12.6   0.0    36    56    22    42     5    49 0.87 # 10710 # 10862 # 1 # ID=424_12;partial=01;start_type=ATG;rbs_motif=None;rbs_spacer=None;gc_cont=0.248
NODE_67_length_30937_cov_102.130525_13  -            473 874197at2            -            274     0.066   12.6   0.0   1   1   0.00036       0.1   12.0   0.0    26    64    25    63     8   101 0.84 # 12428 # 13846 # -1 # ID=67_13;partial=00;start_type=ATG;rbs_motif=AGxAG;rbs_spacer=5-10bp;gc_cont=0.396
NODE_2033_length_893_cov_3.900735_1     -            154 874197at2            -            274     0.073   12.4   0.0   1   2   0.00065      0.18   11.2   0.0    38    61    20    43     2    53 0.80 # 3 # 464 # -1 # ID=2033_1;partial=10;start_type=ATG;rbs_motif=AGGAG;rbs_spacer=5-10bp;gc_cont=0.387
NODE_2033_length_893_cov_3.900735_1     -            154 874197at2            -            274     0.073   12.4   0.0   2   2       5.5   1.5e+03   -1.7   0.0    89    97    88    96    84   151 0.55 # 3 # 464 # -1 # ID=2033_1;partial=10;start_type=ATG;rbs_motif=AGGAG;rbs_spacer=5-10bp;gc_cont=0.387
NODE_1301_length_2243_cov_92.008772_4   -            155 874197at2            -            274     0.075   12.4   0.0   1   1   0.00039      0.11   11.9   0.0    18    62    14    57     5    69 0.81 # 1779 # 2243 # 1 # ID=1301_4;partial=01;start_type=GTG;rbs_motif=GGAG/GAGG;rbs_spacer=5-10bp;gc_cont=0.411
NODE_755_length_5523_cov_5.091994_7     -            498 874197at2            -            274     0.088   12.2   0.0   1   1   0.00067      0.18   11.1   0.0    31    57   192   218   161   225 0.74 # 4002 # 5495 # 1 # ID=755_7;partial=00;start_type=ATG;rbs_motif=AGGA;rbs_spacer=5-10bp;gc_cont=0.283
NODE_580_length_7860_cov_309.232815_5   -            632 874197at2            -            274     0.089   12.1   0.0   1   2       0.1        28    3.9   0.0    33    60    11    38     7    54 0.82 # 1645 # 3540 # -1 # ID=580_5;partial=00;start_type=ATG;rbs_motif=AGGA;rbs_spacer=5-10bp;gc_cont=0.444
NODE_580_length_7860_cov_309.232815_5   -            632 874197at2            -            274     0.089   12.1   0.0   2   2      0.03       8.3    5.7   0.0    29    59   326   356   310   371 0.80 # 1645 # 3540 # -1 # ID=580_5;partial=00;start_type=ATG;rbs_motif=AGGA;rbs_spacer=5-10bp;gc_cont=0.444
NODE_64_length_31856_cov_58.852796_10   -            507 874197at2            -            274      0.09   12.1   0.1   1   1   0.00058      0.16   11.3   0.1    36    63   101   128    96   145 0.84 # 12726 # 14246 # 1 # ID=64_10;partial=00;start_type=ATG;rbs_motif=None;rbs_spacer=None;gc_cont=0.442
NODE_387_length_11691_cov_5.664715_5    -            738 874197at2            -            274     0.091   12.1   0.0   1   1   0.00096      0.26   10.6   0.0    26    61   395   430   381   451 0.82 # 2896 # 5109 # -1 # ID=387_5;partial=00;start_type=ATG;rbs_motif=GGA/GAG/AGG;rbs_spacer=11-12bp;gc_cont=0.298
NODE_1532_length_1661_cov_3.325126_1    -             57 874197at2            -            274     0.093   12.1   0.0   1   1   0.00034     0.094   12.1   0.0     9    55     2    45     1    56 0.83 # 1 # 171 # -1 # ID=1532_1;partial=10;start_type=ATG;rbs_motif=GGAG/GAGG;rbs_spacer=5-10bp;gc_cont=0.322
NODE_9_length_62297_cov_83.669335_29    -            371 874197at2            -            274     0.098   12.0   0.0   1   1   0.00057      0.15   11.4   0.0    17    64    13    59     5    69 0.82 # 55204 # 56316 # 1 # ID=9_29;partial=00;start_type=ATG;rbs_motif=AGGA;rbs_spacer=5-10bp;gc_cont=0.389
NODE_308_length_14327_cov_70.160772_2   -            184 874197at2            -            274       0.1   11.9   0.0   1   1    0.0005      0.14   11.5   0.0    37    77     5    45     1    69 0.84 # 363 # 914 # -1 # ID=308_2;partial=00;start_type=ATG;rbs_motif=None;rbs_spacer=None;gc_cont=0.431
NODE_985_length_3770_cov_4.288925_1     -            258 874197at2            -            274      0.11   11.8   0.0   1   1   0.00057      0.16   11.3   0.0    33    60    69    96    49   129 0.85 # 3 # 776 # 1 # ID=985_1;partial=10;start_type=Edge;rbs_motif=None;rbs_spacer=None;gc_cont=0.298
NODE_181_length_19857_cov_95.601517_12  -            365 874197at2            -            274      0.11   11.8   0.0   1   1   0.00063      0.17   11.2   0.0    19    64    15    59     6    64 0.80 # 16604 # 17698 # 1 # ID=181_12;partial=00;start_type=ATG;rbs_motif=GGA/GAG/AGG;rbs_spacer=5-10bp;gc_cont=0.416
NODE_1119_length_2956_cov_5.007294_4    -             80 874197at2            -            274      0.12   11.8   0.1   1   1   0.00045      0.12   11.7   0.1    37    96     3    65     1    74 0.88 # 2715 # 2954 # 1 # ID=1119_4;partial=01;start_type=ATG;rbs_motif=None;rbs_spacer=None;gc_cont=0.333
NODE_387_length_11691_cov_5.664715_6    -            402 874197at2            -            274      0.12   11.7   0.0   1   1   0.00072       0.2   11.0   0.0    36   117    37   124    28   185 0.72 # 5109 # 6314 # -1 # ID=387_6;partial=00;start_type=ATG;rbs_motif=GGA/GAG/AGG;rbs_spacer=5-10bp;gc_cont=0.279
NODE_274_length_15480_cov_175.571252_8  -            413 874197at2            -            274      0.15   11.4   0.0   1   2         1   2.9e+02    0.6   0.0   145   200    23    83    17    89 0.72 # 5426 # 6664 # 1 # ID=274_8;partial=00;start_type=ATG;rbs_motif=None;rbs_spacer=None;gc_cont=0.415
NODE_274_length_15480_cov_175.571252_8  -            413 874197at2            -            274      0.15   11.4   0.0   2   2    0.0051       1.4    8.2   0.0    34    57   297   320   265   333 0.76 # 5426 # 6664 # 1 # ID=274_8;partial=00;start_type=ATG;rbs_motif=None;rbs_spacer=None;gc_cont=0.415
NODE_468_length_9977_cov_70.325657_1    -            199 874197at2            -            274      0.16   11.4   0.0   1   1   0.00076      0.21   10.9   0.0    20    66    16    61     7    78 0.77 # 3 # 599 # -1 # ID=468_1;partial=10;start_type=ATG;rbs_motif=None;rbs_spacer=None;gc_cont=0.414
NODE_146_length_22648_cov_121.304018_15 -             54 874197at2            -            274      0.16   11.3   0.0   1   1   0.00062      0.17   11.2   0.0    28    57    22    51     7    52 0.82 # 16027 # 16188 # -1 # ID=146_15;partial=00;start_type=ATG;rbs_motif=GGA/GAG/AGG;rbs_spacer=5-10bp;gc_cont=0.358
NODE_151_length_22397_cov_84.522043_23  -             73 874197at2            -            274      0.18   11.1   0.0   1   1   0.00067      0.18   11.1   0.0    38    78    24    64     6    70 0.84 # 14106 # 14324 # 1 # ID=151_23;partial=00;start_type=ATG;rbs_motif=GGA/GAG/AGG;rbs_spacer=5-10bp;gc_cont=0.361
NODE_194_length_19199_cov_82.763728_9   -            343 874197at2            -            274      0.21   10.9   0.0   1   1    0.0015      0.42    9.9   0.0    29    61    14    46     3    64 0.74 # 8958 # 9986 # 1 # ID=194_9;partial=00;start_type=ATG;rbs_motif=None;rbs_spacer=None;gc_cont=0.476
NODE_27_length_45659_cov_80.773003_28   -            256 874197at2            -            274      0.26   10.6   0.0   1   1    0.0013      0.35   10.2   0.0    19    66    15    61     5    65 0.80 # 22855 # 23622 # 1 # ID=27_28;partial=00;start_type=ATG;rbs_motif=AGxAG;rbs_spacer=11-12bp;gc_cont=0.449
#
# Program:         hmmsearch
# Version:         3.1b2 (February 2015)
# Pipeline mode:   SEARCH
# Query file:      /home/mira/Bacteria2022/Thiomargarita_magnifica/qc_assembly/busco_trimmed/busco_downloads/lineages/bacteria_odb10/hmms/874197at2.hmm
# Target file:     /home/mira/Bacteria2022/Thiomargarita_magnifica/qc_assembly/busco_trimmed/busco_trimmed/prodigal_output/predicted_genes/predicted.faa
# Option settings: hmmsearch --domtblout /home/mira/Bacteria2022/Thiomargarita_magnifica/qc_assembly/busco_trimmed/busco_trimmed/auto_lineage/run_bacteria_odb10/hmmer_output/874197at2.out --cpu 1 /home/mira/Bacteria2022/Thiomargarita_magnifica/qc_assembly/busco_trimmed/busco_downloads/lineages/bacteria_odb10/hmms/874197at2.hmm /home/mira/Bacteria2022/Thiomargarita_magnifica/qc_assembly/busco_trimmed/busco_trimmed/prodigal_output/predicted_genes/predicted.faa 
# Current dir:     /home/mira/Bacteria2022/Thiomargarita_magnifica/qc_assembly/busco_trimmed
# Date:            Tue Jul 12 13:35:06 2022
# [ok]
