#                                                                                              --- full sequence --- -------------- this domain -------------   hmm coord   ali coord   env coord
# target name                          accession   tlen query name           accession   qlen   E-value  score  bias   #  of  c-Evalue  i-Evalue  score  bias  from    to  from    to  from    to  acc description of target
#                  ------------------- ---------- ----- -------------------- ---------- ----- --------- ------ ----- --- --- --------- --------- ------ ----- ----- ----- ----- ----- ----- ----- ---- ---------------------
NODE_209_length_18333_cov_98.281770_2  -            365 923547at2            -            319  1.2e-134  448.6   0.0   1   1  5.5e-138  1.4e-134  448.4   0.0     3   311     8   337     6   344 0.93 # 851 # 1945 # -1 # ID=209_2;partial=00;start_type=ATG;rbs_motif=None;rbs_spacer=None;gc_cont=0.458
NODE_1164_length_2751_cov_6.058699_1   -            332 923547at2            -            319  4.4e-120  400.8   0.0   1   1  1.9e-123  4.9e-120  400.7   0.0     3   315     3   327     1   331 0.92 # 41 # 1036 # -1 # ID=1164_1;partial=00;start_type=ATG;rbs_motif=AGGA;rbs_spacer=5-10bp;gc_cont=0.336
NODE_2_length_111158_cov_110.480244_28 -            345 923547at2            -            319   4.7e-09   36.0   0.4   1   1   3.9e-12     1e-08   34.9   0.4    76   302    79   300    77   310 0.84 # 35934 # 36968 # -1 # ID=2_28;partial=00;start_type=ATG;rbs_motif=GGA/GAG/AGG;rbs_spacer=5-10bp;gc_cont=0.489
NODE_810_length_5026_cov_7.808648_3    -            330 923547at2            -            319   5.4e-08   32.5   0.4   1   1   3.6e-11   9.5e-08   31.7   0.4    76   311    65   295    62   302 0.83 # 1470 # 2459 # 1 # ID=810_3;partial=00;start_type=ATG;rbs_motif=GGAGG;rbs_spacer=5-10bp;gc_cont=0.336
NODE_151_length_22397_cov_84.522043_11 -            320 923547at2            -            319   7.9e-05   22.1   0.0   1   1     4e-08   0.00011   21.7   0.0    73   188    61   171    26   216 0.76 # 7389 # 8348 # 1 # ID=151_11;partial=00;start_type=ATG;rbs_motif=AGGA/GGAG/GAGG;rbs_spacer=11-12bp;gc_cont=0.460
NODE_401_length_11378_cov_11.568976_7  -             40 923547at2            -            319   0.00029   20.3   0.1   1   1   1.1e-07   0.00029   20.3   0.1   280   315     1    35     1    39 0.91 # 5439 # 5558 # 1 # ID=401_7;partial=00;start_type=ATG;rbs_motif=AGGAG;rbs_spacer=5-10bp;gc_cont=0.308
NODE_561_length_8261_cov_11.889785_7   -            274 923547at2            -            319    0.0019   17.6   0.0   1   1   1.2e-06    0.0031   16.9   0.0    53   132    27   110    20   116 0.86 # 5946 # 6767 # -1 # ID=561_7;partial=00;start_type=ATG;rbs_motif=3Base/5BMM;rbs_spacer=13-15bp;gc_cont=0.286
NODE_365_length_12448_cov_93.364643_1  -             76 923547at2            -            319     0.018   14.3   0.0   1   1   7.4e-06      0.02   14.3   0.0    21    68    10    58     3    69 0.89 # 194 # 421 # -1 # ID=365_1;partial=00;start_type=ATG;rbs_motif=GGAGG;rbs_spacer=5-10bp;gc_cont=0.373
#
# Program:         hmmsearch
# Version:         3.1b2 (February 2015)
# Pipeline mode:   SEARCH
# Query file:      /home/mira/Bacteria2022/Thiomargarita_magnifica/qc_assembly/busco_trimmed/busco_downloads/lineages/bacteria_odb10/hmms/923547at2.hmm
# Target file:     /home/mira/Bacteria2022/Thiomargarita_magnifica/qc_assembly/busco_trimmed/busco_trimmed/prodigal_output/predicted_genes/predicted.faa
# Option settings: hmmsearch --domtblout /home/mira/Bacteria2022/Thiomargarita_magnifica/qc_assembly/busco_trimmed/busco_trimmed/auto_lineage/run_bacteria_odb10/hmmer_output/923547at2.out --cpu 1 /home/mira/Bacteria2022/Thiomargarita_magnifica/qc_assembly/busco_trimmed/busco_downloads/lineages/bacteria_odb10/hmms/923547at2.hmm /home/mira/Bacteria2022/Thiomargarita_magnifica/qc_assembly/busco_trimmed/busco_trimmed/prodigal_output/predicted_genes/predicted.faa 
# Current dir:     /home/mira/Bacteria2022/Thiomargarita_magnifica/qc_assembly/busco_trimmed
# Date:            Tue Jul 12 13:35:06 2022
# [ok]
