#                                                                                               --- full sequence --- -------------- this domain -------------   hmm coord   ali coord   env coord
# target name                           accession   tlen query name           accession   qlen   E-value  score  bias   #  of  c-Evalue  i-Evalue  score  bias  from    to  from    to  from    to  acc description of target
#                   ------------------- ---------- ----- -------------------- ---------- ----- --------- ------ ----- --- --- --------- --------- ------ ----- ----- ----- ----- ----- ----- ----- ---- ---------------------
NODE_21_length_50633_cov_89.474207_25   -            426 932854at2            -           1620  4.6e-200  667.6   0.6   1   1  3.9e-203  5.2e-200  667.4   0.6     2   419     1   424     1   425 0.98 # 25047 # 26324 # 1 # ID=21_25;partial=00;start_type=ATG;rbs_motif=GGA/GAG/AGG;rbs_spacer=11-12bp;gc_cont=0.505
NODE_1374_length_2040_cov_3.820683_2    -            424 932854at2            -           1620  3.4e-165  552.0   1.8   1   1  2.9e-168  3.8e-165  551.8   1.8     2   416     1   422     1   423 0.97 # 555 # 1826 # 1 # ID=1374_2;partial=00;start_type=ATG;rbs_motif=AGGA;rbs_spacer=5-10bp;gc_cont=0.332
NODE_351_length_12851_cov_80.520667_1   -           1219 932854at2            -           1620     5e-59  200.1   0.0   1   3   3.6e-09   4.7e-06   24.5   0.0   580   666   112   198    46   202 0.77 # 2 # 3658 # 1 # ID=351_1;partial=10;start_type=Edge;rbs_motif=None;rbs_spacer=None;gc_cont=0.483
NODE_351_length_12851_cov_80.520667_1   -           1219 932854at2            -           1620     5e-59  200.1   0.0   2   3   2.4e-35   3.2e-32  111.2   0.0   729  1247   220   770   212   865 0.79 # 2 # 3658 # 1 # ID=351_1;partial=10;start_type=Edge;rbs_motif=None;rbs_spacer=None;gc_cont=0.483
NODE_351_length_12851_cov_80.520667_1   -           1219 932854at2            -           1620     5e-59  200.1   0.0   3   3   4.8e-20   6.4e-17   60.5   0.0  1415  1594  1002  1186   959  1196 0.78 # 2 # 3658 # 1 # ID=351_1;partial=10;start_type=Edge;rbs_motif=None;rbs_spacer=None;gc_cont=0.483
NODE_1135_length_2856_cov_4.148974_2    -            736 932854at2            -           1620   4.9e-33  113.9   0.1   1   2     0.028        37    1.6   0.0   615   639    25    49     4    58 0.75 # 340 # 2547 # -1 # ID=1135_2;partial=00;start_type=ATG;rbs_motif=GGA/GAG/AGG;rbs_spacer=5-10bp;gc_cont=0.369
NODE_1135_length_2856_cov_4.148974_2    -            736 932854at2            -           1620   4.9e-33  113.9   0.1   2   2   7.5e-35   9.9e-32  109.6   0.1   731  1238    83   584    76   638 0.81 # 340 # 2547 # -1 # ID=1135_2;partial=00;start_type=ATG;rbs_motif=GGA/GAG/AGG;rbs_spacer=5-10bp;gc_cont=0.369
NODE_1059_length_3201_cov_5.163572_4    -            224 932854at2            -           1620   7.7e-32  110.0   0.3   1   1   1.1e-34   1.5e-31  109.0   0.3  1368  1599     2   209     1   219 0.84 # 1983 # 2654 # 1 # ID=1059_4;partial=00;start_type=ATG;rbs_motif=GGA/GAG/AGG;rbs_spacer=5-10bp;gc_cont=0.339
NODE_2767_length_497_cov_4.473810_1     -            165 932854at2            -           1620   3.9e-19   67.8   0.2   1   1   5.8e-22   7.6e-19   66.9   0.2  1380  1566     1   157     1   163 0.82 # 3 # 497 # 1 # ID=2767_1;partial=11;start_type=Edge;rbs_motif=None;rbs_spacer=None;gc_cont=0.331
NODE_221_length_17651_cov_109.224422_9  -            300 932854at2            -           1620   7.4e-08   30.5   0.0   1   2     2e-07   0.00027   18.7   0.0   514   689    46   212    18   218 0.76 # 10017 # 10916 # 1 # ID=221_9;partial=00;start_type=ATG;rbs_motif=AGGA;rbs_spacer=5-10bp;gc_cont=0.460
NODE_221_length_17651_cov_109.224422_9  -            300 932854at2            -           1620   7.4e-08   30.5   0.0   2   2   6.8e-05      0.09   10.3   0.0   754   815   217   290   213   296 0.87 # 10017 # 10916 # 1 # ID=221_9;partial=00;start_type=ATG;rbs_motif=AGGA;rbs_spacer=5-10bp;gc_cont=0.460
NODE_1229_length_2514_cov_3.331555_2    -            347 932854at2            -           1620   1.2e-07   29.7   0.0   1   1   1.3e-10   1.7e-07   29.3   0.0    45   203    47   203     3   211 0.74 # 1473 # 2513 # 1 # ID=1229_2;partial=01;start_type=ATG;rbs_motif=3Base/5BMM;rbs_spacer=13-15bp;gc_cont=0.273
NODE_2205_length_741_cov_2.302711_1     -             82 932854at2            -           1620   1.1e-06   26.5   0.0   1   1   9.5e-10   1.3e-06   26.4   0.0   107   188     8    82     3    82 0.86 # 2 # 247 # -1 # ID=2205_1;partial=10;start_type=GTG;rbs_motif=None;rbs_spacer=None;gc_cont=0.264
NODE_394_length_11537_cov_7.010209_8    -            391 932854at2            -           1620   0.00064   17.4   0.1   1   1   6.9e-07   0.00091   16.9   0.1   106   171     8    78     6   100 0.84 # 6280 # 7452 # -1 # ID=394_8;partial=00;start_type=ATG;rbs_motif=AGGAG;rbs_spacer=5-10bp;gc_cont=0.361
NODE_175_length_20040_cov_69.299454_18  -            582 932854at2            -           1620   0.00069   17.3   0.0   1   1   7.6e-07     0.001   16.8   0.0   103   194   330   418   328   424 0.87 # 17073 # 18818 # 1 # ID=175_18;partial=00;start_type=ATG;rbs_motif=None;rbs_spacer=None;gc_cont=0.475
NODE_5692_length_244_cov_1.772455_1     -             81 932854at2            -           1620    0.0013   16.4   0.0   1   1   1.1e-06    0.0014   16.3   0.0   862   929     2    68     1    76 0.78 # 1 # 243 # 1 # ID=5692_1;partial=11;start_type=Edge;rbs_motif=None;rbs_spacer=None;gc_cont=0.399
NODE_5998_length_237_cov_0.925000_1     -             78 932854at2            -           1620    0.0038   14.9   0.0   1   1     3e-06     0.004   14.8   0.0   893   959     1    74     1    78 0.81 # 2 # 235 # -1 # ID=5998_1;partial=11;start_type=Edge;rbs_motif=None;rbs_spacer=None;gc_cont=0.466
NODE_21_length_50633_cov_89.474207_29   -            448 932854at2            -           1620     0.005   14.5   0.0   1   1     5e-06    0.0065   14.1   0.0    79   186    92   205    88   219 0.85 # 28617 # 29960 # 1 # ID=21_29;partial=00;start_type=ATG;rbs_motif=GGAG/GAGG;rbs_spacer=5-10bp;gc_cont=0.466
NODE_191_length_19336_cov_117.035412_20 -           1070 932854at2            -           1620     0.013   13.1   0.0   1   2    0.0084        11    3.4   0.0   107   199   133   225   105   245 0.86 # 14468 # 17677 # 1 # ID=191_20;partial=00;start_type=ATG;rbs_motif=None;rbs_spacer=None;gc_cont=0.471
NODE_191_length_19336_cov_117.035412_20 -           1070 932854at2            -           1620     0.013   13.1   0.0   2   2   0.00048      0.63    7.5   0.0    78   202   641   765   585   767 0.87 # 14468 # 17677 # 1 # ID=191_20;partial=00;start_type=ATG;rbs_motif=None;rbs_spacer=None;gc_cont=0.471
NODE_1256_length_2398_cov_5.805687_1    -            435 932854at2            -           1620     0.018   12.6   0.9   1   1   1.7e-05     0.023   12.3   0.9     3   186    58   242    56   251 0.74 # 1 # 1305 # 1 # ID=1256_1;partial=10;start_type=Edge;rbs_motif=None;rbs_spacer=None;gc_cont=0.333
#
# Program:         hmmsearch
# Version:         3.1b2 (February 2015)
# Pipeline mode:   SEARCH
# Query file:      /home/mira/Bacteria2022/Thiomargarita_magnifica/qc_assembly/busco_trimmed/busco_downloads/lineages/bacteria_odb10/hmms/932854at2.hmm
# Target file:     /home/mira/Bacteria2022/Thiomargarita_magnifica/qc_assembly/busco_trimmed/busco_trimmed/prodigal_output/predicted_genes/predicted.faa
# Option settings: hmmsearch --domtblout /home/mira/Bacteria2022/Thiomargarita_magnifica/qc_assembly/busco_trimmed/busco_trimmed/auto_lineage/run_bacteria_odb10/hmmer_output/932854at2.out --cpu 1 /home/mira/Bacteria2022/Thiomargarita_magnifica/qc_assembly/busco_trimmed/busco_downloads/lineages/bacteria_odb10/hmms/932854at2.hmm /home/mira/Bacteria2022/Thiomargarita_magnifica/qc_assembly/busco_trimmed/busco_trimmed/prodigal_output/predicted_genes/predicted.faa 
# Current dir:     /home/mira/Bacteria2022/Thiomargarita_magnifica/qc_assembly/busco_trimmed
# Date:            Tue Jul 12 13:35:07 2022
# [ok]
