#                                                                                              --- full sequence --- -------------- this domain -------------   hmm coord   ali coord   env coord
# target name                          accession   tlen query name           accession   qlen   E-value  score  bias   #  of  c-Evalue  i-Evalue  score  bias  from    to  from    to  from    to  acc description of target
#                  ------------------- ---------- ----- -------------------- ---------- ----- --------- ------ ----- --- --- --------- --------- ------ ----- ----- ----- ----- ----- ----- ----- ---- ---------------------
NODE_176_length_20021_cov_71.489420_7  -            678 95696at2             -            490  6.2e-225  747.7   7.2   1   1  5.6e-226  5.1e-223  741.3   7.2     1   478    35   590    35   597 0.90 # 3958 # 5991 # -1 # ID=176_7;partial=00;start_type=ATG;rbs_motif=GGA/GAG/AGG;rbs_spacer=5-10bp;gc_cont=0.453
NODE_572_length_8013_cov_4.549395_1    -            658 95696at2             -            490  6.3e-195  648.7  19.1   1   2    8e-197  7.3e-194  645.2  13.1     2   476    35   590    34   603 0.85 # 536 # 2509 # 1 # ID=572_1;partial=00;start_type=ATG;rbs_motif=None;rbs_spacer=None;gc_cont=0.336
NODE_572_length_8013_cov_4.549395_1    -            658 95696at2             -            490  6.3e-195  648.7  19.1   2   2      0.47   4.3e+02   -0.5   0.4   446   490   606   651   597   651 0.78 # 536 # 2509 # 1 # ID=572_1;partial=00;start_type=ATG;rbs_motif=None;rbs_spacer=None;gc_cont=0.336
NODE_5491_length_249_cov_1.720930_1    -             82 95696at2             -            490   1.7e-43  149.2   0.9   1   1     2e-46   1.9e-43  149.1   0.9   361   441     1    82     1    82 0.97 # 3 # 248 # 1 # ID=5491_1;partial=11;start_type=Edge;rbs_motif=None;rbs_spacer=None;gc_cont=0.573
NODE_4316_length_283_cov_1.878641_1    -             94 95696at2             -            490   1.5e-42  146.1   0.2   1   1   1.7e-45   1.6e-42  146.0   0.2   367   457     1    93     1    94 0.96 # 2 # 283 # 1 # ID=4316_1;partial=11;start_type=Edge;rbs_motif=None;rbs_spacer=None;gc_cont=0.348
NODE_3891_length_319_cov_1.834711_1    -            106 95696at2             -            490   3.3e-30  105.4   0.0   1   1   3.6e-33   3.3e-30  105.4   0.0   228   310     3    95     1   106 0.87 # 2 # 319 # -1 # ID=3891_1;partial=11;start_type=Edge;rbs_motif=None;rbs_spacer=None;gc_cont=0.355
NODE_6067_length_235_cov_0.936709_1    -             78 95696at2             -            490   2.1e-29  102.7   0.0   1   1   2.6e-32   2.3e-29  102.6   0.0   210   282     1    78     1    78 0.94 # 1 # 234 # -1 # ID=6067_1;partial=11;start_type=Edge;rbs_motif=None;rbs_spacer=None;gc_cont=0.466
NODE_585_length_7769_cov_87.659646_4   -           1149 95696at2             -            490   2.3e-10   39.9   0.9   1   3   4.3e-05     0.039   12.8   0.0   118   250   143   285    34   297 0.77 # 4052 # 7498 # 1 # ID=585_4;partial=00;start_type=ATG;rbs_motif=None;rbs_spacer=None;gc_cont=0.451
NODE_585_length_7769_cov_87.659646_4   -           1149 95696at2             -            490   2.3e-10   39.9   0.9   2   3     0.034        31    3.2   0.0   339   417   654   735   625   745 0.76 # 4052 # 7498 # 1 # ID=585_4;partial=00;start_type=ATG;rbs_motif=None;rbs_spacer=None;gc_cont=0.451
NODE_585_length_7769_cov_87.659646_4   -           1149 95696at2             -            490   2.3e-10   39.9   0.9   3   3     2e-07   0.00019   20.5   0.2   350   445   827   916   811   933 0.81 # 4052 # 7498 # 1 # ID=585_4;partial=00;start_type=ATG;rbs_motif=None;rbs_spacer=None;gc_cont=0.451
NODE_483_length_9699_cov_116.544481_11 -            488 95696at2             -            490   1.3e-09   37.5   0.8   1   2    0.0092       8.4    5.1   0.0     7    47   107   147   102   155 0.91 # 8013 # 9476 # 1 # ID=483_11;partial=00;start_type=ATG;rbs_motif=AGGAG;rbs_spacer=5-10bp;gc_cont=0.476
NODE_483_length_9699_cov_116.544481_11 -            488 95696at2             -            490   1.3e-09   37.5   0.8   2   2   1.6e-10   1.4e-07   30.7   0.3   367   458   391   480   367   486 0.81 # 8013 # 9476 # 1 # ID=483_11;partial=00;start_type=ATG;rbs_motif=AGGAG;rbs_spacer=5-10bp;gc_cont=0.476
NODE_453_length_10313_cov_5.002247_6   -            432 95696at2             -            490   2.7e-09   36.4   0.1   1   2      0.14   1.3e+02    1.2   0.0     7    49    47    99    42   106 0.73 # 6287 # 7582 # 1 # ID=453_6;partial=00;start_type=ATG;rbs_motif=GGA/GAG/AGG;rbs_spacer=5-10bp;gc_cont=0.306
NODE_453_length_10313_cov_5.002247_6   -            432 95696at2             -            490   2.7e-09   36.4   0.1   2   2   3.5e-11   3.2e-08   32.9   0.0   336   408   243   315   231   351 0.89 # 6287 # 7582 # 1 # ID=453_6;partial=00;start_type=ATG;rbs_motif=GGA/GAG/AGG;rbs_spacer=5-10bp;gc_cont=0.306
NODE_337_length_13437_cov_64.721632_5  -            735 95696at2             -            490   3.7e-09   36.0   0.3   1   2   9.4e-05     0.086   11.7   0.0     3    47   226   273   224   280 0.89 # 1649 # 3853 # -1 # ID=337_5;partial=00;start_type=ATG;rbs_motif=None;rbs_spacer=None;gc_cont=0.459
NODE_337_length_13437_cov_64.721632_5  -            735 95696at2             -            490   3.7e-09   36.0   0.3   2   2   5.7e-08   5.2e-05   22.3   0.1   345   435   495   592   488   604 0.76 # 1649 # 3853 # -1 # ID=337_5;partial=00;start_type=ATG;rbs_motif=None;rbs_spacer=None;gc_cont=0.459
NODE_623_length_7200_cov_4.249754_6    -            697 95696at2             -            490   5.5e-09   35.4   0.8   1   3       1.1     1e+03   -1.8   0.0   207   255    26    74    21    81 0.78 # 5108 # 7198 # -1 # ID=623_6;partial=01;start_type=Edge;rbs_motif=None;rbs_spacer=None;gc_cont=0.302
NODE_623_length_7200_cov_4.249754_6    -            697 95696at2             -            490   5.5e-09   35.4   0.8   2   3    0.0021       1.9    7.2   0.0   342   411   244   312   216   325 0.79 # 5108 # 7198 # -1 # ID=623_6;partial=01;start_type=Edge;rbs_motif=None;rbs_spacer=None;gc_cont=0.302
NODE_623_length_7200_cov_4.249754_6    -            697 95696at2             -            490   5.5e-09   35.4   0.8   3   3     6e-09   5.5e-06   25.5   0.1   360   436   418   490   401   513 0.82 # 5108 # 7198 # -1 # ID=623_6;partial=01;start_type=Edge;rbs_motif=None;rbs_spacer=None;gc_cont=0.302
NODE_5577_length_247_cov_1.741176_1    -             81 95696at2             -            490   1.1e-08   34.5   0.2   1   1   1.2e-11   1.1e-08   34.4   0.2   173   219    29    81     5    81 0.76 # 3 # 245 # 1 # ID=5577_1;partial=11;start_type=Edge;rbs_motif=None;rbs_spacer=None;gc_cont=0.296
NODE_463_length_10025_cov_4.877161_10  -            483 95696at2             -            490   7.9e-08   31.6   0.1   1   2     0.019        18    4.0   0.1     5    46    45    91    41   103 0.78 # 8168 # 9616 # -1 # ID=463_10;partial=00;start_type=ATG;rbs_motif=AGGA;rbs_spacer=5-10bp;gc_cont=0.324
NODE_463_length_10025_cov_4.877161_10  -            483 95696at2             -            490   7.9e-08   31.6   0.1   2   2   6.7e-09   6.2e-06   25.3   0.0   338   408   238   308   231   328 0.92 # 8168 # 9616 # -1 # ID=463_10;partial=00;start_type=ATG;rbs_motif=AGGA;rbs_spacer=5-10bp;gc_cont=0.324
NODE_213_length_17918_cov_7.047867_4   -            455 95696at2             -            490   9.1e-08   31.4   2.1   1   2    0.0001     0.094   11.5   0.2     6    46    48    94    43   103 0.78 # 3699 # 5063 # 1 # ID=213_4;partial=00;start_type=TTG;rbs_motif=None;rbs_spacer=None;gc_cont=0.290
NODE_213_length_17918_cov_7.047867_4   -            455 95696at2             -            490   9.1e-08   31.4   2.1   2   2     4e-07   0.00036   19.5   0.1   344   434   248   333   215   349 0.82 # 3699 # 5063 # 1 # ID=213_4;partial=00;start_type=TTG;rbs_motif=None;rbs_spacer=None;gc_cont=0.290
NODE_1436_length_1860_cov_3.368480_2   -            540 95696at2             -            490   9.6e-07   28.0   0.4   1   2   0.00083      0.76    8.6   0.0     3    50   132   182   130   190 0.86 # 240 # 1859 # 1 # ID=1436_2;partial=01;start_type=GTG;rbs_motif=AGGA;rbs_spacer=5-10bp;gc_cont=0.301
NODE_1436_length_1860_cov_3.368480_2   -            540 95696at2             -            490   9.6e-07   28.0   0.4   2   2   2.3e-06    0.0021   17.0   0.0   348   443   393   496   377   515 0.72 # 240 # 1859 # 1 # ID=1436_2;partial=01;start_type=GTG;rbs_motif=AGGA;rbs_spacer=5-10bp;gc_cont=0.301
NODE_42_length_39877_cov_90.476859_35  -            431 95696at2             -            490   9.9e-06   24.7   0.3   1   2      0.95   8.7e+02   -1.5   0.0    20    46    70    97    45   104 0.70 # 30765 # 32057 # -1 # ID=42_35;partial=00;start_type=GTG;rbs_motif=GGAG/GAGG;rbs_spacer=5-10bp;gc_cont=0.477
NODE_42_length_39877_cov_90.476859_35  -            431 95696at2             -            490   9.9e-06   24.7   0.3   2   2     3e-08   2.8e-05   23.2   0.1   334   413   242   321   192   348 0.80 # 30765 # 32057 # -1 # ID=42_35;partial=00;start_type=GTG;rbs_motif=GGAG/GAGG;rbs_spacer=5-10bp;gc_cont=0.477
NODE_42_length_39877_cov_90.476859_40  -            696 95696at2             -            490   3.3e-05   23.0   0.2   1   2      0.53   4.9e+02   -0.7   0.0     3    47   296   343   294   405 0.67 # 36740 # 38827 # -1 # ID=42_40;partial=00;start_type=TTG;rbs_motif=GGA/GAG/AGG;rbs_spacer=5-10bp;gc_cont=0.457
NODE_42_length_39877_cov_90.476859_40  -            696 95696at2             -            490   3.3e-05   23.0   0.2   2   2   1.4e-07   0.00013   21.0   0.1   346   443   503   601   493   620 0.85 # 36740 # 38827 # -1 # ID=42_40;partial=00;start_type=TTG;rbs_motif=GGA/GAG/AGG;rbs_spacer=5-10bp;gc_cont=0.457
NODE_559_length_8272_cov_100.264552_13 -            462 95696at2             -            490   0.00012   21.1   0.3   1   2    0.0023       2.1    7.1   0.0     4    46    48    96    45    99 0.76 # 5526 # 6911 # -1 # ID=559_13;partial=00;start_type=TTG;rbs_motif=AGGA;rbs_spacer=5-10bp;gc_cont=0.504
NODE_559_length_8272_cov_100.264552_13 -            462 95696at2             -            490   0.00012   21.1   0.3   2   2   7.4e-05     0.067   12.0   0.1   340   442   248   345   238   365 0.81 # 5526 # 6911 # -1 # ID=559_13;partial=00;start_type=TTG;rbs_motif=AGGA;rbs_spacer=5-10bp;gc_cont=0.504
NODE_4682_length_272_cov_0.758974_1    -             90 95696at2             -            490   0.00066   18.6   0.0   1   1     8e-07   0.00073   18.5   0.0   360   418    21    79     7    88 0.90 # 1 # 270 # 1 # ID=4682_1;partial=11;start_type=Edge;rbs_motif=None;rbs_spacer=None;gc_cont=0.430
NODE_501_length_9267_cov_5.312187_5    -            703 95696at2             -            490    0.0013   17.7   0.0   1   1   4.5e-06    0.0041   16.0   0.0   340   443   231   332   215   372 0.77 # 2721 # 4829 # -1 # ID=501_5;partial=00;start_type=ATG;rbs_motif=None;rbs_spacer=None;gc_cont=0.294
NODE_6138_length_233_cov_1.365385_1    -             77 95696at2             -            490     0.007   15.3   0.0   1   1   9.1e-06    0.0083   15.0   0.0   341   405     7    71     3    75 0.89 # 1 # 231 # 1 # ID=6138_1;partial=11;start_type=Edge;rbs_motif=None;rbs_spacer=None;gc_cont=0.299
NODE_1587_length_1543_cov_2.768759_2   -            221 95696at2             -            490     0.014   14.3   0.1   1   1   2.2e-05      0.02   13.7   0.1   134   166   129   165   105   182 0.79 # 132 # 794 # -1 # ID=1587_2;partial=00;start_type=ATG;rbs_motif=None;rbs_spacer=None;gc_cont=0.262
NODE_228_length_17115_cov_104.017608_8 -            551 95696at2             -            490      0.11   11.4   0.0   1   2    0.0079       7.2    5.3   0.0     7    52   213   260   208   313 0.90 # 4335 # 5987 # -1 # ID=228_8;partial=00;start_type=ATG;rbs_motif=None;rbs_spacer=None;gc_cont=0.420
NODE_228_length_17115_cov_104.017608_8 -            551 95696at2             -            490      0.11   11.4   0.0   2   2     0.023        21    3.8   0.0   362   434   440   508   412   527 0.77 # 4335 # 5987 # -1 # ID=228_8;partial=00;start_type=ATG;rbs_motif=None;rbs_spacer=None;gc_cont=0.420
#
# Program:         hmmsearch
# Version:         3.1b2 (February 2015)
# Pipeline mode:   SEARCH
# Query file:      /home/mira/Bacteria2022/Thiomargarita_magnifica/qc_assembly/busco_trimmed/busco_downloads/lineages/bacteria_odb10/hmms/95696at2.hmm
# Target file:     /home/mira/Bacteria2022/Thiomargarita_magnifica/qc_assembly/busco_trimmed/busco_trimmed/prodigal_output/predicted_genes/predicted.faa
# Option settings: hmmsearch --domtblout /home/mira/Bacteria2022/Thiomargarita_magnifica/qc_assembly/busco_trimmed/busco_trimmed/auto_lineage/run_bacteria_odb10/hmmer_output/95696at2.out --cpu 1 /home/mira/Bacteria2022/Thiomargarita_magnifica/qc_assembly/busco_trimmed/busco_downloads/lineages/bacteria_odb10/hmms/95696at2.hmm /home/mira/Bacteria2022/Thiomargarita_magnifica/qc_assembly/busco_trimmed/busco_trimmed/prodigal_output/predicted_genes/predicted.faa 
# Current dir:     /home/mira/Bacteria2022/Thiomargarita_magnifica/qc_assembly/busco_trimmed
# Date:            Tue Jul 12 13:35:07 2022
# [ok]
