#                                                                            --- full sequence --- -------------- this domain -------------   hmm coord   ali coord   env coord
# target name        accession   tlen query name           accession   qlen   E-value  score  bias   #  of  c-Evalue  i-Evalue  score  bias  from    to  from    to  from    to  acc description of target
#------------------- ---------- ----- -------------------- ---------- ----- --------- ------ ----- --- --- --------- --------- ------ ----- ----- ----- ----- ----- ----- ----- ---- ---------------------
Ga0485799_0669_4     -            604 1036075at2           -            356   8.3e-59  199.5  30.5   1   6   1.7e-11   4.4e-08   32.6   0.2     2    34    15    49    14    56 0.86 # 1843 # 3654 # 1 # ID=669_4;partial=00;start_type=ATG;rbs_motif=None;rbs_spacer=None;gc_cont=0.299
Ga0485799_0669_4     -            604 1036075at2           -            356   8.3e-59  199.5  30.5   2   6   1.9e-17   4.9e-14   52.2   0.5    24    72    63   111    52   128 0.88 # 1843 # 3654 # 1 # ID=669_4;partial=00;start_type=ATG;rbs_motif=None;rbs_spacer=None;gc_cont=0.299
Ga0485799_0669_4     -            604 1036075at2           -            356   8.3e-59  199.5  30.5   3   6   1.9e-09   4.9e-06   25.9   1.1    73   160   132   242   117   273 0.69 # 1843 # 3654 # 1 # ID=669_4;partial=00;start_type=ATG;rbs_motif=None;rbs_spacer=None;gc_cont=0.299
Ga0485799_0669_4     -            604 1036075at2           -            356   8.3e-59  199.5  30.5   4   6     0.029        74    2.2   0.0   173   210   323   363   305   368 0.79 # 1843 # 3654 # 1 # ID=669_4;partial=00;start_type=ATG;rbs_motif=None;rbs_spacer=None;gc_cont=0.299
Ga0485799_0669_4     -            604 1036075at2           -            356   8.3e-59  199.5  30.5   5   6   8.3e-20   2.1e-16   59.9   0.1   206   283   384   475   380   501 0.83 # 1843 # 3654 # 1 # ID=669_4;partial=00;start_type=ATG;rbs_motif=None;rbs_spacer=None;gc_cont=0.299
Ga0485799_0669_4     -            604 1036075at2           -            356   8.3e-59  199.5  30.5   6   6     4e-14     1e-10   41.3   3.8   286   342   517   581   496   594 0.82 # 1843 # 3654 # 1 # ID=669_4;partial=00;start_type=ATG;rbs_motif=None;rbs_spacer=None;gc_cont=0.299
Ga0485799_0174_3     -            386 1036075at2           -            356   1.5e-44  152.6  17.0   1   3   4.8e-28   1.2e-24   87.0   3.2     1    73    24   115    24   121 0.85 # 1151 # 2308 # -1 # ID=174_3;partial=00;start_type=TTG;rbs_motif=GGA/GAG/AGG;rbs_spacer=5-10bp;gc_cont=0.410
Ga0485799_0174_3     -            386 1036075at2           -            356   1.5e-44  152.6  17.0   2   3   1.4e-18   3.6e-15   55.9   2.4    72   179   139   266   132   298 0.76 # 1151 # 2308 # -1 # ID=174_3;partial=00;start_type=TTG;rbs_motif=GGA/GAG/AGG;rbs_spacer=5-10bp;gc_cont=0.410
Ga0485799_0174_3     -            386 1036075at2           -            356   1.5e-44  152.6  17.0   3   3    0.0021       5.4    6.0   0.1   173   210   330   370   322   379 0.82 # 1151 # 2308 # -1 # ID=174_3;partial=00;start_type=TTG;rbs_motif=GGA/GAG/AGG;rbs_spacer=5-10bp;gc_cont=0.410
Ga0485799_0226_8     -            678 1036075at2           -            356   0.00066   18.8   0.2   1   1   5.2e-07    0.0014   17.8   0.2   121   157   624   659   599   666 0.83 # 4531 # 6564 # -1 # ID=226_8;partial=00;start_type=ATG;rbs_motif=GGA/GAG/AGG;rbs_spacer=5-10bp;gc_cont=0.453
Ga0485799_0540_7     -            658 1036075at2           -            356    0.0025   17.0   0.5   1   1   1.8e-06    0.0046   16.1   0.5   118   155   620   656   585   657 0.80 # 5382 # 7355 # -1 # ID=540_7;partial=00;start_type=ATG;rbs_motif=None;rbs_spacer=None;gc_cont=0.338
Ga0485799_0025_43    -            142 1036075at2           -            356     0.032   13.3   0.4   1   2     0.004        10    5.1   0.1     5    29    44    73    40    77 0.79 # 38499 # 38924 # -1 # ID=25_43;partial=00;start_type=GTG;rbs_motif=GGA/GAG/AGG;rbs_spacer=5-10bp;gc_cont=0.329
Ga0485799_0025_43    -            142 1036075at2           -            356     0.032   13.3   0.4   2   2    0.0013       3.4    6.6   0.0    17    62    85   130    83   134 0.89 # 38499 # 38924 # -1 # ID=25_43;partial=00;start_type=GTG;rbs_motif=GGA/GAG/AGG;rbs_spacer=5-10bp;gc_cont=0.329
Ga0485799_0446_2     -            669 1036075at2           -            356     0.086   11.9   0.0   1   2      0.07   1.8e+02    1.0   0.0   303   329   437   463   433   494 0.68 # 1866 # 3872 # 1 # ID=446_2;partial=00;start_type=ATG;rbs_motif=GGA/GAG/AGG;rbs_spacer=5-10bp;gc_cont=0.488
Ga0485799_0446_2     -            669 1036075at2           -            356     0.086   11.9   0.0   2   2   0.00038      0.99    8.4   0.0   314   356   514   558   504   558 0.88 # 1866 # 3872 # 1 # ID=446_2;partial=00;start_type=ATG;rbs_motif=GGA/GAG/AGG;rbs_spacer=5-10bp;gc_cont=0.488
#
# Program:         hmmsearch
# Version:         3.1b2 (February 2015)
# Pipeline mode:   SEARCH
# Query file:      /home/mira/Bacteria2022/Thiomargarita_magnifica/qc_assembly/busco_article/busco_downloads/lineages/bacteria_odb10/hmms/1036075at2.hmm
# Target file:     /home/mira/Bacteria2022/Thiomargarita_magnifica/qc_assembly/busco_article/busco_article/prodigal_output/predicted_genes/predicted.faa
# Option settings: hmmsearch --domtblout /home/mira/Bacteria2022/Thiomargarita_magnifica/qc_assembly/busco_article/busco_article/auto_lineage/run_bacteria_odb10/hmmer_output/1036075at2.out --cpu 1 /home/mira/Bacteria2022/Thiomargarita_magnifica/qc_assembly/busco_article/busco_downloads/lineages/bacteria_odb10/hmms/1036075at2.hmm /home/mira/Bacteria2022/Thiomargarita_magnifica/qc_assembly/busco_article/busco_article/prodigal_output/predicted_genes/predicted.faa 
# Current dir:     /home/mira/Bacteria2022/Thiomargarita_magnifica/qc_assembly/busco_article
# Date:            Wed Jul 13 13:05:04 2022
# [ok]
