#                                                                            --- full sequence --- -------------- this domain -------------   hmm coord   ali coord   env coord
# target name        accession   tlen query name           accession   qlen   E-value  score  bias   #  of  c-Evalue  i-Evalue  score  bias  from    to  from    to  from    to  acc description of target
#------------------- ---------- ----- -------------------- ---------- ----- --------- ------ ----- --- --- --------- --------- ------ ----- ----- ----- ----- ----- ----- ----- ---- ---------------------
Ga0485799_0147_9     -            363 1054741at2           -            333  3.5e-131  436.9   0.0   1   1  3.3e-134  4.2e-131  436.6   0.0     4   330     5   360     3   362 0.94 # 7641 # 8729 # -1 # ID=147_9;partial=00;start_type=ATG;rbs_motif=None;rbs_spacer=None;gc_cont=0.455
Ga0485799_0965_1     -            347 1054741at2           -            333  9.8e-106  353.2   1.0   1   1  8.6e-109  1.1e-105  353.1   1.0     2   331     4   345     3   346 0.93 # 382 # 1422 # 1 # ID=965_1;partial=00;start_type=ATG;rbs_motif=None;rbs_spacer=None;gc_cont=0.334
Ga0485799_0616_2     -            326 1054741at2           -            333   1.4e-11   43.8   0.0   1   1   1.7e-14   2.2e-11   43.1   0.0     5   137     2   125     1   131 0.89 # 607 # 1584 # 1 # ID=616_2;partial=00;start_type=ATG;rbs_motif=AGGA;rbs_spacer=5-10bp;gc_cont=0.322
Ga0485799_0833_2     -            255 1054741at2           -            333   5.1e-10   38.6   0.0   1   2   1.3e-12   1.7e-09   36.9   0.0     4    72    24    86    22    96 0.89 # 688 # 1452 # 1 # ID=833_2;partial=00;start_type=ATG;rbs_motif=AGGA;rbs_spacer=5-10bp;gc_cont=0.320
Ga0485799_0833_2     -            255 1054741at2           -            333   5.1e-10   38.6   0.0   2   2      0.62   8.1e+02   -1.5   0.0   155   178   150   173   146   185 0.73 # 688 # 1452 # 1 # ID=833_2;partial=00;start_type=ATG;rbs_motif=AGGA;rbs_spacer=5-10bp;gc_cont=0.320
Ga0485799_0196_15    -            523 1054741at2           -            333   3.8e-07   29.1   0.2   1   2   8.7e-10   1.1e-06   27.6   0.1     4    76   226   293   224   297 0.81 # 17463 # 19031 # -1 # ID=196_15;partial=00;start_type=ATG;rbs_motif=None;rbs_spacer=None;gc_cont=0.460
Ga0485799_0196_15    -            523 1054741at2           -            333   3.8e-07   29.1   0.2   2   2      0.75   9.8e+02   -1.8   0.0   155   176   368   389   361   393 0.80 # 17463 # 19031 # -1 # ID=196_15;partial=00;start_type=ATG;rbs_motif=None;rbs_spacer=None;gc_cont=0.460
Ga0485799_0828_4     -            223 1054741at2           -            333   4.2e-07   29.0   0.0   1   2   7.9e-10     1e-06   27.8   0.0     3    61     2    60     1    70 0.78 # 1225 # 1893 # -1 # ID=828_4;partial=00;start_type=ATG;rbs_motif=AGGA;rbs_spacer=5-10bp;gc_cont=0.338
Ga0485799_0828_4     -            223 1054741at2           -            333   4.2e-07   29.0   0.0   2   2       1.1   1.4e+03   -2.2   0.0   156   176   159   179   146   187 0.76 # 1225 # 1893 # -1 # ID=828_4;partial=00;start_type=ATG;rbs_motif=AGGA;rbs_spacer=5-10bp;gc_cont=0.338
Ga0485799_0660_2     -            515 1054741at2           -            333   6.6e-07   28.4   0.1   1   1     1e-09   1.3e-06   27.4   0.1     3    76   218   285   216   302 0.88 # 886 # 2430 # -1 # ID=660_2;partial=00;start_type=ATG;rbs_motif=AGGA;rbs_spacer=5-10bp;gc_cont=0.335
Ga0485799_0205_17    -            241 1054741at2           -            333   8.1e-05   21.5   0.0   1   1   8.9e-08   0.00012   21.0   0.0     4    65    18    72    15    82 0.84 # 18557 # 19279 # 1 # ID=205_17;partial=00;start_type=TTG;rbs_motif=GGA/GAG/AGG;rbs_spacer=5-10bp;gc_cont=0.458
Ga0485799_0295_4     -            406 1054741at2           -            333     0.008   15.0   0.0   1   1   1.2e-05     0.015   14.0   0.0     4    83     5    78     2   118 0.78 # 2502 # 3719 # 1 # ID=295_4;partial=00;start_type=ATG;rbs_motif=None;rbs_spacer=None;gc_cont=0.474
Ga0485799_0001_14    -            651 1054741at2           -            333     0.022   13.5   0.0   1   1   2.7e-05     0.035   12.8   0.0    10    69   281   334   276   348 0.77 # 13561 # 15513 # 1 # ID=1_14;partial=00;start_type=ATG;rbs_motif=GGA/GAG/AGG;rbs_spacer=5-10bp;gc_cont=0.475
Ga0485799_0463_7     -            324 1054741at2           -            333     0.024   13.4   0.1   1   2   5.9e-05     0.076   11.7   0.0     4    84    10    86     7    95 0.76 # 4434 # 5405 # -1 # ID=463_7;partial=00;start_type=ATG;rbs_motif=None;rbs_spacer=None;gc_cont=0.259
Ga0485799_0463_7     -            324 1054741at2           -            333     0.024   13.4   0.1   2   2       1.3   1.6e+03   -2.5   0.1    63    85   173   195   169   200 0.81 # 4434 # 5405 # -1 # ID=463_7;partial=00;start_type=ATG;rbs_motif=None;rbs_spacer=None;gc_cont=0.259
Ga0485799_0427_4     -            612 1054741at2           -            333      0.15   10.8   0.0   1   1   0.00016      0.21   10.3   0.0     9    76   263   330   256   337 0.72 # 1521 # 3356 # 1 # ID=427_4;partial=00;start_type=ATG;rbs_motif=None;rbs_spacer=None;gc_cont=0.478
#
# Program:         hmmsearch
# Version:         3.1b2 (February 2015)
# Pipeline mode:   SEARCH
# Query file:      /home/mira/Bacteria2022/Thiomargarita_magnifica/qc_assembly/busco_article/busco_downloads/lineages/bacteria_odb10/hmms/1054741at2.hmm
# Target file:     /home/mira/Bacteria2022/Thiomargarita_magnifica/qc_assembly/busco_article/busco_article/prodigal_output/predicted_genes/predicted.faa
# Option settings: hmmsearch --domtblout /home/mira/Bacteria2022/Thiomargarita_magnifica/qc_assembly/busco_article/busco_article/auto_lineage/run_bacteria_odb10/hmmer_output/1054741at2.out --cpu 1 /home/mira/Bacteria2022/Thiomargarita_magnifica/qc_assembly/busco_article/busco_downloads/lineages/bacteria_odb10/hmms/1054741at2.hmm /home/mira/Bacteria2022/Thiomargarita_magnifica/qc_assembly/busco_article/busco_article/prodigal_output/predicted_genes/predicted.faa 
# Current dir:     /home/mira/Bacteria2022/Thiomargarita_magnifica/qc_assembly/busco_article
# Date:            Wed Jul 13 13:05:05 2022
# [ok]
