#                                                                            --- full sequence --- -------------- this domain -------------   hmm coord   ali coord   env coord
# target name        accession   tlen query name           accession   qlen   E-value  score  bias   #  of  c-Evalue  i-Evalue  score  bias  from    to  from    to  from    to  acc description of target
#------------------- ---------- ----- -------------------- ---------- ----- --------- ------ ----- --- --- --------- --------- ------ ----- ----- ----- ----- ----- ----- ----- ---- ---------------------
Ga0485799_0028_27    -            319 1069591at2           -            187   1.2e-47  161.7   5.7   1   3     3e-35   5.2e-32  110.8   0.0     2   111     5   126     4   134 0.84 # 34051 # 35007 # 1 # ID=28_27;partial=00;start_type=ATG;rbs_motif=GGA/GAG/AGG;rbs_spacer=5-10bp;gc_cont=0.466
Ga0485799_0028_27    -            319 1069591at2           -            187   1.2e-47  161.7   5.7   2   3   3.7e-07   0.00064   19.2   0.1   100   130   135   168   129   177 0.77 # 34051 # 35007 # 1 # ID=28_27;partial=00;start_type=ATG;rbs_motif=GGA/GAG/AGG;rbs_spacer=5-10bp;gc_cont=0.466
Ga0485799_0028_27    -            319 1069591at2           -            187   1.2e-47  161.7   5.7   3   3   2.1e-08   3.6e-05   23.2   2.4   137   186   203   280   194   281 0.74 # 34051 # 35007 # 1 # ID=28_27;partial=00;start_type=ATG;rbs_motif=GGA/GAG/AGG;rbs_spacer=5-10bp;gc_cont=0.466
Ga0485799_0706_3     -            298 1069591at2           -            187   4.9e-25   88.0   6.8   1   3   4.4e-25   7.6e-22   77.6   0.1     2   115     4   129     3   135 0.84 # 1232 # 2125 # 1 # ID=706_3;partial=00;start_type=ATG;rbs_motif=None;rbs_spacer=None;gc_cont=0.301
Ga0485799_0706_3     -            298 1069591at2           -            187   4.9e-25   88.0   6.8   2   3     0.073   1.3e+02    1.9   0.0    92   126   128   161   123   171 0.79 # 1232 # 2125 # 1 # ID=706_3;partial=00;start_type=ATG;rbs_motif=None;rbs_spacer=None;gc_cont=0.301
Ga0485799_0706_3     -            298 1069591at2           -            187   4.9e-25   88.0   6.8   3   3    0.0039       6.7    6.1   2.1   171   186   259   274   173   275 0.64 # 1232 # 2125 # 1 # ID=706_3;partial=00;start_type=ATG;rbs_motif=None;rbs_spacer=None;gc_cont=0.301
Ga0485799_1237_3     -             80 1069591at2           -            187   1.4e-15   57.2   0.2   1   1     9e-19   1.5e-15   57.0   0.2     2    69     4    78     3    80 0.88 # 1220 # 1459 # 1 # ID=1237_3;partial=01;start_type=ATG;rbs_motif=None;rbs_spacer=None;gc_cont=0.333
Ga0485799_0299_7     -            413 1069591at2           -            187     0.012   15.0   0.1   1   3       3.5     6e+03   -3.6   0.0    95   120   107   132   104   136 0.74 # 5318 # 6556 # 1 # ID=299_7;partial=00;start_type=ATG;rbs_motif=None;rbs_spacer=None;gc_cont=0.415
Ga0485799_0299_7     -            413 1069591at2           -            187     0.012   15.0   0.1   2   3       2.4   4.1e+03   -3.0   0.0   135   152   186   203   180   216 0.80 # 5318 # 6556 # 1 # ID=299_7;partial=00;start_type=ATG;rbs_motif=None;rbs_spacer=None;gc_cont=0.415
Ga0485799_0299_7     -            413 1069591at2           -            187     0.012   15.0   0.1   3   3   2.4e-05     0.041   13.3   0.0     2    24   301   321   300   337 0.81 # 5318 # 6556 # 1 # ID=299_7;partial=00;start_type=ATG;rbs_motif=None;rbs_spacer=None;gc_cont=0.415
Ga0485799_0386_4     -            859 1069591at2           -            187     0.019   14.4   0.9   1   3     0.014        23    4.3   0.0     4    28   206   229   204   245 0.87 # 752 # 3328 # -1 # ID=386_4;partial=00;start_type=ATG;rbs_motif=GGAG/GAGG;rbs_spacer=5-10bp;gc_cont=0.319
Ga0485799_0386_4     -            859 1069591at2           -            187     0.019   14.4   0.9   2   3      0.34   5.8e+02   -0.3   0.3   108   148   405   445   393   464 0.73 # 752 # 3328 # -1 # ID=386_4;partial=00;start_type=ATG;rbs_motif=GGAG/GAGG;rbs_spacer=5-10bp;gc_cont=0.319
Ga0485799_0386_4     -            859 1069591at2           -            187     0.019   14.4   0.9   3   3    0.0055       9.6    5.6   0.0     3    21   606   624   604   629 0.89 # 752 # 3328 # -1 # ID=386_4;partial=00;start_type=ATG;rbs_motif=GGAG/GAGG;rbs_spacer=5-10bp;gc_cont=0.319
Ga0485799_0532_1     -            650 1069591at2           -            187       0.1   12.0   0.7   1   2     0.012        21    4.5   0.1     3    21   118   136   117   143 0.84 # 35 # 1984 # 1 # ID=532_1;partial=00;start_type=ATG;rbs_motif=None;rbs_spacer=None;gc_cont=0.306
Ga0485799_0532_1     -            650 1069591at2           -            187       0.1   12.0   0.7   2   2    0.0074        13    5.1   0.1     3    21   399   417   397   421 0.88 # 35 # 1984 # 1 # ID=532_1;partial=00;start_type=ATG;rbs_motif=None;rbs_spacer=None;gc_cont=0.306
Ga0485799_0310_1     -           1069 1069591at2           -            187      0.11   11.9   0.0   1   2      0.96   1.7e+03   -1.7   0.0     2    18   226   242   225   245 0.84 # 681 # 3887 # -1 # ID=310_1;partial=00;start_type=ATG;rbs_motif=None;rbs_spacer=None;gc_cont=0.467
Ga0485799_0310_1     -           1069 1069591at2           -            187      0.11   11.9   0.0   2   2   0.00027      0.47    9.8   0.0     3    21   487   505   485   564 0.89 # 681 # 3887 # -1 # ID=310_1;partial=00;start_type=ATG;rbs_motif=None;rbs_spacer=None;gc_cont=0.467
Ga0485799_0003_26    -           1111 1069591at2           -            187      0.17   11.3   0.1   1   2   9.7e-05      0.17   11.3   0.1    78   143    17    87     9    97 0.77 # 31224 # 34556 # -1 # ID=3_26;partial=00;start_type=ATG;rbs_motif=AGGAG;rbs_spacer=5-10bp;gc_cont=0.446
Ga0485799_0003_26    -           1111 1069591at2           -            187      0.17   11.3   0.1   2   2       2.9   4.9e+03   -3.3   3.9   103   151   384   428   364   456 0.51 # 31224 # 34556 # -1 # ID=3_26;partial=00;start_type=ATG;rbs_motif=AGGAG;rbs_spacer=5-10bp;gc_cont=0.446
Ga0485799_0001_161   -            445 1069591at2           -            187      0.27   10.6   0.0   1   3   0.00015      0.27   10.6   0.0     2    21    53    72    52    77 0.91 # 190411 # 191745 # -1 # ID=1_161;partial=00;start_type=ATG;rbs_motif=None;rbs_spacer=None;gc_cont=0.465
Ga0485799_0001_161   -            445 1069591at2           -            187      0.27   10.6   0.0   2   3      0.75   1.3e+03   -1.4   0.3   108   136   220   248   195   264 0.62 # 190411 # 191745 # -1 # ID=1_161;partial=00;start_type=ATG;rbs_motif=None;rbs_spacer=None;gc_cont=0.465
Ga0485799_0001_161   -            445 1069591at2           -            187      0.27   10.6   0.0   3   3      0.82   1.4e+03   -1.5   0.1   139   157   389   408   343   410 0.71 # 190411 # 191745 # -1 # ID=1_161;partial=00;start_type=ATG;rbs_motif=None;rbs_spacer=None;gc_cont=0.465
#
# Program:         hmmsearch
# Version:         3.1b2 (February 2015)
# Pipeline mode:   SEARCH
# Query file:      /home/mira/Bacteria2022/Thiomargarita_magnifica/qc_assembly/busco_article/busco_downloads/lineages/bacteria_odb10/hmms/1069591at2.hmm
# Target file:     /home/mira/Bacteria2022/Thiomargarita_magnifica/qc_assembly/busco_article/busco_article/prodigal_output/predicted_genes/predicted.faa
# Option settings: hmmsearch --domtblout /home/mira/Bacteria2022/Thiomargarita_magnifica/qc_assembly/busco_article/busco_article/auto_lineage/run_bacteria_odb10/hmmer_output/1069591at2.out --cpu 1 /home/mira/Bacteria2022/Thiomargarita_magnifica/qc_assembly/busco_article/busco_downloads/lineages/bacteria_odb10/hmms/1069591at2.hmm /home/mira/Bacteria2022/Thiomargarita_magnifica/qc_assembly/busco_article/busco_article/prodigal_output/predicted_genes/predicted.faa 
# Current dir:     /home/mira/Bacteria2022/Thiomargarita_magnifica/qc_assembly/busco_article
# Date:            Wed Jul 13 13:05:04 2022
# [ok]
