#                                                                            --- full sequence --- -------------- this domain -------------   hmm coord   ali coord   env coord
# target name        accession   tlen query name           accession   qlen   E-value  score  bias   #  of  c-Evalue  i-Evalue  score  bias  from    to  from    to  from    to  acc description of target
#------------------- ---------- ----- -------------------- ---------- ----- --------- ------ ----- --- --- --------- --------- ------ ----- ----- ----- ----- ----- ----- ----- ---- ---------------------
Ga0485799_0081_11    -            565 1074831at2           -            386   5.9e-91  305.2  45.0   1   3   8.6e-39   5.8e-37  127.5  12.2     1   180     1   228     1   235 0.82 # 6933 # 8627 # -1 # ID=81_11;partial=00;start_type=GTG;rbs_motif=None;rbs_spacer=None;gc_cont=0.444
Ga0485799_0081_11    -            565 1074831at2           -            386   5.9e-91  305.2  45.0   2   3   6.4e-07   4.3e-05   22.5  12.6   156   266   250   380   233   403 0.73 # 6933 # 8627 # -1 # ID=81_11;partial=00;start_type=GTG;rbs_motif=None;rbs_spacer=None;gc_cont=0.444
Ga0485799_0081_11    -            565 1074831at2           -            386   5.9e-91  305.2  45.0   3   3   5.4e-46   3.6e-44  151.2   4.3   266   386   404   549   396   549 0.87 # 6933 # 8627 # -1 # ID=81_11;partial=00;start_type=GTG;rbs_motif=None;rbs_spacer=None;gc_cont=0.444
Ga0485799_0724_1     -            279 1074831at2           -            386   3.6e-20   72.2   5.3   1   1   8.2e-21   5.6e-19   68.3   5.3   192   386    39   278    14   278 0.67 # 3 # 839 # 1 # ID=724_1;partial=10;start_type=Edge;rbs_motif=None;rbs_spacer=None;gc_cont=0.271
Ga0485799_0012_16    -            381 1074831at2           -            386     8e-10   38.1   0.1   1   2   0.00021     0.014   14.3   0.0     1    43     1    44     1    48 0.92 # 10710 # 11852 # -1 # ID=12_16;partial=00;start_type=ATG;rbs_motif=None;rbs_spacer=None;gc_cont=0.360
Ga0485799_0012_16    -            381 1074831at2           -            386     8e-10   38.1   0.1   2   2   1.1e-06   7.5e-05   21.7   0.0   270   344   238   316   198   324 0.81 # 10710 # 11852 # -1 # ID=12_16;partial=00;start_type=ATG;rbs_motif=None;rbs_spacer=None;gc_cont=0.360
Ga0485799_0590_1     -            134 1074831at2           -            386   3.1e-09   36.2   0.5   1   1   1.5e-10     1e-08   34.5   0.5     2    47     4    51     2   134 0.81 # 3 # 404 # -1 # ID=590_1;partial=10;start_type=ATG;rbs_motif=GGA/GAG/AGG;rbs_spacer=5-10bp;gc_cont=0.373
Ga0485799_0518_1     -            134 1074831at2           -            386   6.4e-09   35.2   0.3   1   2   7.6e-10   5.2e-08   32.2   0.0     2    46     4    50     2    61 0.89 # 3 # 404 # -1 # ID=518_1;partial=10;start_type=ATG;rbs_motif=GGA/GAG/AGG;rbs_spacer=5-10bp;gc_cont=0.368
Ga0485799_0518_1     -            134 1074831at2           -            386   6.4e-09   35.2   0.3   2   2       1.5     1e+02    1.5   0.1   127   237    74   127    54   134 0.48 # 3 # 404 # -1 # ID=518_1;partial=10;start_type=ATG;rbs_motif=GGA/GAG/AGG;rbs_spacer=5-10bp;gc_cont=0.368
Ga0485799_0155_23    -            369 1074831at2           -            386   8.4e-09   34.8   0.3   1   2   6.9e-09   4.7e-07   29.0   0.1     1    45     1    46     1    64 0.90 # 25994 # 27100 # 1 # ID=155_23;partial=00;start_type=ATG;rbs_motif=None;rbs_spacer=None;gc_cont=0.370
Ga0485799_0155_23    -            369 1074831at2           -            386   8.4e-09   34.8   0.3   2   2      0.56        38    3.0   0.0   328   345   291   308   288   311 0.89 # 25994 # 27100 # 1 # ID=155_23;partial=00;start_type=ATG;rbs_motif=None;rbs_spacer=None;gc_cont=0.370
Ga0485799_0937_1     -            142 1074831at2           -            386   3.8e-08   32.6   0.0   1   1   6.3e-10   4.3e-08   32.4   0.0     1    98     1   112     1   139 0.70 # 3 # 428 # -1 # ID=937_1;partial=10;start_type=TTG;rbs_motif=None;rbs_spacer=None;gc_cont=0.263
Ga0485799_0263_3     -            376 1074831at2           -            386   6.5e-08   31.8   0.4   1   2    0.0013     0.085   11.7   0.0     1    43     1    44     1    51 0.91 # 1699 # 2826 # 1 # ID=263_3;partial=00;start_type=ATG;rbs_motif=GGA/GAG/AGG;rbs_spacer=11-12bp;gc_cont=0.387
Ga0485799_0263_3     -            376 1074831at2           -            386   6.5e-08   31.8   0.4   2   2   1.7e-05    0.0012   17.8   0.0   279   346   243   313   198   320 0.79 # 1699 # 2826 # 1 # ID=263_3;partial=00;start_type=ATG;rbs_motif=GGA/GAG/AGG;rbs_spacer=11-12bp;gc_cont=0.387
Ga0485799_0357_2     -            371 1074831at2           -            386   2.6e-07   29.9   1.3   1   3     7e-08   4.8e-06   25.7   0.1     1    49     1    50     1    61 0.91 # 713 # 1825 # 1 # ID=357_2;partial=00;start_type=ATG;rbs_motif=AGGA;rbs_spacer=5-10bp;gc_cont=0.337
Ga0485799_0357_2     -            371 1074831at2           -            386   2.6e-07   29.9   1.3   2   3       7.4     5e+02   -0.7   0.0   128   180   186   238   143   251 0.83 # 713 # 1825 # 1 # ID=357_2;partial=00;start_type=ATG;rbs_motif=AGGA;rbs_spacer=5-10bp;gc_cont=0.337
Ga0485799_0357_2     -            371 1074831at2           -            386   2.6e-07   29.9   1.3   3   3       1.5        99    1.6   0.0   329   345   297   313   258   320 0.80 # 713 # 1825 # 1 # ID=357_2;partial=00;start_type=ATG;rbs_motif=AGGA;rbs_spacer=5-10bp;gc_cont=0.337
Ga0485799_0190_19    -            371 1074831at2           -            386   2.9e-07   29.7   0.3   1   2   6.7e-08   4.5e-06   25.8   0.1     1    50     1    51     1    63 0.91 # 10984 # 12096 # 1 # ID=190_19;partial=00;start_type=ATG;rbs_motif=AGGA;rbs_spacer=5-10bp;gc_cont=0.341
Ga0485799_0190_19    -            371 1074831at2           -            386   2.9e-07   29.7   0.3   2   2       1.7   1.2e+02    1.3   0.0   329   345   297   313   262   332 0.89 # 10984 # 12096 # 1 # ID=190_19;partial=00;start_type=ATG;rbs_motif=AGGA;rbs_spacer=5-10bp;gc_cont=0.341
Ga0485799_0016_36    -            387 1074831at2           -            386   2.7e-06   26.5   0.0   1   2     1e-06     7e-05   21.8   0.0     1    43     1    44     1    53 0.95 # 40617 # 41777 # 1 # ID=16_36;partial=00;start_type=ATG;rbs_motif=None;rbs_spacer=None;gc_cont=0.338
Ga0485799_0016_36    -            387 1074831at2           -            386   2.7e-06   26.5   0.0   2   2      0.83        56    2.4   0.0   307   345   283   328   268   332 0.72 # 40617 # 41777 # 1 # ID=16_36;partial=00;start_type=ATG;rbs_motif=None;rbs_spacer=None;gc_cont=0.338
Ga0485799_0201_14    -            133 1074831at2           -            386   3.4e-06   26.2   0.3   1   1   6.2e-08   4.2e-06   25.9   0.3     1    54     1    58     1    65 0.83 # 14075 # 14473 # 1 # ID=201_14;partial=00;start_type=ATG;rbs_motif=GGAG/GAGG;rbs_spacer=5-10bp;gc_cont=0.371
Ga0485799_0106_17    -            535 1074831at2           -            386   3.6e-06   26.1   0.0   1   4      0.17        12    4.7   0.0    21    42    30    51    16    56 0.84 # 18972 # 20576 # -1 # ID=106_17;partial=00;start_type=ATG;rbs_motif=GGA/GAG/AGG;rbs_spacer=5-10bp;gc_cont=0.512
Ga0485799_0106_17    -            535 1074831at2           -            386   3.6e-06   26.1   0.0   2   4     0.035       2.4    6.9   0.0   289   332   141   184   135   186 0.87 # 18972 # 20576 # -1 # ID=106_17;partial=00;start_type=ATG;rbs_motif=GGA/GAG/AGG;rbs_spacer=5-10bp;gc_cont=0.512
Ga0485799_0106_17    -            535 1074831at2           -            386   3.6e-06   26.1   0.0   3   4     0.081       5.5    5.7   0.1    21    40   308   327   287   335 0.73 # 18972 # 20576 # -1 # ID=106_17;partial=00;start_type=ATG;rbs_motif=GGA/GAG/AGG;rbs_spacer=5-10bp;gc_cont=0.512
Ga0485799_0106_17    -            535 1074831at2           -            386   3.6e-06   26.1   0.0   4   4      0.48        33    3.2   0.0   290   350   413   480   403   492 0.82 # 18972 # 20576 # -1 # ID=106_17;partial=00;start_type=ATG;rbs_motif=GGA/GAG/AGG;rbs_spacer=5-10bp;gc_cont=0.512
Ga0485799_0079_41    -            258 1074831at2           -            386   3.8e-06   26.0   0.3   1   1   8.2e-08   5.6e-06   25.5   0.3     1    54     1    58     1    65 0.82 # 41174 # 41947 # 1 # ID=79_41;partial=01;start_type=ATG;rbs_motif=GGAG/GAGG;rbs_spacer=5-10bp;gc_cont=0.390
Ga0485799_0192_7     -             83 1074831at2           -            386   6.3e-06   25.3   0.0   1   1   9.7e-08   6.6e-06   25.2   0.0     2    46     3    49     2    68 0.89 # 6453 # 6701 # -1 # ID=192_7;partial=00;start_type=ATG;rbs_motif=None;rbs_spacer=None;gc_cont=0.373
Ga0485799_0394_9     -            166 1074831at2           -            386   6.9e-06   25.2   0.1   1   1   1.7e-07   1.2e-05   24.4   0.1     2    46     3    49     2    54 0.88 # 8881 # 9378 # 1 # ID=394_9;partial=00;start_type=ATG;rbs_motif=AGGA;rbs_spacer=5-10bp;gc_cont=0.436
Ga0485799_0120_26    -            388 1074831at2           -            386   1.1e-05   24.5   5.4   1   3   6.5e-07   4.4e-05   22.5   0.1     2    46     3    49     2    53 0.89 # 31369 # 32532 # 1 # ID=120_26;partial=00;start_type=ATG;rbs_motif=None;rbs_spacer=None;gc_cont=0.418
Ga0485799_0120_26    -            388 1074831at2           -            386   1.1e-05   24.5   5.4   2   3       3.4   2.3e+02    0.4   0.2   156   236   166   247   160   254 0.68 # 31369 # 32532 # 1 # ID=120_26;partial=00;start_type=ATG;rbs_motif=None;rbs_spacer=None;gc_cont=0.418
Ga0485799_0120_26    -            388 1074831at2           -            386   1.1e-05   24.5   5.4   3   3      0.77        52    2.5   0.1   333   348   333   348   288   372 0.73 # 31369 # 32532 # 1 # ID=120_26;partial=00;start_type=ATG;rbs_motif=None;rbs_spacer=None;gc_cont=0.418
Ga0485799_0130_11    -            425 1074831at2           -            386   1.1e-05   24.5   0.5   1   2   1.6e-06   0.00011   21.2   0.0     3    47     4    50     2   126 0.87 # 15618 # 16892 # 1 # ID=130_11;partial=00;start_type=ATG;rbs_motif=GGA/GAG/AGG;rbs_spacer=5-10bp;gc_cont=0.369
Ga0485799_0130_11    -            425 1074831at2           -            386   1.1e-05   24.5   0.5   2   2         3     2e+02    0.6   0.0   311   348   281   323   272   369 0.73 # 15618 # 16892 # 1 # ID=130_11;partial=00;start_type=ATG;rbs_motif=GGA/GAG/AGG;rbs_spacer=5-10bp;gc_cont=0.369
Ga0485799_0001_23    -            157 1074831at2           -            386   1.1e-05   24.5   0.0   1   1   2.2e-07   1.5e-05   24.0   0.0     2    38    23    61    22   120 0.79 # 23233 # 23703 # 1 # ID=1_23;partial=00;start_type=TTG;rbs_motif=AGGA;rbs_spacer=5-10bp;gc_cont=0.412
Ga0485799_0091_21    -            430 1074831at2           -            386   1.1e-05   24.5   0.7   1   3     5e-06   0.00034   19.6   0.0     3    45     4    48     2    73 0.90 # 27851 # 29140 # 1 # ID=91_21;partial=00;start_type=ATG;rbs_motif=AGGAG;rbs_spacer=5-10bp;gc_cont=0.429
Ga0485799_0091_21    -            430 1074831at2           -            386   1.1e-05   24.5   0.7   2   3       2.8   1.9e+02    0.7   0.0   303   346   274   323   269   329 0.80 # 27851 # 29140 # 1 # ID=91_21;partial=00;start_type=ATG;rbs_motif=AGGAG;rbs_spacer=5-10bp;gc_cont=0.429
Ga0485799_0091_21    -            430 1074831at2           -            386   1.1e-05   24.5   0.7   3   3       5.4   3.7e+02   -0.3   0.0   187   214   383   410   357   427 0.67 # 27851 # 29140 # 1 # ID=91_21;partial=00;start_type=ATG;rbs_motif=AGGAG;rbs_spacer=5-10bp;gc_cont=0.429
Ga0485799_0028_2     -            364 1074831at2           -            386   1.4e-05   24.1   0.0   1   1   4.8e-07   3.3e-05   22.9   0.0     2    43     6    48     5    51 0.92 # 1108 # 2199 # -1 # ID=28_2;partial=00;start_type=ATG;rbs_motif=GGAG/GAGG;rbs_spacer=5-10bp;gc_cont=0.400
Ga0485799_0189_12    -            355 1074831at2           -            386   1.5e-05   24.0   0.1   1   1   4.3e-07   2.9e-05   23.1   0.1     2    46     3    49     2   125 0.90 # 9586 # 10650 # -1 # ID=189_12;partial=00;start_type=ATG;rbs_motif=None;rbs_spacer=None;gc_cont=0.378
Ga0485799_0026_36    -            368 1074831at2           -            386   1.8e-05   23.8   0.1   1   2   3.7e-05    0.0025   16.7   0.0     2    43    25    68    24    75 0.86 # 40980 # 42083 # 1 # ID=26_36;partial=00;start_type=GTG;rbs_motif=GGA/GAG/AGG;rbs_spacer=5-10bp;gc_cont=0.399
Ga0485799_0026_36    -            368 1074831at2           -            386   1.8e-05   23.8   0.1   2   2      0.19        13    4.5   0.0   313   351   292   335   283   359 0.68 # 40980 # 42083 # 1 # ID=26_36;partial=00;start_type=GTG;rbs_motif=GGA/GAG/AGG;rbs_spacer=5-10bp;gc_cont=0.399
Ga0485799_0085_2     -             55 1074831at2           -            386     2e-05   23.6   0.0   1   1   3.2e-07   2.2e-05   23.5   0.0     3    47     4    50     2    53 0.86 # 2616 # 2780 # 1 # ID=85_2;partial=00;start_type=ATG;rbs_motif=GGA/GAG/AGG;rbs_spacer=5-10bp;gc_cont=0.442
Ga0485799_0069_22    -            371 1074831at2           -            386   2.1e-05   23.5   0.0   1   1   7.7e-07   5.2e-05   22.3   0.0     3    65     4    68     2   104 0.88 # 19197 # 20309 # -1 # ID=69_22;partial=00;start_type=ATG;rbs_motif=None;rbs_spacer=None;gc_cont=0.322
Ga0485799_0025_60    -            394 1074831at2           -            386   2.4e-05   23.4   0.2   1   1   5.5e-07   3.8e-05   22.7   0.2     1    53     1    57     1    64 0.81 # 60174 # 61355 # -1 # ID=25_60;partial=00;start_type=ATG;rbs_motif=GGA/GAG/AGG;rbs_spacer=5-10bp;gc_cont=0.404
Ga0485799_0296_4     -            477 1074831at2           -            386   2.8e-05   23.1   0.1   1   2     0.027       1.8    7.3   0.1    22    44   229   251   215   262 0.80 # 2084 # 3514 # 1 # ID=296_4;partial=00;start_type=ATG;rbs_motif=None;rbs_spacer=None;gc_cont=0.400
Ga0485799_0296_4     -            477 1074831at2           -            386   2.8e-05   23.1   0.1   2   2   0.00035     0.024   13.5   0.0   276   334   321   379   312   400 0.82 # 2084 # 3514 # 1 # ID=296_4;partial=00;start_type=ATG;rbs_motif=None;rbs_spacer=None;gc_cont=0.400
Ga0485799_0058_36    -            456 1074831at2           -            386   2.9e-05   23.1   1.2   1   2   1.7e-06   0.00011   21.1   0.1     2    46    18    64    17    69 0.90 # 27161 # 28528 # -1 # ID=58_36;partial=00;start_type=ATG;rbs_motif=GGA/GAG/AGG;rbs_spacer=5-10bp;gc_cont=0.413
Ga0485799_0058_36    -            456 1074831at2           -            386   2.9e-05   23.1   1.2   2   2       4.1   2.8e+02    0.1   0.1   330   348   333   351   300   370 0.71 # 27161 # 28528 # -1 # ID=58_36;partial=00;start_type=ATG;rbs_motif=GGA/GAG/AGG;rbs_spacer=5-10bp;gc_cont=0.413
Ga0485799_0016_11    -            376 1074831at2           -            386   3.5e-05   22.8   0.1   1   2   3.8e-06   0.00026   20.0   0.0     2    44     6    49     5    70 0.88 # 10236 # 11363 # -1 # ID=16_11;partial=00;start_type=GTG;rbs_motif=GGA/GAG/AGG;rbs_spacer=11-12bp;gc_cont=0.395
Ga0485799_0016_11    -            376 1074831at2           -            386   3.5e-05   22.8   0.1   2   2       3.6   2.5e+02    0.3   0.0   333   344   298   309   287   316 0.81 # 10236 # 11363 # -1 # ID=16_11;partial=00;start_type=GTG;rbs_motif=GGA/GAG/AGG;rbs_spacer=11-12bp;gc_cont=0.395
Ga0485799_0063_21    -            428 1074831at2           -            386   3.9e-05   22.7   0.0   1   1   1.4e-06   9.4e-05   21.4   0.0     2    44     3    47     2    50 0.91 # 17930 # 19213 # -1 # ID=63_21;partial=00;start_type=ATG;rbs_motif=None;rbs_spacer=None;gc_cont=0.387
Ga0485799_0056_25    -            357 1074831at2           -            386   4.2e-05   22.6   0.0   1   1   2.4e-06   0.00016   20.7   0.0     1    38     1    40     1    51 0.90 # 32206 # 33276 # -1 # ID=56_25;partial=00;start_type=ATG;rbs_motif=None;rbs_spacer=None;gc_cont=0.422
Ga0485799_0140_14    -            379 1074831at2           -            386   4.3e-05   22.5   0.1   1   2   2.1e-05    0.0014   17.5   0.1     1    45     1    46     1    56 0.96 # 18354 # 19490 # 1 # ID=140_14;partial=00;start_type=ATG;rbs_motif=None;rbs_spacer=None;gc_cont=0.389
Ga0485799_0140_14    -            379 1074831at2           -            386   4.3e-05   22.5   0.1   2   2      0.59        40    2.9   0.0   306   348   266   315   229   335 0.74 # 18354 # 19490 # 1 # ID=140_14;partial=00;start_type=ATG;rbs_motif=None;rbs_spacer=None;gc_cont=0.389
Ga0485799_0019_34    -            571 1074831at2           -            386   4.6e-05   22.5   0.7   1   1   1.2e-06   8.4e-05   21.6   0.0     2    46     3    48     2    57 0.91 # 40348 # 42060 # 1 # ID=19_34;partial=00;start_type=ATG;rbs_motif=AGGAG;rbs_spacer=5-10bp;gc_cont=0.419
Ga0485799_0130_19    -            399 1074831at2           -            386   4.9e-05   22.4   0.5   1   1   1.1e-06   7.2e-05   21.8   0.5     1    45     1    46     1    64 0.84 # 20895 # 22091 # 1 # ID=130_19;partial=00;start_type=ATG;rbs_motif=AGGA;rbs_spacer=5-10bp;gc_cont=0.416
Ga0485799_0547_2     -            436 1074831at2           -            386   5.7e-05   22.1   2.5   1   2   1.7e-05    0.0011   17.9   0.1     2    46     3    49     2    53 0.89 # 558 # 1865 # -1 # ID=547_2;partial=00;start_type=ATG;rbs_motif=None;rbs_spacer=None;gc_cont=0.397
Ga0485799_0547_2     -            436 1074831at2           -            386   5.7e-05   22.1   2.5   2   2      0.46        31    3.3   0.1   314   351   293   335   280   343 0.68 # 558 # 1865 # -1 # ID=547_2;partial=00;start_type=ATG;rbs_motif=None;rbs_spacer=None;gc_cont=0.397
Ga0485799_0205_12    -            940 1074831at2           -            386     6e-05   22.1   0.1   1   4      0.74        50    2.6   0.0    20    36    24    40     6    60 0.74 # 11900 # 14719 # -1 # ID=205_12;partial=00;start_type=ATG;rbs_motif=None;rbs_spacer=None;gc_cont=0.460
Ga0485799_0205_12    -            940 1074831at2           -            386     6e-05   22.1   0.1   2   4      0.15        10    4.8   0.0   249   306   451   503   443   527 0.65 # 11900 # 14719 # -1 # ID=205_12;partial=00;start_type=ATG;rbs_motif=None;rbs_spacer=None;gc_cont=0.460
Ga0485799_0205_12    -            940 1074831at2           -            386     6e-05   22.1   0.1   3   4     0.038       2.6    6.8   0.0    16    38   628   651   621   677 0.77 # 11900 # 14719 # -1 # ID=205_12;partial=00;start_type=ATG;rbs_motif=None;rbs_spacer=None;gc_cont=0.460
Ga0485799_0205_12    -            940 1074831at2           -            386     6e-05   22.1   0.1   4   4       1.4        96    1.6   0.0   287   319   826   861   819   897 0.78 # 11900 # 14719 # -1 # ID=205_12;partial=00;start_type=ATG;rbs_motif=None;rbs_spacer=None;gc_cont=0.460
Ga0485799_0518_13    -            436 1074831at2           -            386   6.4e-05   22.0   2.7   1   2   1.7e-05    0.0011   17.9   0.1     2    46     3    49     2    53 0.89 # 6086 # 7393 # -1 # ID=518_13;partial=00;start_type=ATG;rbs_motif=None;rbs_spacer=None;gc_cont=0.395
Ga0485799_0518_13    -            436 1074831at2           -            386   6.4e-05   22.0   2.7   2   2      0.47        32    3.2   0.1   314   351   293   335   281   343 0.68 # 6086 # 7393 # -1 # ID=518_13;partial=00;start_type=ATG;rbs_motif=None;rbs_spacer=None;gc_cont=0.395
Ga0485799_0002_9     -            343 1074831at2           -            386   6.7e-05   21.9   0.0   1   2     4e-06   0.00027   19.9   0.0    22    47    35    60    20    71 0.84 # 8971 # 9999 # 1 # ID=2_9;partial=00;start_type=ATG;rbs_motif=GGAG/GAGG;rbs_spacer=5-10bp;gc_cont=0.325
Ga0485799_0002_9     -            343 1074831at2           -            386   6.7e-05   21.9   0.0   2   2       9.2   6.2e+02   -1.0   0.1   335   364   298   328   290   331 0.70 # 8971 # 9999 # 1 # ID=2_9;partial=00;start_type=ATG;rbs_motif=GGAG/GAGG;rbs_spacer=5-10bp;gc_cont=0.325
Ga0485799_0387_8     -            376 1074831at2           -            386   9.2e-05   21.5   0.0   1   1   2.1e-06   0.00014   20.9   0.0     1    47     1    48     1    57 0.88 # 9388 # 10515 # -1 # ID=387_8;partial=00;start_type=ATG;rbs_motif=GGAG/GAGG;rbs_spacer=5-10bp;gc_cont=0.418
Ga0485799_0124_27    -            466 1074831at2           -            386   9.8e-05   21.4   4.0   1   3   1.1e-05   0.00072   18.5   0.0     1    43     1    44     1    57 0.94 # 29589 # 30986 # 1 # ID=124_27;partial=00;start_type=ATG;rbs_motif=GGA/GAG/AGG;rbs_spacer=11-12bp;gc_cont=0.417
Ga0485799_0124_27    -            466 1074831at2           -            386   9.8e-05   21.4   4.0   2   3       2.8   1.9e+02    0.7   0.4   117   218   191   293   159   299 0.66 # 29589 # 30986 # 1 # ID=124_27;partial=00;start_type=ATG;rbs_motif=GGA/GAG/AGG;rbs_spacer=11-12bp;gc_cont=0.417
Ga0485799_0124_27    -            466 1074831at2           -            386   9.8e-05   21.4   4.0   3   3       1.6   1.1e+02    1.5   0.1   334   362   370   399   368   405 0.80 # 29589 # 30986 # 1 # ID=124_27;partial=00;start_type=ATG;rbs_motif=GGA/GAG/AGG;rbs_spacer=11-12bp;gc_cont=0.417
Ga0485799_0011_88    -            169 1074831at2           -            386   0.00011   21.2   0.0   1   1   2.6e-06   0.00017   20.6   0.0     1    43     1    44     1    59 0.93 # 83275 # 83781 # -1 # ID=11_88;partial=00;start_type=ATG;rbs_motif=None;rbs_spacer=None;gc_cont=0.393
Ga0485799_0191_9     -            411 1074831at2           -            386   0.00012   21.1   1.0   1   2   2.5e-05    0.0017   17.3   0.2     2    46    18    64    17    82 0.89 # 6843 # 8075 # 1 # ID=191_9;partial=00;start_type=ATG;rbs_motif=None;rbs_spacer=None;gc_cont=0.324
Ga0485799_0191_9     -            411 1074831at2           -            386   0.00012   21.1   1.0   2   2       1.3        85    1.8   0.0   313   347   277   316   269   328 0.74 # 6843 # 8075 # 1 # ID=191_9;partial=00;start_type=ATG;rbs_motif=None;rbs_spacer=None;gc_cont=0.324
Ga0485799_0028_15    -            356 1074831at2           -            386   0.00016   20.7   0.1   1   2   1.9e-05    0.0013   17.7   0.1     1    38     1    40     1    91 0.83 # 21136 # 22203 # 1 # ID=28_15;partial=00;start_type=ATG;rbs_motif=GGA/GAG/AGG;rbs_spacer=5-10bp;gc_cont=0.391
Ga0485799_0028_15    -            356 1074831at2           -            386   0.00016   20.7   0.1   2   2       3.3   2.2e+02    0.5   0.0   307   341   239   279   229   281 0.82 # 21136 # 22203 # 1 # ID=28_15;partial=00;start_type=ATG;rbs_motif=GGA/GAG/AGG;rbs_spacer=5-10bp;gc_cont=0.391
Ga0485799_0244_8     -            293 1074831at2           -            386   0.00017   20.5   0.0   1   1   4.1e-06   0.00028   19.9   0.0     2    43     6    48     5    66 0.90 # 8516 # 9394 # 1 # ID=244_8;partial=00;start_type=GTG;rbs_motif=AGGA/GGAG/GAGG;rbs_spacer=11-12bp;gc_cont=0.398
Ga0485799_0679_1     -             61 1074831at2           -            386   0.00017   20.5   0.0   1   1   2.8e-06   0.00019   20.4   0.0     1    56     1    57     1    60 0.87 # 3 # 185 # -1 # ID=679_1;partial=10;start_type=ATG;rbs_motif=None;rbs_spacer=None;gc_cont=0.372
Ga0485799_0054_34    -            349 1074831at2           -            386   0.00018   20.5   0.4   1   1   4.9e-06   0.00033   19.6   0.4     1    44     1    45     1    51 0.92 # 43045 # 44091 # -1 # ID=54_34;partial=00;start_type=ATG;rbs_motif=AGGA;rbs_spacer=5-10bp;gc_cont=0.396
Ga0485799_0087_29    -            424 1074831at2           -            386   0.00019   20.4   0.0   1   1   6.6e-06   0.00045   19.2   0.0     2    44    13    57    12    94 0.89 # 32874 # 34145 # 1 # ID=87_29;partial=00;start_type=ATG;rbs_motif=GGA/GAG/AGG;rbs_spacer=5-10bp;gc_cont=0.363
Ga0485799_0253_13    -            376 1074831at2           -            386    0.0002   20.4   0.2   1   1   8.8e-06    0.0006   18.8   0.0     3    45     4    48     2    51 0.87 # 7889 # 9016 # -1 # ID=253_13;partial=00;start_type=ATG;rbs_motif=GGA/GAG/AGG;rbs_spacer=5-10bp;gc_cont=0.443
Ga0485799_0034_4     -            375 1074831at2           -            386   0.00021   20.3   1.5   1   2   0.00075     0.051   12.4   0.0    17    46    21    50     6    74 0.84 # 3965 # 5089 # -1 # ID=34_4;partial=00;start_type=ATG;rbs_motif=GGA/GAG/AGG;rbs_spacer=5-10bp;gc_cont=0.381
Ga0485799_0034_4     -            375 1074831at2           -            386   0.00021   20.3   1.5   2   2      0.12       8.1    5.2   1.4   140   240   139   247   130   287 0.75 # 3965 # 5089 # -1 # ID=34_4;partial=00;start_type=ATG;rbs_motif=GGA/GAG/AGG;rbs_spacer=5-10bp;gc_cont=0.381
Ga0485799_0165_7     -            394 1074831at2           -            386   0.00022   20.2   0.0   1   2   2.3e-05    0.0015   17.4   0.0     2    42     7    48     6    54 0.91 # 3052 # 4233 # -1 # ID=165_7;partial=00;start_type=ATG;rbs_motif=GGA/GAG/AGG;rbs_spacer=5-10bp;gc_cont=0.405
Ga0485799_0165_7     -            394 1074831at2           -            386   0.00022   20.2   0.0   2   2       4.1   2.8e+02    0.1   0.0   328   348   321   341   312   362 0.81 # 3052 # 4233 # -1 # ID=165_7;partial=00;start_type=ATG;rbs_motif=GGA/GAG/AGG;rbs_spacer=5-10bp;gc_cont=0.405
Ga0485799_0330_14    -            461 1074831at2           -            386   0.00024   20.1   2.6   1   2   1.7e-05    0.0011   17.9   0.2     2    45    31    76    30    81 0.87 # 11870 # 13252 # 1 # ID=330_14;partial=00;start_type=ATG;rbs_motif=None;rbs_spacer=None;gc_cont=0.405
Ga0485799_0330_14    -            461 1074831at2           -            386   0.00024   20.1   2.6   2   2       2.4   1.7e+02    0.9   0.1   187   210   412   435   361   459 0.65 # 11870 # 13252 # 1 # ID=330_14;partial=00;start_type=ATG;rbs_motif=None;rbs_spacer=None;gc_cont=0.405
Ga0485799_0001_24    -            351 1074831at2           -            386   0.00025   20.1   0.0   1   1   5.4e-06   0.00037   19.5   0.0     2    74     3    85     2    90 0.78 # 23796 # 24848 # 1 # ID=1_24;partial=00;start_type=ATG;rbs_motif=GGAG/GAGG;rbs_spacer=5-10bp;gc_cont=0.383
Ga0485799_0272_8     -            354 1074831at2           -            386   0.00025   20.0   0.1   1   1     7e-06   0.00048   19.1   0.0     2    38    11    49    10    66 0.89 # 3137 # 4198 # -1 # ID=272_8;partial=00;start_type=ATG;rbs_motif=GGA/GAG/AGG;rbs_spacer=5-10bp;gc_cont=0.411
Ga0485799_0085_12    -             44 1074831at2           -            386   0.00031   19.7   0.0   1   1     5e-06   0.00034   19.6   0.0     2    37     3    40     2    42 0.85 # 16333 # 16464 # -1 # ID=85_12;partial=00;start_type=ATG;rbs_motif=GGA/GAG/AGG;rbs_spacer=11-12bp;gc_cont=0.417
Ga0485799_0027_56    -            371 1074831at2           -            386   0.00031   19.7   0.0   1   1   6.5e-06   0.00044   19.2   0.0     1    55     1    56     1    61 0.89 # 49586 # 50698 # 1 # ID=27_56;partial=00;start_type=ATG;rbs_motif=None;rbs_spacer=None;gc_cont=0.390
Ga0485799_0019_60    -            245 1074831at2           -            386   0.00032   19.7   0.2   1   1   6.7e-06   0.00046   19.2   0.2     1    45     1    46     1    53 0.91 # 68277 # 69011 # -1 # ID=19_60;partial=00;start_type=ATG;rbs_motif=GGA/GAG/AGG;rbs_spacer=5-10bp;gc_cont=0.389
Ga0485799_0187_15    -            147 1074831at2           -            386   0.00034   19.6   0.1   1   1   6.5e-06   0.00044   19.2   0.1     1    43    28    71    28    79 0.93 # 17287 # 17727 # 1 # ID=187_15;partial=00;start_type=ATG;rbs_motif=GGA/GAG/AGG;rbs_spacer=5-10bp;gc_cont=0.381
Ga0485799_0224_20    -            417 1074831at2           -            386   0.00038   19.4   0.0   1   2   3.5e-05    0.0024   16.8   0.0     2    43     4    46     2    50 0.93 # 19355 # 20605 # 1 # ID=224_20;partial=00;start_type=ATG;rbs_motif=None;rbs_spacer=None;gc_cont=0.333
Ga0485799_0224_20    -            417 1074831at2           -            386   0.00038   19.4   0.0   2   2       4.8   3.2e+02   -0.1   0.0   287   344   299   362   276   389 0.78 # 19355 # 20605 # 1 # ID=224_20;partial=00;start_type=ATG;rbs_motif=None;rbs_spacer=None;gc_cont=0.333
Ga0485799_0222_5     -            363 1074831at2           -            386   0.00038   19.4   0.1   1   2       2.4   1.6e+02    0.9   0.0     3    38     4    46     2    52 0.74 # 9466 # 10554 # 1 # ID=222_5;partial=00;start_type=ATG;rbs_motif=AGGA;rbs_spacer=5-10bp;gc_cont=0.320
Ga0485799_0222_5     -            363 1074831at2           -            386   0.00038   19.4   0.1   2   2   6.9e-05    0.0047   15.8   0.0   261   334   251   327   246   354 0.85 # 9466 # 10554 # 1 # ID=222_5;partial=00;start_type=ATG;rbs_motif=AGGA;rbs_spacer=5-10bp;gc_cont=0.320
Ga0485799_0037_32    -             79 1074831at2           -            386   0.00038   19.4   0.0   1   1     7e-06   0.00048   19.1   0.0     2    43     3    53     2    65 0.82 # 40626 # 40862 # -1 # ID=37_32;partial=00;start_type=ATG;rbs_motif=AGGA;rbs_spacer=5-10bp;gc_cont=0.426
Ga0485799_0357_4     -            419 1074831at2           -            386   0.00039   19.4   1.4   1   3   0.00037     0.025   13.4   0.1     2    45     3    48     2    62 0.89 # 3578 # 4834 # 1 # ID=357_4;partial=00;start_type=ATG;rbs_motif=None;rbs_spacer=None;gc_cont=0.402
Ga0485799_0357_4     -            419 1074831at2           -            386   0.00039   19.4   1.4   2   3      0.44        30    3.3   0.0   311   352   277   323   266   334 0.79 # 3578 # 4834 # 1 # ID=357_4;partial=00;start_type=ATG;rbs_motif=None;rbs_spacer=None;gc_cont=0.402
Ga0485799_0357_4     -            419 1074831at2           -            386   0.00039   19.4   1.4   3   3       9.6   6.5e+02   -1.1   0.1   183   212   370   399   356   415 0.73 # 3578 # 4834 # 1 # ID=357_4;partial=00;start_type=ATG;rbs_motif=None;rbs_spacer=None;gc_cont=0.402
Ga0485799_0079_28    -            393 1074831at2           -            386   0.00044   19.2   6.4   1   2     0.038       2.6    6.8   0.7     1    42     5    47     5    57 0.88 # 28926 # 30104 # 1 # ID=79_28;partial=00;start_type=ATG;rbs_motif=AGGA;rbs_spacer=5-10bp;gc_cont=0.347
Ga0485799_0079_28    -            393 1074831at2           -            386   0.00044   19.2   6.4   2   2   0.00011    0.0073   15.2   0.5   238   345   207   317   148   325 0.70 # 28926 # 30104 # 1 # ID=79_28;partial=00;start_type=ATG;rbs_motif=AGGA;rbs_spacer=5-10bp;gc_cont=0.347
Ga0485799_0345_9     -            373 1074831at2           -            386   0.00047   19.1   1.0   1   1   1.2e-05   0.00083   18.3   0.3     1    55     1    56     1    71 0.90 # 8697 # 9815 # -1 # ID=345_9;partial=00;start_type=ATG;rbs_motif=None;rbs_spacer=None;gc_cont=0.388
Ga0485799_0118_1     -            884 1074831at2           -            386   0.00052   19.0   2.7   1   4         2   1.4e+02    1.1   0.0    24    40   392   408   376   422 0.77 # 272 # 2923 # -1 # ID=118_1;partial=00;start_type=TTG;rbs_motif=GGAGG;rbs_spacer=5-10bp;gc_cont=0.501
Ga0485799_0118_1     -            884 1074831at2           -            386   0.00052   19.0   2.7   2   4   0.00054     0.037   12.9   0.2   277   355   495   580   454   592 0.73 # 272 # 2923 # -1 # ID=118_1;partial=00;start_type=TTG;rbs_motif=GGAGG;rbs_spacer=5-10bp;gc_cont=0.501
Ga0485799_0118_1     -            884 1074831at2           -            386   0.00052   19.0   2.7   3   4       8.7   5.9e+02   -0.9   0.2    21    40   663   683   645   700 0.75 # 272 # 2923 # -1 # ID=118_1;partial=00;start_type=TTG;rbs_motif=GGAGG;rbs_spacer=5-10bp;gc_cont=0.501
Ga0485799_0118_1     -            884 1074831at2           -            386   0.00052   19.0   2.7   4   4       1.5     1e+02    1.6   0.0   290   331   774   815   761   820 0.82 # 272 # 2923 # -1 # ID=118_1;partial=00;start_type=TTG;rbs_motif=GGAGG;rbs_spacer=5-10bp;gc_cont=0.501
Ga0485799_0019_62    -            389 1074831at2           -            386   0.00057   18.8   0.1   1   1   1.2e-05   0.00085   18.3   0.1     2    45     4    48     3    72 0.86 # 70025 # 71191 # -1 # ID=19_62;partial=00;start_type=ATG;rbs_motif=AGGAG;rbs_spacer=5-10bp;gc_cont=0.421
Ga0485799_0023_19    -            416 1074831at2           -            386   0.00067   18.6   0.1   1   1   1.6e-05    0.0011   18.0   0.1     2    45     4    48     3    69 0.87 # 20086 # 21333 # 1 # ID=23_19;partial=00;start_type=ATG;rbs_motif=AGGAG;rbs_spacer=5-10bp;gc_cont=0.425
Ga0485799_0919_1     -            196 1074831at2           -            386   0.00072   18.5   0.1   1   1   1.4e-05   0.00097   18.1   0.1     2    45     4    48     3    67 0.88 # 3 # 590 # -1 # ID=919_1;partial=10;start_type=ATG;rbs_motif=GGAG/GAGG;rbs_spacer=5-10bp;gc_cont=0.400
Ga0485799_0098_17    -            392 1074831at2           -            386   0.00079   18.4   0.0   1   2   0.00094     0.064   12.1   0.0     2    46     3    54     2    64 0.71 # 18719 # 19894 # 1 # ID=98_17;partial=00;start_type=ATG;rbs_motif=GGAG/GAGG;rbs_spacer=5-10bp;gc_cont=0.418
Ga0485799_0098_17    -            392 1074831at2           -            386   0.00079   18.4   0.0   2   2      0.27        18    4.0   0.0   308   349   283   329   266   337 0.79 # 18719 # 19894 # 1 # ID=98_17;partial=00;start_type=ATG;rbs_motif=GGAG/GAGG;rbs_spacer=5-10bp;gc_cont=0.418
Ga0485799_0756_4     -             66 1074831at2           -            386    0.0008   18.4   0.0   1   1   1.5e-05   0.00099   18.1   0.0     2    44     3    53     2    56 0.79 # 2337 # 2534 # -1 # ID=756_4;partial=00;start_type=ATG;rbs_motif=AGGA;rbs_spacer=5-10bp;gc_cont=0.369
Ga0485799_0850_2     -            139 1074831at2           -            386    0.0008   18.4   0.0   1   1   1.2e-05    0.0008   18.4   0.0     2    45     1    46     1   112 0.91 # 1155 # 1571 # -1 # ID=850_2;partial=00;start_type=ATG;rbs_motif=None;rbs_spacer=None;gc_cont=0.405
Ga0485799_0250_4     -            102 1074831at2           -            386   0.00082   18.3   0.1   1   1   1.4e-05   0.00092   18.2   0.1     1    55     1    56     1    66 0.90 # 5780 # 6085 # -1 # ID=250_4;partial=00;start_type=ATG;rbs_motif=GGA/GAG/AGG;rbs_spacer=5-10bp;gc_cont=0.395
Ga0485799_0216_22    -            309 1074831at2           -            386   0.00083   18.3   0.1   1   2    0.0001     0.007   15.3   0.0     1    44     1    46     1    58 0.88 # 16496 # 17422 # 1 # ID=216_22;partial=00;start_type=ATG;rbs_motif=GGA/GAG/AGG;rbs_spacer=5-10bp;gc_cont=0.394
Ga0485799_0216_22    -            309 1074831at2           -            386   0.00083   18.3   0.1   2   2       2.7   1.8e+02    0.7   0.0   328   342   241   255   233   264 0.89 # 16496 # 17422 # 1 # ID=216_22;partial=00;start_type=ATG;rbs_motif=GGA/GAG/AGG;rbs_spacer=5-10bp;gc_cont=0.394
Ga0485799_0453_5     -             66 1074831at2           -            386   0.00085   18.3   0.0   1   1   1.5e-05     0.001   18.0   0.0     2    44     3    53     2    56 0.78 # 6300 # 6497 # 1 # ID=453_5;partial=00;start_type=ATG;rbs_motif=AGGA;rbs_spacer=5-10bp;gc_cont=0.364
Ga0485799_0261_12    -            111 1074831at2           -            386   0.00085   18.3   0.0   1   1   1.6e-05    0.0011   18.0   0.0     8    43     5    42     2    49 0.78 # 10718 # 11050 # 1 # ID=261_12;partial=00;start_type=ATG;rbs_motif=AGGA;rbs_spacer=5-10bp;gc_cont=0.405
Ga0485799_0095_1     -            269 1074831at2           -            386   0.00087   18.3   0.5   1   1   1.8e-05    0.0012   17.8   0.5     1    44     1    45     1    52 0.92 # 2550 # 3356 # -1 # ID=95_1;partial=00;start_type=ATG;rbs_motif=GGA/GAG/AGG;rbs_spacer=5-10bp;gc_cont=0.382
Ga0485799_0015_23    -            110 1074831at2           -            386   0.00099   18.1   0.0   1   1   1.7e-05    0.0012   17.8   0.0     1    43    39    82    39    95 0.91 # 21685 # 22014 # 1 # ID=15_23;partial=00;start_type=ATG;rbs_motif=None;rbs_spacer=None;gc_cont=0.415
Ga0485799_0679_3     -            345 1074831at2           -            386     0.001   18.0   0.0   1   1     5e-05    0.0034   16.3   0.0     1    49     1    51     1    58 0.87 # 327 # 1361 # -1 # ID=679_3;partial=00;start_type=ATG;rbs_motif=GGA/GAG/AGG;rbs_spacer=5-10bp;gc_cont=0.354
Ga0485799_0019_21    -            375 1074831at2           -            386     0.001   18.0   0.1   1   2   7.9e-05    0.0054   15.6   0.0     1    45     1    47     1    94 0.90 # 29624 # 30748 # 1 # ID=19_21;partial=00;start_type=ATG;rbs_motif=AGGAG;rbs_spacer=5-10bp;gc_cont=0.371
Ga0485799_0019_21    -            375 1074831at2           -            386     0.001   18.0   0.1   2   2       9.6   6.5e+02   -1.1   0.0   327   342   307   322   274   326 0.90 # 29624 # 30748 # 1 # ID=19_21;partial=00;start_type=ATG;rbs_motif=AGGAG;rbs_spacer=5-10bp;gc_cont=0.371
Ga0485799_0013_70    -            372 1074831at2           -            386    0.0011   18.0   0.0   1   1   2.4e-05    0.0016   17.4   0.0     1    53     1    55     1    63 0.88 # 68734 # 69849 # 1 # ID=13_70;partial=00;start_type=ATG;rbs_motif=AGGA;rbs_spacer=5-10bp;gc_cont=0.406
Ga0485799_0048_22    -            347 1074831at2           -            386    0.0011   17.9   0.0   1   1   2.3e-05    0.0016   17.4   0.0     2    75     3    88     2    92 0.78 # 20817 # 21857 # -1 # ID=48_22;partial=00;start_type=ATG;rbs_motif=AGGAG;rbs_spacer=5-10bp;gc_cont=0.364
Ga0485799_0044_41    -            450 1074831at2           -            386    0.0011   17.9   3.7   1   2   0.00029     0.019   13.8   0.0     2    46     3    49     2    70 0.90 # 46635 # 47984 # 1 # ID=44_41;partial=00;start_type=ATG;rbs_motif=None;rbs_spacer=None;gc_cont=0.411
Ga0485799_0044_41    -            450 1074831at2           -            386    0.0011   17.9   3.7   2   2      0.21        14    4.4   0.1   311   347   296   337   284   358 0.85 # 46635 # 47984 # 1 # ID=44_41;partial=00;start_type=ATG;rbs_motif=None;rbs_spacer=None;gc_cont=0.411
Ga0485799_0044_8     -            450 1074831at2           -            386    0.0011   17.9   3.7   1   2   0.00029     0.019   13.8   0.0     2    46     3    49     2    70 0.90 # 4638 # 5987 # -1 # ID=44_8;partial=00;start_type=ATG;rbs_motif=None;rbs_spacer=None;gc_cont=0.412
Ga0485799_0044_8     -            450 1074831at2           -            386    0.0011   17.9   3.7   2   2      0.21        14    4.4   0.1   311   347   296   337   284   358 0.85 # 4638 # 5987 # -1 # ID=44_8;partial=00;start_type=ATG;rbs_motif=None;rbs_spacer=None;gc_cont=0.412
Ga0485799_0712_5     -            455 1074831at2           -            386    0.0011   17.9   1.5   1   3   0.00024     0.016   14.1   0.0     2    45     3    54     2    91 0.75 # 2874 # 4238 # -1 # ID=712_5;partial=00;start_type=ATG;rbs_motif=None;rbs_spacer=None;gc_cont=0.357
Ga0485799_0712_5     -            455 1074831at2           -            386    0.0011   17.9   1.5   2   3         3     2e+02    0.6   0.4    90   149   172   232   158   239 0.53 # 2874 # 4238 # -1 # ID=712_5;partial=00;start_type=ATG;rbs_motif=None;rbs_spacer=None;gc_cont=0.357
Ga0485799_0712_5     -            455 1074831at2           -            386    0.0011   17.9   1.5   3   3       7.1   4.8e+02   -0.7   0.0   312   347   304   344   295   353 0.70 # 2874 # 4238 # -1 # ID=712_5;partial=00;start_type=ATG;rbs_motif=None;rbs_spacer=None;gc_cont=0.357
Ga0485799_0090_21    -            289 1074831at2           -            386    0.0013   17.7   0.1   1   1   3.3e-05    0.0022   16.9   0.1     1    45     1    46     1    56 0.95 # 22344 # 23210 # -1 # ID=90_21;partial=00;start_type=ATG;rbs_motif=None;rbs_spacer=None;gc_cont=0.385
Ga0485799_0181_14    -            265 1074831at2           -            386    0.0014   17.5   0.6   1   2       3.1   2.1e+02    0.5   0.0    22    50    34    63    23    69 0.81 # 9342 # 10136 # 1 # ID=181_14;partial=00;start_type=ATG;rbs_motif=GGAG/GAGG;rbs_spacer=5-10bp;gc_cont=0.620
Ga0485799_0181_14    -            265 1074831at2           -            386    0.0014   17.5   0.6   2   2   0.00012    0.0082   15.0   0.2   279   368   128   219   117   226 0.80 # 9342 # 10136 # 1 # ID=181_14;partial=00;start_type=ATG;rbs_motif=GGAG/GAGG;rbs_spacer=5-10bp;gc_cont=0.620
Ga0485799_0033_10    -            167 1074831at2           -            386    0.0015   17.5   0.1   1   1   2.2e-05    0.0015   17.5   0.1     2    44    16    60    15   140 0.87 # 6227 # 6727 # -1 # ID=33_10;partial=00;start_type=ATG;rbs_motif=None;rbs_spacer=None;gc_cont=0.371
Ga0485799_0639_6     -            220 1074831at2           -            386    0.0015   17.5   0.1   1   2   6.2e-05    0.0042   16.0   0.1    22   136    30   145    21   154 0.86 # 4322 # 4981 # 1 # ID=639_6;partial=00;start_type=TTG;rbs_motif=GGAG/GAGG;rbs_spacer=5-10bp;gc_cont=0.311
Ga0485799_0639_6     -            220 1074831at2           -            386    0.0015   17.5   0.1   2   2       3.9   2.6e+02    0.2   0.0   290   312   138   159   126   197 0.72 # 4322 # 4981 # 1 # ID=639_6;partial=00;start_type=TTG;rbs_motif=GGAG/GAGG;rbs_spacer=5-10bp;gc_cont=0.311
Ga0485799_0536_4     -            402 1074831at2           -            386    0.0016   17.4   0.1   1   2   0.00021     0.014   14.2   0.1     2    43     3    53     2    57 0.79 # 4540 # 5745 # -1 # ID=536_4;partial=00;start_type=ATG;rbs_motif=AGGA;rbs_spacer=5-10bp;gc_cont=0.369
Ga0485799_0536_4     -            402 1074831at2           -            386    0.0016   17.4   0.1   2   2       4.5     3e+02    0.0   0.0   311   348   249   291   241   314 0.72 # 4540 # 5745 # -1 # ID=536_4;partial=00;start_type=ATG;rbs_motif=AGGA;rbs_spacer=5-10bp;gc_cont=0.369
Ga0485799_0094_13    -            450 1074831at2           -            386    0.0017   17.3   0.0   1   2   9.7e-05    0.0066   15.4   0.0     2    42     7    48     6    55 0.90 # 10899 # 12248 # 1 # ID=94_13;partial=00;start_type=ATG;rbs_motif=None;rbs_spacer=None;gc_cont=0.417
Ga0485799_0094_13    -            450 1074831at2           -            386    0.0017   17.3   0.0   2   2       9.8   6.7e+02   -1.1   0.0   333   348   326   341   315   377 0.83 # 10899 # 12248 # 1 # ID=94_13;partial=00;start_type=ATG;rbs_motif=None;rbs_spacer=None;gc_cont=0.417
Ga0485799_0679_5     -            312 1074831at2           -            386    0.0017   17.3   0.0   1   2   9.3e-05    0.0063   15.4   0.0     1    56     1    57     1    70 0.85 # 2665 # 3600 # -1 # ID=679_5;partial=00;start_type=ATG;rbs_motif=None;rbs_spacer=None;gc_cont=0.356
Ga0485799_0679_5     -            312 1074831at2           -            386    0.0017   17.3   0.0   2   2       7.9   5.4e+02   -0.8   0.0   327   342   244   259   186   261 0.80 # 2665 # 3600 # -1 # ID=679_5;partial=00;start_type=ATG;rbs_motif=None;rbs_spacer=None;gc_cont=0.356
Ga0485799_0595_8     -             92 1074831at2           -            386    0.0018   17.2   1.6   1   1     3e-05     0.002   17.0   1.6   202   269    20    84    10    89 0.83 # 6177 # 6452 # 1 # ID=595_8;partial=01;start_type=GTG;rbs_motif=GGA/GAG/AGG;rbs_spacer=11-12bp;gc_cont=0.482
Ga0485799_0032_23    -            461 1074831at2           -            386    0.0019   17.2   0.1   1   1   6.8e-05    0.0046   15.9   0.0     4    54     2    53     1    79 0.87 # 28833 # 30215 # 1 # ID=32_23;partial=00;start_type=ATG;rbs_motif=GGAG/GAGG;rbs_spacer=5-10bp;gc_cont=0.390
Ga0485799_0059_9     -            475 1074831at2           -            386    0.0019   17.1   0.1   1   1   0.00012     0.008   15.1   0.0     4    54     2    53     1    64 0.91 # 21056 # 22480 # 1 # ID=59_9;partial=00;start_type=ATG;rbs_motif=None;rbs_spacer=None;gc_cont=0.411
Ga0485799_0202_6     -            241 1074831at2           -            386    0.0022   16.9   0.2   1   2      0.05       3.4    6.4   0.0    24    72    31    79    20    89 0.77 # 4587 # 5309 # 1 # ID=202_6;partial=00;start_type=ATG;rbs_motif=AGGAG;rbs_spacer=5-10bp;gc_cont=0.419
Ga0485799_0202_6     -            241 1074831at2           -            386    0.0022   16.9   0.2   2   2      0.01      0.69    8.7   0.0   273   346   120   199   114   218 0.76 # 4587 # 5309 # 1 # ID=202_6;partial=00;start_type=ATG;rbs_motif=AGGAG;rbs_spacer=5-10bp;gc_cont=0.419
Ga0485799_0079_39    -            369 1074831at2           -            386    0.0022   16.9   1.0   1   2   0.00037     0.025   13.5   0.0    17    58    37    78    18    98 0.82 # 39106 # 40212 # 1 # ID=79_39;partial=00;start_type=ATG;rbs_motif=None;rbs_spacer=None;gc_cont=0.322
Ga0485799_0079_39    -            369 1074831at2           -            386    0.0022   16.9   1.0   2   2         1        71    2.1   0.2   195   241   202   249   163   314 0.56 # 39106 # 40212 # 1 # ID=79_39;partial=00;start_type=ATG;rbs_motif=None;rbs_spacer=None;gc_cont=0.322
Ga0485799_0045_23    -            372 1074831at2           -            386    0.0022   16.9   0.0   1   2   0.00025     0.017   14.0   0.0     1    44     1    46     1    58 0.88 # 21283 # 22398 # -1 # ID=45_23;partial=00;start_type=ATG;rbs_motif=None;rbs_spacer=None;gc_cont=0.382
Ga0485799_0045_23    -            372 1074831at2           -            386    0.0022   16.9   0.0   2   2       3.2   2.2e+02    0.5   0.0   328   342   305   319   268   323 0.88 # 21283 # 22398 # -1 # ID=45_23;partial=00;start_type=ATG;rbs_motif=None;rbs_spacer=None;gc_cont=0.382
Ga0485799_0018_27    -            347 1074831at2           -            386    0.0022   16.9   0.0   1   1   4.7e-05    0.0032   16.4   0.0     2    75     3    88     2    92 0.72 # 29679 # 30719 # -1 # ID=18_27;partial=00;start_type=ATG;rbs_motif=GGAG/GAGG;rbs_spacer=5-10bp;gc_cont=0.364
Ga0485799_0010_11    -            364 1074831at2           -            386    0.0024   16.8   0.0   1   2   0.00015      0.01   14.7   0.0     2    38     7    44     6    51 0.90 # 33650 # 34741 # -1 # ID=10_11;partial=00;start_type=ATG;rbs_motif=None;rbs_spacer=None;gc_cont=0.395
Ga0485799_0010_11    -            364 1074831at2           -            386    0.0024   16.8   0.0   2   2       7.4     5e+02   -0.7   0.0   302   354   263   310   236   317 0.72 # 33650 # 34741 # -1 # ID=10_11;partial=00;start_type=ATG;rbs_motif=None;rbs_spacer=None;gc_cont=0.395
Ga0485799_0177_11    -            339 1074831at2           -            386    0.0026   16.7   0.1   1   1   5.9e-05     0.004   16.1   0.1     1    55     1    57     1    99 0.78 # 13227 # 14243 # 1 # ID=177_11;partial=00;start_type=ATG;rbs_motif=AGGAG;rbs_spacer=5-10bp;gc_cont=0.420
Ga0485799_0007_69    -            358 1074831at2           -            386    0.0028   16.6   0.0   1   2   0.00033     0.022   13.6   0.0     2    44     3    53     2    60 0.85 # 88025 # 89098 # 1 # ID=7_69;partial=00;start_type=ATG;rbs_motif=GGA/GAG/AGG;rbs_spacer=5-10bp;gc_cont=0.353
Ga0485799_0007_69    -            358 1074831at2           -            386    0.0028   16.6   0.0   2   2       3.3   2.2e+02    0.4   0.0   291   345   278   340   257   343 0.65 # 88025 # 89098 # 1 # ID=7_69;partial=00;start_type=ATG;rbs_motif=GGA/GAG/AGG;rbs_spacer=5-10bp;gc_cont=0.353
Ga0485799_0077_16    -            543 1074831at2           -            386     0.003   16.5   0.3   1   1   0.00019     0.013   14.4   0.0     1    42     1    43     1    62 0.92 # 18664 # 20292 # 1 # ID=77_16;partial=00;start_type=ATG;rbs_motif=None;rbs_spacer=None;gc_cont=0.449
Ga0485799_0096_18    -            373 1074831at2           -            386    0.0035   16.3   0.1   1   1    0.0001    0.0068   15.3   0.0     3    43     7    49     5    53 0.89 # 18798 # 19916 # 1 # ID=96_18;partial=00;start_type=ATG;rbs_motif=GGA/GAG/AGG;rbs_spacer=5-10bp;gc_cont=0.402
Ga0485799_0064_31    -            377 1074831at2           -            386    0.0036   16.2   0.0   1   1   7.9e-05    0.0054   15.6   0.0     2    43    12    54    11    60 0.92 # 37982 # 39112 # -1 # ID=64_31;partial=00;start_type=ATG;rbs_motif=AGGAG;rbs_spacer=5-10bp;gc_cont=0.409
Ga0485799_0145_5     -            228 1074831at2           -            386    0.0036   16.2   0.1   1   2         3   2.1e+02    0.6   0.0    22    42    34    54    21    91 0.71 # 6103 # 6786 # -1 # ID=145_5;partial=00;start_type=ATG;rbs_motif=None;rbs_spacer=None;gc_cont=0.425
Ga0485799_0145_5     -            228 1074831at2           -            386    0.0036   16.2   0.1   2   2   0.00042     0.028   13.3   0.0   289   355   142   215   131   222 0.81 # 6103 # 6786 # -1 # ID=145_5;partial=00;start_type=ATG;rbs_motif=None;rbs_spacer=None;gc_cont=0.425
Ga0485799_0489_4     -            423 1074831at2           -            386    0.0037   16.2   3.2   1   2    0.0006     0.041   12.7   0.1     3    47     4    50     2   107 0.83 # 5517 # 6785 # 1 # ID=489_4;partial=00;start_type=ATG;rbs_motif=None;rbs_spacer=None;gc_cont=0.409
Ga0485799_0489_4     -            423 1074831at2           -            386    0.0037   16.2   3.2   2   2      0.63        43    2.8   0.0   310   348   277   320   263   329 0.83 # 5517 # 6785 # 1 # ID=489_4;partial=00;start_type=ATG;rbs_motif=None;rbs_spacer=None;gc_cont=0.409
Ga0485799_0391_11    -             48 1074831at2           -            386    0.0038   16.2   0.0   1   1   6.1e-05    0.0041   16.0   0.0    17    44     8    35     2    39 0.88 # 6276 # 6419 # -1 # ID=391_11;partial=00;start_type=ATG;rbs_motif=4Base/6BMM;rbs_spacer=13-15bp;gc_cont=0.417
Ga0485799_0023_4     -            103 1074831at2           -            386     0.004   16.1   0.1   1   1   7.2e-05    0.0049   15.8   0.1    19    47    29    57    17    63 0.89 # 1353 # 1661 # -1 # ID=23_4;partial=00;start_type=ATG;rbs_motif=AGGAG/GGAGG;rbs_spacer=11-12bp;gc_cont=0.414
Ga0485799_0044_44    -            356 1074831at2           -            386     0.004   16.1   0.0   1   2    0.0024      0.16   10.8   0.0     2    45     3    52     2    62 0.78 # 49393 # 50460 # -1 # ID=44_44;partial=00;start_type=ATG;rbs_motif=None;rbs_spacer=None;gc_cont=0.450
Ga0485799_0044_44    -            356 1074831at2           -            386     0.004   16.1   0.0   2   2      0.52        35    3.1   0.0   311   351   285   330   277   338 0.80 # 49393 # 50460 # -1 # ID=44_44;partial=00;start_type=ATG;rbs_motif=None;rbs_spacer=None;gc_cont=0.450
Ga0485799_0044_5     -            356 1074831at2           -            386     0.004   16.1   0.0   1   2    0.0024      0.16   10.8   0.0     2    45     3    52     2    62 0.78 # 2162 # 3229 # 1 # ID=44_5;partial=00;start_type=ATG;rbs_motif=None;rbs_spacer=None;gc_cont=0.451
Ga0485799_0044_5     -            356 1074831at2           -            386     0.004   16.1   0.0   2   2      0.52        35    3.1   0.0   311   351   285   330   277   338 0.80 # 2162 # 3229 # 1 # ID=44_5;partial=00;start_type=ATG;rbs_motif=None;rbs_spacer=None;gc_cont=0.451
Ga0485799_0847_2     -            408 1074831at2           -            386    0.0041   16.0   0.0   1   1   8.6e-05    0.0059   15.5   0.0     1    45     1    47     1    83 0.81 # 1020 # 2243 # 1 # ID=847_2;partial=00;start_type=ATG;rbs_motif=AGGAG;rbs_spacer=5-10bp;gc_cont=0.367
Ga0485799_0003_20    -            432 1074831at2           -            386    0.0044   15.9   0.9   1   3    0.0009     0.061   12.2   0.0     2    46    36    82    35    96 0.90 # 26046 # 27341 # -1 # ID=3_20;partial=00;start_type=ATG;rbs_motif=None;rbs_spacer=None;gc_cont=0.354
Ga0485799_0003_20    -            432 1074831at2           -            386    0.0044   15.9   0.9   2   3       6.6   4.5e+02   -0.5   0.0   251   274   146   169   139   176 0.87 # 26046 # 27341 # -1 # ID=3_20;partial=00;start_type=ATG;rbs_motif=None;rbs_spacer=None;gc_cont=0.354
Ga0485799_0003_20    -            432 1074831at2           -            386    0.0044   15.9   0.9   3   3       3.8   2.5e+02    0.3   0.2   191   233   356   398   304   419 0.64 # 26046 # 27341 # -1 # ID=3_20;partial=00;start_type=ATG;rbs_motif=None;rbs_spacer=None;gc_cont=0.354
Ga0485799_0021_42    -             43 1074831at2           -            386    0.0044   15.9   0.0   1   1   6.5e-05    0.0044   15.9   0.0     4    35     2    34     1    41 0.89 # 51036 # 51164 # 1 # ID=21_42;partial=00;start_type=ATG;rbs_motif=GGA/GAG/AGG;rbs_spacer=5-10bp;gc_cont=0.372
Ga0485799_0502_6     -            849 1074831at2           -            386    0.0045   15.9   4.8   1   2      0.02       1.3    7.8   0.0    25    55   383   414   375   442 0.75 # 6056 # 8602 # -1 # ID=502_6;partial=01;start_type=Edge;rbs_motif=None;rbs_spacer=None;gc_cont=0.404
Ga0485799_0502_6     -            849 1074831at2           -            386    0.0045   15.9   4.8   2   2    0.0099      0.67    8.7   1.0   210   272   719   782   702   796 0.79 # 6056 # 8602 # -1 # ID=502_6;partial=01;start_type=Edge;rbs_motif=None;rbs_spacer=None;gc_cont=0.404
Ga0485799_0081_28    -            366 1074831at2           -            386    0.0047   15.8   0.0   1   1   9.4e-05    0.0064   15.4   0.0     3    53    23    78    21   139 0.73 # 23091 # 24188 # 1 # ID=81_28;partial=00;start_type=ATG;rbs_motif=GGAG/GAGG;rbs_spacer=5-10bp;gc_cont=0.353
Ga0485799_0093_29    -            325 1074831at2           -            386    0.0055   15.6   1.6   1   2      0.45        30    3.3   0.0    24    41    41    58    25    92 0.83 # 33795 # 34769 # 1 # ID=93_29;partial=00;start_type=ATG;rbs_motif=AGGAG;rbs_spacer=5-10bp;gc_cont=0.478
Ga0485799_0093_29    -            325 1074831at2           -            386    0.0055   15.6   1.6   2   2    0.0014     0.093   11.6   0.4   279   355   148   231   110   241 0.77 # 33795 # 34769 # 1 # ID=93_29;partial=00;start_type=ATG;rbs_motif=AGGAG;rbs_spacer=5-10bp;gc_cont=0.478
Ga0485799_0075_22    -            110 1074831at2           -            386    0.0061   15.5   0.0   1   1   0.00011    0.0072   15.2   0.0     6    55     4    55     3    82 0.86 # 23962 # 24291 # -1 # ID=75_22;partial=00;start_type=ATG;rbs_motif=GGAG/GAGG;rbs_spacer=5-10bp;gc_cont=0.379
Ga0485799_0075_18    -            111 1074831at2           -            386    0.0061   15.5   0.0   1   1   8.9e-05    0.0061   15.5   0.0     6    55     4    55     3   102 0.88 # 21972 # 22304 # -1 # ID=75_18;partial=00;start_type=ATG;rbs_motif=GGAG/GAGG;rbs_spacer=5-10bp;gc_cont=0.381
Ga0485799_0012_28    -            237 1074831at2           -            386    0.0062   15.4   1.0   1   2      0.38        26    3.5   0.2    23    41    35    53    17   115 0.81 # 19296 # 20006 # -1 # ID=12_28;partial=00;start_type=ATG;rbs_motif=None;rbs_spacer=None;gc_cont=0.471
Ga0485799_0012_28    -            237 1074831at2           -            386    0.0062   15.4   1.0   2   2    0.0022      0.15   10.9   0.1   288   320   121   153   110   198 0.73 # 19296 # 20006 # -1 # ID=12_28;partial=00;start_type=ATG;rbs_motif=None;rbs_spacer=None;gc_cont=0.471
Ga0485799_0008_68    -            435 1074831at2           -            386    0.0069   15.3   0.1   1   2    0.0001    0.0069   15.3   0.1     3    44     4    47     2    57 0.83 # 51182 # 52486 # 1 # ID=8_68;partial=00;start_type=ATG;rbs_motif=GGAG/GAGG;rbs_spacer=5-10bp;gc_cont=0.389
Ga0485799_0008_68    -            435 1074831at2           -            386    0.0069   15.3   0.1   2   2       2.1   1.4e+02    1.1   0.2   310   349   294   338   177   349 0.58 # 51182 # 52486 # 1 # ID=8_68;partial=00;start_type=ATG;rbs_motif=GGAG/GAGG;rbs_spacer=5-10bp;gc_cont=0.389
Ga0485799_0121_4     -            103 1074831at2           -            386     0.007   15.3   0.3   1   1   0.00013     0.009   14.9   0.3    19    47    29    57    22    63 0.88 # 2413 # 2721 # 1 # ID=121_4;partial=00;start_type=ATG;rbs_motif=None;rbs_spacer=None;gc_cont=0.430
Ga0485799_0339_8     -            354 1074831at2           -            386    0.0072   15.2   0.8   1   1   0.00024     0.017   14.0   0.1     2    46     3    55     2    84 0.81 # 5777 # 6838 # -1 # ID=339_8;partial=00;start_type=ATG;rbs_motif=AGGA;rbs_spacer=5-10bp;gc_cont=0.384
Ga0485799_0090_22    -            300 1074831at2           -            386    0.0073   15.2   0.4   1   1   0.00026     0.017   14.0   0.1     4    36     2    35     1    38 0.93 # 23260 # 24159 # -1 # ID=90_22;partial=00;start_type=ATG;rbs_motif=GGAG/GAGG;rbs_spacer=5-10bp;gc_cont=0.287
Ga0485799_0090_9     -            376 1074831at2           -            386    0.0075   15.2   3.6   1   2     0.059         4    6.2   0.0    22    88    27    94    17    97 0.75 # 9279 # 10406 # 1 # ID=90_9;partial=00;start_type=ATG;rbs_motif=None;rbs_spacer=None;gc_cont=0.341
Ga0485799_0090_9     -            376 1074831at2           -            386    0.0075   15.2   3.6   2   2     0.027       1.9    7.3   3.3    76   176   116   217   103   277 0.87 # 9279 # 10406 # 1 # ID=90_9;partial=00;start_type=ATG;rbs_motif=None;rbs_spacer=None;gc_cont=0.341
Ga0485799_1119_2     -            145 1074831at2           -            386    0.0075   15.2   0.0   1   2     0.028       1.9    7.2   0.0    23    52    27    56    13    68 0.81 # 1394 # 1828 # 1 # ID=1119_2;partial=01;start_type=ATG;rbs_motif=AGGA/GGAG/GAGG;rbs_spacer=11-12bp;gc_cont=0.292
Ga0485799_1119_2     -            145 1074831at2           -            386    0.0075   15.2   0.0   2   2     0.057       3.9    6.2   0.0   290   315   118   143    94   144 0.92 # 1394 # 1828 # 1 # ID=1119_2;partial=01;start_type=ATG;rbs_motif=AGGA/GGAG/GAGG;rbs_spacer=11-12bp;gc_cont=0.292
Ga0485799_0155_15    -            431 1074831at2           -            386    0.0078   15.1   0.0   1   1   0.00037     0.025   13.4   0.0     2    42    24    66    23    69 0.87 # 18740 # 20032 # 1 # ID=155_15;partial=00;start_type=ATG;rbs_motif=None;rbs_spacer=None;gc_cont=0.403
Ga0485799_0103_8     -            227 1074831at2           -            386    0.0091   14.9   0.7   1   2      0.42        28    3.4   0.2    24    40    39    55    22    60 0.84 # 7420 # 8100 # 1 # ID=103_8;partial=00;start_type=ATG;rbs_motif=GGA/GAG/AGG;rbs_spacer=11-12bp;gc_cont=0.505
Ga0485799_0103_8     -            227 1074831at2           -            386    0.0091   14.9   0.7   2   2    0.0043      0.29    9.9   0.0   273   354   129   217   123   221 0.80 # 7420 # 8100 # 1 # ID=103_8;partial=00;start_type=ATG;rbs_motif=GGA/GAG/AGG;rbs_spacer=11-12bp;gc_cont=0.505
Ga0485799_0027_43    -            421 1074831at2           -            386    0.0094   14.8   0.1   1   1   0.00019     0.013   14.4   0.1     1    47     1    49     1    66 0.79 # 36044 # 37306 # -1 # ID=27_43;partial=00;start_type=ATG;rbs_motif=AGGAG;rbs_spacer=5-10bp;gc_cont=0.342
Ga0485799_0003_41    -            367 1074831at2           -            386    0.0094   14.8   0.0   1   1   0.00023     0.016   14.1   0.0     2    43    12    54    11    60 0.92 # 49312 # 50412 # 1 # ID=3_41;partial=00;start_type=ATG;rbs_motif=AGGA;rbs_spacer=5-10bp;gc_cont=0.398
Ga0485799_0039_59    -             87 1074831at2           -            386      0.01   14.8   0.0   1   1   0.00015      0.01   14.8   0.0    18    48    20    50     2    80 0.82 # 52510 # 52770 # 1 # ID=39_59;partial=00;start_type=ATG;rbs_motif=GGA/GAG/AGG;rbs_spacer=5-10bp;gc_cont=0.337
Ga0485799_0033_49    -            364 1074831at2           -            386      0.01   14.7   0.0   1   1   0.00035     0.024   13.5   0.0     2    43     7    49     6    52 0.93 # 48350 # 49441 # -1 # ID=33_49;partial=00;start_type=ATG;rbs_motif=AGGA;rbs_spacer=5-10bp;gc_cont=0.392
Ga0485799_0050_8     -            524 1074831at2           -            386     0.011   14.6   1.7   1   3       1.6   1.1e+02    1.5   0.0    24    40    37    51    25    68 0.81 # 7955 # 9526 # -1 # ID=50_8;partial=00;start_type=ATG;rbs_motif=None;rbs_spacer=None;gc_cont=0.437
Ga0485799_0050_8     -            524 1074831at2           -            386     0.011   14.6   1.7   2   3     0.018       1.3    7.9   0.0   279   333   142   196   133   243 0.74 # 7955 # 9526 # -1 # ID=50_8;partial=00;start_type=ATG;rbs_motif=None;rbs_spacer=None;gc_cont=0.437
Ga0485799_0050_8     -            524 1074831at2           -            386     0.011   14.6   1.7   3   3       1.3        85    1.8   0.0   290   332   415   457   404   495 0.77 # 7955 # 9526 # -1 # ID=50_8;partial=00;start_type=ATG;rbs_motif=None;rbs_spacer=None;gc_cont=0.437
Ga0485799_0044_22    -            374 1074831at2           -            386     0.011   14.6   0.2   1   1   0.00031     0.021   13.7   0.1     2    38    38    75    37   101 0.88 # 21575 # 22696 # -1 # ID=44_22;partial=00;start_type=ATG;rbs_motif=None;rbs_spacer=None;gc_cont=0.385
Ga0485799_0044_27    -            374 1074831at2           -            386     0.011   14.6   0.2   1   1   0.00031     0.021   13.7   0.1     2    38    38    75    37   101 0.88 # 29926 # 31047 # 1 # ID=44_27;partial=00;start_type=ATG;rbs_motif=None;rbs_spacer=None;gc_cont=0.384
Ga0485799_0049_39    -            289 1074831at2           -            386     0.013   14.4   0.1   1   1   0.00026     0.018   13.9   0.1     4    38     2    37     1    63 0.90 # 40102 # 40968 # -1 # ID=49_39;partial=00;start_type=ATG;rbs_motif=GGA/GAG/AGG;rbs_spacer=11-12bp;gc_cont=0.310
Ga0485799_0007_27    -            380 1074831at2           -            386     0.013   14.4   0.0   1   1    0.0003      0.02   13.8   0.0     2    43    10    52     9    57 0.92 # 33200 # 34339 # -1 # ID=7_27;partial=00;start_type=ATG;rbs_motif=GGAG/GAGG;rbs_spacer=5-10bp;gc_cont=0.411
Ga0485799_0025_57    -            367 1074831at2           -            386     0.014   14.3   0.4   1   1   0.00035     0.024   13.5   0.0     1    40     1    41     1    59 0.89 # 54678 # 55778 # -1 # ID=25_57;partial=00;start_type=ATG;rbs_motif=AGGA;rbs_spacer=5-10bp;gc_cont=0.358
Ga0485799_0081_26    -             54 1074831at2           -            386     0.014   14.3   0.0   1   1   0.00023     0.016   14.1   0.0     2    44     3    52     2    53 0.83 # 22100 # 22261 # 1 # ID=81_26;partial=00;start_type=ATG;rbs_motif=GGA/GAG/AGG;rbs_spacer=11-12bp;gc_cont=0.364
Ga0485799_0107_21    -             73 1074831at2           -            386     0.014   14.3   0.0   1   1   0.00021     0.014   14.3   0.0     1    58     1    54     1    71 0.79 # 20868 # 21086 # -1 # ID=107_21;partial=00;start_type=ATG;rbs_motif=GGA/GAG/AGG;rbs_spacer=5-10bp;gc_cont=0.356
Ga0485799_0021_45    -            356 1074831at2           -            386     0.015   14.2   0.1   1   1   0.00037     0.025   13.4   0.1     2    42     4    45     3    53 0.88 # 55218 # 56285 # 1 # ID=21_45;partial=00;start_type=ATG;rbs_motif=None;rbs_spacer=None;gc_cont=0.361
Ga0485799_0199_16    -            381 1074831at2           -            386     0.015   14.2   0.1   1   1   0.00092     0.063   12.1   0.0     2    43     4    47     3    54 0.89 # 15617 # 16759 # -1 # ID=199_16;partial=00;start_type=ATG;rbs_motif=None;rbs_spacer=None;gc_cont=0.375
Ga0485799_0019_42    -            360 1074831at2           -            386     0.015   14.2   0.0   1   1   0.00031     0.021   13.7   0.0     1    44     1    46     1    65 0.81 # 48369 # 49448 # 1 # ID=19_42;partial=00;start_type=ATG;rbs_motif=GGAGG;rbs_spacer=5-10bp;gc_cont=0.350
Ga0485799_0101_16    -            382 1074831at2           -            386     0.015   14.2   0.0   1   1   0.00087     0.059   12.2   0.0     2    43     4    47     3    54 0.89 # 19949 # 21094 # -1 # ID=101_16;partial=00;start_type=ATG;rbs_motif=None;rbs_spacer=None;gc_cont=0.369
Ga0485799_0155_3     -            402 1074831at2           -            386     0.016   14.1   0.1   1   2      0.71        48    2.6   0.0    22    39   135   152   126   160 0.89 # 3285 # 4490 # 1 # ID=155_3;partial=00;start_type=ATG;rbs_motif=GGA/GAG/AGG;rbs_spacer=5-10bp;gc_cont=0.421
Ga0485799_0155_3     -            402 1074831at2           -            386     0.016   14.1   0.1   2   2    0.0077      0.52    9.1   0.0   289   334   257   302   249   321 0.93 # 3285 # 4490 # 1 # ID=155_3;partial=00;start_type=ATG;rbs_motif=GGA/GAG/AGG;rbs_spacer=5-10bp;gc_cont=0.421
Ga0485799_0145_11    -            982 1074831at2           -            386     0.016   14.1   0.0   1   1   0.00047     0.032   13.1   0.0     1    43    17    60    17    76 0.91 # 11200 # 14145 # -1 # ID=145_11;partial=00;start_type=ATG;rbs_motif=None;rbs_spacer=None;gc_cont=0.393
Ga0485799_0154_8     -            390 1074831at2           -            386     0.016   14.1   0.0   1   1   0.00054     0.037   12.9   0.0     2    43    14    56    13    61 0.92 # 11872 # 13041 # 1 # ID=154_8;partial=00;start_type=ATG;rbs_motif=None;rbs_spacer=None;gc_cont=0.415
Ga0485799_0024_10    -            345 1074831at2           -            386     0.016   14.1   0.0   1   2    0.0016      0.11   11.4   0.0     3    43     4    53     2    73 0.75 # 7288 # 8322 # -1 # ID=24_10;partial=00;start_type=ATG;rbs_motif=None;rbs_spacer=None;gc_cont=0.371
Ga0485799_0024_10    -            345 1074831at2           -            386     0.016   14.1   0.0   2   2       4.8   3.3e+02   -0.1   0.0   333   350   279   296   244   306 0.66 # 7288 # 8322 # -1 # ID=24_10;partial=00;start_type=ATG;rbs_motif=None;rbs_spacer=None;gc_cont=0.371
Ga0485799_0116_27    -            406 1074831at2           -            386     0.017   14.0   0.1   1   1   0.00045      0.03   13.2   0.1     1    44     1    47     1    55 0.86 # 23750 # 24967 # 1 # ID=116_27;partial=00;start_type=ATG;rbs_motif=GGA/GAG/AGG;rbs_spacer=5-10bp;gc_cont=0.332
Ga0485799_0055_25    -            367 1074831at2           -            386     0.017   14.0   0.0   1   1   0.00045      0.03   13.2   0.0     2    45     3    48     2    69 0.89 # 37653 # 38753 # -1 # ID=55_25;partial=00;start_type=ATG;rbs_motif=AGGA;rbs_spacer=5-10bp;gc_cont=0.308
Ga0485799_0456_8     -            700 1074831at2           -            386     0.018   13.9   0.1   1   2       1.8   1.2e+02    1.3   0.0    12    58   478   527   476   535 0.76 # 7461 # 9560 # 1 # ID=456_8;partial=00;start_type=ATG;rbs_motif=AGGA;rbs_spacer=5-10bp;gc_cont=0.336
Ga0485799_0456_8     -            700 1074831at2           -            386     0.018   13.9   0.1   2   2    0.0042      0.29   10.0   0.0   263   317   573   627   566   644 0.90 # 7461 # 9560 # 1 # ID=456_8;partial=00;start_type=ATG;rbs_motif=AGGA;rbs_spacer=5-10bp;gc_cont=0.336
Ga0485799_0001_44    -            395 1074831at2           -            386     0.018   13.9   0.1   1   1   0.00081     0.055   12.3   0.1     3    56     4    58     1    74 0.82 # 60688 # 61872 # 1 # ID=1_44;partial=00;start_type=ATG;rbs_motif=None;rbs_spacer=None;gc_cont=0.346
Ga0485799_0017_7     -            375 1074831at2           -            386      0.02   13.8   0.0   1   1   0.00044      0.03   13.2   0.0     2    43     5    48     4    52 0.84 # 7037 # 8161 # -1 # ID=17_7;partial=00;start_type=ATG;rbs_motif=GGA/GAG/AGG;rbs_spacer=11-12bp;gc_cont=0.412
Ga0485799_0011_24    -            369 1074831at2           -            386     0.021   13.7   0.0   1   1   0.00043     0.029   13.2   0.0     4    43     4    44     1    50 0.92 # 19937 # 21043 # 1 # ID=11_24;partial=00;start_type=GTG;rbs_motif=GGAG/GAGG;rbs_spacer=5-10bp;gc_cont=0.390
Ga0485799_0191_5     -            448 1074831at2           -            386     0.022   13.7   0.8   1   2   0.00032     0.022   13.7   0.8     3    36     2    36     1    46 0.91 # 3501 # 4844 # 1 # ID=191_5;partial=00;start_type=ATG;rbs_motif=None;rbs_spacer=None;gc_cont=0.337
Ga0485799_0191_5     -            448 1074831at2           -            386     0.022   13.7   0.8   2   2       6.5   4.4e+02   -0.5   2.7   175   248    87   159    42   164 0.74 # 3501 # 4844 # 1 # ID=191_5;partial=00;start_type=ATG;rbs_motif=None;rbs_spacer=None;gc_cont=0.337
Ga0485799_0128_8     -             54 1074831at2           -            386     0.022   13.7   0.1   1   1   0.00041     0.028   13.3   0.1     2    40     3    49     2    51 0.80 # 6704 # 6865 # 1 # ID=128_8;partial=00;start_type=ATG;rbs_motif=GGA/GAG/AGG;rbs_spacer=5-10bp;gc_cont=0.358
Ga0485799_0110_24    -            558 1074831at2           -            386     0.022   13.6   0.0   1   1   0.00048     0.033   13.1   0.0     1    42     1    43     1    68 0.89 # 25389 # 27062 # -1 # ID=110_24;partial=00;start_type=GTG;rbs_motif=GGAG/GAGG;rbs_spacer=5-10bp;gc_cont=0.408
Ga0485799_0002_68    -            414 1074831at2           -            386     0.023   13.6   0.1   1   2    0.0012     0.081   11.8   0.0     2    38    59    96    58   123 0.85 # 73830 # 75071 # 1 # ID=2_68;partial=00;start_type=ATG;rbs_motif=None;rbs_spacer=None;gc_cont=0.419
Ga0485799_0002_68    -            414 1074831at2           -            386     0.023   13.6   0.1   2   2        10   6.8e+02   -1.1   0.0   308   346   318   361   306   384 0.74 # 73830 # 75071 # 1 # ID=2_68;partial=00;start_type=ATG;rbs_motif=None;rbs_spacer=None;gc_cont=0.419
Ga0485799_0103_14    -            443 1074831at2           -            386     0.024   13.5   0.1   1   2   0.00035     0.024   13.5   0.1     3    44     4    47     2    58 0.86 # 12567 # 13895 # 1 # ID=103_14;partial=00;start_type=ATG;rbs_motif=GGAG/GAGG;rbs_spacer=5-10bp;gc_cont=0.408
Ga0485799_0103_14    -            443 1074831at2           -            386     0.024   13.5   0.1   2   2      0.51        35    3.1   0.2   218   349   210   346   195   353 0.68 # 12567 # 13895 # 1 # ID=103_14;partial=00;start_type=ATG;rbs_motif=GGAG/GAGG;rbs_spacer=5-10bp;gc_cont=0.408
Ga0485799_0342_5     -            163 1074831at2           -            386     0.024   13.5   0.2   1   1   0.00049     0.034   13.0   0.2    10    66    30    84    26   109 0.72 # 4768 # 5256 # -1 # ID=342_5;partial=00;start_type=ATG;rbs_motif=None;rbs_spacer=None;gc_cont=0.376
Ga0485799_0063_32    -            355 1074831at2           -            386     0.026   13.4   0.1   1   1     0.001     0.069   12.0   0.0    15    46    25    56     3    61 0.84 # 36215 # 37279 # -1 # ID=63_32;partial=00;start_type=ATG;rbs_motif=None;rbs_spacer=None;gc_cont=0.441
Ga0485799_0235_5     -            532 1074831at2           -            386     0.027   13.4   0.1   1   1   0.00093     0.063   12.1   0.1     4    44   186   227   185   234 0.91 # 2335 # 3930 # 1 # ID=235_5;partial=00;start_type=ATG;rbs_motif=GGAG/GAGG;rbs_spacer=5-10bp;gc_cont=0.387
Ga0485799_0286_12    -            361 1074831at2           -            386     0.028   13.3   0.0   1   1   0.00062     0.042   12.7   0.0     5    44     8    49     5   112 0.74 # 11543 # 12625 # 1 # ID=286_12;partial=00;start_type=ATG;rbs_motif=GGA/GAG/AGG;rbs_spacer=5-10bp;gc_cont=0.383
Ga0485799_0328_3     -            126 1074831at2           -            386     0.029   13.3   0.0   1   1   0.00045     0.031   13.2   0.0    16    48    20    52     4    86 0.75 # 1518 # 1895 # 1 # ID=328_3;partial=00;start_type=ATG;rbs_motif=GGAG/GAGG;rbs_spacer=5-10bp;gc_cont=0.336
Ga0485799_0007_47    -            348 1074831at2           -            386     0.029   13.2   0.0   1   2    0.0017      0.11   11.3   0.0     2    38     5    42     4    49 0.90 # 60681 # 61724 # 1 # ID=7_47;partial=00;start_type=ATG;rbs_motif=4Base/6BMM;rbs_spacer=13-15bp;gc_cont=0.402
Ga0485799_0007_47    -            348 1074831at2           -            386     0.029   13.2   0.0   2   2       8.9     6e+02   -1.0   0.0   302   354   247   294   229   302 0.73 # 60681 # 61724 # 1 # ID=7_47;partial=00;start_type=ATG;rbs_motif=4Base/6BMM;rbs_spacer=13-15bp;gc_cont=0.402
Ga0485799_0078_3     -            386 1074831at2           -            386     0.029   13.2   0.1   1   2      0.25        17    4.2   0.0     1    43     1    44     1    60 0.90 # 2177 # 3334 # 1 # ID=78_3;partial=00;start_type=ATG;rbs_motif=None;rbs_spacer=None;gc_cont=0.429
Ga0485799_0078_3     -            386 1074831at2           -            386     0.029   13.2   0.1   2   2     0.033       2.2    7.0   0.0   290   352   274   342   264   363 0.69 # 2177 # 3334 # 1 # ID=78_3;partial=00;start_type=ATG;rbs_motif=None;rbs_spacer=None;gc_cont=0.429
Ga0485799_0314_8     -            341 1074831at2           -            386     0.029   13.2   0.0   1   1    0.0008     0.054   12.3   0.0    15    43    14    42     3    46 0.80 # 10041 # 11063 # 1 # ID=314_8;partial=00;start_type=ATG;rbs_motif=AGGA;rbs_spacer=5-10bp;gc_cont=0.402
Ga0485799_0372_3     -            188 1074831at2           -            386     0.029   13.2   0.0   1   1   0.00053     0.036   12.9   0.0     2    46     3    49     2    96 0.85 # 1150 # 1713 # -1 # ID=372_3;partial=00;start_type=ATG;rbs_motif=GGA/GAG/AGG;rbs_spacer=5-10bp;gc_cont=0.369
Ga0485799_0153_25    -            364 1074831at2           -            386     0.031   13.1   0.0   1   1   0.00066     0.045   12.6   0.0     1    43     1    46     1    69 0.89 # 25178 # 26269 # 1 # ID=153_25;partial=00;start_type=ATG;rbs_motif=None;rbs_spacer=None;gc_cont=0.423
Ga0485799_0038_8     -            366 1074831at2           -            386     0.031   13.1   0.1   1   1   0.00096     0.065   12.1   0.1     2    43     8    51     7    58 0.83 # 7207 # 8304 # 1 # ID=38_8;partial=00;start_type=ATG;rbs_motif=GGA/GAG/AGG;rbs_spacer=5-10bp;gc_cont=0.394
Ga0485799_0066_8     -            322 1074831at2           -            386     0.032   13.1   0.0   1   1   0.00076     0.051   12.4   0.0     2    37     4    40     3    50 0.89 # 7157 # 8122 # -1 # ID=66_8;partial=00;start_type=ATG;rbs_motif=None;rbs_spacer=None;gc_cont=0.401
Ga0485799_0003_48    -            354 1074831at2           -            386     0.033   13.1   0.0   1   1    0.0012     0.082   11.7   0.0     2    44     3    53     2    58 0.79 # 60633 # 61694 # -1 # ID=3_48;partial=00;start_type=ATG;rbs_motif=None;rbs_spacer=None;gc_cont=0.397
Ga0485799_0109_3     -            322 1074831at2           -            386     0.033   13.0   0.0   1   1   0.00069     0.047   12.5   0.0     4    62     2    61     1    87 0.83 # 726 # 1691 # -1 # ID=109_3;partial=00;start_type=ATG;rbs_motif=GGA/GAG/AGG;rbs_spacer=5-10bp;gc_cont=0.331
Ga0485799_0385_4     -            399 1074831at2           -            386     0.034   13.0   0.2   1   1    0.0016      0.11   11.3   0.0     3    62    35   101    33   109 0.67 # 3559 # 4755 # -1 # ID=385_4;partial=00;start_type=ATG;rbs_motif=None;rbs_spacer=None;gc_cont=0.359
Ga0485799_0045_27    -            352 1074831at2           -            386     0.034   13.0   0.0   1   1    0.0011     0.072   11.9   0.0     1    49     1    50     1    58 0.83 # 24952 # 26007 # -1 # ID=45_27;partial=00;start_type=ATG;rbs_motif=GGA/GAG/AGG;rbs_spacer=5-10bp;gc_cont=0.384
Ga0485799_0087_1     -            410 1074831at2           -            386     0.035   13.0   0.0   1   2    0.0023      0.16   10.8   0.0     3    42     7    48     5    52 0.83 # 586 # 1815 # 1 # ID=87_1;partial=00;start_type=ATG;rbs_motif=AGGA;rbs_spacer=5-10bp;gc_cont=0.415
Ga0485799_0087_1     -            410 1074831at2           -            386     0.035   13.0   0.0   2   2       9.3   6.3e+02   -1.0   0.0   307   343   311   354   291   357 0.70 # 586 # 1815 # 1 # ID=87_1;partial=00;start_type=ATG;rbs_motif=AGGA;rbs_spacer=5-10bp;gc_cont=0.415
Ga0485799_0131_12    -            365 1074831at2           -            386     0.037   12.9   0.2   1   2    0.0024      0.16   10.8   0.0     3    44     4    54     2    65 0.76 # 14333 # 15427 # -1 # ID=131_12;partial=00;start_type=ATG;rbs_motif=GGA/GAG/AGG;rbs_spacer=5-10bp;gc_cont=0.416
Ga0485799_0131_12    -            365 1074831at2           -            386     0.037   12.9   0.2   2   2       6.7   4.5e+02   -0.6   0.0   291   343   283   343   279   351 0.67 # 14333 # 15427 # -1 # ID=131_12;partial=00;start_type=ATG;rbs_motif=GGA/GAG/AGG;rbs_spacer=5-10bp;gc_cont=0.416
Ga0485799_0235_2     -            154 1074831at2           -            386     0.038   12.9   0.1   1   1   0.00055     0.038   12.9   0.1     5    43     3    42     1   136 0.88 # 577 # 1038 # 1 # ID=235_2;partial=00;start_type=ATG;rbs_motif=GGAG/GAGG;rbs_spacer=5-10bp;gc_cont=0.331
Ga0485799_0011_5     -            395 1074831at2           -            386      0.04   12.8   0.0   1   2    0.0061      0.42    9.4   0.0     1    38     1    39     1    69 0.88 # 3432 # 4616 # 1 # ID=11_5;partial=00;start_type=ATG;rbs_motif=AGGAG;rbs_spacer=5-10bp;gc_cont=0.419
Ga0485799_0011_5     -            395 1074831at2           -            386      0.04   12.8   0.0   2   2       2.4   1.6e+02    0.9   0.0   290   349   286   351   274   357 0.76 # 3432 # 4616 # 1 # ID=11_5;partial=00;start_type=ATG;rbs_motif=AGGAG;rbs_spacer=5-10bp;gc_cont=0.419
Ga0485799_0037_28    -            102 1074831at2           -            386     0.041   12.8   0.1   1   1   0.00078     0.053   12.4   0.1    25    43     2    20     1    67 0.88 # 35131 # 35436 # -1 # ID=37_28;partial=00;start_type=ATG;rbs_motif=None;rbs_spacer=None;gc_cont=0.382
Ga0485799_0009_36    -            332 1074831at2           -            386     0.043   12.7   0.1   1   1    0.0011     0.077   11.8   0.1     2    43     8    51     7    58 0.83 # 53876 # 54871 # -1 # ID=9_36;partial=00;start_type=ATG;rbs_motif=None;rbs_spacer=None;gc_cont=0.395
Ga0485799_0145_8     -            240 1074831at2           -            386     0.044   12.6   0.0   1   1   0.00099     0.067   12.0   0.0     2    38     5    42     4    49 0.90 # 8641 # 9360 # -1 # ID=145_8;partial=00;start_type=ATG;rbs_motif=None;rbs_spacer=None;gc_cont=0.382
Ga0485799_0112_1     -            123 1074831at2           -            386     0.047   12.6   0.0   1   1   0.00069     0.047   12.6   0.0     2    48     6    54     5    99 0.87 # 388 # 756 # -1 # ID=112_1;partial=00;start_type=ATG;rbs_motif=None;rbs_spacer=None;gc_cont=0.317
Ga0485799_0420_9     -           1239 1074831at2           -            386     0.047   12.6   5.1   1   1    0.0026      0.18   10.7   5.1    97   276  1011  1195   994  1202 0.70 # 5705 # 9421 # -1 # ID=420_9;partial=00;start_type=ATG;rbs_motif=None;rbs_spacer=None;gc_cont=0.434
Ga0485799_0585_2     -            468 1074831at2           -            386     0.047   12.6   0.0   1   1    0.0012     0.082   11.7   0.0    15    49   233   267   229   287 0.83 # 558 # 1961 # 1 # ID=585_2;partial=00;start_type=ATG;rbs_motif=AGGAG;rbs_spacer=5-10bp;gc_cont=0.296
Ga0485799_0053_11    -            343 1074831at2           -            386     0.052   12.4   1.5   1   2      0.26        18    4.1   0.0     3    40    18    63    16    73 0.72 # 7500 # 8528 # 1 # ID=53_11;partial=00;start_type=ATG;rbs_motif=None;rbs_spacer=None;gc_cont=0.299
Ga0485799_0053_11    -            343 1074831at2           -            386     0.052   12.4   1.5   2   2     0.037       2.5    6.9   0.0   324   350   217   243   215   274 0.80 # 7500 # 8528 # 1 # ID=53_11;partial=00;start_type=ATG;rbs_motif=None;rbs_spacer=None;gc_cont=0.299
Ga0485799_0019_56    -            381 1074831at2           -            386     0.055   12.3   0.1   1   1    0.0012     0.083   11.7   0.1     1    43     1    44     1    57 0.90 # 64789 # 65931 # 1 # ID=19_56;partial=00;start_type=ATG;rbs_motif=AGGA;rbs_spacer=5-10bp;gc_cont=0.370
Ga0485799_0335_9     -            345 1074831at2           -            386     0.055   12.3   0.1   1   1    0.0015       0.1   11.5   0.1     2    41     3    44     2    58 0.86 # 7756 # 8790 # 1 # ID=335_9;partial=00;start_type=ATG;rbs_motif=GGA/GAG/AGG;rbs_spacer=5-10bp;gc_cont=0.274
Ga0485799_0057_13    -            224 1074831at2           -            386     0.056   12.3   0.0   1   2     0.071       4.8    5.9   0.0    12    42    26    56    16   120 0.83 # 48452 # 49123 # -1 # ID=57_13;partial=00;start_type=ATG;rbs_motif=AGGA;rbs_spacer=5-10bp;gc_cont=0.457
Ga0485799_0057_13    -            224 1074831at2           -            386     0.056   12.3   0.0   2   2      0.15        10    4.9   0.0   285   334   140   189   125   220 0.77 # 48452 # 49123 # -1 # ID=57_13;partial=00;start_type=ATG;rbs_motif=AGGA;rbs_spacer=5-10bp;gc_cont=0.457
Ga0485799_0121_23    -            307 1074831at2           -            386     0.058   12.3   0.0   1   2      0.68        46    2.7   0.0    13    53    70   111    67   128 0.75 # 23855 # 24775 # 1 # ID=121_23;partial=00;start_type=ATG;rbs_motif=None;rbs_spacer=None;gc_cont=0.439
Ga0485799_0121_23    -            307 1074831at2           -            386     0.058   12.3   0.0   2   2     0.024       1.7    7.5   0.0   279   315   193   229   180   280 0.75 # 23855 # 24775 # 1 # ID=121_23;partial=00;start_type=ATG;rbs_motif=None;rbs_spacer=None;gc_cont=0.439
Ga0485799_0029_3     -            180 1074831at2           -            386     0.058   12.2   0.1   1   1    0.0011     0.072   11.9   0.1     1    43     1    44     1    63 0.89 # 831 # 1370 # -1 # ID=29_3;partial=00;start_type=ATG;rbs_motif=AGGA;rbs_spacer=5-10bp;gc_cont=0.389
Ga0485799_1037_2     -             77 1074831at2           -            386     0.064   12.1   0.0   1   1    0.0011     0.076   11.9   0.0    23    38    60    75    49    76 0.88 # 1928 # 2158 # -1 # ID=1037_2;partial=01;start_type=Edge;rbs_motif=None;rbs_spacer=None;gc_cont=0.433
Ga0485799_0249_10    -            170 1074831at2           -            386     0.069   12.0  10.9   1   1    0.0013     0.085   11.7  10.9   113   239    39   165    25   168 0.86 # 12330 # 12839 # -1 # ID=249_10;partial=00;start_type=ATG;rbs_motif=GGA/GAG/AGG;rbs_spacer=5-10bp;gc_cont=0.259
Ga0485799_0167_26    -            232 1074831at2           -            386      0.07   12.0   0.1   1   2      0.41        28    3.4   0.1    25    44    32    48    23    91 0.74 # 22717 # 23412 # 1 # ID=167_26;partial=00;start_type=ATG;rbs_motif=AGGAG;rbs_spacer=5-10bp;gc_cont=0.329
Ga0485799_0167_26    -            232 1074831at2           -            386      0.07   12.0   0.1   2   2     0.041       2.8    6.7   0.0   283   332   125   174   100   177 0.85 # 22717 # 23412 # 1 # ID=167_26;partial=00;start_type=ATG;rbs_motif=AGGAG;rbs_spacer=5-10bp;gc_cont=0.329
Ga0485799_0147_17    -            117 1074831at2           -            386      0.07   12.0   0.0   1   1    0.0012     0.082   11.7   0.0     1    44    37    82    37    95 0.86 # 14787 # 15137 # 1 # ID=147_17;partial=00;start_type=ATG;rbs_motif=GGAG/GAGG;rbs_spacer=5-10bp;gc_cont=0.393
Ga0485799_0007_57    -            369 1074831at2           -            386     0.079   11.8   0.0   1   1    0.0026      0.17   10.7   0.0     2    44     4    48     3    78 0.83 # 69967 # 71073 # 1 # ID=7_57;partial=00;start_type=ATG;rbs_motif=GGA/GAG/AGG;rbs_spacer=5-10bp;gc_cont=0.379
Ga0485799_0919_4     -            151 1074831at2           -            386     0.079   11.8   1.0   1   1    0.0018      0.13   11.1   0.7    22    45     1    24     1    43 0.85 # 1551 # 2003 # -1 # ID=919_4;partial=00;start_type=GTG;rbs_motif=None;rbs_spacer=None;gc_cont=0.426
Ga0485799_0085_21    -            383 1074831at2           -            386     0.082   11.7   0.0   1   1     0.002      0.14   11.0   0.0     2    53    21    77    20   134 0.79 # 24064 # 25212 # -1 # ID=85_21;partial=00;start_type=ATG;rbs_motif=GGA/GAG/AGG;rbs_spacer=5-10bp;gc_cont=0.348
Ga0485799_0201_24    -             56 1074831at2           -            386     0.089   11.6   0.0   1   1    0.0013     0.089   11.6   0.0    16    41    18    43     2    52 0.78 # 19728 # 19895 # 1 # ID=201_24;partial=00;start_type=ATG;rbs_motif=None;rbs_spacer=None;gc_cont=0.315
Ga0485799_0207_11    -            371 1074831at2           -            386     0.095   11.5   0.1   1   1     0.003       0.2   10.5   0.1     3    44     4    54     2    67 0.79 # 19581 # 20693 # 1 # ID=207_11;partial=00;start_type=ATG;rbs_motif=AGGA;rbs_spacer=5-10bp;gc_cont=0.389
Ga0485799_0170_7     -            360 1074831at2           -            386     0.096   11.5   0.2   1   2     0.026       1.8    7.4   0.1     3    44     4    54     2    60 0.72 # 6155 # 7234 # 1 # ID=170_7;partial=00;start_type=ATG;rbs_motif=None;rbs_spacer=None;gc_cont=0.389
Ga0485799_0170_7     -            360 1074831at2           -            386     0.096   11.5   0.2   2   2       3.1   2.1e+02    0.5   0.0   113   150   175   212   152   225 0.85 # 6155 # 7234 # 1 # ID=170_7;partial=00;start_type=ATG;rbs_motif=None;rbs_spacer=None;gc_cont=0.389
Ga0485799_0014_25    -            351 1074831at2           -            386     0.099   11.5   0.0   1   1    0.0023      0.16   10.8   0.0     1    43     1    44     1    49 0.93 # 48615 # 49667 # 1 # ID=14_25;partial=00;start_type=ATG;rbs_motif=AGGAG;rbs_spacer=5-10bp;gc_cont=0.422
Ga0485799_0039_54    -            377 1074831at2           -            386       0.1   11.5   0.1   1   1    0.0047      0.32    9.8   0.0     1    43     1    44     1    66 0.91 # 47663 # 48793 # 1 # ID=39_54;partial=00;start_type=ATG;rbs_motif=None;rbs_spacer=None;gc_cont=0.392
Ga0485799_0116_32    -            356 1074831at2           -            386       0.1   11.4   0.7   1   1    0.0029       0.2   10.5   0.1     2    45     4    49     3    63 0.81 # 28873 # 29940 # 1 # ID=116_32;partial=00;start_type=ATG;rbs_motif=None;rbs_spacer=None;gc_cont=0.329
Ga0485799_0074_15    -            711 1074831at2           -            386      0.11   11.4   0.1   1   2      0.52        35    3.1   0.1    21    43    37    59    22    71 0.83 # 25253 # 27385 # -1 # ID=74_15;partial=00;start_type=ATG;rbs_motif=None;rbs_spacer=None;gc_cont=0.384
Ga0485799_0074_15    -            711 1074831at2           -            386      0.11   11.4   0.1   2   2     0.071       4.8    5.9   0.0   280   341   145   212   124   222 0.76 # 25253 # 27385 # -1 # ID=74_15;partial=00;start_type=ATG;rbs_motif=None;rbs_spacer=None;gc_cont=0.384
Ga0485799_0044_11    -            501 1074831at2           -            386      0.11   11.3   0.0   1   1    0.0024      0.16   10.8   0.0     1    84     1    92     1   102 0.70 # 7676 # 9178 # 1 # ID=44_11;partial=00;start_type=ATG;rbs_motif=GGAG/GAGG;rbs_spacer=5-10bp;gc_cont=0.414
Ga0485799_0044_38    -            501 1074831at2           -            386      0.11   11.3   0.0   1   1    0.0024      0.16   10.8   0.0     1    84     1    92     1   102 0.70 # 43444 # 44946 # -1 # ID=44_38;partial=00;start_type=ATG;rbs_motif=GGAG/GAGG;rbs_spacer=5-10bp;gc_cont=0.413
Ga0485799_0892_3     -            227 1074831at2           -            386      0.11   11.3   1.9   1   3     0.089         6    5.6   0.1    22    41    31    50     8    60 0.81 # 786 # 1466 # -1 # ID=892_3;partial=00;start_type=ATG;rbs_motif=None;rbs_spacer=None;gc_cont=0.468
Ga0485799_0892_3     -            227 1074831at2           -            386      0.11   11.3   1.9   2   3       1.6   1.1e+02    1.4   0.2   154   182   107   136    98   144 0.85 # 786 # 1466 # -1 # ID=892_3;partial=00;start_type=ATG;rbs_motif=None;rbs_spacer=None;gc_cont=0.468
Ga0485799_0892_3     -            227 1074831at2           -            386      0.11   11.3   1.9   3   3      0.66        45    2.7   0.0   287   333   142   188   135   202 0.86 # 786 # 1466 # -1 # ID=892_3;partial=00;start_type=ATG;rbs_motif=None;rbs_spacer=None;gc_cont=0.468
Ga0485799_0537_3     -           1163 1074831at2           -            386      0.11   11.3   0.0   1   4    0.0016      0.11   11.3   0.0    25    78    29    81    12   108 0.84 # 4049 # 7537 # 1 # ID=537_3;partial=00;start_type=ATG;rbs_motif=None;rbs_spacer=None;gc_cont=0.463
Ga0485799_0537_3     -           1163 1074831at2           -            386      0.11   11.3   0.0   2   4      0.13         9    5.0   5.8   108   176   153   220    96   227 0.81 # 4049 # 7537 # 1 # ID=537_3;partial=00;start_type=ATG;rbs_motif=None;rbs_spacer=None;gc_cont=0.463
Ga0485799_0537_3     -           1163 1074831at2           -            386      0.11   11.3   0.0   3   4         6   4.1e+02   -0.4  21.8   132   253   650   770   636   783 0.70 # 4049 # 7537 # 1 # ID=537_3;partial=00;start_type=ATG;rbs_motif=None;rbs_spacer=None;gc_cont=0.463
Ga0485799_0537_3     -           1163 1074831at2           -            386      0.11   11.3   0.0   4   4         5   3.4e+02   -0.2   0.1   288   356  1061  1138  1031  1150 0.62 # 4049 # 7537 # 1 # ID=537_3;partial=00;start_type=ATG;rbs_motif=None;rbs_spacer=None;gc_cont=0.463
Ga0485799_1318_1     -            425 1074831at2           -            386      0.11   11.3   0.1   1   1     0.004      0.27   10.0   0.0    23    42    33    53    22    71 0.83 # 2 # 1276 # -1 # ID=1318_1;partial=11;start_type=Edge;rbs_motif=None;rbs_spacer=None;gc_cont=0.437
Ga0485799_0368_9     -            391 1074831at2           -            386      0.12   11.2   0.1   1   2     0.014      0.93    8.3   0.0     1    49    20    69    20    89 0.78 # 4311 # 5483 # -1 # ID=368_9;partial=00;start_type=ATG;rbs_motif=None;rbs_spacer=None;gc_cont=0.327
Ga0485799_0368_9     -            391 1074831at2           -            386      0.12   11.2   0.1   2   2       3.2   2.2e+02    0.5   0.0   183   223   288   325   279   357 0.72 # 4311 # 5483 # -1 # ID=368_9;partial=00;start_type=ATG;rbs_motif=None;rbs_spacer=None;gc_cont=0.327
Ga0485799_0003_6     -            438 1074831at2           -            386      0.12   11.2   0.3   1   2      0.01      0.69    8.7   0.0    15    44    33    62    17    68 0.71 # 2912 # 4225 # -1 # ID=3_6;partial=00;start_type=ATG;rbs_motif=GGAG/GAGG;rbs_spacer=5-10bp;gc_cont=0.396
Ga0485799_0003_6     -            438 1074831at2           -            386      0.12   11.2   0.3   2   2       5.9     4e+02   -0.4   0.1   176   208   385   418   366   421 0.67 # 2912 # 4225 # -1 # ID=3_6;partial=00;start_type=ATG;rbs_motif=GGAG/GAGG;rbs_spacer=5-10bp;gc_cont=0.396
Ga0485799_0364_1     -            363 1074831at2           -            386      0.13   11.1   6.0   1   2     0.002      0.13   11.1   0.0    23    51    33    61    24    75 0.83 # 427 # 1515 # 1 # ID=364_1;partial=00;start_type=ATG;rbs_motif=None;rbs_spacer=None;gc_cont=0.358
Ga0485799_0364_1     -            363 1074831at2           -            386      0.13   11.1   6.0   2   2       2.7   1.9e+02    0.7   0.1   333   353   252   272   206   289 0.62 # 427 # 1515 # 1 # ID=364_1;partial=00;start_type=ATG;rbs_motif=None;rbs_spacer=None;gc_cont=0.358
Ga0485799_0048_27    -            353 1074831at2           -            386      0.13   11.1   0.4   1   1    0.0047      0.32    9.8   0.0     3    43     4    52     2    59 0.83 # 29005 # 30063 # 1 # ID=48_27;partial=00;start_type=ATG;rbs_motif=None;rbs_spacer=None;gc_cont=0.375
Ga0485799_0157_5     -            348 1074831at2           -            386      0.13   11.1   0.1   1   1    0.0034      0.23   10.3   0.1     3    43     4    46     2    79 0.82 # 4935 # 5978 # 1 # ID=157_5;partial=00;start_type=ATG;rbs_motif=GGAG/GAGG;rbs_spacer=5-10bp;gc_cont=0.325
Ga0485799_0061_31    -            479 1074831at2           -            386      0.14   11.0   0.0   1   2      0.51        34    3.1   0.0     4    57    10    65     8    83 0.85 # 25400 # 26836 # 1 # ID=61_31;partial=00;start_type=TTG;rbs_motif=AGGA/GGAG/GAGG;rbs_spacer=11-12bp;gc_cont=0.344
Ga0485799_0061_31    -            479 1074831at2           -            386      0.14   11.0   0.0   2   2     0.089         6    5.6   0.0   328   359   370   401   299   422 0.76 # 25400 # 26836 # 1 # ID=61_31;partial=00;start_type=TTG;rbs_motif=AGGA/GGAG/GAGG;rbs_spacer=11-12bp;gc_cont=0.344
Ga0485799_1310_2     -            397 1074831at2           -            386      0.14   11.0   0.1   1   1     0.006      0.41    9.5   0.0     4    45    25    67    24    88 0.86 # 108 # 1298 # -1 # ID=1310_2;partial=01;start_type=Edge;rbs_motif=None;rbs_spacer=None;gc_cont=0.490
Ga0485799_0219_12    -           1503 1074831at2           -            386      0.14   11.0   1.8   1   1    0.0041      0.28   10.0   1.8   183   268  1410  1498  1398  1501 0.75 # 13502 # 18010 # 1 # ID=219_12;partial=00;start_type=ATG;rbs_motif=GGAG/GAGG;rbs_spacer=5-10bp;gc_cont=0.541
Ga0485799_0459_4     -            360 1074831at2           -            386      0.15   10.9   0.1   1   2     0.034       2.3    7.0   0.1     4    44     5    54     2    60 0.70 # 1046 # 2125 # -1 # ID=459_4;partial=00;start_type=ATG;rbs_motif=None;rbs_spacer=None;gc_cont=0.401
Ga0485799_0459_4     -            360 1074831at2           -            386      0.15   10.9   0.1   2   2         4   2.7e+02    0.2   0.0   113   150   175   212   153   224 0.85 # 1046 # 2125 # -1 # ID=459_4;partial=00;start_type=ATG;rbs_motif=None;rbs_spacer=None;gc_cont=0.401
Ga0485799_1335_1     -            155 1074831at2           -            386      0.16   10.8   5.7   1   1     0.003      0.21   10.4   5.7   145   242    47   142    35   146 0.90 # 408 # 872 # -1 # ID=1335_1;partial=00;start_type=ATG;rbs_motif=None;rbs_spacer=None;gc_cont=0.297
Ga0485799_0711_6     -            315 1074831at2           -            386      0.16   10.8   0.0   1   2       7.9   5.4e+02   -0.8   0.0    24    38    21    35    14    41 0.87 # 3849 # 4793 # -1 # ID=711_6;partial=01;start_type=Edge;rbs_motif=None;rbs_spacer=None;gc_cont=0.290
Ga0485799_0711_6     -            315 1074831at2           -            386      0.16   10.8   0.0   2   2    0.0024      0.16   10.8   0.0   288   315   112   139   101   169 0.89 # 3849 # 4793 # -1 # ID=711_6;partial=01;start_type=Edge;rbs_motif=None;rbs_spacer=None;gc_cont=0.290
Ga0485799_0011_37    -            429 1074831at2           -            386      0.16   10.8   0.4   1   1    0.0068      0.46    9.3   0.0     4    45    20    63    17    69 0.71 # 28109 # 29395 # 1 # ID=11_37;partial=00;start_type=ATG;rbs_motif=None;rbs_spacer=None;gc_cont=0.413
Ga0485799_0709_4     -             66 1074831at2           -            386      0.18   10.6   0.0   1   1    0.0031      0.21   10.4   0.0     1    42     1    43     1    47 0.95 # 4607 # 4804 # 1 # ID=709_4;partial=01;start_type=ATG;rbs_motif=AGGA;rbs_spacer=5-10bp;gc_cont=0.242
Ga0485799_0083_8     -            413 1074831at2           -            386      0.21   10.4   0.0   1   1    0.0064      0.44    9.4   0.0    24    55    83   115    70   133 0.81 # 15572 # 16810 # 1 # ID=83_8;partial=00;start_type=ATG;rbs_motif=GGA/GAG/AGG;rbs_spacer=5-10bp;gc_cont=0.368
Ga0485799_0526_3     -            367 1074831at2           -            386      0.28   10.0   0.0   1   2    0.0041      0.28   10.0   0.0    23    47    33    57    25    70 0.86 # 4123 # 5223 # -1 # ID=526_3;partial=00;start_type=ATG;rbs_motif=None;rbs_spacer=None;gc_cont=0.367
Ga0485799_0526_3     -            367 1074831at2           -            386      0.28   10.0   0.0   2   2       6.7   4.6e+02   -0.6   1.5   113   153   311   351   269   366 0.74 # 4123 # 5223 # -1 # ID=526_3;partial=00;start_type=ATG;rbs_motif=None;rbs_spacer=None;gc_cont=0.367
Ga0485799_0016_55    -            462 1074831at2           -            386      0.61    8.9   3.1   1   3       1.6   1.1e+02    1.4   0.8     4    44     5    53     2    77 0.73 # 57324 # 58709 # -1 # ID=16_55;partial=00;start_type=ATG;rbs_motif=GGA/GAG/AGG;rbs_spacer=11-12bp;gc_cont=0.335
Ga0485799_0016_55    -            462 1074831at2           -            386      0.61    8.9   3.1   2   3       9.6   6.5e+02   -1.1   0.1   202   247    62   107    56   110 0.88 # 57324 # 58709 # -1 # ID=16_55;partial=00;start_type=ATG;rbs_motif=GGA/GAG/AGG;rbs_spacer=11-12bp;gc_cont=0.335
Ga0485799_0016_55    -            462 1074831at2           -            386      0.61    8.9   3.1   3   3     0.054       3.7    6.3   0.0   334   355   340   362   216   373 0.80 # 57324 # 58709 # -1 # ID=16_55;partial=00;start_type=ATG;rbs_motif=GGA/GAG/AGG;rbs_spacer=11-12bp;gc_cont=0.335
Ga0485799_0812_2     -            249 1074831at2           -            386      0.68    8.7   4.1   1   2       3.1   2.1e+02    0.5   0.3   151   194    42    87     2   101 0.50 # 221 # 967 # -1 # ID=812_2;partial=00;start_type=ATG;rbs_motif=AGGA;rbs_spacer=5-10bp;gc_cont=0.290
Ga0485799_0812_2     -            249 1074831at2           -            386      0.68    8.7   4.1   2   2    0.0062      0.42    9.4   0.2    24    41   104   121    88   135 0.89 # 221 # 967 # -1 # ID=812_2;partial=00;start_type=ATG;rbs_motif=AGGA;rbs_spacer=5-10bp;gc_cont=0.290
Ga0485799_0107_20    -            987 1074831at2           -            386      0.92    8.3   3.8   1   2       7.2   4.9e+02   -0.7   0.1   176   210   403   437   372   456 0.73 # 16824 # 19784 # -1 # ID=107_20;partial=00;start_type=ATG;rbs_motif=AGGA;rbs_spacer=5-10bp;gc_cont=0.480
Ga0485799_0107_20    -            987 1074831at2           -            386      0.92    8.3   3.8   2   2     0.034       2.3    7.0   0.0     4    43   615   655   614   671 0.84 # 16824 # 19784 # -1 # ID=107_20;partial=00;start_type=ATG;rbs_motif=AGGA;rbs_spacer=5-10bp;gc_cont=0.480
Ga0485799_0532_1     -            650 1074831at2           -            386       1.6    7.5   5.1   1   3     0.066       4.5    6.0   0.0    24    44   118   138   116   154 0.85 # 35 # 1984 # 1 # ID=532_1;partial=00;start_type=ATG;rbs_motif=None;rbs_spacer=None;gc_cont=0.306
Ga0485799_0532_1     -            650 1074831at2           -            386       1.6    7.5   5.1   2   3       6.2   4.2e+02   -0.5   0.2   110   150   303   343   228   384 0.53 # 35 # 1984 # 1 # ID=532_1;partial=00;start_type=ATG;rbs_motif=None;rbs_spacer=None;gc_cont=0.306
Ga0485799_0532_1     -            650 1074831at2           -            386       1.6    7.5   5.1   3   3       1.3        91    1.7   0.2    24    47   399   422   390   436 0.84 # 35 # 1984 # 1 # ID=532_1;partial=00;start_type=ATG;rbs_motif=None;rbs_spacer=None;gc_cont=0.306
Ga0485799_0140_20    -            375 1074831at2           -            386       2.2    7.0   4.0   1   2     0.013       0.9    8.3   0.3     1    43     1    44     1    58 0.87 # 27488 # 28612 # 1 # ID=140_20;partial=00;start_type=ATG;rbs_motif=AGGA;rbs_spacer=5-10bp;gc_cont=0.382
Ga0485799_0140_20    -            375 1074831at2           -            386       2.2    7.0   4.0   2   2       7.4     5e+02   -0.7   0.1   251   279   203   228   157   265 0.56 # 27488 # 28612 # 1 # ID=140_20;partial=00;start_type=ATG;rbs_motif=AGGA;rbs_spacer=5-10bp;gc_cont=0.382
Ga0485799_0163_9     -            163 1074831at2           -            386       2.8    6.7  13.6   1   1     0.048       3.3    6.5  13.6   120   223     2   106     1   116 0.84 # 6325 # 6813 # -1 # ID=163_9;partial=00;start_type=TTG;rbs_motif=None;rbs_spacer=None;gc_cont=0.474
#
# Program:         hmmsearch
# Version:         3.1b2 (February 2015)
# Pipeline mode:   SEARCH
# Query file:      /home/mira/Bacteria2022/Thiomargarita_magnifica/qc_assembly/busco_article/busco_downloads/lineages/bacteria_odb10/hmms/1074831at2.hmm
# Target file:     /home/mira/Bacteria2022/Thiomargarita_magnifica/qc_assembly/busco_article/busco_article/prodigal_output/predicted_genes/predicted.faa
# Option settings: hmmsearch --domtblout /home/mira/Bacteria2022/Thiomargarita_magnifica/qc_assembly/busco_article/busco_article/auto_lineage/run_bacteria_odb10/hmmer_output/1074831at2.out --cpu 1 /home/mira/Bacteria2022/Thiomargarita_magnifica/qc_assembly/busco_article/busco_downloads/lineages/bacteria_odb10/hmms/1074831at2.hmm /home/mira/Bacteria2022/Thiomargarita_magnifica/qc_assembly/busco_article/busco_article/prodigal_output/predicted_genes/predicted.faa 
# Current dir:     /home/mira/Bacteria2022/Thiomargarita_magnifica/qc_assembly/busco_article
# Date:            Wed Jul 13 13:05:05 2022
# [ok]
