#                                                                            --- full sequence --- -------------- this domain -------------   hmm coord   ali coord   env coord
# target name        accession   tlen query name           accession   qlen   E-value  score  bias   #  of  c-Evalue  i-Evalue  score  bias  from    to  from    to  from    to  acc description of target
#------------------- ---------- ----- -------------------- ---------- ----- --------- ------ ----- --- --- --------- --------- ------ ----- ----- ----- ----- ----- ----- ----- ---- ---------------------
Ga0485799_0101_20    -            450 1093223at2           -            361   1.1e-96  324.1   0.0   1   1   1.3e-99   1.5e-96  323.7   0.0     6   358    12   448     7   449 0.81 # 23961 # 25310 # 1 # ID=101_20;partial=00;start_type=ATG;rbs_motif=GGA/GAG/AGG;rbs_spacer=5-10bp;gc_cont=0.496
Ga0485799_0204_17    -            387 1093223at2           -            361   4.7e-59  200.4   0.0   1   1   6.5e-61   7.8e-58  196.3   0.0    35   355    29   381     3   384 0.78 # 20553 # 21713 # -1 # ID=204_17;partial=00;start_type=ATG;rbs_motif=GGA/GAG/AGG;rbs_spacer=5-10bp;gc_cont=0.289
Ga0485799_2012_1     -            143 1093223at2           -            361   1.1e-23   84.0   0.0   1   1   9.9e-27   1.2e-23   83.9   0.0    11   132     5   129     1   138 0.79 # 3 # 431 # -1 # ID=2012_1;partial=10;start_type=ATG;rbs_motif=GGA/GAG/AGG;rbs_spacer=5-10bp;gc_cont=0.319
Ga0485799_0109_12    -            484 1093223at2           -            361   4.1e-21   75.5   0.0   1   2     1e-23   1.3e-20   73.9   0.0    36   244    70   324    54   340 0.78 # 11142 # 12593 # 1 # ID=109_12;partial=00;start_type=ATG;rbs_motif=None;rbs_spacer=None;gc_cont=0.457
Ga0485799_0109_12    -            484 1093223at2           -            361   4.1e-21   75.5   0.0   2   2       3.8   4.6e+03   -3.6   0.0   103   113   453   463   450   467 0.81 # 11142 # 12593 # 1 # ID=109_12;partial=00;start_type=ATG;rbs_motif=None;rbs_spacer=None;gc_cont=0.457
Ga0485799_0879_2     -            430 1093223at2           -            361   1.3e-20   73.8   0.2   1   2   4.8e-08   5.7e-05   22.4   0.0    57    95    39    81    11    99 0.75 # 827 # 2116 # -1 # ID=879_2;partial=00;start_type=TTG;rbs_motif=None;rbs_spacer=None;gc_cont=0.302
Ga0485799_0879_2     -            430 1093223at2           -            361   1.3e-20   73.8   0.2   2   2   3.2e-16   3.8e-13   49.3   0.0   112   308   123   352   111   365 0.68 # 827 # 2116 # -1 # ID=879_2;partial=00;start_type=TTG;rbs_motif=None;rbs_spacer=None;gc_cont=0.302
Ga0485799_0073_20    -            448 1093223at2           -            361   3.1e-20   72.7   0.1   1   1   5.7e-23   6.9e-20   71.5   0.1    42   279    65   357    47   373 0.76 # 19429 # 20772 # -1 # ID=73_20;partial=00;start_type=ATG;rbs_motif=None;rbs_spacer=None;gc_cont=0.472
Ga0485799_0073_21    -            479 1093223at2           -            361     5e-16   58.8   0.1   1   2   4.3e-08   5.1e-05   22.6   0.1    71   105   101   136    89   145 0.82 # 21069 # 22505 # -1 # ID=73_21;partial=00;start_type=ATG;rbs_motif=None;rbs_spacer=None;gc_cont=0.464
Ga0485799_0073_21    -            479 1093223at2           -            361     5e-16   58.8   0.1   2   2     2e-11   2.4e-08   33.5   0.0   111   248   163   338   158   411 0.74 # 21069 # 22505 # -1 # ID=73_21;partial=00;start_type=ATG;rbs_motif=None;rbs_spacer=None;gc_cont=0.464
Ga0485799_0194_8     -            432 1093223at2           -            361   3.7e-13   49.4   0.0   1   1   4.3e-16   5.1e-13   48.9   0.0    39   255    60   305    32   324 0.74 # 6757 # 8052 # -1 # ID=194_8;partial=00;start_type=TTG;rbs_motif=GGA/GAG/AGG;rbs_spacer=5-10bp;gc_cont=0.323
Ga0485799_0234_16    -            450 1093223at2           -            361     5e-13   48.9   0.4   1   2   2.9e-07   0.00035   19.8   0.0    51   107    77   137    56   159 0.79 # 15578 # 16927 # 1 # ID=234_16;partial=00;start_type=ATG;rbs_motif=None;rbs_spacer=None;gc_cont=0.457
Ga0485799_0234_16    -            450 1093223at2           -            361     5e-13   48.9   0.4   2   2   1.7e-09     2e-06   27.2   0.2   198   274   268   349   238   407 0.70 # 15578 # 16927 # 1 # ID=234_16;partial=00;start_type=ATG;rbs_motif=None;rbs_spacer=None;gc_cont=0.457
Ga0485799_0740_2     -            478 1093223at2           -            361   8.7e-06   25.1   2.9   1   1   1.9e-07   0.00023   20.4   2.9    76   263   159   380   152   458 0.66 # 499 # 1932 # 1 # ID=740_2;partial=00;start_type=ATG;rbs_motif=GGAG/GAGG;rbs_spacer=5-10bp;gc_cont=0.291
Ga0485799_0065_18    -            294 1093223at2           -            361     0.015   14.4   0.0   1   1   1.7e-05      0.02   14.1   0.0   199   307    70   182    44   193 0.82 # 17793 # 18674 # 1 # ID=65_18;partial=00;start_type=ATG;rbs_motif=None;rbs_spacer=None;gc_cont=0.438
Ga0485799_0281_8     -            422 1093223at2           -            361      0.09   11.9   0.0   1   2   0.00026      0.31   10.1   0.0    71   102    40    71    23    88 0.85 # 6426 # 7691 # 1 # ID=281_8;partial=00;start_type=ATG;rbs_motif=GGA/GAG/AGG;rbs_spacer=5-10bp;gc_cont=0.457
Ga0485799_0281_8     -            422 1093223at2           -            361      0.09   11.9   0.0   2   2       1.3   1.5e+03   -2.0   0.0   129   146   152   169   151   187 0.90 # 6426 # 7691 # 1 # ID=281_8;partial=00;start_type=ATG;rbs_motif=GGA/GAG/AGG;rbs_spacer=5-10bp;gc_cont=0.457
Ga0485799_0138_1     -            106 1093223at2           -            361      0.12   11.5   2.4   1   1   0.00011      0.13   11.4   2.4    42   127    13    98     4   103 0.78 # 3 # 320 # -1 # ID=138_1;partial=10;start_type=TTG;rbs_motif=GGA/GAG/AGG;rbs_spacer=5-10bp;gc_cont=0.478
#
# Program:         hmmsearch
# Version:         3.1b2 (February 2015)
# Pipeline mode:   SEARCH
# Query file:      /home/mira/Bacteria2022/Thiomargarita_magnifica/qc_assembly/busco_article/busco_downloads/lineages/bacteria_odb10/hmms/1093223at2.hmm
# Target file:     /home/mira/Bacteria2022/Thiomargarita_magnifica/qc_assembly/busco_article/busco_article/prodigal_output/predicted_genes/predicted.faa
# Option settings: hmmsearch --domtblout /home/mira/Bacteria2022/Thiomargarita_magnifica/qc_assembly/busco_article/busco_article/auto_lineage/run_bacteria_odb10/hmmer_output/1093223at2.out --cpu 1 /home/mira/Bacteria2022/Thiomargarita_magnifica/qc_assembly/busco_article/busco_downloads/lineages/bacteria_odb10/hmms/1093223at2.hmm /home/mira/Bacteria2022/Thiomargarita_magnifica/qc_assembly/busco_article/busco_article/prodigal_output/predicted_genes/predicted.faa 
# Current dir:     /home/mira/Bacteria2022/Thiomargarita_magnifica/qc_assembly/busco_article
# Date:            Wed Jul 13 13:05:05 2022
# [ok]
