#                                                                            --- full sequence --- -------------- this domain -------------   hmm coord   ali coord   env coord
# target name        accession   tlen query name           accession   qlen   E-value  score  bias   #  of  c-Evalue  i-Evalue  score  bias  from    to  from    to  from    to  acc description of target
#------------------- ---------- ----- -------------------- ---------- ----- --------- ------ ----- --- --- --------- --------- ------ ----- ----- ----- ----- ----- ----- ----- ---- ---------------------
Ga0485799_0073_19    -            362 1151822at2           -            254   7.2e-86  287.4  28.7   1   3   1.8e-23   4.1e-20   71.9   0.9     6   106    30   151    25   160 0.84 # 18337 # 19422 # -1 # ID=73_19;partial=00;start_type=ATG;rbs_motif=GGA/GAG/AGG;rbs_spacer=11-12bp;gc_cont=0.445
Ga0485799_0073_19    -            362 1151822at2           -            254   7.2e-86  287.4  28.7   2   3   4.3e-17   9.5e-14   51.1   4.2    95   141   173   219   158   230 0.89 # 18337 # 19422 # -1 # ID=73_19;partial=00;start_type=ATG;rbs_motif=GGA/GAG/AGG;rbs_spacer=11-12bp;gc_cont=0.445
Ga0485799_0073_19    -            362 1151822at2           -            254   7.2e-86  287.4  28.7   3   3     4e-55     9e-52  175.7   8.9   137   254   236   358   226   358 0.94 # 18337 # 19422 # -1 # ID=73_19;partial=00;start_type=ATG;rbs_motif=GGA/GAG/AGG;rbs_spacer=11-12bp;gc_cont=0.445
Ga0485799_1822_2     -            146 1151822at2           -            254   5.4e-46  156.7   9.1   1   1   2.6e-49   5.8e-46  156.6   9.1   128   253    11   141     3   142 0.90 # 221 # 658 # -1 # ID=1822_2;partial=01;start_type=Edge;rbs_motif=None;rbs_spacer=None;gc_cont=0.301
Ga0485799_0340_5     -            347 1151822at2           -            254   2.1e-25   89.3  18.1   1   2   3.5e-09   7.7e-06   25.1   2.6     6   101    25   124    20   134 0.73 # 5104 # 6144 # 1 # ID=340_5;partial=00;start_type=ATG;rbs_motif=None;rbs_spacer=None;gc_cont=0.434
Ga0485799_0340_5     -            347 1151822at2           -            254   2.1e-25   89.3  18.1   2   2   8.5e-23   1.9e-19   69.8   7.4   100   213   148   268   140   285 0.78 # 5104 # 6144 # 1 # ID=340_5;partial=00;start_type=ATG;rbs_motif=None;rbs_spacer=None;gc_cont=0.434
Ga0485799_0001_56    -            352 1151822at2           -            254   4.1e-23   81.8  16.6   1   2   1.5e-06    0.0034   16.5   0.4     4   101     7   113     2   125 0.72 # 88803 # 89858 # -1 # ID=1_56;partial=00;start_type=ATG;rbs_motif=None;rbs_spacer=None;gc_cont=0.441
Ga0485799_0001_56    -            352 1151822at2           -            254   4.1e-23   81.8  16.6   2   2   4.3e-23   9.6e-20   70.7   8.2    95   248   134   309   122   315 0.69 # 88803 # 89858 # -1 # ID=1_56;partial=00;start_type=ATG;rbs_motif=None;rbs_spacer=None;gc_cont=0.441
Ga0485799_1607_1     -            242 1151822at2           -            254   1.2e-22   80.3   9.7   1   2   3.3e-14   7.4e-11   41.6   0.6     7   101    26   142    21   155 0.75 # 72 # 797 # 1 # ID=1607_1;partial=00;start_type=TTG;rbs_motif=GGAG/GAGG;rbs_spacer=5-10bp;gc_cont=0.311
Ga0485799_1607_1     -            242 1151822at2           -            254   1.2e-22   80.3   9.7   2   2   1.4e-14   3.2e-11   42.8   3.0    95   142   165   212   156   219 0.89 # 72 # 797 # 1 # ID=1607_1;partial=00;start_type=TTG;rbs_motif=GGAG/GAGG;rbs_spacer=5-10bp;gc_cont=0.311
Ga0485799_1598_2     -            206 1151822at2           -            254   4.9e-15   55.3  25.1   1   2   2.8e-05     0.062   12.4   3.9     5   102     6   110     2   119 0.69 # 236 # 853 # 1 # ID=1598_2;partial=01;start_type=TTG;rbs_motif=GGAG/GAGG;rbs_spacer=5-10bp;gc_cont=0.273
Ga0485799_1598_2     -            206 1151822at2           -            254   4.9e-15   55.3  25.1   2   2   3.3e-16   7.4e-13   48.1  14.0    91   176   122   206   110   206 0.85 # 236 # 853 # 1 # ID=1598_2;partial=01;start_type=TTG;rbs_motif=GGAG/GAGG;rbs_spacer=5-10bp;gc_cont=0.273
Ga0485799_2012_2     -             39 1151822at2           -            254   4.4e-06   26.0   0.8   1   1   2.1e-09   4.6e-06   25.9   0.8   224   253     1    34     1    35 0.87 # 437 # 553 # -1 # ID=2012_2;partial=01;start_type=Edge;rbs_motif=None;rbs_spacer=None;gc_cont=0.299
#
# Program:         hmmsearch
# Version:         3.1b2 (February 2015)
# Pipeline mode:   SEARCH
# Query file:      /home/mira/Bacteria2022/Thiomargarita_magnifica/qc_assembly/busco_article/busco_downloads/lineages/bacteria_odb10/hmms/1151822at2.hmm
# Target file:     /home/mira/Bacteria2022/Thiomargarita_magnifica/qc_assembly/busco_article/busco_article/prodigal_output/predicted_genes/predicted.faa
# Option settings: hmmsearch --domtblout /home/mira/Bacteria2022/Thiomargarita_magnifica/qc_assembly/busco_article/busco_article/auto_lineage/run_bacteria_odb10/hmmer_output/1151822at2.out --cpu 1 /home/mira/Bacteria2022/Thiomargarita_magnifica/qc_assembly/busco_article/busco_downloads/lineages/bacteria_odb10/hmms/1151822at2.hmm /home/mira/Bacteria2022/Thiomargarita_magnifica/qc_assembly/busco_article/busco_article/prodigal_output/predicted_genes/predicted.faa 
# Current dir:     /home/mira/Bacteria2022/Thiomargarita_magnifica/qc_assembly/busco_article
# Date:            Wed Jul 13 13:05:06 2022
# [ok]
