#                                                                            --- full sequence --- -------------- this domain -------------   hmm coord   ali coord   env coord
# target name        accession   tlen query name           accession   qlen   E-value  score  bias   #  of  c-Evalue  i-Evalue  score  bias  from    to  from    to  from    to  acc description of target
#------------------- ---------- ----- -------------------- ---------- ----- --------- ------ ----- --- --- --------- --------- ------ ----- ----- ----- ----- ----- ----- ----- ---- ---------------------
Ga0485799_0073_22    -            310 1272633at2           -            156   1.4e-38  132.1   6.5   1   4   7.6e-09   5.9e-05   22.9   0.0     1    33    21    60    21    80 0.78 # 22560 # 23489 # -1 # ID=73_22;partial=00;start_type=GTG;rbs_motif=None;rbs_spacer=None;gc_cont=0.477
Ga0485799_0073_22    -            310 1272633at2           -            156   1.4e-38  132.1   6.5   2   4   7.3e-16   5.6e-12   45.7   0.0    30    90    93   170    90   182 0.79 # 22560 # 23489 # -1 # ID=73_22;partial=00;start_type=GTG;rbs_motif=None;rbs_spacer=None;gc_cont=0.477
Ga0485799_0073_22    -            310 1272633at2           -            156   1.4e-38  132.1   6.5   3   4   8.3e-15   6.5e-11   42.3   0.3    94   134   200   255   197   260 0.84 # 22560 # 23489 # -1 # ID=73_22;partial=00;start_type=GTG;rbs_motif=None;rbs_spacer=None;gc_cont=0.477
Ga0485799_0073_22    -            310 1272633at2           -            156   1.4e-38  132.1   6.5   4   4   4.7e-07    0.0036   17.1   0.1   127   156   279   308   273   308 0.91 # 22560 # 23489 # -1 # ID=73_22;partial=00;start_type=GTG;rbs_motif=None;rbs_spacer=None;gc_cont=0.477
Ga0485799_0602_3     -            302 1272633at2           -            156   6.1e-33  113.8   5.1   1   3   3.6e-06     0.028   14.2   0.0     2    31    25    60    24    65 0.79 # 1150 # 2055 # 1 # ID=602_3;partial=00;start_type=TTG;rbs_motif=AGGA;rbs_spacer=5-10bp;gc_cont=0.287
Ga0485799_0602_3     -            302 1272633at2           -            156   6.1e-33  113.8   5.1   2   3   1.3e-24     1e-20   74.1   1.2    28   136    90   247    79   255 0.72 # 1150 # 2055 # 1 # ID=602_3;partial=00;start_type=TTG;rbs_motif=AGGA;rbs_spacer=5-10bp;gc_cont=0.287
Ga0485799_0602_3     -            302 1272633at2           -            156   6.1e-33  113.8   5.1   3   3   6.8e-06     0.053   13.3   0.1   128   154   272   298   265   300 0.88 # 1150 # 2055 # 1 # ID=602_3;partial=00;start_type=TTG;rbs_motif=AGGA;rbs_spacer=5-10bp;gc_cont=0.287
#
# Program:         hmmsearch
# Version:         3.1b2 (February 2015)
# Pipeline mode:   SEARCH
# Query file:      /home/mira/Bacteria2022/Thiomargarita_magnifica/qc_assembly/busco_article/busco_downloads/lineages/bacteria_odb10/hmms/1272633at2.hmm
# Target file:     /home/mira/Bacteria2022/Thiomargarita_magnifica/qc_assembly/busco_article/busco_article/prodigal_output/predicted_genes/predicted.faa
# Option settings: hmmsearch --domtblout /home/mira/Bacteria2022/Thiomargarita_magnifica/qc_assembly/busco_article/busco_article/auto_lineage/run_bacteria_odb10/hmmer_output/1272633at2.out --cpu 1 /home/mira/Bacteria2022/Thiomargarita_magnifica/qc_assembly/busco_article/busco_downloads/lineages/bacteria_odb10/hmms/1272633at2.hmm /home/mira/Bacteria2022/Thiomargarita_magnifica/qc_assembly/busco_article/busco_article/prodigal_output/predicted_genes/predicted.faa 
# Current dir:     /home/mira/Bacteria2022/Thiomargarita_magnifica/qc_assembly/busco_article
# Date:            Wed Jul 13 13:05:05 2022
# [ok]
