#                                                                            --- full sequence --- -------------- this domain -------------   hmm coord   ali coord   env coord
# target name        accession   tlen query name           accession   qlen   E-value  score  bias   #  of  c-Evalue  i-Evalue  score  bias  from    to  from    to  from    to  acc description of target
#------------------- ---------- ----- -------------------- ---------- ----- --------- ------ ----- --- --- --------- --------- ------ ----- ----- ----- ----- ----- ----- ----- ---- ---------------------
Ga0485799_0237_16    -            445 1395197at2           -            157   5.3e-37  127.0  21.9   1   3   1.5e-25   5.9e-22   78.1   8.1     1   109     9   136     9   143 0.82 # 12067 # 13401 # -1 # ID=237_16;partial=00;start_type=ATG;rbs_motif=None;rbs_spacer=None;gc_cont=0.461
Ga0485799_0237_16    -            445 1395197at2           -            157   5.3e-37  127.0  21.9   2   3     8e-16   3.1e-12   46.5   2.5    87   142   341   403   329   406 0.80 # 12067 # 13401 # -1 # ID=237_16;partial=00;start_type=ATG;rbs_motif=None;rbs_spacer=None;gc_cont=0.461
Ga0485799_0237_16    -            445 1395197at2           -            157   5.3e-37  127.0  21.9   3   3     0.031   1.2e+02    2.4   0.1   139   156   423   440   419   441 0.86 # 12067 # 13401 # -1 # ID=237_16;partial=00;start_type=ATG;rbs_motif=None;rbs_spacer=None;gc_cont=0.461
Ga0485799_0514_5     -            349 1395197at2           -            157   4.1e-35  120.9  16.0   1   3   7.6e-25   2.9e-21   75.9   3.8     1   102     4   129     4   135 0.82 # 4009 # 5055 # 1 # ID=514_5;partial=00;start_type=ATG;rbs_motif=AGGAG;rbs_spacer=5-10bp;gc_cont=0.330
Ga0485799_0514_5     -            349 1395197at2           -            157   4.1e-35  120.9  16.0   2   3   7.7e-16     3e-12   46.6   0.9    94   142   254   308   231   313 0.77 # 4009 # 5055 # 1 # ID=514_5;partial=00;start_type=ATG;rbs_motif=AGGAG;rbs_spacer=5-10bp;gc_cont=0.330
Ga0485799_0514_5     -            349 1395197at2           -            157   4.1e-35  120.9  16.0   3   3      0.13   5.2e+02    0.3   0.1   140   157   329   346   320   346 0.81 # 4009 # 5055 # 1 # ID=514_5;partial=00;start_type=ATG;rbs_motif=AGGAG;rbs_spacer=5-10bp;gc_cont=0.330
Ga0485799_0032_36    -            217 1395197at2           -            157   1.5e-05   24.8   6.4   1   3    0.0061        24    4.7   0.7     4    25    14    35    11    41 0.82 # 41908 # 42558 # -1 # ID=32_36;partial=00;start_type=ATG;rbs_motif=None;rbs_spacer=None;gc_cont=0.467
Ga0485799_0032_36    -            217 1395197at2           -            157   1.5e-05   24.8   6.4   2   3      0.28   1.1e+03   -0.7   0.4   121   147    43    69    38    76 0.65 # 41908 # 42558 # -1 # ID=32_36;partial=00;start_type=ATG;rbs_motif=None;rbs_spacer=None;gc_cont=0.467
Ga0485799_0032_36    -            217 1395197at2           -            157   1.5e-05   24.8   6.4   3   3   3.8e-09   1.5e-05   24.8   6.4    62   141    90   166    82   171 0.72 # 41908 # 42558 # -1 # ID=32_36;partial=00;start_type=ATG;rbs_motif=None;rbs_spacer=None;gc_cont=0.467
Ga0485799_0114_4     -            718 1395197at2           -            157   0.00049   19.9   3.3   1   2   1.3e-07   0.00049   19.9   3.3     4    91   199   278   195   315 0.72 # 3434 # 5587 # -1 # ID=114_4;partial=00;start_type=ATG;rbs_motif=None;rbs_spacer=None;gc_cont=0.271
Ga0485799_0114_4     -            718 1395197at2           -            157   0.00049   19.9   3.3   2   2      0.89   3.5e+03   -2.4   0.1    96    96   389   389   343   445 0.62 # 3434 # 5587 # -1 # ID=114_4;partial=00;start_type=ATG;rbs_motif=None;rbs_spacer=None;gc_cont=0.271
#
# Program:         hmmsearch
# Version:         3.1b2 (February 2015)
# Pipeline mode:   SEARCH
# Query file:      /home/mira/Bacteria2022/Thiomargarita_magnifica/qc_assembly/busco_article/busco_downloads/lineages/bacteria_odb10/hmms/1395197at2.hmm
# Target file:     /home/mira/Bacteria2022/Thiomargarita_magnifica/qc_assembly/busco_article/busco_article/prodigal_output/predicted_genes/predicted.faa
# Option settings: hmmsearch --domtblout /home/mira/Bacteria2022/Thiomargarita_magnifica/qc_assembly/busco_article/busco_article/auto_lineage/run_bacteria_odb10/hmmer_output/1395197at2.out --cpu 1 /home/mira/Bacteria2022/Thiomargarita_magnifica/qc_assembly/busco_article/busco_downloads/lineages/bacteria_odb10/hmms/1395197at2.hmm /home/mira/Bacteria2022/Thiomargarita_magnifica/qc_assembly/busco_article/busco_article/prodigal_output/predicted_genes/predicted.faa 
# Current dir:     /home/mira/Bacteria2022/Thiomargarita_magnifica/qc_assembly/busco_article
# Date:            Wed Jul 13 13:05:04 2022
# [ok]
