#                                                                            --- full sequence --- -------------- this domain -------------   hmm coord   ali coord   env coord
# target name        accession   tlen query name           accession   qlen   E-value  score  bias   #  of  c-Evalue  i-Evalue  score  bias  from    to  from    to  from    to  acc description of target
#------------------- ---------- ----- -------------------- ---------- ----- --------- ------ ----- --- --- --------- --------- ------ ----- ----- ----- ----- ----- ----- ----- ---- ---------------------
Ga0485799_0543_1     -            638 143460at2            -            439  9.1e-167  555.0   0.1   1   2   7.4e-84   7.7e-81  271.8   0.1     1   193    38   275    38   299 0.84 # 340 # 2253 # -1 # ID=543_1;partial=00;start_type=TTG;rbs_motif=None;rbs_spacer=None;gc_cont=0.468
Ga0485799_0543_1     -            638 143460at2            -            439  9.1e-167  555.0   0.1   2   2   1.5e-85   1.5e-82  277.4   0.0   194   439   301   621   293   621 0.86 # 340 # 2253 # -1 # ID=543_1;partial=00;start_type=TTG;rbs_motif=None;rbs_spacer=None;gc_cont=0.468
Ga0485799_1021_1     -            594 143460at2            -            439  1.3e-138  462.2   0.2   1   2   4.5e-65   4.7e-62  209.9   1.3    25   221    23   253     7   256 0.83 # 1 # 1782 # 1 # ID=1021_1;partial=10;start_type=Edge;rbs_motif=None;rbs_spacer=None;gc_cont=0.345
Ga0485799_1021_1     -            594 143460at2            -            439  1.3e-138  462.2   0.2   2   2   9.6e-76     1e-72  245.1   0.0   194   439   255   575   231   575 0.84 # 1 # 1782 # 1 # ID=1021_1;partial=10;start_type=Edge;rbs_motif=None;rbs_spacer=None;gc_cont=0.345
Ga0485799_0714_3     -            597 143460at2            -            439   2.4e-37  128.5   3.2   1   2   3.7e-39   3.8e-36  124.5   0.7     1   192     5   227     5   238 0.81 # 1553 # 3343 # 1 # ID=714_3;partial=00;start_type=TTG;rbs_motif=GGA/GAG/AGG;rbs_spacer=5-10bp;gc_cont=0.337
Ga0485799_0714_3     -            597 143460at2            -            439   2.4e-37  128.5   3.2   2   2     0.029        30    2.9   0.1   287   343   399   465   340   472 0.59 # 1553 # 3343 # 1 # ID=714_3;partial=00;start_type=TTG;rbs_motif=GGA/GAG/AGG;rbs_spacer=5-10bp;gc_cont=0.337
Ga0485799_0313_8     -            599 143460at2            -            439   6.1e-35  120.5   0.5   1   2   1.1e-37   1.2e-34  119.6   0.1     1   192     4   228     4   242 0.78 # 7288 # 9084 # -1 # ID=313_8;partial=00;start_type=ATG;rbs_motif=None;rbs_spacer=None;gc_cont=0.469
Ga0485799_0313_8     -            599 143460at2            -            439   6.1e-35  120.5   0.5   2   2       1.7   1.8e+03   -2.9   0.0   268   295   345   373   338   384 0.58 # 7288 # 9084 # -1 # ID=313_8;partial=00;start_type=ATG;rbs_motif=None;rbs_spacer=None;gc_cont=0.469
Ga0485799_0001_62    -            700 143460at2            -            439   3.7e-32  111.4   0.8   1   4   7.2e-26   7.5e-23   80.7   0.0     2   135    11   169    10   198 0.81 # 94149 # 96248 # 1 # ID=1_62;partial=00;start_type=ATG;rbs_motif=None;rbs_spacer=None;gc_cont=0.521
Ga0485799_0001_62    -            700 143460at2            -            439   3.7e-32  111.4   0.8   2   4    0.0044       4.6    5.6   0.0   190   242   283   335   266   350 0.75 # 94149 # 96248 # 1 # ID=1_62;partial=00;start_type=ATG;rbs_motif=None;rbs_spacer=None;gc_cont=0.521
Ga0485799_0001_62    -            700 143460at2            -            439   3.7e-32  111.4   0.8   3   4     7e-07   0.00072   18.1   0.3   174   296   360   491   355   524 0.65 # 94149 # 96248 # 1 # ID=1_62;partial=00;start_type=ATG;rbs_motif=None;rbs_spacer=None;gc_cont=0.521
Ga0485799_0001_62    -            700 143460at2            -            439   3.7e-32  111.4   0.8   4   4     0.076        79    1.5   0.0   296   346   616   675   608   681 0.74 # 94149 # 96248 # 1 # ID=1_62;partial=00;start_type=ATG;rbs_motif=None;rbs_spacer=None;gc_cont=0.521
Ga0485799_0757_3     -            704 143460at2            -            439   4.3e-30  104.6   3.3   1   3   1.6e-25   1.7e-22   79.5   0.1     1   116    10   149    10   174 0.83 # 781 # 2892 # -1 # ID=757_3;partial=00;start_type=ATG;rbs_motif=AGGA;rbs_spacer=5-10bp;gc_cont=0.375
Ga0485799_0757_3     -            704 143460at2            -            439   4.3e-30  104.6   3.3   2   3   2.6e-06    0.0027   16.3   0.2   182   296   364   489   303   509 0.66 # 781 # 2892 # -1 # ID=757_3;partial=00;start_type=ATG;rbs_motif=AGGA;rbs_spacer=5-10bp;gc_cont=0.375
Ga0485799_0757_3     -            704 143460at2            -            439   4.3e-30  104.6   3.3   3   3      0.02        21    3.4   0.0   284   346   608   679   601   683 0.75 # 781 # 2892 # -1 # ID=757_3;partial=00;start_type=ATG;rbs_motif=AGGA;rbs_spacer=5-10bp;gc_cont=0.375
Ga0485799_0212_10    -            397 143460at2            -            439     2e-19   69.4   1.1   1   1   3.8e-21     4e-18   65.1   1.1     3   199    14   256    12   272 0.69 # 11131 # 12321 # -1 # ID=212_10;partial=00;start_type=ATG;rbs_motif=GGA/GAG/AGG;rbs_spacer=5-10bp;gc_cont=0.482
Ga0485799_0226_17    -            683 143460at2            -            439   3.3e-19   68.7   0.7   1   4   1.7e-16   1.8e-13   49.8   0.2     1   115     9   141     9   151 0.81 # 14073 # 16121 # 1 # ID=226_17;partial=00;start_type=ATG;rbs_motif=GGA/GAG/AGG;rbs_spacer=5-10bp;gc_cont=0.487
Ga0485799_0226_17    -            683 143460at2            -            439   3.3e-19   68.7   0.7   2   4   5.9e-05     0.061   11.8   0.0   153   193   288   328   282   348 0.86 # 14073 # 16121 # 1 # ID=226_17;partial=00;start_type=ATG;rbs_motif=GGA/GAG/AGG;rbs_spacer=5-10bp;gc_cont=0.487
Ga0485799_0226_17    -            683 143460at2            -            439   3.3e-19   68.7   0.7   3   4     0.033        34    2.7   0.0   253   288   423   457   412   467 0.83 # 14073 # 16121 # 1 # ID=226_17;partial=00;start_type=ATG;rbs_motif=GGA/GAG/AGG;rbs_spacer=5-10bp;gc_cont=0.487
Ga0485799_0226_17    -            683 143460at2            -            439   3.3e-19   68.7   0.7   4   4       1.4   1.4e+03   -2.6   0.0   303   347   600   653   584   656 0.64 # 14073 # 16121 # 1 # ID=226_17;partial=00;start_type=ATG;rbs_motif=GGA/GAG/AGG;rbs_spacer=5-10bp;gc_cont=0.487
Ga0485799_0126_18    -            919 143460at2            -            439   3.9e-18   65.2   1.3   1   1   7.5e-21   7.7e-18   64.2   1.3     4   187   423   613   421   633 0.82 # 16759 # 19515 # -1 # ID=126_18;partial=00;start_type=ATG;rbs_motif=None;rbs_spacer=None;gc_cont=0.496
Ga0485799_0204_16    -            403 143460at2            -            439     6e-18   64.5   1.3   1   2   4.6e-20   4.7e-17   61.6   0.6     3   126    14   154    12   163 0.75 # 18578 # 19786 # -1 # ID=204_16;partial=00;start_type=ATG;rbs_motif=AGGA;rbs_spacer=5-10bp;gc_cont=0.376
Ga0485799_0204_16    -            403 143460at2            -            439     6e-18   64.5   1.3   2   2     0.079        82    1.5   0.0   169   196   232   259   193   269 0.67 # 18578 # 19786 # -1 # ID=204_16;partial=00;start_type=ATG;rbs_motif=AGGA;rbs_spacer=5-10bp;gc_cont=0.376
Ga0485799_0234_10    -            528 143460at2            -            439   2.5e-16   59.2   0.1   1   1   5.4e-19   5.6e-16   58.0   0.1     2   119    12   151    11   167 0.76 # 9089 # 10672 # 1 # ID=234_10;partial=00;start_type=ATG;rbs_motif=None;rbs_spacer=None;gc_cont=0.465
Ga0485799_0419_8     -            866 143460at2            -            439   2.3e-14   52.7   0.7   1   2   2.2e-17   2.3e-14   52.7   0.7     4   117   368   481   366   570 0.88 # 4668 # 7265 # -1 # ID=419_8;partial=00;start_type=ATG;rbs_motif=AGGAG/GGAGG;rbs_spacer=11-12bp;gc_cont=0.339
Ga0485799_0419_8     -            866 143460at2            -            439   2.3e-14   52.7   0.7   2   2       0.4   4.2e+02   -0.9   0.1   132   199   744   817   724   825 0.70 # 4668 # 7265 # -1 # ID=419_8;partial=00;start_type=ATG;rbs_motif=AGGAG/GGAGG;rbs_spacer=11-12bp;gc_cont=0.339
Ga0485799_0698_5     -            484 143460at2            -            439     1e-09   37.4   0.8   1   2     0.016        16    3.8   0.0     9    37    32    61    26    73 0.78 # 3215 # 4666 # 1 # ID=698_5;partial=00;start_type=ATG;rbs_motif=AGGA/GGAG/GAGG;rbs_spacer=11-12bp;gc_cont=0.296
Ga0485799_0698_5     -            484 143460at2            -            439     1e-09   37.4   0.8   2   2   5.9e-11   6.1e-08   31.6   0.2    31   120    78   179    71   193 0.74 # 3215 # 4666 # 1 # ID=698_5;partial=00;start_type=ATG;rbs_motif=AGGA/GGAG/GAGG;rbs_spacer=11-12bp;gc_cont=0.296
Ga0485799_0313_4     -            299 143460at2            -            439    0.0012   17.4   0.1   1   2   1.9e-06    0.0019   16.7   0.0     4   115    10   130     8   176 0.69 # 3863 # 4759 # -1 # ID=313_4;partial=00;start_type=ATG;rbs_motif=GGA/GAG/AGG;rbs_spacer=5-10bp;gc_cont=0.447
Ga0485799_0313_4     -            299 143460at2            -            439    0.0012   17.4   0.1   2   2         3   3.1e+03   -3.7   0.1   248   280   204   237   192   266 0.54 # 3863 # 4759 # -1 # ID=313_4;partial=00;start_type=ATG;rbs_motif=GGA/GAG/AGG;rbs_spacer=5-10bp;gc_cont=0.447
Ga0485799_1911_1     -             76 143460at2            -            439     0.029   12.9   0.3   1   1   3.4e-05     0.035   12.6   0.3   138   202     9    74     4    75 0.90 # 1 # 228 # -1 # ID=1911_1;partial=10;start_type=ATG;rbs_motif=GGA/GAG/AGG;rbs_spacer=5-10bp;gc_cont=0.289
#
# Program:         hmmsearch
# Version:         3.1b2 (February 2015)
# Pipeline mode:   SEARCH
# Query file:      /home/mira/Bacteria2022/Thiomargarita_magnifica/qc_assembly/busco_article/busco_downloads/lineages/bacteria_odb10/hmms/143460at2.hmm
# Target file:     /home/mira/Bacteria2022/Thiomargarita_magnifica/qc_assembly/busco_article/busco_article/prodigal_output/predicted_genes/predicted.faa
# Option settings: hmmsearch --domtblout /home/mira/Bacteria2022/Thiomargarita_magnifica/qc_assembly/busco_article/busco_article/auto_lineage/run_bacteria_odb10/hmmer_output/143460at2.out --cpu 1 /home/mira/Bacteria2022/Thiomargarita_magnifica/qc_assembly/busco_article/busco_downloads/lineages/bacteria_odb10/hmms/143460at2.hmm /home/mira/Bacteria2022/Thiomargarita_magnifica/qc_assembly/busco_article/busco_article/prodigal_output/predicted_genes/predicted.faa 
# Current dir:     /home/mira/Bacteria2022/Thiomargarita_magnifica/qc_assembly/busco_article
# Date:            Wed Jul 13 13:05:05 2022
# [ok]
