#                                                                            --- full sequence --- -------------- this domain -------------   hmm coord   ali coord   env coord
# target name        accession   tlen query name           accession   qlen   E-value  score  bias   #  of  c-Evalue  i-Evalue  score  bias  from    to  from    to  from    to  acc description of target
#------------------- ---------- ----- -------------------- ---------- ----- --------- ------ ----- --- --- --------- --------- ------ ----- ----- ----- ----- ----- ----- ----- ---- ---------------------
Ga0485799_0316_2     -            205 1502854at2           -            192     8e-78  260.2   0.1   1   1   6.7e-80   9.7e-78  259.9   0.1     4   191     2   188     1   189 0.98 # 1052 # 1666 # 1 # ID=316_2;partial=00;start_type=GTG;rbs_motif=AGGAG;rbs_spacer=5-10bp;gc_cont=0.431
Ga0485799_0317_18    -            209 1502854at2           -            192   4.9e-68  228.3   0.0   1   1   3.9e-70   5.6e-68  228.1   0.0     4   189     6   191     3   194 0.97 # 12481 # 13107 # 1 # ID=317_18;partial=00;start_type=ATG;rbs_motif=GGA/GAG/AGG;rbs_spacer=5-10bp;gc_cont=0.289
Ga0485799_0418_3     -            185 1502854at2           -            192   4.4e-20   71.8   0.1   1   1   4.1e-22     6e-20   71.4   0.1     2   182    12   179    11   184 0.85 # 2047 # 2601 # -1 # ID=418_3;partial=00;start_type=ATG;rbs_motif=None;rbs_spacer=None;gc_cont=0.292
Ga0485799_0106_17    -            535 1502854at2           -            192   9.1e-06   25.1   0.2   1   2   0.00033     0.049   13.0   0.0     6    27    29    50    26    57 0.87 # 18972 # 20576 # -1 # ID=106_17;partial=00;start_type=ATG;rbs_motif=GGA/GAG/AGG;rbs_spacer=5-10bp;gc_cont=0.512
Ga0485799_0106_17    -            535 1502854at2           -            192   9.1e-06   25.1   0.2   2   2    0.0029      0.42    9.9   0.1     4    27   305   328   303   332 0.90 # 18972 # 20576 # -1 # ID=106_17;partial=00;start_type=ATG;rbs_motif=GGA/GAG/AGG;rbs_spacer=5-10bp;gc_cont=0.512
Ga0485799_0236_2     -            463 1502854at2           -            192   0.00074   18.9   0.0   1   2      0.26        38    3.5   0.0     9    32     5    28     3    57 0.82 # 527 # 1915 # -1 # ID=236_2;partial=00;start_type=ATG;rbs_motif=None;rbs_spacer=None;gc_cont=0.461
Ga0485799_0236_2     -            463 1502854at2           -            192   0.00074   18.9   0.0   2   2   0.00036     0.053   12.9   0.0    10   104   178   274   171   308 0.81 # 527 # 1915 # -1 # ID=236_2;partial=00;start_type=ATG;rbs_motif=None;rbs_spacer=None;gc_cont=0.461
Ga0485799_0205_12    -            940 1502854at2           -            192     0.001   18.5   0.1   1   2      0.01       1.5    8.1   0.0     5    23    23    41    21    63 0.83 # 11900 # 14719 # -1 # ID=205_12;partial=00;start_type=ATG;rbs_motif=None;rbs_spacer=None;gc_cont=0.460
Ga0485799_0205_12    -            940 1502854at2           -            192     0.001   18.5   0.1   2   2     0.013       1.8    7.8   0.1     6    26   633   653   631   659 0.89 # 11900 # 14719 # -1 # ID=205_12;partial=00;start_type=ATG;rbs_motif=None;rbs_spacer=None;gc_cont=0.460
Ga0485799_0595_7     -             51 1502854at2           -            192    0.0012   18.2   0.0   1   1   9.1e-06    0.0013   18.1   0.0     4    37     2    35     1    37 0.86 # 5755 # 5907 # 1 # ID=595_7;partial=00;start_type=ATG;rbs_motif=AGGA;rbs_spacer=5-10bp;gc_cont=0.438
Ga0485799_0913_1     -            906 1502854at2           -            192    0.0018   17.7   0.1   1   2    0.0018      0.26   10.6   0.0     5    27    24    46    21    64 0.80 # 56 # 2773 # -1 # ID=913_1;partial=00;start_type=ATG;rbs_motif=GGAG/GAGG;rbs_spacer=5-10bp;gc_cont=0.332
Ga0485799_0913_1     -            906 1502854at2           -            192    0.0018   17.7   0.1   2   2      0.12        18    4.6   0.0     5    25   624   644   621   667 0.81 # 56 # 2773 # -1 # ID=913_1;partial=00;start_type=ATG;rbs_motif=GGAG/GAGG;rbs_spacer=5-10bp;gc_cont=0.332
Ga0485799_0023_17    -             83 1502854at2           -            192     0.002   17.5   0.0   1   1   2.4e-05    0.0035   16.7   0.0     6    29     3    26     1    33 0.87 # 18165 # 18413 # 1 # ID=23_17;partial=00;start_type=ATG;rbs_motif=AGGAG;rbs_spacer=5-10bp;gc_cont=0.438
Ga0485799_0767_3     -            505 1502854at2           -            192    0.0022   17.4   0.1   1   3   0.00072       0.1   11.9   0.0    10    49     5    44     3    48 0.92 # 1417 # 2931 # -1 # ID=767_3;partial=00;start_type=ATG;rbs_motif=AGGA;rbs_spacer=5-10bp;gc_cont=0.303
Ga0485799_0767_3     -            505 1502854at2           -            192    0.0022   17.4   0.1   2   3       1.1   1.5e+02    1.6   0.0    10    40   210   240   203   244 0.76 # 1417 # 2931 # -1 # ID=767_3;partial=00;start_type=ATG;rbs_motif=AGGA;rbs_spacer=5-10bp;gc_cont=0.303
Ga0485799_0767_3     -            505 1502854at2           -            192    0.0022   17.4   0.1   3   3       2.1     3e+02    0.6   0.0    73   109   229   265   217   279 0.69 # 1417 # 2931 # -1 # ID=767_3;partial=00;start_type=ATG;rbs_motif=AGGA;rbs_spacer=5-10bp;gc_cont=0.303
Ga0485799_0013_44    -            274 1502854at2           -            192    0.0028   17.0   0.1   1   1   3.6e-05    0.0053   16.1   0.1     3    26    32    55    30    63 0.89 # 37490 # 38311 # -1 # ID=13_44;partial=00;start_type=ATG;rbs_motif=GGA/GAG/AGG;rbs_spacer=5-10bp;gc_cont=0.473
Ga0485799_0012_28    -            237 1502854at2           -            192    0.0036   16.7   0.1   1   1   4.2e-05    0.0061   15.9   0.1     4    27    30    53    28    60 0.91 # 19296 # 20006 # -1 # ID=12_28;partial=00;start_type=ATG;rbs_motif=None;rbs_spacer=None;gc_cont=0.471
Ga0485799_0247_18    -            497 1502854at2           -            192    0.0039   16.6   2.2   1   3    0.0087       1.3    8.4   0.0     3    29    37    63    35    73 0.86 # 15340 # 16830 # -1 # ID=247_18;partial=00;start_type=ATG;rbs_motif=GGAG/GAGG;rbs_spacer=5-10bp;gc_cont=0.470
Ga0485799_0247_18    -            497 1502854at2           -            192    0.0039   16.6   2.2   2   3        10   1.5e+03   -1.6   0.1   123   168   149   190   135   201 0.61 # 15340 # 16830 # -1 # ID=247_18;partial=00;start_type=ATG;rbs_motif=GGAG/GAGG;rbs_spacer=5-10bp;gc_cont=0.470
Ga0485799_0247_18    -            497 1502854at2           -            192    0.0039   16.6   2.2   3   3     0.072        10    5.4   0.2     6    54   298   344   294   463 0.74 # 15340 # 16830 # -1 # ID=247_18;partial=00;start_type=ATG;rbs_motif=GGAG/GAGG;rbs_spacer=5-10bp;gc_cont=0.470
Ga0485799_0391_11    -             48 1502854at2           -            192    0.0053   16.1   0.0   1   1   3.9e-05    0.0057   16.0   0.0     3    26     8    31     6    36 0.89 # 6276 # 6419 # -1 # ID=391_11;partial=00;start_type=ATG;rbs_motif=4Base/6BMM;rbs_spacer=13-15bp;gc_cont=0.417
Ga0485799_0385_3     -            231 1502854at2           -            192    0.0056   16.0   0.1   1   1   0.00011     0.017   14.5   0.0     5    27    34    56    32    63 0.86 # 2773 # 3465 # -1 # ID=385_3;partial=00;start_type=ATG;rbs_motif=None;rbs_spacer=None;gc_cont=0.434
Ga0485799_0388_6     -            382 1502854at2           -            192     0.006   15.9   0.1   1   1   9.8e-05     0.014   14.7   0.1     5    30   179   204   176   214 0.84 # 2304 # 3449 # -1 # ID=388_6;partial=00;start_type=ATG;rbs_motif=GGA/GAG/AGG;rbs_spacer=5-10bp;gc_cont=0.288
Ga0485799_0775_5     -            195 1502854at2           -            192    0.0067   15.8   0.0   1   1   7.1e-05      0.01   15.2   0.0     5    29    31    55    28    63 0.86 # 2836 # 3420 # -1 # ID=775_5;partial=00;start_type=ATG;rbs_motif=None;rbs_spacer=None;gc_cont=0.274
Ga0485799_0328_3     -            126 1502854at2           -            192    0.0069   15.7   0.0   1   1   7.1e-05      0.01   15.2   0.0     7    36    25    55    20    66 0.83 # 1518 # 1895 # 1 # ID=328_3;partial=00;start_type=ATG;rbs_motif=GGAG/GAGG;rbs_spacer=5-10bp;gc_cont=0.336
Ga0485799_1037_2     -             77 1502854at2           -            192    0.0091   15.4   0.0   1   1    0.0001     0.015   14.6   0.0     5    24    56    75    53    76 0.89 # 1928 # 2158 # -1 # ID=1037_2;partial=01;start_type=Edge;rbs_motif=None;rbs_spacer=None;gc_cont=0.433
Ga0485799_0541_1     -             38 1502854at2           -            192    0.0091   15.3   0.0   1   1   6.6e-05    0.0095   15.3   0.0     5    35     1    30     1    33 0.85 # 2 # 115 # -1 # ID=541_1;partial=10;start_type=ATG;rbs_motif=GGA/GAG/AGG;rbs_spacer=5-10bp;gc_cont=0.333
Ga0485799_0274_3     -            706 1502854at2           -            192    0.0092   15.3   0.0   1   2     0.058       8.4    5.7   0.0     9    38   214   243   210   245 0.83 # 2901 # 5018 # 1 # ID=274_3;partial=00;start_type=ATG;rbs_motif=GGA/GAG/AGG;rbs_spacer=5-10bp;gc_cont=0.474
Ga0485799_0274_3     -            706 1502854at2           -            192    0.0092   15.3   0.0   2   2     0.026       3.7    6.8   0.0     9    35   487   512   481   516 0.81 # 2901 # 5018 # 1 # ID=274_3;partial=00;start_type=ATG;rbs_motif=GGA/GAG/AGG;rbs_spacer=5-10bp;gc_cont=0.474
Ga0485799_0453_5     -             66 1502854at2           -            192    0.0099   15.2   0.0   1   1   8.4e-05     0.012   14.9   0.0     3    26    26    49    24    54 0.89 # 6300 # 6497 # 1 # ID=453_5;partial=00;start_type=ATG;rbs_motif=AGGA;rbs_spacer=5-10bp;gc_cont=0.364
Ga0485799_0796_1     -            258 1502854at2           -            192      0.01   15.2   0.0   1   1   0.00011     0.015   14.6   0.0     3    29    68    94    66   109 0.83 # 2 # 775 # 1 # ID=796_1;partial=10;start_type=Edge;rbs_motif=None;rbs_spacer=None;gc_cont=0.298
Ga0485799_0001_55    -            181 1502854at2           -            192      0.01   15.2   0.1   1   2   0.00019     0.027   13.8   0.0     9    32     7    29     1    35 0.81 # 88140 # 88682 # -1 # ID=1_55;partial=00;start_type=ATG;rbs_motif=GGA/GAG/AGG;rbs_spacer=5-10bp;gc_cont=0.444
Ga0485799_0001_55    -            181 1502854at2           -            192      0.01   15.2   0.1   2   2       9.1   1.3e+03   -1.5   0.0   121   138   100   116    87   172 0.53 # 88140 # 88682 # -1 # ID=1_55;partial=00;start_type=ATG;rbs_motif=GGA/GAG/AGG;rbs_spacer=5-10bp;gc_cont=0.444
Ga0485799_0559_6     -            200 1502854at2           -            192      0.01   15.2   0.1   1   2   0.00046     0.066   12.5   0.0     4    36     2    34     1    37 0.85 # 4765 # 5364 # -1 # ID=559_6;partial=00;start_type=ATG;rbs_motif=None;rbs_spacer=None;gc_cont=0.417
Ga0485799_0559_6     -            200 1502854at2           -            192      0.01   15.2   0.1   2   2       2.6   3.7e+02    0.3   0.0   113   140    92   119    50   151 0.72 # 4765 # 5364 # -1 # ID=559_6;partial=00;start_type=ATG;rbs_motif=None;rbs_spacer=None;gc_cont=0.417
Ga0485799_0756_4     -             66 1502854at2           -            192      0.01   15.2   0.0   1   1   8.4e-05     0.012   14.9   0.0     3    26    26    49    24    54 0.89 # 2337 # 2534 # -1 # ID=756_4;partial=00;start_type=ATG;rbs_motif=AGGA;rbs_spacer=5-10bp;gc_cont=0.369
Ga0485799_0629_2     -            119 1502854at2           -            192     0.011   15.1   0.2   1   2   0.00019     0.028   13.8   0.0    11    36     6    31     2    34 0.86 # 981 # 1337 # -1 # ID=629_2;partial=00;start_type=ATG;rbs_motif=None;rbs_spacer=None;gc_cont=0.417
Ga0485799_0629_2     -            119 1502854at2           -            192     0.011   15.1   0.2   2   2       8.9   1.3e+03   -1.5   0.1   102   102    66    66    36    89 0.57 # 981 # 1337 # -1 # ID=629_2;partial=00;start_type=ATG;rbs_motif=None;rbs_spacer=None;gc_cont=0.417
Ga0485799_0004_101   -            467 1502854at2           -            192     0.011   15.1   0.1   1   2    0.0027       0.4   10.0   0.0     6    43   240   277   237   286 0.92 # 91918 # 93318 # 1 # ID=4_101;partial=00;start_type=ATG;rbs_motif=4Base/6BMM;rbs_spacer=13-15bp;gc_cont=0.476
Ga0485799_0004_101   -            467 1502854at2           -            192     0.011   15.1   0.1   2   2      0.55        79    2.5   0.1     5    34   366   394   363   404 0.79 # 91918 # 93318 # 1 # ID=4_101;partial=00;start_type=ATG;rbs_motif=4Base/6BMM;rbs_spacer=13-15bp;gc_cont=0.476
Ga0485799_0022_31    -            261 1502854at2           -            192     0.011   15.1   0.0   1   1   0.00012     0.017   14.4   0.0     4    27    30    53    28    64 0.87 # 37949 # 38731 # 1 # ID=22_31;partial=00;start_type=ATG;rbs_motif=GGA/GAG/AGG;rbs_spacer=5-10bp;gc_cont=0.460
Ga0485799_0495_3     -            453 1502854at2           -            192     0.012   15.0   0.2   1   3       6.5   9.4e+02   -1.0   0.0     9   128     8    38     3    58 0.59 # 2619 # 3977 # 1 # ID=495_3;partial=00;start_type=ATG;rbs_motif=AGxAG;rbs_spacer=5-10bp;gc_cont=0.289
Ga0485799_0495_3     -            453 1502854at2           -            192     0.012   15.0   0.2   2   3     0.079        11    5.2   0.0     9    42   219   252   212   252 0.88 # 2619 # 3977 # 1 # ID=495_3;partial=00;start_type=ATG;rbs_motif=AGxAG;rbs_spacer=5-10bp;gc_cont=0.289
Ga0485799_0495_3     -            453 1502854at2           -            192     0.012   15.0   0.2   3   3    0.0052      0.76    9.1   0.0    78   116   244   282   235   289 0.87 # 2619 # 3977 # 1 # ID=495_3;partial=00;start_type=ATG;rbs_motif=AGxAG;rbs_spacer=5-10bp;gc_cont=0.289
Ga0485799_0042_6     -            229 1502854at2           -            192     0.013   14.9   0.1   1   2    0.0016      0.24   10.7   0.0     8    29    13    34     6    41 0.82 # 5222 # 5908 # 1 # ID=42_6;partial=00;start_type=ATG;rbs_motif=None;rbs_spacer=None;gc_cont=0.482
Ga0485799_0042_6     -            229 1502854at2           -            192     0.013   14.9   0.1   2   2      0.83   1.2e+02    1.9   0.1   116   166   145   192   141   212 0.68 # 5222 # 5908 # 1 # ID=42_6;partial=00;start_type=ATG;rbs_motif=None;rbs_spacer=None;gc_cont=0.482
Ga0485799_0937_1     -            142 1502854at2           -            192     0.013   14.9   0.2   1   1   0.00016     0.023   14.0   0.1     7    27    23    43    19    56 0.87 # 3 # 428 # -1 # ID=937_1;partial=10;start_type=TTG;rbs_motif=None;rbs_spacer=None;gc_cont=0.263
Ga0485799_0201_24    -             56 1502854at2           -            192     0.014   14.7   0.0   1   1   0.00011     0.016   14.6   0.0     7    28    23    44    19    51 0.88 # 19728 # 19895 # 1 # ID=201_24;partial=00;start_type=ATG;rbs_motif=None;rbs_spacer=None;gc_cont=0.315
Ga0485799_0291_3     -            625 1502854at2           -            192     0.014   14.7   0.0   1   2      0.51        74    2.6   0.0     9    28    30    49    25    61 0.84 # 1709 # 3583 # -1 # ID=291_3;partial=00;start_type=ATG;rbs_motif=None;rbs_spacer=None;gc_cont=0.469
Ga0485799_0291_3     -            625 1502854at2           -            192     0.014   14.7   0.0   2   2    0.0074       1.1    8.6   0.0     9    31   346   368   340   379 0.79 # 1709 # 3583 # -1 # ID=291_3;partial=00;start_type=ATG;rbs_motif=None;rbs_spacer=None;gc_cont=0.469
Ga0485799_0088_6     -            213 1502854at2           -            192     0.015   14.7   0.0   1   1    0.0002      0.03   13.7   0.0     4    31    28    55    26    63 0.84 # 4662 # 5300 # -1 # ID=88_6;partial=00;start_type=TTG;rbs_motif=AGGAG;rbs_spacer=5-10bp;gc_cont=0.446
Ga0485799_0467_7     -            202 1502854at2           -            192     0.015   14.6   0.0   1   1   0.00018     0.026   13.8   0.0     5    29    31    55    28    63 0.84 # 5645 # 6250 # -1 # ID=467_7;partial=00;start_type=ATG;rbs_motif=GGAG/GAGG;rbs_spacer=5-10bp;gc_cont=0.325
Ga0485799_0023_4     -            103 1502854at2           -            192     0.019   14.3   0.2   1   1   0.00018     0.026   13.9   0.2     6    27    30    51    26    60 0.90 # 1353 # 1661 # -1 # ID=23_4;partial=00;start_type=ATG;rbs_motif=AGGAG/GGAGG;rbs_spacer=11-12bp;gc_cont=0.414
Ga0485799_0489_5     -            249 1502854at2           -            192     0.019   14.3   0.0   1   1   0.00037     0.054   12.8   0.0     4    28    25    49    23    58 0.84 # 7294 # 8040 # 1 # ID=489_5;partial=00;start_type=ATG;rbs_motif=GGA/GAG/AGG;rbs_spacer=5-10bp;gc_cont=0.392
Ga0485799_0121_4     -            103 1502854at2           -            192      0.02   14.3   0.2   1   1   0.00019     0.027   13.8   0.2     6    27    30    51    26    58 0.90 # 2413 # 2721 # 1 # ID=121_4;partial=00;start_type=ATG;rbs_motif=None;rbs_spacer=None;gc_cont=0.430
Ga0485799_0151_6     -            354 1502854at2           -            192      0.02   14.2   0.0   1   1   0.00035     0.051   12.9   0.0     6    29   194   217   193   228 0.86 # 4678 # 5739 # -1 # ID=151_6;partial=00;start_type=ATG;rbs_motif=None;rbs_spacer=None;gc_cont=0.356
Ga0485799_0061_15    -            176 1502854at2           -            192     0.024   14.0   0.2   1   2   0.00065     0.094   12.0   0.1     4    29     5    30     2    36 0.86 # 12548 # 13075 # -1 # ID=61_15;partial=00;start_type=ATG;rbs_motif=GGAG/GAGG;rbs_spacer=5-10bp;gc_cont=0.608
Ga0485799_0061_15    -            176 1502854at2           -            192     0.024   14.0   0.2   2   2       4.5   6.5e+02   -0.5   0.0   122   140   107   124    94   172 0.52 # 12548 # 13075 # -1 # ID=61_15;partial=00;start_type=ATG;rbs_motif=GGAG/GAGG;rbs_spacer=5-10bp;gc_cont=0.608
Ga0485799_0529_2     -            218 1502854at2           -            192     0.024   14.0   0.2   1   1   0.00028     0.041   13.2   0.2     4    27    30    53    28    60 0.89 # 802 # 1455 # -1 # ID=529_2;partial=00;start_type=ATG;rbs_motif=GGAG/GAGG;rbs_spacer=5-10bp;gc_cont=0.291
Ga0485799_0066_26    -            483 1502854at2           -            192     0.025   13.9   0.1   1   1   0.00077      0.11   11.8   0.1     4    27   241   264   239   272 0.89 # 24428 # 25876 # -1 # ID=66_26;partial=00;start_type=TTG;rbs_motif=GGA/GAG/AGG;rbs_spacer=5-10bp;gc_cont=0.452
Ga0485799_0202_6     -            241 1502854at2           -            192     0.027   13.8   0.1   1   1   0.00033     0.048   13.0   0.1     5    31    26    52    23    64 0.76 # 4587 # 5309 # 1 # ID=202_6;partial=00;start_type=ATG;rbs_motif=AGGAG;rbs_spacer=5-10bp;gc_cont=0.419
Ga0485799_0296_4     -            477 1502854at2           -            192     0.031   13.6   0.0   1   1   0.00039     0.057   12.8   0.0     6    28   227   249   224   268 0.84 # 2084 # 3514 # 1 # ID=296_4;partial=00;start_type=ATG;rbs_motif=None;rbs_spacer=None;gc_cont=0.400
Ga0485799_0181_22    -            251 1502854at2           -            192     0.032   13.5   0.1   1   1   0.00033     0.047   13.0   0.1     4    29    33    58    31    74 0.85 # 17355 # 18107 # 1 # ID=181_22;partial=00;start_type=ATG;rbs_motif=GGAG/GAGG;rbs_spacer=5-10bp;gc_cont=0.525
Ga0485799_1318_1     -            425 1502854at2           -            192     0.033   13.5   0.0   1   1   0.00043     0.063   12.6   0.0     5    27    29    51    26    60 0.86 # 2 # 1276 # -1 # ID=1318_1;partial=11;start_type=Edge;rbs_motif=None;rbs_spacer=None;gc_cont=0.437
Ga0485799_0013_51    -            328 1502854at2           -            192     0.034   13.5   0.0   1   1   0.00036     0.052   12.9   0.0     5    30    42    67    39    73 0.86 # 43529 # 44512 # -1 # ID=13_51;partial=00;start_type=ATG;rbs_motif=GGA/GAG/AGG;rbs_spacer=5-10bp;gc_cont=0.483
Ga0485799_0060_35    -            381 1502854at2           -            192     0.034   13.5   0.1   1   1   0.00046     0.067   12.5   0.1     4    31   128   155   126   164 0.84 # 37275 # 38417 # 1 # ID=60_35;partial=00;start_type=ATG;rbs_motif=GGAG/GAGG;rbs_spacer=5-10bp;gc_cont=0.447
Ga0485799_0903_2     -            216 1502854at2           -            192     0.038   13.3   0.9   1   2      0.05       7.2    5.9   0.0     9    31     3    25     1    32 0.84 # 2108 # 2755 # 1 # ID=903_2;partial=00;start_type=ATG;rbs_motif=AGGA;rbs_spacer=5-10bp;gc_cont=0.347
Ga0485799_0903_2     -            216 1502854at2           -            192     0.038   13.3   0.9   2   2     0.055       7.9    5.8   0.3    97   159   103   176    85   213 0.72 # 2108 # 2755 # 1 # ID=903_2;partial=00;start_type=ATG;rbs_motif=AGGA;rbs_spacer=5-10bp;gc_cont=0.347
Ga0485799_0465_5     -            348 1502854at2           -            192      0.04   13.3   0.0   1   1   0.00047     0.069   12.5   0.0     5    27    29    51    27    62 0.87 # 4411 # 5454 # 1 # ID=465_5;partial=00;start_type=ATG;rbs_motif=None;rbs_spacer=None;gc_cont=0.446
Ga0485799_0528_8     -            632 1502854at2           -            192      0.04   13.3   0.0   1   2      0.33        48    3.2   0.0     7    25    14    32     9    43 0.86 # 4369 # 6264 # 1 # ID=528_8;partial=00;start_type=ATG;rbs_motif=AGGA;rbs_spacer=5-10bp;gc_cont=0.444
Ga0485799_0528_8     -            632 1502854at2           -            192      0.04   13.3   0.0   2   2     0.018       2.6    7.3   0.0     6    25   332   351   328   367 0.85 # 4369 # 6264 # 1 # ID=528_8;partial=00;start_type=ATG;rbs_motif=AGGA;rbs_spacer=5-10bp;gc_cont=0.444
Ga0485799_0142_3     -            333 1502854at2           -            192     0.041   13.2   0.2   1   2   0.00094      0.14   11.5   0.0     7    32   127   152   123   161 0.81 # 796 # 1794 # 1 # ID=142_3;partial=00;start_type=ATG;rbs_motif=None;rbs_spacer=None;gc_cont=0.380
Ga0485799_0142_3     -            333 1502854at2           -            192     0.041   13.2   0.2   2   2       9.1   1.3e+03   -1.5   0.0    87   117   190   220   171   303 0.66 # 796 # 1794 # 1 # ID=142_3;partial=00;start_type=ATG;rbs_motif=None;rbs_spacer=None;gc_cont=0.380
Ga0485799_0532_1     -            650 1502854at2           -            192     0.046   13.1   0.1   1   2      0.12        17    4.7   0.0     9    27   117   135   110   142 0.84 # 35 # 1984 # 1 # ID=532_1;partial=00;start_type=ATG;rbs_motif=None;rbs_spacer=None;gc_cont=0.306
Ga0485799_0532_1     -            650 1502854at2           -            192     0.046   13.1   0.1   2   2     0.062         9    5.6   0.0     9    28   398   417   394   424 0.87 # 35 # 1984 # 1 # ID=532_1;partial=00;start_type=ATG;rbs_motif=None;rbs_spacer=None;gc_cont=0.306
Ga0485799_0310_1     -           1069 1502854at2           -            192     0.046   13.0   0.1   1   2      0.48        70    2.7   0.1     8    27   225   244   220   252 0.86 # 681 # 3887 # -1 # ID=310_1;partial=00;start_type=ATG;rbs_motif=None;rbs_spacer=None;gc_cont=0.467
Ga0485799_0310_1     -           1069 1502854at2           -            192     0.046   13.0   0.1   2   2     0.018       2.6    7.3   0.0    10    28   487   505   483   515 0.88 # 681 # 3887 # -1 # ID=310_1;partial=00;start_type=ATG;rbs_motif=None;rbs_spacer=None;gc_cont=0.467
Ga0485799_0423_6     -            405 1502854at2           -            192     0.047   13.0   0.1   1   1   0.00066     0.096   12.0   0.1     8    35    11    38     6    43 0.81 # 4182 # 5396 # 1 # ID=423_6;partial=00;start_type=ATG;rbs_motif=AGGA/GGAG/GAGG;rbs_spacer=11-12bp;gc_cont=0.475
Ga0485799_0509_9     -            503 1502854at2           -            192     0.048   13.0   0.0   1   1   0.00076      0.11   11.8   0.0     5    29   257   281   254   292 0.82 # 5101 # 6609 # -1 # ID=509_9;partial=00;start_type=ATG;rbs_motif=GGA/GAG/AGG;rbs_spacer=5-10bp;gc_cont=0.319
Ga0485799_0364_10    -            238 1502854at2           -            192     0.048   13.0   0.0   1   1   0.00069       0.1   12.0   0.0     6    26    27    47    23    54 0.88 # 10647 # 11360 # 1 # ID=364_10;partial=00;start_type=ATG;rbs_motif=None;rbs_spacer=None;gc_cont=0.429
Ga0485799_0037_32    -             79 1502854at2           -            192     0.049   13.0   0.0   1   1   0.00038     0.055   12.8   0.0     3    30    27    54    25    69 0.85 # 40626 # 40862 # -1 # ID=37_32;partial=00;start_type=ATG;rbs_motif=AGGA;rbs_spacer=5-10bp;gc_cont=0.426
Ga0485799_0063_32    -            355 1502854at2           -            192     0.051   12.9   0.1   1   1   0.00069       0.1   12.0   0.1     6    29    30    53    25    60 0.87 # 36215 # 37279 # -1 # ID=63_32;partial=00;start_type=ATG;rbs_motif=None;rbs_spacer=None;gc_cont=0.441
Ga0485799_0145_5     -            228 1502854at2           -            192     0.053   12.9   0.0   1   1   0.00064     0.092   12.1   0.0     5    26    31    52    29    57 0.88 # 6103 # 6786 # -1 # ID=145_5;partial=00;start_type=ATG;rbs_motif=None;rbs_spacer=None;gc_cont=0.425
Ga0485799_0892_3     -            227 1502854at2           -            192     0.058   12.7   0.1   1   1   0.00073      0.11   11.9   0.0     5    29    28    52    25    59 0.84 # 786 # 1466 # -1 # ID=892_3;partial=00;start_type=ATG;rbs_motif=None;rbs_spacer=None;gc_cont=0.468
Ga0485799_0299_7     -            413 1502854at2           -            192     0.063   12.6   0.1   1   2       7.4   1.1e+03   -1.2   0.0   116   157   154   201   151   225 0.74 # 5318 # 6556 # 1 # ID=299_7;partial=00;start_type=ATG;rbs_motif=None;rbs_spacer=None;gc_cont=0.415
Ga0485799_0299_7     -            413 1502854at2           -            192     0.063   12.6   0.1   2   2     0.002      0.28   10.5   0.0     6    27   298   319   294   327 0.87 # 5318 # 6556 # 1 # ID=299_7;partial=00;start_type=ATG;rbs_motif=None;rbs_spacer=None;gc_cont=0.415
Ga0485799_0001_24    -            351 1502854at2           -            192     0.064   12.6   0.0   1   1   0.00073      0.11   11.9   0.0     4    43    27    59    24    62 0.82 # 23796 # 24848 # 1 # ID=1_24;partial=00;start_type=ATG;rbs_motif=GGAG/GAGG;rbs_spacer=5-10bp;gc_cont=0.383
Ga0485799_0075_18    -            111 1502854at2           -            192     0.066   12.5   0.0   1   1   0.00071       0.1   11.9   0.0     7    29    21    43    16    63 0.72 # 21972 # 22304 # -1 # ID=75_18;partial=00;start_type=ATG;rbs_motif=GGAG/GAGG;rbs_spacer=5-10bp;gc_cont=0.381
Ga0485799_0018_15    -            716 1502854at2           -            192     0.067   12.5   0.1   1   2      0.36        53    3.1   0.0    10    28   180   198   173   207 0.86 # 10257 # 12404 # 1 # ID=18_15;partial=00;start_type=ATG;rbs_motif=AGGAG;rbs_spacer=5-10bp;gc_cont=0.534
Ga0485799_0018_15    -            716 1502854at2           -            192     0.067   12.5   0.1   2   2     0.037       5.4    6.3   0.0     8    28   454   474   448   482 0.87 # 10257 # 12404 # 1 # ID=18_15;partial=00;start_type=ATG;rbs_motif=AGGAG;rbs_spacer=5-10bp;gc_cont=0.534
Ga0485799_0075_22    -            110 1502854at2           -            192     0.069   12.5   0.0   1   1   0.00067     0.097   12.0   0.0     7    29    21    43    16    64 0.71 # 23962 # 24291 # -1 # ID=75_22;partial=00;start_type=ATG;rbs_motif=GGAG/GAGG;rbs_spacer=5-10bp;gc_cont=0.379
Ga0485799_0436_6     -            195 1502854at2           -            192     0.073   12.4   2.9   1   2      0.18        26    4.1   0.1     7    25     4    22     2    27 0.87 # 3571 # 4155 # -1 # ID=436_6;partial=00;start_type=ATG;rbs_motif=None;rbs_spacer=None;gc_cont=0.294
Ga0485799_0436_6     -            195 1502854at2           -            192     0.073   12.4   2.9   2   2      0.01       1.5    8.1   0.8   129   183   132   187   120   193 0.72 # 3571 # 4155 # -1 # ID=436_6;partial=00;start_type=ATG;rbs_motif=None;rbs_spacer=None;gc_cont=0.294
Ga0485799_0276_3     -            366 1502854at2           -            192     0.079   12.3   0.0   1   1    0.0009      0.13   11.6   0.0     7    27   301   321   298   326 0.87 # 2101 # 3198 # 1 # ID=276_3;partial=00;start_type=GTG;rbs_motif=GGA/GAG/AGG;rbs_spacer=5-10bp;gc_cont=0.495
Ga0485799_0477_4     -            103 1502854at2           -            192      0.08   12.3   0.0   1   1   0.00074      0.11   11.8   0.0    10    41    42    73    35    76 0.90 # 3373 # 3681 # 1 # ID=477_4;partial=00;start_type=ATG;rbs_motif=None;rbs_spacer=None;gc_cont=0.294
Ga0485799_1763_1     -            145 1502854at2           -            192      0.08   12.3   0.0   1   1     0.001      0.15   11.4   0.0     9    27    31    49    27    68 0.89 # 3 # 437 # -1 # ID=1763_1;partial=10;start_type=ATG;rbs_motif=GGAG/GAGG;rbs_spacer=5-10bp;gc_cont=0.276
Ga0485799_0427_6     -            324 1502854at2           -            192     0.082   12.2   0.1   1   1   0.00084      0.12   11.7   0.1     3    29   133   159   131   166 0.83 # 3623 # 4594 # 1 # ID=427_6;partial=00;start_type=ATG;rbs_motif=None;rbs_spacer=None;gc_cont=0.493
Ga0485799_0418_6     -            235 1502854at2           -            192     0.082   12.2   0.0   1   1   0.00088      0.13   11.6   0.0     5    30    35    60    32    71 0.86 # 4331 # 5035 # -1 # ID=418_6;partial=00;start_type=ATG;rbs_motif=AGGA;rbs_spacer=5-10bp;gc_cont=0.336
Ga0485799_0936_3     -            587 1502854at2           -            192     0.083   12.2   0.0   1   1     0.001      0.15   11.4   0.0     5    26    56    77    53    86 0.86 # 989 # 2749 # -1 # ID=936_3;partial=01;start_type=Edge;rbs_motif=None;rbs_spacer=None;gc_cont=0.450
Ga0485799_0544_4     -            266 1502854at2           -            192     0.085   12.2   0.0   1   1    0.0016      0.23   10.7   0.0     4    27    35    58    33    68 0.87 # 1641 # 2438 # -1 # ID=544_4;partial=00;start_type=ATG;rbs_motif=GGAGG;rbs_spacer=5-10bp;gc_cont=0.333
Ga0485799_0029_51    -            594 1502854at2           -            192     0.086   12.2   0.0   1   1    0.0015      0.21   10.9   0.0     6    39   303   335   300   342 0.83 # 51963 # 53744 # 1 # ID=29_51;partial=00;start_type=ATG;rbs_motif=AGGAG;rbs_spacer=5-10bp;gc_cont=0.440
Ga0485799_0078_1     -            232 1502854at2           -            192     0.087   12.2   0.1   1   1    0.0011      0.15   11.3   0.1     4    31    25    52    23    58 0.87 # 513 # 1208 # 1 # ID=78_1;partial=00;start_type=ATG;rbs_motif=AGGAG(G)/GGAGG;rbs_spacer=13-15bp;gc_cont=0.484
Ga0485799_0222_5     -            363 1502854at2           -            192      0.09   12.1   0.0   1   1    0.0022      0.33   10.3   0.0     4    27    26    49    23    58 0.87 # 9466 # 10554 # 1 # ID=222_5;partial=00;start_type=ATG;rbs_motif=AGGA;rbs_spacer=5-10bp;gc_cont=0.320
Ga0485799_0544_3     -            286 1502854at2           -            192     0.099   12.0   0.2   1   1    0.0012      0.18   11.1   0.2     5    26    28    49    26    57 0.88 # 767 # 1624 # 1 # ID=544_3;partial=00;start_type=ATG;rbs_motif=None;rbs_spacer=None;gc_cont=0.326
Ga0485799_0590_1     -            134 1502854at2           -            192     0.099   12.0   0.7   1   1    0.0027      0.39   10.0   0.7     6    27    24    45    21   112 0.91 # 3 # 404 # -1 # ID=590_1;partial=10;start_type=ATG;rbs_motif=GGA/GAG/AGG;rbs_spacer=5-10bp;gc_cont=0.373
Ga0485799_0191_9     -            411 1502854at2           -            192       0.1   11.9   0.0   1   1    0.0015      0.22   10.9   0.0     5    26    37    58    34    66 0.89 # 6843 # 8075 # 1 # ID=191_9;partial=00;start_type=ATG;rbs_motif=None;rbs_spacer=None;gc_cont=0.324
Ga0485799_0311_15    -            544 1502854at2           -            192      0.11   11.9   0.0   1   1    0.0016      0.23   10.8   0.0     4    38   122   155   120   159 0.79 # 13209 # 14840 # 1 # ID=311_15;partial=00;start_type=ATG;rbs_motif=None;rbs_spacer=None;gc_cont=0.430
Ga0485799_0518_1     -            134 1502854at2           -            192      0.11   11.8   0.6   1   1    0.0025      0.37   10.1   0.6     6    27    24    45    21   112 0.92 # 3 # 404 # -1 # ID=518_1;partial=10;start_type=ATG;rbs_motif=GGA/GAG/AGG;rbs_spacer=5-10bp;gc_cont=0.368
Ga0485799_0394_9     -            166 1502854at2           -            192      0.11   11.8   0.4   1   1     0.002      0.29   10.5   0.0     6    26    23    43    20    50 0.90 # 8881 # 9378 # 1 # ID=394_9;partial=00;start_type=ATG;rbs_motif=AGGA;rbs_spacer=5-10bp;gc_cont=0.436
Ga0485799_0922_4     -            249 1502854at2           -            192      0.11   11.8   0.1   1   1     0.002      0.29   10.5   0.0     4    28     2    26     1    34 0.83 # 1137 # 1883 # 1 # ID=922_4;partial=00;start_type=ATG;rbs_motif=None;rbs_spacer=None;gc_cont=0.254
Ga0485799_0013_52    -            335 1502854at2           -            192      0.11   11.8   0.0   1   1    0.0018      0.26   10.6   0.0     4    29    41    66    39    75 0.85 # 44509 # 45513 # -1 # ID=13_52;partial=00;start_type=ATG;rbs_motif=GGA/GAG/AGG;rbs_spacer=11-12bp;gc_cont=0.506
Ga0485799_0107_21    -             73 1502854at2           -            192      0.12   11.7   0.0   1   1   0.00097      0.14   11.5   0.0     8    29    23    44    19    51 0.83 # 20868 # 21086 # -1 # ID=107_21;partial=00;start_type=ATG;rbs_motif=GGA/GAG/AGG;rbs_spacer=5-10bp;gc_cont=0.356
Ga0485799_0065_3     -            218 1502854at2           -            192      0.12   11.7   0.4   1   2       0.1        15    4.9   0.0     9    30     3    24     1    31 0.80 # 3716 # 4369 # -1 # ID=65_3;partial=00;start_type=ATG;rbs_motif=AGGAG;rbs_spacer=5-10bp;gc_cont=0.479
Ga0485799_0065_3     -            218 1502854at2           -            192      0.12   11.7   0.4   2   2       0.1        15    4.9   0.1   110   159   124   176   115   193 0.71 # 3716 # 4369 # -1 # ID=65_3;partial=00;start_type=ATG;rbs_motif=AGGAG;rbs_spacer=5-10bp;gc_cont=0.479
Ga0485799_0085_26    -            238 1502854at2           -            192      0.12   11.6   0.1   1   1    0.0016      0.24   10.7   0.1     6    26    13    33    11    38 0.89 # 28381 # 29094 # -1 # ID=85_26;partial=00;start_type=ATG;rbs_motif=GGA/GAG/AGG;rbs_spacer=5-10bp;gc_cont=0.451
Ga0485799_0757_2     -            190 1502854at2           -            192      0.13   11.6   0.1   1   1    0.0024      0.35   10.2   0.0     5    34     1    30     1    35 0.88 # 208 # 777 # -1 # ID=757_2;partial=00;start_type=ATG;rbs_motif=AGxAG;rbs_spacer=5-10bp;gc_cont=0.349
Ga0485799_0057_13    -            224 1502854at2           -            192      0.13   11.6   0.0   1   1    0.0017      0.24   10.7   0.0     5    24    33    52    31    61 0.89 # 48452 # 49123 # -1 # ID=57_13;partial=00;start_type=ATG;rbs_motif=AGGA;rbs_spacer=5-10bp;gc_cont=0.457
Ga0485799_0524_1     -            558 1502854at2           -            192      0.13   11.6   0.0   1   1    0.0016      0.23   10.8   0.0     5    30   312   337   308   346 0.80 # 1623 # 3296 # -1 # ID=524_1;partial=00;start_type=ATG;rbs_motif=GGA/GAG/AGG;rbs_spacer=5-10bp;gc_cont=0.446
Ga0485799_0167_25    -            256 1502854at2           -            192      0.13   11.6   0.0   1   1    0.0021      0.31   10.4   0.0     5    29    27    51    24    61 0.85 # 21957 # 22724 # 1 # ID=167_25;partial=00;start_type=ATG;rbs_motif=GGAG/GAGG;rbs_spacer=5-10bp;gc_cont=0.309
Ga0485799_0187_4     -            159 1502854at2           -            192      0.13   11.5   0.0   1   1    0.0013      0.19   11.0   0.0     6    25    19    38    16    48 0.88 # 8648 # 9124 # 1 # ID=187_4;partial=00;start_type=GTG;rbs_motif=GGAGG;rbs_spacer=5-10bp;gc_cont=0.367
Ga0485799_0558_6     -            399 1502854at2           -            192      0.14   11.5   0.0   1   1    0.0017      0.24   10.7   0.0     6    31    37    62    33    72 0.84 # 4214 # 5410 # -1 # ID=558_6;partial=00;start_type=ATG;rbs_motif=AGGA;rbs_spacer=5-10bp;gc_cont=0.270
Ga0485799_0087_1     -            410 1502854at2           -            192      0.15   11.4   0.1   1   2     0.085        12    5.1   0.0     7    27    27    47    23    56 0.84 # 586 # 1815 # 1 # ID=87_1;partial=00;start_type=ATG;rbs_motif=AGGA;rbs_spacer=5-10bp;gc_cont=0.415
Ga0485799_0087_1     -            410 1502854at2           -            192      0.15   11.4   0.1   2   2      0.14        21    4.4   0.0    90   118    50    77    46    81 0.76 # 586 # 1815 # 1 # ID=87_1;partial=00;start_type=ATG;rbs_motif=AGGA;rbs_spacer=5-10bp;gc_cont=0.415
Ga0485799_0033_19    -            408 1502854at2           -            192      0.15   11.4   0.0   1   1    0.0019      0.28   10.5   0.0     7    29    56    78    53   100 0.83 # 17836 # 19059 # 1 # ID=33_19;partial=00;start_type=ATG;rbs_motif=AGxAGG/AGGxGG;rbs_spacer=5-10bp;gc_cont=0.361
Ga0485799_0103_14    -            443 1502854at2           -            192      0.15   11.4   0.7   1   2     0.012       1.8    7.9   0.1     6    27    23    44    19    50 0.91 # 12567 # 13895 # 1 # ID=103_14;partial=00;start_type=ATG;rbs_motif=GGAG/GAGG;rbs_spacer=5-10bp;gc_cont=0.408
Ga0485799_0103_14    -            443 1502854at2           -            192      0.15   11.4   0.7   2   2       1.6   2.3e+02    1.0   0.1   162   188   376   402   368   406 0.82 # 12567 # 13895 # 1 # ID=103_14;partial=00;start_type=ATG;rbs_motif=GGAG/GAGG;rbs_spacer=5-10bp;gc_cont=0.408
Ga0485799_0418_7     -            279 1502854at2           -            192      0.16   11.3   0.0   1   1    0.0017      0.24   10.7   0.0     5    30    50    75    47    83 0.85 # 5045 # 5881 # -1 # ID=418_7;partial=00;start_type=ATG;rbs_motif=GGA/GAG/AGG;rbs_spacer=5-10bp;gc_cont=0.339
Ga0485799_0118_1     -            884 1502854at2           -            192      0.17   11.2   0.6   1   2      0.24        35    3.7   0.1     5    28   387   410   385   422 0.81 # 272 # 2923 # -1 # ID=118_1;partial=00;start_type=TTG;rbs_motif=GGAGG;rbs_spacer=5-10bp;gc_cont=0.501
Ga0485799_0118_1     -            884 1502854at2           -            192      0.17   11.2   0.6   2   2     0.074        11    5.3   0.1     6    27   663   684   659   701 0.83 # 272 # 2923 # -1 # ID=118_1;partial=00;start_type=TTG;rbs_motif=GGAGG;rbs_spacer=5-10bp;gc_cont=0.501
Ga0485799_0048_27    -            353 1502854at2           -            192      0.17   11.2   0.6   1   2    0.0036      0.53    9.6   0.1     4    27    27    50    24    56 0.88 # 29005 # 30063 # 1 # ID=48_27;partial=00;start_type=ATG;rbs_motif=None;rbs_spacer=None;gc_cont=0.375
Ga0485799_0048_27    -            353 1502854at2           -            192      0.17   11.2   0.6   2   2       8.8   1.3e+03   -1.4   0.1    48    73   321   347   318   350 0.73 # 29005 # 30063 # 1 # ID=48_27;partial=00;start_type=ATG;rbs_motif=None;rbs_spacer=None;gc_cont=0.375
Ga0485799_1050_3     -            225 1502854at2           -            192      0.17   11.2   0.1   1   1    0.0022      0.32   10.3   0.1     6    27    27    48    24    54 0.89 # 1417 # 2091 # 1 # ID=1050_3;partial=01;start_type=ATG;rbs_motif=AGGAG;rbs_spacer=5-10bp;gc_cont=0.335
Ga0485799_0225_6     -            417 1502854at2           -            192      0.18   11.2   0.0   1   2    0.0095       1.4    8.2   0.0     7    33    18    44    15    52 0.82 # 5684 # 6934 # -1 # ID=225_6;partial=00;start_type=ATG;rbs_motif=None;rbs_spacer=None;gc_cont=0.416
Ga0485799_0225_6     -            417 1502854at2           -            192      0.18   11.2   0.0   2   2       2.7     4e+02    0.2   0.0    73   114   324   368   313   375 0.73 # 5684 # 6934 # -1 # ID=225_6;partial=00;start_type=ATG;rbs_motif=None;rbs_spacer=None;gc_cont=0.416
Ga0485799_0085_12    -             44 1502854at2           -            192      0.18   11.1   0.0   1   1    0.0014      0.21   10.9   0.0     6    23    23    40    20    42 0.90 # 16333 # 16464 # -1 # ID=85_12;partial=00;start_type=ATG;rbs_motif=GGA/GAG/AGG;rbs_spacer=11-12bp;gc_cont=0.417
Ga0485799_0127_18    -            352 1502854at2           -            192       0.2   11.0   0.1   1   1    0.0022      0.32   10.3   0.1     4    29   101   126    98   136 0.84 # 14076 # 15131 # -1 # ID=127_18;partial=00;start_type=TTG;rbs_motif=GGA/GAG/AGG;rbs_spacer=5-10bp;gc_cont=0.468
Ga0485799_0087_17    -            308 1502854at2           -            192      0.22   10.8   1.8   1   2       3.1   4.6e+02    0.0   0.2    11    26    96   111    93   118 0.84 # 18595 # 19518 # 1 # ID=87_17;partial=00;start_type=ATG;rbs_motif=None;rbs_spacer=None;gc_cont=0.485
Ga0485799_0087_17    -            308 1502854at2           -            192      0.22   10.8   1.8   2   2    0.0038      0.55    9.5   0.1   132   182   226   277   211   284 0.80 # 18595 # 19518 # 1 # ID=87_17;partial=00;start_type=ATG;rbs_motif=None;rbs_spacer=None;gc_cont=0.485
Ga0485799_0016_34    -            856 1502854at2           -            192       5.6    6.2   8.8   1   3       6.7   9.8e+02   -1.1   0.0    10    28   203   221   195   226 0.82 # 37142 # 39709 # -1 # ID=16_34;partial=00;start_type=ATG;rbs_motif=GGAG/GAGG;rbs_spacer=5-10bp;gc_cont=0.466
Ga0485799_0016_34    -            856 1502854at2           -            192       5.6    6.2   8.8   2   3       5.8   8.4e+02   -0.8   3.5   125   179   408   457   392   482 0.59 # 37142 # 39709 # -1 # ID=16_34;partial=00;start_type=ATG;rbs_motif=GGAG/GAGG;rbs_spacer=5-10bp;gc_cont=0.466
Ga0485799_0016_34    -            856 1502854at2           -            192       5.6    6.2   8.8   3   3      0.02       2.9    7.2   0.0     9    27   601   619   594   625 0.87 # 37142 # 39709 # -1 # ID=16_34;partial=00;start_type=ATG;rbs_motif=GGAG/GAGG;rbs_spacer=5-10bp;gc_cont=0.466
#
# Program:         hmmsearch
# Version:         3.1b2 (February 2015)
# Pipeline mode:   SEARCH
# Query file:      /home/mira/Bacteria2022/Thiomargarita_magnifica/qc_assembly/busco_article/busco_downloads/lineages/bacteria_odb10/hmms/1502854at2.hmm
# Target file:     /home/mira/Bacteria2022/Thiomargarita_magnifica/qc_assembly/busco_article/busco_article/prodigal_output/predicted_genes/predicted.faa
# Option settings: hmmsearch --domtblout /home/mira/Bacteria2022/Thiomargarita_magnifica/qc_assembly/busco_article/busco_article/auto_lineage/run_bacteria_odb10/hmmer_output/1502854at2.out --cpu 1 /home/mira/Bacteria2022/Thiomargarita_magnifica/qc_assembly/busco_article/busco_downloads/lineages/bacteria_odb10/hmms/1502854at2.hmm /home/mira/Bacteria2022/Thiomargarita_magnifica/qc_assembly/busco_article/busco_article/prodigal_output/predicted_genes/predicted.faa 
# Current dir:     /home/mira/Bacteria2022/Thiomargarita_magnifica/qc_assembly/busco_article
# Date:            Wed Jul 13 13:05:05 2022
# [ok]
