#                                                                            --- full sequence --- -------------- this domain -------------   hmm coord   ali coord   env coord
# target name        accession   tlen query name           accession   qlen   E-value  score  bias   #  of  c-Evalue  i-Evalue  score  bias  from    to  from    to  from    to  acc description of target
#------------------- ---------- ----- -------------------- ---------- ----- --------- ------ ----- --- --- --------- --------- ------ ----- ----- ----- ----- ----- ----- ----- ---- ---------------------
Ga0485799_0036_28    -            306 1504821at2           -            224   4.3e-58  196.3   0.9   1   2   2.3e-29   7.3e-26   90.9   0.2     1    98    18   129    18   140 0.84 # 48670 # 49587 # -1 # ID=36_28;partial=00;start_type=ATG;rbs_motif=None;rbs_spacer=None;gc_cont=0.453
Ga0485799_0036_28    -            306 1504821at2           -            224   4.3e-58  196.3   0.9   2   2   2.1e-33   6.5e-30  104.1   0.0   104   223   157   304   136   305 0.82 # 48670 # 49587 # -1 # ID=36_28;partial=00;start_type=ATG;rbs_motif=None;rbs_spacer=None;gc_cont=0.453
Ga0485799_0623_5     -            271 1504821at2           -            224   1.3e-32  113.0   0.4   1   2   2.5e-16   7.9e-13   48.3   0.1     2   100     9   101     8   109 0.89 # 4495 # 5307 # 1 # ID=623_5;partial=00;start_type=ATG;rbs_motif=AGxAGG/AGGxGG;rbs_spacer=5-10bp;gc_cont=0.285
Ga0485799_0623_5     -            271 1504821at2           -            224   1.3e-32  113.0   0.4   2   2     8e-21   2.5e-17   63.0   0.0   103   223   122   269   116   270 0.84 # 4495 # 5307 # 1 # ID=623_5;partial=00;start_type=ATG;rbs_motif=AGxAGG/AGGxGG;rbs_spacer=5-10bp;gc_cont=0.285
Ga0485799_0193_8     -            471 1504821at2           -            224   0.00035   20.0   0.0   1   3       2.1   6.4e+03   -3.8   0.0    54    73   114   133   105   158 0.60 # 6911 # 8323 # 1 # ID=193_8;partial=00;start_type=ATG;rbs_motif=None;rbs_spacer=None;gc_cont=0.482
Ga0485799_0193_8     -            471 1504821at2           -            224   0.00035   20.0   0.0   2   3      0.03        94    2.2   0.0   115   163   211   260   197   269 0.87 # 6911 # 8323 # 1 # ID=193_8;partial=00;start_type=ATG;rbs_motif=None;rbs_spacer=None;gc_cont=0.482
Ga0485799_0193_8     -            471 1504821at2           -            224   0.00035   20.0   0.0   3   3     4e-06     0.012   14.9   0.0     1    78   339   421   339   441 0.75 # 6911 # 8323 # 1 # ID=193_8;partial=00;start_type=ATG;rbs_motif=None;rbs_spacer=None;gc_cont=0.482
Ga0485799_0723_2     -            163 1504821at2           -            224     0.031   13.6   0.2   1   1   7.1e-05      0.22   10.8   0.2     3    95     9    99     7   152 0.77 # 721 # 1209 # 1 # ID=723_2;partial=00;start_type=TTG;rbs_motif=AGGAG;rbs_spacer=5-10bp;gc_cont=0.335
Ga0485799_0011_60    -            171 1504821at2           -            224      0.11   11.8   0.0   1   2   0.00012      0.36   10.1   0.0     5    56    20    70    16   119 0.75 # 52709 # 53221 # -1 # ID=11_60;partial=00;start_type=ATG;rbs_motif=None;rbs_spacer=None;gc_cont=0.448
Ga0485799_0011_60    -            171 1504821at2           -            224      0.11   11.8   0.0   2   2      0.24   7.5e+02   -0.7   0.0   103   121   133   151   127   159 0.76 # 52709 # 53221 # -1 # ID=11_60;partial=00;start_type=ATG;rbs_motif=None;rbs_spacer=None;gc_cont=0.448
#
# Program:         hmmsearch
# Version:         3.1b2 (February 2015)
# Pipeline mode:   SEARCH
# Query file:      /home/mira/Bacteria2022/Thiomargarita_magnifica/qc_assembly/busco_article/busco_downloads/lineages/bacteria_odb10/hmms/1504821at2.hmm
# Target file:     /home/mira/Bacteria2022/Thiomargarita_magnifica/qc_assembly/busco_article/busco_article/prodigal_output/predicted_genes/predicted.faa
# Option settings: hmmsearch --domtblout /home/mira/Bacteria2022/Thiomargarita_magnifica/qc_assembly/busco_article/busco_article/auto_lineage/run_bacteria_odb10/hmmer_output/1504821at2.out --cpu 1 /home/mira/Bacteria2022/Thiomargarita_magnifica/qc_assembly/busco_article/busco_downloads/lineages/bacteria_odb10/hmms/1504821at2.hmm /home/mira/Bacteria2022/Thiomargarita_magnifica/qc_assembly/busco_article/busco_article/prodigal_output/predicted_genes/predicted.faa 
# Current dir:     /home/mira/Bacteria2022/Thiomargarita_magnifica/qc_assembly/busco_article
# Date:            Wed Jul 13 13:05:05 2022
# [ok]
