#                                                                            --- full sequence --- -------------- this domain -------------   hmm coord   ali coord   env coord
# target name        accession   tlen query name           accession   qlen   E-value  score  bias   #  of  c-Evalue  i-Evalue  score  bias  from    to  from    to  from    to  acc description of target
#------------------- ---------- ----- -------------------- ---------- ----- --------- ------ ----- --- --- --------- --------- ------ ----- ----- ----- ----- ----- ----- ----- ---- ---------------------
Ga0485799_0338_15    -            443 1567535at2           -            300  1.8e-105  352.1  34.4   1   3   1.3e-36     1e-32  113.2   3.6     2   105    18   141    17   147 0.87 # 8870 # 10198 # 1 # ID=338_15;partial=00;start_type=GTG;rbs_motif=None;rbs_spacer=None;gc_cont=0.443
Ga0485799_0338_15    -            443 1567535at2           -            300  1.8e-105  352.1  34.4   2   3   6.6e-35   5.1e-31  107.6  11.0    97   197   154   281   143   290 0.80 # 8870 # 10198 # 1 # ID=338_15;partial=00;start_type=GTG;rbs_motif=None;rbs_spacer=None;gc_cont=0.443
Ga0485799_0338_15    -            443 1567535at2           -            300  1.8e-105  352.1  34.4   3   3   8.5e-42   6.6e-38  130.2   4.3   199   300   312   423   303   423 0.90 # 8870 # 10198 # 1 # ID=338_15;partial=00;start_type=GTG;rbs_motif=None;rbs_spacer=None;gc_cont=0.443
Ga0485799_0398_4     -            421 1567535at2           -            300   5.5e-80  268.4  45.8   1   4   2.3e-27   1.8e-23   82.9   6.9     1   103     3   124     3   131 0.89 # 1208 # 2470 # -1 # ID=398_4;partial=00;start_type=ATG;rbs_motif=None;rbs_spacer=None;gc_cont=0.309
Ga0485799_0398_4     -            421 1567535at2           -            300   5.5e-80  268.4  45.8   2   4   7.3e-19   5.7e-15   54.9   5.3    99   142   147   190   128   197 0.92 # 1208 # 2470 # -1 # ID=398_4;partial=00;start_type=ATG;rbs_motif=None;rbs_spacer=None;gc_cont=0.309
Ga0485799_0398_4     -            421 1567535at2           -            300   5.5e-80  268.4  45.8   3   4   4.5e-14   3.5e-10   39.2   7.6   132   198   199   273   189   287 0.74 # 1208 # 2470 # -1 # ID=398_4;partial=00;start_type=ATG;rbs_motif=None;rbs_spacer=None;gc_cont=0.309
Ga0485799_0398_4     -            421 1567535at2           -            300   5.5e-80  268.4  45.8   4   4   8.2e-34   6.4e-30  104.0   3.9   199   299   299   409   285   410 0.86 # 1208 # 2470 # -1 # ID=398_4;partial=00;start_type=ATG;rbs_motif=None;rbs_spacer=None;gc_cont=0.309
#
# Program:         hmmsearch
# Version:         3.1b2 (February 2015)
# Pipeline mode:   SEARCH
# Query file:      /home/mira/Bacteria2022/Thiomargarita_magnifica/qc_assembly/busco_article/busco_downloads/lineages/bacteria_odb10/hmms/1567535at2.hmm
# Target file:     /home/mira/Bacteria2022/Thiomargarita_magnifica/qc_assembly/busco_article/busco_article/prodigal_output/predicted_genes/predicted.faa
# Option settings: hmmsearch --domtblout /home/mira/Bacteria2022/Thiomargarita_magnifica/qc_assembly/busco_article/busco_article/auto_lineage/run_bacteria_odb10/hmmer_output/1567535at2.out --cpu 1 /home/mira/Bacteria2022/Thiomargarita_magnifica/qc_assembly/busco_article/busco_downloads/lineages/bacteria_odb10/hmms/1567535at2.hmm /home/mira/Bacteria2022/Thiomargarita_magnifica/qc_assembly/busco_article/busco_article/prodigal_output/predicted_genes/predicted.faa 
# Current dir:     /home/mira/Bacteria2022/Thiomargarita_magnifica/qc_assembly/busco_article
# Date:            Wed Jul 13 13:05:05 2022
# [ok]
