#                                                                            --- full sequence --- -------------- this domain -------------   hmm coord   ali coord   env coord
# target name        accession   tlen query name           accession   qlen   E-value  score  bias   #  of  c-Evalue  i-Evalue  score  bias  from    to  from    to  from    to  acc description of target
#------------------- ---------- ----- -------------------- ---------- ----- --------- ------ ----- --- --- --------- --------- ------ ----- ----- ----- ----- ----- ----- ----- ---- ---------------------
Ga0485799_0028_29    -            426 1592033at2           -            393  9.8e-148  492.1   4.6   1   1  2.3e-150  1.3e-147  491.8   4.6     8   387     8   399     2   404 0.93 # 35443 # 36720 # 1 # ID=28_29;partial=00;start_type=ATG;rbs_motif=GGAG/GAGG;rbs_spacer=5-10bp;gc_cont=0.487
Ga0485799_0767_3     -            505 1592033at2           -            393   5.5e-26   91.3   0.5   1   2   5.6e-16   3.1e-13   49.3   0.1   195   385     2   201     1   206 0.77 # 1417 # 2931 # -1 # ID=767_3;partial=00;start_type=ATG;rbs_motif=AGGA;rbs_spacer=5-10bp;gc_cont=0.303
Ga0485799_0767_3     -            505 1592033at2           -            393   5.5e-26   91.3   0.5   2   2   4.9e-14   2.7e-11   42.9   0.1   179   368   191   392   186   404 0.81 # 1417 # 2931 # -1 # ID=767_3;partial=00;start_type=ATG;rbs_motif=AGGA;rbs_spacer=5-10bp;gc_cont=0.303
Ga0485799_0236_2     -            463 1592033at2           -            393   6.1e-23   81.3   0.0   1   2   1.7e-15   9.3e-13   47.7   0.0   194   352     2   164     1   173 0.89 # 527 # 1915 # -1 # ID=236_2;partial=00;start_type=ATG;rbs_motif=None;rbs_spacer=None;gc_cont=0.461
Ga0485799_0236_2     -            463 1592033at2           -            393   6.1e-23   81.3   0.0   2   2   1.3e-10   7.2e-08   31.7   0.0   195   358   175   352   165   367 0.81 # 527 # 1915 # -1 # ID=236_2;partial=00;start_type=ATG;rbs_motif=None;rbs_spacer=None;gc_cont=0.461
Ga0485799_0034_44    -            338 1592033at2           -            393   6.7e-13   48.2   0.0   1   1   1.6e-15   8.9e-13   47.8   0.0   194   354   159   335   133   337 0.84 # 39054 # 40067 # -1 # ID=34_44;partial=00;start_type=ATG;rbs_motif=GGAG/GAGG;rbs_spacer=5-10bp;gc_cont=0.450
Ga0485799_0004_101   -            467 1592033at2           -            393   8.9e-13   47.8   0.0   1   1   2.4e-15   1.3e-12   47.2   0.0   167   370   215   412   209   433 0.81 # 91918 # 93318 # 1 # ID=4_101;partial=00;start_type=ATG;rbs_motif=4Base/6BMM;rbs_spacer=13-15bp;gc_cont=0.476
Ga0485799_0317_7     -            207 1592033at2           -            393   2.3e-11   43.2   0.1   1   2     4e-05     0.022   13.6   0.0   194   222    23    51    16    54 0.89 # 3015 # 3635 # 1 # ID=317_7;partial=00;start_type=GTG;rbs_motif=None;rbs_spacer=None;gc_cont=0.288
Ga0485799_0317_7     -            207 1592033at2           -            393   2.3e-11   43.2   0.1   2   2   2.1e-09   1.2e-06   27.7   0.0   267   352   111   200   107   204 0.88 # 3015 # 3635 # 1 # ID=317_7;partial=00;start_type=GTG;rbs_motif=None;rbs_spacer=None;gc_cont=0.288
Ga0485799_0495_3     -            453 1592033at2           -            393   4.4e-11   42.2   5.3   1   2      0.13        75    2.0   0.2   308   354   115   156   105   179 0.74 # 2619 # 3977 # 1 # ID=495_3;partial=00;start_type=ATG;rbs_motif=AGxAG;rbs_spacer=5-10bp;gc_cont=0.289
Ga0485799_0495_3     -            453 1592033at2           -            393   4.4e-11   42.2   5.3   2   2     8e-14   4.4e-11   42.2   5.3   164   353   188   377   177   409 0.75 # 2619 # 3977 # 1 # ID=495_3;partial=00;start_type=ATG;rbs_motif=AGxAG;rbs_spacer=5-10bp;gc_cont=0.289
Ga0485799_0313_4     -            299 1592033at2           -            393   2.8e-08   33.0   0.0   1   1   1.4e-10   7.6e-08   31.6   0.0   197   352    10   174     5   200 0.80 # 3863 # 4759 # -1 # ID=313_4;partial=00;start_type=ATG;rbs_motif=GGA/GAG/AGG;rbs_spacer=5-10bp;gc_cont=0.447
Ga0485799_0077_7     -            364 1592033at2           -            393   3.1e-08   32.8   0.1   1   3   1.7e-10   9.3e-08   31.3   0.0   197   241     5    50     2    59 0.88 # 12031 # 13122 # 1 # ID=77_7;partial=00;start_type=ATG;rbs_motif=GGA/GAG/AGG;rbs_spacer=5-10bp;gc_cont=0.467
Ga0485799_0077_7     -            364 1592033at2           -            393   3.1e-08   32.8   0.1   2   3       3.4   1.9e+03   -2.7   0.0   326   352   148   174   109   210 0.60 # 12031 # 13122 # 1 # ID=77_7;partial=00;start_type=ATG;rbs_motif=GGA/GAG/AGG;rbs_spacer=5-10bp;gc_cont=0.467
Ga0485799_0077_7     -            364 1592033at2           -            393   3.1e-08   32.8   0.1   3   3       6.1   3.4e+03   -3.5   0.0    27    50   216   239   197   249 0.66 # 12031 # 13122 # 1 # ID=77_7;partial=00;start_type=ATG;rbs_motif=GGA/GAG/AGG;rbs_spacer=5-10bp;gc_cont=0.467
Ga0485799_0633_2     -            365 1592033at2           -            393     5e-08   32.2   0.0   1   2   3.2e-10   1.8e-07   30.3   0.1   194   255   158   220   149   299 0.70 # 710 # 1804 # -1 # ID=633_2;partial=00;start_type=ATG;rbs_motif=AGGA/GGAG/GAGG;rbs_spacer=11-12bp;gc_cont=0.327
Ga0485799_0633_2     -            365 1592033at2           -            393     5e-08   32.2   0.0   2   2      0.36     2e+02    0.6   0.1   301   352   246   300   228   326 0.54 # 710 # 1804 # -1 # ID=633_2;partial=00;start_type=ATG;rbs_motif=AGGA/GGAG/GAGG;rbs_spacer=11-12bp;gc_cont=0.327
Ga0485799_0198_9     -            779 1592033at2           -            393   7.3e-08   31.6   0.8   1   2   0.00018       0.1   11.4   0.0   195   219     4    28     1    58 0.84 # 9884 # 12220 # 1 # ID=198_9;partial=00;start_type=ATG;rbs_motif=GGAG/GAGG;rbs_spacer=5-10bp;gc_cont=0.452
Ga0485799_0198_9     -            779 1592033at2           -            393   7.3e-08   31.6   0.8   2   2   1.3e-06   0.00073   18.5   0.4   272   364    85   181    82   206 0.80 # 9884 # 12220 # 1 # ID=198_9;partial=00;start_type=ATG;rbs_motif=GGAG/GAGG;rbs_spacer=5-10bp;gc_cont=0.452
Ga0485799_0775_2     -            294 1592033at2           -            393   9.2e-06   24.7   0.3   1   2   2.9e-08   1.6e-05   23.9   0.0   196   355     6   172     2   201 0.71 # 96 # 977 # -1 # ID=775_2;partial=00;start_type=ATG;rbs_motif=AGGA;rbs_spacer=5-10bp;gc_cont=0.294
Ga0485799_0775_2     -            294 1592033at2           -            393   9.2e-06   24.7   0.3   2   2         7   3.9e+03   -3.7   0.0    41    64   220   243   214   250 0.82 # 96 # 977 # -1 # ID=775_2;partial=00;start_type=ATG;rbs_motif=AGGA;rbs_spacer=5-10bp;gc_cont=0.294
Ga0485799_0607_8     -            367 1592033at2           -            393   1.2e-05   24.3   0.6   1   3   1.2e-07   6.5e-05   21.9   0.0   197   236     5    45     3    53 0.87 # 4856 # 5956 # -1 # ID=607_8;partial=00;start_type=ATG;rbs_motif=AGGA;rbs_spacer=5-10bp;gc_cont=0.349
Ga0485799_0607_8     -            367 1592033at2           -            393   1.2e-05   24.3   0.6   2   3      0.86   4.8e+02   -0.7   0.1   166   186   135   155    91   203 0.55 # 4856 # 5956 # -1 # ID=607_8;partial=00;start_type=ATG;rbs_motif=AGGA;rbs_spacer=5-10bp;gc_cont=0.349
Ga0485799_0607_8     -            367 1592033at2           -            393   1.2e-05   24.3   0.6   3   3       2.6   1.5e+03   -2.3   0.0    29    83   251   312   233   314 0.62 # 4856 # 5956 # -1 # ID=607_8;partial=00;start_type=ATG;rbs_motif=AGGA;rbs_spacer=5-10bp;gc_cont=0.349
Ga0485799_0277_2     -            680 1592033at2           -            393     2e-05   23.6   1.0   1   2    0.0012      0.68    8.7   0.0   194   218     3    27     1    56 0.89 # 103 # 2142 # 1 # ID=277_2;partial=00;start_type=ATG;rbs_motif=GGAG/GAGG;rbs_spacer=5-10bp;gc_cont=0.329
Ga0485799_0277_2     -            680 1592033at2           -            393     2e-05   23.6   1.0   2   2   5.4e-05      0.03   13.2   0.6   271   381    80   195    71   205 0.82 # 103 # 2142 # 1 # ID=277_2;partial=00;start_type=ATG;rbs_motif=GGAG/GAGG;rbs_spacer=5-10bp;gc_cont=0.329
Ga0485799_1904_1     -            132 1592033at2           -            393   2.6e-05   23.2   0.1   1   1   5.3e-08   2.9e-05   23.0   0.1   285   377    21   119    14   132 0.70 # 3 # 398 # -1 # ID=1904_1;partial=10;start_type=ATG;rbs_motif=None;rbs_spacer=None;gc_cont=0.439
Ga0485799_0036_27    -            490 1592033at2           -            393   4.3e-05   22.5   1.7   1   3    0.0087       4.8    5.9   0.0   185   218    48    81     6    91 0.85 # 47121 # 48590 # -1 # ID=36_27;partial=00;start_type=ATG;rbs_motif=AGGA;rbs_spacer=5-10bp;gc_cont=0.463
Ga0485799_0036_27    -            490 1592033at2           -            393   4.3e-05   22.5   1.7   2   3    0.0004      0.22   10.3   0.1   273   322   184   236   172   255 0.84 # 47121 # 48590 # -1 # ID=36_27;partial=00;start_type=ATG;rbs_motif=AGGA;rbs_spacer=5-10bp;gc_cont=0.463
Ga0485799_0036_27    -            490 1592033at2           -            393   4.3e-05   22.5   1.7   3   3     0.043        24    3.6   0.3   161   198   271   307   267   315 0.80 # 47121 # 48590 # -1 # ID=36_27;partial=00;start_type=ATG;rbs_motif=AGGA;rbs_spacer=5-10bp;gc_cont=0.463
Ga0485799_0227_5     -            359 1592033at2           -            393    0.0023   16.8   0.2   1   3    0.0014      0.77    8.5   0.0   197   218   127   148   121   164 0.84 # 6402 # 7478 # 1 # ID=227_5;partial=00;start_type=ATG;rbs_motif=None;rbs_spacer=None;gc_cont=0.431
Ga0485799_0227_5     -            359 1592033at2           -            393    0.0023   16.8   0.2   2   3      0.41   2.3e+02    0.4   0.0   317   370   210   266   175   277 0.69 # 6402 # 7478 # 1 # ID=227_5;partial=00;start_type=ATG;rbs_motif=None;rbs_spacer=None;gc_cont=0.431
Ga0485799_0227_5     -            359 1592033at2           -            393    0.0023   16.8   0.2   3   3     0.024        14    4.4   0.0    35    79   268   312   266   323 0.87 # 6402 # 7478 # 1 # ID=227_5;partial=00;start_type=ATG;rbs_motif=None;rbs_spacer=None;gc_cont=0.431
Ga0485799_0313_8     -            599 1592033at2           -            393    0.0027   16.6   0.2   1   2   1.2e-05    0.0065   15.3   0.0   279   351   101   181    93   204 0.77 # 7288 # 9084 # -1 # ID=313_8;partial=00;start_type=ATG;rbs_motif=None;rbs_spacer=None;gc_cont=0.469
Ga0485799_0313_8     -            599 1592033at2           -            393    0.0027   16.6   0.2   2   2       8.8   4.9e+03   -4.0   0.1    81   107   498   523   484   544 0.57 # 7288 # 9084 # -1 # ID=313_8;partial=00;start_type=ATG;rbs_motif=None;rbs_spacer=None;gc_cont=0.469
Ga0485799_0061_60    -             90 1592033at2           -            393    0.0029   16.5   0.1   1   1   5.3e-06     0.003   16.5   0.1   307   378     1    78     1    90 0.68 # 47480 # 47749 # 1 # ID=61_60;partial=01;start_type=GTG;rbs_motif=None;rbs_spacer=None;gc_cont=0.430
Ga0485799_1303_1     -            249 1592033at2           -            393    0.0089   14.9   0.0   1   1   2.7e-05     0.015   14.1   0.0   195   226    47    78    36    90 0.89 # 1 # 747 # 1 # ID=1303_1;partial=10;start_type=Edge;rbs_motif=None;rbs_spacer=None;gc_cont=0.331
Ga0485799_1302_2     -            238 1592033at2           -            393     0.013   14.3   0.0   1   1     3e-05     0.017   14.0   0.0   306   371    50   127    15   138 0.73 # 607 # 1320 # -1 # ID=1302_2;partial=01;start_type=Edge;rbs_motif=None;rbs_spacer=None;gc_cont=0.305
Ga0485799_0226_17    -            683 1592033at2           -            393     0.017   13.9   0.1   1   3    0.0026       1.5    7.6   0.1   192   217     7    32     4    39 0.85 # 14073 # 16121 # 1 # ID=226_17;partial=00;start_type=ATG;rbs_motif=GGA/GAG/AGG;rbs_spacer=5-10bp;gc_cont=0.487
Ga0485799_0226_17    -            683 1592033at2           -            393     0.017   13.9   0.1   2   3       1.8   9.9e+02   -1.7   0.0   295   317   116   139   105   147 0.68 # 14073 # 16121 # 1 # ID=226_17;partial=00;start_type=ATG;rbs_motif=GGA/GAG/AGG;rbs_spacer=5-10bp;gc_cont=0.487
Ga0485799_0226_17    -            683 1592033at2           -            393     0.017   13.9   0.1   3   3     0.081        45    2.7   0.0   283   350   190   259   186   268 0.78 # 14073 # 16121 # 1 # ID=226_17;partial=00;start_type=ATG;rbs_motif=GGA/GAG/AGG;rbs_spacer=5-10bp;gc_cont=0.487
Ga0485799_0788_1     -            939 1592033at2           -            393     0.029   13.2   0.0   1   2     0.042        23    3.6   0.0   180   218   247   284   235   310 0.82 # 351 # 3167 # -1 # ID=788_1;partial=00;start_type=ATG;rbs_motif=GGAG/GAGG;rbs_spacer=5-10bp;gc_cont=0.460
Ga0485799_0788_1     -            939 1592033at2           -            393     0.029   13.2   0.0   2   2    0.0036         2    7.1   0.0   296   352   359   423   350   451 0.79 # 351 # 3167 # -1 # ID=788_1;partial=00;start_type=ATG;rbs_motif=GGAG/GAGG;rbs_spacer=5-10bp;gc_cont=0.460
Ga0485799_0014_31    -            195 1592033at2           -            393      0.03   13.1   0.0   1   1   8.5e-05     0.047   12.5   0.0   195   222    25    52    20   193 0.74 # 60359 # 60943 # -1 # ID=14_31;partial=00;start_type=ATG;rbs_motif=None;rbs_spacer=None;gc_cont=0.484
Ga0485799_0359_5     -            982 1592033at2           -            393     0.039   12.8   0.0   1   1   0.00018     0.098   11.5   0.0   296   359   393   464   388   494 0.76 # 3936 # 6881 # 1 # ID=359_5;partial=00;start_type=ATG;rbs_motif=None;rbs_spacer=None;gc_cont=0.479
Ga0485799_0040_24    -            692 1592033at2           -            393     0.039   12.8   0.5   1   2   0.00022      0.12   11.1   0.0   194   218    89   113    22   122 0.81 # 25845 # 27920 # 1 # ID=40_24;partial=00;start_type=ATG;rbs_motif=GGAGG;rbs_spacer=5-10bp;gc_cont=0.434
Ga0485799_0040_24    -            692 1592033at2           -            393     0.039   12.8   0.5   2   2       1.6   8.9e+02   -1.6   0.1   277   359   369   453   363   474 0.56 # 25845 # 27920 # 1 # ID=40_24;partial=00;start_type=ATG;rbs_motif=GGAGG;rbs_spacer=5-10bp;gc_cont=0.434
Ga0485799_0593_3     -            845 1592033at2           -            393     0.048   12.5   0.0   1   2      0.16        88    1.7   0.0   184   240   152   208   141   215 0.72 # 1423 # 3957 # -1 # ID=593_3;partial=00;start_type=ATG;rbs_motif=GGA/GAG/AGG;rbs_spacer=5-10bp;gc_cont=0.454
Ga0485799_0593_3     -            845 1592033at2           -            393     0.048   12.5   0.0   2   2    0.0017      0.95    8.2   0.0   296   352   261   325   256   353 0.82 # 1423 # 3957 # -1 # ID=593_3;partial=00;start_type=ATG;rbs_motif=GGA/GAG/AGG;rbs_spacer=5-10bp;gc_cont=0.454
Ga0485799_0941_1     -            364 1592033at2           -            393     0.081   11.7   0.0   1   2      0.06        33    3.1   0.0   187   217   225   255   219   263 0.82 # 3 # 1094 # -1 # ID=941_1;partial=10;start_type=ATG;rbs_motif=AGGA;rbs_spacer=5-10bp;gc_cont=0.397
Ga0485799_0941_1     -            364 1592033at2           -            393     0.081   11.7   0.0   2   2    0.0066       3.7    6.3   0.0   285   320   315   350   308   361 0.74 # 3 # 1094 # -1 # ID=941_1;partial=10;start_type=ATG;rbs_motif=AGGA;rbs_spacer=5-10bp;gc_cont=0.397
#
# Program:         hmmsearch
# Version:         3.1b2 (February 2015)
# Pipeline mode:   SEARCH
# Query file:      /home/mira/Bacteria2022/Thiomargarita_magnifica/qc_assembly/busco_article/busco_downloads/lineages/bacteria_odb10/hmms/1592033at2.hmm
# Target file:     /home/mira/Bacteria2022/Thiomargarita_magnifica/qc_assembly/busco_article/busco_article/prodigal_output/predicted_genes/predicted.faa
# Option settings: hmmsearch --domtblout /home/mira/Bacteria2022/Thiomargarita_magnifica/qc_assembly/busco_article/busco_article/auto_lineage/run_bacteria_odb10/hmmer_output/1592033at2.out --cpu 1 /home/mira/Bacteria2022/Thiomargarita_magnifica/qc_assembly/busco_article/busco_downloads/lineages/bacteria_odb10/hmms/1592033at2.hmm /home/mira/Bacteria2022/Thiomargarita_magnifica/qc_assembly/busco_article/busco_article/prodigal_output/predicted_genes/predicted.faa 
# Current dir:     /home/mira/Bacteria2022/Thiomargarita_magnifica/qc_assembly/busco_article
# Date:            Wed Jul 13 13:05:05 2022
# [ok]
