#                                                                            --- full sequence --- -------------- this domain -------------   hmm coord   ali coord   env coord
# target name        accession   tlen query name           accession   qlen   E-value  score  bias   #  of  c-Evalue  i-Evalue  score  bias  from    to  from    to  from    to  acc description of target
#------------------- ---------- ----- -------------------- ---------- ----- --------- ------ ----- --- --- --------- --------- ------ ----- ----- ----- ----- ----- ----- ----- ---- ---------------------
Ga0485799_0126_20    -            150 1595498at2           -             78   6.8e-13   47.9   0.6   1   2       0.4   2.1e+03   -1.7   0.0     3    14     6    17     4    25 0.58 # 21214 # 21663 # -1 # ID=126_20;partial=00;start_type=TTG;rbs_motif=GGA/GAG/AGG;rbs_spacer=11-12bp;gc_cont=0.449
Ga0485799_0126_20    -            150 1595498at2           -             78   6.8e-13   47.9   0.6   2   2   6.2e-16   3.2e-12   45.7   0.1    19    64    36    94    32   107 0.85 # 21214 # 21663 # -1 # ID=126_20;partial=00;start_type=TTG;rbs_motif=GGA/GAG/AGG;rbs_spacer=11-12bp;gc_cont=0.449
Ga0485799_0419_6     -            150 1595498at2           -             78   2.9e-09   36.3   0.0   1   1   2.4e-12   1.2e-08   34.3   0.0    24    61    42    87    32    98 0.90 # 3867 # 4316 # -1 # ID=419_6;partial=00;start_type=ATG;rbs_motif=AGGA;rbs_spacer=5-10bp;gc_cont=0.298
Ga0485799_0082_18    -            306 1595498at2           -             78    0.0043   16.5  12.1   1  14      0.16   8.1e+02   -0.4   0.0    28    47     7    26     3    28 0.79 # 29548 # 30465 # 1 # ID=82_18;partial=00;start_type=ATG;rbs_motif=None;rbs_spacer=None;gc_cont=0.495
Ga0485799_0082_18    -            306 1595498at2           -             78    0.0043   16.5  12.1   2  14      0.13   6.9e+02   -0.2   0.0    27    47    16    36    11    38 0.77 # 29548 # 30465 # 1 # ID=82_18;partial=00;start_type=ATG;rbs_motif=None;rbs_spacer=None;gc_cont=0.495
Ga0485799_0082_18    -            306 1595498at2           -             78    0.0043   16.5  12.1   3  14       0.1   5.3e+02    0.2   0.0    28    47    27    46    20    52 0.71 # 29548 # 30465 # 1 # ID=82_18;partial=00;start_type=ATG;rbs_motif=None;rbs_spacer=None;gc_cont=0.495
Ga0485799_0082_18    -            306 1595498at2           -             78    0.0043   16.5  12.1   4  14      0.13   6.6e+02   -0.1   0.0    27    47    36    56    31    59 0.77 # 29548 # 30465 # 1 # ID=82_18;partial=00;start_type=ATG;rbs_motif=None;rbs_spacer=None;gc_cont=0.495
Ga0485799_0082_18    -            306 1595498at2           -             78    0.0043   16.5  12.1   5  14      0.12     6e+02    0.0   0.0    28    47   105   124    99   129 0.75 # 29548 # 30465 # 1 # ID=82_18;partial=00;start_type=ATG;rbs_motif=None;rbs_spacer=None;gc_cont=0.495
Ga0485799_0082_18    -            306 1595498at2           -             78    0.0043   16.5  12.1   6  14      0.13   6.8e+02   -0.2   0.0    27    47   114   134   109   137 0.78 # 29548 # 30465 # 1 # ID=82_18;partial=00;start_type=ATG;rbs_motif=None;rbs_spacer=None;gc_cont=0.495
Ga0485799_0082_18    -            306 1595498at2           -             78    0.0043   16.5  12.1   7  14      0.03   1.6e+02    1.9   0.1    26    47   133   154   126   158 0.78 # 29548 # 30465 # 1 # ID=82_18;partial=00;start_type=ATG;rbs_motif=None;rbs_spacer=None;gc_cont=0.495
Ga0485799_0082_18    -            306 1595498at2           -             78    0.0043   16.5  12.1   8  14     0.022   1.1e+02    2.3   0.1    26    47   143   164   138   172 0.74 # 29548 # 30465 # 1 # ID=82_18;partial=00;start_type=ATG;rbs_motif=None;rbs_spacer=None;gc_cont=0.495
Ga0485799_0082_18    -            306 1595498at2           -             78    0.0043   16.5  12.1   9  14     0.084   4.4e+02    0.5   0.0    26    47   171   192   165   198 0.75 # 29548 # 30465 # 1 # ID=82_18;partial=00;start_type=ATG;rbs_motif=None;rbs_spacer=None;gc_cont=0.495
Ga0485799_0082_18    -            306 1595498at2           -             78    0.0043   16.5  12.1  10  14     0.038     2e+02    1.6   0.0    26    47   191   212   187   214 0.75 # 29548 # 30465 # 1 # ID=82_18;partial=00;start_type=ATG;rbs_motif=None;rbs_spacer=None;gc_cont=0.495
Ga0485799_0082_18    -            306 1595498at2           -             78    0.0043   16.5  12.1  11  14     0.012        64    3.1   0.0    26    47   201   222   197   224 0.87 # 29548 # 30465 # 1 # ID=82_18;partial=00;start_type=ATG;rbs_motif=None;rbs_spacer=None;gc_cont=0.495
Ga0485799_0082_18    -            306 1595498at2           -             78    0.0043   16.5  12.1  12  14     0.013        69    3.0   0.0    26    47   221   242   217   243 0.87 # 29548 # 30465 # 1 # ID=82_18;partial=00;start_type=ATG;rbs_motif=None;rbs_spacer=None;gc_cont=0.495
Ga0485799_0082_18    -            306 1595498at2           -             78    0.0043   16.5  12.1  13  14     0.012        63    3.1   0.0    26    47   241   262   237   265 0.88 # 29548 # 30465 # 1 # ID=82_18;partial=00;start_type=ATG;rbs_motif=None;rbs_spacer=None;gc_cont=0.495
Ga0485799_0082_18    -            306 1595498at2           -             78    0.0043   16.5  12.1  14  14      0.18   9.1e+02   -0.6   0.0    26    39   271   284   267   288 0.84 # 29548 # 30465 # 1 # ID=82_18;partial=00;start_type=ATG;rbs_motif=None;rbs_spacer=None;gc_cont=0.495
#
# Program:         hmmsearch
# Version:         3.1b2 (February 2015)
# Pipeline mode:   SEARCH
# Query file:      /home/mira/Bacteria2022/Thiomargarita_magnifica/qc_assembly/busco_article/busco_downloads/lineages/bacteria_odb10/hmms/1595498at2.hmm
# Target file:     /home/mira/Bacteria2022/Thiomargarita_magnifica/qc_assembly/busco_article/busco_article/prodigal_output/predicted_genes/predicted.faa
# Option settings: hmmsearch --domtblout /home/mira/Bacteria2022/Thiomargarita_magnifica/qc_assembly/busco_article/busco_article/auto_lineage/run_bacteria_odb10/hmmer_output/1595498at2.out --cpu 1 /home/mira/Bacteria2022/Thiomargarita_magnifica/qc_assembly/busco_article/busco_downloads/lineages/bacteria_odb10/hmms/1595498at2.hmm /home/mira/Bacteria2022/Thiomargarita_magnifica/qc_assembly/busco_article/busco_article/prodigal_output/predicted_genes/predicted.faa 
# Current dir:     /home/mira/Bacteria2022/Thiomargarita_magnifica/qc_assembly/busco_article
# Date:            Wed Jul 13 13:05:05 2022
# [ok]
