#                                                                            --- full sequence --- -------------- this domain -------------   hmm coord   ali coord   env coord
# target name        accession   tlen query name           accession   qlen   E-value  score  bias   #  of  c-Evalue  i-Evalue  score  bias  from    to  from    to  from    to  acc description of target
#------------------- ---------- ----- -------------------- ---------- ----- --------- ------ ----- --- --- --------- --------- ------ ----- ----- ----- ----- ----- ----- ----- ---- ---------------------
Ga0485799_0313_8     -            599 182107at2            -            492  6.8e-219  727.0   6.8   1   1  9.3e-221  7.6e-218  723.6   6.8     1   491     4   595     4   596 0.89 # 7288 # 9084 # -1 # ID=313_8;partial=00;start_type=ATG;rbs_motif=None;rbs_spacer=None;gc_cont=0.469
Ga0485799_0714_3     -            597 182107at2            -            492  6.8e-200  664.4  15.2   1   1  1.4e-199  1.2e-196  653.7  15.2     1   492     5   596     5   596 0.87 # 1553 # 3343 # 1 # ID=714_3;partial=00;start_type=TTG;rbs_motif=GGA/GAG/AGG;rbs_spacer=5-10bp;gc_cont=0.337
Ga0485799_0543_1     -            638 182107at2            -            492   3.2e-38  131.1   1.1   1   2     4e-38   3.3e-35  121.2   0.1     1   201    38   277    38   316 0.78 # 340 # 2253 # -1 # ID=543_1;partial=00;start_type=TTG;rbs_motif=None;rbs_spacer=None;gc_cont=0.468
Ga0485799_0543_1     -            638 182107at2            -            492   3.2e-38  131.1   1.1   2   2   0.00057      0.47    8.6   0.1   284   350   394   457   358   472 0.85 # 340 # 2253 # -1 # ID=543_1;partial=00;start_type=TTG;rbs_motif=None;rbs_spacer=None;gc_cont=0.468
Ga0485799_0001_62    -            700 182107at2            -            492   3.8e-36  124.3   0.1   1   4   5.4e-24   4.4e-21   74.6   0.0     2   132    11   166    10   191 0.80 # 94149 # 96248 # 1 # ID=1_62;partial=00;start_type=ATG;rbs_motif=None;rbs_spacer=None;gc_cont=0.521
Ga0485799_0001_62    -            700 182107at2            -            492   3.8e-36  124.3   0.1   2   4     0.078        64    1.5   0.0   135   160   266   291   236   302 0.79 # 94149 # 96248 # 1 # ID=1_62;partial=00;start_type=ATG;rbs_motif=None;rbs_spacer=None;gc_cont=0.521
Ga0485799_0001_62    -            700 182107at2            -            492   3.8e-36  124.3   0.1   3   4   6.4e-11   5.2e-08   31.5   0.0   155   314   310   491   295   506 0.72 # 94149 # 96248 # 1 # ID=1_62;partial=00;start_type=ATG;rbs_motif=None;rbs_spacer=None;gc_cont=0.521
Ga0485799_0001_62    -            700 182107at2            -            492   3.8e-36  124.3   0.1   4   4   0.00058      0.47    8.5   0.0   322   352   608   638   602   646 0.87 # 94149 # 96248 # 1 # ID=1_62;partial=00;start_type=ATG;rbs_motif=None;rbs_spacer=None;gc_cont=0.521
Ga0485799_1021_1     -            594 182107at2            -            492   3.2e-34  117.9   3.0   1   2     5e-37   4.1e-34  117.6   1.9    24   234    27   268    23   272 0.81 # 1 # 1782 # 1 # ID=1021_1;partial=10;start_type=Edge;rbs_motif=None;rbs_spacer=None;gc_cont=0.345
Ga0485799_1021_1     -            594 182107at2            -            492   3.2e-34  117.9   3.0   2   2       2.4   1.9e+03   -3.4   0.0   285   350   348   410   338   415 0.72 # 1 # 1782 # 1 # ID=1021_1;partial=10;start_type=Edge;rbs_motif=None;rbs_spacer=None;gc_cont=0.345
Ga0485799_0757_3     -            704 182107at2            -            492   5.5e-34  117.2   1.1   1   3   1.4e-22   1.1e-19   70.0   0.0     1   131    10   164    10   193 0.81 # 781 # 2892 # -1 # ID=757_3;partial=00;start_type=ATG;rbs_motif=AGGA;rbs_spacer=5-10bp;gc_cont=0.375
Ga0485799_0757_3     -            704 182107at2            -            492   5.5e-34  117.2   1.1   2   3   1.2e-10     1e-07   30.5   0.0   160   320   313   496   280   505 0.71 # 781 # 2892 # -1 # ID=757_3;partial=00;start_type=ATG;rbs_motif=AGGA;rbs_spacer=5-10bp;gc_cont=0.375
Ga0485799_0757_3     -            704 182107at2            -            492   5.5e-34  117.2   1.1   3   3   3.4e-05     0.028   12.6   0.0   321   357   611   647   607   657 0.90 # 781 # 2892 # -1 # ID=757_3;partial=00;start_type=ATG;rbs_motif=AGGA;rbs_spacer=5-10bp;gc_cont=0.375
Ga0485799_0126_18    -            919 182107at2            -            492   1.9e-26   92.3   0.9   1   1   6.2e-29   5.1e-26   90.9   0.9     5   193   424   625   422   637 0.80 # 16759 # 19515 # -1 # ID=126_18;partial=00;start_type=ATG;rbs_motif=None;rbs_spacer=None;gc_cont=0.496
Ga0485799_0234_10    -            528 182107at2            -            492   8.9e-24   83.5   0.0   1   2   7.6e-24   6.2e-21   74.1   0.0     2   152    12   188    11   200 0.78 # 9089 # 10672 # 1 # ID=234_10;partial=00;start_type=ATG;rbs_motif=None;rbs_spacer=None;gc_cont=0.465
Ga0485799_0234_10    -            528 182107at2            -            492   8.9e-24   83.5   0.0   2   2     0.011       9.3    4.3   0.0   232   305   391   460   252   482 0.83 # 9089 # 10672 # 1 # ID=234_10;partial=00;start_type=ATG;rbs_motif=None;rbs_spacer=None;gc_cont=0.465
Ga0485799_0419_8     -            866 182107at2            -            492   6.7e-21   74.0   1.3   1   3       2.4     2e+03   -3.4   0.3   462   481   260   279   254   282 0.85 # 4668 # 7265 # -1 # ID=419_8;partial=00;start_type=ATG;rbs_motif=AGGAG/GGAGG;rbs_spacer=11-12bp;gc_cont=0.339
Ga0485799_0419_8     -            866 182107at2            -            492   6.7e-21   74.0   1.3   2   3   8.1e-24   6.7e-21   74.0   1.3     5   195   369   572   367   583 0.83 # 4668 # 7265 # -1 # ID=419_8;partial=00;start_type=ATG;rbs_motif=AGGAG/GGAGG;rbs_spacer=11-12bp;gc_cont=0.339
Ga0485799_0419_8     -            866 182107at2            -            492   6.7e-21   74.0   1.3   3   3      0.03        25    2.9   0.9   143   213   752   820   729   848 0.86 # 4668 # 7265 # -1 # ID=419_8;partial=00;start_type=ATG;rbs_motif=AGGAG/GGAGG;rbs_spacer=11-12bp;gc_cont=0.339
Ga0485799_0226_17    -            683 182107at2            -            492   8.7e-18   63.7   0.2   1   5   1.1e-11   9.1e-09   34.0   0.1     1   130     9   156     9   175 0.78 # 14073 # 16121 # 1 # ID=226_17;partial=00;start_type=ATG;rbs_motif=GGA/GAG/AGG;rbs_spacer=5-10bp;gc_cont=0.487
Ga0485799_0226_17    -            683 182107at2            -            492   8.7e-18   63.7   0.2   2   5     0.094        77    1.2   0.0   133   158   237   262   196   267 0.88 # 14073 # 16121 # 1 # ID=226_17;partial=00;start_type=ATG;rbs_motif=GGA/GAG/AGG;rbs_spacer=5-10bp;gc_cont=0.487
Ga0485799_0226_17    -            683 182107at2            -            492   8.7e-18   63.7   0.2   3   5     0.035        29    2.6   0.0   157   196   286   325   281   331 0.90 # 14073 # 16121 # 1 # ID=226_17;partial=00;start_type=ATG;rbs_motif=GGA/GAG/AGG;rbs_spacer=5-10bp;gc_cont=0.487
Ga0485799_0226_17    -            683 182107at2            -            492   8.7e-18   63.7   0.2   4   5   2.4e-05      0.02   13.1   0.0   249   314   405   467   390   476 0.83 # 14073 # 16121 # 1 # ID=226_17;partial=00;start_type=ATG;rbs_motif=GGA/GAG/AGG;rbs_spacer=5-10bp;gc_cont=0.487
Ga0485799_0226_17    -            683 182107at2            -            492   8.7e-18   63.7   0.2   5   5    0.0095       7.8    4.5   0.0   321   350   583   612   562   619 0.83 # 14073 # 16121 # 1 # ID=226_17;partial=00;start_type=ATG;rbs_motif=GGA/GAG/AGG;rbs_spacer=5-10bp;gc_cont=0.487
Ga0485799_0212_10    -            397 182107at2            -            492   4.6e-14   51.4   0.4   1   1   1.3e-16   1.1e-13   50.3   0.4     3   198    14   249    13   279 0.71 # 11131 # 12321 # -1 # ID=212_10;partial=00;start_type=ATG;rbs_motif=GGA/GAG/AGG;rbs_spacer=5-10bp;gc_cont=0.482
Ga0485799_0204_16    -            403 182107at2            -            492   5.6e-14   51.2   2.0   1   1   1.8e-15   1.5e-12   46.5   2.0     3   200    14   257    13   292 0.62 # 18578 # 19786 # -1 # ID=204_16;partial=00;start_type=ATG;rbs_motif=AGGA;rbs_spacer=5-10bp;gc_cont=0.376
Ga0485799_0698_5     -            484 182107at2            -            492   9.6e-12   43.8   1.0   1   2      0.24   1.9e+02   -0.1   0.0     3    23    26    46    24    63 0.77 # 3215 # 4666 # 1 # ID=698_5;partial=00;start_type=ATG;rbs_motif=AGGA/GGAG/GAGG;rbs_spacer=11-12bp;gc_cont=0.296
Ga0485799_0698_5     -            484 182107at2            -            492   9.6e-12   43.8   1.0   2   2   5.6e-14   4.5e-11   41.6   0.4    14   125    65   185    55   192 0.79 # 3215 # 4666 # 1 # ID=698_5;partial=00;start_type=ATG;rbs_motif=AGGA/GGAG/GAGG;rbs_spacer=11-12bp;gc_cont=0.296
Ga0485799_0236_2     -            463 182107at2            -            492     2e-07   29.6   0.0   1   2   0.00078      0.64    8.1   0.0    68   160    78   167     4   171 0.66 # 527 # 1915 # -1 # ID=236_2;partial=00;start_type=ATG;rbs_motif=None;rbs_spacer=None;gc_cont=0.461
Ga0485799_0236_2     -            463 182107at2            -            492     2e-07   29.6   0.0   2   2   2.8e-07   0.00023   19.5   0.0     5   154   178   343   175   362 0.73 # 527 # 1915 # -1 # ID=236_2;partial=00;start_type=ATG;rbs_motif=None;rbs_spacer=None;gc_cont=0.461
Ga0485799_0767_3     -            505 182107at2            -            492   1.2e-05   23.7   0.7   1   2     0.038        31    2.5   0.2    75   190    84   199     3   241 0.61 # 1417 # 2931 # -1 # ID=767_3;partial=00;start_type=ATG;rbs_motif=AGGA;rbs_spacer=5-10bp;gc_cont=0.303
Ga0485799_0767_3     -            505 182107at2            -            492   1.2e-05   23.7   0.7   2   2   2.6e-07   0.00021   19.6   0.0    69   162   285   381   276   391 0.85 # 1417 # 2931 # -1 # ID=767_3;partial=00;start_type=ATG;rbs_motif=AGGA;rbs_spacer=5-10bp;gc_cont=0.303
Ga0485799_1302_2     -            238 182107at2            -            492     0.012   13.8   0.0   1   1   1.8e-05     0.015   13.5   0.0   100   161    48   112    22   124 0.80 # 607 # 1320 # -1 # ID=1302_2;partial=01;start_type=Edge;rbs_motif=None;rbs_spacer=None;gc_cont=0.305
Ga0485799_1904_1     -            132 182107at2            -            492     0.016   13.4   0.0   1   1   2.3e-05     0.019   13.2   0.0    76   157    16    98    11   117 0.85 # 3 # 398 # -1 # ID=1904_1;partial=10;start_type=ATG;rbs_motif=None;rbs_spacer=None;gc_cont=0.439
Ga0485799_0058_51    -            121 182107at2            -            492      0.03   12.5   0.1   1   1   3.8e-05     0.031   12.4   0.1   335   404    28    99     2   113 0.85 # 44397 # 44759 # 1 # ID=58_51;partial=00;start_type=ATG;rbs_motif=GGA/GAG/AGG;rbs_spacer=11-12bp;gc_cont=0.424
Ga0485799_0011_54    -            123 182107at2            -            492       0.1   10.7   0.1   1   1   0.00015      0.12   10.5   0.1   175   233    20    79     9    83 0.79 # 45586 # 45954 # -1 # ID=11_54;partial=00;start_type=ATG;rbs_motif=None;rbs_spacer=None;gc_cont=0.439
#
# Program:         hmmsearch
# Version:         3.1b2 (February 2015)
# Pipeline mode:   SEARCH
# Query file:      /home/mira/Bacteria2022/Thiomargarita_magnifica/qc_assembly/busco_article/busco_downloads/lineages/bacteria_odb10/hmms/182107at2.hmm
# Target file:     /home/mira/Bacteria2022/Thiomargarita_magnifica/qc_assembly/busco_article/busco_article/prodigal_output/predicted_genes/predicted.faa
# Option settings: hmmsearch --domtblout /home/mira/Bacteria2022/Thiomargarita_magnifica/qc_assembly/busco_article/busco_article/auto_lineage/run_bacteria_odb10/hmmer_output/182107at2.out --cpu 1 /home/mira/Bacteria2022/Thiomargarita_magnifica/qc_assembly/busco_article/busco_downloads/lineages/bacteria_odb10/hmms/182107at2.hmm /home/mira/Bacteria2022/Thiomargarita_magnifica/qc_assembly/busco_article/busco_article/prodigal_output/predicted_genes/predicted.faa 
# Current dir:     /home/mira/Bacteria2022/Thiomargarita_magnifica/qc_assembly/busco_article
# Date:            Wed Jul 13 13:05:06 2022
# [ok]
