#                                                                            --- full sequence --- -------------- this domain -------------   hmm coord   ali coord   env coord
# target name        accession   tlen query name           accession   qlen   E-value  score  bias   #  of  c-Evalue  i-Evalue  score  bias  from    to  from    to  from    to  acc description of target
#------------------- ---------- ----- -------------------- ---------- ----- --------- ------ ----- --- --- --------- --------- ------ ----- ----- ----- ----- ----- ----- ----- ---- ---------------------
Ga0485799_0649_5     -            150 1827295at2           -             74   1.1e-20   73.1   1.0   1   1   2.2e-22   4.3e-20   71.2   1.0     8    74    17   108     9   108 0.83 # 4678 # 5127 # 1 # ID=649_5;partial=00;start_type=ATG;rbs_motif=None;rbs_spacer=None;gc_cont=0.467
Ga0485799_0888_3     -            135 1827295at2           -             74   2.2e-13   49.6   0.2   1   1   4.4e-15   8.6e-13   47.8   0.2     8    73    18   101     4   102 0.80 # 1397 # 1801 # 1 # ID=888_3;partial=00;start_type=TTG;rbs_motif=GGAG/GAGG;rbs_spacer=5-10bp;gc_cont=0.289
Ga0485799_0274_3     -            706 1827295at2           -             74   0.00019   21.0   0.0   1   2    0.0027      0.54   10.0   0.0     9    33   212   236   201   242 0.82 # 2901 # 5018 # 1 # ID=274_3;partial=00;start_type=ATG;rbs_motif=GGA/GAG/AGG;rbs_spacer=5-10bp;gc_cont=0.474
Ga0485799_0274_3     -            706 1827295at2           -             74   0.00019   21.0   0.0   2   2    0.0093       1.8    8.3   0.0     9    32   485   508   474   515 0.82 # 2901 # 5018 # 1 # ID=274_3;partial=00;start_type=ATG;rbs_motif=GGA/GAG/AGG;rbs_spacer=5-10bp;gc_cont=0.474
Ga0485799_0014_35    -            806 1827295at2           -             74    0.0011   18.5   0.1   1   2     0.026         5    6.9   0.0    12    32   253   273   238   279 0.83 # 63095 # 65512 # -1 # ID=14_35;partial=00;start_type=ATG;rbs_motif=None;rbs_spacer=None;gc_cont=0.446
Ga0485799_0014_35    -            806 1827295at2           -             74    0.0011   18.5   0.1   2   2    0.0056       1.1    9.0   0.0    11    32   533   554   517   559 0.85 # 63095 # 65512 # -1 # ID=14_35;partial=00;start_type=ATG;rbs_motif=None;rbs_spacer=None;gc_cont=0.446
Ga0485799_0018_15    -            716 1827295at2           -             74    0.0015   18.2   0.2   1   2     0.054        11    5.8   0.0    12    32   180   200   170   205 0.89 # 10257 # 12404 # 1 # ID=18_15;partial=00;start_type=ATG;rbs_motif=AGGAG;rbs_spacer=5-10bp;gc_cont=0.534
Ga0485799_0018_15    -            716 1827295at2           -             74    0.0015   18.2   0.2   2   2    0.0034      0.67    9.7   0.0     9    32   453   477   440   481 0.79 # 10257 # 12404 # 1 # ID=18_15;partial=00;start_type=ATG;rbs_motif=AGGAG;rbs_spacer=5-10bp;gc_cont=0.534
Ga0485799_0001_55    -            181 1827295at2           -             74     0.002   17.8   0.0   1   1   2.1e-05    0.0041   16.8   0.0    11    33     7    29     2    36 0.90 # 88140 # 88682 # -1 # ID=1_55;partial=00;start_type=ATG;rbs_motif=GGA/GAG/AGG;rbs_spacer=5-10bp;gc_cont=0.444
Ga0485799_0310_1     -           1069 1827295at2           -             74    0.0024   17.5   0.4   1   2     0.034       6.7    6.5   0.1     8    30   221   245   210   256 0.81 # 681 # 3887 # -1 # ID=310_1;partial=00;start_type=ATG;rbs_motif=None;rbs_spacer=None;gc_cont=0.467
Ga0485799_0310_1     -           1069 1827295at2           -             74    0.0024   17.5   0.4   2   2     0.011       2.1    8.1   0.0     9    31   484   506   470   512 0.82 # 681 # 3887 # -1 # ID=310_1;partial=00;start_type=ATG;rbs_motif=None;rbs_spacer=None;gc_cont=0.467
Ga0485799_0532_1     -            650 1827295at2           -             74    0.0026   17.4   0.1   1   2     0.079        15    5.3   0.0    12    31   118   137   106   144 0.83 # 35 # 1984 # 1 # ID=532_1;partial=00;start_type=ATG;rbs_motif=None;rbs_spacer=None;gc_cont=0.306
Ga0485799_0532_1     -            650 1827295at2           -             74    0.0026   17.4   0.1   2   2    0.0051         1    9.1   0.0    10    33   397   420   382   430 0.87 # 35 # 1984 # 1 # ID=532_1;partial=00;start_type=ATG;rbs_motif=None;rbs_spacer=None;gc_cont=0.306
Ga0485799_0106_17    -            535 1827295at2           -             74    0.0036   16.9   0.0   1   2     0.011       2.1    8.1   0.0     9    28    30    49    19    57 0.84 # 18972 # 20576 # -1 # ID=106_17;partial=00;start_type=ATG;rbs_motif=GGA/GAG/AGG;rbs_spacer=5-10bp;gc_cont=0.512
Ga0485799_0106_17    -            535 1827295at2           -             74    0.0036   16.9   0.0   2   2     0.045       8.9    6.1   0.0     9    29   308   328   292   331 0.85 # 18972 # 20576 # -1 # ID=106_17;partial=00;start_type=ATG;rbs_motif=GGA/GAG/AGG;rbs_spacer=5-10bp;gc_cont=0.512
Ga0485799_0328_3     -            126 1827295at2           -             74     0.005   16.5   0.0   1   1   3.9e-05    0.0077   15.9   0.0     8    37    21    53    10    70 0.86 # 1518 # 1895 # 1 # ID=328_3;partial=00;start_type=ATG;rbs_motif=GGAG/GAGG;rbs_spacer=5-10bp;gc_cont=0.336
Ga0485799_0121_4     -            103 1827295at2           -             74    0.0055   16.4   0.1   1   1   3.9e-05    0.0077   15.9   0.1     6    33    28    55    15    59 0.86 # 2413 # 2721 # 1 # ID=121_4;partial=00;start_type=ATG;rbs_motif=None;rbs_spacer=None;gc_cont=0.430
Ga0485799_0629_2     -            119 1827295at2           -             74    0.0068   16.1   0.0   1   2   0.00014     0.027   14.2   0.0    13    31     6    24     2    33 0.86 # 981 # 1337 # -1 # ID=629_2;partial=00;start_type=ATG;rbs_motif=None;rbs_spacer=None;gc_cont=0.417
Ga0485799_0629_2     -            119 1827295at2           -             74    0.0068   16.1   0.0   2   2       6.7   1.3e+03   -0.9   0.0    36    50    67    82    49    91 0.62 # 981 # 1337 # -1 # ID=629_2;partial=00;start_type=ATG;rbs_motif=None;rbs_spacer=None;gc_cont=0.417
Ga0485799_0850_2     -            139 1827295at2           -             74    0.0077   15.9   0.2   1   1   0.00011     0.022   14.5   0.1     3    33    16    46    11    50 0.86 # 1155 # 1571 # -1 # ID=850_2;partial=00;start_type=ATG;rbs_motif=None;rbs_spacer=None;gc_cont=0.405
Ga0485799_0023_17    -             83 1827295at2           -             74    0.0089   15.7   0.0   1   1     7e-05     0.014   15.1   0.0     9    33     4    28     1    31 0.90 # 18165 # 18413 # 1 # ID=23_17;partial=00;start_type=ATG;rbs_motif=AGGAG;rbs_spacer=5-10bp;gc_cont=0.438
Ga0485799_0388_6     -            382 1827295at2           -             74      0.01   15.5   0.1   1   2       3.1   6.1e+02    0.2   0.0    26    60    94   127    91   136 0.77 # 2304 # 3449 # -1 # ID=388_6;partial=00;start_type=ATG;rbs_motif=GGA/GAG/AGG;rbs_spacer=5-10bp;gc_cont=0.288
Ga0485799_0388_6     -            382 1827295at2           -             74      0.01   15.5   0.1   2   2   0.00048     0.095   12.4   0.0     8    32   180   204   170   208 0.83 # 2304 # 3449 # -1 # ID=388_6;partial=00;start_type=ATG;rbs_motif=GGA/GAG/AGG;rbs_spacer=5-10bp;gc_cont=0.288
Ga0485799_0023_4     -            103 1827295at2           -             74     0.011   15.4   0.0   1   1   7.8e-05     0.015   14.9   0.0     6    33    28    55    14    59 0.86 # 1353 # 1661 # -1 # ID=23_4;partial=00;start_type=ATG;rbs_motif=AGGAG/GGAGG;rbs_spacer=11-12bp;gc_cont=0.414
Ga0485799_0225_6     -            417 1827295at2           -             74     0.012   15.3   0.0   1   1   0.00013     0.026   14.2   0.0     8    33    16    42     6    47 0.84 # 5684 # 6934 # -1 # ID=225_6;partial=00;start_type=ATG;rbs_motif=None;rbs_spacer=None;gc_cont=0.416
Ga0485799_0016_34    -            856 1827295at2           -             74     0.013   15.2   0.1   1   2     0.049       9.5    6.0   0.0    12    32   203   223   190   229 0.82 # 37142 # 39709 # -1 # ID=16_34;partial=00;start_type=ATG;rbs_motif=GGAG/GAGG;rbs_spacer=5-10bp;gc_cont=0.466
Ga0485799_0016_34    -            856 1827295at2           -             74     0.013   15.2   0.1   2   2     0.052        10    5.9   0.0    11    29   601   619   583   624 0.85 # 37142 # 39709 # -1 # ID=16_34;partial=00;start_type=ATG;rbs_motif=GGAG/GAGG;rbs_spacer=5-10bp;gc_cont=0.466
Ga0485799_0058_36    -            456 1827295at2           -             74     0.015   15.0   0.0   1   1   0.00018     0.035   13.8   0.0     9    38    39    68    24    70 0.83 # 27161 # 28528 # -1 # ID=58_36;partial=00;start_type=ATG;rbs_motif=GGA/GAG/AGG;rbs_spacer=5-10bp;gc_cont=0.413
Ga0485799_0022_31    -            261 1827295at2           -             74     0.015   14.9   0.0   1   1   0.00016     0.031   14.0   0.0     8    29    30    53    16    55 0.84 # 37949 # 38731 # 1 # ID=22_31;partial=00;start_type=ATG;rbs_motif=GGA/GAG/AGG;rbs_spacer=5-10bp;gc_cont=0.460
Ga0485799_0423_6     -            405 1827295at2           -             74     0.017   14.8   0.0   1   1   0.00017     0.034   13.8   0.0     9    31    10    32     2    39 0.82 # 4182 # 5396 # 1 # ID=423_6;partial=00;start_type=ATG;rbs_motif=AGGA/GGAG/GAGG;rbs_spacer=11-12bp;gc_cont=0.475
Ga0485799_0366_6     -            279 1827295at2           -             74     0.023   14.4   0.0   1   1   0.00022     0.044   13.5   0.0     9    41    48    80    37    87 0.80 # 2406 # 3242 # -1 # ID=366_6;partial=00;start_type=ATG;rbs_motif=AGGAG;rbs_spacer=5-10bp;gc_cont=0.425
Ga0485799_0291_3     -            625 1827295at2           -             74     0.023   14.4   0.0   1   2      0.12        24    4.7   0.0     9    32    28    51    15    55 0.81 # 1709 # 3583 # -1 # ID=291_3;partial=00;start_type=ATG;rbs_motif=None;rbs_spacer=None;gc_cont=0.469
Ga0485799_0291_3     -            625 1827295at2           -             74     0.023   14.4   0.0   2   2     0.033       6.4    6.5   0.0     9    31   344   366   332   371 0.82 # 1709 # 3583 # -1 # ID=291_3;partial=00;start_type=ATG;rbs_motif=None;rbs_spacer=None;gc_cont=0.469
Ga0485799_1043_2     -            412 1827295at2           -             74     0.023   14.4   0.0   1   1    0.0003     0.059   13.0   0.0     8    37   119   152   108   158 0.83 # 886 # 2121 # -1 # ID=1043_2;partial=01;start_type=Edge;rbs_motif=None;rbs_spacer=None;gc_cont=0.321
Ga0485799_0200_17    -            753 1827295at2           -             74     0.024   14.3   0.3   1   2      0.23        45    3.8   0.1     8    30   219   242   207   249 0.78 # 16620 # 18878 # -1 # ID=200_17;partial=00;start_type=ATG;rbs_motif=AGGA;rbs_spacer=5-10bp;gc_cont=0.461
Ga0485799_0200_17    -            753 1827295at2           -             74     0.024   14.3   0.3   2   2     0.014       2.8    7.7   0.0     9    31   496   518   482   523 0.84 # 16620 # 18878 # -1 # ID=200_17;partial=00;start_type=ATG;rbs_motif=AGGA;rbs_spacer=5-10bp;gc_cont=0.461
Ga0485799_0391_11    -             48 1827295at2           -             74     0.025   14.3   0.0   1   1   0.00013     0.026   14.2   0.0     9    32    12    35     2    40 0.83 # 6276 # 6419 # -1 # ID=391_11;partial=00;start_type=ATG;rbs_motif=4Base/6BMM;rbs_spacer=13-15bp;gc_cont=0.417
Ga0485799_0037_32    -             79 1827295at2           -             74     0.029   14.1   0.0   1   1   0.00019     0.037   13.7   0.0     6    33    27    55    15    59 0.83 # 40626 # 40862 # -1 # ID=37_32;partial=00;start_type=ATG;rbs_motif=AGGA;rbs_spacer=5-10bp;gc_cont=0.426
Ga0485799_0129_32    -            486 1827295at2           -             74     0.029   14.0   0.0   1   1   0.00031     0.061   13.0   0.0     9    42    46    78    36    85 0.79 # 30059 # 31516 # 1 # ID=129_32;partial=00;start_type=ATG;rbs_motif=AGGA;rbs_spacer=5-10bp;gc_cont=0.420
Ga0485799_0423_10    -            370 1827295at2           -             74      0.03   14.0   0.0   1   1   0.00042     0.083   12.6   0.0     9    31    11    33     2    50 0.85 # 8664 # 9773 # -1 # ID=423_10;partial=00;start_type=ATG;rbs_motif=AGGAG;rbs_spacer=5-10bp;gc_cont=0.541
Ga0485799_0020_32    -            134 1827295at2           -             74     0.031   13.9   0.0   1   1   0.00031      0.06   13.0   0.0    11    34    34    57    17    61 0.85 # 34912 # 35313 # 1 # ID=20_32;partial=00;start_type=ATG;rbs_motif=None;rbs_spacer=None;gc_cont=0.463
Ga0485799_0085_2     -             55 1827295at2           -             74     0.032   13.9   0.0   1   1   0.00017     0.034   13.8   0.0     9    33    24    48     7    52 0.82 # 2616 # 2780 # 1 # ID=85_2;partial=00;start_type=ATG;rbs_motif=GGA/GAG/AGG;rbs_spacer=5-10bp;gc_cont=0.442
Ga0485799_0453_5     -             66 1827295at2           -             74     0.033   13.9   0.0   1   1   0.00018     0.036   13.8   0.0     8    32    26    53    10    58 0.80 # 6300 # 6497 # 1 # ID=453_5;partial=00;start_type=ATG;rbs_motif=AGGA;rbs_spacer=5-10bp;gc_cont=0.364
Ga0485799_0796_1     -            258 1827295at2           -             74     0.033   13.9   0.0   1   1   0.00033     0.064   12.9   0.0     9    33    72    96    61    99 0.85 # 2 # 775 # 1 # ID=796_1;partial=10;start_type=Edge;rbs_motif=None;rbs_spacer=None;gc_cont=0.298
Ga0485799_0595_7     -             51 1827295at2           -             74     0.033   13.9   0.0   1   1   0.00019     0.038   13.7   0.0    12    31     8    27     2    37 0.86 # 5755 # 5907 # 1 # ID=595_7;partial=00;start_type=ATG;rbs_motif=AGGA;rbs_spacer=5-10bp;gc_cont=0.438
Ga0485799_0605_6     -            414 1827295at2           -             74     0.033   13.9   0.0   1   1   0.00034     0.067   12.9   0.0     8    33   118   143   107   146 0.84 # 3490 # 4731 # -1 # ID=605_6;partial=00;start_type=ATG;rbs_motif=AGGA;rbs_spacer=5-10bp;gc_cont=0.319
Ga0485799_0477_4     -            103 1827295at2           -             74     0.035   13.8   0.0   1   1   0.00025      0.05   13.3   0.0    11    34    41    64    27    73 0.86 # 3373 # 3681 # 1 # ID=477_4;partial=00;start_type=ATG;rbs_motif=None;rbs_spacer=None;gc_cont=0.294
Ga0485799_0756_4     -             66 1827295at2           -             74     0.036   13.7   0.0   1   1    0.0002      0.04   13.6   0.0     9    32    30    53    12    58 0.81 # 2337 # 2534 # -1 # ID=756_4;partial=00;start_type=ATG;rbs_motif=AGGA;rbs_spacer=5-10bp;gc_cont=0.369
Ga0485799_0100_13    -            176 1827295at2           -             74     0.039   13.6   0.0   1   1   0.00045     0.089   12.5   0.0    11    29     6    24     3    32 0.86 # 16754 # 17281 # 1 # ID=100_13;partial=00;start_type=GTG;rbs_motif=AGGA/GGAG/GAGG;rbs_spacer=11-12bp;gc_cont=0.428
Ga0485799_0558_6     -            399 1827295at2           -             74     0.039   13.6   0.0   1   1   0.00043     0.085   12.5   0.0     9    38    38    65    25    71 0.83 # 4214 # 5410 # -1 # ID=558_6;partial=00;start_type=ATG;rbs_motif=AGGA;rbs_spacer=5-10bp;gc_cont=0.270
Ga0485799_0083_8     -            413 1827295at2           -             74     0.039   13.6   0.1   1   2    0.0035      0.68    9.6   0.0     9    33    80   104    67   111 0.84 # 15572 # 16810 # 1 # ID=83_8;partial=00;start_type=ATG;rbs_motif=GGA/GAG/AGG;rbs_spacer=5-10bp;gc_cont=0.368
Ga0485799_0083_8     -            413 1827295at2           -             74     0.039   13.6   0.1   2   2       1.5   2.9e+02    1.2   0.0    28    45   161   178   156   180 0.71 # 15572 # 16810 # 1 # ID=83_8;partial=00;start_type=ATG;rbs_motif=GGA/GAG/AGG;rbs_spacer=5-10bp;gc_cont=0.368
Ga0485799_0022_18    -            267 1827295at2           -             74      0.04   13.6   0.0   1   1   0.00041     0.081   12.6   0.0     8    33    32    57    21    62 0.83 # 21655 # 22455 # 1 # ID=22_18;partial=00;start_type=ATG;rbs_motif=GGA/GAG/AGG;rbs_spacer=5-10bp;gc_cont=0.454
Ga0485799_0541_1     -             38 1827295at2           -             74     0.042   13.5   0.0   1   1   0.00022     0.044   13.5   0.0    12    30     6    24     2    32 0.85 # 2 # 115 # -1 # ID=541_1;partial=10;start_type=ATG;rbs_motif=GGA/GAG/AGG;rbs_spacer=5-10bp;gc_cont=0.333
Ga0485799_0012_28    -            237 1827295at2           -             74     0.043   13.5   0.1   1   1   0.00046      0.09   12.5   0.1     8    29    28    53    17    62 0.78 # 19296 # 20006 # -1 # ID=12_28;partial=00;start_type=ATG;rbs_motif=None;rbs_spacer=None;gc_cont=0.471
Ga0485799_0040_17    -            369 1827295at2           -             74     0.046   13.4   0.0   1   1   0.00054      0.11   12.2   0.0     9    36   129   156   115   168 0.84 # 20591 # 21697 # 1 # ID=40_17;partial=00;start_type=ATG;rbs_motif=GGA/GAG/AGG;rbs_spacer=5-10bp;gc_cont=0.393
Ga0485799_0416_5     -            364 1827295at2           -             74     0.047   13.4   0.0   1   1   0.00053       0.1   12.3   0.0     9    36   129   156   115   168 0.84 # 3373 # 4464 # 1 # ID=416_5;partial=00;start_type=ATG;rbs_motif=GGA/GAG/AGG;rbs_spacer=5-10bp;gc_cont=0.390
Ga0485799_0072_34    -            353 1827295at2           -             74     0.047   13.4   0.0   1   1   0.00059      0.12   12.1   0.0     9    55    39    86    23    97 0.87 # 34336 # 35394 # 1 # ID=72_34;partial=00;start_type=ATG;rbs_motif=GGA/GAG/AGG;rbs_spacer=5-10bp;gc_cont=0.394
Ga0485799_0299_7     -            413 1827295at2           -             74     0.049   13.3   0.0   1   1    0.0006      0.12   12.1   0.0     9    40   299   330   284   339 0.79 # 5318 # 6556 # 1 # ID=299_7;partial=00;start_type=ATG;rbs_motif=None;rbs_spacer=None;gc_cont=0.415
Ga0485799_0181_25    -            447 1827295at2           -             74      0.05   13.3   0.0   1   1   0.00061      0.12   12.1   0.0    10    31     9    30     2    37 0.84 # 19965 # 21305 # 1 # ID=181_25;partial=00;start_type=ATG;rbs_motif=AGGAG;rbs_spacer=5-10bp;gc_cont=0.605
Ga0485799_0316_2     -            205 1827295at2           -             74     0.051   13.3   0.1   1   1   0.00051       0.1   12.3   0.1    12    35     8    30     2    38 0.82 # 1052 # 1666 # 1 # ID=316_2;partial=00;start_type=GTG;rbs_motif=AGGAG;rbs_spacer=5-10bp;gc_cont=0.431
Ga0485799_0181_22    -            251 1827295at2           -             74     0.053   13.2   0.0   1   1   0.00094      0.18   11.5   0.0     9    33    36    60    23    65 0.84 # 17355 # 18107 # 1 # ID=181_22;partial=00;start_type=ATG;rbs_motif=GGAG/GAGG;rbs_spacer=5-10bp;gc_cont=0.525
Ga0485799_0120_26    -            388 1827295at2           -             74     0.055   13.2   0.0   1   1   0.00056      0.11   12.2   0.0     9    35    24    49     9    52 0.81 # 31369 # 32532 # 1 # ID=120_26;partial=00;start_type=ATG;rbs_motif=None;rbs_spacer=None;gc_cont=0.418
Ga0485799_0590_1     -            134 1827295at2           -             74     0.059   13.1   0.0   1   1   0.00041      0.08   12.6   0.0     9    48    25    62    10    82 0.80 # 3 # 404 # -1 # ID=590_1;partial=10;start_type=ATG;rbs_motif=GGA/GAG/AGG;rbs_spacer=5-10bp;gc_cont=0.373
Ga0485799_0551_1     -            421 1827295at2           -             74     0.061   13.0   0.0   1   1   0.00075      0.15   11.8   0.0     7    34    19    49    13    52 0.82 # 371 # 1633 # 1 # ID=551_1;partial=00;start_type=ATG;rbs_motif=GGA/GAG/AGG;rbs_spacer=5-10bp;gc_cont=0.450
Ga0485799_0048_14    -            271 1827295at2           -             74     0.067   12.9   0.0   1   1   0.00069      0.14   11.9   0.0     9    33    37    61    26    65 0.84 # 12197 # 13009 # -1 # ID=48_14;partial=00;start_type=ATG;rbs_motif=GGA/GAG/AGG;rbs_spacer=5-10bp;gc_cont=0.435
Ga0485799_0619_3     -            785 1827295at2           -             74     0.067   12.9   0.0   1   1    0.0013      0.26   11.0   0.0     7    33   355   383   346   387 0.83 # 1562 # 3916 # 1 # ID=619_3;partial=00;start_type=ATG;rbs_motif=GGAG/GAGG;rbs_spacer=5-10bp;gc_cont=0.316
Ga0485799_1896_1     -             73 1827295at2           -             74     0.071   12.8   0.0   1   1   0.00043     0.085   12.5   0.0     9    33    44    68    26    71 0.79 # 1 # 219 # -1 # ID=1896_1;partial=10;start_type=ATG;rbs_motif=GGAG/GAGG;rbs_spacer=5-10bp;gc_cont=0.342
Ga0485799_0394_9     -            166 1827295at2           -             74     0.072   12.8   0.0   1   1   0.00062      0.12   12.1   0.0     9    35    24    49     9    52 0.82 # 8881 # 9378 # 1 # ID=394_9;partial=00;start_type=ATG;rbs_motif=AGGA;rbs_spacer=5-10bp;gc_cont=0.436
Ga0485799_0386_4     -            859 1827295at2           -             74     0.073   12.8   0.0   1   2     0.059        12    5.7   0.0    12    33   205   227   192   233 0.82 # 752 # 3328 # -1 # ID=386_4;partial=00;start_type=ATG;rbs_motif=GGAG/GAGG;rbs_spacer=5-10bp;gc_cont=0.319
Ga0485799_0386_4     -            859 1827295at2           -             74     0.073   12.8   0.0   2   2      0.18        34    4.2   0.0    11    32   605   626   590   629 0.86 # 752 # 3328 # -1 # ID=386_4;partial=00;start_type=ATG;rbs_motif=GGAG/GAGG;rbs_spacer=5-10bp;gc_cont=0.319
Ga0485799_0518_1     -            134 1827295at2           -             74     0.079   12.6   0.0   1   1   0.00056      0.11   12.2   0.0     9    47    25    61    11    82 0.81 # 3 # 404 # -1 # ID=518_1;partial=10;start_type=ATG;rbs_motif=GGA/GAG/AGG;rbs_spacer=5-10bp;gc_cont=0.368
Ga0485799_0350_5     -            321 1827295at2           -             74      0.09   12.5   0.0   1   1   0.00092      0.18   11.5   0.0     9    29    41    61    30    69 0.78 # 2580 # 3542 # -1 # ID=350_5;partial=00;start_type=ATG;rbs_motif=AGGA;rbs_spacer=5-10bp;gc_cont=0.385
Ga0485799_0384_1     -            848 1827295at2           -             74     0.094   12.4   0.0   1   2       6.3   1.2e+03   -0.8   0.0     9    33    49    73    40    86 0.77 # 1172 # 3715 # 1 # ID=384_1;partial=00;start_type=ATG;rbs_motif=GGA/GAG/AGG;rbs_spacer=5-10bp;gc_cont=0.311
Ga0485799_0384_1     -            848 1827295at2           -             74     0.094   12.4   0.0   2   2    0.0032      0.62    9.8   0.0    10    33   454   477   441   484 0.84 # 1172 # 3715 # 1 # ID=384_1;partial=00;start_type=ATG;rbs_motif=GGA/GAG/AGG;rbs_spacer=5-10bp;gc_cont=0.311
Ga0485799_0830_1     -            368 1827295at2           -             74     0.095   12.4   0.3   1   2    0.0047      0.93    9.2   0.0     8    37   139   170   128   173 0.78 # 1 # 1104 # 1 # ID=830_1;partial=10;start_type=Edge;rbs_motif=None;rbs_spacer=None;gc_cont=0.306
Ga0485799_0830_1     -            368 1827295at2           -             74     0.095   12.4   0.3   2   2         4   7.8e+02   -0.1   0.0    29    58   314   343   304   350 0.80 # 1 # 1104 # 1 # ID=830_1;partial=10;start_type=Edge;rbs_motif=None;rbs_spacer=None;gc_cont=0.306
Ga0485799_0086_4     -             86 1827295at2           -             74     0.096   12.4   0.0   1   1   0.00062      0.12   12.0   0.0    32    63    28    58     6    61 0.86 # 4890 # 5147 # 1 # ID=86_4;partial=00;start_type=ATG;rbs_motif=GGAG/GAGG;rbs_spacer=5-10bp;gc_cont=0.407
Ga0485799_0909_2     -            273 1827295at2           -             74     0.097   12.4   0.0   1   2    0.0032      0.63    9.8   0.0     8    31    98   123    87   138 0.78 # 1246 # 2064 # 1 # ID=909_2;partial=00;start_type=ATG;rbs_motif=AGGAG;rbs_spacer=5-10bp;gc_cont=0.276
Ga0485799_0909_2     -            273 1827295at2           -             74     0.097   12.4   0.0   2   2       7.6   1.5e+03   -1.1   0.0    51    60   237   246   234   270 0.81 # 1246 # 2064 # 1 # ID=909_2;partial=00;start_type=ATG;rbs_motif=AGGAG;rbs_spacer=5-10bp;gc_cont=0.276
Ga0485799_0374_2     -            118 1827295at2           -             74     0.097   12.4   0.0   1   1   0.00075      0.15   11.8   0.0    11    33     2    24     1    54 0.91 # 1092 # 1445 # -1 # ID=374_2;partial=00;start_type=ATG;rbs_motif=None;rbs_spacer=None;gc_cont=0.347
Ga0485799_1208_2     -            324 1827295at2           -             74     0.098   12.3   0.1   1   2       9.5   1.9e+03   -1.4   0.0    35    60    92   117    86   126 0.74 # 415 # 1386 # -1 # ID=1208_2;partial=00;start_type=TTG;rbs_motif=AGGA;rbs_spacer=5-10bp;gc_cont=0.291
Ga0485799_1208_2     -            324 1827295at2           -             74     0.098   12.3   0.1   2   2    0.0021      0.41   10.4   0.0     9    63   135   189   121   196 0.76 # 415 # 1386 # -1 # ID=1208_2;partial=00;start_type=TTG;rbs_motif=AGGA;rbs_spacer=5-10bp;gc_cont=0.291
Ga0485799_0524_1     -            558 1827295at2           -             74     0.099   12.3   0.0   1   1    0.0014      0.27   10.9   0.0     8    33   311   338   301   345 0.82 # 1623 # 3296 # -1 # ID=524_1;partial=00;start_type=ATG;rbs_motif=GGA/GAG/AGG;rbs_spacer=5-10bp;gc_cont=0.446
Ga0485799_0777_1     -            324 1827295at2           -             74       0.1   12.3   0.0   1   1     0.001       0.2   11.4   0.0     5    28    51    75    45    85 0.79 # 2 # 973 # -1 # ID=777_1;partial=10;start_type=ATG;rbs_motif=GGA/GAG/AGG;rbs_spacer=5-10bp;gc_cont=0.408
Ga0485799_0063_32    -            355 1827295at2           -             74      0.11   12.2   0.0   1   1    0.0012      0.24   11.1   0.0     4    34    26    56    21    66 0.81 # 36215 # 37279 # -1 # ID=63_32;partial=00;start_type=ATG;rbs_motif=None;rbs_spacer=None;gc_cont=0.441
Ga0485799_0528_8     -            632 1827295at2           -             74      0.12   12.1   0.5   1   2      0.11        21    4.9   0.1     9    32    14    37     5    51 0.77 # 4369 # 6264 # 1 # ID=528_8;partial=00;start_type=ATG;rbs_motif=AGGA;rbs_spacer=5-10bp;gc_cont=0.444
Ga0485799_0528_8     -            632 1827295at2           -             74      0.12   12.1   0.5   2   2      0.12        24    4.7   0.0     9    28   333   352   320   359 0.80 # 4369 # 6264 # 1 # ID=528_8;partial=00;start_type=ATG;rbs_motif=AGGA;rbs_spacer=5-10bp;gc_cont=0.444
Ga0485799_0937_1     -            142 1827295at2           -             74      0.15   11.8   0.0   1   1    0.0014      0.28   10.9   0.0     9    33    23    47    11    53 0.83 # 3 # 428 # -1 # ID=937_1;partial=10;start_type=TTG;rbs_motif=None;rbs_spacer=None;gc_cont=0.263
Ga0485799_0224_6     -            329 1827295at2           -             74      0.15   11.8   0.0   1   1    0.0026      0.51   10.1   0.0     9    33   128   152   107   159 0.86 # 7238 # 8224 # 1 # ID=224_6;partial=00;start_type=ATG;rbs_motif=None;rbs_spacer=None;gc_cont=0.462
Ga0485799_0097_25    -            524 1827295at2           -             74      0.15   11.8   0.0   1   1    0.0019      0.37   10.5   0.0     8    33    35    63    26    66 0.80 # 21334 # 22905 # -1 # ID=97_25;partial=00;start_type=ATG;rbs_motif=None;rbs_spacer=None;gc_cont=0.454
Ga0485799_0309_15    -            441 1827295at2           -             74      0.15   11.8   0.0   1   1    0.0017      0.33   10.7   0.0     8    33    44    72    31    84 0.83 # 12457 # 13779 # 1 # ID=309_15;partial=00;start_type=ATG;rbs_motif=4Base/6BMM;rbs_spacer=13-15bp;gc_cont=0.305
Ga0485799_0008_68    -            435 1827295at2           -             74      0.15   11.8   0.0   1   1     0.002      0.39   10.4   0.0     3    30    18    45    12    52 0.83 # 51182 # 52486 # 1 # ID=8_68;partial=00;start_type=ATG;rbs_motif=GGAG/GAGG;rbs_spacer=5-10bp;gc_cont=0.389
Ga0485799_0197_8     -            357 1827295at2           -             74      0.15   11.7   0.9   1   1    0.0021      0.41   10.3   0.0    11    33    16    38     6    50 0.83 # 7422 # 8492 # 1 # ID=197_8;partial=00;start_type=ATG;rbs_motif=AGGA;rbs_spacer=5-10bp;gc_cont=0.433
Ga0485799_0256_8     -            355 1827295at2           -             74      0.16   11.7   0.0   1   3     0.015         3    7.6   0.1     9    29    25    45    14    51 0.82 # 5775 # 6839 # -1 # ID=256_8;partial=00;start_type=ATG;rbs_motif=None;rbs_spacer=None;gc_cont=0.532
Ga0485799_0256_8     -            355 1827295at2           -             74      0.16   11.7   0.0   2   3       8.7   1.7e+03   -1.2   0.0    28    45   141   155   137   157 0.77 # 5775 # 6839 # -1 # ID=256_8;partial=00;start_type=ATG;rbs_motif=None;rbs_spacer=None;gc_cont=0.532
Ga0485799_0256_8     -            355 1827295at2           -             74      0.16   11.7   0.0   3   3       5.4   1.1e+03   -0.6   0.0     9    31   258   280   244   291 0.77 # 5775 # 6839 # -1 # ID=256_8;partial=00;start_type=ATG;rbs_motif=None;rbs_spacer=None;gc_cont=0.532
Ga0485799_0544_3     -            286 1827295at2           -             74      0.16   11.7   0.2   1   2    0.0046       0.9    9.3   0.1     8    29    28    50    19    58 0.82 # 767 # 1624 # 1 # ID=544_3;partial=00;start_type=ATG;rbs_motif=None;rbs_spacer=None;gc_cont=0.326
Ga0485799_0544_3     -            286 1827295at2           -             74      0.16   11.7   0.2   2   2       5.5   1.1e+03   -0.6   0.0    42    59   182   199   165   207 0.79 # 767 # 1624 # 1 # ID=544_3;partial=00;start_type=ATG;rbs_motif=None;rbs_spacer=None;gc_cont=0.326
Ga0485799_0016_15    -            343 1827295at2           -             74      0.18   11.5   0.0   1   1    0.0019      0.37   10.5   0.0     8    35    54    83    40    87 0.82 # 14040 # 15068 # -1 # ID=16_15;partial=00;start_type=GTG;rbs_motif=None;rbs_spacer=None;gc_cont=0.473
#
# Program:         hmmsearch
# Version:         3.1b2 (February 2015)
# Pipeline mode:   SEARCH
# Query file:      /home/mira/Bacteria2022/Thiomargarita_magnifica/qc_assembly/busco_article/busco_downloads/lineages/bacteria_odb10/hmms/1827295at2.hmm
# Target file:     /home/mira/Bacteria2022/Thiomargarita_magnifica/qc_assembly/busco_article/busco_article/prodigal_output/predicted_genes/predicted.faa
# Option settings: hmmsearch --domtblout /home/mira/Bacteria2022/Thiomargarita_magnifica/qc_assembly/busco_article/busco_article/auto_lineage/run_bacteria_odb10/hmmer_output/1827295at2.out --cpu 1 /home/mira/Bacteria2022/Thiomargarita_magnifica/qc_assembly/busco_article/busco_downloads/lineages/bacteria_odb10/hmms/1827295at2.hmm /home/mira/Bacteria2022/Thiomargarita_magnifica/qc_assembly/busco_article/busco_article/prodigal_output/predicted_genes/predicted.faa 
# Current dir:     /home/mira/Bacteria2022/Thiomargarita_magnifica/qc_assembly/busco_article
# Date:            Wed Jul 13 13:05:05 2022
# [ok]
