#                                                                            --- full sequence --- -------------- this domain -------------   hmm coord   ali coord   env coord
# target name        accession   tlen query name           accession   qlen   E-value  score  bias   #  of  c-Evalue  i-Evalue  score  bias  from    to  from    to  from    to  acc description of target
#------------------- ---------- ----- -------------------- ---------- ----- --------- ------ ----- --- --- --------- --------- ------ ----- ----- ----- ----- ----- ----- ----- ---- ---------------------
Ga0485799_0011_60    -            171 1846503at2           -            110   3.5e-38  129.7   0.1   1   1   1.6e-39   4.1e-36  123.0   0.1     2   107    15   147    14   149 0.84 # 52709 # 53221 # -1 # ID=11_60;partial=00;start_type=ATG;rbs_motif=None;rbs_spacer=None;gc_cont=0.448
Ga0485799_0723_2     -            163 1846503at2           -            110   1.9e-35  120.9   0.7   1   1   5.1e-37   1.3e-33  114.9   0.7     2   107     6   137     5   139 0.86 # 721 # 1209 # 1 # ID=723_2;partial=00;start_type=TTG;rbs_motif=AGGAG;rbs_spacer=5-10bp;gc_cont=0.335
Ga0485799_0492_4     -            182 1846503at2           -            110   0.00028   20.5   0.1   1   1   2.3e-07   0.00061   19.4   0.1     2    33     3    36     2    93 0.88 # 3519 # 4064 # 1 # ID=492_4;partial=00;start_type=ATG;rbs_motif=AGGA/GGAG/GAGG;rbs_spacer=11-12bp;gc_cont=0.262
Ga0485799_0193_8     -            471 1846503at2           -            110    0.0054   16.4   0.0   1   1   6.9e-06     0.018   14.7   0.0     3    35   339   371   337   380 0.90 # 6911 # 8323 # 1 # ID=193_8;partial=00;start_type=ATG;rbs_motif=None;rbs_spacer=None;gc_cont=0.482
Ga0485799_0334_13    -            288 1846503at2           -            110     0.083   12.6   0.0   1   1     7e-05      0.18   11.5   0.0    12    36    34    58    24    62 0.87 # 6266 # 7129 # -1 # ID=334_13;partial=00;start_type=ATG;rbs_motif=None;rbs_spacer=None;gc_cont=0.444
Ga0485799_0153_8     -            216 1846503at2           -            110      0.15   11.8   0.1   1   2    0.0002      0.52   10.0   0.1     3    20     8    25     6    91 0.83 # 12221 # 12868 # 1 # ID=153_8;partial=00;start_type=ATG;rbs_motif=None;rbs_spacer=None;gc_cont=0.461
Ga0485799_0153_8     -            216 1846503at2           -            110      0.15   11.8   0.1   2   2       1.1   2.8e+03   -2.0   0.0    86   107   167   188   146   190 0.74 # 12221 # 12868 # 1 # ID=153_8;partial=00;start_type=ATG;rbs_motif=None;rbs_spacer=None;gc_cont=0.461
#
# Program:         hmmsearch
# Version:         3.1b2 (February 2015)
# Pipeline mode:   SEARCH
# Query file:      /home/mira/Bacteria2022/Thiomargarita_magnifica/qc_assembly/busco_article/busco_downloads/lineages/bacteria_odb10/hmms/1846503at2.hmm
# Target file:     /home/mira/Bacteria2022/Thiomargarita_magnifica/qc_assembly/busco_article/busco_article/prodigal_output/predicted_genes/predicted.faa
# Option settings: hmmsearch --domtblout /home/mira/Bacteria2022/Thiomargarita_magnifica/qc_assembly/busco_article/busco_article/auto_lineage/run_bacteria_odb10/hmmer_output/1846503at2.out --cpu 1 /home/mira/Bacteria2022/Thiomargarita_magnifica/qc_assembly/busco_article/busco_downloads/lineages/bacteria_odb10/hmms/1846503at2.hmm /home/mira/Bacteria2022/Thiomargarita_magnifica/qc_assembly/busco_article/busco_article/prodigal_output/predicted_genes/predicted.faa 
# Current dir:     /home/mira/Bacteria2022/Thiomargarita_magnifica/qc_assembly/busco_article
# Date:            Wed Jul 13 13:05:05 2022
# [ok]
