#                                                                            --- full sequence --- -------------- this domain -------------   hmm coord   ali coord   env coord
# target name        accession   tlen query name           accession   qlen   E-value  score  bias   #  of  c-Evalue  i-Evalue  score  bias  from    to  from    to  from    to  acc description of target
#------------------- ---------- ----- -------------------- ---------- ----- --------- ------ ----- --- --- --------- --------- ------ ----- ----- ----- ----- ----- ----- ----- ---- ---------------------
Ga0485799_0787_3     -            195 1906715at2           -             80   9.6e-14   50.9   9.4   1   4      0.54   1.7e+03   -1.2   0.1     4    19    49    64    46    77 0.80 # 2438 # 3022 # -1 # ID=787_3;partial=00;start_type=ATG;rbs_motif=GGAG/GAGG;rbs_spacer=5-10bp;gc_cont=0.330
Ga0485799_0787_3     -            195 1906715at2           -             80   9.6e-14   50.9   9.4   2   4     4e-06     0.013   15.3   0.1    11    47    85   121    72   123 0.89 # 2438 # 3022 # -1 # ID=787_3;partial=00;start_type=ATG;rbs_motif=GGAG/GAGG;rbs_spacer=5-10bp;gc_cont=0.330
Ga0485799_0787_3     -            195 1906715at2           -             80   9.6e-14   50.9   9.4   3   4   5.1e-07    0.0016   18.1   0.4    31    62   123   160   120   163 0.87 # 2438 # 3022 # -1 # ID=787_3;partial=00;start_type=ATG;rbs_motif=GGAG/GAGG;rbs_spacer=5-10bp;gc_cont=0.330
Ga0485799_0787_3     -            195 1906715at2           -             80   9.6e-14   50.9   9.4   4   4   2.1e-08   6.7e-05   22.5   0.1    54    80   163   194   159   194 0.78 # 2438 # 3022 # -1 # ID=787_3;partial=00;start_type=ATG;rbs_motif=GGAG/GAGG;rbs_spacer=5-10bp;gc_cont=0.330
Ga0485799_0081_14    -            247 1906715at2           -             80   2.7e-09   36.6   4.0   1   3         2   6.1e+03   -3.0   0.0    43    44    94    95    82   110 0.50 # 10720 # 11460 # 1 # ID=81_14;partial=00;start_type=ATG;rbs_motif=AGGAG;rbs_spacer=5-10bp;gc_cont=0.489
Ga0485799_0081_14    -            247 1906715at2           -             80   2.7e-09   36.6   4.0   2   3   3.9e-05      0.12   12.1   0.8    11    60   129   201   120   205 0.67 # 10720 # 11460 # 1 # ID=81_14;partial=00;start_type=ATG;rbs_motif=AGGAG;rbs_spacer=5-10bp;gc_cont=0.489
Ga0485799_0081_14    -            247 1906715at2           -             80   2.7e-09   36.6   4.0   3   3   1.6e-06     0.005   16.5   0.0    59    80   213   237   206   237 0.90 # 10720 # 11460 # 1 # ID=81_14;partial=00;start_type=ATG;rbs_motif=AGGAG;rbs_spacer=5-10bp;gc_cont=0.489
Ga0485799_0264_8     -            175 1906715at2           -             80    0.0014   18.3   0.1   1   4      0.34   1.1e+03   -0.5   0.0    16    40     9    33     3    48 0.66 # 11989 # 12513 # -1 # ID=264_8;partial=00;start_type=ATG;rbs_motif=AGGA;rbs_spacer=5-10bp;gc_cont=0.425
Ga0485799_0264_8     -            175 1906715at2           -             80    0.0014   18.3   0.1   2   4      0.52   1.6e+03   -1.1   0.0    11    28    55    72    44    77 0.72 # 11989 # 12513 # -1 # ID=264_8;partial=00;start_type=ATG;rbs_motif=AGGA;rbs_spacer=5-10bp;gc_cont=0.425
Ga0485799_0264_8     -            175 1906715at2           -             80    0.0014   18.3   0.1   3   4      0.55   1.7e+03   -1.2   0.0    36    58   106   128    90   132 0.67 # 11989 # 12513 # -1 # ID=264_8;partial=00;start_type=ATG;rbs_motif=AGGA;rbs_spacer=5-10bp;gc_cont=0.425
Ga0485799_0264_8     -            175 1906715at2           -             80    0.0014   18.3   0.1   4   4     1e-05     0.031   14.0   0.0    52    79   136   166   126   167 0.90 # 11989 # 12513 # -1 # ID=264_8;partial=00;start_type=ATG;rbs_motif=AGGA;rbs_spacer=5-10bp;gc_cont=0.425
Ga0485799_0173_16    -            214 1906715at2           -             80    0.0084   15.8   0.4   1   3      0.53   1.6e+03   -1.1   0.0    34    53    47    66    41    76 0.65 # 19058 # 19699 # 1 # ID=173_16;partial=00;start_type=ATG;rbs_motif=None;rbs_spacer=None;gc_cont=0.430
Ga0485799_0173_16    -            214 1906715at2           -             80    0.0084   15.8   0.4   2   3     0.019        59    3.5   0.1    10    31    90   111    79   118 0.81 # 19058 # 19699 # 1 # ID=173_16;partial=00;start_type=ATG;rbs_motif=None;rbs_spacer=None;gc_cont=0.430
Ga0485799_0173_16    -            214 1906715at2           -             80    0.0084   15.8   0.4   3   3   0.00074       2.3    8.0   0.0    59    80   188   212   137   212 0.87 # 19058 # 19699 # 1 # ID=173_16;partial=00;start_type=ATG;rbs_motif=None;rbs_spacer=None;gc_cont=0.430
Ga0485799_0285_3     -            574 1906715at2           -             80       0.1   12.4   0.1   1   2       1.9     6e+03   -3.0   0.0    19    40    79   100    68   113 0.75 # 2922 # 4643 # -1 # ID=285_3;partial=00;start_type=GTG;rbs_motif=GGAG/GAGG;rbs_spacer=5-10bp;gc_cont=0.448
Ga0485799_0285_3     -            574 1906715at2           -             80       0.1   12.4   0.1   2   2   0.00013      0.39   10.5   0.0    17    55   391   429   380   437 0.91 # 2922 # 4643 # -1 # ID=285_3;partial=00;start_type=GTG;rbs_motif=GGAG/GAGG;rbs_spacer=5-10bp;gc_cont=0.448
#
# Program:         hmmsearch
# Version:         3.1b2 (February 2015)
# Pipeline mode:   SEARCH
# Query file:      /home/mira/Bacteria2022/Thiomargarita_magnifica/qc_assembly/busco_article/busco_downloads/lineages/bacteria_odb10/hmms/1906715at2.hmm
# Target file:     /home/mira/Bacteria2022/Thiomargarita_magnifica/qc_assembly/busco_article/busco_article/prodigal_output/predicted_genes/predicted.faa
# Option settings: hmmsearch --domtblout /home/mira/Bacteria2022/Thiomargarita_magnifica/qc_assembly/busco_article/busco_article/auto_lineage/run_bacteria_odb10/hmmer_output/1906715at2.out --cpu 1 /home/mira/Bacteria2022/Thiomargarita_magnifica/qc_assembly/busco_article/busco_downloads/lineages/bacteria_odb10/hmms/1906715at2.hmm /home/mira/Bacteria2022/Thiomargarita_magnifica/qc_assembly/busco_article/busco_article/prodigal_output/predicted_genes/predicted.faa 
# Current dir:     /home/mira/Bacteria2022/Thiomargarita_magnifica/qc_assembly/busco_article
# Date:            Wed Jul 13 13:05:05 2022
# [ok]
