#                                                                            --- full sequence --- -------------- this domain -------------   hmm coord   ali coord   env coord
# target name        accession   tlen query name           accession   qlen   E-value  score  bias   #  of  c-Evalue  i-Evalue  score  bias  from    to  from    to  from    to  acc description of target
#------------------- ---------- ----- -------------------- ---------- ----- --------- ------ ----- --- --- --------- --------- ------ ----- ----- ----- ----- ----- ----- ----- ---- ---------------------
Ga0485799_0111_24    -            153 1937072at2           -             71   2.2e-31  107.1   0.3   1   1   1.8e-33   7.1e-30  102.3   0.3     2    70     1    77     1    78 0.88 # 21319 # 21777 # 1 # ID=111_24;partial=00;start_type=ATG;rbs_motif=AGGA;rbs_spacer=5-10bp;gc_cont=0.542
Ga0485799_0363_18    -             78 1937072at2           -             71   2.1e-27   94.4   0.2   1   1   7.9e-31   3.1e-27   93.8   0.2     2    68     1    73     1    76 0.92 # 10450 # 10683 # 1 # ID=363_18;partial=00;start_type=ATG;rbs_motif=AGGA;rbs_spacer=5-10bp;gc_cont=0.342
Ga0485799_0074_24    -            106 1937072at2           -             71     0.003   17.0   0.0   1   3    0.0035        14    5.3   0.0    36    65     6    35     4    40 0.93 # 39426 # 39743 # -1 # ID=74_24;partial=00;start_type=ATG;rbs_motif=None;rbs_spacer=None;gc_cont=0.403
Ga0485799_0074_24    -            106 1937072at2           -             71     0.003   17.0   0.0   2   3    0.0032        12    5.4   0.0    36    65    41    70    37    75 0.93 # 39426 # 39743 # -1 # ID=74_24;partial=00;start_type=ATG;rbs_motif=None;rbs_spacer=None;gc_cont=0.403
Ga0485799_0074_24    -            106 1937072at2           -             71     0.003   17.0   0.0   3   3     0.014        55    3.3   0.0    36    63    76   103    72   105 0.91 # 39426 # 39743 # -1 # ID=74_24;partial=00;start_type=ATG;rbs_motif=None;rbs_spacer=None;gc_cont=0.403
Ga0485799_0789_2     -            121 1937072at2           -             71     0.026   14.0   0.0   1   2       1.4   5.3e+03   -3.0   0.0    33    41    47    55    45    58 0.79 # 482 # 844 # 1 # ID=789_2;partial=00;start_type=ATG;rbs_motif=AGGA;rbs_spacer=5-10bp;gc_cont=0.314
Ga0485799_0789_2     -            121 1937072at2           -             71     0.026   14.0   0.0   2   2   1.5e-05     0.059   12.8   0.0    13    57    70   114    62   119 0.92 # 482 # 844 # 1 # ID=789_2;partial=00;start_type=ATG;rbs_motif=AGGA;rbs_spacer=5-10bp;gc_cont=0.314
#
# Program:         hmmsearch
# Version:         3.1b2 (February 2015)
# Pipeline mode:   SEARCH
# Query file:      /home/mira/Bacteria2022/Thiomargarita_magnifica/qc_assembly/busco_article/busco_downloads/lineages/bacteria_odb10/hmms/1937072at2.hmm
# Target file:     /home/mira/Bacteria2022/Thiomargarita_magnifica/qc_assembly/busco_article/busco_article/prodigal_output/predicted_genes/predicted.faa
# Option settings: hmmsearch --domtblout /home/mira/Bacteria2022/Thiomargarita_magnifica/qc_assembly/busco_article/busco_article/auto_lineage/run_bacteria_odb10/hmmer_output/1937072at2.out --cpu 1 /home/mira/Bacteria2022/Thiomargarita_magnifica/qc_assembly/busco_article/busco_downloads/lineages/bacteria_odb10/hmms/1937072at2.hmm /home/mira/Bacteria2022/Thiomargarita_magnifica/qc_assembly/busco_article/busco_article/prodigal_output/predicted_genes/predicted.faa 
# Current dir:     /home/mira/Bacteria2022/Thiomargarita_magnifica/qc_assembly/busco_article
# Date:            Wed Jul 13 13:05:05 2022
# [ok]
