#                                                                            --- full sequence --- -------------- this domain -------------   hmm coord   ali coord   env coord
# target name        accession   tlen query name           accession   qlen   E-value  score  bias   #  of  c-Evalue  i-Evalue  score  bias  from    to  from    to  from    to  acc description of target
#------------------- ---------- ----- -------------------- ---------- ----- --------- ------ ----- --- --- --------- --------- ------ ----- ----- ----- ----- ----- ----- ----- ---- ---------------------
Ga0485799_0060_43    -            179 1937493at2           -            251   7.3e-40  137.0   4.9   1   1   4.4e-42   9.8e-39  133.3   4.9    91   250     3   177     1   178 0.94 # 45273 # 45809 # -1 # ID=60_43;partial=00;start_type=ATG;rbs_motif=GGA/GAG/AGG;rbs_spacer=11-12bp;gc_cont=0.439
Ga0485799_0896_2     -            177 1937493at2           -            251   3.3e-06   26.8   0.0   1   1   3.2e-09   7.1e-06   25.7   0.0    95   217     5   140     1   142 0.83 # 1372 # 1902 # -1 # ID=896_2;partial=00;start_type=ATG;rbs_motif=GGA/GAG/AGG;rbs_spacer=5-10bp;gc_cont=0.267
Ga0485799_0099_10    -            558 1937493at2           -            251   0.00027   20.5   0.4   1   1   2.2e-07   0.00048   19.7   0.4    23   141   214   330   198   376 0.84 # 10491 # 12164 # -1 # ID=99_10;partial=00;start_type=TTG;rbs_motif=None;rbs_spacer=None;gc_cont=0.402
Ga0485799_0032_49    -            811 1937493at2           -            251   0.00037   20.1  11.3   1   2   0.00017      0.37   10.2   0.2    12   129   364   477   359   486 0.84 # 54153 # 56585 # 1 # ID=32_49;partial=00;start_type=ATG;rbs_motif=None;rbs_spacer=None;gc_cont=0.484
Ga0485799_0032_49    -            811 1937493at2           -            251   0.00037   20.1  11.3   2   2   5.4e-05      0.12   11.8   6.5    78   169   533   620   503   657 0.82 # 54153 # 56585 # 1 # ID=32_49;partial=00;start_type=ATG;rbs_motif=None;rbs_spacer=None;gc_cont=0.484
Ga0485799_0565_7     -            792 1937493at2           -            251     0.006   16.1  19.4   1   3   0.00013      0.29   10.6   0.1    11   129   363   477   357   486 0.85 # 4624 # 6999 # -1 # ID=565_7;partial=00;start_type=ATG;rbs_motif=None;rbs_spacer=None;gc_cont=0.450
Ga0485799_0565_7     -            792 1937493at2           -            251     0.006   16.1  19.4   2   3     8e-05      0.18   11.3   9.1    74   168   518   619   503   627 0.76 # 4624 # 6999 # -1 # ID=565_7;partial=00;start_type=ATG;rbs_motif=None;rbs_spacer=None;gc_cont=0.450
Ga0485799_0565_7     -            792 1937493at2           -            251     0.006   16.1  19.4   3   3      0.36     8e+02   -0.7   0.2   116   148   634   668   621   675 0.71 # 4624 # 6999 # -1 # ID=565_7;partial=00;start_type=ATG;rbs_motif=None;rbs_spacer=None;gc_cont=0.450
Ga0485799_0136_42    -            577 1937493at2           -            251    0.0063   16.0  21.4   1   3   6.7e-05      0.15   11.5   0.2    12   129   147   260   140   269 0.83 # 29795 # 31525 # -1 # ID=136_42;partial=01;start_type=Edge;rbs_motif=None;rbs_spacer=None;gc_cont=0.462
Ga0485799_0136_42    -            577 1937493at2           -            251    0.0063   16.0  21.4   2   3   5.6e-05      0.12   11.8   8.3    78   169   316   403   287   412 0.80 # 29795 # 31525 # -1 # ID=136_42;partial=01;start_type=Edge;rbs_motif=None;rbs_spacer=None;gc_cont=0.462
Ga0485799_0136_42    -            577 1937493at2           -            251    0.0063   16.0  21.4   3   3      0.17   3.8e+02    0.4   0.6   158   183   429   454   409   469 0.59 # 29795 # 31525 # -1 # ID=136_42;partial=01;start_type=Edge;rbs_motif=None;rbs_spacer=None;gc_cont=0.462
Ga0485799_0282_12    -            233 1937493at2           -            251      0.54    9.7   3.8   1   1   0.00031      0.69    9.3   3.8    90   206   102   222    82   227 0.82 # 9467 # 10165 # 1 # ID=282_12;partial=00;start_type=ATG;rbs_motif=GGA/GAG/AGG;rbs_spacer=11-12bp;gc_cont=0.421
#
# Program:         hmmsearch
# Version:         3.1b2 (February 2015)
# Pipeline mode:   SEARCH
# Query file:      /home/mira/Bacteria2022/Thiomargarita_magnifica/qc_assembly/busco_article/busco_downloads/lineages/bacteria_odb10/hmms/1937493at2.hmm
# Target file:     /home/mira/Bacteria2022/Thiomargarita_magnifica/qc_assembly/busco_article/busco_article/prodigal_output/predicted_genes/predicted.faa
# Option settings: hmmsearch --domtblout /home/mira/Bacteria2022/Thiomargarita_magnifica/qc_assembly/busco_article/busco_article/auto_lineage/run_bacteria_odb10/hmmer_output/1937493at2.out --cpu 1 /home/mira/Bacteria2022/Thiomargarita_magnifica/qc_assembly/busco_article/busco_downloads/lineages/bacteria_odb10/hmms/1937493at2.hmm /home/mira/Bacteria2022/Thiomargarita_magnifica/qc_assembly/busco_article/busco_article/prodigal_output/predicted_genes/predicted.faa 
# Current dir:     /home/mira/Bacteria2022/Thiomargarita_magnifica/qc_assembly/busco_article
# Date:            Wed Jul 13 13:05:06 2022
# [ok]
