#                                                                            --- full sequence --- -------------- this domain -------------   hmm coord   ali coord   env coord
# target name        accession   tlen query name           accession   qlen   E-value  score  bias   #  of  c-Evalue  i-Evalue  score  bias  from    to  from    to  from    to  acc description of target
#------------------- ---------- ----- -------------------- ---------- ----- --------- ------ ----- --- --- --------- --------- ------ ----- ----- ----- ----- ----- ----- ----- ---- ---------------------
Ga0485799_1208_2     -            324 219876at2            -            282   1.1e-57  195.4   3.8   1   1   8.9e-60   2.8e-57  194.0   3.8    13   184    97   307    88   320 0.81 # 415 # 1386 # -1 # ID=1208_2;partial=00;start_type=TTG;rbs_motif=AGGA;rbs_spacer=5-10bp;gc_cont=0.291
Ga0485799_0558_6     -            399 219876at2            -            282   8.8e-07   28.3   0.1   1   1   4.6e-09   1.5e-06   27.6   0.1    48   111    38   107     5   134 0.80 # 4214 # 5410 # -1 # ID=558_6;partial=00;start_type=ATG;rbs_motif=AGGA;rbs_spacer=5-10bp;gc_cont=0.270
Ga0485799_0274_3     -            706 219876at2            -            282   3.6e-06   26.3   0.0   1   2    0.0011      0.35   10.0   0.0    50    77   214   241   207   251 0.87 # 2901 # 5018 # 1 # ID=274_3;partial=00;start_type=ATG;rbs_motif=GGA/GAG/AGG;rbs_spacer=5-10bp;gc_cont=0.474
Ga0485799_0274_3     -            706 219876at2            -            282   3.6e-06   26.3   0.0   2   2   8.9e-05     0.028   13.6   0.0    50    78   487   515   480   530 0.91 # 2901 # 5018 # 1 # ID=274_3;partial=00;start_type=ATG;rbs_motif=GGA/GAG/AGG;rbs_spacer=5-10bp;gc_cont=0.474
Ga0485799_0016_15    -            343 219876at2            -            282   5.7e-06   25.7   0.0   1   1   3.3e-08     1e-05   24.8   0.0    44   107    53   120    45   131 0.82 # 14040 # 15068 # -1 # ID=16_15;partial=00;start_type=GTG;rbs_motif=None;rbs_spacer=None;gc_cont=0.473
Ga0485799_1043_2     -            412 219876at2            -            282   2.9e-05   23.3   0.0   1   1   1.6e-07   4.9e-05   22.6   0.0    47   108   123   188   106   199 0.77 # 886 # 2121 # -1 # ID=1043_2;partial=01;start_type=Edge;rbs_motif=None;rbs_spacer=None;gc_cont=0.321
Ga0485799_0477_4     -            103 219876at2            -            282   8.3e-05   21.9   0.0   1   1   2.6e-07   8.3e-05   21.9   0.0    39    77    30    68     3    95 0.77 # 3373 # 3681 # 1 # ID=477_4;partial=00;start_type=ATG;rbs_motif=None;rbs_spacer=None;gc_cont=0.294
Ga0485799_0759_3     -            674 219876at2            -            282   0.00013   21.2   0.0   1   2   0.00053      0.17   11.0   0.0    50    87   225   264   216   274 0.78 # 1298 # 3319 # -1 # ID=759_3;partial=00;start_type=ATG;rbs_motif=AGGA;rbs_spacer=5-10bp;gc_cont=0.343
Ga0485799_0759_3     -            674 219876at2            -            282   0.00013   21.2   0.0   2   2     0.006       1.9    7.6   0.0   121   197   331   404   319   468 0.73 # 1298 # 3319 # -1 # ID=759_3;partial=00;start_type=ATG;rbs_motif=AGGA;rbs_spacer=5-10bp;gc_cont=0.343
Ga0485799_0306_2     -            914 219876at2            -            282    0.0021   17.2   0.2   1   2     0.026       8.3    5.4   0.1    80   122   240   281   232   290 0.90 # 1373 # 4114 # 1 # ID=306_2;partial=00;start_type=ATG;rbs_motif=GGA/GAG/AGG;rbs_spacer=5-10bp;gc_cont=0.332
Ga0485799_0306_2     -            914 219876at2            -            282    0.0021   17.2   0.2   2   2    0.0022      0.68    9.0   0.0    39    70   452   481   419   501 0.87 # 1373 # 4114 # 1 # ID=306_2;partial=00;start_type=ATG;rbs_motif=GGA/GAG/AGG;rbs_spacer=5-10bp;gc_cont=0.332
Ga0485799_0312_8     -             62 219876at2            -            282    0.0026   17.0   0.1   1   1   8.1e-06    0.0026   17.0   0.1    41    79     8    46     1    53 0.87 # 10102 # 10287 # 1 # ID=312_8;partial=00;start_type=ATG;rbs_motif=None;rbs_spacer=None;gc_cont=0.323
Ga0485799_0049_43    -            352 219876at2            -            282    0.0028   16.8   0.0   1   1   1.5e-05    0.0047   16.1   0.0    11    71    19    80    13    83 0.81 # 46609 # 47664 # 1 # ID=49_43;partial=00;start_type=ATG;rbs_motif=GGAG/GAGG;rbs_spacer=5-10bp;gc_cont=0.429
Ga0485799_0081_15    -            650 219876at2            -            282    0.0032   16.7   0.2   1   1   1.7e-05    0.0053   15.9   0.2   183   275   483   574   478   579 0.77 # 11529 # 13478 # 1 # ID=81_15;partial=00;start_type=ATG;rbs_motif=AGGA;rbs_spacer=5-10bp;gc_cont=0.468
Ga0485799_0131_12    -            365 219876at2            -            282    0.0036   16.5   0.0   1   1   1.9e-05    0.0059   15.8   0.0    37    68    24    51     9    60 0.82 # 14333 # 15427 # -1 # ID=131_12;partial=00;start_type=ATG;rbs_motif=GGA/GAG/AGG;rbs_spacer=5-10bp;gc_cont=0.416
Ga0485799_0049_42    -            465 219876at2            -            282    0.0044   16.2   0.0   1   1     3e-05    0.0094   15.1   0.0    15    71   137   193   126   196 0.82 # 44899 # 46293 # 1 # ID=49_42;partial=00;start_type=ATG;rbs_motif=None;rbs_spacer=None;gc_cont=0.432
Ga0485799_0812_2     -            249 219876at2            -            282    0.0047   16.1   0.7   1   1   3.9e-05     0.012   14.7   0.7    42    83    97   141    83   209 0.70 # 221 # 967 # -1 # ID=812_2;partial=00;start_type=ATG;rbs_motif=AGGA;rbs_spacer=5-10bp;gc_cont=0.290
Ga0485799_0310_1     -           1069 219876at2            -            282    0.0056   15.9   0.0   1   2    0.0099       3.2    6.8   0.0    45    90   221   266   208   272 0.76 # 681 # 3887 # -1 # ID=310_1;partial=00;start_type=ATG;rbs_motif=None;rbs_spacer=None;gc_cont=0.467
Ga0485799_0310_1     -           1069 219876at2            -            282    0.0056   15.9   0.0   2   2     0.014       4.5    6.3   0.0    49    69   485   505   480   526 0.86 # 681 # 3887 # -1 # ID=310_1;partial=00;start_type=ATG;rbs_motif=None;rbs_spacer=None;gc_cont=0.467
Ga0485799_0472_9     -            321 219876at2            -            282    0.0057   15.8   0.2   1   2   4.9e-05     0.016   14.4   0.0    48    72    59    83    48    89 0.87 # 6533 # 7495 # -1 # ID=472_9;partial=00;start_type=ATG;rbs_motif=None;rbs_spacer=None;gc_cont=0.456
Ga0485799_0472_9     -            321 219876at2            -            282    0.0057   15.8   0.2   2   2       5.7   1.8e+03   -2.2   0.0    95   116   146   171   138   187 0.63 # 6533 # 7495 # -1 # ID=472_9;partial=00;start_type=ATG;rbs_motif=None;rbs_spacer=None;gc_cont=0.456
Ga0485799_0005_2     -             75 219876at2            -            282     0.011   14.8   0.0   1   1   3.8e-05     0.012   14.7   0.0    46    70    16    40     5    59 0.81 # 928 # 1152 # -1 # ID=5_2;partial=00;start_type=GTG;rbs_motif=AGGAG;rbs_spacer=5-10bp;gc_cont=0.449
Ga0485799_0384_1     -            848 219876at2            -            282     0.013   14.7   0.2   1   3       5.2   1.7e+03   -2.1   0.0    45    69    46    70    26    87 0.64 # 1172 # 3715 # 1 # ID=384_1;partial=00;start_type=ATG;rbs_motif=GGA/GAG/AGG;rbs_spacer=5-10bp;gc_cont=0.311
Ga0485799_0384_1     -            848 219876at2            -            282     0.013   14.7   0.2   2   3      0.55   1.7e+02    1.1   0.0   130   212   233   315   217   338 0.75 # 1172 # 3715 # 1 # ID=384_1;partial=00;start_type=ATG;rbs_motif=GGA/GAG/AGG;rbs_spacer=5-10bp;gc_cont=0.311
Ga0485799_0384_1     -            848 219876at2            -            282     0.013   14.7   0.2   3   3    0.0012      0.39    9.8   0.0    49    77   454   482   446   519 0.81 # 1172 # 3715 # 1 # ID=384_1;partial=00;start_type=ATG;rbs_motif=GGA/GAG/AGG;rbs_spacer=5-10bp;gc_cont=0.311
Ga0485799_0446_4     -            293 219876at2            -            282     0.013   14.6   0.1   1   2   0.00033      0.11   11.7   0.0    33    69    20    55    14    88 0.83 # 4507 # 5385 # 1 # ID=446_4;partial=00;start_type=ATG;rbs_motif=None;rbs_spacer=None;gc_cont=0.447
Ga0485799_0446_4     -            293 219876at2            -            282     0.013   14.6   0.1   2   2       1.9   5.9e+02   -0.6   0.0   144   174   202   232   176   245 0.72 # 4507 # 5385 # 1 # ID=446_4;partial=00;start_type=ATG;rbs_motif=None;rbs_spacer=None;gc_cont=0.447
Ga0485799_0207_11    -            371 219876at2            -            282     0.014   14.6   0.0   1   1   7.2e-05     0.023   13.8   0.0    39    68    26    51     8    62 0.81 # 19581 # 20693 # 1 # ID=207_11;partial=00;start_type=ATG;rbs_motif=AGGA;rbs_spacer=5-10bp;gc_cont=0.389
Ga0485799_0580_4     -            365 219876at2            -            282     0.016   14.3   0.0   1   1   9.9e-05     0.031   13.4   0.0    40    69    23    52    10    63 0.78 # 2562 # 3656 # 1 # ID=580_4;partial=00;start_type=GTG;rbs_motif=GGAG/GAGG;rbs_spacer=5-10bp;gc_cont=0.419
Ga0485799_0121_4     -            103 219876at2            -            282      0.02   14.0   0.2   1   1   8.4e-05     0.027   13.6   0.2    47    69    30    52    26    58 0.90 # 2413 # 2721 # 1 # ID=121_4;partial=00;start_type=ATG;rbs_motif=None;rbs_spacer=None;gc_cont=0.430
Ga0485799_0001_55    -            181 219876at2            -            282     0.023   13.8   0.1   1   2   0.00023     0.072   12.2   0.0    48    79     5    36     1    43 0.88 # 88140 # 88682 # -1 # ID=1_55;partial=00;start_type=ATG;rbs_motif=GGA/GAG/AGG;rbs_spacer=5-10bp;gc_cont=0.444
Ga0485799_0001_55    -            181 219876at2            -            282     0.023   13.8   0.1   2   2       2.3   7.2e+02   -0.9   0.0   195   218   148   167   101   176 0.60 # 88140 # 88682 # -1 # ID=1_55;partial=00;start_type=ATG;rbs_motif=GGA/GAG/AGG;rbs_spacer=5-10bp;gc_cont=0.444
Ga0485799_0225_6     -            417 219876at2            -            282     0.027   13.6   0.0   1   1   0.00014     0.045   12.9   0.0    45    80    15    50     5    59 0.90 # 5684 # 6934 # -1 # ID=225_6;partial=00;start_type=ATG;rbs_motif=None;rbs_spacer=None;gc_cont=0.416
Ga0485799_0394_7     -            358 219876at2            -            282      0.03   13.5   0.0   1   1   0.00023     0.074   12.2   0.0    40    72    17    47     6    53 0.83 # 5958 # 7031 # 1 # ID=394_7;partial=00;start_type=ATG;rbs_motif=GGA/GAG/AGG;rbs_spacer=5-10bp;gc_cont=0.476
Ga0485799_0311_15    -            544 219876at2            -            282     0.031   13.4   0.1   1   2    0.0058       1.8    7.6   0.0    38    70   115   147   109   156 0.80 # 13209 # 14840 # 1 # ID=311_15;partial=00;start_type=ATG;rbs_motif=None;rbs_spacer=None;gc_cont=0.430
Ga0485799_0311_15    -            544 219876at2            -            282     0.031   13.4   0.1   2   2      0.19        60    2.6   0.0    89   116   193   221   186   233 0.84 # 13209 # 14840 # 1 # ID=311_15;partial=00;start_type=ATG;rbs_motif=None;rbs_spacer=None;gc_cont=0.430
Ga0485799_0283_7     -            227 219876at2            -            282     0.033   13.4   0.0   1   1   0.00021     0.067   12.3   0.0    46    67    32    53    18    58 0.88 # 5996 # 6676 # -1 # ID=283_7;partial=00;start_type=ATG;rbs_motif=None;rbs_spacer=None;gc_cont=0.461
Ga0485799_0025_10    -            814 219876at2            -            282     0.034   13.3   0.0   1   1   0.00025      0.08   12.1   0.0     2    69   215   287   214   293 0.64 # 12965 # 15406 # 1 # ID=25_10;partial=00;start_type=ATG;rbs_motif=None;rbs_spacer=None;gc_cont=0.421
Ga0485799_0358_7     -            332 219876at2            -            282     0.037   13.2   0.0   1   2       4.8   1.5e+03   -2.0   0.0   205   226   149   170   118   178 0.54 # 6742 # 7737 # 1 # ID=358_7;partial=00;start_type=ATG;rbs_motif=None;rbs_spacer=None;gc_cont=0.429
Ga0485799_0358_7     -            332 219876at2            -            282     0.037   13.2   0.0   2   2   0.00037      0.12   11.5   0.0    16    65   218   265   204   273 0.86 # 6742 # 7737 # 1 # ID=358_7;partial=00;start_type=ATG;rbs_motif=None;rbs_spacer=None;gc_cont=0.429
Ga0485799_0151_6     -            354 219876at2            -            282     0.038   13.1   1.3   1   2     0.031        10    5.2   0.2   166   219   116   166    99   170 0.83 # 4678 # 5739 # -1 # ID=151_6;partial=00;start_type=ATG;rbs_motif=None;rbs_spacer=None;gc_cont=0.356
Ga0485799_0151_6     -            354 219876at2            -            282     0.038   13.1   1.3   2   2     0.011       3.5    6.7   0.0    50    67   197   214   176   221 0.85 # 4678 # 5739 # -1 # ID=151_6;partial=00;start_type=ATG;rbs_motif=None;rbs_spacer=None;gc_cont=0.356
Ga0485799_0532_1     -            650 219876at2            -            282     0.043   13.0   5.8   1   3     0.014       4.6    6.3   0.0    27    68    95   135    93   139 0.73 # 35 # 1984 # 1 # ID=532_1;partial=00;start_type=ATG;rbs_motif=None;rbs_spacer=None;gc_cont=0.306
Ga0485799_0532_1     -            650 219876at2            -            282     0.043   13.0   5.8   2   3      0.47   1.5e+02    1.3   0.1   146   228   251   324   236   330 0.73 # 35 # 1984 # 1 # ID=532_1;partial=00;start_type=ATG;rbs_motif=None;rbs_spacer=None;gc_cont=0.306
Ga0485799_0532_1     -            650 219876at2            -            282     0.043   13.0   5.8   3   3     0.023       7.3    5.6   0.1    40    81   388   426   381   438 0.81 # 35 # 1984 # 1 # ID=532_1;partial=00;start_type=ATG;rbs_motif=None;rbs_spacer=None;gc_cont=0.306
Ga0485799_0177_19    -            780 219876at2            -            282     0.043   13.0   0.1   1   2     0.001      0.32   10.1   0.0    50    70   208   228   197   240 0.85 # 22338 # 24677 # 1 # ID=177_19;partial=00;start_type=ATG;rbs_motif=None;rbs_spacer=None;gc_cont=0.361
Ga0485799_0177_19    -            780 219876at2            -            282     0.043   13.0   0.1   2   2         2   6.5e+02   -0.8   0.0   133   157   731   755   728   769 0.79 # 22338 # 24677 # 1 # ID=177_19;partial=00;start_type=ATG;rbs_motif=None;rbs_spacer=None;gc_cont=0.361
Ga0485799_0162_14    -            486 219876at2            -            282     0.045   12.9   0.0   1   1   0.00028     0.087   11.9   0.0    36    70   310   344   301   364 0.86 # 15979 # 17436 # 1 # ID=162_14;partial=00;start_type=ATG;rbs_motif=None;rbs_spacer=None;gc_cont=0.398
Ga0485799_0582_3     -            334 219876at2            -            282     0.048   12.8   0.0   1   1   0.00024     0.075   12.2   0.0    46    77    16    47     5    50 0.88 # 1685 # 2686 # -1 # ID=582_3;partial=00;start_type=ATG;rbs_motif=AGGAG;rbs_spacer=5-10bp;gc_cont=0.367
Ga0485799_0165_14    -            365 219876at2            -            282     0.053   12.6   0.1   1   1   0.00042      0.13   11.4   0.0    48    68    31    51    12    58 0.82 # 19907 # 21001 # -1 # ID=165_14;partial=00;start_type=ATG;rbs_motif=AGGA;rbs_spacer=5-10bp;gc_cont=0.406
Ga0485799_0102_15    -            639 219876at2            -            282     0.056   12.6   0.0   1   1   0.00034      0.11   11.6   0.0    50    88   190   230   185   239 0.81 # 14505 # 16421 # -1 # ID=102_15;partial=00;start_type=GTG;rbs_motif=GGAG/GAGG;rbs_spacer=5-10bp;gc_cont=0.465
Ga0485799_0078_1     -            232 219876at2            -            282      0.06   12.5   0.1   1   1   0.00028     0.088   11.9   0.1    44    71    24    51    12    58 0.76 # 513 # 1208 # 1 # ID=78_1;partial=00;start_type=ATG;rbs_motif=AGGAG(G)/GGAGG;rbs_spacer=13-15bp;gc_cont=0.484
Ga0485799_0101_23    -            619 219876at2            -            282      0.07   12.3   0.6   1   2       4.2   1.3e+03   -1.8   0.3   163   258    47   137    36   145 0.55 # 29487 # 31343 # 1 # ID=101_23;partial=00;start_type=ATG;rbs_motif=None;rbs_spacer=None;gc_cont=0.417
Ga0485799_0101_23    -            619 219876at2            -            282      0.07   12.3   0.6   2   2   0.00057      0.18   10.9   0.0    30    73   163   208   156   211 0.87 # 29487 # 31343 # 1 # ID=101_23;partial=00;start_type=ATG;rbs_motif=None;rbs_spacer=None;gc_cont=0.417
Ga0485799_0048_14    -            271 219876at2            -            282     0.071   12.2   0.0   1   1   0.00038      0.12   11.5   0.0    44    72    33    61    27    69 0.84 # 12197 # 13009 # -1 # ID=48_14;partial=00;start_type=ATG;rbs_motif=GGA/GAG/AGG;rbs_spacer=5-10bp;gc_cont=0.435
Ga0485799_0072_30    -            286 219876at2            -            282     0.071   12.2   0.0   1   1   0.00035      0.11   11.6   0.0    31    70    70   109    65   128 0.87 # 31189 # 32046 # 1 # ID=72_30;partial=00;start_type=ATG;rbs_motif=GGA/GAG/AGG;rbs_spacer=5-10bp;gc_cont=0.460
Ga0485799_0454_4     -             64 219876at2            -            282     0.078   12.1   0.0   1   1   0.00027     0.086   12.0   0.0    49    69    25    45    17    54 0.86 # 4024 # 4215 # -1 # ID=454_4;partial=00;start_type=ATG;rbs_motif=GGAGG;rbs_spacer=5-10bp;gc_cont=0.375
Ga0485799_0023_4     -            103 219876at2            -            282     0.089   11.9   0.1   1   1   0.00038      0.12   11.5   0.1    47    69    30    52    25    57 0.90 # 1353 # 1661 # -1 # ID=23_4;partial=00;start_type=ATG;rbs_motif=AGGAG/GGAGG;rbs_spacer=11-12bp;gc_cont=0.414
Ga0485799_0081_26    -             54 219876at2            -            282      0.12   11.5   0.0   1   1   0.00038      0.12   11.5   0.0    51    68    32    49     6    52 0.87 # 22100 # 22261 # 1 # ID=81_26;partial=00;start_type=ATG;rbs_motif=GGA/GAG/AGG;rbs_spacer=11-12bp;gc_cont=0.364
Ga0485799_0011_24    -            369 219876at2            -            282      0.13   11.4   0.0   1   1   0.00075      0.24   10.5   0.0    45    68    19    42     8    48 0.80 # 19937 # 21043 # 1 # ID=11_24;partial=00;start_type=GTG;rbs_motif=GGAG/GAGG;rbs_spacer=5-10bp;gc_cont=0.390
Ga0485799_0374_2     -            118 219876at2            -            282      0.14   11.2   0.5   1   1   0.00059      0.19   10.8   0.5    51   105     3    67     1    82 0.72 # 1092 # 1445 # -1 # ID=374_2;partial=00;start_type=ATG;rbs_motif=None;rbs_spacer=None;gc_cont=0.347
Ga0485799_0391_11    -             48 219876at2            -            282      0.17   11.0   0.0   1   1   0.00055      0.18   10.9   0.0    49    68    13    32     6    37 0.85 # 6276 # 6419 # -1 # ID=391_11;partial=00;start_type=ATG;rbs_motif=4Base/6BMM;rbs_spacer=13-15bp;gc_cont=0.417
Ga0485799_0459_4     -            360 219876at2            -            282      0.18   10.9   0.0   1   1    0.0012      0.37    9.9   0.0    48    74    31    57     8    70 0.80 # 1046 # 2125 # -1 # ID=459_4;partial=00;start_type=ATG;rbs_motif=None;rbs_spacer=None;gc_cont=0.401
Ga0485799_0170_7     -            360 219876at2            -            282      0.19   10.9   0.0   1   1    0.0012      0.38    9.9   0.0    48    74    31    57     8    69 0.80 # 6155 # 7234 # 1 # ID=170_7;partial=00;start_type=ATG;rbs_motif=None;rbs_spacer=None;gc_cont=0.389
Ga0485799_0011_55    -            807 219876at2            -            282      0.35   10.0   3.3   1   3       0.4   1.3e+02    1.6   0.6   134   218   164   244   136   252 0.85 # 45954 # 48374 # -1 # ID=11_55;partial=00;start_type=ATG;rbs_motif=GGAG/GAGG;rbs_spacer=5-10bp;gc_cont=0.443
Ga0485799_0011_55    -            807 219876at2            -            282      0.35   10.0   3.3   2   3    0.0065       2.1    7.4   0.0    38    73   341   376   329   382 0.83 # 45954 # 48374 # -1 # ID=11_55;partial=00;start_type=ATG;rbs_motif=GGAG/GAGG;rbs_spacer=5-10bp;gc_cont=0.443
Ga0485799_0011_55    -            807 219876at2            -            282      0.35   10.0   3.3   3   3       4.3   1.4e+03   -1.8   0.1   156   191   521   556   517   581 0.74 # 45954 # 48374 # -1 # ID=11_55;partial=00;start_type=ATG;rbs_motif=GGAG/GAGG;rbs_spacer=5-10bp;gc_cont=0.443
#
# Program:         hmmsearch
# Version:         3.1b2 (February 2015)
# Pipeline mode:   SEARCH
# Query file:      /home/mira/Bacteria2022/Thiomargarita_magnifica/qc_assembly/busco_article/busco_downloads/lineages/bacteria_odb10/hmms/219876at2.hmm
# Target file:     /home/mira/Bacteria2022/Thiomargarita_magnifica/qc_assembly/busco_article/busco_article/prodigal_output/predicted_genes/predicted.faa
# Option settings: hmmsearch --domtblout /home/mira/Bacteria2022/Thiomargarita_magnifica/qc_assembly/busco_article/busco_article/auto_lineage/run_bacteria_odb10/hmmer_output/219876at2.out --cpu 1 /home/mira/Bacteria2022/Thiomargarita_magnifica/qc_assembly/busco_article/busco_downloads/lineages/bacteria_odb10/hmms/219876at2.hmm /home/mira/Bacteria2022/Thiomargarita_magnifica/qc_assembly/busco_article/busco_article/prodigal_output/predicted_genes/predicted.faa 
# Current dir:     /home/mira/Bacteria2022/Thiomargarita_magnifica/qc_assembly/busco_article
# Date:            Wed Jul 13 13:05:06 2022
# [ok]
