#                                                                            --- full sequence --- -------------- this domain -------------   hmm coord   ali coord   env coord
# target name        accession   tlen query name           accession   qlen   E-value  score  bias   #  of  c-Evalue  i-Evalue  score  bias  from    to  from    to  from    to  acc description of target
#------------------- ---------- ----- -------------------- ---------- ----- --------- ------ ----- --- --- --------- --------- ------ ----- ----- ----- ----- ----- ----- ----- ---- ---------------------
Ga0485799_0059_24    -            587 226836at2            -            473  1.5e-184  613.4   0.0   1   1  4.2e-187  8.2e-184  611.0   0.0     1   473     2   580     2   580 0.83 # 40468 # 42228 # 1 # ID=59_24;partial=00;start_type=ATG;rbs_motif=AGGA;rbs_spacer=5-10bp;gc_cont=0.463
Ga0485799_0211_20    -            413 226836at2            -            473  1.4e-129  432.2   3.1   1   1  1.3e-132  2.5e-129  431.3   3.1   145   473     1   401     1   401 0.84 # 20836 # 22074 # -1 # ID=211_20;partial=01;start_type=Edge;rbs_motif=None;rbs_spacer=None;gc_cont=0.342
Ga0485799_0322_14    -            223 226836at2            -            473   4.9e-72  242.4   0.0   1   1     5e-75   9.7e-72  241.4   0.0     1   191     2   222     2   223 0.84 # 14054 # 14722 # 1 # ID=322_14;partial=01;start_type=TTG;rbs_motif=GGA/GAG/AGG;rbs_spacer=5-10bp;gc_cont=0.341
Ga0485799_0348_12    -            509 226836at2            -            473   6.9e-29  100.1   0.2   1   2   1.4e-18   2.7e-15   55.3   0.0    10   228    53   293    45   306 0.74 # 10577 # 12103 # 1 # ID=348_12;partial=00;start_type=TTG;rbs_motif=AGGA;rbs_spacer=5-10bp;gc_cont=0.299
Ga0485799_0348_12    -            509 226836at2            -            473   6.9e-29  100.1   0.2   2   2   8.5e-15   1.6e-11   42.8   0.0   365   452   400   491   333   504 0.73 # 10577 # 12103 # 1 # ID=348_12;partial=00;start_type=TTG;rbs_motif=AGGA;rbs_spacer=5-10bp;gc_cont=0.299
Ga0485799_0236_4     -            310 226836at2            -            473   1.9e-16   59.1   0.0   1   2   4.5e-08   8.8e-05   20.6   0.0   114   241    14   147    10   161 0.74 # 2846 # 3775 # -1 # ID=236_4;partial=00;start_type=ATG;rbs_motif=AGGA;rbs_spacer=5-10bp;gc_cont=0.459
Ga0485799_0236_4     -            310 226836at2            -            473   1.9e-16   59.1   0.0   2   2   6.5e-13   1.3e-09   36.6   0.0   363   451   215   307   181   309 0.77 # 2846 # 3775 # -1 # ID=236_4;partial=00;start_type=ATG;rbs_motif=AGGA;rbs_spacer=5-10bp;gc_cont=0.459
Ga0485799_0016_20    -           1518 226836at2            -            473    0.0033   15.5   0.1   1   1   2.9e-06    0.0057   14.7   0.1     9    75  1347  1417  1341  1429 0.84 # 19440 # 23993 # -1 # ID=16_20;partial=00;start_type=ATG;rbs_motif=None;rbs_spacer=None;gc_cont=0.454
Ga0485799_0723_4     -            406 226836at2            -            473    0.0047   14.9   0.1   1   2   0.00052         1    7.2   0.1   174   242   101   170    92   224 0.70 # 1759 # 2976 # 1 # ID=723_4;partial=00;start_type=ATG;rbs_motif=GGAG/GAGG;rbs_spacer=5-10bp;gc_cont=0.325
Ga0485799_0723_4     -            406 226836at2            -            473    0.0047   14.9   0.1   2   2    0.0014       2.7    5.8   0.0   408   447   286   325   214   345 0.76 # 1759 # 2976 # 1 # ID=723_4;partial=00;start_type=ATG;rbs_motif=GGAG/GAGG;rbs_spacer=5-10bp;gc_cont=0.325
Ga0485799_0458_8     -            105 226836at2            -            473     0.062   11.3   0.0   1   1     4e-05     0.077   10.9   0.0    14    49    41    76    33    98 0.84 # 6143 # 6457 # 1 # ID=458_8;partial=00;start_type=ATG;rbs_motif=GGAGG;rbs_spacer=5-10bp;gc_cont=0.359
#
# Program:         hmmsearch
# Version:         3.1b2 (February 2015)
# Pipeline mode:   SEARCH
# Query file:      /home/mira/Bacteria2022/Thiomargarita_magnifica/qc_assembly/busco_article/busco_downloads/lineages/bacteria_odb10/hmms/226836at2.hmm
# Target file:     /home/mira/Bacteria2022/Thiomargarita_magnifica/qc_assembly/busco_article/busco_article/prodigal_output/predicted_genes/predicted.faa
# Option settings: hmmsearch --domtblout /home/mira/Bacteria2022/Thiomargarita_magnifica/qc_assembly/busco_article/busco_article/auto_lineage/run_bacteria_odb10/hmmer_output/226836at2.out --cpu 1 /home/mira/Bacteria2022/Thiomargarita_magnifica/qc_assembly/busco_article/busco_downloads/lineages/bacteria_odb10/hmms/226836at2.hmm /home/mira/Bacteria2022/Thiomargarita_magnifica/qc_assembly/busco_article/busco_article/prodigal_output/predicted_genes/predicted.faa 
# Current dir:     /home/mira/Bacteria2022/Thiomargarita_magnifica/qc_assembly/busco_article
# Date:            Wed Jul 13 13:05:06 2022
# [ok]
