#                                                                            --- full sequence --- -------------- this domain -------------   hmm coord   ali coord   env coord
# target name        accession   tlen query name           accession   qlen   E-value  score  bias   #  of  c-Evalue  i-Evalue  score  bias  from    to  from    to  from    to  acc description of target
#------------------- ---------- ----- -------------------- ---------- ----- --------- ------ ----- --- --- --------- --------- ------ ----- ----- ----- ----- ----- ----- ----- ---- ---------------------
Ga0485799_0443_2     -            506 267682at2            -            304   1.2e-78  264.0   8.8   1   2   1.3e-14   1.9e-11   43.4   0.4     7    76    15   117     2   138 0.77 # 250 # 1767 # -1 # ID=443_2;partial=00;start_type=ATG;rbs_motif=AGGAG/GGAGG;rbs_spacer=11-12bp;gc_cont=0.443
Ga0485799_0443_2     -            506 267682at2            -            304   1.2e-78  264.0   8.8   2   2   7.4e-67     1e-63  215.0   2.8    83   295   162   444   135   452 0.82 # 250 # 1767 # -1 # ID=443_2;partial=00;start_type=ATG;rbs_motif=AGGAG/GGAGG;rbs_spacer=11-12bp;gc_cont=0.443
Ga0485799_0297_8     -            452 267682at2            -            304   2.5e-78  263.0   2.2   1   2    0.0026       3.7    6.3   0.1    10    29    18    37    11    60 0.78 # 5291 # 6646 # -1 # ID=297_8;partial=00;start_type=ATG;rbs_motif=AGGA;rbs_spacer=5-10bp;gc_cont=0.333
Ga0485799_0297_8     -            452 267682at2            -            304   2.5e-78  263.0   2.2   2   2   2.3e-74   3.2e-71  239.7   0.4    32   302    65   439    56   441 0.80 # 5291 # 6646 # -1 # ID=297_8;partial=00;start_type=ATG;rbs_motif=AGGA;rbs_spacer=5-10bp;gc_cont=0.333
Ga0485799_2164_1     -            129 267682at2            -            304   2.2e-08   33.3   0.3   1   2    0.0004      0.56    9.0   0.1    10    29    18    37    10    61 0.77 # 122 # 508 # 1 # ID=2164_1;partial=01;start_type=ATG;rbs_motif=AGGA;rbs_spacer=5-10bp;gc_cont=0.344
Ga0485799_2164_1     -            129 267682at2            -            304   2.2e-08   33.3   0.3   2   2   2.5e-08   3.5e-05   22.8   0.0    32    73    65   117    60   125 0.78 # 122 # 508 # 1 # ID=2164_1;partial=01;start_type=ATG;rbs_motif=AGGA;rbs_spacer=5-10bp;gc_cont=0.344
Ga0485799_0011_15    -            668 267682at2            -            304   5.3e-05   22.2   0.0   1   1   3.2e-07   0.00045   19.2   0.0    12   122    24   166    16   177 0.75 # 12083 # 14086 # -1 # ID=11_15;partial=00;start_type=ATG;rbs_motif=GGA/GAG/AGG;rbs_spacer=5-10bp;gc_cont=0.385
Ga0485799_0365_6     -            612 267682at2            -            304   0.00065   18.6   0.1   1   3      0.13   1.8e+02    0.8   0.0     7    29    15    37    11    44 0.85 # 8261 # 10096 # 1 # ID=365_6;partial=00;start_type=ATG;rbs_motif=AGGA;rbs_spacer=5-10bp;gc_cont=0.456
Ga0485799_0365_6     -            612 267682at2            -            304   0.00065   18.6   0.1   2   3   1.8e-05     0.026   13.4   0.1    30   141    63   196    47   203 0.79 # 8261 # 10096 # 1 # ID=365_6;partial=00;start_type=ATG;rbs_motif=AGGA;rbs_spacer=5-10bp;gc_cont=0.456
Ga0485799_0365_6     -            612 267682at2            -            304   0.00065   18.6   0.1   3   3       0.9   1.3e+03   -2.0   0.0   161   188   364   390   355   394 0.80 # 8261 # 10096 # 1 # ID=365_6;partial=00;start_type=ATG;rbs_motif=AGGA;rbs_spacer=5-10bp;gc_cont=0.456
Ga0485799_0097_35    -            231 267682at2            -            304    0.0014   17.5   0.0   1   1   1.5e-06    0.0022   16.9   0.0   221   259   141   179   130   183 0.90 # 33442 # 34134 # -1 # ID=97_35;partial=00;start_type=ATG;rbs_motif=None;rbs_spacer=None;gc_cont=0.459
Ga0485799_0046_37    -            215 267682at2            -            304      0.01   14.7   0.1   1   1   1.1e-05     0.015   14.1   0.1   227   261   119   153   111   180 0.92 # 47368 # 48012 # 1 # ID=46_37;partial=00;start_type=ATG;rbs_motif=GGA/GAG/AGG;rbs_spacer=5-10bp;gc_cont=0.450
Ga0485799_0515_10    -            604 267682at2            -            304     0.013   14.4   0.0   1   2      0.03        43    2.8   0.0     9    29    17    37    12    59 0.85 # 5753 # 7564 # -1 # ID=515_10;partial=00;start_type=ATG;rbs_motif=GGA/GAG/AGG;rbs_spacer=5-10bp;gc_cont=0.332
Ga0485799_0515_10    -            604 267682at2            -            304     0.013   14.4   0.0   2   2   0.00038      0.54    9.1   0.0    36    73    72   116    51   138 0.81 # 5753 # 7564 # -1 # ID=515_10;partial=00;start_type=ATG;rbs_motif=GGA/GAG/AGG;rbs_spacer=5-10bp;gc_cont=0.332
Ga0485799_0267_9     -            181 267682at2            -            304      0.02   13.8   0.0   1   1   0.00039      0.55    9.0   0.0    53    79    42    68     1   164 0.63 # 6322 # 6864 # -1 # ID=267_9;partial=00;start_type=TTG;rbs_motif=None;rbs_spacer=None;gc_cont=0.414
Ga0485799_0101_24    -            228 267682at2            -            304     0.029   13.2   0.0   1   1   2.7e-05     0.038   12.8   0.0   199   261   159   221   141   226 0.79 # 31406 # 32089 # -1 # ID=101_24;partial=00;start_type=ATG;rbs_motif=AGGA/GGAG/GAGG;rbs_spacer=11-12bp;gc_cont=0.437
Ga0485799_0001_144   -            609 267682at2            -            304     0.087   11.7   0.0   1   1   0.00028      0.39    9.5   0.0    14    74    24    88    15   171 0.66 # 173058 # 174884 # 1 # ID=1_144;partial=00;start_type=ATG;rbs_motif=AGGA;rbs_spacer=5-10bp;gc_cont=0.430
#
# Program:         hmmsearch
# Version:         3.1b2 (February 2015)
# Pipeline mode:   SEARCH
# Query file:      /home/mira/Bacteria2022/Thiomargarita_magnifica/qc_assembly/busco_article/busco_downloads/lineages/bacteria_odb10/hmms/267682at2.hmm
# Target file:     /home/mira/Bacteria2022/Thiomargarita_magnifica/qc_assembly/busco_article/busco_article/prodigal_output/predicted_genes/predicted.faa
# Option settings: hmmsearch --domtblout /home/mira/Bacteria2022/Thiomargarita_magnifica/qc_assembly/busco_article/busco_article/auto_lineage/run_bacteria_odb10/hmmer_output/267682at2.out --cpu 1 /home/mira/Bacteria2022/Thiomargarita_magnifica/qc_assembly/busco_article/busco_downloads/lineages/bacteria_odb10/hmms/267682at2.hmm /home/mira/Bacteria2022/Thiomargarita_magnifica/qc_assembly/busco_article/busco_article/prodigal_output/predicted_genes/predicted.faa 
# Current dir:     /home/mira/Bacteria2022/Thiomargarita_magnifica/qc_assembly/busco_article
# Date:            Wed Jul 13 13:05:06 2022
# [ok]
