#                                                                            --- full sequence --- -------------- this domain -------------   hmm coord   ali coord   env coord
# target name        accession   tlen query name           accession   qlen   E-value  score  bias   #  of  c-Evalue  i-Evalue  score  bias  from    to  from    to  from    to  acc description of target
#------------------- ---------- ----- -------------------- ---------- ----- --------- ------ ----- --- --- --------- --------- ------ ----- ----- ----- ----- ----- ----- ----- ---- ---------------------
Ga0485799_0126_19    -            494 384865at2            -            217   9.7e-52  175.3   7.7   1   3       0.5   3.9e+03   -3.2   0.1     4    35     9    42     7    52 0.67 # 19681 # 21162 # -1 # ID=126_19;partial=00;start_type=ATG;rbs_motif=GGA/GAG/AGG;rbs_spacer=5-10bp;gc_cont=0.464
Ga0485799_0126_19    -            494 384865at2            -            217   9.7e-52  175.3   7.7   2   3   5.2e-10   4.1e-06   26.1   1.3    35    75   103   147    94   166 0.81 # 19681 # 21162 # -1 # ID=126_19;partial=00;start_type=ATG;rbs_motif=GGA/GAG/AGG;rbs_spacer=5-10bp;gc_cont=0.464
Ga0485799_0126_19    -            494 384865at2            -            217   9.7e-52  175.3   7.7   3   3   4.7e-48   3.6e-44  150.5   0.1    72   217   170   345   166   345 0.88 # 19681 # 21162 # -1 # ID=126_19;partial=00;start_type=ATG;rbs_motif=GGA/GAG/AGG;rbs_spacer=5-10bp;gc_cont=0.464
Ga0485799_0419_12    -            392 384865at2            -            217   1.8e-28   99.2  15.0   1   4      0.26     2e+03   -2.3   0.3    13    52    19    61     5    88 0.53 # 9806 # 10981 # -1 # ID=419_12;partial=00;start_type=ATG;rbs_motif=AGGA;rbs_spacer=5-10bp;gc_cont=0.298
Ga0485799_0419_12    -            392 384865at2            -            217   1.8e-28   99.2  15.0   2   4    0.0099        77    2.4   0.1    34    87   115   168   108   184 0.80 # 9806 # 10981 # -1 # ID=419_12;partial=00;start_type=ATG;rbs_motif=AGGA;rbs_spacer=5-10bp;gc_cont=0.298
Ga0485799_0419_12    -            392 384865at2            -            217   1.8e-28   99.2  15.0   3   4   2.9e-30   2.2e-26   92.4   2.5    77   189   188   316   179   327 0.84 # 9806 # 10981 # -1 # ID=419_12;partial=00;start_type=ATG;rbs_motif=AGGA;rbs_spacer=5-10bp;gc_cont=0.298
Ga0485799_0419_12    -            392 384865at2            -            217   1.8e-28   99.2  15.0   4   4   8.8e-06     0.069   12.3   0.1   188   214   334   361   324   364 0.82 # 9806 # 10981 # -1 # ID=419_12;partial=00;start_type=ATG;rbs_motif=AGGA;rbs_spacer=5-10bp;gc_cont=0.298
#
# Program:         hmmsearch
# Version:         3.1b2 (February 2015)
# Pipeline mode:   SEARCH
# Query file:      /home/mira/Bacteria2022/Thiomargarita_magnifica/qc_assembly/busco_article/busco_downloads/lineages/bacteria_odb10/hmms/384865at2.hmm
# Target file:     /home/mira/Bacteria2022/Thiomargarita_magnifica/qc_assembly/busco_article/busco_article/prodigal_output/predicted_genes/predicted.faa
# Option settings: hmmsearch --domtblout /home/mira/Bacteria2022/Thiomargarita_magnifica/qc_assembly/busco_article/busco_article/auto_lineage/run_bacteria_odb10/hmmer_output/384865at2.out --cpu 1 /home/mira/Bacteria2022/Thiomargarita_magnifica/qc_assembly/busco_article/busco_downloads/lineages/bacteria_odb10/hmms/384865at2.hmm /home/mira/Bacteria2022/Thiomargarita_magnifica/qc_assembly/busco_article/busco_article/prodigal_output/predicted_genes/predicted.faa 
# Current dir:     /home/mira/Bacteria2022/Thiomargarita_magnifica/qc_assembly/busco_article
# Date:            Wed Jul 13 13:05:06 2022
# [ok]
