#                                                                            --- full sequence --- -------------- this domain -------------   hmm coord   ali coord   env coord
# target name        accession   tlen query name           accession   qlen   E-value  score  bias   #  of  c-Evalue  i-Evalue  score  bias  from    to  from    to  from    to  acc description of target
#------------------- ---------- ----- -------------------- ---------- ----- --------- ------ ----- --- --- --------- --------- ------ ----- ----- ----- ----- ----- ----- ----- ---- ---------------------
Ga0485799_0042_1     -            339 469058at2            -            299  1.1e-130  434.9   0.0   1   1  4.8e-134  1.5e-130  434.5   0.0     7   299    18   337    11   337 0.93 # 706 # 1722 # 1 # ID=42_1;partial=00;start_type=ATG;rbs_motif=None;rbs_spacer=None;gc_cont=0.480
Ga0485799_0309_7     -            332 469058at2            -            299  8.6e-109  363.1   0.3   1   1  3.8e-112  1.2e-108  362.6   0.3     8   299    13   330     7   330 0.93 # 4509 # 5504 # 1 # ID=309_7;partial=00;start_type=TTG;rbs_motif=AGGAG;rbs_spacer=5-10bp;gc_cont=0.320
Ga0485799_0015_55    -            108 469058at2            -            299     0.014   14.3   0.1   1   1   5.2e-06     0.016   14.1   0.1    36   131    10   103     2   106 0.90 # 54667 # 54990 # 1 # ID=15_55;partial=00;start_type=GTG;rbs_motif=None;rbs_spacer=None;gc_cont=0.367
Ga0485799_0348_12    -            509 469058at2            -            299     0.065   12.2   0.6   1   2   0.00015      0.47    9.4   0.1   164   212   248   294   144   306 0.86 # 10577 # 12103 # 1 # ID=348_12;partial=00;start_type=TTG;rbs_motif=AGGA;rbs_spacer=5-10bp;gc_cont=0.299
Ga0485799_0348_12    -            509 469058at2            -            299     0.065   12.2   0.6   2   2     0.095   2.9e+02    0.2   0.1   269   288   465   484   458   487 0.85 # 10577 # 12103 # 1 # ID=348_12;partial=00;start_type=TTG;rbs_motif=AGGA;rbs_spacer=5-10bp;gc_cont=0.299
Ga0485799_0059_24    -            587 469058at2            -            299      0.12   11.3   0.4   1   2   0.00039       1.2    8.0   0.1   132   214   180   264   176   273 0.81 # 40468 # 42228 # 1 # ID=59_24;partial=00;start_type=ATG;rbs_motif=AGGA;rbs_spacer=5-10bp;gc_cont=0.463
Ga0485799_0059_24    -            587 469058at2            -            299      0.12   11.3   0.4   2   2      0.07   2.2e+02    0.6   0.0   267   289   533   553   528   555 0.84 # 40468 # 42228 # 1 # ID=59_24;partial=00;start_type=ATG;rbs_motif=AGGA;rbs_spacer=5-10bp;gc_cont=0.463
#
# Program:         hmmsearch
# Version:         3.1b2 (February 2015)
# Pipeline mode:   SEARCH
# Query file:      /home/mira/Bacteria2022/Thiomargarita_magnifica/qc_assembly/busco_article/busco_downloads/lineages/bacteria_odb10/hmms/469058at2.hmm
# Target file:     /home/mira/Bacteria2022/Thiomargarita_magnifica/qc_assembly/busco_article/busco_article/prodigal_output/predicted_genes/predicted.faa
# Option settings: hmmsearch --domtblout /home/mira/Bacteria2022/Thiomargarita_magnifica/qc_assembly/busco_article/busco_article/auto_lineage/run_bacteria_odb10/hmmer_output/469058at2.out --cpu 1 /home/mira/Bacteria2022/Thiomargarita_magnifica/qc_assembly/busco_article/busco_downloads/lineages/bacteria_odb10/hmms/469058at2.hmm /home/mira/Bacteria2022/Thiomargarita_magnifica/qc_assembly/busco_article/busco_article/prodigal_output/predicted_genes/predicted.faa 
# Current dir:     /home/mira/Bacteria2022/Thiomargarita_magnifica/qc_assembly/busco_article
# Date:            Wed Jul 13 13:05:06 2022
# [ok]
