#                                                                            --- full sequence --- -------------- this domain -------------   hmm coord   ali coord   env coord
# target name        accession   tlen query name           accession   qlen   E-value  score  bias   #  of  c-Evalue  i-Evalue  score  bias  from    to  from    to  from    to  acc description of target
#------------------- ---------- ----- -------------------- ---------- ----- --------- ------ ----- --- --- --------- --------- ------ ----- ----- ----- ----- ----- ----- ----- ---- ---------------------
Ga0485799_0073_38    -            516 505485at2            -            234     5e-65  219.3  16.3   1   3   6.8e-22   1.3e-18   67.3   0.5     2    60   118   187   117   199 0.85 # 39685 # 41232 # -1 # ID=73_38;partial=00;start_type=ATG;rbs_motif=AGxAG;rbs_spacer=11-12bp;gc_cont=0.477
Ga0485799_0073_38    -            516 505485at2            -            234     5e-65  219.3  16.3   2   3   5.1e-32   9.9e-29  100.5   2.8    49   149   198   326   195   329 0.84 # 39685 # 41232 # -1 # ID=73_38;partial=00;start_type=ATG;rbs_motif=AGxAG;rbs_spacer=11-12bp;gc_cont=0.477
Ga0485799_0073_38    -            516 505485at2            -            234     5e-65  219.3  16.3   3   3   3.4e-18   6.5e-15   55.2   0.8   148   234   344   471   338   471 0.82 # 39685 # 41232 # -1 # ID=73_38;partial=00;start_type=ATG;rbs_motif=AGxAG;rbs_spacer=11-12bp;gc_cont=0.477
Ga0485799_1876_1     -            206 505485at2            -            234   6.6e-35  120.7   1.7   1   1   3.7e-35   7.2e-32  110.7   1.7    64   199     2   206     1   206 0.76 # 3 # 620 # -1 # ID=1876_1;partial=11;start_type=Edge;rbs_motif=None;rbs_spacer=None;gc_cont=0.333
Ga0485799_1565_1     -            168 505485at2            -            234   6.7e-19   68.3   0.5   1   1   6.7e-22   1.3e-18   67.3   0.5     4    69    76   151    73   160 0.85 # 2 # 505 # -1 # ID=1565_1;partial=10;start_type=ATG;rbs_motif=AGGA;rbs_spacer=5-10bp;gc_cont=0.323
Ga0485799_1125_1     -             72 505485at2            -            234     0.026   14.0   0.0   1   1   1.6e-05     0.032   13.7   0.0   205   233    13    46     6    47 0.87 # 3 # 218 # 1 # ID=1125_1;partial=10;start_type=Edge;rbs_motif=None;rbs_spacer=None;gc_cont=0.333
Ga0485799_0528_8     -            632 505485at2            -            234      0.03   13.8   0.0   1   2     0.056   1.1e+02    2.1   0.0    20    45    15    40    12    48 0.82 # 4369 # 6264 # 1 # ID=528_8;partial=00;start_type=ATG;rbs_motif=AGGA;rbs_spacer=5-10bp;gc_cont=0.444
Ga0485799_0528_8     -            632 505485at2            -            234      0.03   13.8   0.0   2   2   0.00042      0.81    9.1   0.0    20    53   334   367   329   380 0.88 # 4369 # 6264 # 1 # ID=528_8;partial=00;start_type=ATG;rbs_motif=AGGA;rbs_spacer=5-10bp;gc_cont=0.444
Ga0485799_0029_51    -            594 505485at2            -            234     0.038   13.4   0.0   1   1   3.3e-05     0.064   12.7   0.0     7    38   293   323   287   325 0.78 # 51963 # 53744 # 1 # ID=29_51;partial=00;start_type=ATG;rbs_motif=AGGAG;rbs_spacer=5-10bp;gc_cont=0.440
Ga0485799_0112_1     -            123 505485at2            -            234     0.077   12.5   0.0   1   1   4.9e-05     0.095   12.2   0.0    19    49    27    57    19    93 0.82 # 388 # 756 # -1 # ID=112_1;partial=00;start_type=ATG;rbs_motif=None;rbs_spacer=None;gc_cont=0.317
Ga0485799_0106_17    -            535 505485at2            -            234      0.13   11.7   1.8   1   3    0.0065        13    5.2   0.1    17    36    28    47    22    78 0.90 # 18972 # 20576 # -1 # ID=106_17;partial=00;start_type=ATG;rbs_motif=GGA/GAG/AGG;rbs_spacer=5-10bp;gc_cont=0.512
Ga0485799_0106_17    -            535 505485at2            -            234      0.13   11.7   1.8   2   3     0.012        23    4.4   0.1    15    37   304   326   293   332 0.85 # 18972 # 20576 # -1 # ID=106_17;partial=00;start_type=ATG;rbs_motif=GGA/GAG/AGG;rbs_spacer=5-10bp;gc_cont=0.512
Ga0485799_0106_17    -            535 505485at2            -            234      0.13   11.7   1.8   3   3      0.61   1.2e+03   -1.2   0.0   189   218   470   499   449   504 0.82 # 18972 # 20576 # -1 # ID=106_17;partial=00;start_type=ATG;rbs_motif=GGA/GAG/AGG;rbs_spacer=5-10bp;gc_cont=0.512
#
# Program:         hmmsearch
# Version:         3.1b2 (February 2015)
# Pipeline mode:   SEARCH
# Query file:      /home/mira/Bacteria2022/Thiomargarita_magnifica/qc_assembly/busco_article/busco_downloads/lineages/bacteria_odb10/hmms/505485at2.hmm
# Target file:     /home/mira/Bacteria2022/Thiomargarita_magnifica/qc_assembly/busco_article/busco_article/prodigal_output/predicted_genes/predicted.faa
# Option settings: hmmsearch --domtblout /home/mira/Bacteria2022/Thiomargarita_magnifica/qc_assembly/busco_article/busco_article/auto_lineage/run_bacteria_odb10/hmmer_output/505485at2.out --cpu 1 /home/mira/Bacteria2022/Thiomargarita_magnifica/qc_assembly/busco_article/busco_downloads/lineages/bacteria_odb10/hmms/505485at2.hmm /home/mira/Bacteria2022/Thiomargarita_magnifica/qc_assembly/busco_article/busco_article/prodigal_output/predicted_genes/predicted.faa 
# Current dir:     /home/mira/Bacteria2022/Thiomargarita_magnifica/qc_assembly/busco_article
# Date:            Wed Jul 13 13:05:07 2022
# [ok]
