#                                                                            --- full sequence --- -------------- this domain -------------   hmm coord   ali coord   env coord
# target name        accession   tlen query name           accession   qlen   E-value  score  bias   #  of  c-Evalue  i-Evalue  score  bias  from    to  from    to  from    to  acc description of target
#------------------- ---------- ----- -------------------- ---------- ----- --------- ------ ----- --- --- --------- --------- ------ ----- ----- ----- ----- ----- ----- ----- ---- ---------------------
Ga0485799_0254_12    -            570 665824at2            -            547  2.4e-243  808.7   0.0   1   1  1.7e-246  2.6e-243  808.6   0.0     1   542     1   566     1   569 0.97 # 11049 # 12758 # -1 # ID=254_12;partial=00;start_type=ATG;rbs_motif=GGA/GAG/AGG;rbs_spacer=5-10bp;gc_cont=0.478
Ga0485799_0562_6     -            567 665824at2            -            547  5.5e-201  668.9   1.8   1   1  4.3e-204  6.7e-201  668.6   1.8     1   539     1   562     1   565 0.96 # 5386 # 7086 # 1 # ID=562_6;partial=00;start_type=ATG;rbs_motif=AGGA;rbs_spacer=5-10bp;gc_cont=0.335
Ga0485799_0281_12    -            637 665824at2            -            547   3.5e-38  131.5   0.0   1   2   9.1e-26   1.4e-22   80.0   0.0    32   196   256   419   230   432 0.88 # 10839 # 12749 # 1 # ID=281_12;partial=00;start_type=ATG;rbs_motif=None;rbs_spacer=None;gc_cont=0.450
Ga0485799_0281_12    -            637 665824at2            -            547   3.5e-38  131.5   0.0   2   2   1.7e-16   2.7e-13   49.4   0.0   402   533   493   620   482   633 0.88 # 10839 # 12749 # 1 # ID=281_12;partial=00;start_type=ATG;rbs_motif=None;rbs_spacer=None;gc_cont=0.450
Ga0485799_0423_3     -            659 665824at2            -            547   2.5e-32  112.2   0.2   1   2   8.6e-21   1.3e-17   63.6   0.3    34   195   261   422   227   436 0.88 # 834 # 2810 # 1 # ID=423_3;partial=00;start_type=ATG;rbs_motif=None;rbs_spacer=None;gc_cont=0.452
Ga0485799_0423_3     -            659 665824at2            -            547   2.5e-32  112.2   0.2   2   2   1.4e-15   2.1e-12   46.4   0.0   400   542   495   632   478   638 0.86 # 834 # 2810 # 1 # ID=423_3;partial=00;start_type=ATG;rbs_motif=None;rbs_spacer=None;gc_cont=0.452
Ga0485799_0749_3     -            610 665824at2            -            547   6.4e-32  110.8   0.3   1   2     7e-21   1.1e-17   63.9   0.0    34   171   223   368   196   425 0.86 # 1162 # 2991 # -1 # ID=749_3;partial=00;start_type=TTG;rbs_motif=AGGA;rbs_spacer=5-10bp;gc_cont=0.338
Ga0485799_0749_3     -            610 665824at2            -            547   6.4e-32  110.8   0.3   2   2   3.4e-15   5.4e-12   45.1   0.0   393   534   456   593   443   606 0.82 # 1162 # 2991 # -1 # ID=749_3;partial=00;start_type=TTG;rbs_motif=AGGA;rbs_spacer=5-10bp;gc_cont=0.338
Ga0485799_0379_2     -            416 665824at2            -            547   2.2e-10   39.8   0.0   1   3      0.38   5.8e+02   -1.3   0.0   291   389    75   159    40   167 0.62 # 1346 # 2593 # -1 # ID=379_2;partial=00;start_type=ATG;rbs_motif=GGA/GAG/AGG;rbs_spacer=11-12bp;gc_cont=0.336
Ga0485799_0379_2     -            416 665824at2            -            547   2.2e-10   39.8   0.0   2   3   2.2e-11   3.4e-08   32.5   0.0    50   203   174   327   138   333 0.86 # 1346 # 2593 # -1 # ID=379_2;partial=00;start_type=ATG;rbs_motif=GGA/GAG/AGG;rbs_spacer=11-12bp;gc_cont=0.336
Ga0485799_0379_2     -            416 665824at2            -            547   2.2e-10   39.8   0.0   3   3    0.0082        13    4.2   0.0   402   443   361   404   353   410 0.77 # 1346 # 2593 # -1 # ID=379_2;partial=00;start_type=ATG;rbs_motif=GGA/GAG/AGG;rbs_spacer=11-12bp;gc_cont=0.336
Ga0485799_0156_26    -            424 665824at2            -            547   2.4e-10   39.6   0.0   1   2   1.3e-10     2e-07   30.0   0.0    34   109     7    84     5   103 0.92 # 24866 # 26137 # 1 # ID=156_26;partial=00;start_type=ATG;rbs_motif=None;rbs_spacer=None;gc_cont=0.471
Ga0485799_0156_26    -            424 665824at2            -            547   2.4e-10   39.6   0.0   2   2    0.0008       1.2    7.6   0.0   452   536   327   410   319   422 0.72 # 24866 # 26137 # 1 # ID=156_26;partial=00;start_type=ATG;rbs_motif=None;rbs_spacer=None;gc_cont=0.471
Ga0485799_0302_7     -            425 665824at2            -            547   5.1e-09   35.3   0.0   1   2   1.4e-11   2.2e-08   33.2   0.0    53   210   177   334   173   374 0.87 # 4669 # 5943 # -1 # ID=302_7;partial=00;start_type=ATG;rbs_motif=None;rbs_spacer=None;gc_cont=0.455
Ga0485799_0302_7     -            425 665824at2            -            547   5.1e-09   35.3   0.0   2   2      0.25   3.8e+02   -0.6   0.0   421   444   384   407   348   412 0.73 # 4669 # 5943 # -1 # ID=302_7;partial=00;start_type=ATG;rbs_motif=None;rbs_spacer=None;gc_cont=0.455
Ga0485799_2084_1     -            176 665824at2            -            547   1.5e-08   33.7   0.1   1   1   9.5e-12   1.5e-08   33.7   0.1   103   193    22   112     1   150 0.73 # 3 # 530 # -1 # ID=2084_1;partial=11;start_type=Edge;rbs_motif=None;rbs_spacer=None;gc_cont=0.320
Ga0485799_0723_4     -            406 665824at2            -            547    0.0082   14.8   0.2   1   3    0.0056       8.7    4.8   0.0    64   111    37    86    28    97 0.81 # 1759 # 2976 # 1 # ID=723_4;partial=00;start_type=ATG;rbs_motif=GGAG/GAGG;rbs_spacer=5-10bp;gc_cont=0.325
Ga0485799_0723_4     -            406 665824at2            -            547    0.0082   14.8   0.2   2   3       1.7   2.6e+03   -3.4   0.0   461   486   228   253   224   257 0.84 # 1759 # 2976 # 1 # ID=723_4;partial=00;start_type=ATG;rbs_motif=GGAG/GAGG;rbs_spacer=5-10bp;gc_cont=0.325
Ga0485799_0723_4     -            406 665824at2            -            547    0.0082   14.8   0.2   3   3   0.00084       1.3    7.5   0.1   476   532   344   400   323   404 0.82 # 1759 # 2976 # 1 # ID=723_4;partial=00;start_type=ATG;rbs_motif=GGAG/GAGG;rbs_spacer=5-10bp;gc_cont=0.325
#
# Program:         hmmsearch
# Version:         3.1b2 (February 2015)
# Pipeline mode:   SEARCH
# Query file:      /home/mira/Bacteria2022/Thiomargarita_magnifica/qc_assembly/busco_article/busco_downloads/lineages/bacteria_odb10/hmms/665824at2.hmm
# Target file:     /home/mira/Bacteria2022/Thiomargarita_magnifica/qc_assembly/busco_article/busco_article/prodigal_output/predicted_genes/predicted.faa
# Option settings: hmmsearch --domtblout /home/mira/Bacteria2022/Thiomargarita_magnifica/qc_assembly/busco_article/busco_article/auto_lineage/run_bacteria_odb10/hmmer_output/665824at2.out --cpu 1 /home/mira/Bacteria2022/Thiomargarita_magnifica/qc_assembly/busco_article/busco_downloads/lineages/bacteria_odb10/hmms/665824at2.hmm /home/mira/Bacteria2022/Thiomargarita_magnifica/qc_assembly/busco_article/busco_article/prodigal_output/predicted_genes/predicted.faa 
# Current dir:     /home/mira/Bacteria2022/Thiomargarita_magnifica/qc_assembly/busco_article
# Date:            Wed Jul 13 13:05:06 2022
# [ok]
