#                                                                            --- full sequence --- -------------- this domain -------------   hmm coord   ali coord   env coord
# target name        accession   tlen query name           accession   qlen   E-value  score  bias   #  of  c-Evalue  i-Evalue  score  bias  from    to  from    to  from    to  acc description of target
#------------------- ---------- ----- -------------------- ---------- ----- --------- ------ ----- --- --- --------- --------- ------ ----- ----- ----- ----- ----- ----- ----- ---- ---------------------
Ga0485799_0011_51    -            671 761140at2            -            323   6.8e-54  183.2   5.4   1   3   8.7e-25   1.7e-21   76.8   0.3     1   116     6   155     6   160 0.75 # 38711 # 40723 # -1 # ID=11_51;partial=00;start_type=ATG;rbs_motif=None;rbs_spacer=None;gc_cont=0.449
Ga0485799_0011_51    -            671 761140at2            -            323   6.8e-54  183.2   5.4   2   3   8.6e-25   1.7e-21   76.8   0.3   135   258   226   408   207   428 0.76 # 38711 # 40723 # -1 # ID=11_51;partial=00;start_type=ATG;rbs_motif=None;rbs_spacer=None;gc_cont=0.449
Ga0485799_0011_51    -            671 761140at2            -            323   6.8e-54  183.2   5.4   3   3   2.6e-08   5.1e-05   22.6   0.0   251   311   434   503   422   509 0.82 # 38711 # 40723 # -1 # ID=11_51;partial=00;start_type=ATG;rbs_motif=None;rbs_spacer=None;gc_cont=0.449
Ga0485799_0929_2     -            649 761140at2            -            323   3.1e-45  154.8  14.1   1   3   1.5e-23   2.9e-20   72.7   2.7     1   105     6   120     6   145 0.82 # 428 # 2374 # 1 # ID=929_2;partial=00;start_type=ATG;rbs_motif=AGGA;rbs_spacer=5-10bp;gc_cont=0.333
Ga0485799_0929_2     -            649 761140at2            -            323   3.1e-45  154.8  14.1   2   3   3.2e-24   6.3e-21   74.9   0.2   124   253   190   372   176   379 0.78 # 428 # 2374 # 1 # ID=929_2;partial=00;start_type=ATG;rbs_motif=AGGA;rbs_spacer=5-10bp;gc_cont=0.333
Ga0485799_0929_2     -            649 761140at2            -            323   3.1e-45  154.8  14.1   3   3     9e-05      0.17   11.0   0.4   250   309   405   472   381   483 0.75 # 428 # 2374 # 1 # ID=929_2;partial=00;start_type=ATG;rbs_motif=AGGA;rbs_spacer=5-10bp;gc_cont=0.333
Ga0485799_0103_22    -            810 761140at2            -            323   8.6e-10   38.3   2.3   1   4   6.1e-10   1.2e-06   28.0   0.0     2    66    34   103    33   110 0.83 # 20448 # 22877 # -1 # ID=103_22;partial=00;start_type=ATG;rbs_motif=None;rbs_spacer=None;gc_cont=0.487
Ga0485799_0103_22    -            810 761140at2            -            323   8.6e-10   38.3   2.3   2   4     0.011        22    4.1   0.0   112   151   391   432   384   436 0.85 # 20448 # 22877 # -1 # ID=103_22;partial=00;start_type=ATG;rbs_motif=None;rbs_spacer=None;gc_cont=0.487
Ga0485799_0103_22    -            810 761140at2            -            323   8.6e-10   38.3   2.3   3   4      0.89   1.7e+03   -2.1   0.2   205   215   573   583   573   584 0.87 # 20448 # 22877 # -1 # ID=103_22;partial=00;start_type=ATG;rbs_motif=None;rbs_spacer=None;gc_cont=0.487
Ga0485799_0103_22    -            810 761140at2            -            323   8.6e-10   38.3   2.3   4   4      0.02        39    3.3   0.1   253   309   675   721   632   725 0.74 # 20448 # 22877 # -1 # ID=103_22;partial=00;start_type=ATG;rbs_motif=None;rbs_spacer=None;gc_cont=0.487
Ga0485799_0604_4     -            912 761140at2            -            323   9.7e-10   38.1   0.2   1   4     3e-10   5.7e-07   29.0   0.0     4    62    51   114    48   119 0.87 # 1167 # 3902 # -1 # ID=604_4;partial=00;start_type=ATG;rbs_motif=GGA/GAG/AGG;rbs_spacer=5-10bp;gc_cont=0.325
Ga0485799_0604_4     -            912 761140at2            -            323   9.7e-10   38.1   0.2   2   4     0.023        44    3.1   0.0   128   151   447   471   426   478 0.85 # 1167 # 3902 # -1 # ID=604_4;partial=00;start_type=ATG;rbs_motif=GGA/GAG/AGG;rbs_spacer=5-10bp;gc_cont=0.325
Ga0485799_0604_4     -            912 761140at2            -            323   9.7e-10   38.1   0.2   3   4     0.088   1.7e+02    1.2   0.0   200   216   591   611   581   612 0.72 # 1167 # 3902 # -1 # ID=604_4;partial=00;start_type=ATG;rbs_motif=GGA/GAG/AGG;rbs_spacer=5-10bp;gc_cont=0.325
Ga0485799_0604_4     -            912 761140at2            -            323   9.7e-10   38.1   0.2   4   4       1.6   3.2e+03   -3.0   0.0   281   309   743   771   711   775 0.73 # 1167 # 3902 # -1 # ID=604_4;partial=00;start_type=ATG;rbs_motif=GGA/GAG/AGG;rbs_spacer=5-10bp;gc_cont=0.325
Ga0485799_0028_41    -            939 761140at2            -            323   5.1e-08   32.5   0.1   1   4   2.8e-08   5.5e-05   22.5   0.0     3    56    51   109    49   115 0.84 # 49530 # 52346 # -1 # ID=28_41;partial=00;start_type=GTG;rbs_motif=GGA/GAG/AGG;rbs_spacer=5-10bp;gc_cont=0.469
Ga0485799_0028_41    -            939 761140at2            -            323   5.1e-08   32.5   0.1   2   4     0.043        84    2.2   0.0   124   151   453   482   441   508 0.83 # 49530 # 52346 # -1 # ID=28_41;partial=00;start_type=GTG;rbs_motif=GGA/GAG/AGG;rbs_spacer=5-10bp;gc_cont=0.469
Ga0485799_0028_41    -            939 761140at2            -            323   5.1e-08   32.5   0.1   3   4      0.42   8.2e+02   -1.1   0.0   204   215   607   618   593   666 0.79 # 49530 # 52346 # -1 # ID=28_41;partial=00;start_type=GTG;rbs_motif=GGA/GAG/AGG;rbs_spacer=5-10bp;gc_cont=0.469
Ga0485799_0028_41    -            939 761140at2            -            323   5.1e-08   32.5   0.1   4   4     0.046        89    2.1   0.0   274   309   749   782   733   787 0.81 # 49530 # 52346 # -1 # ID=28_41;partial=00;start_type=GTG;rbs_motif=GGA/GAG/AGG;rbs_spacer=5-10bp;gc_cont=0.469
Ga0485799_0962_1     -            815 761140at2            -            323   1.1e-07   31.4   3.5   1   4   1.1e-07    0.0002   20.6   0.0     1    54    37    95    37   107 0.76 # 114 # 2558 # -1 # ID=962_1;partial=00;start_type=ATG;rbs_motif=GGA/GAG/AGG;rbs_spacer=5-10bp;gc_cont=0.336
Ga0485799_0962_1     -            815 761140at2            -            323   1.1e-07   31.4   3.5   2   4     0.048        93    2.0   0.1   127   151   388   413   359   417 0.81 # 114 # 2558 # -1 # ID=962_1;partial=00;start_type=ATG;rbs_motif=GGA/GAG/AGG;rbs_spacer=5-10bp;gc_cont=0.336
Ga0485799_0962_1     -            815 761140at2            -            323   1.1e-07   31.4   3.5   3   4      0.18   3.6e+02    0.1   0.8   204   214   529   539   477   542 0.61 # 114 # 2558 # -1 # ID=962_1;partial=00;start_type=ATG;rbs_motif=GGA/GAG/AGG;rbs_spacer=5-10bp;gc_cont=0.336
Ga0485799_0962_1     -            815 761140at2            -            323   1.1e-07   31.4   3.5   4   4      0.01        20    4.2   0.0   252   309   635   691   618   698 0.82 # 114 # 2558 # -1 # ID=962_1;partial=00;start_type=ATG;rbs_motif=GGA/GAG/AGG;rbs_spacer=5-10bp;gc_cont=0.336
Ga0485799_0726_3     -            821 761140at2            -            323   1.5e-05   24.3   1.4   1   4   7.1e-07    0.0014   17.9   0.0     3    55    34    91    32   105 0.81 # 2018 # 4480 # 1 # ID=726_3;partial=00;start_type=ATG;rbs_motif=AGGA;rbs_spacer=5-10bp;gc_cont=0.323
Ga0485799_0726_3     -            821 761140at2            -            323   1.5e-05   24.3   1.4   2   4      0.17   3.4e+02    0.2   0.0   135   151   420   437   414   466 0.87 # 2018 # 4480 # 1 # ID=726_3;partial=00;start_type=ATG;rbs_motif=AGGA;rbs_spacer=5-10bp;gc_cont=0.323
Ga0485799_0726_3     -            821 761140at2            -            323   1.5e-05   24.3   1.4   3   4      0.49   9.5e+02   -1.3   0.1   205   215   581   591   580   592 0.88 # 2018 # 4480 # 1 # ID=726_3;partial=00;start_type=ATG;rbs_motif=AGGA;rbs_spacer=5-10bp;gc_cont=0.323
Ga0485799_0726_3     -            821 761140at2            -            323   1.5e-05   24.3   1.4   4   4     0.062   1.2e+02    1.7   0.0   263   309   686   733   658   746 0.70 # 2018 # 4480 # 1 # ID=726_3;partial=00;start_type=ATG;rbs_motif=AGGA;rbs_spacer=5-10bp;gc_cont=0.323
Ga0485799_0507_3     -            916 761140at2            -            323   0.00011   21.6  12.1   1   4   2.6e-05      0.05   12.8   0.1     2    55    32    90    31   153 0.83 # 2042 # 4789 # 1 # ID=507_3;partial=00;start_type=ATG;rbs_motif=None;rbs_spacer=None;gc_cont=0.481
Ga0485799_0507_3     -            916 761140at2            -            323   0.00011   21.6  12.1   2   4     0.018        36    3.4   0.1   124   151   382   410   363   421 0.84 # 2042 # 4789 # 1 # ID=507_3;partial=00;start_type=ATG;rbs_motif=None;rbs_spacer=None;gc_cont=0.481
Ga0485799_0507_3     -            916 761140at2            -            323   0.00011   21.6  12.1   3   4      0.15     3e+02    0.4   1.7   171   197   471   497   465   532 0.56 # 2042 # 4789 # 1 # ID=507_3;partial=00;start_type=ATG;rbs_motif=None;rbs_spacer=None;gc_cont=0.481
Ga0485799_0507_3     -            916 761140at2            -            323   0.00011   21.6  12.1   4   4   0.00062       1.2    8.2   0.0   272   309   686   727   635   735 0.71 # 2042 # 4789 # 1 # ID=507_3;partial=00;start_type=ATG;rbs_motif=None;rbs_spacer=None;gc_cont=0.481
#
# Program:         hmmsearch
# Version:         3.1b2 (February 2015)
# Pipeline mode:   SEARCH
# Query file:      /home/mira/Bacteria2022/Thiomargarita_magnifica/qc_assembly/busco_article/busco_downloads/lineages/bacteria_odb10/hmms/761140at2.hmm
# Target file:     /home/mira/Bacteria2022/Thiomargarita_magnifica/qc_assembly/busco_article/busco_article/prodigal_output/predicted_genes/predicted.faa
# Option settings: hmmsearch --domtblout /home/mira/Bacteria2022/Thiomargarita_magnifica/qc_assembly/busco_article/busco_article/auto_lineage/run_bacteria_odb10/hmmer_output/761140at2.out --cpu 1 /home/mira/Bacteria2022/Thiomargarita_magnifica/qc_assembly/busco_article/busco_downloads/lineages/bacteria_odb10/hmms/761140at2.hmm /home/mira/Bacteria2022/Thiomargarita_magnifica/qc_assembly/busco_article/busco_article/prodigal_output/predicted_genes/predicted.faa 
# Current dir:     /home/mira/Bacteria2022/Thiomargarita_magnifica/qc_assembly/busco_article
# Date:            Wed Jul 13 13:05:06 2022
# [ok]
