#                                                                            --- full sequence --- -------------- this domain -------------   hmm coord   ali coord   env coord
# target name        accession   tlen query name           accession   qlen   E-value  score  bias   #  of  c-Evalue  i-Evalue  score  bias  from    to  from    to  from    to  acc description of target
#------------------- ---------- ----- -------------------- ---------- ----- --------- ------ ----- --- --- --------- --------- ------ ----- ----- ----- ----- ----- ----- ----- ---- ---------------------
Ga0485799_0042_6     -            229 776861at2            -            618   2.1e-84  283.6   1.6   1   1   2.7e-87   2.3e-84  283.5   1.6   403   607     6   225     1   228 0.96 # 5222 # 5908 # 1 # ID=42_6;partial=00;start_type=ATG;rbs_motif=None;rbs_spacer=None;gc_cont=0.482
Ga0485799_0042_4     -            434 776861at2            -            618   7.7e-48  162.8   0.2   1   1   1.1e-50   9.2e-48  162.5   0.2    10   396    11   424     2   431 0.81 # 3538 # 4839 # 1 # ID=42_4;partial=00;start_type=ATG;rbs_motif=None;rbs_spacer=None;gc_cont=0.501
Ga0485799_0309_9     -            427 776861at2            -            618   2.5e-38  131.4   0.0   1   1   3.6e-41   3.1e-38  131.1   0.0    17   399    19   423     1   425 0.82 # 7831 # 9111 # 1 # ID=309_9;partial=00;start_type=ATG;rbs_motif=AGGA;rbs_spacer=5-10bp;gc_cont=0.330
Ga0485799_0001_55    -            181 776861at2            -            618   8.6e-06   23.9   0.0   1   2   2.4e-06    0.0021   16.0   0.0   411   439     7    35     1    37 0.89 # 88140 # 88682 # -1 # ID=1_55;partial=00;start_type=ATG;rbs_motif=GGA/GAG/AGG;rbs_spacer=5-10bp;gc_cont=0.444
Ga0485799_0001_55    -            181 776861at2            -            618   8.6e-06   23.9   0.0   2   2    0.0023         2    6.2   0.0   576   614   137   175    98   179 0.70 # 88140 # 88682 # -1 # ID=1_55;partial=00;start_type=ATG;rbs_motif=GGA/GAG/AGG;rbs_spacer=5-10bp;gc_cont=0.444
Ga0485799_0061_15    -            176 776861at2            -            618   5.3e-05   21.3   0.1   1   1   6.5e-08   5.6e-05   21.2   0.1   406   454     5    53     1    97 0.80 # 12548 # 13075 # -1 # ID=61_15;partial=00;start_type=ATG;rbs_motif=GGAG/GAGG;rbs_spacer=5-10bp;gc_cont=0.608
Ga0485799_0167_15    -            422 776861at2            -            618   0.00086   17.3   6.5   1   2   2.1e-05     0.018   12.9   2.2     2   241     2   249     1   285 0.67 # 10977 # 12242 # -1 # ID=167_15;partial=00;start_type=TTG;rbs_motif=GGA/GAG/AGG;rbs_spacer=5-10bp;gc_cont=0.350
Ga0485799_0167_15    -            422 776861at2            -            618   0.00086   17.3   6.5   2   2     0.015        13    3.5   0.2   254   315   332   395   307   420 0.66 # 10977 # 12242 # -1 # ID=167_15;partial=00;start_type=TTG;rbs_motif=GGA/GAG/AGG;rbs_spacer=5-10bp;gc_cont=0.350
Ga0485799_0427_6     -            324 776861at2            -            618    0.0014   16.6   0.5   1   1   2.7e-06    0.0024   15.9   0.5   403   433   131   161   123   167 0.84 # 3623 # 4594 # 1 # ID=427_6;partial=00;start_type=ATG;rbs_motif=None;rbs_spacer=None;gc_cont=0.493
Ga0485799_0775_5     -            195 776861at2            -            618    0.0027   15.7   0.0   1   2     7e-06     0.006   14.5   0.0   404   433    28    57    12    65 0.86 # 2836 # 3420 # -1 # ID=775_5;partial=00;start_type=ATG;rbs_motif=None;rbs_spacer=None;gc_cont=0.274
Ga0485799_0775_5     -            195 776861at2            -            618    0.0027   15.7   0.0   2   2      0.76   6.6e+02   -2.1   0.0   167   201   141   175   127   185 0.68 # 2836 # 3420 # -1 # ID=775_5;partial=00;start_type=ATG;rbs_motif=None;rbs_spacer=None;gc_cont=0.274
Ga0485799_0903_2     -            216 776861at2            -            618    0.0064   14.4   0.1   1   1     1e-05    0.0087   14.0   0.1   415   458     7    49     1    79 0.74 # 2108 # 2755 # 1 # ID=903_2;partial=00;start_type=ATG;rbs_motif=AGGA;rbs_spacer=5-10bp;gc_cont=0.347
Ga0485799_1237_3     -             80 776861at2            -            618     0.014   13.3   0.0   1   1   1.6e-05     0.014   13.3   0.0   410   452     3    47     1    63 0.82 # 1220 # 1459 # 1 # ID=1237_3;partial=01;start_type=ATG;rbs_motif=None;rbs_spacer=None;gc_cont=0.333
Ga0485799_0006_17    -            320 776861at2            -            618     0.028   12.3   0.0   1   1   4.3e-05     0.037   11.9   0.0   409   435     5    31     1    39 0.87 # 77514 # 78473 # -1 # ID=6_17;partial=00;start_type=ATG;rbs_motif=None;rbs_spacer=None;gc_cont=0.342
Ga0485799_0002_8     -            176 776861at2            -            618     0.049   11.5   0.0   1   1   6.8e-05     0.059   11.2   0.0   411   443     4    36     1    61 0.85 # 8120 # 8647 # 1 # ID=2_8;partial=00;start_type=ATG;rbs_motif=None;rbs_spacer=None;gc_cont=0.362
Ga0485799_0023_17    -             83 776861at2            -            618     0.054   11.4   0.0   1   1   6.2e-05     0.054   11.4   0.0   408   438     3    33     1    73 0.90 # 18165 # 18413 # 1 # ID=23_17;partial=00;start_type=ATG;rbs_motif=AGGAG;rbs_spacer=5-10bp;gc_cont=0.438
Ga0485799_0028_27    -            319 776861at2            -            618     0.058   11.3   0.1   1   2   0.00014      0.12   10.3   0.0   409   453     3    49     1    92 0.72 # 34051 # 35007 # 1 # ID=28_27;partial=00;start_type=ATG;rbs_motif=GGA/GAG/AGG;rbs_spacer=5-10bp;gc_cont=0.466
Ga0485799_0028_27    -            319 776861at2            -            618     0.058   11.3   0.1   2   2       1.9   1.6e+03   -3.4   0.0   575   607   273   302   272   307 0.77 # 34051 # 35007 # 1 # ID=28_27;partial=00;start_type=ATG;rbs_motif=GGA/GAG/AGG;rbs_spacer=5-10bp;gc_cont=0.466
Ga0485799_0011_12    -            389 776861at2            -            618     0.086   10.7   0.0   1   1   0.00015      0.13   10.1   0.0   407   435    12    40     6    51 0.90 # 9495 # 10661 # -1 # ID=11_12;partial=00;start_type=ATG;rbs_motif=None;rbs_spacer=None;gc_cont=0.390
Ga0485799_0529_2     -            218 776861at2            -            618     0.098   10.5   0.0   1   1   0.00014      0.12   10.2   0.0   384   428     9    52     1    57 0.80 # 802 # 1455 # -1 # ID=529_2;partial=00;start_type=ATG;rbs_motif=GGAG/GAGG;rbs_spacer=5-10bp;gc_cont=0.291
Ga0485799_0012_28    -            237 776861at2            -            618      0.12   10.2   0.0   1   1   0.00017      0.14   10.0   0.0   376   448     5    69     1    92 0.75 # 19296 # 20006 # -1 # ID=12_28;partial=00;start_type=ATG;rbs_motif=None;rbs_spacer=None;gc_cont=0.471
Ga0485799_0276_5     -            352 776861at2            -            618      0.17    9.7   1.7   1   2   0.00031      0.27    9.1   0.4   403   434   154   185   138   195 0.79 # 4579 # 5634 # -1 # ID=276_5;partial=00;start_type=ATG;rbs_motif=None;rbs_spacer=None;gc_cont=0.541
Ga0485799_0276_5     -            352 776861at2            -            618      0.17    9.7   1.7   2   2      0.33   2.8e+02   -0.9   0.0   538   573   314   350   313   351 0.91 # 4579 # 5634 # -1 # ID=276_5;partial=00;start_type=ATG;rbs_motif=None;rbs_spacer=None;gc_cont=0.541
#
# Program:         hmmsearch
# Version:         3.1b2 (February 2015)
# Pipeline mode:   SEARCH
# Query file:      /home/mira/Bacteria2022/Thiomargarita_magnifica/qc_assembly/busco_article/busco_downloads/lineages/bacteria_odb10/hmms/776861at2.hmm
# Target file:     /home/mira/Bacteria2022/Thiomargarita_magnifica/qc_assembly/busco_article/busco_article/prodigal_output/predicted_genes/predicted.faa
# Option settings: hmmsearch --domtblout /home/mira/Bacteria2022/Thiomargarita_magnifica/qc_assembly/busco_article/busco_article/auto_lineage/run_bacteria_odb10/hmmer_output/776861at2.out --cpu 1 /home/mira/Bacteria2022/Thiomargarita_magnifica/qc_assembly/busco_article/busco_downloads/lineages/bacteria_odb10/hmms/776861at2.hmm /home/mira/Bacteria2022/Thiomargarita_magnifica/qc_assembly/busco_article/busco_article/prodigal_output/predicted_genes/predicted.faa 
# Current dir:     /home/mira/Bacteria2022/Thiomargarita_magnifica/qc_assembly/busco_article
# Date:            Wed Jul 13 13:05:07 2022
# [ok]
