#                                                                            --- full sequence --- -------------- this domain -------------   hmm coord   ali coord   env coord
# target name        accession   tlen query name           accession   qlen   E-value  score  bias   #  of  c-Evalue  i-Evalue  score  bias  from    to  from    to  from    to  acc description of target
#------------------- ---------- ----- -------------------- ---------- ----- --------- ------ ----- --- --- --------- --------- ------ ----- ----- ----- ----- ----- ----- ----- ---- ---------------------
Ga0485799_0016_15    -            343 874197at2            -            274  3.8e-127  422.9   0.6   1   1  2.7e-129  6.3e-127  422.2   0.6     1   273    21   322    21   323 0.93 # 14040 # 15068 # -1 # ID=16_15;partial=00;start_type=GTG;rbs_motif=None;rbs_spacer=None;gc_cont=0.473
Ga0485799_1043_2     -            412 874197at2            -            274  1.1e-110  368.9   0.1   1   1  6.5e-113  1.5e-110  368.5   0.1     1   273    88   388    88   389 0.89 # 886 # 2121 # -1 # ID=1043_2;partial=01;start_type=Edge;rbs_motif=None;rbs_spacer=None;gc_cont=0.321
Ga0485799_0274_3     -            706 874197at2            -            274   2.1e-17   63.0   0.0   1   2   6.4e-10   1.5e-07   30.7   0.0    36    98   212   282   205   296 0.81 # 2901 # 5018 # 1 # ID=274_3;partial=00;start_type=ATG;rbs_motif=GGA/GAG/AGG;rbs_spacer=5-10bp;gc_cont=0.474
Ga0485799_0274_3     -            706 874197at2            -            274   2.1e-17   63.0   0.0   2   2   1.3e-09   2.9e-07   29.7   0.0    36   143   485   601   477   619 0.76 # 2901 # 5018 # 1 # ID=274_3;partial=00;start_type=ATG;rbs_motif=GGA/GAG/AGG;rbs_spacer=5-10bp;gc_cont=0.474
Ga0485799_0384_1     -            848 874197at2            -            274   9.5e-11   41.1   0.0   1   2   0.00019     0.043   12.7   0.0    10    60    21    73    14    86 0.77 # 1172 # 3715 # 1 # ID=384_1;partial=00;start_type=ATG;rbs_motif=GGA/GAG/AGG;rbs_spacer=5-10bp;gc_cont=0.311
Ga0485799_0384_1     -            848 874197at2            -            274   9.5e-11   41.1   0.0   2   2   1.8e-08   4.1e-06   25.9   0.0    36    97   453   516   417   521 0.72 # 1172 # 3715 # 1 # ID=384_1;partial=00;start_type=ATG;rbs_motif=GGA/GAG/AGG;rbs_spacer=5-10bp;gc_cont=0.311
Ga0485799_0477_4     -            103 874197at2            -            274   4.9e-09   35.5   0.0   1   1   2.6e-11   5.8e-09   35.3   0.0     7    80    12    82     7    91 0.79 # 3373 # 3681 # 1 # ID=477_4;partial=00;start_type=ATG;rbs_motif=None;rbs_spacer=None;gc_cont=0.294
Ga0485799_0605_6     -            414 874197at2            -            274   3.5e-07   29.5   0.3   1   1   5.9e-09   1.3e-06   27.5   0.3     4    99    75   196    72   203 0.68 # 3490 # 4731 # -1 # ID=605_6;partial=00;start_type=ATG;rbs_motif=AGGA;rbs_spacer=5-10bp;gc_cont=0.319
Ga0485799_0759_3     -            674 874197at2            -            274   2.7e-06   26.5   0.0   1   1   2.2e-08   5.1e-06   25.6   0.0    33    97   220   292   182   302 0.68 # 1298 # 3319 # -1 # ID=759_3;partial=00;start_type=ATG;rbs_motif=AGGA;rbs_spacer=5-10bp;gc_cont=0.343
Ga0485799_0014_35    -            806 874197at2            -            274   7.9e-06   25.0   1.2   1   2    0.0022       0.5    9.3   0.2    39    99   253   333   232   346 0.57 # 63095 # 65512 # -1 # ID=14_35;partial=00;start_type=ATG;rbs_motif=None;rbs_spacer=None;gc_cont=0.446
Ga0485799_0014_35    -            806 874197at2            -            274   7.9e-06   25.0   1.2   2   2    0.0019      0.44    9.4   0.0    13    63   504   558   495   576 0.78 # 63095 # 65512 # -1 # ID=14_35;partial=00;start_type=ATG;rbs_motif=None;rbs_spacer=None;gc_cont=0.446
Ga0485799_0456_4     -            490 874197at2            -            274   8.3e-06   24.9   0.0   1   1   6.4e-08   1.5e-05   24.1   0.0    35    96   148   217   112   274 0.78 # 4032 # 5501 # 1 # ID=456_4;partial=00;start_type=ATG;rbs_motif=GGAGG;rbs_spacer=5-10bp;gc_cont=0.303
Ga0485799_0011_56    -            424 874197at2            -            274     1e-05   24.7   0.0   1   1   9.5e-08   2.2e-05   23.6   0.0     7    98    74   190    69   200 0.64 # 48435 # 49706 # -1 # ID=11_56;partial=00;start_type=ATG;rbs_motif=GGAG/GAGG;rbs_spacer=5-10bp;gc_cont=0.426
Ga0485799_0619_3     -            785 874197at2            -            274   1.4e-05   24.2   0.0   1   2   1.5e-05    0.0035   16.3   0.0    29    71   352   394   332   405 0.75 # 1562 # 3916 # 1 # ID=619_3;partial=00;start_type=ATG;rbs_motif=GGAG/GAGG;rbs_spacer=5-10bp;gc_cont=0.316
Ga0485799_0619_3     -            785 874197at2            -            274   1.4e-05   24.2   0.0   2   2     0.037       8.5    5.2   0.0   124   155   468   499   412   512 0.87 # 1562 # 3916 # 1 # ID=619_3;partial=00;start_type=ATG;rbs_motif=GGAG/GAGG;rbs_spacer=5-10bp;gc_cont=0.316
Ga0485799_0130_9     -            423 874197at2            -            274   1.4e-05   24.2   0.1   1   2   2.7e-07   6.1e-05   22.1   0.0    34    98   109   187    63   197 0.69 # 11225 # 12493 # 1 # ID=130_9;partial=00;start_type=ATG;rbs_motif=GGA/GAG/AGG;rbs_spacer=5-10bp;gc_cont=0.470
Ga0485799_0130_9     -            423 874197at2            -            274   1.4e-05   24.2   0.1   2   2       2.8   6.3e+02   -0.9   0.0   172   198   353   379   321   400 0.74 # 11225 # 12493 # 1 # ID=130_9;partial=00;start_type=ATG;rbs_motif=GGA/GAG/AGG;rbs_spacer=5-10bp;gc_cont=0.470
Ga0485799_0917_3     -            588 874197at2            -            274   6.1e-05   22.1   0.0   1   2   1.2e-06   0.00028   19.9   0.0     5   107    11   116     7   178 0.81 # 1097 # 2860 # 1 # ID=917_3;partial=01;start_type=ATG;rbs_motif=AGGA;rbs_spacer=5-10bp;gc_cont=0.344
Ga0485799_0917_3     -            588 874197at2            -            274   6.1e-05   22.1   0.0   2   2       7.5   1.7e+03   -2.3   0.0    67    67   252   252   214   289 0.55 # 1097 # 2860 # 1 # ID=917_3;partial=01;start_type=ATG;rbs_motif=AGGA;rbs_spacer=5-10bp;gc_cont=0.344
Ga0485799_0230_9     -            814 874197at2            -            274   7.7e-05   21.8   0.4   1   1   2.9e-06   0.00066   18.7   0.0    10    75   366   432   357   553 0.73 # 8822 # 11263 # -1 # ID=230_9;partial=00;start_type=ATG;rbs_motif=GGA/GAG/AGG;rbs_spacer=5-10bp;gc_cont=0.451
Ga0485799_0532_1     -            650 874197at2            -            274   9.4e-05   21.5   3.6   1   2    0.0038      0.87    8.5   0.4    39    99   118   198   101   211 0.60 # 35 # 1984 # 1 # ID=532_1;partial=00;start_type=ATG;rbs_motif=None;rbs_spacer=None;gc_cont=0.306
Ga0485799_0532_1     -            650 874197at2            -            274   9.4e-05   21.5   3.6   2   2    0.0013       0.3   10.0   0.2    15    65   375   425   361   502 0.80 # 35 # 1984 # 1 # ID=532_1;partial=00;start_type=ATG;rbs_motif=None;rbs_spacer=None;gc_cont=0.306
Ga0485799_0102_15    -            639 874197at2            -            274   9.5e-05   21.5   0.1   1   1   1.4e-06   0.00031   19.8   0.0    34    95   186   255   148   261 0.75 # 14505 # 16421 # -1 # ID=102_15;partial=00;start_type=GTG;rbs_motif=GGAG/GAGG;rbs_spacer=5-10bp;gc_cont=0.465
Ga0485799_0386_4     -            859 874197at2            -            274   0.00011   21.3   1.2   1   2    0.0013      0.29   10.0   0.9    16    98   188   284   172   289 0.51 # 752 # 3328 # -1 # ID=386_4;partial=00;start_type=ATG;rbs_motif=GGAG/GAGG;rbs_spacer=5-10bp;gc_cont=0.319
Ga0485799_0386_4     -            859 874197at2            -            274   0.00011   21.3   1.2   2   2     0.014       3.1    6.6   0.0    10    57   573   624   568   636 0.76 # 752 # 3328 # -1 # ID=386_4;partial=00;start_type=ATG;rbs_motif=GGAG/GAGG;rbs_spacer=5-10bp;gc_cont=0.319
Ga0485799_0446_4     -            293 874197at2            -            274   0.00012   21.2   0.1   1   2   7.9e-05     0.018   14.0   0.0    37    62    35    60    20   112 0.79 # 4507 # 5385 # 1 # ID=446_4;partial=00;start_type=ATG;rbs_motif=None;rbs_spacer=None;gc_cont=0.447
Ga0485799_0446_4     -            293 874197at2            -            274   0.00012   21.2   0.1   2   2     0.038       8.7    5.2   0.1    77   150   129   200   120   218 0.70 # 4507 # 5385 # 1 # ID=446_4;partial=00;start_type=ATG;rbs_motif=None;rbs_spacer=None;gc_cont=0.447
Ga0485799_0101_18    -            307 874197at2            -            274   0.00018   20.6   0.1   1   1   1.3e-06    0.0003   19.8   0.1    24    66    25    67     3   174 0.86 # 22485 # 23405 # -1 # ID=101_18;partial=00;start_type=ATG;rbs_motif=GGA/GAG/AGG;rbs_spacer=5-10bp;gc_cont=0.474
Ga0485799_0040_17    -            369 874197at2            -            274   0.00019   20.5   0.0   1   1   1.3e-06   0.00029   19.9   0.0    30    97   123   197    97   226 0.76 # 20591 # 21697 # 1 # ID=40_17;partial=00;start_type=ATG;rbs_motif=GGA/GAG/AGG;rbs_spacer=5-10bp;gc_cont=0.393
Ga0485799_0416_5     -            364 874197at2            -            274   0.00019   20.4   0.0   1   1   1.4e-06   0.00032   19.7   0.0    30    97   123   197    98   227 0.77 # 3373 # 4464 # 1 # ID=416_5;partial=00;start_type=ATG;rbs_motif=GGA/GAG/AGG;rbs_spacer=5-10bp;gc_cont=0.390
Ga0485799_1359_1     -            395 874197at2            -            274   0.00023   20.2   0.0   1   1   1.7e-06    0.0004   19.4   0.0    33    95    88   157    54   162 0.70 # 3 # 1187 # 1 # ID=1359_1;partial=11;start_type=Edge;rbs_motif=None;rbs_spacer=None;gc_cont=0.324
Ga0485799_0097_25    -            524 874197at2            -            274   0.00027   20.0   0.0   1   2   4.5e-06     0.001   18.1   0.0     5    69    11    72     7    80 0.76 # 21334 # 22905 # -1 # ID=97_25;partial=00;start_type=ATG;rbs_motif=None;rbs_spacer=None;gc_cont=0.454
Ga0485799_0097_25    -            524 874197at2            -            274   0.00027   20.0   0.0   2   2       3.8   8.6e+02   -1.4   0.0    85   100   118   133    89   143 0.63 # 21334 # 22905 # -1 # ID=97_25;partial=00;start_type=ATG;rbs_motif=None;rbs_spacer=None;gc_cont=0.454
Ga0485799_0310_1     -           1069 874197at2            -            274   0.00031   19.8   0.1   1   2     0.021       4.7    6.1   0.0    33   105   221   308   208   333 0.68 # 681 # 3887 # -1 # ID=310_1;partial=00;start_type=ATG;rbs_motif=None;rbs_spacer=None;gc_cont=0.467
Ga0485799_0310_1     -           1069 874197at2            -            274   0.00031   19.8   0.1   2   2   0.00073      0.17   10.8   0.0    32    59   480   507   453   529 0.79 # 681 # 3887 # -1 # ID=310_1;partial=00;start_type=ATG;rbs_motif=None;rbs_spacer=None;gc_cont=0.467
Ga0485799_0016_34    -            856 874197at2            -            274   0.00033   19.7   1.1   1   2    0.0023      0.53    9.2   0.8    34    99   198   284   170   294 0.59 # 37142 # 39709 # -1 # ID=16_34;partial=00;start_type=ATG;rbs_motif=GGAG/GAGG;rbs_spacer=5-10bp;gc_cont=0.466
Ga0485799_0016_34    -            856 874197at2            -            274   0.00033   19.7   1.1   2   2     0.023       5.2    5.9   0.0    32    56   595   619   565   634 0.74 # 37142 # 39709 # -1 # ID=16_34;partial=00;start_type=ATG;rbs_motif=GGAG/GAGG;rbs_spacer=5-10bp;gc_cont=0.466
Ga0485799_0018_15    -            716 874197at2            -            274   0.00035   19.6   1.3   1   2     0.013       2.9    6.7   0.7    39    63   180   204   162   270 0.66 # 10257 # 12404 # 1 # ID=18_15;partial=00;start_type=ATG;rbs_motif=AGGAG;rbs_spacer=5-10bp;gc_cont=0.534
Ga0485799_0018_15    -            716 874197at2            -            274   0.00035   19.6   1.3   2   2    0.0043      0.98    8.3   0.0    32    59   449   476   419   492 0.79 # 10257 # 12404 # 1 # ID=18_15;partial=00;start_type=ATG;rbs_motif=AGGAG;rbs_spacer=5-10bp;gc_cont=0.534
Ga0485799_0337_13    -            304 874197at2            -            274   0.00058   18.9   0.3   1   1   7.3e-06    0.0017   17.4   0.3    36    68    35    67     7   230 0.72 # 12858 # 13769 # 1 # ID=337_13;partial=00;start_type=ATG;rbs_motif=None;rbs_spacer=None;gc_cont=0.441
Ga0485799_0029_18    -            163 874197at2            -            274   0.00069   18.6   0.0   1   1   5.6e-06    0.0013   17.8   0.0    35    63   118   146    80   155 0.70 # 15077 # 15565 # 1 # ID=29_18;partial=00;start_type=ATG;rbs_motif=AGGA;rbs_spacer=5-10bp;gc_cont=0.407
Ga0485799_0487_9     -            163 874197at2            -            274   0.00085   18.3   0.1   1   2       9.6   2.2e+03   -2.7   0.0    13    32    37    56    32    67 0.76 # 7534 # 8022 # -1 # ID=487_9;partial=00;start_type=ATG;rbs_motif=GGA/GAG/AGG;rbs_spacer=11-12bp;gc_cont=0.378
Ga0485799_0487_9     -            163 874197at2            -            274   0.00085   18.3   0.1   2   2   7.2e-06    0.0017   17.4   0.0    35    63   118   146    79   155 0.77 # 7534 # 8022 # -1 # ID=487_9;partial=00;start_type=ATG;rbs_motif=GGA/GAG/AGG;rbs_spacer=11-12bp;gc_cont=0.378
Ga0485799_0273_16    -            327 874197at2            -            274     0.001   18.1   0.4   1   2   8.5e-06     0.002   17.2   0.2    12    63    29    73    18   183 0.85 # 11513 # 12493 # 1 # ID=273_16;partial=00;start_type=ATG;rbs_motif=AGGA;rbs_spacer=5-10bp;gc_cont=0.482
Ga0485799_0273_16    -            327 874197at2            -            274     0.001   18.1   0.4   2   2       6.6   1.5e+03   -2.1   0.0    64    96   194   226   176   243 0.72 # 11513 # 12493 # 1 # ID=273_16;partial=00;start_type=ATG;rbs_motif=AGGA;rbs_spacer=5-10bp;gc_cont=0.482
Ga0485799_0328_3     -            126 874197at2            -            274    0.0019   17.2   0.0   1   1   9.9e-06    0.0023   16.9   0.0    35    72    24    61     5    70 0.88 # 1518 # 1895 # 1 # ID=328_3;partial=00;start_type=ATG;rbs_motif=GGAG/GAGG;rbs_spacer=5-10bp;gc_cont=0.336
Ga0485799_0002_14    -            868 874197at2            -            274    0.0026   16.8   0.5   1   3       3.9   8.8e+02   -1.4   0.0    88    99   294   305   275   307 0.78 # 18278 # 20881 # 1 # ID=2_14;partial=00;start_type=ATG;rbs_motif=AGGA;rbs_spacer=5-10bp;gc_cont=0.495
Ga0485799_0002_14    -            868 874197at2            -            274    0.0026   16.8   0.5   2   3    0.0025      0.58    9.0   0.0    12    57   574   623   565   635 0.77 # 18278 # 20881 # 1 # ID=2_14;partial=00;start_type=ATG;rbs_motif=AGGA;rbs_spacer=5-10bp;gc_cont=0.495
Ga0485799_0002_14    -            868 874197at2            -            274    0.0026   16.8   0.5   3   3     0.085        19    4.0   0.0   120   218   757   860   739   864 0.66 # 18278 # 20881 # 1 # ID=2_14;partial=00;start_type=ATG;rbs_motif=AGGA;rbs_spacer=5-10bp;gc_cont=0.495
Ga0485799_0291_3     -            625 874197at2            -            274    0.0028   16.6   0.1   1   2     0.014       3.3    6.6   0.0    31    62    23    54    14    71 0.86 # 1709 # 3583 # -1 # ID=291_3;partial=00;start_type=ATG;rbs_motif=None;rbs_spacer=None;gc_cont=0.469
Ga0485799_0291_3     -            625 874197at2            -            274    0.0028   16.6   0.1   2   2    0.0067       1.5    7.7   0.1    36    59   344   367   337   392 0.89 # 1709 # 3583 # -1 # ID=291_3;partial=00;start_type=ATG;rbs_motif=None;rbs_spacer=None;gc_cont=0.469
Ga0485799_0048_42    -           1087 874197at2            -            274    0.0029   16.6   0.1   1   2      0.19        44    2.9   0.0    34    51   240   257   216   266 0.87 # 41580 # 44840 # 1 # ID=48_42;partial=00;start_type=ATG;rbs_motif=None;rbs_spacer=None;gc_cont=0.481
Ga0485799_0048_42    -           1087 874197at2            -            274    0.0029   16.6   0.1   2   2    0.0011      0.24   10.3   0.1    10    58   487   539   478   548 0.74 # 41580 # 44840 # 1 # ID=48_42;partial=00;start_type=ATG;rbs_motif=None;rbs_spacer=None;gc_cont=0.481
Ga0485799_0011_55    -            807 874197at2            -            274    0.0034   16.4   0.0   1   1   4.6e-05      0.01   14.8   0.0    11    68   325   383   320   394 0.68 # 45954 # 48374 # -1 # ID=11_55;partial=00;start_type=ATG;rbs_motif=GGAG/GAGG;rbs_spacer=5-10bp;gc_cont=0.443
Ga0485799_0053_11    -            343 874197at2            -            274    0.0055   15.7   0.0   1   1   4.1e-05    0.0093   14.9   0.0    28    65    36    73    19    85 0.84 # 7500 # 8528 # 1 # ID=53_11;partial=00;start_type=ATG;rbs_motif=None;rbs_spacer=None;gc_cont=0.299
Ga0485799_0472_9     -            321 874197at2            -            274    0.0056   15.7   0.0   1   1   5.9e-05     0.014   14.4   0.0    38    61    61    84    50   100 0.87 # 6533 # 7495 # -1 # ID=472_9;partial=00;start_type=ATG;rbs_motif=None;rbs_spacer=None;gc_cont=0.456
Ga0485799_0309_15    -            441 874197at2            -            274    0.0056   15.6   0.1   1   2   0.00019     0.043   12.7   0.0     8    69    10    81     4   120 0.70 # 12457 # 13779 # 1 # ID=309_15;partial=00;start_type=ATG;rbs_motif=4Base/6BMM;rbs_spacer=13-15bp;gc_cont=0.305
Ga0485799_0309_15    -            441 874197at2            -            274    0.0056   15.6   0.1   2   2       1.8   4.1e+02   -0.3   0.0    73    99   233   259   204   265 0.75 # 12457 # 13779 # 1 # ID=309_15;partial=00;start_type=ATG;rbs_motif=4Base/6BMM;rbs_spacer=13-15bp;gc_cont=0.305
Ga0485799_0558_6     -            399 874197at2            -            274    0.0062   15.5   0.0   1   1   7.5e-05     0.017   14.1   0.0    40    99    42   104    32   144 0.70 # 4214 # 5410 # -1 # ID=558_6;partial=00;start_type=ATG;rbs_motif=AGGA;rbs_spacer=5-10bp;gc_cont=0.270
Ga0485799_0001_55    -            181 874197at2            -            274    0.0069   15.3   0.0   1   1   5.7e-05     0.013   14.5   0.0    35    63     4    32     1    47 0.82 # 88140 # 88682 # -1 # ID=1_55;partial=00;start_type=ATG;rbs_motif=GGA/GAG/AGG;rbs_spacer=5-10bp;gc_cont=0.444
Ga0485799_0021_40    -            449 874197at2            -            274    0.0087   15.0   0.0   1   1   6.5e-05     0.015   14.3   0.0    25    73    24    72     6   103 0.80 # 48809 # 50155 # 1 # ID=21_40;partial=00;start_type=ATG;rbs_motif=None;rbs_spacer=None;gc_cont=0.375
Ga0485799_0001_161   -            445 874197at2            -            274    0.0092   14.9   0.3   1   2   0.00039     0.089   11.7   0.0    31    63    46    78     8   134 0.70 # 190411 # 191745 # -1 # ID=1_161;partial=00;start_type=ATG;rbs_motif=None;rbs_spacer=None;gc_cont=0.465
Ga0485799_0001_161   -            445 874197at2            -            274    0.0092   14.9   0.3   2   2         1   2.4e+02    0.5   0.1    80   100   244   264   219   269 0.81 # 190411 # 191745 # -1 # ID=1_161;partial=00;start_type=ATG;rbs_motif=None;rbs_spacer=None;gc_cont=0.465
Ga0485799_0056_11    -            340 874197at2            -            274    0.0095   14.9   0.0   1   1   8.3e-05     0.019   13.9   0.0    35    65   120   150    86   190 0.78 # 12638 # 13657 # -1 # ID=56_11;partial=00;start_type=ATG;rbs_motif=AGGAG;rbs_spacer=5-10bp;gc_cont=0.396
Ga0485799_0165_14    -            365 874197at2            -            274     0.013   14.5   0.0   1   1   9.4e-05     0.021   13.7   0.0    17    63    13    58     5    66 0.82 # 19907 # 21001 # -1 # ID=165_14;partial=00;start_type=ATG;rbs_motif=AGGA;rbs_spacer=5-10bp;gc_cont=0.406
Ga0485799_0200_17    -            753 874197at2            -            274     0.024   13.6   0.0   1   2      0.75   1.7e+02    0.9   0.0    29    51   214   236   197   254 0.77 # 16620 # 18878 # -1 # ID=200_17;partial=00;start_type=ATG;rbs_motif=AGGA;rbs_spacer=5-10bp;gc_cont=0.461
Ga0485799_0200_17    -            753 874197at2            -            274     0.024   13.6   0.0   2   2    0.0017      0.38    9.6   0.0    15    57   475   517   463   529 0.84 # 16620 # 18878 # -1 # ID=200_17;partial=00;start_type=ATG;rbs_motif=AGGA;rbs_spacer=5-10bp;gc_cont=0.461
Ga0485799_0374_2     -            118 874197at2            -            274     0.028   13.4   0.1   1   1   0.00014     0.032   13.2   0.1    39   120     3    92     1   108 0.67 # 1092 # 1445 # -1 # ID=374_2;partial=00;start_type=ATG;rbs_motif=None;rbs_spacer=None;gc_cont=0.347
Ga0485799_0102_27    -            117 874197at2            -            274     0.037   13.0   0.0   1   1    0.0002     0.047   12.6   0.0    32    99    14    90     6   104 0.70 # 30821 # 31171 # 1 # ID=102_27;partial=00;start_type=ATG;rbs_motif=None;rbs_spacer=None;gc_cont=0.413
Ga0485799_0086_22    -            482 874197at2            -            274     0.041   12.8   0.0   1   1   0.00053      0.12   11.3   0.0     9    53   172   209   168   224 0.75 # 25935 # 27380 # -1 # ID=86_22;partial=00;start_type=GTG;rbs_motif=None;rbs_spacer=None;gc_cont=0.508
Ga0485799_0250_21    -            432 874197at2            -            274     0.042   12.8   0.0   1   1   0.00028     0.065   12.2   0.0    26    64    25    63     8   101 0.84 # 17141 # 18436 # 1 # ID=250_21;partial=00;start_type=ATG;rbs_motif=AGxAG;rbs_spacer=5-10bp;gc_cont=0.350
Ga0485799_0029_51    -            594 874197at2            -            274     0.044   12.7   0.0   1   1   0.00035      0.08   11.9   0.0    11    82   278   350   269   358 0.75 # 51963 # 53744 # 1 # ID=29_51;partial=00;start_type=ATG;rbs_motif=AGGAG;rbs_spacer=5-10bp;gc_cont=0.440
Ga0485799_0909_2     -            273 874197at2            -            274     0.047   12.6   0.0   1   1   0.00036     0.083   11.8   0.0    35    95   100   170    85   181 0.71 # 1246 # 2064 # 1 # ID=909_2;partial=00;start_type=ATG;rbs_motif=AGGAG;rbs_spacer=5-10bp;gc_cont=0.276
Ga0485799_1428_1     -            303 874197at2            -            274     0.061   12.3   0.0   1   1    0.0004     0.092   11.7   0.0    90   118     2    32     1    51 0.79 # 3 # 911 # 1 # ID=1428_1;partial=10;start_type=Edge;rbs_motif=None;rbs_spacer=None;gc_cont=0.299
Ga0485799_0770_1     -            498 874197at2            -            274     0.065   12.2   0.0   1   1   0.00059      0.13   11.1   0.0    31    57   192   218   161   225 0.74 # 29 # 1522 # -1 # ID=770_1;partial=00;start_type=ATG;rbs_motif=AGGA;rbs_spacer=5-10bp;gc_cont=0.282
Ga0485799_0528_8     -            632 874197at2            -            274     0.066   12.1   0.0   1   2     0.091        21    3.9   0.0    33    60    11    38     7    54 0.82 # 4369 # 6264 # 1 # ID=528_8;partial=00;start_type=ATG;rbs_motif=AGGA;rbs_spacer=5-10bp;gc_cont=0.444
Ga0485799_0528_8     -            632 874197at2            -            274     0.066   12.1   0.0   2   2     0.027       6.1    5.7   0.0    29    59   326   356   310   371 0.80 # 4369 # 6264 # 1 # ID=528_8;partial=00;start_type=ATG;rbs_motif=AGGA;rbs_spacer=5-10bp;gc_cont=0.444
Ga0485799_0171_15    -            507 874197at2            -            274     0.067   12.1   0.1   1   1   0.00051      0.12   11.3   0.1    36    63   101   128    96   145 0.84 # 11279 # 12799 # -1 # ID=171_15;partial=00;start_type=ATG;rbs_motif=None;rbs_spacer=None;gc_cont=0.442
Ga0485799_0400_8     -            738 874197at2            -            274     0.067   12.1   0.0   1   1   0.00085      0.19   10.6   0.0    26    61   395   430   381   451 0.82 # 6582 # 8795 # 1 # ID=400_8;partial=00;start_type=ATG;rbs_motif=GGA/GAG/AGG;rbs_spacer=11-12bp;gc_cont=0.298
Ga0485799_1169_3     -             56 874197at2            -            274      0.07   12.1   0.0   1   1   0.00031     0.071   12.0   0.0     9    54     2    44     1    55 0.84 # 1491 # 1658 # 1 # ID=1169_3;partial=01;start_type=ATG;rbs_motif=GGAG/GAGG;rbs_spacer=5-10bp;gc_cont=0.315
Ga0485799_0207_11    -            371 874197at2            -            274     0.072   12.0   0.0   1   1    0.0005      0.11   11.4   0.0    17    64    13    59     5    69 0.82 # 19581 # 20693 # 1 # ID=207_11;partial=00;start_type=ATG;rbs_motif=AGGA;rbs_spacer=5-10bp;gc_cont=0.389
Ga0485799_0043_35    -            184 874197at2            -            274     0.076   11.9   0.0   1   1   0.00044       0.1   11.5   0.0    37    77     5    45     1    69 0.84 # 49946 # 50497 # 1 # ID=43_35;partial=00;start_type=ATG;rbs_motif=None;rbs_spacer=None;gc_cont=0.433
Ga0485799_0796_1     -            258 874197at2            -            274     0.081   11.8   0.0   1   1   0.00051      0.12   11.3   0.0    33    60    69    96    49   129 0.85 # 2 # 775 # 1 # ID=796_1;partial=10;start_type=Edge;rbs_motif=None;rbs_spacer=None;gc_cont=0.298
Ga0485799_0131_12    -            365 874197at2            -            274     0.082   11.8   0.0   1   1   0.00055      0.13   11.2   0.0    19    64    15    59     6    64 0.80 # 14333 # 15427 # -1 # ID=131_12;partial=00;start_type=ATG;rbs_motif=GGA/GAG/AGG;rbs_spacer=5-10bp;gc_cont=0.416
Ga0485799_1237_3     -             80 874197at2            -            274     0.086   11.8   0.1   1   1    0.0004     0.091   11.7   0.1    37    96     3    65     1    74 0.88 # 1220 # 1459 # 1 # ID=1237_3;partial=01;start_type=ATG;rbs_motif=None;rbs_spacer=None;gc_cont=0.333
Ga0485799_0400_7     -            402 874197at2            -            274      0.09   11.7   0.0   1   1   0.00063      0.14   11.0   0.0    36   117    37   124    28   185 0.72 # 5377 # 6582 # 1 # ID=400_7;partial=00;start_type=ATG;rbs_motif=GGA/GAG/AGG;rbs_spacer=5-10bp;gc_cont=0.279
Ga0485799_0299_7     -            413 874197at2            -            274      0.11   11.4   0.0   1   2      0.93   2.1e+02    0.6   0.0   145   200    23    83    17    89 0.72 # 5318 # 6556 # 1 # ID=299_7;partial=00;start_type=ATG;rbs_motif=None;rbs_spacer=None;gc_cont=0.415
Ga0485799_0299_7     -            413 874197at2            -            274      0.11   11.4   0.0   2   2    0.0045         1    8.2   0.0    34    57   297   320   265   333 0.76 # 5318 # 6556 # 1 # ID=299_7;partial=00;start_type=ATG;rbs_motif=None;rbs_spacer=None;gc_cont=0.415
Ga0485799_0128_8     -             54 874197at2            -            274      0.12   11.3   0.0   1   1   0.00054      0.12   11.2   0.0    28    57    22    51     7    52 0.82 # 6704 # 6865 # 1 # ID=128_8;partial=00;start_type=ATG;rbs_motif=GGA/GAG/AGG;rbs_spacer=5-10bp;gc_cont=0.358
Ga0485799_0107_21    -             73 874197at2            -            274      0.13   11.1   0.0   1   1   0.00059      0.13   11.1   0.0    38    78    24    64     6    70 0.84 # 20868 # 21086 # -1 # ID=107_21;partial=00;start_type=ATG;rbs_motif=GGA/GAG/AGG;rbs_spacer=5-10bp;gc_cont=0.356
Ga0485799_1073_1     -            208 874197at2            -            274      0.13   11.1   0.0   1   1    0.0008      0.18   10.7   0.0    19    66    15    61     5    65 0.80 # 3 # 626 # -1 # ID=1073_1;partial=10;start_type=ATG;rbs_motif=None;rbs_spacer=None;gc_cont=0.417
Ga0485799_0091_8     -            343 874197at2            -            274      0.15   10.9   0.0   1   1    0.0014      0.31    9.9   0.0    29    61    14    46     3    64 0.74 # 8814 # 9842 # 1 # ID=91_8;partial=00;start_type=ATG;rbs_motif=None;rbs_spacer=None;gc_cont=0.476
#
# Program:         hmmsearch
# Version:         3.1b2 (February 2015)
# Pipeline mode:   SEARCH
# Query file:      /home/mira/Bacteria2022/Thiomargarita_magnifica/qc_assembly/busco_article/busco_downloads/lineages/bacteria_odb10/hmms/874197at2.hmm
# Target file:     /home/mira/Bacteria2022/Thiomargarita_magnifica/qc_assembly/busco_article/busco_article/prodigal_output/predicted_genes/predicted.faa
# Option settings: hmmsearch --domtblout /home/mira/Bacteria2022/Thiomargarita_magnifica/qc_assembly/busco_article/busco_article/auto_lineage/run_bacteria_odb10/hmmer_output/874197at2.out --cpu 1 /home/mira/Bacteria2022/Thiomargarita_magnifica/qc_assembly/busco_article/busco_downloads/lineages/bacteria_odb10/hmms/874197at2.hmm /home/mira/Bacteria2022/Thiomargarita_magnifica/qc_assembly/busco_article/busco_article/prodigal_output/predicted_genes/predicted.faa 
# Current dir:     /home/mira/Bacteria2022/Thiomargarita_magnifica/qc_assembly/busco_article
# Date:            Wed Jul 13 13:05:06 2022
# [ok]
