#                                                                            --- full sequence --- -------------- this domain -------------   hmm coord   ali coord   env coord
# target name        accession   tlen query name           accession   qlen   E-value  score  bias   #  of  c-Evalue  i-Evalue  score  bias  from    to  from    to  from    to  acc description of target
#------------------- ---------- ----- -------------------- ---------- ----- --------- ------ ----- --- --- --------- --------- ------ ----- ----- ----- ----- ----- ----- ----- ---- ---------------------
Ga0485799_0777_2     -            896 91428at2             -            555  7.5e-181  601.9  19.3   1   5  6.8e-129  2.6e-125  418.6   0.0     2   332    41   461    40   464 0.83 # 1307 # 3994 # -1 # ID=777_2;partial=00;start_type=TTG;rbs_motif=GGA/GAG/AGG;rbs_spacer=5-10bp;gc_cont=0.477
Ga0485799_0777_2     -            896 91428at2             -            555  7.5e-181  601.9  19.3   2   5     3e-09   1.2e-05   23.6   0.1   335   357   509   531   501   537 0.90 # 1307 # 3994 # -1 # ID=777_2;partial=00;start_type=TTG;rbs_motif=GGA/GAG/AGG;rbs_spacer=5-10bp;gc_cont=0.477
Ga0485799_0777_2     -            896 91428at2             -            555  7.5e-181  601.9  19.3   3   5   3.3e-50   1.3e-46  158.8   2.4   359   492   580   734   575   785 0.79 # 1307 # 3994 # -1 # ID=777_2;partial=00;start_type=TTG;rbs_motif=GGA/GAG/AGG;rbs_spacer=5-10bp;gc_cont=0.477
Ga0485799_0777_2     -            896 91428at2             -            555  7.5e-181  601.9  19.3   4   5     0.026     1e+02    0.8   0.3   475   523   745   793   734   804 0.84 # 1307 # 3994 # -1 # ID=777_2;partial=00;start_type=TTG;rbs_motif=GGA/GAG/AGG;rbs_spacer=5-10bp;gc_cont=0.477
Ga0485799_0777_2     -            896 91428at2             -            555  7.5e-181  601.9  19.3   5   5     0.016        62    1.5   6.9   524   555   832   875   763   875 0.52 # 1307 # 3994 # -1 # ID=777_2;partial=00;start_type=TTG;rbs_motif=GGA/GAG/AGG;rbs_spacer=5-10bp;gc_cont=0.477
Ga0485799_0297_12    -            852 91428at2             -            555  9.6e-155  515.8  30.1   1   4    5e-107  1.9e-103  346.4   3.9     5   330     2   426     1   432 0.79 # 8958 # 11513 # 1 # ID=297_12;partial=00;start_type=ATG;rbs_motif=GGA/GAG/AGG;rbs_spacer=5-10bp;gc_cont=0.345
Ga0485799_0297_12    -            852 91428at2             -            555  9.6e-155  515.8  30.1   2   4   4.1e-08   0.00016   19.9   0.0   336   364   483   511   474   536 0.88 # 8958 # 11513 # 1 # ID=297_12;partial=00;start_type=ATG;rbs_motif=GGA/GAG/AGG;rbs_spacer=5-10bp;gc_cont=0.345
Ga0485799_0297_12    -            852 91428at2             -            555  9.6e-155  515.8  30.1   3   4   2.6e-46     1e-42  146.0   4.4   359   521   551   734   535   746 0.87 # 8958 # 11513 # 1 # ID=297_12;partial=00;start_type=ATG;rbs_motif=GGA/GAG/AGG;rbs_spacer=5-10bp;gc_cont=0.345
Ga0485799_0297_12    -            852 91428at2             -            555  9.6e-155  515.8  30.1   4   4   0.00014      0.54    8.2   3.7   528   555   799   832   735   832 0.63 # 8958 # 11513 # 1 # ID=297_12;partial=00;start_type=ATG;rbs_motif=GGA/GAG/AGG;rbs_spacer=5-10bp;gc_cont=0.345
Ga0485799_0749_3     -            610 91428at2             -            555    0.0044   15.1   0.0   1   1   2.9e-05      0.11   10.5   0.0   353   418    32    99    24   171 0.61 # 1162 # 2991 # -1 # ID=749_3;partial=00;start_type=TTG;rbs_motif=AGGA;rbs_spacer=5-10bp;gc_cont=0.338
Ga0485799_0281_12    -            637 91428at2             -            555     0.071   11.2   0.0   1   2    0.0034        13    3.7   0.0   359   415    71   126    65   139 0.73 # 10839 # 12749 # 1 # ID=281_12;partial=00;start_type=ATG;rbs_motif=None;rbs_spacer=None;gc_cont=0.450
Ga0485799_0281_12    -            637 91428at2             -            555     0.071   11.2   0.0   2   2    0.0011       4.3    5.3   0.0   438   464   175   201   158   251 0.82 # 10839 # 12749 # 1 # ID=281_12;partial=00;start_type=ATG;rbs_motif=None;rbs_spacer=None;gc_cont=0.450
#
# Program:         hmmsearch
# Version:         3.1b2 (February 2015)
# Pipeline mode:   SEARCH
# Query file:      /home/mira/Bacteria2022/Thiomargarita_magnifica/qc_assembly/busco_article/busco_downloads/lineages/bacteria_odb10/hmms/91428at2.hmm
# Target file:     /home/mira/Bacteria2022/Thiomargarita_magnifica/qc_assembly/busco_article/busco_article/prodigal_output/predicted_genes/predicted.faa
# Option settings: hmmsearch --domtblout /home/mira/Bacteria2022/Thiomargarita_magnifica/qc_assembly/busco_article/busco_article/auto_lineage/run_bacteria_odb10/hmmer_output/91428at2.out --cpu 1 /home/mira/Bacteria2022/Thiomargarita_magnifica/qc_assembly/busco_article/busco_downloads/lineages/bacteria_odb10/hmms/91428at2.hmm /home/mira/Bacteria2022/Thiomargarita_magnifica/qc_assembly/busco_article/busco_article/prodigal_output/predicted_genes/predicted.faa 
# Current dir:     /home/mira/Bacteria2022/Thiomargarita_magnifica/qc_assembly/busco_article
# Date:            Wed Jul 13 13:05:06 2022
# [ok]
