#                                                                            --- full sequence --- -------------- this domain -------------   hmm coord   ali coord   env coord
# target name        accession   tlen query name           accession   qlen   E-value  score  bias   #  of  c-Evalue  i-Evalue  score  bias  from    to  from    to  from    to  acc description of target
#------------------- ---------- ----- -------------------- ---------- ----- --------- ------ ----- --- --- --------- --------- ------ ----- ----- ----- ----- ----- ----- ----- ---- ---------------------
Ga0485799_0072_2     -            365 923547at2            -            319  8.9e-135  448.6   0.0   1   1  4.8e-138  1.1e-134  448.4   0.0     3   311     8   337     6   344 0.93 # 1084 # 2178 # -1 # ID=72_2;partial=00;start_type=ATG;rbs_motif=None;rbs_spacer=None;gc_cont=0.458
Ga0485799_0706_6     -            332 923547at2            -            319  5.3e-120  400.1   0.0   1   1  2.6e-123  5.8e-120  400.0   0.0     3   315     3   327     1   331 0.92 # 3389 # 4384 # -1 # ID=706_6;partial=00;start_type=ATG;rbs_motif=AGGA;rbs_spacer=5-10bp;gc_cont=0.337
Ga0485799_0001_76    -            345 923547at2            -            319   3.5e-09   36.0   0.4   1   1   3.4e-12   7.5e-09   34.9   0.4    76   302    79   300    77   310 0.84 # 102588 # 103622 # -1 # ID=1_76;partial=00;start_type=ATG;rbs_motif=GGA/GAG/AGG;rbs_spacer=5-10bp;gc_cont=0.489
Ga0485799_0603_5     -            330 923547at2            -            319     4e-08   32.5   0.4   1   1   3.1e-11     7e-08   31.7   0.4    76   311    65   295    62   302 0.83 # 2808 # 3797 # 1 # ID=603_5;partial=00;start_type=ATG;rbs_motif=GGAGG;rbs_spacer=5-10bp;gc_cont=0.336
Ga0485799_0107_33    -            320 923547at2            -            319   5.8e-05   22.1   0.0   1   1   3.5e-08   7.8e-05   21.7   0.0    73   188    61   171    26   216 0.76 # 26844 # 27803 # -1 # ID=107_33;partial=00;start_type=ATG;rbs_motif=AGGA/GGAG/GAGG;rbs_spacer=11-12bp;gc_cont=0.459
Ga0485799_0298_16    -            274 923547at2            -            319    0.0014   17.6   0.0   1   1     1e-06    0.0023   16.9   0.0    53   132    27   110    20   116 0.86 # 13729 # 14550 # -1 # ID=298_16;partial=00;start_type=ATG;rbs_motif=None;rbs_spacer=None;gc_cont=0.286
Ga0485799_0127_2     -             76 923547at2            -            319     0.014   14.3   0.0   1   1   6.5e-06     0.014   14.3   0.0    21    68    10    58     3    69 0.89 # 409 # 636 # -1 # ID=127_2;partial=00;start_type=ATG;rbs_motif=GGAGG;rbs_spacer=5-10bp;gc_cont=0.373
#
# Program:         hmmsearch
# Version:         3.1b2 (February 2015)
# Pipeline mode:   SEARCH
# Query file:      /home/mira/Bacteria2022/Thiomargarita_magnifica/qc_assembly/busco_article/busco_downloads/lineages/bacteria_odb10/hmms/923547at2.hmm
# Target file:     /home/mira/Bacteria2022/Thiomargarita_magnifica/qc_assembly/busco_article/busco_article/prodigal_output/predicted_genes/predicted.faa
# Option settings: hmmsearch --domtblout /home/mira/Bacteria2022/Thiomargarita_magnifica/qc_assembly/busco_article/busco_article/auto_lineage/run_bacteria_odb10/hmmer_output/923547at2.out --cpu 1 /home/mira/Bacteria2022/Thiomargarita_magnifica/qc_assembly/busco_article/busco_downloads/lineages/bacteria_odb10/hmms/923547at2.hmm /home/mira/Bacteria2022/Thiomargarita_magnifica/qc_assembly/busco_article/busco_article/prodigal_output/predicted_genes/predicted.faa 
# Current dir:     /home/mira/Bacteria2022/Thiomargarita_magnifica/qc_assembly/busco_article
# Date:            Wed Jul 13 13:05:06 2022
# [ok]
