#                                                                            --- full sequence --- -------------- this domain -------------   hmm coord   ali coord   env coord
# target name        accession   tlen query name           accession   qlen   E-value  score  bias   #  of  c-Evalue  i-Evalue  score  bias  from    to  from    to  from    to  acc description of target
#------------------- ---------- ----- -------------------- ---------- ----- --------- ------ ----- --- --- --------- --------- ------ ----- ----- ----- ----- ----- ----- ----- ---- ---------------------
Ga0485799_0013_39    -            426 932854at2            -           1620  3.4e-200  667.6   0.6   1   1  3.2e-203  3.8e-200  667.4   0.6     2   419     1   424     1   425 0.98 # 33148 # 34425 # -1 # ID=13_39;partial=00;start_type=ATG;rbs_motif=GGA/GAG/AGG;rbs_spacer=11-12bp;gc_cont=0.504
Ga0485799_1092_2     -            424 932854at2            -           1620  1.8e-165  552.4   1.7   1   1  1.7e-168  2.1e-165  552.3   1.7     2   416     1   422     1   423 0.97 # 412 # 1683 # 1 # ID=1092_2;partial=00;start_type=ATG;rbs_motif=AGGA;rbs_spacer=5-10bp;gc_cont=0.330
Ga0485799_0096_29    -           1260 932854at2            -           1620   4.4e-59  199.8   0.0   1   3     3e-09   3.6e-06   24.4   0.1   580   666   153   239    86   243 0.76 # 32580 # 36359 # -1 # ID=96_29;partial=00;start_type=ATG;rbs_motif=GGAG/GAGG;rbs_spacer=5-10bp;gc_cont=0.480
Ga0485799_0096_29    -           1260 932854at2            -           1620   4.4e-59  199.8   0.0   2   3   2.1e-35   2.6e-32  111.1   0.0   729  1247   261   811   253   905 0.79 # 32580 # 36359 # -1 # ID=96_29;partial=00;start_type=ATG;rbs_motif=GGAG/GAGG;rbs_spacer=5-10bp;gc_cont=0.480
Ga0485799_0096_29    -           1260 932854at2            -           1620   4.4e-59  199.8   0.0   3   3   4.1e-20   4.9e-17   60.4   0.0  1415  1594  1043  1227  1000  1237 0.78 # 32580 # 36359 # -1 # ID=96_29;partial=00;start_type=ATG;rbs_motif=GGAG/GAGG;rbs_spacer=5-10bp;gc_cont=0.480
Ga0485799_0872_2     -            224 932854at2            -           1620   5.7e-32  110.0   0.3   1   1   9.2e-35   1.1e-31  109.0   0.3  1368  1599     2   209     1   219 0.84 # 502 # 1173 # -1 # ID=872_2;partial=00;start_type=ATG;rbs_motif=GGA/GAG/AGG;rbs_spacer=5-10bp;gc_cont=0.338
Ga0485799_1035_1     -            266 932854at2            -           1620   1.6e-20   72.0   0.0   1   1   1.6e-23   1.9e-20   71.7   0.0   738   973     2   237     1   250 0.82 # 176 # 973 # 1 # ID=1035_1;partial=00;start_type=ATG;rbs_motif=None;rbs_spacer=None;gc_cont=0.370
Ga0485799_1171_2     -            435 932854at2            -           1620     2e-10   38.5   0.0   1   2   3.2e-13   3.8e-10   37.6   0.0   951  1239     2   284     1   341 0.79 # 340 # 1644 # -1 # ID=1171_2;partial=01;start_type=Edge;rbs_motif=None;rbs_spacer=None;gc_cont=0.360
Ga0485799_1171_2     -            435 932854at2            -           1620     2e-10   38.5   0.0   2   2      0.74   8.9e+02   -3.4   0.0   367   400   396   429   374   430 0.80 # 340 # 1644 # -1 # ID=1171_2;partial=01;start_type=Edge;rbs_motif=None;rbs_spacer=None;gc_cont=0.360
Ga0485799_0003_10    -            300 932854at2            -           1620   5.5e-08   30.5   0.0   1   2   1.7e-07    0.0002   18.7   0.0   514   689    46   212    18   218 0.76 # 9977 # 10876 # 1 # ID=3_10;partial=00;start_type=ATG;rbs_motif=AGGA;rbs_spacer=5-10bp;gc_cont=0.460
Ga0485799_0003_10    -            300 932854at2            -           1620   5.5e-08   30.5   0.0   2   2   5.6e-05     0.066   10.3   0.0   754   815   217   290   213   296 0.87 # 9977 # 10876 # 1 # ID=3_10;partial=00;start_type=ATG;rbs_motif=AGGA;rbs_spacer=5-10bp;gc_cont=0.460
Ga0485799_0978_1     -            347 932854at2            -           1620   9.2e-08   29.7   0.0   1   1     1e-10   1.2e-07   29.3   0.0    45   203    47   203     3   211 0.74 # 2 # 1042 # -1 # ID=978_1;partial=10;start_type=ATG;rbs_motif=None;rbs_spacer=None;gc_cont=0.273
Ga0485799_1718_2     -             82 932854at2            -           1620   8.3e-07   26.5   0.0   1   1   7.7e-10   9.2e-07   26.4   0.0   107   188     8    82     3    82 0.86 # 495 # 740 # 1 # ID=1718_2;partial=01;start_type=GTG;rbs_motif=None;rbs_spacer=None;gc_cont=0.268
Ga0485799_0405_8     -            391 932854at2            -           1620   0.00047   17.4   0.1   1   1   5.6e-07   0.00067   16.9   0.1   106   171     8    78     6   100 0.84 # 6280 # 7452 # -1 # ID=405_8;partial=00;start_type=ATG;rbs_motif=AGGAG;rbs_spacer=5-10bp;gc_cont=0.360
Ga0485799_0205_2     -            582 932854at2            -           1620   0.00051   17.3   0.0   1   1   6.2e-07   0.00074   16.8   0.0   103   194   330   418   328   424 0.87 # 3426 # 5171 # -1 # ID=205_2;partial=00;start_type=ATG;rbs_motif=None;rbs_spacer=None;gc_cont=0.475
Ga0485799_0013_35    -            448 932854at2            -           1620    0.0037   14.5   0.0   1   1     4e-06    0.0048   14.1   0.0    79   186    92   205    88   219 0.85 # 29512 # 30855 # -1 # ID=13_35;partial=00;start_type=ATG;rbs_motif=GGAG/GAGG;rbs_spacer=5-10bp;gc_cont=0.466
Ga0485799_0034_38    -           1070 932854at2            -           1620    0.0095   13.1   0.0   1   2    0.0068       8.2    3.4   0.0   107   199   133   225   105   245 0.86 # 32742 # 35951 # 1 # ID=34_38;partial=00;start_type=ATG;rbs_motif=None;rbs_spacer=None;gc_cont=0.471
Ga0485799_0034_38    -           1070 932854at2            -           1620    0.0095   13.1   0.0   2   2   0.00039      0.47    7.5   0.0    78   202   641   765   585   767 0.87 # 32742 # 35951 # 1 # ID=34_38;partial=00;start_type=ATG;rbs_motif=None;rbs_spacer=None;gc_cont=0.471
#
# Program:         hmmsearch
# Version:         3.1b2 (February 2015)
# Pipeline mode:   SEARCH
# Query file:      /home/mira/Bacteria2022/Thiomargarita_magnifica/qc_assembly/busco_article/busco_downloads/lineages/bacteria_odb10/hmms/932854at2.hmm
# Target file:     /home/mira/Bacteria2022/Thiomargarita_magnifica/qc_assembly/busco_article/busco_article/prodigal_output/predicted_genes/predicted.faa
# Option settings: hmmsearch --domtblout /home/mira/Bacteria2022/Thiomargarita_magnifica/qc_assembly/busco_article/busco_article/auto_lineage/run_bacteria_odb10/hmmer_output/932854at2.out --cpu 1 /home/mira/Bacteria2022/Thiomargarita_magnifica/qc_assembly/busco_article/busco_downloads/lineages/bacteria_odb10/hmms/932854at2.hmm /home/mira/Bacteria2022/Thiomargarita_magnifica/qc_assembly/busco_article/busco_article/prodigal_output/predicted_genes/predicted.faa 
# Current dir:     /home/mira/Bacteria2022/Thiomargarita_magnifica/qc_assembly/busco_article
# Date:            Wed Jul 13 13:05:07 2022
# [ok]
