#                                                                            --- full sequence --- -------------- this domain -------------   hmm coord   ali coord   env coord
# target name        accession   tlen query name           accession   qlen   E-value  score  bias   #  of  c-Evalue  i-Evalue  score  bias  from    to  from    to  from    to  acc description of target
#------------------- ---------- ----- -------------------- ---------- ----- --------- ------ ----- --- --- --------- --------- ------ ----- ----- ----- ----- ----- ----- ----- ---- ---------------------
Ga0485799_0011_58    -            434 932993at2            -            255   3.9e-20   71.8  18.4   1   5   3.7e-09   2.9e-05   23.1   0.3     9    57    15    71    11    99 0.79 # 50486 # 51787 # -1 # ID=11_58;partial=00;start_type=ATG;rbs_motif=GGA/GAG/AGG;rbs_spacer=5-10bp;gc_cont=0.431
Ga0485799_0011_58    -            434 932993at2            -            255   3.9e-20   71.8  18.4   2   5   7.7e-08    0.0006   18.8   0.0    66   119   102   174    82   177 0.88 # 50486 # 51787 # -1 # ID=11_58;partial=00;start_type=ATG;rbs_motif=GGA/GAG/AGG;rbs_spacer=5-10bp;gc_cont=0.431
Ga0485799_0011_58    -            434 932993at2            -            255   3.9e-20   71.8  18.4   3   5   7.8e-09   6.1e-05   22.0   4.1   116   232   199   329   195   340 0.81 # 50486 # 51787 # -1 # ID=11_58;partial=00;start_type=ATG;rbs_motif=GGA/GAG/AGG;rbs_spacer=5-10bp;gc_cont=0.431
Ga0485799_0011_58    -            434 932993at2            -            255   3.9e-20   71.8  18.4   4   5     0.012        92    1.8   0.0   202   230   341   371   337   381 0.76 # 50486 # 51787 # -1 # ID=11_58;partial=00;start_type=ATG;rbs_motif=GGA/GAG/AGG;rbs_spacer=5-10bp;gc_cont=0.431
Ga0485799_0011_58    -            434 932993at2            -            255   3.9e-20   71.8  18.4   5   5   5.1e-06      0.04   12.8   0.3   217   255   386   424   384   424 0.95 # 50486 # 51787 # -1 # ID=11_58;partial=00;start_type=ATG;rbs_motif=GGA/GAG/AGG;rbs_spacer=5-10bp;gc_cont=0.431
Ga0485799_0204_2     -            434 932993at2            -            255   2.8e-12   46.1  31.7   1   5     2e-06     0.016   14.2   0.2    15    49    22    61     9    74 0.80 # 1205 # 2506 # 1 # ID=204_2;partial=00;start_type=ATG;rbs_motif=GGAG/GAGG;rbs_spacer=5-10bp;gc_cont=0.329
Ga0485799_0204_2     -            434 932993at2            -            255   2.8e-12   46.1  31.7   2   5   1.9e-06     0.015   14.2   0.2    65   121   102   179    99   194 0.74 # 1205 # 2506 # 1 # ID=204_2;partial=00;start_type=ATG;rbs_motif=GGAG/GAGG;rbs_spacer=5-10bp;gc_cont=0.329
Ga0485799_0204_2     -            434 932993at2            -            255   2.8e-12   46.1  31.7   3   5   6.1e-10   4.7e-06   25.7   6.3   117   181   202   284   199   297 0.75 # 1205 # 2506 # 1 # ID=204_2;partial=00;start_type=ATG;rbs_motif=GGAG/GAGG;rbs_spacer=5-10bp;gc_cont=0.329
Ga0485799_0204_2     -            434 932993at2            -            255   2.8e-12   46.1  31.7   4   5      0.01        81    2.0   1.8   184   234   303   350   287   353 0.72 # 1205 # 2506 # 1 # ID=204_2;partial=00;start_type=ATG;rbs_motif=GGAG/GAGG;rbs_spacer=5-10bp;gc_cont=0.329
Ga0485799_0204_2     -            434 932993at2            -            255   2.8e-12   46.1  31.7   5   5     0.011        83    2.0   5.8   197   231   349   384   321   395 0.76 # 1205 # 2506 # 1 # ID=204_2;partial=00;start_type=ATG;rbs_motif=GGAG/GAGG;rbs_spacer=5-10bp;gc_cont=0.329
#
# Program:         hmmsearch
# Version:         3.1b2 (February 2015)
# Pipeline mode:   SEARCH
# Query file:      /home/mira/Bacteria2022/Thiomargarita_magnifica/qc_assembly/busco_article/busco_downloads/lineages/bacteria_odb10/hmms/932993at2.hmm
# Target file:     /home/mira/Bacteria2022/Thiomargarita_magnifica/qc_assembly/busco_article/busco_article/prodigal_output/predicted_genes/predicted.faa
# Option settings: hmmsearch --domtblout /home/mira/Bacteria2022/Thiomargarita_magnifica/qc_assembly/busco_article/busco_article/auto_lineage/run_bacteria_odb10/hmmer_output/932993at2.out --cpu 1 /home/mira/Bacteria2022/Thiomargarita_magnifica/qc_assembly/busco_article/busco_downloads/lineages/bacteria_odb10/hmms/932993at2.hmm /home/mira/Bacteria2022/Thiomargarita_magnifica/qc_assembly/busco_article/busco_article/prodigal_output/predicted_genes/predicted.faa 
# Current dir:     /home/mira/Bacteria2022/Thiomargarita_magnifica/qc_assembly/busco_article
# Date:            Wed Jul 13 13:05:07 2022
# [ok]
