#                                                                            --- full sequence --- -------------- this domain -------------   hmm coord   ali coord   env coord
# target name        accession   tlen query name           accession   qlen   E-value  score  bias   #  of  c-Evalue  i-Evalue  score  bias  from    to  from    to  from    to  acc description of target
#------------------- ---------- ----- -------------------- ---------- ----- --------- ------ ----- --- --- --------- --------- ------ ----- ----- ----- ----- ----- ----- ----- ---- ---------------------
Ga0485799_0226_8     -            678 95696at2             -            490  4.6e-225  747.7   7.2   1   1  4.1e-226  3.8e-223  741.3   7.2     1   478    35   590    35   597 0.90 # 4531 # 6564 # -1 # ID=226_8;partial=00;start_type=ATG;rbs_motif=GGA/GAG/AGG;rbs_spacer=5-10bp;gc_cont=0.453
Ga0485799_0540_7     -            658 95696at2             -            490  4.7e-195  648.7  19.1   1   2  5.9e-197  5.4e-194  645.2  13.1     2   476    35   590    34   603 0.85 # 5382 # 7355 # -1 # ID=540_7;partial=00;start_type=ATG;rbs_motif=None;rbs_spacer=None;gc_cont=0.338
Ga0485799_0540_7     -            658 95696at2             -            490  4.7e-195  648.7  19.1   2   2      0.35   3.2e+02   -0.5   0.4   446   490   606   651   597   651 0.78 # 5382 # 7355 # -1 # ID=540_7;partial=00;start_type=ATG;rbs_motif=None;rbs_spacer=None;gc_cont=0.338
Ga0485799_0152_8     -           1149 95696at2             -            490   1.7e-10   39.9   0.9   1   3   3.2e-05     0.029   12.8   0.0   118   250   143   285    34   297 0.77 # 13613 # 17059 # -1 # ID=152_8;partial=00;start_type=ATG;rbs_motif=None;rbs_spacer=None;gc_cont=0.451
Ga0485799_0152_8     -           1149 95696at2             -            490   1.7e-10   39.9   0.9   2   3     0.025        23    3.2   0.0   339   417   654   735   625   745 0.76 # 13613 # 17059 # -1 # ID=152_8;partial=00;start_type=ATG;rbs_motif=None;rbs_spacer=None;gc_cont=0.451
Ga0485799_0152_8     -           1149 95696at2             -            490   1.7e-10   39.9   0.9   3   3   1.5e-07   0.00014   20.5   0.2   350   445   827   916   811   933 0.81 # 13613 # 17059 # -1 # ID=152_8;partial=00;start_type=ATG;rbs_motif=None;rbs_spacer=None;gc_cont=0.451
Ga0485799_0451_11    -            488 95696at2             -            490   9.6e-10   37.5   0.8   1   2    0.0068       6.2    5.1   0.0     7    47   107   147   102   155 0.91 # 8192 # 9655 # 1 # ID=451_11;partial=00;start_type=ATG;rbs_motif=AGGAG;rbs_spacer=5-10bp;gc_cont=0.476
Ga0485799_0451_11    -            488 95696at2             -            490   9.6e-10   37.5   0.8   2   2   1.2e-10   1.1e-07   30.7   0.3   367   458   391   480   367   486 0.81 # 8192 # 9655 # 1 # ID=451_11;partial=00;start_type=ATG;rbs_motif=AGGAG;rbs_spacer=5-10bp;gc_cont=0.476
Ga0485799_0556_4     -            432 95696at2             -            490     2e-09   36.4   0.1   1   2      0.11        98    1.2   0.0     7    49    47    99    42   106 0.73 # 3258 # 4553 # 1 # ID=556_4;partial=00;start_type=ATG;rbs_motif=GGA/GAG/AGG;rbs_spacer=5-10bp;gc_cont=0.305
Ga0485799_0556_4     -            432 95696at2             -            490     2e-09   36.4   0.1   2   2   2.6e-11   2.4e-08   32.9   0.0   336   408   243   315   231   351 0.89 # 3258 # 4553 # 1 # ID=556_4;partial=00;start_type=ATG;rbs_motif=GGA/GAG/AGG;rbs_spacer=5-10bp;gc_cont=0.305
Ga0485799_0481_6     -            735 95696at2             -            490   2.7e-09   36.0   0.3   1   2   6.9e-05     0.063   11.7   0.0     3    47   226   273   224   280 0.89 # 1813 # 4017 # -1 # ID=481_6;partial=00;start_type=ATG;rbs_motif=None;rbs_spacer=None;gc_cont=0.459
Ga0485799_0481_6     -            735 95696at2             -            490   2.7e-09   36.0   0.3   2   2   4.2e-08   3.9e-05   22.3   0.1   345   435   495   592   488   604 0.76 # 1813 # 4017 # -1 # ID=481_6;partial=00;start_type=ATG;rbs_motif=None;rbs_spacer=None;gc_cont=0.459
Ga0485799_0627_5     -            687 95696at2             -            490   3.4e-09   35.6   0.8   1   3      0.63   5.8e+02   -1.4   0.0   205   255    14    64     4    72 0.81 # 3712 # 5772 # -1 # ID=627_5;partial=01;start_type=Edge;rbs_motif=None;rbs_spacer=None;gc_cont=0.301
Ga0485799_0627_5     -            687 95696at2             -            490   3.4e-09   35.6   0.8   2   3    0.0015       1.4    7.3   0.0   342   411   234   302   206   315 0.79 # 3712 # 5772 # -1 # ID=627_5;partial=01;start_type=Edge;rbs_motif=None;rbs_spacer=None;gc_cont=0.301
Ga0485799_0627_5     -            687 95696at2             -            490   3.4e-09   35.6   0.8   3   3   4.3e-09   3.9e-06   25.5   0.1   360   436   408   480   391   503 0.82 # 3712 # 5772 # -1 # ID=627_5;partial=01;start_type=Edge;rbs_motif=None;rbs_spacer=None;gc_cont=0.301
Ga0485799_0450_2     -            483 95696at2             -            490   5.8e-08   31.6   0.1   1   2     0.014        13    4.0   0.1     5    46    45    91    41   103 0.78 # 410 # 1858 # 1 # ID=450_2;partial=00;start_type=ATG;rbs_motif=AGGA;rbs_spacer=5-10bp;gc_cont=0.324
Ga0485799_0450_2     -            483 95696at2             -            490   5.8e-08   31.6   0.1   2   2     5e-09   4.5e-06   25.3   0.0   338   408   238   308   231   328 0.92 # 410 # 1858 # 1 # ID=450_2;partial=00;start_type=ATG;rbs_motif=AGGA;rbs_spacer=5-10bp;gc_cont=0.324
Ga0485799_1106_1     -            540 95696at2             -            490   7.1e-07   28.0   0.4   1   2   0.00061      0.56    8.6   0.0     3    50   132   182   130   190 0.86 # 1 # 1620 # -1 # ID=1106_1;partial=10;start_type=GTG;rbs_motif=AGGA;rbs_spacer=5-10bp;gc_cont=0.301
Ga0485799_1106_1     -            540 95696at2             -            490   7.1e-07   28.0   0.4   2   2   1.7e-06    0.0015   17.0   0.0   348   443   393   496   377   515 0.72 # 1 # 1620 # -1 # ID=1106_1;partial=10;start_type=GTG;rbs_motif=AGGA;rbs_spacer=5-10bp;gc_cont=0.301
Ga0485799_0246_7     -            431 95696at2             -            490   7.3e-06   24.7   0.3   1   2       0.7   6.4e+02   -1.5   0.0    20    46    70    97    45   104 0.70 # 7748 # 9040 # 1 # ID=246_7;partial=00;start_type=GTG;rbs_motif=GGAG/GAGG;rbs_spacer=5-10bp;gc_cont=0.477
Ga0485799_0246_7     -            431 95696at2             -            490   7.3e-06   24.7   0.3   2   2   2.2e-08     2e-05   23.2   0.1   334   413   242   321   192   348 0.80 # 7748 # 9040 # 1 # ID=246_7;partial=00;start_type=GTG;rbs_motif=GGAG/GAGG;rbs_spacer=5-10bp;gc_cont=0.477
Ga0485799_0246_2     -            696 95696at2             -            490   2.4e-05   23.0   0.2   1   2      0.39   3.6e+02   -0.7   0.0     3    47   296   343   294   405 0.67 # 978 # 3065 # 1 # ID=246_2;partial=00;start_type=TTG;rbs_motif=GGA/GAG/AGG;rbs_spacer=5-10bp;gc_cont=0.457
Ga0485799_0246_2     -            696 95696at2             -            490   2.4e-05   23.0   0.2   2   2     1e-07   9.5e-05   21.0   0.1   346   443   503   601   493   620 0.85 # 978 # 3065 # 1 # ID=246_2;partial=00;start_type=TTG;rbs_motif=GGA/GAG/AGG;rbs_spacer=5-10bp;gc_cont=0.457
Ga0485799_0253_2     -            462 95696at2             -            490   9.1e-05   21.1   0.3   1   2    0.0017       1.6    7.1   0.0     4    46    48    96    45    99 0.76 # 1342 # 2727 # 1 # ID=253_2;partial=00;start_type=TTG;rbs_motif=AGGA;rbs_spacer=5-10bp;gc_cont=0.503
Ga0485799_0253_2     -            462 95696at2             -            490   9.1e-05   21.1   0.3   2   2   5.4e-05      0.05   12.0   0.1   340   442   248   345   238   365 0.81 # 1342 # 2727 # 1 # ID=253_2;partial=00;start_type=TTG;rbs_motif=AGGA;rbs_spacer=5-10bp;gc_cont=0.503
Ga0485799_0352_3     -            207 95696at2             -            490   0.00013   20.5   0.2   1   1   1.8e-07   0.00016   20.2   0.2   349   434     5    85     1   103 0.82 # 729 # 1349 # -1 # ID=352_3;partial=00;start_type=ATG;rbs_motif=None;rbs_spacer=None;gc_cont=0.308
Ga0485799_0601_1     -            647 95696at2             -            490   0.00086   17.8   0.0   1   2   2.9e-06    0.0026   16.2   0.0   340   444   231   333   215   375 0.77 # 2 # 1942 # -1 # ID=601_1;partial=10;start_type=ATG;rbs_motif=None;rbs_spacer=None;gc_cont=0.295
Ga0485799_0601_1     -            647 95696at2             -            490   0.00086   17.8   0.0   2   2      0.66     6e+02   -1.4   0.0   113   165   336   388   325   414 0.84 # 2 # 1942 # -1 # ID=601_1;partial=10;start_type=ATG;rbs_motif=None;rbs_spacer=None;gc_cont=0.295
Ga0485799_1191_2     -            221 95696at2             -            490      0.01   14.3   0.1   1   1   1.6e-05     0.015   13.7   0.1   134   166   129   165   105   182 0.79 # 797 # 1459 # 1 # ID=1191_2;partial=00;start_type=ATG;rbs_motif=None;rbs_spacer=None;gc_cont=0.262
Ga0485799_0759_1     -            241 95696at2             -            490     0.016   13.6   0.3   1   1   2.9e-05     0.027   12.9   0.3     5    46    47    94    43   104 0.78 # 3 # 725 # -1 # ID=759_1;partial=10;start_type=TTG;rbs_motif=None;rbs_spacer=None;gc_cont=0.275
Ga0485799_0058_25    -            551 95696at2             -            490     0.079   11.4   0.0   1   2    0.0058       5.3    5.3   0.0     7    52   213   260   208   313 0.90 # 17729 # 19381 # -1 # ID=58_25;partial=00;start_type=ATG;rbs_motif=None;rbs_spacer=None;gc_cont=0.420
Ga0485799_0058_25    -            551 95696at2             -            490     0.079   11.4   0.0   2   2     0.017        15    3.8   0.0   362   434   440   508   412   527 0.77 # 17729 # 19381 # -1 # ID=58_25;partial=00;start_type=ATG;rbs_motif=None;rbs_spacer=None;gc_cont=0.420
#
# Program:         hmmsearch
# Version:         3.1b2 (February 2015)
# Pipeline mode:   SEARCH
# Query file:      /home/mira/Bacteria2022/Thiomargarita_magnifica/qc_assembly/busco_article/busco_downloads/lineages/bacteria_odb10/hmms/95696at2.hmm
# Target file:     /home/mira/Bacteria2022/Thiomargarita_magnifica/qc_assembly/busco_article/busco_article/prodigal_output/predicted_genes/predicted.faa
# Option settings: hmmsearch --domtblout /home/mira/Bacteria2022/Thiomargarita_magnifica/qc_assembly/busco_article/busco_article/auto_lineage/run_bacteria_odb10/hmmer_output/95696at2.out --cpu 1 /home/mira/Bacteria2022/Thiomargarita_magnifica/qc_assembly/busco_article/busco_downloads/lineages/bacteria_odb10/hmms/95696at2.hmm /home/mira/Bacteria2022/Thiomargarita_magnifica/qc_assembly/busco_article/busco_article/prodigal_output/predicted_genes/predicted.faa 
# Current dir:     /home/mira/Bacteria2022/Thiomargarita_magnifica/qc_assembly/busco_article
# Date:            Wed Jul 13 13:05:07 2022
# [ok]
