#                                                                            --- full sequence --- -------------- this domain -------------   hmm coord   ali coord   env coord
# target name        accession   tlen query name           accession   qlen   E-value  score  bias   #  of  c-Evalue  i-Evalue  score  bias  from    to  from    to  from    to  acc description of target
#------------------- ---------- ----- -------------------- ---------- ----- --------- ------ ----- --- --- --------- --------- ------ ----- ----- ----- ----- ----- ----- ----- ---- ---------------------
Ga0485799_0313_4     -            299 984717at2            -            224     4e-68  229.0   3.0   1   2     1e-36     6e-34  117.3   0.0     1   111     9   135     9   148 0.82 # 3863 # 4759 # -1 # ID=313_4;partial=00;start_type=ATG;rbs_motif=GGA/GAG/AGG;rbs_spacer=5-10bp;gc_cont=0.447
Ga0485799_0313_4     -            299 984717at2            -            224     4e-68  229.0   3.0   2   2   2.3e-34   1.3e-31  109.6   1.0   109   223   160   294   153   295 0.86 # 3863 # 4759 # -1 # ID=313_4;partial=00;start_type=ATG;rbs_motif=GGA/GAG/AGG;rbs_spacer=5-10bp;gc_cont=0.447
Ga0485799_0775_2     -            294 984717at2            -            224   4.8e-49  166.6  11.5   1   1   2.6e-47   1.5e-44  151.9  11.5     1   224     6   290     6   290 0.74 # 96 # 977 # -1 # ID=775_2;partial=00;start_type=ATG;rbs_motif=AGGA;rbs_spacer=5-10bp;gc_cont=0.294
Ga0485799_0767_3     -            505 984717at2            -            224   1.4e-30  106.2   0.2   1   2   7.4e-20   4.2e-17   62.2   0.0     2   109     4   127     3   138 0.80 # 1417 # 2931 # -1 # ID=767_3;partial=00;start_type=ATG;rbs_motif=AGGA;rbs_spacer=5-10bp;gc_cont=0.303
Ga0485799_0767_3     -            505 984717at2            -            224   1.4e-30  106.2   0.2   2   2   1.6e-13   9.2e-11   41.4   0.0     2    87   209   302   208   339 0.73 # 1417 # 2931 # -1 # ID=767_3;partial=00;start_type=ATG;rbs_motif=AGGA;rbs_spacer=5-10bp;gc_cont=0.303
Ga0485799_0236_2     -            463 984717at2            -            224   8.7e-29  100.4   0.1   1   2   9.6e-15   5.5e-12   45.4   0.0     2   105     5   125     4   137 0.72 # 527 # 1915 # -1 # ID=236_2;partial=00;start_type=ATG;rbs_motif=None;rbs_spacer=None;gc_cont=0.461
Ga0485799_0236_2     -            463 984717at2            -            224   8.7e-29  100.4   0.1   2   2     6e-17   3.5e-14   52.6   0.0     2   103   177   284   176   304 0.74 # 527 # 1915 # -1 # ID=236_2;partial=00;start_type=ATG;rbs_motif=None;rbs_spacer=None;gc_cont=0.461
Ga0485799_0495_3     -            453 984717at2            -            224   1.8e-15   56.9   1.7   1   1     6e-18   3.5e-15   55.9   1.7     2   104   219   326   218   360 0.85 # 2619 # 3977 # 1 # ID=495_3;partial=00;start_type=ATG;rbs_motif=AGxAG;rbs_spacer=5-10bp;gc_cont=0.289
Ga0485799_0004_101   -            467 984717at2            -            224   4.5e-10   39.2   0.0   1   1   1.3e-12   7.6e-10   38.4   0.0     2   104   243   358   242   377 0.74 # 91918 # 93318 # 1 # ID=4_101;partial=00;start_type=ATG;rbs_motif=4Base/6BMM;rbs_spacer=13-15bp;gc_cont=0.476
Ga0485799_0028_29    -            426 984717at2            -            224   4.6e-09   35.9   0.3   1   1   1.8e-11   1.1e-08   34.7   0.3     2   104   200   308   199   327 0.79 # 35443 # 36720 # 1 # ID=28_29;partial=00;start_type=ATG;rbs_motif=GGAG/GAGG;rbs_spacer=5-10bp;gc_cont=0.487
Ga0485799_0277_2     -            680 984717at2            -            224   9.2e-07   28.3   0.9   1   2   5.4e-09   3.1e-06   26.6   0.1     2   100     6   109     5   124 0.83 # 103 # 2142 # 1 # ID=277_2;partial=00;start_type=ATG;rbs_motif=GGAG/GAGG;rbs_spacer=5-10bp;gc_cont=0.329
Ga0485799_0277_2     -            680 984717at2            -            224   9.2e-07   28.3   0.9   2   2       1.3   7.7e+02   -0.8   0.1    70   116   210   255   198   291 0.63 # 103 # 2142 # 1 # ID=277_2;partial=00;start_type=ATG;rbs_motif=GGAG/GAGG;rbs_spacer=5-10bp;gc_cont=0.329
Ga0485799_0198_9     -            779 984717at2            -            224   1.3e-06   27.9   0.8   1   1   6.3e-09   3.6e-06   26.4   0.7     2   107     6   128     5   258 0.72 # 9884 # 12220 # 1 # ID=198_9;partial=00;start_type=ATG;rbs_motif=GGAG/GAGG;rbs_spacer=5-10bp;gc_cont=0.452
Ga0485799_0419_8     -            866 984717at2            -            224   1.2e-05   24.7   0.5   1   1   4.5e-08   2.6e-05   23.6   0.5     2   113   368   486   367   498 0.78 # 4668 # 7265 # -1 # ID=419_8;partial=00;start_type=ATG;rbs_motif=AGGAG/GGAGG;rbs_spacer=11-12bp;gc_cont=0.339
Ga0485799_0126_18    -            919 984717at2            -            224   3.3e-05   23.3   1.9   1   2       0.6   3.5e+02    0.3   0.2    14    63   344   392   342   409 0.79 # 16759 # 19515 # -1 # ID=126_18;partial=00;start_type=ATG;rbs_motif=None;rbs_spacer=None;gc_cont=0.496
Ga0485799_0126_18    -            919 984717at2            -            224   3.3e-05   23.3   1.9   2   2   1.7e-07    0.0001   21.7   0.1     2   106   423   534   422   556 0.78 # 16759 # 19515 # -1 # ID=126_18;partial=00;start_type=ATG;rbs_motif=None;rbs_spacer=None;gc_cont=0.496
Ga0485799_0151_6     -            354 984717at2            -            224   4.4e-05   22.9   0.1   1   2       2.7   1.6e+03   -1.8   0.1    92   122   142   171   107   181 0.58 # 4678 # 5739 # -1 # ID=151_6;partial=00;start_type=ATG;rbs_motif=None;rbs_spacer=None;gc_cont=0.356
Ga0485799_0151_6     -            354 984717at2            -            224   4.4e-05   22.9   0.1   2   2   1.8e-07    0.0001   21.6   0.0     3    72   198   270   196   349 0.75 # 4678 # 5739 # -1 # ID=151_6;partial=00;start_type=ATG;rbs_motif=None;rbs_spacer=None;gc_cont=0.356
Ga0485799_0014_31    -            195 984717at2            -            224   0.00059   19.2   0.0   1   2   3.1e-06    0.0018   17.6   0.0     2    56    27    80    26   101 0.79 # 60359 # 60943 # -1 # ID=14_31;partial=00;start_type=ATG;rbs_motif=None;rbs_spacer=None;gc_cont=0.484
Ga0485799_0014_31    -            195 984717at2            -            224   0.00059   19.2   0.0   2   2       2.4   1.4e+03   -1.7   0.0    88   105   132   149   114   163 0.80 # 60359 # 60943 # -1 # ID=14_31;partial=00;start_type=ATG;rbs_motif=None;rbs_spacer=None;gc_cont=0.484
Ga0485799_0034_44    -            338 984717at2            -            224   0.00064   19.0   0.0   1   2   7.6e-05     0.044   13.0   0.0     2    58   162   219   161   228 0.74 # 39054 # 40067 # -1 # ID=34_44;partial=00;start_type=ATG;rbs_motif=GGAG/GAGG;rbs_spacer=5-10bp;gc_cont=0.450
Ga0485799_0034_44    -            338 984717at2            -            224   0.00064   19.0   0.0   2   2     0.043        25    4.0   0.0    74   108   257   291   239   323 0.82 # 39054 # 40067 # -1 # ID=34_44;partial=00;start_type=ATG;rbs_motif=GGAG/GAGG;rbs_spacer=5-10bp;gc_cont=0.450
Ga0485799_0633_2     -            365 984717at2            -            224   0.00071   18.9   0.0   1   1   3.7e-06    0.0021   17.4   0.0     2    60   161   220   160   296 0.70 # 710 # 1804 # -1 # ID=633_2;partial=00;start_type=ATG;rbs_motif=AGGA/GGAG/GAGG;rbs_spacer=11-12bp;gc_cont=0.327
Ga0485799_0077_7     -            364 984717at2            -            224    0.0008   18.7   0.0   1   1     3e-06    0.0017   17.6   0.0     3    24     6    27     4    33 0.90 # 12031 # 13122 # 1 # ID=77_7;partial=00;start_type=ATG;rbs_motif=GGA/GAG/AGG;rbs_spacer=5-10bp;gc_cont=0.467
Ga0485799_0317_7     -            207 984717at2            -            224    0.0014   17.9   0.0   1   2     7e-06     0.004   16.4   0.0     2    28    26    53    25    69 0.81 # 3015 # 3635 # 1 # ID=317_7;partial=00;start_type=GTG;rbs_motif=None;rbs_spacer=None;gc_cont=0.288
Ga0485799_0317_7     -            207 984717at2            -            224    0.0014   17.9   0.0   2   2       3.7   2.1e+03   -2.3   0.0    64   219    98   107    77   111 0.61 # 3015 # 3635 # 1 # ID=317_7;partial=00;start_type=GTG;rbs_motif=None;rbs_spacer=None;gc_cont=0.288
Ga0485799_0108_15    -            766 984717at2            -            224    0.0021   17.3   0.1   1   2    0.0019       1.1    8.5   0.1     2    27    56    81    55    99 0.80 # 14619 # 16916 # 1 # ID=108_15;partial=00;start_type=ATG;rbs_motif=AGGA;rbs_spacer=5-10bp;gc_cont=0.351
Ga0485799_0108_15    -            766 984717at2            -            224    0.0021   17.3   0.1   2   2    0.0096       5.5    6.2   0.0    46   117   256   324   223   338 0.74 # 14619 # 16916 # 1 # ID=108_15;partial=00;start_type=ATG;rbs_motif=AGGA;rbs_spacer=5-10bp;gc_cont=0.351
Ga0485799_0226_17    -            683 984717at2            -            224     0.005   16.1   0.4   1   2    0.0021       1.2    8.3   0.2     2    26    12    36    11    46 0.90 # 14073 # 16121 # 1 # ID=226_17;partial=00;start_type=ATG;rbs_motif=GGA/GAG/AGG;rbs_spacer=5-10bp;gc_cont=0.487
Ga0485799_0226_17    -            683 984717at2            -            224     0.005   16.1   0.4   2   2     0.013       7.7    5.7   0.0    37   103    65   138    55   152 0.60 # 14073 # 16121 # 1 # ID=226_17;partial=00;start_type=ATG;rbs_motif=GGA/GAG/AGG;rbs_spacer=5-10bp;gc_cont=0.487
Ga0485799_0248_1     -            205 984717at2            -            224    0.0059   15.9  25.5   1   4     0.007         4    6.6   2.4    80   116    23    58     2    61 0.61 # 2 # 616 # -1 # ID=248_1;partial=10;start_type=ATG;rbs_motif=None;rbs_spacer=None;gc_cont=0.275
Ga0485799_0248_1     -            205 984717at2            -            224    0.0059   15.9  25.5   2   4    0.0014      0.83    8.9   4.6    81   143    47   109    42   121 0.78 # 2 # 616 # -1 # ID=248_1;partial=10;start_type=ATG;rbs_motif=None;rbs_spacer=None;gc_cont=0.275
Ga0485799_0248_1     -            205 984717at2            -            224    0.0059   15.9  25.5   3   4    0.0015      0.84    8.9   5.2    80   134   119   172    99   181 0.80 # 2 # 616 # -1 # ID=248_1;partial=10;start_type=ATG;rbs_motif=None;rbs_spacer=None;gc_cont=0.275
Ga0485799_0248_1     -            205 984717at2            -            224    0.0059   15.9  25.5   4   4     0.016       9.1    5.5   0.7    83   117   169   203   162   205 0.81 # 2 # 616 # -1 # ID=248_1;partial=10;start_type=ATG;rbs_motif=None;rbs_spacer=None;gc_cont=0.275
Ga0485799_0036_27    -            490 984717at2            -            224    0.0067   15.7   0.0   1   2   6.2e-05     0.036   13.3   0.0     1    31    59    89    59   114 0.80 # 47121 # 48590 # -1 # ID=36_27;partial=00;start_type=ATG;rbs_motif=AGGA;rbs_spacer=5-10bp;gc_cont=0.463
Ga0485799_0036_27    -            490 984717at2            -            224    0.0067   15.7   0.0   2   2      0.98   5.7e+02   -0.4   0.0    48   102   156   214   126   249 0.66 # 47121 # 48590 # -1 # ID=36_27;partial=00;start_type=ATG;rbs_motif=AGGA;rbs_spacer=5-10bp;gc_cont=0.463
Ga0485799_0607_8     -            367 984717at2            -            224     0.007   15.7   0.1   1   1   2.8e-05     0.016   14.4   0.1     2    23     5    26     4    45 0.87 # 4856 # 5956 # -1 # ID=607_8;partial=00;start_type=ATG;rbs_motif=AGGA;rbs_spacer=5-10bp;gc_cont=0.349
Ga0485799_0502_6     -            849 984717at2            -            224     0.015   14.6   0.1   1   3      0.11        66    2.7   0.0   151   207    22    79    18    99 0.79 # 6056 # 8602 # -1 # ID=502_6;partial=01;start_type=Edge;rbs_motif=None;rbs_spacer=None;gc_cont=0.404
Ga0485799_0502_6     -            849 984717at2            -            224     0.015   14.6   0.1   2   3     0.002       1.1    8.4   0.0     2    20   381   399   380   422 0.84 # 6056 # 8602 # -1 # ID=502_6;partial=01;start_type=Edge;rbs_motif=None;rbs_spacer=None;gc_cont=0.404
Ga0485799_0502_6     -            849 984717at2            -            224     0.015   14.6   0.1   3   3         3   1.7e+03   -2.0   0.0    37    37   485   485   459   536 0.52 # 6056 # 8602 # -1 # ID=502_6;partial=01;start_type=Edge;rbs_motif=None;rbs_spacer=None;gc_cont=0.404
Ga0485799_0317_16    -            223 984717at2            -            224     0.017   14.4   0.5   1   2    0.0017      0.99    8.6   0.1     2    19    39    56    38    59 0.90 # 11039 # 11707 # 1 # ID=317_16;partial=00;start_type=ATG;rbs_motif=AGGAG;rbs_spacer=5-10bp;gc_cont=0.288
Ga0485799_0317_16    -            223 984717at2            -            224     0.017   14.4   0.5   2   2      0.04        23    4.1   0.1    17    65   131   180   121   217 0.65 # 11039 # 11707 # 1 # ID=317_16;partial=00;start_type=ATG;rbs_motif=AGGAG;rbs_spacer=5-10bp;gc_cont=0.288
Ga0485799_0040_39    -            828 984717at2            -            224      0.03   13.6   0.3   1   2    0.0033       1.9    7.7   0.2     2    25    71    94    70   112 0.82 # 45265 # 47748 # 1 # ID=40_39;partial=00;start_type=ATG;rbs_motif=AGGA;rbs_spacer=5-10bp;gc_cont=0.403
Ga0485799_0040_39    -            828 984717at2            -            224      0.03   13.6   0.3   2   2      0.11        63    2.7   0.0    47    85   238   279   232   326 0.77 # 45265 # 47748 # 1 # ID=40_39;partial=00;start_type=ATG;rbs_motif=AGGA;rbs_spacer=5-10bp;gc_cont=0.403
Ga0485799_0040_24    -            692 984717at2            -            224     0.042   13.1   0.0   1   1   0.00019      0.11   11.8   0.0     2    22    92   112    91   123 0.91 # 25845 # 27920 # 1 # ID=40_24;partial=00;start_type=ATG;rbs_motif=GGAGG;rbs_spacer=5-10bp;gc_cont=0.434
Ga0485799_0215_1     -            374 984717at2            -            224      0.13   11.5  49.3   1   7     0.017       9.9    5.3   2.1    85   120    13    48     1    61 0.51 # 2 # 1123 # 1 # ID=215_1;partial=10;start_type=Edge;rbs_motif=None;rbs_spacer=None;gc_cont=0.289
Ga0485799_0215_1     -            374 984717at2            -            224      0.13   11.5  49.3   2   7    0.0056       3.2    6.9   2.3    83   132    59   108    49   119 0.82 # 2 # 1123 # 1 # ID=215_1;partial=10;start_type=Edge;rbs_motif=None;rbs_spacer=None;gc_cont=0.289
Ga0485799_0215_1     -            374 984717at2            -            224      0.13   11.5  49.3   3   7     0.027        15    4.7   2.6    80   115   117   151    98   162 0.64 # 2 # 1123 # 1 # ID=215_1;partial=10;start_type=Edge;rbs_motif=None;rbs_spacer=None;gc_cont=0.289
Ga0485799_0215_1     -            374 984717at2            -            224      0.13   11.5  49.3   4   7     0.012         7    5.8   2.6    84   121   144   181   140   192 0.63 # 2 # 1123 # 1 # ID=215_1;partial=10;start_type=Edge;rbs_motif=None;rbs_spacer=None;gc_cont=0.289
Ga0485799_0215_1     -            374 984717at2            -            224      0.13   11.5  49.3   5   7     0.013       7.2    5.8   1.8    84   121   180   217   176   228 0.64 # 2 # 1123 # 1 # ID=215_1;partial=10;start_type=Edge;rbs_motif=None;rbs_spacer=None;gc_cont=0.289
Ga0485799_0215_1     -            374 984717at2            -            224      0.13   11.5  49.3   6   7    0.0036         2    7.6   4.7    83   138   227   282   216   293 0.84 # 2 # 1123 # 1 # ID=215_1;partial=10;start_type=Edge;rbs_motif=None;rbs_spacer=None;gc_cont=0.289
Ga0485799_0215_1     -            374 984717at2            -            224      0.13   11.5  49.3   7   7     0.053        31    3.7   2.1    82   118   298   334   278   358 0.58 # 2 # 1123 # 1 # ID=215_1;partial=10;start_type=Edge;rbs_motif=None;rbs_spacer=None;gc_cont=0.289
#
# Program:         hmmsearch
# Version:         3.1b2 (February 2015)
# Pipeline mode:   SEARCH
# Query file:      /home/mira/Bacteria2022/Thiomargarita_magnifica/qc_assembly/busco_article/busco_downloads/lineages/bacteria_odb10/hmms/984717at2.hmm
# Target file:     /home/mira/Bacteria2022/Thiomargarita_magnifica/qc_assembly/busco_article/busco_article/prodigal_output/predicted_genes/predicted.faa
# Option settings: hmmsearch --domtblout /home/mira/Bacteria2022/Thiomargarita_magnifica/qc_assembly/busco_article/busco_article/auto_lineage/run_bacteria_odb10/hmmer_output/984717at2.out --cpu 1 /home/mira/Bacteria2022/Thiomargarita_magnifica/qc_assembly/busco_article/busco_downloads/lineages/bacteria_odb10/hmms/984717at2.hmm /home/mira/Bacteria2022/Thiomargarita_magnifica/qc_assembly/busco_article/busco_article/prodigal_output/predicted_genes/predicted.faa 
# Current dir:     /home/mira/Bacteria2022/Thiomargarita_magnifica/qc_assembly/busco_article
# Date:            Wed Jul 13 13:05:06 2022
# [ok]
