#                                                                                               --- full sequence --- -------------- this domain -------------   hmm coord   ali coord   env coord
# target name                           accession   tlen query name           accession   qlen   E-value  score  bias   #  of  c-Evalue  i-Evalue  score  bias  from    to  from    to  from    to  acc description of target
#                   ------------------- ---------- ----- -------------------- ---------- ----- --------- ------ ----- --- --- --------- --------- ------ ----- ----- ----- ----- ----- ----- ----- ---- ---------------------
NODE_89_length_27867_cov_100.046456_8   -             83 102178at2157         -             97    0.0096   16.3   0.0   1   1   3.3e-06     0.012   16.0   0.0    44    67    55    78    25    82 0.80 # 4704 # 4952 # -1 # ID=89_8;partial=00;start_type=GTG;rbs_motif=GGA/GAG/AGG;rbs_spacer=5-10bp;gc_cont=0.333
NODE_232_length_16999_cov_115.817102_3  -            315 102178at2157         -             97      0.12   12.8   0.0   1   1   6.8e-05      0.24   11.8   0.0    52    85    21    52    17    59 0.85 # 1465 # 2409 # -1 # ID=232_3;partial=00;start_type=TTG;rbs_motif=AGGA/GGAG/GAGG;rbs_spacer=11-12bp;gc_cont=0.382
NODE_1041_length_3340_cov_30.620595_2   -            507 102178at2157         -             97      0.17   12.3   0.5   1   1   0.00014       0.5   10.8   0.5    22    72   301   351   284   374 0.81 # 212 # 1732 # -1 # ID=1041_2;partial=00;start_type=ATG;rbs_motif=None;rbs_spacer=None;gc_cont=0.254
NODE_696_length_6344_cov_95.251955_3    -             60 102178at2157         -             97      0.49   10.9   2.0   1   1   0.00031       1.1    9.7   2.0    66    96    20    56    13    57 0.76 # 1356 # 1535 # -1 # ID=696_3;partial=00;start_type=ATG;rbs_motif=AGGA;rbs_spacer=5-10bp;gc_cont=0.372
NODE_58_length_33340_cov_59.493612_10   -            372 102178at2157         -             97      0.53   10.7   5.3   1   2    0.0025       8.9    6.8   0.2    54    93   125   167   119   171 0.81 # 9820 # 10935 # 1 # ID=58_10;partial=00;start_type=ATG;rbs_motif=None;rbs_spacer=None;gc_cont=0.480
NODE_58_length_33340_cov_59.493612_10   -            372 102178at2157         -             97      0.53   10.7   5.3   2   2    0.0065        23    5.5   1.1    70    90   180   200   175   207 0.86 # 9820 # 10935 # 1 # ID=58_10;partial=00;start_type=ATG;rbs_motif=None;rbs_spacer=None;gc_cont=0.480
NODE_142_length_22956_cov_127.187246_12 -             80 102178at2157         -             97      0.91   10.0   0.0   1   2      0.62   2.2e+03   -0.9   6.6    75    92     4    23     1    38 0.65 # 9790 # 10029 # 1 # ID=142_12;partial=00;start_type=ATG;rbs_motif=GGAG/GAGG;rbs_spacer=5-10bp;gc_cont=0.396
NODE_142_length_22956_cov_127.187246_12 -             80 102178at2157         -             97      0.91   10.0   0.0   2   2   0.00026      0.91   10.0   0.0    77    93    58    74    40    78 0.78 # 9790 # 10029 # 1 # ID=142_12;partial=00;start_type=ATG;rbs_motif=GGAG/GAGG;rbs_spacer=5-10bp;gc_cont=0.396
#
# Program:         hmmsearch
# Version:         3.1b2 (February 2015)
# Pipeline mode:   SEARCH
# Query file:      /home/mira/Bacteria2022/Thiomargarita_magnifica/qc_assembly/busco_trimmed/busco_downloads/lineages/archaea_odb10/hmms/102178at2157.hmm
# Target file:     /home/mira/Bacteria2022/Thiomargarita_magnifica/qc_assembly/busco_trimmed/busco_trimmed/prodigal_output/predicted_genes/predicted.faa
# Option settings: hmmsearch --domtblout /home/mira/Bacteria2022/Thiomargarita_magnifica/qc_assembly/busco_trimmed/busco_trimmed/auto_lineage/run_archaea_odb10/hmmer_output/102178at2157.out --cpu 1 /home/mira/Bacteria2022/Thiomargarita_magnifica/qc_assembly/busco_trimmed/busco_downloads/lineages/archaea_odb10/hmms/102178at2157.hmm /home/mira/Bacteria2022/Thiomargarita_magnifica/qc_assembly/busco_trimmed/busco_trimmed/prodigal_output/predicted_genes/predicted.faa 
# Current dir:     /home/mira/Bacteria2022/Thiomargarita_magnifica/qc_assembly/busco_trimmed
# Date:            Tue Jul 12 13:34:19 2022
# [ok]
