#                                                                                               --- full sequence --- -------------- this domain -------------   hmm coord   ali coord   env coord
# target name                           accession   tlen query name           accession   qlen   E-value  score  bias   #  of  c-Evalue  i-Evalue  score  bias  from    to  from    to  from    to  acc description of target
#                   ------------------- ---------- ----- -------------------- ---------- ----- --------- ------ ----- --- --- --------- --------- ------ ----- ----- ----- ----- ----- ----- ----- ---- ---------------------
NODE_186_length_19583_cov_91.028863_16  -             74 105095at2157         -            107   1.4e-07   31.9   0.0   1   1   6.1e-10   1.5e-07   31.7   0.0    34    93     9    68     2    73 0.91 # 18266 # 18487 # 1 # ID=186_16;partial=00;start_type=ATG;rbs_motif=GGAG/GAGG;rbs_spacer=5-10bp;gc_cont=0.360
NODE_931_length_4137_cov_111.423399_3   -             75 105095at2157         -            107   1.7e-07   31.6   0.0   1   1   6.9e-10   1.7e-07   31.6   0.0    29    93     4    68     1    74 0.91 # 1430 # 1654 # 1 # ID=931_3;partial=00;start_type=ATG;rbs_motif=GGAG/GAGG;rbs_spacer=5-10bp;gc_cont=0.347
NODE_345_length_13026_cov_123.397405_6  -            138 105095at2157         -            107   1.1e-06   29.0   0.6   1   2   9.4e-09   2.4e-06   27.9   0.0    39    95     4    60     1    68 0.94 # 5379 # 5792 # 1 # ID=345_6;partial=00;start_type=ATG;rbs_motif=GGAG/GAGG;rbs_spacer=5-10bp;gc_cont=0.331
NODE_345_length_13026_cov_123.397405_6  -            138 105095at2157         -            107   1.1e-06   29.0   0.6   2   2       9.6   2.4e+03   -1.1   0.1    44    46   101   103    77   134 0.54 # 5379 # 5792 # 1 # ID=345_6;partial=00;start_type=ATG;rbs_motif=GGAG/GAGG;rbs_spacer=5-10bp;gc_cont=0.331
NODE_345_length_13026_cov_123.397405_8  -            138 105095at2157         -            107   1.9e-06   28.2   0.1   1   2   2.2e-08   5.6e-06   26.7   0.0    39    95     4    60     1    66 0.95 # 6733 # 7146 # 1 # ID=345_8;partial=00;start_type=ATG;rbs_motif=AGGAG;rbs_spacer=5-10bp;gc_cont=0.329
NODE_345_length_13026_cov_123.397405_8  -            138 105095at2157         -            107   1.9e-06   28.2   0.1   2   2       9.6   2.4e+03   -1.1   0.1    44    46   101   103    77   134 0.54 # 6733 # 7146 # 1 # ID=345_8;partial=00;start_type=ATG;rbs_motif=AGGAG;rbs_spacer=5-10bp;gc_cont=0.329
NODE_345_length_13026_cov_123.397405_7  -            130 105095at2157         -            107     4e-06   27.2   0.0   1   2   4.3e-08   1.1e-05   25.8   0.0    39    95     4    60     1    66 0.95 # 5918 # 6307 # 1 # ID=345_7;partial=00;start_type=ATG;rbs_motif=AGGAG;rbs_spacer=5-10bp;gc_cont=0.326
NODE_345_length_13026_cov_123.397405_7  -            130 105095at2157         -            107     4e-06   27.2   0.0   2   2       9.9   2.5e+03   -1.1   0.0    57    61    99   103    72   126 0.53 # 5918 # 6307 # 1 # ID=345_7;partial=00;start_type=ATG;rbs_motif=AGGAG;rbs_spacer=5-10bp;gc_cont=0.326
NODE_14_length_56653_cov_118.779323_48  -            150 105095at2157         -            107   1.6e-05   25.3   2.4   1   2   6.5e-08   1.6e-05   25.2   0.1    39    97     4    62     1    71 0.92 # 49607 # 50056 # 1 # ID=14_48;partial=00;start_type=ATG;rbs_motif=GGAG/GAGG;rbs_spacer=5-10bp;gc_cont=0.333
NODE_14_length_56653_cov_118.779323_48  -            150 105095at2157         -            107   1.6e-05   25.3   2.4   2   2       5.2   1.3e+03   -0.2   0.4    62    82   108   128    89   147 0.51 # 49607 # 50056 # 1 # ID=14_48;partial=00;start_type=ATG;rbs_motif=GGAG/GAGG;rbs_spacer=5-10bp;gc_cont=0.333
NODE_345_length_13026_cov_123.397405_16 -            140 105095at2157         -            107   1.8e-05   25.1   0.2   1   2   2.2e-07   5.6e-05   23.5   0.0    39    95     4    60     1    68 0.93 # 12262 # 12681 # 1 # ID=345_16;partial=00;start_type=ATG;rbs_motif=GGAG/GAGG;rbs_spacer=5-10bp;gc_cont=0.329
NODE_345_length_13026_cov_123.397405_16 -            140 105095at2157         -            107   1.8e-05   25.1   0.2   2   2       8.7   2.2e+03   -0.9   0.1    44    44   103   103    79   134 0.53 # 12262 # 12681 # 1 # ID=345_16;partial=00;start_type=ATG;rbs_motif=GGAG/GAGG;rbs_spacer=5-10bp;gc_cont=0.329
NODE_102_length_26267_cov_119.992631_26 -            180 105095at2157         -            107     5e-05   23.6   0.2   1   2   6.9e-07   0.00017   21.9   0.0    35    91    13    69     5    73 0.89 # 25207 # 25746 # -1 # ID=102_26;partial=00;start_type=ATG;rbs_motif=None;rbs_spacer=None;gc_cont=0.339
NODE_102_length_26267_cov_119.992631_26 -            180 105095at2157         -            107     5e-05   23.6   0.2   2   2       9.7   2.4e+03   -1.1   0.2    68    87   122   141    83   161 0.51 # 25207 # 25746 # -1 # ID=102_26;partial=00;start_type=ATG;rbs_motif=None;rbs_spacer=None;gc_cont=0.339
NODE_626_length_7175_cov_6.272048_7     -             89 105095at2157         -            107   6.3e-05   23.3   0.2   1   1   2.6e-07   6.5e-05   23.3   0.2    36    97    20    81     6    88 0.86 # 3452 # 3718 # 1 # ID=626_7;partial=00;start_type=ATG;rbs_motif=AGGA;rbs_spacer=5-10bp;gc_cont=0.318
NODE_52_length_34738_cov_67.714319_14   -            104 105095at2157         -            107   0.00019   21.8   0.3   1   1   1.1e-06   0.00026   21.3   0.3    39    75    44    80    21   102 0.83 # 17333 # 17644 # 1 # ID=52_14;partial=00;start_type=ATG;rbs_motif=None;rbs_spacer=None;gc_cont=0.410
NODE_568_length_8083_cov_219.995503_1   -            148 105095at2157         -            107   0.00023   21.5   0.3   1   2   9.4e-07   0.00023   21.5   0.3    40    94     5    59     1    69 0.92 # 713 # 1156 # -1 # ID=568_1;partial=00;start_type=ATG;rbs_motif=None;rbs_spacer=None;gc_cont=0.304
NODE_568_length_8083_cov_219.995503_1   -            148 105095at2157         -            107   0.00023   21.5   0.3   2   2       2.7   6.9e+02    0.7   0.4    24    44    97   117    73   144 0.57 # 713 # 1156 # -1 # ID=568_1;partial=00;start_type=ATG;rbs_motif=None;rbs_spacer=None;gc_cont=0.304
NODE_453_length_10313_cov_5.002247_8    -             91 105095at2157         -            107   0.00027   21.3   0.1   1   1   1.4e-06   0.00036   20.9   0.1    39    93    31    85    13    89 0.82 # 8264 # 8536 # -1 # ID=453_8;partial=00;start_type=ATG;rbs_motif=AGGA;rbs_spacer=5-10bp;gc_cont=0.256
NODE_2826_length_482_cov_51.533333_1    -             99 105095at2157         -            107   0.00037   20.9   0.0   1   1   2.1e-06   0.00053   20.4   0.0    35    92     3    60     1    65 0.93 # 2 # 298 # -1 # ID=2826_1;partial=10;start_type=ATG;rbs_motif=None;rbs_spacer=None;gc_cont=0.333
NODE_211_length_18294_cov_90.707142_4   -            102 105095at2157         -            107   0.00042   20.7   0.1   1   1   2.2e-06   0.00055   20.3   0.1    37    82    41    86    25    96 0.86 # 4476 # 4781 # -1 # ID=211_4;partial=00;start_type=ATG;rbs_motif=GGAG/GAGG;rbs_spacer=5-10bp;gc_cont=0.405
NODE_1560_length_1580_cov_137.664005_1  -            167 105095at2157         -            107   0.00054   20.3   0.1   1   1     5e-06    0.0013   19.1   0.1    35    92     3    60     1    63 0.93 # 73 # 573 # -1 # ID=1560_1;partial=00;start_type=ATG;rbs_motif=None;rbs_spacer=None;gc_cont=0.345
NODE_2301_length_683_cov_260.821782_1   -            130 105095at2157         -            107   0.00055   20.3   0.0   1   2   9.1e-06    0.0023   18.3   0.0    37    87     5    55     2    63 0.88 # 294 # 683 # 1 # ID=2301_1;partial=01;start_type=ATG;rbs_motif=GGA/GAG/AGG;rbs_spacer=5-10bp;gc_cont=0.372
NODE_2301_length_683_cov_260.821782_1   -            130 105095at2157         -            107   0.00055   20.3   0.0   2   2         6   1.5e+03   -0.4   0.0    59    76    74    91    70   126 0.67 # 294 # 683 # 1 # ID=2301_1;partial=01;start_type=ATG;rbs_motif=GGA/GAG/AGG;rbs_spacer=5-10bp;gc_cont=0.372
NODE_2083_length_860_cov_139.209451_1   -            150 105095at2157         -            107   0.00058   20.2   0.3   1   1   7.4e-06    0.0019   18.6   0.0    36    84     4    52     2    62 0.88 # 1 # 450 # -1 # ID=2083_1;partial=10;start_type=ATG;rbs_motif=AGGA;rbs_spacer=5-10bp;gc_cont=0.347
NODE_2321_length_672_cov_106.860504_1   -            170 105095at2157         -            107   0.00077   19.8   0.2   1   2   3.7e-05    0.0094   16.3   0.0    36    92     4    60     2    70 0.90 # 40 # 549 # -1 # ID=2321_1;partial=00;start_type=ATG;rbs_motif=AGGA;rbs_spacer=5-10bp;gc_cont=0.373
NODE_2321_length_672_cov_106.860504_1   -            170 105095at2157         -            107   0.00077   19.8   0.2   2   2       2.4     6e+02    0.9   0.5    59    75    74    90    67   151 0.64 # 40 # 549 # -1 # ID=2321_1;partial=00;start_type=ATG;rbs_motif=AGGA;rbs_spacer=5-10bp;gc_cont=0.373
NODE_14_length_56653_cov_118.779323_44  -            150 105095at2157         -            107   0.00078   19.8   1.4   1   2   7.6e-06    0.0019   18.6   0.1    39    91     4    52     1    65 0.78 # 47978 # 48427 # 1 # ID=14_44;partial=00;start_type=ATG;rbs_motif=GGAG/GAGG;rbs_spacer=5-10bp;gc_cont=0.296
NODE_14_length_56653_cov_118.779323_44  -            150 105095at2157         -            107   0.00078   19.8   1.4   2   2       3.5   8.8e+02    0.4   0.2    63    72   107   116    62   146 0.57 # 47978 # 48427 # 1 # ID=14_44;partial=00;start_type=ATG;rbs_motif=GGAG/GAGG;rbs_spacer=5-10bp;gc_cont=0.296
NODE_568_length_8083_cov_219.995503_2   -            140 105095at2157         -            107   0.00086   19.7   1.6   1   2   1.1e-05    0.0029   18.0   0.1    42    93     7    58     2    64 0.90 # 1287 # 1706 # -1 # ID=568_2;partial=00;start_type=ATG;rbs_motif=None;rbs_spacer=None;gc_cont=0.314
NODE_568_length_8083_cov_219.995503_2   -            140 105095at2157         -            107   0.00086   19.7   1.6   2   2       2.4   6.1e+02    0.9   0.2    41    60    95   114    71   135 0.52 # 1287 # 1706 # -1 # ID=568_2;partial=00;start_type=ATG;rbs_motif=None;rbs_spacer=None;gc_cont=0.314
NODE_1837_length_1148_cov_1.599440_2    -             69 105095at2157         -            107    0.0011   19.3   0.0   1   1   5.1e-06    0.0013   19.1   0.0    38    93     4    59     1    62 0.92 # 941 # 1147 # 1 # ID=1837_2;partial=01;start_type=TTG;rbs_motif=AGGAG;rbs_spacer=5-10bp;gc_cont=0.290
NODE_2325_length_670_cov_144.435076_1   -            117 105095at2157         -            107    0.0016   18.8   0.0   1   1   1.7e-05    0.0043   17.4   0.0    37    92     4    59     1    62 0.91 # 3 # 353 # -1 # ID=2325_1;partial=10;start_type=ATG;rbs_motif=GGA/GAG/AGG;rbs_spacer=5-10bp;gc_cont=0.350
NODE_1096_length_3063_cov_120.702277_2  -            220 105095at2157         -            107    0.0022   18.3   0.5   1   1   1.9e-05    0.0048   17.3   0.0    35    80    54    99    45   112 0.90 # 1446 # 2105 # 1 # ID=1096_2;partial=00;start_type=ATG;rbs_motif=None;rbs_spacer=None;gc_cont=0.458
NODE_2276_length_695_cov_82.475728_2    -             93 105095at2157         -            107    0.0023   18.3   0.0   1   1   1.4e-05    0.0036   17.7   0.0    35    91    11    67     3    71 0.91 # 416 # 694 # 1 # ID=2276_2;partial=01;start_type=ATG;rbs_motif=GGA/GAG/AGG;rbs_spacer=5-10bp;gc_cont=0.326
NODE_782_length_5274_cov_134.588801_5   -            115 105095at2157         -            107    0.0029   18.0   0.0   1   1     2e-05    0.0049   17.3   0.0    30    74    14    58     6    78 0.88 # 4626 # 4970 # -1 # ID=782_5;partial=00;start_type=ATG;rbs_motif=None;rbs_spacer=None;gc_cont=0.420
NODE_697_length_6325_cov_7.433899_2     -             84 105095at2157         -            107    0.0029   18.0   0.1   1   1   1.4e-05    0.0035   17.7   0.1    31    96    12    75     9    82 0.79 # 3619 # 3870 # 1 # ID=697_2;partial=00;start_type=TTG;rbs_motif=GGA/GAG/AGG;rbs_spacer=5-10bp;gc_cont=0.306
NODE_1414_length_1934_cov_127.330641_2  -            162 105095at2157         -            107     0.003   18.0   0.0   1   1   1.2e-05     0.003   18.0   0.0    35    91     3    59     1    63 0.91 # 788 # 1273 # 1 # ID=1414_2;partial=00;start_type=ATG;rbs_motif=GGAG/GAGG;rbs_spacer=5-10bp;gc_cont=0.329
NODE_1406_length_1962_cov_188.844032_1  -            158 105095at2157         -            107     0.003   17.9   0.0   1   2   4.6e-05     0.012   16.1   0.0    36    91     4    59     2    65 0.88 # 733 # 1206 # 1 # ID=1406_1;partial=00;start_type=ATG;rbs_motif=GGA/GAG/AGG;rbs_spacer=5-10bp;gc_cont=0.367
NODE_1406_length_1962_cov_188.844032_1  -            158 105095at2157         -            107     0.003   17.9   0.0   2   2       7.9     2e+03   -0.8   0.1    90    98   127   135    96   150 0.58 # 733 # 1206 # 1 # ID=1406_1;partial=00;start_type=ATG;rbs_motif=GGA/GAG/AGG;rbs_spacer=5-10bp;gc_cont=0.367
NODE_1706_length_1333_cov_158.071656_2  -            170 105095at2157         -            107    0.0036   17.7   0.1   1   2   8.7e-05     0.022   15.2   0.0    36    85     4    53     2    62 0.88 # 781 # 1290 # 1 # ID=1706_2;partial=00;start_type=ATG;rbs_motif=AGGAG;rbs_spacer=5-10bp;gc_cont=0.373
NODE_1706_length_1333_cov_158.071656_2  -            170 105095at2157         -            107    0.0036   17.7   0.1   2   2       5.1   1.3e+03   -0.2   0.1    31    46   126   141   119   159 0.59 # 781 # 1290 # 1 # ID=1706_2;partial=00;start_type=ATG;rbs_motif=AGGAG;rbs_spacer=5-10bp;gc_cont=0.373
NODE_1929_length_1008_cov_116.611171_1  -            170 105095at2157         -            107    0.0037   17.6   0.3   1   1   5.2e-05     0.013   15.9   0.0    37    92    10    65     4    70 0.92 # 458 # 967 # 1 # ID=1929_1;partial=00;start_type=ATG;rbs_motif=GGA/GAG/AGG;rbs_spacer=5-10bp;gc_cont=0.361
NODE_37_length_42262_cov_93.229015_13   -            119 105095at2157         -            107    0.0038   17.6   0.0   1   1   2.8e-05    0.0071   16.7   0.0    30    75    18    63    10    87 0.83 # 8103 # 8459 # -1 # ID=37_13;partial=00;start_type=ATG;rbs_motif=None;rbs_spacer=None;gc_cont=0.434
NODE_1_length_119228_cov_85.678265_97   -            145 105095at2157         -            107    0.0046   17.3   0.1   1   1   3.3e-05    0.0083   16.5   0.0    40    90    17    67     1    75 0.86 # 114741 # 115175 # -1 # ID=1_97;partial=00;start_type=ATG;rbs_motif=GGAGG;rbs_spacer=5-10bp;gc_cont=0.398
NODE_277_length_15397_cov_88.737272_7   -             79 105095at2157         -            107     0.005   17.2   0.0   1   1   2.4e-05     0.006   17.0   0.0    42    84    35    77    14    78 0.91 # 6160 # 6396 # -1 # ID=277_7;partial=00;start_type=ATG;rbs_motif=GGAG/GAGG;rbs_spacer=5-10bp;gc_cont=0.405
NODE_207_length_18386_cov_11.690262_3   -            122 105095at2157         -            107    0.0056   17.1   0.8   1   1   3.2e-05     0.008   16.6   0.6    42    81     3    42     1    63 0.80 # 4340 # 4705 # -1 # ID=207_3;partial=00;start_type=ATG;rbs_motif=GGA/GAG/AGG;rbs_spacer=5-10bp;gc_cont=0.235
NODE_2458_length_603_cov_1.720532_1     -             96 105095at2157         -            107    0.0066   16.8   0.2   1   1     3e-05    0.0076   16.6   0.2    22    93    16    90     6    94 0.80 # 3 # 290 # 1 # ID=2458_1;partial=10;start_type=Edge;rbs_motif=None;rbs_spacer=None;gc_cont=0.264
NODE_2005_length_925_cov_68.000000_1    -             98 105095at2157         -            107    0.0073   16.7   0.0   1   1   7.6e-05     0.019   15.4   0.0    39    81     6    48     1    60 0.90 # 630 # 923 # 1 # ID=2005_1;partial=01;start_type=ATG;rbs_motif=AGxAGG/AGGxGG;rbs_spacer=5-10bp;gc_cont=0.384
NODE_143_length_22907_cov_96.905300_14  -             68 105095at2157         -            107    0.0073   16.7   0.2   1   1     3e-05    0.0076   16.6   0.2    39    95     7    63     2    67 0.90 # 10214 # 10417 # 1 # ID=143_14;partial=00;start_type=ATG;rbs_motif=AGGAG;rbs_spacer=5-10bp;gc_cont=0.412
NODE_730_length_5886_cov_6.254777_4     -             95 105095at2157         -            107    0.0076   16.6   0.1   1   2       3.1   7.7e+02    0.5   0.0    54    80     3    29     1    36 0.76 # 1300 # 1584 # 1 # ID=730_4;partial=00;start_type=ATG;rbs_motif=GGA/GAG/AGG;rbs_spacer=5-10bp;gc_cont=0.340
NODE_730_length_5886_cov_6.254777_4     -             95 105095at2157         -            107    0.0076   16.6   0.1   2   2   0.00016     0.039   14.3   0.0    43    79    38    74    33    86 0.90 # 1300 # 1584 # 1 # ID=730_4;partial=00;start_type=ATG;rbs_motif=GGA/GAG/AGG;rbs_spacer=5-10bp;gc_cont=0.340
NODE_1192_length_2624_cov_69.230467_2   -             74 105095at2157         -            107     0.008   16.6   0.1   1   1   3.5e-05    0.0089   16.4   0.1     5    56    18    71    15    73 0.70 # 644 # 865 # -1 # ID=1192_2;partial=00;start_type=ATG;rbs_motif=GGA/GAG/AGG;rbs_spacer=11-12bp;gc_cont=0.446
NODE_1314_length_2218_cov_125.975245_2  -            175 105095at2157         -            107    0.0083   16.5   0.4   1   1   0.00015     0.037   14.4   0.0    36    91    11    66     3    70 0.88 # 683 # 1207 # -1 # ID=1314_2;partial=00;start_type=ATG;rbs_motif=GGAG/GAGG;rbs_spacer=5-10bp;gc_cont=0.343
NODE_196_length_19066_cov_95.169256_17  -            170 105095at2157         -            107     0.009   16.4   0.1   1   2    0.0002     0.051   14.0   0.0    38    91     6    59     3    64 0.90 # 17939 # 18448 # -1 # ID=196_17;partial=00;start_type=ATG;rbs_motif=GGAG/GAGG;rbs_spacer=5-10bp;gc_cont=0.386
NODE_196_length_19066_cov_95.169256_17  -            170 105095at2157         -            107     0.009   16.4   0.1   2   2       4.1     1e+03    0.1   0.1    59   104   103   148    75   151 0.71 # 17939 # 18448 # -1 # ID=196_17;partial=00;start_type=ATG;rbs_motif=GGAG/GAGG;rbs_spacer=5-10bp;gc_cont=0.386
NODE_139_length_23326_cov_112.356230_6  -            179 105095at2157         -            107    0.0097   16.3   0.0   1   1   0.00015     0.039   14.4   0.0    35    91    11    67     4    72 0.91 # 4595 # 5131 # 1 # ID=139_6;partial=00;start_type=ATG;rbs_motif=GGAGG;rbs_spacer=5-10bp;gc_cont=0.380
NODE_2160_length_780_cov_82.805121_1    -            105 105095at2157         -            107    0.0097   16.3   0.1   1   1     8e-05      0.02   15.3   0.0    36    85     4    53     2    63 0.88 # 2 # 316 # -1 # ID=2160_1;partial=10;start_type=ATG;rbs_motif=None;rbs_spacer=None;gc_cont=0.359
NODE_1654_length_1415_cov_79.807175_2   -            174 105095at2157         -            107      0.01   16.2   0.2   1   1   0.00018     0.046   14.1   0.0    36    92     9    65     3    70 0.91 # 872 # 1393 # 1 # ID=1654_2;partial=00;start_type=ATG;rbs_motif=GGA/GAG/AGG;rbs_spacer=5-10bp;gc_cont=0.352
NODE_58_length_33340_cov_59.493612_27   -            145 105095at2157         -            107     0.011   16.1   0.2   1   1   8.1e-05      0.02   15.3   0.2    40    91    17    68     1    83 0.87 # 22970 # 23404 # 1 # ID=58_27;partial=00;start_type=ATG;rbs_motif=GGAG/GAGG;rbs_spacer=5-10bp;gc_cont=0.370
NODE_2147_length_788_cov_121.443038_1   -             76 105095at2157         -            107     0.012   16.0   0.0   1   1   5.6e-05     0.014   15.8   0.0    36    90     7    61     3    65 0.88 # 560 # 787 # 1 # ID=2147_1;partial=01;start_type=ATG;rbs_motif=GGA/GAG/AGG;rbs_spacer=5-10bp;gc_cont=0.364
NODE_1956_length_977_cov_86.902222_2    -            103 105095at2157         -            107     0.012   16.0   0.0   1   1   7.1e-05     0.018   15.4   0.0    36    81     4    49     2    62 0.87 # 669 # 977 # 1 # ID=1956_2;partial=01;start_type=ATG;rbs_motif=GGA/GAG/AGG;rbs_spacer=5-10bp;gc_cont=0.417
NODE_1056_length_3227_cov_146.987302_2  -            173 105095at2157         -            107     0.016   15.6   0.4   1   2   0.00055      0.14   12.6   0.0    38    91     6    59     2    64 0.88 # 646 # 1164 # 1 # ID=1056_2;partial=00;start_type=ATG;rbs_motif=AGGAG;rbs_spacer=5-10bp;gc_cont=0.353
NODE_1056_length_3227_cov_146.987302_2  -            173 105095at2157         -            107     0.016   15.6   0.4   2   2       2.4     6e+02    0.9   0.3    59   104   103   148    74   151 0.74 # 646 # 1164 # 1 # ID=1056_2;partial=00;start_type=ATG;rbs_motif=AGGAG;rbs_spacer=5-10bp;gc_cont=0.353
NODE_624_length_7199_cov_5.748245_7     -             67 105095at2157         -            107     0.019   15.3   1.3   1   1     9e-05     0.022   15.1   1.3     5    39    18    54    11    65 0.82 # 3786 # 3986 # -1 # ID=624_7;partial=00;start_type=ATG;rbs_motif=AGGA;rbs_spacer=5-10bp;gc_cont=0.353
NODE_3196_length_409_cov_1.816265_2     -             56 105095at2157         -            107     0.021   15.2   0.1   1   1   8.9e-05     0.022   15.1   0.1    39    80     6    47     2    55 0.91 # 241 # 408 # 1 # ID=3196_2;partial=01;start_type=ATG;rbs_motif=GGAG/GAGG;rbs_spacer=5-10bp;gc_cont=0.351
NODE_1384_length_2015_cov_87.925697_3   -            153 105095at2157         -            107     0.021   15.2   0.1   1   1   0.00018     0.046   14.1   0.0    40    93     4    57     2    67 0.88 # 1486 # 1944 # 1 # ID=1384_3;partial=00;start_type=ATG;rbs_motif=GGAG/GAGG;rbs_spacer=5-10bp;gc_cont=0.364
NODE_1856_length_1121_cov_169.654215_1  -            163 105095at2157         -            107     0.023   15.1   0.2   1   1   0.00029     0.073   13.5   0.0    36    91     4    59     1    63 0.91 # 554 # 1042 # 1 # ID=1856_1;partial=00;start_type=ATG;rbs_motif=None;rbs_spacer=None;gc_cont=0.360
NODE_297_length_14745_cov_62.853082_10  -            171 105095at2157         -            107     0.025   15.0   0.1   1   1   0.00032     0.079   13.4   0.0    40    91    10    61     5    65 0.86 # 12686 # 13198 # -1 # ID=297_10;partial=00;start_type=ATG;rbs_motif=GGAG/GAGG;rbs_spacer=5-10bp;gc_cont=0.366
NODE_92_length_27424_cov_91.722602_25   -            143 105095at2157         -            107     0.029   14.7   0.0   1   1   0.00023     0.058   13.8   0.0    38    71    82   115    71   134 0.85 # 17703 # 18131 # 1 # ID=92_25;partial=00;start_type=ATG;rbs_motif=AGGAG;rbs_spacer=5-10bp;gc_cont=0.459
NODE_227_length_17126_cov_145.763388_1  -            158 105095at2157         -            107     0.039   14.4   0.0   1   1   0.00038     0.096   13.1   0.0    32    92     4    64     1    67 0.91 # 468 # 941 # 1 # ID=227_1;partial=00;start_type=ATG;rbs_motif=GGA/GAG/AGG;rbs_spacer=5-10bp;gc_cont=0.352
NODE_117_length_25206_cov_95.113216_2   -             79 105095at2157         -            107     0.039   14.4   0.0   1   1   0.00017     0.044   14.2   0.0    40    93    20    74     8    77 0.90 # 1520 # 1756 # 1 # ID=117_2;partial=00;start_type=GTG;rbs_motif=None;rbs_spacer=None;gc_cont=0.384
NODE_1067_length_3134_cov_88.570494_3   -            148 105095at2157         -            107     0.041   14.3   0.0   1   1   0.00036      0.09   13.2   0.0    37    90     5    58     2    65 0.87 # 2412 # 2855 # -1 # ID=1067_3;partial=00;start_type=ATG;rbs_motif=GGA/GAG/AGG;rbs_spacer=5-10bp;gc_cont=0.372
NODE_487_length_9628_cov_105.826301_6   -            127 105095at2157         -            107     0.041   14.3   0.4   1   1   0.00027     0.067   13.6   0.3    41    91    67   118    56   122 0.88 # 3976 # 4356 # -1 # ID=487_6;partial=00;start_type=ATG;rbs_motif=GGAG/GAGG;rbs_spacer=5-10bp;gc_cont=0.339
NODE_1315_length_2215_cov_128.582320_1  -            144 105095at2157         -            107     0.043   14.2   0.2   1   2   0.00043      0.11   12.9   0.0    48    94     3    49     1    62 0.91 # 3 # 434 # -1 # ID=1315_1;partial=10;start_type=ATG;rbs_motif=GGA/GAG/AGG;rbs_spacer=5-10bp;gc_cont=0.338
NODE_1315_length_2215_cov_128.582320_1  -            144 105095at2157         -            107     0.043   14.2   0.2   2   2       8.3   2.1e+03   -0.8   0.0    67    67    98    98    60   136 0.56 # 3 # 434 # -1 # ID=1315_1;partial=10;start_type=ATG;rbs_motif=GGA/GAG/AGG;rbs_spacer=5-10bp;gc_cont=0.338
NODE_541_length_8567_cov_156.089870_2   -            143 105095at2157         -            107     0.045   14.1   0.1   1   1   0.00037     0.093   13.1   0.1    38    71    82   115    71   135 0.85 # 4429 # 4857 # -1 # ID=541_2;partial=00;start_type=ATG;rbs_motif=AGGAG;rbs_spacer=5-10bp;gc_cont=0.469
NODE_1341_length_2155_cov_186.312801_2  -            169 105095at2157         -            107      0.05   14.0   0.2   1   2   0.00099      0.25   11.8   0.0    37    82     5    50     2    61 0.88 # 1409 # 1915 # 1 # ID=1341_2;partial=00;start_type=ATG;rbs_motif=None;rbs_spacer=None;gc_cont=0.363
NODE_1341_length_2155_cov_186.312801_2  -            169 105095at2157         -            107      0.05   14.0   0.2   2   2       5.2   1.3e+03   -0.2   0.2    63    72   119   128    76   155 0.67 # 1409 # 1915 # 1 # ID=1341_2;partial=00;start_type=ATG;rbs_motif=None;rbs_spacer=None;gc_cont=0.363
NODE_157_length_21241_cov_109.675109_3  -            519 105095at2157         -            107     0.051   14.0   0.0   1   1   0.00041       0.1   13.0   0.0    40    74    95   129    82   146 0.92 # 2569 # 4125 # -1 # ID=157_3;partial=00;start_type=ATG;rbs_motif=GGA/GAG/AGG;rbs_spacer=5-10bp;gc_cont=0.500
NODE_139_length_23326_cov_112.356230_3  -            152 105095at2157         -            107     0.058   13.8   0.0   1   1   0.00023     0.058   13.8   0.0    35    91     3    59     1    63 0.91 # 1800 # 2255 # 1 # ID=139_3;partial=00;start_type=ATG;rbs_motif=None;rbs_spacer=None;gc_cont=0.355
NODE_157_length_21241_cov_109.675109_2  -            385 105095at2157         -            107     0.064   13.7   0.1   1   1   0.00077      0.19   12.1   0.1    34    75    95   136    85   146 0.88 # 1208 # 2362 # -1 # ID=157_2;partial=00;start_type=ATG;rbs_motif=GGAG/GAGG;rbs_spacer=5-10bp;gc_cont=0.463
NODE_2190_length_757_cov_112.210294_1   -             82 105095at2157         -            107     0.066   13.6   0.0   1   1   0.00038     0.094   13.1   0.0    36    91     4    59     2    64 0.91 # 510 # 755 # 1 # ID=2190_1;partial=01;start_type=ATG;rbs_motif=GGAG/GAGG;rbs_spacer=5-10bp;gc_cont=0.362
NODE_140_length_23211_cov_80.009942_3   -             90 105095at2157         -            107     0.068   13.6   1.6   1   1   0.00032     0.081   13.3   1.5     2    37     5    43     4    77 0.84 # 987 # 1256 # 1 # ID=140_3;partial=00;start_type=ATG;rbs_motif=GGAG/GAGG;rbs_spacer=5-10bp;gc_cont=0.378
NODE_582_length_7815_cov_77.349961_4    -             93 105095at2157         -            107     0.073   13.5   0.0   1   1   0.00041       0.1   13.0   0.0    43    80    35    72    31    82 0.91 # 2257 # 2535 # 1 # ID=582_4;partial=00;start_type=ATG;rbs_motif=GGA/GAG/AGG;rbs_spacer=5-10bp;gc_cont=0.434
NODE_899_length_4428_cov_136.018157_3   -            100 105095at2157         -            107     0.073   13.5   0.0   1   1   0.00033     0.082   13.3   0.0    45    82    36    73     7    82 0.90 # 1664 # 1963 # 1 # ID=899_3;partial=00;start_type=ATG;rbs_motif=None;rbs_spacer=None;gc_cont=0.427
NODE_2477_length_594_cov_207.825919_1   -            120 105095at2157         -            107     0.081   13.3   0.2   1   1   0.00073      0.18   12.2   0.2    40    79    55    94     2   115 0.88 # 3 # 362 # 1 # ID=2477_1;partial=10;start_type=Edge;rbs_motif=None;rbs_spacer=None;gc_cont=0.422
NODE_90_length_27838_cov_67.765714_16   -            170 105095at2157         -            107     0.085   13.3   0.5   1   3    0.0018      0.44   11.0   0.0    36    83     4    51     2    62 0.87 # 18869 # 19378 # 1 # ID=90_16;partial=00;start_type=ATG;rbs_motif=None;rbs_spacer=None;gc_cont=0.341
NODE_90_length_27838_cov_67.765714_16   -            170 105095at2157         -            107     0.085   13.3   0.5   2   3         8     2e+03   -0.8   0.1    59    90    74   105    68   120 0.71 # 18869 # 19378 # 1 # ID=90_16;partial=00;start_type=ATG;rbs_motif=None;rbs_spacer=None;gc_cont=0.341
NODE_90_length_27838_cov_67.765714_16   -            170 105095at2157         -            107     0.085   13.3   0.5   3   3       9.9   2.5e+03   -1.1   0.0    80   103   124   147    85   151 0.63 # 18869 # 19378 # 1 # ID=90_16;partial=00;start_type=ATG;rbs_motif=None;rbs_spacer=None;gc_cont=0.341
NODE_1784_length_1206_cov_226.879539_2  -            218 105095at2157         -            107     0.087   13.2   0.0   1   1   0.00074      0.19   12.2   0.0    40    87     6    54     2    61 0.81 # 537 # 1190 # 1 # ID=1784_2;partial=00;start_type=ATG;rbs_motif=None;rbs_spacer=None;gc_cont=0.356
NODE_2042_length_887_cov_145.959259_1   -            133 105095at2157         -            107     0.088   13.2   0.0   1   1    0.0006      0.15   12.5   0.0    36    91    12    67     2    72 0.87 # 488 # 886 # 1 # ID=2042_1;partial=01;start_type=ATG;rbs_motif=GGAG/GAGG;rbs_spacer=5-10bp;gc_cont=0.346
NODE_1913_length_1040_cov_102.379024_1  -            158 105095at2157         -            107     0.091   13.2   0.1   1   2    0.0018      0.46   10.9   0.0    36    91     4    59     2    65 0.89 # 3 # 476 # -1 # ID=1913_1;partial=10;start_type=ATG;rbs_motif=GGA/GAG/AGG;rbs_spacer=5-10bp;gc_cont=0.365
NODE_1913_length_1040_cov_102.379024_1  -            158 105095at2157         -            107     0.091   13.2   0.1   2   2        10   2.5e+03   -1.1   0.1    32    52   120   140   112   150 0.64 # 3 # 476 # -1 # ID=1913_1;partial=10;start_type=ATG;rbs_motif=GGA/GAG/AGG;rbs_spacer=5-10bp;gc_cont=0.365
NODE_352_length_12810_cov_111.122202_10 -            103 105095at2157         -            107       0.1   13.0   0.0   1   1   0.00055      0.14   12.6   0.0    42    81    44    83    29    93 0.90 # 9890 # 10198 # -1 # ID=352_10;partial=00;start_type=ATG;rbs_motif=GGAG/GAGG;rbs_spacer=5-10bp;gc_cont=0.447
NODE_2220_length_732_cov_117.627481_1   -            103 105095at2157         -            107       0.1   13.0   0.0   1   2       5.9   1.5e+03   -0.4   0.0    50    78     4    31     1    37 0.55 # 75 # 383 # -1 # ID=2220_1;partial=00;start_type=ATG;rbs_motif=GGA/GAG/AGG;rbs_spacer=5-10bp;gc_cont=0.408
NODE_2220_length_732_cov_117.627481_1   -            103 105095at2157         -            107       0.1   13.0   0.0   2   2    0.0014      0.34   11.3   0.0    40    76    39    75    31    89 0.87 # 75 # 383 # -1 # ID=2220_1;partial=00;start_type=ATG;rbs_motif=GGA/GAG/AGG;rbs_spacer=5-10bp;gc_cont=0.408
NODE_405_length_11335_cov_51.984988_7   -            210 105095at2157         -            107      0.11   12.9   0.6   1   1   0.00097      0.24   11.8   0.0    47    93    46    92    43   102 0.89 # 7403 # 8032 # 1 # ID=405_7;partial=00;start_type=TTG;rbs_motif=None;rbs_spacer=None;gc_cont=0.411
NODE_783_length_5259_cov_120.201853_2   -            111 105095at2157         -            107      0.12   12.8   0.0   1   1   0.00059      0.15   12.5   0.0    39    91     5    57     1    64 0.90 # 513 # 845 # 1 # ID=783_2;partial=00;start_type=ATG;rbs_motif=GGAG/GAGG;rbs_spacer=5-10bp;gc_cont=0.348
NODE_274_length_15480_cov_175.571252_12 -            206 105095at2157         -            107      0.13   12.7   0.1   1   1    0.0012      0.31   11.5   0.1    40    92     6    58     2    64 0.91 # 8345 # 8962 # -1 # ID=274_12;partial=00;start_type=ATG;rbs_motif=GGAG/GAGG;rbs_spacer=5-10bp;gc_cont=0.353
NODE_322_length_13849_cov_60.323482_9   -            137 105095at2157         -            107      0.14   12.6   0.0   1   1   0.00095      0.24   11.8   0.0    48    94    85   131    81   135 0.91 # 11310 # 11720 # 1 # ID=322_9;partial=00;start_type=ATG;rbs_motif=None;rbs_spacer=None;gc_cont=0.406
NODE_28_length_45458_cov_104.318746_31  -            200 105095at2157         -            107      0.14   12.6   0.1   1   1    0.0018      0.46   10.9   0.0    40    79    72   111    34   136 0.90 # 37464 # 38063 # -1 # ID=28_31;partial=00;start_type=ATG;rbs_motif=GGAG/GAGG;rbs_spacer=5-10bp;gc_cont=0.413
NODE_513_length_9060_cov_66.601803_2    -            140 105095at2157         -            107      0.14   12.6   0.0   1   1   0.00082       0.2   12.0   0.0    42    88    77   124    42   135 0.87 # 285 # 704 # 1 # ID=513_2;partial=00;start_type=ATG;rbs_motif=AGGAG;rbs_spacer=5-10bp;gc_cont=0.393
NODE_599_length_7456_cov_6.357772_1     -             36 105095at2157         -            107      0.15   12.5   0.4   1   1   0.00062      0.16   12.4   0.4     2    31     7    34     6    36 0.82 # 1 # 108 # -1 # ID=599_1;partial=10;start_type=ATG;rbs_motif=AGGA;rbs_spacer=5-10bp;gc_cont=0.435
NODE_328_length_13694_cov_5.922083_14   -            547 105095at2157         -            107       0.2   12.1   2.3   1   1    0.0018      0.44   11.0   0.2    48    93   152   197   148   204 0.86 # 9835 # 11475 # 1 # ID=328_14;partial=00;start_type=ATG;rbs_motif=AGGAG;rbs_spacer=5-10bp;gc_cont=0.327
NODE_373_length_11960_cov_74.080030_3   -            758 105095at2157         -            107       2.4    8.6   4.6   1   1    0.0054       1.4    9.4   0.1    31    64   152   185   139   202 0.86 # 2050 # 4323 # 1 # ID=373_3;partial=00;start_type=ATG;rbs_motif=3Base/5BMM;rbs_spacer=13-15bp;gc_cont=0.409
#
# Program:         hmmsearch
# Version:         3.1b2 (February 2015)
# Pipeline mode:   SEARCH
# Query file:      /home/mira/Bacteria2022/Thiomargarita_magnifica/qc_assembly/busco_trimmed/busco_downloads/lineages/archaea_odb10/hmms/105095at2157.hmm
# Target file:     /home/mira/Bacteria2022/Thiomargarita_magnifica/qc_assembly/busco_trimmed/busco_trimmed/prodigal_output/predicted_genes/predicted.faa
# Option settings: hmmsearch --domtblout /home/mira/Bacteria2022/Thiomargarita_magnifica/qc_assembly/busco_trimmed/busco_trimmed/auto_lineage/run_archaea_odb10/hmmer_output/105095at2157.out --cpu 1 /home/mira/Bacteria2022/Thiomargarita_magnifica/qc_assembly/busco_trimmed/busco_downloads/lineages/archaea_odb10/hmms/105095at2157.hmm /home/mira/Bacteria2022/Thiomargarita_magnifica/qc_assembly/busco_trimmed/busco_trimmed/prodigal_output/predicted_genes/predicted.faa 
# Current dir:     /home/mira/Bacteria2022/Thiomargarita_magnifica/qc_assembly/busco_trimmed
# Date:            Tue Jul 12 13:34:20 2022
# [ok]
