#                                                                                               --- full sequence --- -------------- this domain -------------   hmm coord   ali coord   env coord
# target name                           accession   tlen query name           accession   qlen   E-value  score  bias   #  of  c-Evalue  i-Evalue  score  bias  from    to  from    to  from    to  acc description of target
#                   ------------------- ---------- ----- -------------------- ---------- ----- --------- ------ ----- --- --- --------- --------- ------ ----- ----- ----- ----- ----- ----- ----- ---- ---------------------
NODE_459_length_10121_cov_7.089606_5    -            806 111803at2157         -            210   1.4e-08   34.6   1.7   1   2   1.1e-10     2e-07   30.9   0.5     5    89     7    87     4    94 0.84 # 5290 # 7707 # 1 # ID=459_5;partial=00;start_type=ATG;rbs_motif=None;rbs_spacer=None;gc_cont=0.304
NODE_459_length_10121_cov_7.089606_5    -            806 111803at2157         -            210   1.4e-08   34.6   1.7   2   2      0.11   1.9e+02    1.5   0.0    86   117   132   163   113   185 0.74 # 5290 # 7707 # 1 # ID=459_5;partial=00;start_type=ATG;rbs_motif=None;rbs_spacer=None;gc_cont=0.304
NODE_472_length_9925_cov_9.502742_1     -            241 111803at2157         -            210   1.1e-07   31.7   0.1   1   2      0.45   7.9e+02   -0.4   0.0     1    20     1    20     1    30 0.67 # 88 # 810 # -1 # ID=472_1;partial=00;start_type=ATG;rbs_motif=AGGA;rbs_spacer=5-10bp;gc_cont=0.293
NODE_472_length_9925_cov_9.502742_1     -            241 111803at2157         -            210   1.1e-07   31.7   0.1   2   2   4.6e-10   8.1e-07   28.9   0.1    25   206    45   219    35   221 0.85 # 88 # 810 # -1 # ID=472_1;partial=00;start_type=ATG;rbs_motif=AGGA;rbs_spacer=5-10bp;gc_cont=0.293
NODE_40_length_40656_cov_61.964292_3    -            303 111803at2157         -            210   1.3e-06   28.2   0.3   1   3   5.1e-06    0.0089   15.7   0.1    25    91    40   107    23   112 0.70 # 1741 # 2649 # -1 # ID=40_3;partial=00;start_type=ATG;rbs_motif=None;rbs_spacer=None;gc_cont=0.400
NODE_40_length_40656_cov_61.964292_3    -            303 111803at2157         -            210   1.3e-06   28.2   0.3   2   3       2.1   3.7e+03   -2.6   0.0    66    81   195   210   194   214 0.86 # 1741 # 2649 # -1 # ID=40_3;partial=00;start_type=ATG;rbs_motif=None;rbs_spacer=None;gc_cont=0.400
NODE_40_length_40656_cov_61.964292_3    -            303 111803at2157         -            210   1.3e-06   28.2   0.3   3   3   0.00037      0.65    9.6   0.0   167   209   214   264   212   265 0.80 # 1741 # 2649 # -1 # ID=40_3;partial=00;start_type=ATG;rbs_motif=None;rbs_spacer=None;gc_cont=0.400
NODE_193_length_19211_cov_152.427041_11 -            255 111803at2157         -            210   2.3e-06   27.4   0.1   1   2   1.2e-08     2e-05   24.3   0.0     2    66     9    77     8    87 0.79 # 13785 # 14549 # -1 # ID=193_11;partial=00;start_type=ATG;rbs_motif=GGA/GAG/AGG;rbs_spacer=5-10bp;gc_cont=0.399
NODE_193_length_19211_cov_152.427041_11 -            255 111803at2157         -            210   2.3e-06   27.4   0.1   2   2      0.18   3.1e+02    0.9   0.0   167   205   175   218   155   222 0.75 # 13785 # 14549 # -1 # ID=193_11;partial=00;start_type=ATG;rbs_motif=GGA/GAG/AGG;rbs_spacer=5-10bp;gc_cont=0.399
NODE_12_length_57774_cov_97.530201_38   -            345 111803at2157         -            210     0.012   15.3   0.0   1   1   1.2e-05     0.022   14.5   0.0    28    73    79   127    73   133 0.82 # 40166 # 41200 # -1 # ID=12_38;partial=00;start_type=ATG;rbs_motif=GGAG/GAGG;rbs_spacer=5-10bp;gc_cont=0.406
NODE_134_length_23588_cov_68.588405_22  -            213 111803at2157         -            210     0.037   13.7   0.1   1   1   3.7e-05     0.066   12.9   0.1    43    69    50    76    45    86 0.88 # 17830 # 18468 # 1 # ID=134_22;partial=00;start_type=ATG;rbs_motif=GGA/GAG/AGG;rbs_spacer=5-10bp;gc_cont=0.446
NODE_2785_length_490_cov_138.169492_1   -             68 111803at2157         -            210     0.074   12.7   0.2   1   1   4.9e-05     0.087   12.5   0.2    48    69    27    48    19    55 0.90 # 1 # 204 # 1 # ID=2785_1;partial=10;start_type=Edge;rbs_motif=None;rbs_spacer=None;gc_cont=0.436
NODE_575_length_7980_cov_112.017841_2   -            375 111803at2157         -            210     0.075   12.7   0.0   1   2   0.00013      0.23   11.1   0.0    46    70    52    76    42    79 0.85 # 470 # 1594 # -1 # ID=575_2;partial=00;start_type=TTG;rbs_motif=GGAG/GAGG;rbs_spacer=5-10bp;gc_cont=0.445
NODE_575_length_7980_cov_112.017841_2   -            375 111803at2157         -            210     0.075   12.7   0.0   2   2       2.3     4e+03   -2.8   0.0    67    67   148   148   127   195 0.42 # 470 # 1594 # -1 # ID=575_2;partial=00;start_type=TTG;rbs_motif=GGAG/GAGG;rbs_spacer=5-10bp;gc_cont=0.445
NODE_572_length_8013_cov_4.549395_1     -            658 111803at2157         -            210     0.099   12.3   0.7   1   1   0.00011       0.2   11.3   0.7    94   140   556   602   534   635 0.84 # 536 # 2509 # 1 # ID=572_1;partial=00;start_type=ATG;rbs_motif=None;rbs_spacer=None;gc_cont=0.336
NODE_441_length_10494_cov_87.720649_6   -            130 111803at2157         -            210      0.11   12.1   0.1   1   1   9.8e-05      0.17   11.5   0.1    53    71    27    45    21    49 0.90 # 8254 # 8643 # 1 # ID=441_6;partial=00;start_type=ATG;rbs_motif=AGGAG;rbs_spacer=5-10bp;gc_cont=0.433
NODE_141_length_23070_cov_115.783108_2  -            460 111803at2157         -            210      0.16   11.6   0.0   1   2   0.00049      0.86    9.2   0.0    48    69    60    81    53   153 0.84 # 544 # 1923 # -1 # ID=141_2;partial=00;start_type=ATG;rbs_motif=None;rbs_spacer=None;gc_cont=0.452
NODE_141_length_23070_cov_115.783108_2  -            460 111803at2157         -            210      0.16   11.6   0.0   2   2      0.73   1.3e+03   -1.1   0.0   169   194   199   224   194   228 0.88 # 544 # 1923 # -1 # ID=141_2;partial=00;start_type=ATG;rbs_motif=None;rbs_spacer=None;gc_cont=0.452
NODE_799_length_5180_cov_90.065844_7    -            460 111803at2157         -            210      0.18   11.4   0.0   1   2   0.00061       1.1    8.9   0.0    48    69    60    81    54   149 0.92 # 3777 # 5156 # 1 # ID=799_7;partial=00;start_type=ATG;rbs_motif=None;rbs_spacer=None;gc_cont=0.442
NODE_799_length_5180_cov_90.065844_7    -            460 111803at2157         -            210      0.18   11.4   0.0   2   2      0.58     1e+03   -0.8   0.0   169   194   199   224   194   228 0.88 # 3777 # 5156 # 1 # ID=799_7;partial=00;start_type=ATG;rbs_motif=None;rbs_spacer=None;gc_cont=0.442
#
# Program:         hmmsearch
# Version:         3.1b2 (February 2015)
# Pipeline mode:   SEARCH
# Query file:      /home/mira/Bacteria2022/Thiomargarita_magnifica/qc_assembly/busco_trimmed/busco_downloads/lineages/archaea_odb10/hmms/111803at2157.hmm
# Target file:     /home/mira/Bacteria2022/Thiomargarita_magnifica/qc_assembly/busco_trimmed/busco_trimmed/prodigal_output/predicted_genes/predicted.faa
# Option settings: hmmsearch --domtblout /home/mira/Bacteria2022/Thiomargarita_magnifica/qc_assembly/busco_trimmed/busco_trimmed/auto_lineage/run_archaea_odb10/hmmer_output/111803at2157.out --cpu 1 /home/mira/Bacteria2022/Thiomargarita_magnifica/qc_assembly/busco_trimmed/busco_downloads/lineages/archaea_odb10/hmms/111803at2157.hmm /home/mira/Bacteria2022/Thiomargarita_magnifica/qc_assembly/busco_trimmed/busco_trimmed/prodigal_output/predicted_genes/predicted.faa 
# Current dir:     /home/mira/Bacteria2022/Thiomargarita_magnifica/qc_assembly/busco_trimmed
# Date:            Tue Jul 12 13:34:20 2022
# [ok]
