#                                                                                              --- full sequence --- -------------- this domain -------------   hmm coord   ali coord   env coord
# target name                          accession   tlen query name           accession   qlen   E-value  score  bias   #  of  c-Evalue  i-Evalue  score  bias  from    to  from    to  from    to  acc description of target
#                  ------------------- ---------- ----- -------------------- ---------- ----- --------- ------ ----- --- --- --------- --------- ------ ----- ----- ----- ----- ----- ----- ----- ---- ---------------------
NODE_24_length_49346_cov_105.237837_37 -            449 115808at2157         -            300   2.4e-16   59.9   3.6   1   4   1.5e-06    0.0011   18.3   0.0     3    33    14    44    12    46 0.95 # 34284 # 35630 # 1 # ID=24_37;partial=00;start_type=ATG;rbs_motif=3Base/5BMM;rbs_spacer=13-15bp;gc_cont=0.448
NODE_24_length_49346_cov_105.237837_37 -            449 115808at2157         -            300   2.4e-16   59.9   3.6   2   4     1e-08   7.6e-06   25.4   0.1    62   154    95   198    78   204 0.85 # 34284 # 35630 # 1 # ID=24_37;partial=00;start_type=ATG;rbs_motif=3Base/5BMM;rbs_spacer=13-15bp;gc_cont=0.448
NODE_24_length_49346_cov_105.237837_37 -            449 115808at2157         -            300   2.4e-16   59.9   3.6   3   4       1.5   1.1e+03   -1.5   0.1   164   186   224   247   218   255 0.73 # 34284 # 35630 # 1 # ID=24_37;partial=00;start_type=ATG;rbs_motif=3Base/5BMM;rbs_spacer=13-15bp;gc_cont=0.448
NODE_24_length_49346_cov_105.237837_37 -            449 115808at2157         -            300   2.4e-16   59.9   3.6   4   4   1.6e-05     0.012   14.9   0.0   204   252   290   337   264   365 0.80 # 34284 # 35630 # 1 # ID=24_37;partial=00;start_type=ATG;rbs_motif=3Base/5BMM;rbs_spacer=13-15bp;gc_cont=0.448
NODE_390_length_11609_cov_91.064603_6  -            402 115808at2157         -            300     1e-10   41.4   0.1   1   3   8.5e-05     0.064   12.5   0.0     2    33     1    32     1    34 0.96 # 5362 # 6567 # 1 # ID=390_6;partial=00;start_type=ATG;rbs_motif=None;rbs_spacer=None;gc_cont=0.473
NODE_390_length_11609_cov_91.064603_6  -            402 115808at2157         -            300     1e-10   41.4   0.1   2   3   2.3e-05     0.018   14.3   0.0    79   150   103   183   100   194 0.81 # 5362 # 6567 # 1 # ID=390_6;partial=00;start_type=ATG;rbs_motif=None;rbs_spacer=None;gc_cont=0.473
NODE_390_length_11609_cov_91.064603_6  -            402 115808at2157         -            300     1e-10   41.4   0.1   3   3   0.00025      0.19   11.0   0.0   208   247   277   316   265   321 0.91 # 5362 # 6567 # 1 # ID=390_6;partial=00;start_type=ATG;rbs_motif=None;rbs_spacer=None;gc_cont=0.473
NODE_303_length_14542_cov_72.754787_4  -            404 115808at2157         -            300     1e-10   41.4   0.0   1   3   0.00074      0.56    9.4   0.0     3    34     6    37     4    40 0.93 # 4671 # 5882 # 1 # ID=303_4;partial=00;start_type=ATG;rbs_motif=AGGA;rbs_spacer=5-10bp;gc_cont=0.486
NODE_303_length_14542_cov_72.754787_4  -            404 115808at2157         -            300     1e-10   41.4   0.0   2   3   3.5e-05     0.026   13.8   0.0   105   154   134   188    98   194 0.78 # 4671 # 5882 # 1 # ID=303_4;partial=00;start_type=ATG;rbs_motif=AGGA;rbs_spacer=5-10bp;gc_cont=0.486
NODE_303_length_14542_cov_72.754787_4  -            404 115808at2157         -            300     1e-10   41.4   0.0   3   3   1.8e-05     0.014   14.7   0.0   198   247   266   317   247   339 0.81 # 4671 # 5882 # 1 # ID=303_4;partial=00;start_type=ATG;rbs_motif=AGGA;rbs_spacer=5-10bp;gc_cont=0.486
NODE_525_length_8838_cov_67.289351_4   -            481 115808at2157         -            300   2.9e-05   23.5   0.0   1   2   1.6e-07   0.00012   21.5   0.0     4    33   145   174   142   180 0.93 # 6675 # 8117 # 1 # ID=525_4;partial=00;start_type=ATG;rbs_motif=AGGA;rbs_spacer=5-10bp;gc_cont=0.484
NODE_525_length_8838_cov_67.289351_4   -            481 115808at2157         -            300   2.9e-05   23.5   0.0   2   2       1.6   1.2e+03   -1.6   0.0   114   137   384   411   363   416 0.75 # 6675 # 8117 # 1 # ID=525_4;partial=00;start_type=ATG;rbs_motif=AGGA;rbs_spacer=5-10bp;gc_cont=0.484
NODE_40_length_40656_cov_61.964292_35  -            712 115808at2157         -            300   3.4e-05   23.2   0.2   1   2   2.4e-06    0.0018   17.6   0.1     4   131   239   374   236   392 0.75 # 36212 # 38347 # 1 # ID=40_35;partial=00;start_type=ATG;rbs_motif=None;rbs_spacer=None;gc_cont=0.439
NODE_40_length_40656_cov_61.964292_35  -            712 115808at2157         -            300   3.4e-05   23.2   0.2   2   2     0.047        36    3.5   0.0     5    31   405   431   402   435 0.90 # 36212 # 38347 # 1 # ID=40_35;partial=00;start_type=ATG;rbs_motif=None;rbs_spacer=None;gc_cont=0.439
NODE_207_length_18386_cov_11.690262_10 -            405 115808at2157         -            300   3.8e-05   23.1   0.1   1   2     2e-05     0.015   14.6   0.0     2    33     1    32     1    47 0.89 # 14959 # 16173 # 1 # ID=207_10;partial=00;start_type=ATG;rbs_motif=None;rbs_spacer=None;gc_cont=0.311
NODE_207_length_18386_cov_11.690262_10 -            405 115808at2157         -            300   3.8e-05   23.1   0.1   2   2    0.0074       5.6    6.1   0.0    87   130   112   161   106   163 0.91 # 14959 # 16173 # 1 # ID=207_10;partial=00;start_type=ATG;rbs_motif=None;rbs_spacer=None;gc_cont=0.311
NODE_770_length_5326_cov_116.486188_4  -            322 115808at2157         -            300   9.3e-05   21.8   0.1   1   2   2.3e-05     0.017   14.4   0.0     2    33     1    32     1    34 0.95 # 2371 # 3336 # 1 # ID=770_4;partial=00;start_type=ATG;rbs_motif=GGA/GAG/AGG;rbs_spacer=5-10bp;gc_cont=0.454
NODE_770_length_5326_cov_116.486188_4  -            322 115808at2157         -            300   9.3e-05   21.8   0.1   2   2     0.014        10    5.3   0.0    89   123   158   190   150   275 0.78 # 2371 # 3336 # 1 # ID=770_4;partial=00;start_type=ATG;rbs_motif=GGA/GAG/AGG;rbs_spacer=5-10bp;gc_cont=0.454
NODE_45_length_39380_cov_109.213597_4  -            477 115808at2157         -            300   0.00013   21.4   0.0   1   2   5.8e-07   0.00044   19.6   0.0     4    33   145   174   142   180 0.93 # 7314 # 8744 # 1 # ID=45_4;partial=00;start_type=ATG;rbs_motif=AGGAG/GGAGG;rbs_spacer=11-12bp;gc_cont=0.484
NODE_45_length_39380_cov_109.213597_4  -            477 115808at2157         -            300   0.00013   21.4   0.0   2   2       2.6     2e+03   -2.2   0.0   114   137   382   409   362   414 0.75 # 7314 # 8744 # 1 # ID=45_4;partial=00;start_type=ATG;rbs_motif=AGGAG/GGAGG;rbs_spacer=11-12bp;gc_cont=0.484
NODE_156_length_21693_cov_70.795846_14 -            472 115808at2157         -            300   0.00023   20.5   2.2   1   4   1.2e-05    0.0089   15.3   0.0     2    33     3    34     2    38 0.94 # 17476 # 18891 # 1 # ID=156_14;partial=00;start_type=ATG;rbs_motif=AGGA;rbs_spacer=5-10bp;gc_cont=0.476
NODE_156_length_21693_cov_70.795846_14 -            472 115808at2157         -            300   0.00023   20.5   2.2   2   4      0.12        91    2.1   0.0    97   131   118   152   107   156 0.87 # 17476 # 18891 # 1 # ID=156_14;partial=00;start_type=ATG;rbs_motif=AGGA;rbs_spacer=5-10bp;gc_cont=0.476
NODE_156_length_21693_cov_70.795846_14 -            472 115808at2157         -            300   0.00023   20.5   2.2   3   4       1.7   1.3e+03   -1.6   0.0     7    32   185   210   182   211 0.93 # 17476 # 18891 # 1 # ID=156_14;partial=00;start_type=ATG;rbs_motif=AGGA;rbs_spacer=5-10bp;gc_cont=0.476
NODE_156_length_21693_cov_70.795846_14 -            472 115808at2157         -            300   0.00023   20.5   2.2   4   4      0.75   5.7e+02   -0.5   0.0    93   115   230   259   219   282 0.71 # 17476 # 18891 # 1 # ID=156_14;partial=00;start_type=ATG;rbs_motif=AGGA;rbs_spacer=5-10bp;gc_cont=0.476
NODE_823_length_4884_cov_70.117329_4   -            592 115808at2157         -            300   0.00023   20.5   0.1   1   2   7.1e-07   0.00053   19.3   0.0     4    33   282   311   279   313 0.95 # 2116 # 3891 # -1 # ID=823_4;partial=00;start_type=ATG;rbs_motif=None;rbs_spacer=None;gc_cont=0.491
NODE_823_length_4884_cov_70.117329_4   -            592 115808at2157         -            300   0.00023   20.5   0.1   2   2       4.4   3.3e+03   -3.0   0.0     4    23   408   427   406   430 0.88 # 2116 # 3891 # -1 # ID=823_4;partial=00;start_type=ATG;rbs_motif=None;rbs_spacer=None;gc_cont=0.491
NODE_666_length_6674_cov_9.413521_9    -            573 115808at2157         -            300   0.00027   20.3   0.1   1   2     1e-06   0.00079   18.8   0.1     2    32     7    37     6    39 0.95 # 4935 # 6653 # -1 # ID=666_9;partial=00;start_type=ATG;rbs_motif=AGGA;rbs_spacer=5-10bp;gc_cont=0.366
NODE_666_length_6674_cov_9.413521_9    -            573 115808at2157         -            300   0.00027   20.3   0.1   2   2       2.5   1.9e+03   -2.2   0.0    86   116   136   166   119   193 0.72 # 4935 # 6653 # -1 # ID=666_9;partial=00;start_type=ATG;rbs_motif=AGGA;rbs_spacer=5-10bp;gc_cont=0.366
NODE_746_length_5683_cov_91.067428_2   -            355 115808at2157         -            300    0.0011   18.3   0.0   1   2   8.8e-06    0.0066   15.7   0.1     3    36     1    34     1    39 0.94 # 2493 # 3557 # 1 # ID=746_2;partial=00;start_type=ATG;rbs_motif=None;rbs_spacer=None;gc_cont=0.440
NODE_746_length_5683_cov_91.067428_2   -            355 115808at2157         -            300    0.0011   18.3   0.0   2   2      0.64   4.8e+02   -0.2   0.0    99   154   217   280   201   285 0.73 # 2493 # 3557 # 1 # ID=746_2;partial=00;start_type=ATG;rbs_motif=None;rbs_spacer=None;gc_cont=0.440
NODE_388_length_11632_cov_69.284033_1  -            337 115808at2157         -            300    0.0032   16.8   0.0   1   1   8.2e-06    0.0062   15.8   0.0     2    33     1    32     1    39 0.94 # 1 # 1011 # -1 # ID=388_1;partial=10;start_type=ATG;rbs_motif=AGGA;rbs_spacer=5-10bp;gc_cont=0.458
NODE_573_length_8007_cov_66.657755_5   -            643 115808at2157         -            300    0.0033   16.7   0.0   1   3   0.00017      0.13   11.5   0.0     4    33   142   171   139   172 0.94 # 5882 # 7810 # 1 # ID=573_5;partial=00;start_type=ATG;rbs_motif=GGA/GAG/AGG;rbs_spacer=5-10bp;gc_cont=0.483
NODE_573_length_8007_cov_66.657755_5   -            643 115808at2157         -            300    0.0033   16.7   0.0   2   3      0.93     7e+02   -0.8   0.0    79   133   186   237   185   256 0.70 # 5882 # 7810 # 1 # ID=573_5;partial=00;start_type=ATG;rbs_motif=GGA/GAG/AGG;rbs_spacer=5-10bp;gc_cont=0.483
NODE_573_length_8007_cov_66.657755_5   -            643 115808at2157         -            300    0.0033   16.7   0.0   3   3      0.28   2.1e+02    1.0   0.0   114   132   384   409   340   415 0.77 # 5882 # 7810 # 1 # ID=573_5;partial=00;start_type=ATG;rbs_motif=GGA/GAG/AGG;rbs_spacer=5-10bp;gc_cont=0.483
NODE_2093_length_850_cov_4.091850_1    -            219 115808at2157         -            300    0.0057   15.9   0.1   1   3   0.00065      0.49    9.6   0.0     2    33     1    33     1    37 0.87 # 3 # 659 # -1 # ID=2093_1;partial=10;start_type=ATG;rbs_motif=AGGA;rbs_spacer=5-10bp;gc_cont=0.342
NODE_2093_length_850_cov_4.091850_1    -            219 115808at2157         -            300    0.0057   15.9   0.1   2   3     0.048        36    3.5   0.0   103   164    74   140    59   141 0.69 # 3 # 659 # -1 # ID=2093_1;partial=10;start_type=ATG;rbs_motif=AGGA;rbs_spacer=5-10bp;gc_cont=0.342
NODE_2093_length_850_cov_4.091850_1    -            219 115808at2157         -            300    0.0057   15.9   0.1   3   3       1.7   1.3e+03   -1.6   0.0     2    30   143   171   142   175 0.75 # 3 # 659 # -1 # ID=2093_1;partial=10;start_type=ATG;rbs_motif=AGGA;rbs_spacer=5-10bp;gc_cont=0.342
NODE_463_length_10025_cov_4.877161_8   -            344 115808at2157         -            300    0.0083   15.4   0.0   1   2   4.7e-05     0.035   13.4   0.0     2    37     1    36     1    51 0.80 # 6488 # 7519 # -1 # ID=463_8;partial=00;start_type=ATG;rbs_motif=GGA/GAG/AGG;rbs_spacer=5-10bp;gc_cont=0.307
NODE_463_length_10025_cov_4.877161_8   -            344 115808at2157         -            300    0.0083   15.4   0.0   2   2       1.1   8.4e+02   -1.0   0.0    98   130   117   154   109   168 0.80 # 6488 # 7519 # -1 # ID=463_8;partial=00;start_type=ATG;rbs_motif=GGA/GAG/AGG;rbs_spacer=5-10bp;gc_cont=0.307
NODE_3422_length_377_cov_2.206667_1    -            109 115808at2157         -            300    0.0091   15.3   0.0   1   1   1.5e-05     0.012   14.9   0.0     2    34     1    33     1    44 0.93 # 49 # 375 # 1 # ID=3422_1;partial=01;start_type=TTG;rbs_motif=None;rbs_spacer=None;gc_cont=0.275
NODE_710_length_6182_cov_4.845373_2    -            453 115808at2157         -            300     0.011   15.0   0.0   1   1   2.6e-05      0.02   14.2   0.0     4    34    29    59    26    64 0.92 # 239 # 1597 # 1 # ID=710_2;partial=00;start_type=TTG;rbs_motif=AGGA;rbs_spacer=5-10bp;gc_cont=0.297
NODE_569_length_8077_cov_84.132375_5   -            427 115808at2157         -            300     0.011   15.0   0.1   1   2   7.4e-05     0.056   12.7   0.0     4    34    10    40     7    44 0.92 # 2585 # 3865 # 1 # ID=569_5;partial=00;start_type=ATG;rbs_motif=GGAGG;rbs_spacer=5-10bp;gc_cont=0.471
NODE_569_length_8077_cov_84.132375_5   -            427 115808at2157         -            300     0.011   15.0   0.1   2   2         1   7.8e+02   -0.9   0.0    69   114   282   329   251   364 0.75 # 2585 # 3865 # 1 # ID=569_5;partial=00;start_type=ATG;rbs_motif=GGAGG;rbs_spacer=5-10bp;gc_cont=0.471
NODE_7092_length_166_cov_3.685393_1    -             55 115808at2157         -            300     0.012   14.9   0.0   1   1   1.8e-05     0.013   14.7   0.0     3    31     2    29     1    37 0.90 # 2 # 166 # 1 # ID=7092_1;partial=11;start_type=Edge;rbs_motif=None;rbs_spacer=None;gc_cont=0.309
NODE_199_length_18903_cov_86.678902_9  -            435 115808at2157         -            300     0.015   14.6   0.0   1   1   2.9e-05     0.022   14.0   0.0     4    33     5    34     2    40 0.93 # 8332 # 9636 # 1 # ID=199_9;partial=00;start_type=ATG;rbs_motif=None;rbs_spacer=None;gc_cont=0.392
NODE_90_length_27838_cov_67.765714_21  -            466 115808at2157         -            300     0.019   14.2   0.0   1   1   5.2e-05     0.039   13.2   0.0     4    32   142   170   139   172 0.95 # 24797 # 26194 # 1 # ID=90_21;partial=00;start_type=ATG;rbs_motif=GGAGG;rbs_spacer=5-10bp;gc_cont=0.509
NODE_9_length_62297_cov_83.669335_15   -            379 115808at2157         -            300     0.031   13.5   0.1   1   1   6.9e-05     0.052   12.8   0.1     3    34     1    32     1    33 0.95 # 27308 # 28444 # 1 # ID=9_15;partial=00;start_type=ATG;rbs_motif=None;rbs_spacer=None;gc_cont=0.529
NODE_724_length_6017_cov_6.351347_2    -            532 115808at2157         -            300     0.045   13.0   0.2   1   2   0.00031      0.24   10.6   0.1     1    33     1    33     1    34 0.96 # 526 # 2121 # 1 # ID=724_2;partial=00;start_type=ATG;rbs_motif=AGGA;rbs_spacer=5-10bp;gc_cont=0.325
NODE_724_length_6017_cov_6.351347_2    -            532 115808at2157         -            300     0.045   13.0   0.2   2   2      0.85   6.4e+02   -0.6   0.0   105   131   242   268   226   287 0.76 # 526 # 2121 # 1 # ID=724_2;partial=00;start_type=ATG;rbs_motif=AGGA;rbs_spacer=5-10bp;gc_cont=0.325
NODE_74_length_29736_cov_95.901379_2   -            514 115808at2157         -            300     0.059   12.6   0.0   1   1   0.00014       0.1   11.8   0.0     2    33    12    43    11    45 0.95 # 1264 # 2805 # 1 # ID=74_2;partial=00;start_type=ATG;rbs_motif=GGAGG;rbs_spacer=5-10bp;gc_cont=0.542
NODE_432_length_10756_cov_96.188314_2  -            618 115808at2157         -            300     0.097   11.9   0.0   1   1   0.00028      0.21   10.8   0.0     2    34    32    64    31    71 0.91 # 1879 # 3732 # -1 # ID=432_2;partial=00;start_type=TTG;rbs_motif=None;rbs_spacer=None;gc_cont=0.464
NODE_185_length_19760_cov_78.810242_7  -            566 115808at2157         -            300      0.11   11.8   0.0   1   1   0.00024      0.18   11.0   0.0     2    33     4    35     3    37 0.95 # 3918 # 5615 # 1 # ID=185_7;partial=00;start_type=ATG;rbs_motif=AGGA/GGAG/GAGG;rbs_spacer=11-12bp;gc_cont=0.499
NODE_165_length_20723_cov_81.734283_3  -            451 115808at2157         -            300      0.21   10.8   0.0   1   4      0.99   7.4e+02   -0.9   0.0     4    23    72    91    69    94 0.85 # 1123 # 2475 # -1 # ID=165_3;partial=00;start_type=ATG;rbs_motif=GGAG/GAGG;rbs_spacer=5-10bp;gc_cont=0.479
NODE_165_length_20723_cov_81.734283_3  -            451 115808at2157         -            300      0.21   10.8   0.0   2   4     0.063        47    3.1   0.0    92   132   134   178   130   195 0.89 # 1123 # 2475 # -1 # ID=165_3;partial=00;start_type=ATG;rbs_motif=GGAG/GAGG;rbs_spacer=5-10bp;gc_cont=0.479
NODE_165_length_20723_cov_81.734283_3  -            451 115808at2157         -            300      0.21   10.8   0.0   3   4     0.082        62    2.7   0.0     4    32   213   241   211   242 0.93 # 1123 # 2475 # -1 # ID=165_3;partial=00;start_type=ATG;rbs_motif=GGAG/GAGG;rbs_spacer=5-10bp;gc_cont=0.479
NODE_165_length_20723_cov_81.734283_3  -            451 115808at2157         -            300      0.21   10.8   0.0   4   4       1.5   1.1e+03   -1.4   0.0    88   134   257   310   254   326 0.82 # 1123 # 2475 # -1 # ID=165_3;partial=00;start_type=ATG;rbs_motif=GGAG/GAGG;rbs_spacer=5-10bp;gc_cont=0.479
#
# Program:         hmmsearch
# Version:         3.1b2 (February 2015)
# Pipeline mode:   SEARCH
# Query file:      /home/mira/Bacteria2022/Thiomargarita_magnifica/qc_assembly/busco_trimmed/busco_downloads/lineages/archaea_odb10/hmms/115808at2157.hmm
# Target file:     /home/mira/Bacteria2022/Thiomargarita_magnifica/qc_assembly/busco_trimmed/busco_trimmed/prodigal_output/predicted_genes/predicted.faa
# Option settings: hmmsearch --domtblout /home/mira/Bacteria2022/Thiomargarita_magnifica/qc_assembly/busco_trimmed/busco_trimmed/auto_lineage/run_archaea_odb10/hmmer_output/115808at2157.out --cpu 1 /home/mira/Bacteria2022/Thiomargarita_magnifica/qc_assembly/busco_trimmed/busco_downloads/lineages/archaea_odb10/hmms/115808at2157.hmm /home/mira/Bacteria2022/Thiomargarita_magnifica/qc_assembly/busco_trimmed/busco_trimmed/prodigal_output/predicted_genes/predicted.faa 
# Current dir:     /home/mira/Bacteria2022/Thiomargarita_magnifica/qc_assembly/busco_trimmed
# Date:            Tue Jul 12 13:34:20 2022
# [ok]
