#                                                                                             --- full sequence --- -------------- this domain -------------   hmm coord   ali coord   env coord
# target name                         accession   tlen query name           accession   qlen   E-value  score  bias   #  of  c-Evalue  i-Evalue  score  bias  from    to  from    to  from    to  acc description of target
#                 ------------------- ---------- ----- -------------------- ---------- ----- --------- ------ ----- --- --- --------- --------- ------ ----- ----- ----- ----- ----- ----- ----- ---- ---------------------
NODE_1753_length_1261_cov_3.059966_2  -            187 116879at2157         -            156   1.4e-20   73.6   1.0   1   2   1.9e-14   5.6e-11   42.3   0.2    33    87    22    76     4    83 0.86 # 701 # 1261 # -1 # ID=1753_2;partial=01;start_type=Edge;rbs_motif=None;rbs_spacer=None;gc_cont=0.376
NODE_1753_length_1261_cov_3.059966_2  -            187 116879at2157         -            156   1.4e-20   73.6   1.0   2   2   1.1e-10   3.3e-07   30.1   0.0    92   133   100   141    95   149 0.86 # 701 # 1261 # -1 # ID=1753_2;partial=01;start_type=Edge;rbs_motif=None;rbs_spacer=None;gc_cont=0.376
NODE_366_length_12379_cov_7.030971_2  -            140 116879at2157         -            156   2.3e-15   56.6   0.1   1   2   1.8e-12   5.4e-09   35.9   0.1    39    83    34    78    27    96 0.89 # 709 # 1128 # 1 # ID=366_2;partial=00;start_type=ATG;rbs_motif=GGAG/GAGG;rbs_spacer=5-10bp;gc_cont=0.329
NODE_366_length_12379_cov_7.030971_2  -            140 116879at2157         -            156   2.3e-15   56.6   0.1   2   2   3.5e-07    0.0011   18.7   0.0    93   122   107   136   103   138 0.89 # 709 # 1128 # 1 # ID=366_2;partial=00;start_type=ATG;rbs_motif=GGAG/GAGG;rbs_spacer=5-10bp;gc_cont=0.329
NODE_201_length_18742_cov_97.485829_6 -            152 116879at2157         -            156   2.3e-07   30.6   0.1   1   2   4.3e-07    0.0013   18.4   0.1    35    88    32    86     5   109 0.84 # 6032 # 6487 # 1 # ID=201_6;partial=00;start_type=ATG;rbs_motif=None;rbs_spacer=None;gc_cont=0.360
NODE_201_length_18742_cov_97.485829_6 -            152 116879at2157         -            156   2.3e-07   30.6   0.1   2   2    0.0001      0.31   10.7   0.0    94   133   111   150    89   151 0.88 # 6032 # 6487 # 1 # ID=201_6;partial=00;start_type=ATG;rbs_motif=None;rbs_spacer=None;gc_cont=0.360
NODE_5409_length_252_cov_0.845714_1   -             83 116879at2157         -            156   7.3e-07   29.0   0.0   1   1     3e-10   9.1e-07   28.7   0.0    91   131    34    74    30    78 0.85 # 2 # 250 # -1 # ID=5409_1;partial=11;start_type=Edge;rbs_motif=None;rbs_spacer=None;gc_cont=0.410
NODE_597_length_7526_cov_56.706941_3  -            409 116879at2157         -            156   0.00096   18.8   0.0   1   1   7.9e-07    0.0024   17.6   0.0   100   131   126   157   121   163 0.92 # 1861 # 3087 # 1 # ID=597_3;partial=00;start_type=ATG;rbs_motif=GGA/GAG/AGG;rbs_spacer=5-10bp;gc_cont=0.436
NODE_1_length_119228_cov_85.678265_28 -            210 116879at2157         -            156     0.051   13.2   0.1   1   1   2.8e-05     0.084   12.5   0.1    36    77   162   204   158   206 0.88 # 35896 # 36525 # -1 # ID=1_28;partial=00;start_type=ATG;rbs_motif=None;rbs_spacer=None;gc_cont=0.433
NODE_546_length_8459_cov_5.217728_7   -            426 116879at2157         -            156     0.087   12.5   1.9   1   3      0.56   1.7e+03   -1.5   0.1    24    57    40    73    25    82 0.72 # 3224 # 4501 # -1 # ID=546_7;partial=00;start_type=GTG;rbs_motif=AGGA;rbs_spacer=5-10bp;gc_cont=0.321
NODE_546_length_8459_cov_5.217728_7   -            426 116879at2157         -            156     0.087   12.5   1.9   2   3   0.00017      0.52    9.9   0.1    27    76   173   222   165   239 0.83 # 3224 # 4501 # -1 # ID=546_7;partial=00;start_type=GTG;rbs_motif=AGGA;rbs_spacer=5-10bp;gc_cont=0.321
NODE_546_length_8459_cov_5.217728_7   -            426 116879at2157         -            156     0.087   12.5   1.9   3   3      0.13   3.9e+02    0.6   0.0   109   127   222   240   219   254 0.83 # 3224 # 4501 # -1 # ID=546_7;partial=00;start_type=GTG;rbs_motif=AGGA;rbs_spacer=5-10bp;gc_cont=0.321
#
# Program:         hmmsearch
# Version:         3.1b2 (February 2015)
# Pipeline mode:   SEARCH
# Query file:      /home/mira/Bacteria2022/Thiomargarita_magnifica/qc_assembly/busco_trimmed/busco_downloads/lineages/archaea_odb10/hmms/116879at2157.hmm
# Target file:     /home/mira/Bacteria2022/Thiomargarita_magnifica/qc_assembly/busco_trimmed/busco_trimmed/prodigal_output/predicted_genes/predicted.faa
# Option settings: hmmsearch --domtblout /home/mira/Bacteria2022/Thiomargarita_magnifica/qc_assembly/busco_trimmed/busco_trimmed/auto_lineage/run_archaea_odb10/hmmer_output/116879at2157.out --cpu 1 /home/mira/Bacteria2022/Thiomargarita_magnifica/qc_assembly/busco_trimmed/busco_downloads/lineages/archaea_odb10/hmms/116879at2157.hmm /home/mira/Bacteria2022/Thiomargarita_magnifica/qc_assembly/busco_trimmed/busco_trimmed/prodigal_output/predicted_genes/predicted.faa 
# Current dir:     /home/mira/Bacteria2022/Thiomargarita_magnifica/qc_assembly/busco_trimmed
# Date:            Tue Jul 12 13:34:20 2022
# [ok]
