#                                                                                              --- full sequence --- -------------- this domain -------------   hmm coord   ali coord   env coord
# target name                          accession   tlen query name           accession   qlen   E-value  score  bias   #  of  c-Evalue  i-Evalue  score  bias  from    to  from    to  from    to  acc description of target
#                  ------------------- ---------- ----- -------------------- ---------- ----- --------- ------ ----- --- --- --------- --------- ------ ----- ----- ----- ----- ----- ----- ----- ---- ---------------------
NODE_19_length_53876_cov_137.269392_30 -            559 117241at2157         -            147   4.4e-14   52.6   4.9   1   4   2.5e-06    0.0066   16.3   0.1    70   139   203   263   178   269 0.80 # 46148 # 47824 # -1 # ID=19_30;partial=00;start_type=ATG;rbs_motif=None;rbs_spacer=None;gc_cont=0.459
NODE_19_length_53876_cov_137.269392_30 -            559 117241at2157         -            147   4.4e-14   52.6   4.9   2   4   0.00018      0.47   10.3   0.0    71   138   289   349   276   358 0.85 # 46148 # 47824 # -1 # ID=19_30;partial=00;start_type=ATG;rbs_motif=None;rbs_spacer=None;gc_cont=0.459
NODE_19_length_53876_cov_137.269392_30 -            559 117241at2157         -            147   4.4e-14   52.6   4.9   3   4   1.4e-05     0.036   13.9   0.0    62   137   367   435   356   439 0.82 # 46148 # 47824 # -1 # ID=19_30;partial=00;start_type=ATG;rbs_motif=None;rbs_spacer=None;gc_cont=0.459
NODE_19_length_53876_cov_137.269392_30 -            559 117241at2157         -            147   4.4e-14   52.6   4.9   4   4    0.0013       3.4    7.6   0.1   100   137   484   521   478   529 0.90 # 46148 # 47824 # -1 # ID=19_30;partial=00;start_type=ATG;rbs_motif=None;rbs_spacer=None;gc_cont=0.459
NODE_342_length_13153_cov_4.726369_5   -            554 117241at2157         -            147   3.3e-13   49.8   1.1   1   5      0.16   4.3e+02    0.7   0.0    59    92    27    62    14    75 0.78 # 4745 # 6406 # -1 # ID=342_5;partial=00;start_type=ATG;rbs_motif=GGA/GAG/AGG;rbs_spacer=5-10bp;gc_cont=0.306
NODE_342_length_13153_cov_4.726369_5   -            554 117241at2157         -            147   3.3e-13   49.8   1.1   2   5   0.00092       2.4    8.0   0.0    68    91   206   229   191   235 0.80 # 4745 # 6406 # -1 # ID=342_5;partial=00;start_type=ATG;rbs_motif=GGA/GAG/AGG;rbs_spacer=5-10bp;gc_cont=0.306
NODE_342_length_13153_cov_4.726369_5   -            554 117241at2157         -            147   3.3e-13   49.8   1.1   3   5   0.00011      0.28   11.1   0.0    66   135   289   351   283   362 0.78 # 4745 # 6406 # -1 # ID=342_5;partial=00;start_type=ATG;rbs_motif=GGA/GAG/AGG;rbs_spacer=5-10bp;gc_cont=0.306
NODE_342_length_13153_cov_4.726369_5   -            554 117241at2157         -            147   3.3e-13   49.8   1.1   4   5   2.6e-05     0.068   13.1   0.2    62   136   370   437   358   442 0.74 # 4745 # 6406 # -1 # ID=342_5;partial=00;start_type=ATG;rbs_motif=GGA/GAG/AGG;rbs_spacer=5-10bp;gc_cont=0.306
NODE_342_length_13153_cov_4.726369_5   -            554 117241at2157         -            147   3.3e-13   49.8   1.1   5   5   0.00099       2.6    7.9   0.0   105   140   490   525   465   531 0.89 # 4745 # 6406 # -1 # ID=342_5;partial=00;start_type=ATG;rbs_motif=GGA/GAG/AGG;rbs_spacer=5-10bp;gc_cont=0.306
NODE_293_length_14796_cov_96.831239_8  -            993 117241at2157         -            147   6.9e-11   42.2   0.1   1   5     0.094   2.5e+02    1.5   0.0    43    69   245   271   224   288 0.84 # 11481 # 14459 # 1 # ID=293_8;partial=00;start_type=ATG;rbs_motif=GGA/GAG/AGG;rbs_spacer=5-10bp;gc_cont=0.415
NODE_293_length_14796_cov_96.831239_8  -            993 117241at2157         -            147   6.9e-11   42.2   0.1   2   5      0.79   2.1e+03   -1.5   0.0    55    91   525   561   514   568 0.86 # 11481 # 14459 # 1 # ID=293_8;partial=00;start_type=ATG;rbs_motif=GGA/GAG/AGG;rbs_spacer=5-10bp;gc_cont=0.415
NODE_293_length_14796_cov_96.831239_8  -            993 117241at2157         -            147   6.9e-11   42.2   0.1   3   5   0.00022      0.58   10.0   0.1    61   137   564   634   555   637 0.84 # 11481 # 14459 # 1 # ID=293_8;partial=00;start_type=ATG;rbs_motif=GGA/GAG/AGG;rbs_spacer=5-10bp;gc_cont=0.415
NODE_293_length_14796_cov_96.831239_8  -            993 117241at2157         -            147   6.9e-11   42.2   0.1   4   5   4.9e-05      0.13   12.2   0.0    69   134   661   720   649   725 0.73 # 11481 # 14459 # 1 # ID=293_8;partial=00;start_type=ATG;rbs_motif=GGA/GAG/AGG;rbs_spacer=5-10bp;gc_cont=0.415
NODE_293_length_14796_cov_96.831239_8  -            993 117241at2157         -            147   6.9e-11   42.2   0.1   5   5   0.00013      0.34   10.8   0.0    61   136   738   807   730   815 0.78 # 11481 # 14459 # 1 # ID=293_8;partial=00;start_type=ATG;rbs_motif=GGA/GAG/AGG;rbs_spacer=5-10bp;gc_cont=0.415
NODE_49_length_36232_cov_77.169990_21  -            732 117241at2157         -            147   7.8e-06   25.8   0.0   1   1   5.5e-09   1.4e-05   25.0   0.0    69   132   660   727   652   730 0.87 # 28361 # 30556 # 1 # ID=49_21;partial=00;start_type=ATG;rbs_motif=3Base/5BMM;rbs_spacer=13-15bp;gc_cont=0.456
NODE_76_length_29591_cov_90.848411_10  -            692 117241at2157         -            147   3.4e-05   23.8   0.1   1   1   2.8e-08   7.4e-05   22.7   0.1    58   119   617   683   607   691 0.72 # 14764 # 16839 # 1 # ID=76_10;partial=00;start_type=ATG;rbs_motif=None;rbs_spacer=None;gc_cont=0.480
NODE_584_length_7783_cov_121.220607_2  -            786 117241at2157         -            147   4.5e-05   23.4   0.8   1   1   5.4e-08   0.00014   21.8   0.8    62   135   653   720   648   723 0.84 # 799 # 3156 # 1 # ID=584_2;partial=00;start_type=ATG;rbs_motif=None;rbs_spacer=None;gc_cont=0.477
NODE_3613_length_350_cov_1.355311_1    -            116 117241at2157         -            147    0.0058   16.5   0.0   1   2      0.23   6.2e+02    0.2   0.0   108   123    17    32    13    35 0.80 # 1 # 348 # 1 # ID=3613_1;partial=11;start_type=Edge;rbs_motif=None;rbs_spacer=None;gc_cont=0.359
NODE_3613_length_350_cov_1.355311_1    -            116 117241at2157         -            147    0.0058   16.5   0.0   2   2   1.2e-05     0.031   14.2   0.0    68   137    32    94    25   104 0.82 # 1 # 348 # 1 # ID=3613_1;partial=11;start_type=Edge;rbs_motif=None;rbs_spacer=None;gc_cont=0.359
NODE_4451_length_278_cov_1.472637_1    -             77 117241at2157         -            147    0.0076   16.1   0.1   1   1   3.1e-06    0.0081   16.1   0.1    81   131    14    66     2    73 0.83 # 48 # 278 # -1 # ID=4451_1;partial=01;start_type=Edge;rbs_motif=None;rbs_spacer=None;gc_cont=0.385
#
# Program:         hmmsearch
# Version:         3.1b2 (February 2015)
# Pipeline mode:   SEARCH
# Query file:      /home/mira/Bacteria2022/Thiomargarita_magnifica/qc_assembly/busco_trimmed/busco_downloads/lineages/archaea_odb10/hmms/117241at2157.hmm
# Target file:     /home/mira/Bacteria2022/Thiomargarita_magnifica/qc_assembly/busco_trimmed/busco_trimmed/prodigal_output/predicted_genes/predicted.faa
# Option settings: hmmsearch --domtblout /home/mira/Bacteria2022/Thiomargarita_magnifica/qc_assembly/busco_trimmed/busco_trimmed/auto_lineage/run_archaea_odb10/hmmer_output/117241at2157.out --cpu 1 /home/mira/Bacteria2022/Thiomargarita_magnifica/qc_assembly/busco_trimmed/busco_downloads/lineages/archaea_odb10/hmms/117241at2157.hmm /home/mira/Bacteria2022/Thiomargarita_magnifica/qc_assembly/busco_trimmed/busco_trimmed/prodigal_output/predicted_genes/predicted.faa 
# Current dir:     /home/mira/Bacteria2022/Thiomargarita_magnifica/qc_assembly/busco_trimmed
# Date:            Tue Jul 12 13:34:20 2022
# [ok]
