#                                                                                              --- full sequence --- -------------- this domain -------------   hmm coord   ali coord   env coord
# target name                          accession   tlen query name           accession   qlen   E-value  score  bias   #  of  c-Evalue  i-Evalue  score  bias  from    to  from    to  from    to  acc description of target
#                  ------------------- ---------- ----- -------------------- ---------- ----- --------- ------ ----- --- --- --------- --------- ------ ----- ----- ----- ----- ----- ----- ----- ---- ---------------------
NODE_121_length_24870_cov_68.853628_6  -            289 119044at2157         -            177   1.1e-07   31.8   0.0   1   1   3.1e-10   1.8e-07   31.2   0.0    38    97   147   207   136   210 0.86 # 5034 # 5900 # 1 # ID=121_6;partial=00;start_type=ATG;rbs_motif=None;rbs_spacer=None;gc_cont=0.464
NODE_399_length_11393_cov_82.345705_5  -            256 119044at2157         -            177   3.6e-07   30.2   0.0   1   1     1e-09   5.7e-07   29.5   0.0    37   100    34    98    25   101 0.88 # 5255 # 6022 # -1 # ID=399_5;partial=00;start_type=ATG;rbs_motif=GGA/GAG/AGG;rbs_spacer=5-10bp;gc_cont=0.388
NODE_966_length_3889_cov_2.427335_6    -            277 119044at2157         -            177   7.2e-06   25.9   0.9   1   1   4.5e-08   2.6e-05   24.1   0.9    41    98   104   168    94   191 0.80 # 2993 # 3823 # 1 # ID=966_6;partial=00;start_type=ATG;rbs_motif=None;rbs_spacer=None;gc_cont=0.284
NODE_518_length_8917_cov_70.754186_1   -            110 119044at2157         -            177   8.7e-06   25.7   0.0   1   1   1.8e-08     1e-05   25.4   0.0    46    95    40    90    21   101 0.85 # 492 # 821 # 1 # ID=518_1;partial=00;start_type=ATG;rbs_motif=AGGA;rbs_spacer=5-10bp;gc_cont=0.358
NODE_220_length_17660_cov_139.384860_8 -            232 119044at2157         -            177   1.2e-05   25.2   0.0   1   1   4.4e-08   2.5e-05   24.2   0.0    46   101    64   120    52   121 0.89 # 5137 # 5832 # 1 # ID=220_8;partial=00;start_type=ATG;rbs_motif=GGA/GAG/AGG;rbs_spacer=5-10bp;gc_cont=0.374
NODE_63_length_31987_cov_69.053588_18  -            300 119044at2157         -            177   0.00012   22.0   0.0   1   1   4.8e-07   0.00027   20.8   0.0    48   100   114   167   109   170 0.90 # 15151 # 16050 # 1 # ID=63_18;partial=00;start_type=ATG;rbs_motif=3Base/5BMM;rbs_spacer=13-15bp;gc_cont=0.372
NODE_9_length_62297_cov_83.669335_24   -            234 119044at2157         -            177   0.00012   21.9   0.0   1   1   3.4e-07    0.0002   21.3   0.0    47   101    46   102    29   104 0.86 # 49592 # 50293 # 1 # ID=9_24;partial=00;start_type=ATG;rbs_motif=AGxAGG/AGGxGG;rbs_spacer=5-10bp;gc_cont=0.412
NODE_41_length_40376_cov_93.046751_28  -            440 119044at2157         -            177   0.00078   19.3   0.0   1   1   2.4e-06    0.0014   18.5   0.0    41    87   259   308   251   320 0.82 # 20495 # 21814 # -1 # ID=41_28;partial=00;start_type=ATG;rbs_motif=None;rbs_spacer=None;gc_cont=0.456
NODE_134_length_23588_cov_68.588405_18 -            234 119044at2157         -            177   0.00094   19.0   0.0   1   1   2.6e-06    0.0015   18.4   0.0    45    86    48    90    42   108 0.85 # 14992 # 15693 # 1 # ID=134_18;partial=00;start_type=ATG;rbs_motif=None;rbs_spacer=None;gc_cont=0.454
NODE_155_length_21809_cov_88.795877_11 -            304 119044at2157         -            177     0.001   18.9   0.1   1   1     6e-06    0.0034   17.2   0.1    48    93   130   179   125   212 0.89 # 13477 # 14388 # -1 # ID=155_11;partial=00;start_type=ATG;rbs_motif=GGA/GAG/AGG;rbs_spacer=5-10bp;gc_cont=0.451
NODE_97_length_26997_cov_64.859138_4   -            406 119044at2157         -            177    0.0011   18.8   0.1   1   1   5.1e-06    0.0029   17.4   0.1    45    91   228   278   217   288 0.83 # 4716 # 5933 # -1 # ID=97_4;partial=00;start_type=ATG;rbs_motif=AGGA;rbs_spacer=5-10bp;gc_cont=0.439
NODE_285_length_15065_cov_65.658927_11 -            277 119044at2157         -            177    0.0012   18.7   0.1   1   1   5.9e-06    0.0033   17.2   0.1    46   111   109   188    99   195 0.73 # 11369 # 12199 # -1 # ID=285_11;partial=00;start_type=ATG;rbs_motif=4Base/6BMM;rbs_spacer=13-15bp;gc_cont=0.483
NODE_1737_length_1286_cov_2.951199_1   -            428 119044at2157         -            177    0.0022   17.9   0.0   1   1     1e-05     0.006   16.4   0.0    39    89    48   100    35   107 0.84 # 1 # 1284 # 1 # ID=1737_1;partial=11;start_type=Edge;rbs_motif=None;rbs_spacer=None;gc_cont=0.310
NODE_166_length_20702_cov_98.868848_2  -            259 119044at2157         -            177    0.0023   17.8   0.0   1   1   6.1e-06    0.0035   17.2   0.0    42    93    49   102    37   117 0.77 # 461 # 1237 # -1 # ID=166_2;partial=00;start_type=TTG;rbs_motif=GGAG/GAGG;rbs_spacer=5-10bp;gc_cont=0.313
NODE_216_length_17763_cov_89.352313_8  -            294 119044at2157         -            177    0.0027   17.5   0.0   1   1   7.1e-06     0.004   17.0   0.0    12    99    12   104     7   107 0.84 # 5139 # 6020 # -1 # ID=216_8;partial=00;start_type=ATG;rbs_motif=GGA/GAG/AGG;rbs_spacer=5-10bp;gc_cont=0.455
NODE_317_length_14066_cov_86.464079_1  -            258 119044at2157         -            177    0.0042   16.9   0.0   1   1   1.6e-05    0.0093   15.8   0.0    47    95    75   127    69   135 0.81 # 207 # 980 # 1 # ID=317_1;partial=00;start_type=ATG;rbs_motif=GGAG/GAGG;rbs_spacer=5-10bp;gc_cont=0.464
NODE_122_length_24851_cov_5.633123_6   -            190 119044at2157         -            177    0.0044   16.8   0.0   1   1   1.5e-05    0.0085   15.9   0.0    37    99    39   103    31   105 0.85 # 5976 # 6545 # -1 # ID=122_6;partial=00;start_type=TTG;rbs_motif=None;rbs_spacer=None;gc_cont=0.251
NODE_1360_length_2076_cov_4.772886_2   -            431 119044at2157         -            177    0.0048   16.7   0.0   1   1   2.7e-05     0.015   15.1   0.0    46    89    58   103    45   111 0.84 # 782 # 2074 # 1 # ID=1360_2;partial=01;start_type=ATG;rbs_motif=GGAG/GAGG;rbs_spacer=5-10bp;gc_cont=0.300
NODE_213_length_17918_cov_7.047867_1   -            278 119044at2157         -            177    0.0065   16.3   0.1   1   1     2e-05     0.011   15.5   0.1    46    92   143   190   132   202 0.81 # 272 # 1105 # 1 # ID=213_1;partial=00;start_type=TTG;rbs_motif=GGA/GAG/AGG;rbs_spacer=5-10bp;gc_cont=0.306
NODE_4426_length_279_cov_0.732673_1    -             93 119044at2157         -            177    0.0097   15.7   0.0   1   1   1.8e-05      0.01   15.7   0.0    46    86    18    62     1    77 0.84 # 1 # 279 # -1 # ID=4426_1;partial=11;start_type=Edge;rbs_motif=None;rbs_spacer=None;gc_cont=0.290
NODE_482_length_9714_cov_173.116011_2  -            361 119044at2157         -            177    0.0098   15.7   0.0   1   1   2.9e-05     0.016   15.0   0.0    44    88    62   110    56   116 0.85 # 2828 # 3910 # -1 # ID=482_2;partial=00;start_type=ATG;rbs_motif=4Base/6BMM;rbs_spacer=13-15bp;gc_cont=0.444
NODE_884_length_4521_cov_89.252025_3   -            243 119044at2157         -            177      0.01   15.7   0.0   1   1   2.7e-05     0.015   15.1   0.0    46    85    44    85    27   102 0.84 # 1892 # 2620 # 1 # ID=884_3;partial=00;start_type=ATG;rbs_motif=None;rbs_spacer=None;gc_cont=0.398
NODE_2841_length_478_cov_67.790524_1   -             70 119044at2157         -            177     0.023   14.5   0.0   1   1   4.1e-05     0.023   14.5   0.0    43    74    37    69     6    70 0.76 # 1 # 210 # -1 # ID=2841_1;partial=10;start_type=ATG;rbs_motif=AGGA;rbs_spacer=5-10bp;gc_cont=0.348
NODE_801_length_5165_cov_6.445362_3    -            230 119044at2157         -            177      0.05   13.4   0.2   1   2   0.00027      0.15   11.8   0.0    47    88    36    77    24    88 0.86 # 771 # 1460 # 1 # ID=801_3;partial=00;start_type=TTG;rbs_motif=None;rbs_spacer=None;gc_cont=0.275
NODE_801_length_5165_cov_6.445362_3    -            230 119044at2157         -            177      0.05   13.4   0.2   2   2       3.8   2.1e+03   -1.7   0.1   144   164   192   212   155   215 0.64 # 771 # 1460 # 1 # ID=801_3;partial=00;start_type=TTG;rbs_motif=None;rbs_spacer=None;gc_cont=0.275
NODE_163_length_20898_cov_64.008021_18 -            326 119044at2157         -            177     0.054   13.3   0.0   1   1   0.00021      0.12   12.2   0.0    45   103   262   322   247   324 0.80 # 16234 # 17211 # 1 # ID=163_18;partial=00;start_type=ATG;rbs_motif=GGA/GAG/AGG;rbs_spacer=5-10bp;gc_cont=0.419
NODE_27_length_45659_cov_80.773003_46  -            808 119044at2157         -            177     0.059   13.2   0.0   1   1   0.00017     0.096   12.5   0.0    33    98   591   657   586   659 0.84 # 42438 # 44861 # 1 # ID=27_46;partial=00;start_type=ATG;rbs_motif=GGA/GAG/AGG;rbs_spacer=5-10bp;gc_cont=0.464
NODE_50_length_36047_cov_73.298499_15  -            282 119044at2157         -            177     0.069   13.0   0.0   1   1   0.00024      0.13   12.0   0.0    44    88   200   245   190   256 0.84 # 32373 # 33218 # -1 # ID=50_15;partial=00;start_type=ATG;rbs_motif=GGAG/GAGG;rbs_spacer=5-10bp;gc_cont=0.371
NODE_461_length_10110_cov_5.829662_3   -            272 119044at2157         -            177     0.076   12.8   0.0   1   1   0.00028      0.16   11.8   0.0    46    95    45    97    24   105 0.83 # 932 # 1747 # -1 # ID=461_3;partial=00;start_type=ATG;rbs_motif=None;rbs_spacer=None;gc_cont=0.289
NODE_280_length_15220_cov_6.764446_16  -            218 119044at2157         -            177     0.081   12.7   0.0   1   1   0.00027      0.15   11.8   0.0    39    88    45    96    42   109 0.88 # 14565 # 15218 # -1 # ID=280_16;partial=01;start_type=Edge;rbs_motif=None;rbs_spacer=None;gc_cont=0.271
NODE_462_length_10035_cov_56.473489_8  -            396 119044at2157         -            177     0.092   12.6   0.0   1   1   0.00031      0.18   11.6   0.0    46    83   231   269   212   276 0.85 # 8426 # 9613 # 1 # ID=462_8;partial=00;start_type=ATG;rbs_motif=GGA/GAG/AGG;rbs_spacer=11-12bp;gc_cont=0.342
NODE_1760_length_1249_cov_2.161263_2   -            147 119044at2157         -            177       0.1   12.4   0.7   1   1    0.0012      0.69    9.7   0.7    70    99     6    39     3    61 0.74 # 809 # 1249 # -1 # ID=1760_2;partial=01;start_type=Edge;rbs_motif=None;rbs_spacer=None;gc_cont=0.265
NODE_441_length_10494_cov_87.720649_5  -            285 119044at2157         -            177      0.13   12.1   0.0   1   1   0.00034       0.2   11.5   0.0    42    93    46   101    11   110 0.82 # 6515 # 7369 # 1 # ID=441_5;partial=00;start_type=ATG;rbs_motif=GGAGG;rbs_spacer=5-10bp;gc_cont=0.474
NODE_216_length_17763_cov_89.352313_6  -            210 119044at2157         -            177      0.15   11.9   0.0   1   1   0.00037      0.21   11.4   0.0    46    87    17    60     8    97 0.83 # 3176 # 3805 # -1 # ID=216_6;partial=00;start_type=ATG;rbs_motif=GGAG/GAGG;rbs_spacer=5-10bp;gc_cont=0.444
NODE_109_length_25815_cov_76.941954_6  -           3646 119044at2157         -            177      0.15   11.9   0.0   1   1   0.00069      0.39   10.5   0.0    39    95   738   795   734   801 0.84 # 5183 # 16120 # -1 # ID=109_6;partial=00;start_type=ATG;rbs_motif=None;rbs_spacer=None;gc_cont=0.442
NODE_3261_length_398_cov_120.461059_1  -            109 119044at2157         -            177      0.15   11.8   0.0   1   1    0.0003      0.17   11.7   0.0    30    94    38   106     8   109 0.80 # 3 # 329 # -1 # ID=3261_1;partial=10;start_type=ATG;rbs_motif=None;rbs_spacer=None;gc_cont=0.419
NODE_1501_length_1712_cov_109.382263_1 -            109 119044at2157         -            177      0.18   11.6   0.0   1   1   0.00033      0.19   11.5   0.0    32    94    40   106    10   109 0.80 # 3 # 329 # -1 # ID=1501_1;partial=10;start_type=ATG;rbs_motif=None;rbs_spacer=None;gc_cont=0.404
NODE_216_length_17763_cov_89.352313_16 -            301 119044at2157         -            177      0.23   11.2   0.0   1   1   0.00066      0.37   10.6   0.0    48    88   251   292   239   297 0.81 # 14592 # 15494 # 1 # ID=216_16;partial=00;start_type=ATG;rbs_motif=GGA/GAG/AGG;rbs_spacer=5-10bp;gc_cont=0.393
#
# Program:         hmmsearch
# Version:         3.1b2 (February 2015)
# Pipeline mode:   SEARCH
# Query file:      /home/mira/Bacteria2022/Thiomargarita_magnifica/qc_assembly/busco_trimmed/busco_downloads/lineages/archaea_odb10/hmms/119044at2157.hmm
# Target file:     /home/mira/Bacteria2022/Thiomargarita_magnifica/qc_assembly/busco_trimmed/busco_trimmed/prodigal_output/predicted_genes/predicted.faa
# Option settings: hmmsearch --domtblout /home/mira/Bacteria2022/Thiomargarita_magnifica/qc_assembly/busco_trimmed/busco_trimmed/auto_lineage/run_archaea_odb10/hmmer_output/119044at2157.out --cpu 1 /home/mira/Bacteria2022/Thiomargarita_magnifica/qc_assembly/busco_trimmed/busco_downloads/lineages/archaea_odb10/hmms/119044at2157.hmm /home/mira/Bacteria2022/Thiomargarita_magnifica/qc_assembly/busco_trimmed/busco_trimmed/prodigal_output/predicted_genes/predicted.faa 
# Current dir:     /home/mira/Bacteria2022/Thiomargarita_magnifica/qc_assembly/busco_trimmed
# Date:            Tue Jul 12 13:34:20 2022
# [ok]
