#                                                                                               --- full sequence --- -------------- this domain -------------   hmm coord   ali coord   env coord
# target name                           accession   tlen query name           accession   qlen   E-value  score  bias   #  of  c-Evalue  i-Evalue  score  bias  from    to  from    to  from    to  acc description of target
#                   ------------------- ---------- ----- -------------------- ---------- ----- --------- ------ ----- --- --- --------- --------- ------ ----- ----- ----- ----- ----- ----- ----- ---- ---------------------
NODE_383_length_11785_cov_143.850786_11 -            231 128227at2157         -             48     0.075   13.0   0.1   1   1   4.1e-05      0.22   11.5   0.1     2    33    21    53    20    57 0.86 # 10124 # 10816 # 1 # ID=383_11;partial=00;start_type=ATG;rbs_motif=AGGA;rbs_spacer=5-10bp;gc_cont=0.452
NODE_3320_length_391_cov_0.993631_2     -            110 128227at2157         -             48      0.14   12.1   2.3   1   2   7.5e-05      0.39   10.7   0.1    22    42    23    43     4    46 0.89 # 62 # 391 # 1 # ID=3320_2;partial=01;start_type=ATG;rbs_motif=None;rbs_spacer=None;gc_cont=0.224
NODE_3320_length_391_cov_0.993631_2     -            110 128227at2157         -             48      0.14   12.1   2.3   2   2     0.095     5e+02    0.7   0.3    18    34    68    84    67    88 0.79 # 62 # 391 # 1 # ID=3320_2;partial=01;start_type=ATG;rbs_motif=None;rbs_spacer=None;gc_cont=0.224
NODE_318_length_13964_cov_190.335926_6  -            109 128227at2157         -             48      0.38   10.7   1.6   1   2    0.0037        20    5.2   0.1    15    34    60    79    45    82 0.68 # 3410 # 3736 # 1 # ID=318_6;partial=00;start_type=ATG;rbs_motif=GGA/GAG/AGG;rbs_spacer=5-10bp;gc_cont=0.364
NODE_318_length_13964_cov_190.335926_6  -            109 128227at2157         -             48      0.38   10.7   1.6   2   2    0.0056        30    4.6   0.1     1    21    84   104    84   105 0.89 # 3410 # 3736 # 1 # ID=318_6;partial=00;start_type=ATG;rbs_motif=GGA/GAG/AGG;rbs_spacer=5-10bp;gc_cont=0.364
NODE_313_length_14131_cov_4.983208_8    -            652 128227at2157         -             48       7.4    6.6   6.8   1   3    0.0059        31    4.6   0.9    15    40     3    29     2    32 0.89 # 7729 # 9684 # 1 # ID=313_8;partial=00;start_type=GTG;rbs_motif=AGGA;rbs_spacer=5-10bp;gc_cont=0.294
NODE_313_length_14131_cov_4.983208_8    -            652 128227at2157         -             48       7.4    6.6   6.8   2   3    0.0035        18    5.3   1.6    21    40    21    40     9    43 0.90 # 7729 # 9684 # 1 # ID=313_8;partial=00;start_type=GTG;rbs_motif=AGGA;rbs_spacer=5-10bp;gc_cont=0.294
NODE_313_length_14131_cov_4.983208_8    -            652 128227at2157         -             48       7.4    6.6   6.8   3   3     0.048   2.5e+02    1.7   0.1    12    40   473   502   471   503 0.90 # 7729 # 9684 # 1 # ID=313_8;partial=00;start_type=GTG;rbs_motif=AGGA;rbs_spacer=5-10bp;gc_cont=0.294
#
# Program:         hmmsearch
# Version:         3.1b2 (February 2015)
# Pipeline mode:   SEARCH
# Query file:      /home/mira/Bacteria2022/Thiomargarita_magnifica/qc_assembly/busco_trimmed/busco_downloads/lineages/archaea_odb10/hmms/128227at2157.hmm
# Target file:     /home/mira/Bacteria2022/Thiomargarita_magnifica/qc_assembly/busco_trimmed/busco_trimmed/prodigal_output/predicted_genes/predicted.faa
# Option settings: hmmsearch --domtblout /home/mira/Bacteria2022/Thiomargarita_magnifica/qc_assembly/busco_trimmed/busco_trimmed/auto_lineage/run_archaea_odb10/hmmer_output/128227at2157.out --cpu 1 /home/mira/Bacteria2022/Thiomargarita_magnifica/qc_assembly/busco_trimmed/busco_downloads/lineages/archaea_odb10/hmms/128227at2157.hmm /home/mira/Bacteria2022/Thiomargarita_magnifica/qc_assembly/busco_trimmed/busco_trimmed/prodigal_output/predicted_genes/predicted.faa 
# Current dir:     /home/mira/Bacteria2022/Thiomargarita_magnifica/qc_assembly/busco_trimmed
# Date:            Tue Jul 12 13:34:21 2022
# [ok]
