#                                                                                             --- full sequence --- -------------- this domain -------------   hmm coord   ali coord   env coord
# target name                         accession   tlen query name           accession   qlen   E-value  score  bias   #  of  c-Evalue  i-Evalue  score  bias  from    to  from    to  from    to  acc description of target
#                 ------------------- ---------- ----- -------------------- ---------- ----- --------- ------ ----- --- --- --------- --------- ------ ----- ----- ----- ----- ----- ----- ----- ---- ---------------------
NODE_4625_length_273_cov_37.387755_1  -             90 130316at2157         -             78    0.0084   16.4   0.0   1   2   0.00014      0.96    9.8   0.0    43    65    13    35     3    46 0.91 # 3 # 272 # 1 # ID=4625_1;partial=11;start_type=Edge;rbs_motif=None;rbs_spacer=None;gc_cont=0.474
NODE_4625_length_273_cov_37.387755_1  -             90 130316at2157         -             78    0.0084   16.4   0.0   2   2    0.0043        30    5.0   0.0    44    65    48    69    36    80 0.85 # 3 # 272 # 1 # ID=4625_1;partial=11;start_type=Edge;rbs_motif=None;rbs_spacer=None;gc_cont=0.474
NODE_4211_length_289_cov_58.839623_1  -             96 130316at2157         -             78     0.021   15.2   0.0   1   3     1e-05     0.072   13.4   0.0    43    65    16    38     5    48 0.92 # 1 # 288 # -1 # ID=4211_1;partial=11;start_type=Edge;rbs_motif=None;rbs_spacer=None;gc_cont=0.465
NODE_4211_length_289_cov_58.839623_1  -             96 130316at2157         -             78     0.021   15.2   0.0   2   3      0.39   2.8e+03   -1.3   0.0    44    65    51    72    42    83 0.78 # 1 # 288 # -1 # ID=4211_1;partial=11;start_type=Edge;rbs_motif=None;rbs_spacer=None;gc_cont=0.465
NODE_4211_length_289_cov_58.839623_1  -             96 130316at2157         -             78     0.021   15.2   0.0   3   3      0.79   5.5e+03   -2.2   0.0    43    51    84    92    72    94 0.75 # 1 # 288 # -1 # ID=4211_1;partial=11;start_type=Edge;rbs_motif=None;rbs_spacer=None;gc_cont=0.465
NODE_1206_length_2588_cov_74.143369_1 -            247 130316at2157         -             78     0.059   13.7   0.0   1   5      0.19   1.3e+03   -0.2   0.1    56    65    16    25     7    26 0.85 # 1 # 741 # 1 # ID=1206_1;partial=10;start_type=Edge;rbs_motif=None;rbs_spacer=None;gc_cont=0.456
NODE_1206_length_2588_cov_74.143369_1 -            247 130316at2157         -             78     0.059   13.7   0.0   2   5       2.8     2e+04   -4.0   0.1    56    64    32    40    30    41 0.84 # 1 # 741 # 1 # ID=1206_1;partial=10;start_type=Edge;rbs_motif=None;rbs_spacer=None;gc_cont=0.456
NODE_1206_length_2588_cov_74.143369_1 -            247 130316at2157         -             78     0.059   13.7   0.0   3   5     0.016   1.1e+02    3.2   0.0    39    65   117   143   108   154 0.85 # 1 # 741 # 1 # ID=1206_1;partial=10;start_type=Edge;rbs_motif=None;rbs_spacer=None;gc_cont=0.456
NODE_1206_length_2588_cov_74.143369_1 -            247 130316at2157         -             78     0.059   13.7   0.0   4   5      0.01        73    3.8   0.0    43    65   155   177   144   189 0.91 # 1 # 741 # 1 # ID=1206_1;partial=10;start_type=Edge;rbs_motif=None;rbs_spacer=None;gc_cont=0.456
NODE_1206_length_2588_cov_74.143369_1 -            247 130316at2157         -             78     0.059   13.7   0.0   5   5      0.13     9e+02    0.3   0.0    43    65   189   211   178   215 0.89 # 1 # 741 # 1 # ID=1206_1;partial=10;start_type=Edge;rbs_motif=None;rbs_spacer=None;gc_cont=0.456
#
# Program:         hmmsearch
# Version:         3.1b2 (February 2015)
# Pipeline mode:   SEARCH
# Query file:      /home/mira/Bacteria2022/Thiomargarita_magnifica/qc_assembly/busco_trimmed/busco_downloads/lineages/archaea_odb10/hmms/130316at2157.hmm
# Target file:     /home/mira/Bacteria2022/Thiomargarita_magnifica/qc_assembly/busco_trimmed/busco_trimmed/prodigal_output/predicted_genes/predicted.faa
# Option settings: hmmsearch --domtblout /home/mira/Bacteria2022/Thiomargarita_magnifica/qc_assembly/busco_trimmed/busco_trimmed/auto_lineage/run_archaea_odb10/hmmer_output/130316at2157.out --cpu 1 /home/mira/Bacteria2022/Thiomargarita_magnifica/qc_assembly/busco_trimmed/busco_downloads/lineages/archaea_odb10/hmms/130316at2157.hmm /home/mira/Bacteria2022/Thiomargarita_magnifica/qc_assembly/busco_trimmed/busco_trimmed/prodigal_output/predicted_genes/predicted.faa 
# Current dir:     /home/mira/Bacteria2022/Thiomargarita_magnifica/qc_assembly/busco_trimmed
# Date:            Tue Jul 12 13:34:21 2022
# [ok]
