#                                                                                               --- full sequence --- -------------- this domain -------------   hmm coord   ali coord   env coord
# target name                           accession   tlen query name           accession   qlen   E-value  score  bias   #  of  c-Evalue  i-Evalue  score  bias  from    to  from    to  from    to  acc description of target
#                   ------------------- ---------- ----- -------------------- ---------- ----- --------- ------ ----- --- --- --------- --------- ------ ----- ----- ----- ----- ----- ----- ----- ---- ---------------------
NODE_338_length_13428_cov_64.443862_9   -            228 130364at2157         -             32    0.0044   17.0   3.4   1   2   2.1e-06    0.0055   16.7   0.8     5    19    52    66    50    75 0.86 # 11025 # 11708 # -1 # ID=338_9;partial=00;start_type=ATG;rbs_motif=AGGA/GGAG/GAGG;rbs_spacer=11-12bp;gc_cont=0.437
NODE_338_length_13428_cov_64.443862_9   -            228 130364at2157         -             32    0.0044   17.0   3.4   2   2      0.53   1.4e+03   -0.6   0.1    13    18    82    87    81    89 0.85 # 11025 # 11708 # -1 # ID=338_9;partial=00;start_type=ATG;rbs_motif=AGGA/GGAG/GAGG;rbs_spacer=11-12bp;gc_cont=0.437
NODE_126_length_24455_cov_61.893305_18  -             93 130364at2157         -             32      0.54   10.3   3.6   1   2     0.005        13    5.9   0.2     5    12     2     9     1    10 0.87 # 20852 # 21130 # 1 # ID=126_18;partial=00;start_type=ATG;rbs_motif=GGAG/GAGG;rbs_spacer=5-10bp;gc_cont=0.523
NODE_126_length_24455_cov_61.893305_18  -             93 130364at2157         -             32      0.54   10.3   3.6   2   2    0.0069        18    5.4   0.3     5    11    23    29    21    31 0.82 # 20852 # 21130 # 1 # ID=126_18;partial=00;start_type=ATG;rbs_motif=GGAG/GAGG;rbs_spacer=5-10bp;gc_cont=0.523
NODE_599_length_7456_cov_6.357772_1     -             36 130364at2157         -             32       1.1    9.3   6.0   1   2    0.0022       5.7    7.1   1.4     6    12     6    12     5    13 0.88 # 1 # 108 # -1 # ID=599_1;partial=10;start_type=ATG;rbs_motif=AGGA;rbs_spacer=5-10bp;gc_cont=0.435
NODE_599_length_7456_cov_6.357772_1     -             36 130364at2157         -             32       1.1    9.3   6.0   2   2     0.012        32    4.7   0.2     6    10    23    27    20    29 0.87 # 1 # 108 # -1 # ID=599_1;partial=10;start_type=ATG;rbs_motif=AGGA;rbs_spacer=5-10bp;gc_cont=0.435
NODE_2485_length_593_cov_2.889535_1     -             67 130364at2157         -             32       3.9    7.6  14.4   1   4    0.0058        15    5.7   0.2     6    11     6    11     4    16 0.83 # 193 # 393 # 1 # ID=2485_1;partial=00;start_type=ATG;rbs_motif=AGGA;rbs_spacer=5-10bp;gc_cont=0.408
NODE_2485_length_593_cov_2.889535_1     -             67 130364at2157         -             32       3.9    7.6  14.4   2   4     0.062   1.6e+02    2.4   0.4     6    12    27    33    26    34 0.84 # 193 # 393 # 1 # ID=2485_1;partial=00;start_type=ATG;rbs_motif=AGGA;rbs_spacer=5-10bp;gc_cont=0.408
NODE_2485_length_593_cov_2.889535_1     -             67 130364at2157         -             32       3.9    7.6  14.4   3   4       0.6   1.6e+03   -0.8   0.1     7    13    36    42    35    43 0.82 # 193 # 393 # 1 # ID=2485_1;partial=00;start_type=ATG;rbs_motif=AGGA;rbs_spacer=5-10bp;gc_cont=0.408
NODE_2485_length_593_cov_2.889535_1     -             67 130364at2157         -             32       3.9    7.6  14.4   4   4   0.00096       2.5    8.2   0.4     5    12    48    55    46    59 0.86 # 193 # 393 # 1 # ID=2485_1;partial=00;start_type=ATG;rbs_motif=AGGA;rbs_spacer=5-10bp;gc_cont=0.408
NODE_2855_length_476_cov_399.674185_1   -            158 130364at2157         -             32       4.9    7.3   5.7   1   3     0.047   1.2e+02    2.8   0.1    10    21    14    25    13    29 0.84 # 1 # 474 # -1 # ID=2855_1;partial=11;start_type=Edge;rbs_motif=None;rbs_spacer=None;gc_cont=0.485
NODE_2855_length_476_cov_399.674185_1   -            158 130364at2157         -             32       4.9    7.3   5.7   2   3     0.047   1.2e+02    2.8   0.1    10    21    70    81    69    85 0.84 # 1 # 474 # -1 # ID=2855_1;partial=11;start_type=Edge;rbs_motif=None;rbs_spacer=None;gc_cont=0.485
NODE_2855_length_476_cov_399.674185_1   -            158 130364at2157         -             32       4.9    7.3   5.7   3   3     0.047   1.2e+02    2.8   0.1    10    21   126   137   125   141 0.84 # 1 # 474 # -1 # ID=2855_1;partial=11;start_type=Edge;rbs_motif=None;rbs_spacer=None;gc_cont=0.485
NODE_5084_length_260_cov_0.808743_1     -             86 130364at2157         -             32       5.5    7.1   6.7   1   2     0.023        61    3.8   0.2     7    16    27    36    25    36 0.86 # 2 # 259 # 1 # ID=5084_1;partial=11;start_type=Edge;rbs_motif=None;rbs_spacer=None;gc_cont=0.469
NODE_5084_length_260_cov_0.808743_1     -             86 130364at2157         -             32       5.5    7.1   6.7   2   2    0.0056        15    5.7   1.7     6    13    67    74    64    79 0.82 # 2 # 259 # 1 # ID=5084_1;partial=11;start_type=Edge;rbs_motif=None;rbs_spacer=None;gc_cont=0.469
NODE_92_length_27424_cov_91.722602_20   -            105 130364at2157         -             32       6.5    6.9   6.8   1   2    0.0041        11    6.2   0.6     2    11     7    16     7    17 0.89 # 15692 # 16006 # 1 # ID=92_20;partial=00;start_type=ATG;rbs_motif=GGA/GAG/AGG;rbs_spacer=5-10bp;gc_cont=0.390
NODE_92_length_27424_cov_91.722602_20   -            105 130364at2157         -             32       6.5    6.9   6.8   2   2     0.023        61    3.8   0.9     5    11    87    93    86    95 0.84 # 15692 # 16006 # 1 # ID=92_20;partial=00;start_type=ATG;rbs_motif=GGA/GAG/AGG;rbs_spacer=5-10bp;gc_cont=0.390
NODE_142_length_22956_cov_127.187246_12 -             80 130364at2157         -             32       9.5    6.3  12.8   1   4     0.023        61    3.8   0.2     3    11     1     9     1    10 0.83 # 9790 # 10029 # 1 # ID=142_12;partial=00;start_type=ATG;rbs_motif=GGAG/GAGG;rbs_spacer=5-10bp;gc_cont=0.396
NODE_142_length_22956_cov_127.187246_12 -             80 130364at2157         -             32       9.5    6.3  12.8   2   4     0.095   2.5e+02    1.8   0.1     6    12    17    23    16    24 0.85 # 9790 # 10029 # 1 # ID=142_12;partial=00;start_type=ATG;rbs_motif=GGAG/GAGG;rbs_spacer=5-10bp;gc_cont=0.396
NODE_142_length_22956_cov_127.187246_12 -             80 130364at2157         -             32       9.5    6.3  12.8   3   4       3.7   9.8e+03   -3.3   0.4     7    10    26    29    25    30 0.64 # 9790 # 10029 # 1 # ID=142_12;partial=00;start_type=ATG;rbs_motif=GGAG/GAGG;rbs_spacer=5-10bp;gc_cont=0.396
NODE_142_length_22956_cov_127.187246_12 -             80 130364at2157         -             32       9.5    6.3  12.8   4   4   0.00061       1.6    8.8   0.3     4    12    65    73    64    74 0.87 # 9790 # 10029 # 1 # ID=142_12;partial=00;start_type=ATG;rbs_motif=GGAG/GAGG;rbs_spacer=5-10bp;gc_cont=0.396
#
# Program:         hmmsearch
# Version:         3.1b2 (February 2015)
# Pipeline mode:   SEARCH
# Query file:      /home/mira/Bacteria2022/Thiomargarita_magnifica/qc_assembly/busco_trimmed/busco_downloads/lineages/archaea_odb10/hmms/130364at2157.hmm
# Target file:     /home/mira/Bacteria2022/Thiomargarita_magnifica/qc_assembly/busco_trimmed/busco_trimmed/prodigal_output/predicted_genes/predicted.faa
# Option settings: hmmsearch --domtblout /home/mira/Bacteria2022/Thiomargarita_magnifica/qc_assembly/busco_trimmed/busco_trimmed/auto_lineage/run_archaea_odb10/hmmer_output/130364at2157.out --cpu 1 /home/mira/Bacteria2022/Thiomargarita_magnifica/qc_assembly/busco_trimmed/busco_downloads/lineages/archaea_odb10/hmms/130364at2157.hmm /home/mira/Bacteria2022/Thiomargarita_magnifica/qc_assembly/busco_trimmed/busco_trimmed/prodigal_output/predicted_genes/predicted.faa 
# Current dir:     /home/mira/Bacteria2022/Thiomargarita_magnifica/qc_assembly/busco_trimmed
# Date:            Tue Jul 12 13:34:21 2022
# [ok]
