#                                                                                               --- full sequence --- -------------- this domain -------------   hmm coord   ali coord   env coord
# target name                           accession   tlen query name           accession   qlen   E-value  score  bias   #  of  c-Evalue  i-Evalue  score  bias  from    to  from    to  from    to  acc description of target
#                   ------------------- ---------- ----- -------------------- ---------- ----- --------- ------ ----- --- --- --------- --------- ------ ----- ----- ----- ----- ----- ----- ----- ---- ---------------------
NODE_126_length_24455_cov_61.893305_6   -            619 14889at2157          -            529   1.2e-73  248.5  18.3   1   1   1.1e-73   1.1e-70  238.7  18.3    72   522    79   614     1   618 0.87 # 8424 # 10280 # -1 # ID=126_6;partial=00;start_type=ATG;rbs_motif=None;rbs_spacer=None;gc_cont=0.451
NODE_5007_length_262_cov_0.800000_1     -             87 14889at2157          -            529   6.6e-07   28.3   9.1   1   1   6.9e-10     7e-07   28.2   9.1   415   488     9    77     1    86 0.65 # 2 # 262 # 1 # ID=5007_1;partial=11;start_type=Edge;rbs_motif=None;rbs_spacer=None;gc_cont=0.429
NODE_1205_length_2593_cov_109.488871_1  -            381 14889at2157          -            529     0.014   14.0   3.0   1   2   0.00019      0.19   10.3   0.2    56   117   105   164    82   180 0.86 # 1 # 1143 # -1 # ID=1205_1;partial=10;start_type=TTG;rbs_motif=None;rbs_spacer=None;gc_cont=0.422
NODE_1205_length_2593_cov_109.488871_1  -            381 14889at2157          -            529     0.014   14.0   3.0   2   2     0.012        12    4.4   0.2    69   136   200   266   182   300 0.81 # 1 # 1143 # -1 # ID=1205_1;partial=10;start_type=TTG;rbs_motif=None;rbs_spacer=None;gc_cont=0.422
NODE_886_length_4494_cov_3.834729_2     -             75 14889at2157          -            529     0.021   13.4   2.2   1   1   2.4e-05     0.024   13.3   2.2   184   232    13    61     2    65 0.77 # 172 # 396 # -1 # ID=886_2;partial=00;start_type=ATG;rbs_motif=None;rbs_spacer=None;gc_cont=0.240
NODE_3835_length_325_cov_1.193548_1     -            107 14889at2157          -            529     0.051   12.2   1.3   1   1   5.7e-05     0.057   12.0   1.3    72   116    26    69    10    81 0.83 # 3 # 323 # -1 # ID=3835_1;partial=11;start_type=Edge;rbs_motif=None;rbs_spacer=None;gc_cont=0.262
NODE_737_length_5792_cov_124.511986_1   -            357 14889at2157          -            529     0.096   11.2   0.7   1   1   0.00013      0.13   10.8   0.7    61   116    44    98    17   100 0.82 # 195 # 1265 # 1 # ID=737_1;partial=00;start_type=ATG;rbs_motif=GGAG/GAGG;rbs_spacer=5-10bp;gc_cont=0.478
NODE_162_length_21091_cov_79.980013_13  -             85 14889at2157          -            529      0.22   10.1   2.4   1   1   0.00024      0.24    9.9   2.4    80   130     6    55     2    74 0.81 # 12458 # 12712 # 1 # ID=162_13;partial=00;start_type=ATG;rbs_motif=GGAG/GAGG;rbs_spacer=5-10bp;gc_cont=0.373
NODE_277_length_15397_cov_88.737272_3   -            476 14889at2157          -            529      0.38    9.3   0.3   1   1   0.00057      0.58    8.7   0.3   199   244    41    86    29    89 0.89 # 1956 # 3383 # 1 # ID=277_3;partial=00;start_type=ATG;rbs_motif=None;rbs_spacer=None;gc_cont=0.457
NODE_502_length_9256_cov_114.228347_3   -            868 14889at2157          -            529      0.51    8.9   1.4   1   1   0.00087      0.87    8.1   1.4    62   123   439   499   421   528 0.74 # 1201 # 3804 # -1 # ID=502_3;partial=00;start_type=ATG;rbs_motif=AGGA;rbs_spacer=5-10bp;gc_cont=0.495
NODE_611_length_7311_cov_31.656207_1    -            333 14889at2157          -            529      0.94    8.0   3.6   1   1    0.0017       1.7    7.1   3.6   419   477   236   292   227   309 0.66 # 202 # 1200 # -1 # ID=611_1;partial=00;start_type=ATG;rbs_motif=None;rbs_spacer=None;gc_cont=0.580
NODE_63_length_31987_cov_69.053588_11   -            449 14889at2157          -            529       1.3    7.5   4.1   1   1    0.0019       1.9    7.0   4.1   177   238   134   195   119   202 0.90 # 10205 # 11551 # -1 # ID=63_11;partial=00;start_type=ATG;rbs_motif=None;rbs_spacer=None;gc_cont=0.474
NODE_613_length_7288_cov_138.837887_1   -            236 14889at2157          -            529       1.4    7.4  11.4   1   1    0.0029       2.9    6.4  11.4    59   122    26    88     3    99 0.78 # 1 # 708 # 1 # ID=613_1;partial=10;start_type=Edge;rbs_motif=None;rbs_spacer=None;gc_cont=0.394
NODE_482_length_9714_cov_173.116011_3   -            210 14889at2157          -            529       1.5    7.3  13.1   1   2   0.00085      0.85    8.1   1.4    76   118    82   125    71   130 0.86 # 4125 # 4754 # -1 # ID=482_3;partial=00;start_type=ATG;rbs_motif=AGGAG;rbs_spacer=5-10bp;gc_cont=0.470
NODE_482_length_9714_cov_173.116011_3   -            210 14889at2157          -            529       1.5    7.3  13.1   2   2    0.0099        10    4.6   4.4    45   115   134   204   126   207 0.88 # 4125 # 4754 # -1 # ID=482_3;partial=00;start_type=ATG;rbs_motif=AGGAG;rbs_spacer=5-10bp;gc_cont=0.470
NODE_320_length_13942_cov_125.567472_3  -            750 14889at2157          -            529       1.7    7.2  10.0   1   3     0.019        19    3.7   0.6   179   216   368   405   351   413 0.45 # 2152 # 4401 # -1 # ID=320_3;partial=00;start_type=ATG;rbs_motif=GGA/GAG/AGG;rbs_spacer=5-10bp;gc_cont=0.427
NODE_320_length_13942_cov_125.567472_3  -            750 14889at2157          -            529       1.7    7.2  10.0   2   3   0.00056      0.56    8.7   0.8    75   132   460   517   443   522 0.83 # 2152 # 4401 # -1 # ID=320_3;partial=00;start_type=ATG;rbs_motif=GGA/GAG/AGG;rbs_spacer=5-10bp;gc_cont=0.427
NODE_320_length_13942_cov_125.567472_3  -            750 14889at2157          -            529       1.7    7.2  10.0   3   3      0.71   7.1e+02   -1.5   0.1    80   109   527   556   516   570 0.48 # 2152 # 4401 # -1 # ID=320_3;partial=00;start_type=ATG;rbs_motif=GGA/GAG/AGG;rbs_spacer=5-10bp;gc_cont=0.427
NODE_47_length_37418_cov_110.410460_4   -            328 14889at2157          -            529         2    6.9  11.7   1   2    0.0013       1.3    7.5   2.2   145   230    25   110     6   114 0.76 # 4444 # 5427 # -1 # ID=47_4;partial=00;start_type=ATG;rbs_motif=GGAGG;rbs_spacer=5-10bp;gc_cont=0.446
NODE_47_length_37418_cov_110.410460_4   -            328 14889at2157          -            529         2    6.9  11.7   2   2     0.011        11    4.5   3.4    64   144   109   186   101   206 0.62 # 4444 # 5427 # -1 # ID=47_4;partial=00;start_type=ATG;rbs_motif=GGAGG;rbs_spacer=5-10bp;gc_cont=0.446
NODE_7191_length_161_cov_70.261905_1    -             53 14889at2157          -            529       2.9    6.4   6.4   1   1    0.0031       3.1    6.3   6.4    63   114     6    52     2    53 0.58 # 1 # 159 # 1 # ID=7191_1;partial=11;start_type=Edge;rbs_motif=None;rbs_spacer=None;gc_cont=0.447
NODE_644_length_6964_cov_132.399158_5   -            261 14889at2157          -            529       3.9    5.9  11.1   1   2    0.0014       1.4    7.4   4.8    47   112    66   134    40   206 0.58 # 6180 # 6962 # 1 # ID=644_5;partial=01;start_type=ATG;rbs_motif=GGAG/GAGG;rbs_spacer=5-10bp;gc_cont=0.424
NODE_644_length_6964_cov_132.399158_5   -            261 14889at2157          -            529       3.9    5.9  11.1   2   2     0.062        62    2.0   1.0    55   104   210   258   173   261 0.70 # 6180 # 6962 # 1 # ID=644_5;partial=01;start_type=ATG;rbs_motif=GGAG/GAGG;rbs_spacer=5-10bp;gc_cont=0.424
NODE_41_length_40376_cov_93.046751_24   -            209 14889at2157          -            529       4.9    5.6  10.6   1   2    0.0017       1.7    7.1   5.1    32   128    65   161    60   167 0.82 # 15138 # 15764 # -1 # ID=41_24;partial=00;start_type=ATG;rbs_motif=GGA/GAG/AGG;rbs_spacer=5-10bp;gc_cont=0.413
NODE_41_length_40376_cov_93.046751_24   -            209 14889at2157          -            529       4.9    5.6  10.6   2   2     0.031        31    3.0   0.5   188   226   162   200   153   207 0.52 # 15138 # 15764 # -1 # ID=41_24;partial=00;start_type=ATG;rbs_motif=GGA/GAG/AGG;rbs_spacer=5-10bp;gc_cont=0.413
NODE_562_length_8232_cov_84.353525_2    -            173 14889at2157          -            529       5.4    5.5   5.1   1   2    0.0024       2.4    6.6   1.5    46   111    66   130    53   137 0.59 # 630 # 1148 # -1 # ID=562_2;partial=00;start_type=ATG;rbs_motif=GGAG/GAGG;rbs_spacer=5-10bp;gc_cont=0.435
NODE_562_length_8232_cov_84.353525_2    -            173 14889at2157          -            529       5.4    5.5   5.1   2   2       0.2     2e+02    0.3   0.2    80    99   145   164   124   172 0.56 # 630 # 1148 # -1 # ID=562_2;partial=00;start_type=ATG;rbs_motif=GGAG/GAGG;rbs_spacer=5-10bp;gc_cont=0.435
NODE_139_length_23326_cov_112.356230_10 -            348 14889at2157          -            529         7    5.1  19.0   1   2   0.00015      0.15   10.6   5.7    28   115    39   124    18   128 0.91 # 13071 # 14114 # 1 # ID=139_10;partial=00;start_type=ATG;rbs_motif=GGAG/GAGG;rbs_spacer=5-10bp;gc_cont=0.466
NODE_139_length_23326_cov_112.356230_10 -            348 14889at2157          -            529         7    5.1  19.0   2   2      0.25   2.5e+02   -0.0   5.6    60   106   133   178   123   217 0.49 # 13071 # 14114 # 1 # ID=139_10;partial=00;start_type=ATG;rbs_motif=GGAG/GAGG;rbs_spacer=5-10bp;gc_cont=0.466
NODE_94_length_27185_cov_96.983437_18   -            235 14889at2157          -            529       7.8    4.9  13.0   1   2     0.012        12    4.3   1.8    57   116    18    76    11    85 0.81 # 18490 # 19194 # -1 # ID=94_18;partial=00;start_type=ATG;rbs_motif=AGGAG;rbs_spacer=5-10bp;gc_cont=0.462
NODE_94_length_27185_cov_96.983437_18   -            235 14889at2157          -            529       7.8    4.9  13.0   2   2    0.0028       2.8    6.4   3.2    74   114    96   135    77   173 0.64 # 18490 # 19194 # -1 # ID=94_18;partial=00;start_type=ATG;rbs_motif=AGGAG;rbs_spacer=5-10bp;gc_cont=0.462
#
# Program:         hmmsearch
# Version:         3.1b2 (February 2015)
# Pipeline mode:   SEARCH
# Query file:      /home/mira/Bacteria2022/Thiomargarita_magnifica/qc_assembly/busco_trimmed/busco_downloads/lineages/archaea_odb10/hmms/14889at2157.hmm
# Target file:     /home/mira/Bacteria2022/Thiomargarita_magnifica/qc_assembly/busco_trimmed/busco_trimmed/prodigal_output/predicted_genes/predicted.faa
# Option settings: hmmsearch --domtblout /home/mira/Bacteria2022/Thiomargarita_magnifica/qc_assembly/busco_trimmed/busco_trimmed/auto_lineage/run_archaea_odb10/hmmer_output/14889at2157.out --cpu 1 /home/mira/Bacteria2022/Thiomargarita_magnifica/qc_assembly/busco_trimmed/busco_downloads/lineages/archaea_odb10/hmms/14889at2157.hmm /home/mira/Bacteria2022/Thiomargarita_magnifica/qc_assembly/busco_trimmed/busco_trimmed/prodigal_output/predicted_genes/predicted.faa 
# Current dir:     /home/mira/Bacteria2022/Thiomargarita_magnifica/qc_assembly/busco_trimmed
# Date:            Tue Jul 12 13:34:23 2022
# [ok]
