#                                                                                              --- full sequence --- -------------- this domain -------------   hmm coord   ali coord   env coord
# target name                          accession   tlen query name           accession   qlen   E-value  score  bias   #  of  c-Evalue  i-Evalue  score  bias  from    to  from    to  from    to  acc description of target
#                  ------------------- ---------- ----- -------------------- ---------- ----- --------- ------ ----- --- --- --------- --------- ------ ----- ----- ----- ----- ----- ----- ----- ---- ---------------------
NODE_1049_length_3280_cov_6.892913_3   -            433 18705at2157          -            365   9.7e-66  222.3   0.5   1   1   4.1e-65     3e-62  210.9   0.5     2   363     3   430     2   432 0.82 # 1741 # 3039 # -1 # ID=1049_3;partial=00;start_type=ATG;rbs_motif=None;rbs_spacer=None;gc_cont=0.319
NODE_498_length_9305_cov_78.900412_5   -            429 18705at2157          -            365   3.8e-55  187.5   0.0   1   2   0.00012     0.086   11.9   0.0    15    77     9    81     1   112 0.72 # 5018 # 6304 # 1 # ID=498_5;partial=00;start_type=ATG;rbs_motif=None;rbs_spacer=None;gc_cont=0.476
NODE_498_length_9305_cov_78.900412_5   -            429 18705at2157          -            365   3.8e-55  187.5   0.0   2   2   6.5e-54   4.7e-51  174.0   0.0    94   364   132   426   102   427 0.89 # 5018 # 6304 # 1 # ID=498_5;partial=00;start_type=ATG;rbs_motif=None;rbs_spacer=None;gc_cont=0.476
NODE_455_length_10235_cov_3.567336_6   -            418 18705at2157          -            365   7.4e-49  166.8   0.2   1   2   2.5e-12   1.8e-09   37.2   0.1     2    68     3    79     2   115 0.76 # 5930 # 7183 # -1 # ID=455_6;partial=00;start_type=TTG;rbs_motif=GGA/GAG/AGG;rbs_spacer=5-10bp;gc_cont=0.326
NODE_455_length_10235_cov_3.567336_6   -            418 18705at2157          -            365   7.4e-49  166.8   0.2   2   2   7.2e-40   5.3e-37  127.8   0.0    94   347   133   400   113   411 0.84 # 5930 # 7183 # -1 # ID=455_6;partial=00;start_type=TTG;rbs_motif=GGA/GAG/AGG;rbs_spacer=5-10bp;gc_cont=0.326
NODE_91_length_27517_cov_38.346392_17  -            442 18705at2157          -            365   1.8e-41  142.5   0.0   1   2   1.7e-06    0.0012   18.0   0.0     3    69     5    81     3   113 0.74 # 20090 # 21415 # -1 # ID=91_17;partial=00;start_type=ATG;rbs_motif=None;rbs_spacer=None;gc_cont=0.502
NODE_91_length_27517_cov_38.346392_17  -            442 18705at2157          -            365   1.8e-41  142.5   0.0   2   2   2.3e-37   1.7e-34  119.5   0.0    95   364   134   437   128   438 0.83 # 20090 # 21415 # -1 # ID=91_17;partial=00;start_type=ATG;rbs_motif=None;rbs_spacer=None;gc_cont=0.502
NODE_663_length_6711_cov_3.448598_4    -            441 18705at2157          -            365   2.2e-36  125.8   1.9   1   2   1.8e-08   1.3e-05   24.5   0.0     3    80     4    92     2   117 0.73 # 2427 # 3749 # 1 # ID=663_4;partial=00;start_type=ATG;rbs_motif=AGGA;rbs_spacer=5-10bp;gc_cont=0.319
NODE_663_length_6711_cov_3.448598_4    -            441 18705at2157          -            365   2.2e-36  125.8   1.9   2   2   1.2e-31     9e-29  100.7   0.4    88   364   129   436   116   437 0.78 # 2427 # 3749 # 1 # ID=663_4;partial=00;start_type=ATG;rbs_motif=AGGA;rbs_spacer=5-10bp;gc_cont=0.319
NODE_5441_length_251_cov_0.850575_1    -             83 18705at2157          -            365   9.7e-20   71.0   0.0   1   1   1.5e-22   1.1e-19   70.8   0.0   182   255     8    83     4    83 0.93 # 1 # 249 # 1 # ID=5441_1;partial=11;start_type=Edge;rbs_motif=None;rbs_spacer=None;gc_cont=0.442
NODE_4009_length_307_cov_1.560870_1    -            102 18705at2157          -            365   5.7e-09   35.5   0.0   1   1   1.1e-11   8.2e-09   35.0   0.0   109   186     2    93     1   102 0.80 # 2 # 307 # 1 # ID=4009_1;partial=11;start_type=Edge;rbs_motif=None;rbs_spacer=None;gc_cont=0.320
NODE_24_length_49346_cov_105.237837_36 -            502 18705at2157          -            365   6.4e-09   35.4   0.0   1   2     0.026        19    4.2   0.0    95   116   202   223   190   238 0.83 # 32798 # 34303 # 1 # ID=24_36;partial=00;start_type=ATG;rbs_motif=None;rbs_spacer=None;gc_cont=0.433
NODE_24_length_49346_cov_105.237837_36 -            502 18705at2157          -            365   6.4e-09   35.4   0.0   2   2   8.4e-10   6.1e-07   28.9   0.0   203   279   314   390   310   410 0.93 # 32798 # 34303 # 1 # ID=24_36;partial=00;start_type=ATG;rbs_motif=None;rbs_spacer=None;gc_cont=0.433
NODE_3882_length_320_cov_1.827160_1    -            106 18705at2157          -            365   4.2e-08   32.7   0.0   1   1   6.8e-11   4.9e-08   32.5   0.0   244   342     1   101     1   105 0.83 # 3 # 320 # 1 # ID=3882_1;partial=11;start_type=Edge;rbs_motif=None;rbs_spacer=None;gc_cont=0.321
NODE_3599_length_353_cov_0.804348_1    -             66 18705at2157          -            365   2.5e-07   30.1   0.0   1   1   3.8e-10   2.8e-07   30.0   0.0     1    55     1    61     1    64 0.82 # 3 # 200 # -1 # ID=3599_1;partial=10;start_type=ATG;rbs_motif=AGxAG;rbs_spacer=5-10bp;gc_cont=0.490
NODE_4038_length_304_cov_1.629956_1    -             93 18705at2157          -            365   6.8e-07   28.7   0.0   1   1     1e-09   7.5e-07   28.6   0.0     3    77     5    90     3    93 0.70 # 3 # 281 # -1 # ID=4038_1;partial=10;start_type=ATG;rbs_motif=GGA/GAG/AGG;rbs_spacer=5-10bp;gc_cont=0.398
NODE_382_length_11795_cov_72.464243_1  -            306 18705at2157          -            365   9.6e-07   28.2   0.0   1   1     2e-09   1.4e-06   27.7   0.0   145   264    93   212    87   233 0.87 # 113 # 1030 # -1 # ID=382_1;partial=00;start_type=ATG;rbs_motif=GGA/GAG/AGG;rbs_spacer=5-10bp;gc_cont=0.468
NODE_1697_length_1347_cov_1.977953_1   -            426 18705at2157          -            365   5.9e-06   25.6   0.3   1   1   2.1e-08   1.6e-05   24.2   0.3    95   273   210   396   194   405 0.78 # 69 # 1346 # 1 # ID=1697_1;partial=01;start_type=ATG;rbs_motif=AGGAG;rbs_spacer=5-10bp;gc_cont=0.286
NODE_542_length_8534_cov_5.967364_5    -            332 18705at2157          -            365   6.3e-06   25.5   0.1   1   1   1.5e-08   1.1e-05   24.7   0.1   201   267   180   246   161   256 0.91 # 3280 # 4275 # 1 # ID=542_5;partial=00;start_type=TTG;rbs_motif=AGGA;rbs_spacer=5-10bp;gc_cont=0.287
NODE_5787_length_242_cov_0.896970_1    -             60 18705at2157          -            365   1.6e-05   24.2   0.1   1   1   2.4e-08   1.7e-05   24.1   0.1     2    34    26    58    25    60 0.88 # 3 # 182 # -1 # ID=5787_1;partial=10;start_type=ATG;rbs_motif=None;rbs_spacer=None;gc_cont=0.361
NODE_17_length_54641_cov_104.869236_53 -            459 18705at2157          -            365   2.1e-05   23.8   0.2   1   2         1   7.6e+02   -1.1   0.1   106   138    61    94    42    97 0.81 # 50936 # 52312 # 1 # ID=17_53;partial=00;start_type=ATG;rbs_motif=GGA/GAG/AGG;rbs_spacer=5-10bp;gc_cont=0.423
NODE_17_length_54641_cov_104.869236_53 -            459 18705at2157          -            365   2.1e-05   23.8   0.2   2   2   9.9e-08   7.2e-05   22.1   0.0   198   273   170   246   158   256 0.91 # 50936 # 52312 # 1 # ID=17_53;partial=00;start_type=ATG;rbs_motif=GGA/GAG/AGG;rbs_spacer=5-10bp;gc_cont=0.423
NODE_816_length_4998_cov_6.622638_2    -            456 18705at2157          -            365   3.6e-05   23.0   0.0   1   1   8.3e-08   6.1e-05   22.3   0.0   201   275   168   243   161   284 0.89 # 744 # 2111 # -1 # ID=816_2;partial=00;start_type=ATG;rbs_motif=AGxAG;rbs_spacer=5-10bp;gc_cont=0.306
NODE_344_length_13078_cov_74.707176_11 -            475 18705at2157          -            365   0.00019   20.6   0.3   1   2     0.015        11    5.0   0.2    99   115   223   239   212   248 0.81 # 8391 # 9815 # 1 # ID=344_11;partial=00;start_type=ATG;rbs_motif=GGAG/GAGG;rbs_spacer=5-10bp;gc_cont=0.420
NODE_344_length_13078_cov_74.707176_11 -            475 18705at2157          -            365   0.00019   20.6   0.3   2   2   4.1e-05      0.03   13.4   0.0   200   278   334   413   300   422 0.84 # 8391 # 9815 # 1 # ID=344_11;partial=00;start_type=ATG;rbs_motif=GGAG/GAGG;rbs_spacer=5-10bp;gc_cont=0.420
NODE_3536_length_361_cov_1.302817_1    -            120 18705at2157          -            365   0.00055   19.1   0.0   1   1   8.7e-07   0.00064   18.9   0.0   195   268    35   108    20   114 0.93 # 2 # 361 # 1 # ID=3536_1;partial=11;start_type=Edge;rbs_motif=None;rbs_spacer=None;gc_cont=0.339
NODE_6058_length_235_cov_1.740506_1    -             78 18705at2157          -            365     0.002   17.3   0.1   1   1   2.9e-06    0.0021   17.2   0.1    87   120    39    72    23    77 0.79 # 1 # 234 # -1 # ID=6058_1;partial=11;start_type=Edge;rbs_motif=None;rbs_spacer=None;gc_cont=0.385
NODE_504_length_9224_cov_5.030392_3    -            223 18705at2157          -            365    0.0036   16.4   0.1   1   2    0.0062       4.5    6.3   0.0    98   129    18    50    12    61 0.75 # 347 # 1015 # -1 # ID=504_3;partial=00;start_type=ATG;rbs_motif=GGA/GAG/AGG;rbs_spacer=5-10bp;gc_cont=0.303
NODE_504_length_9224_cov_5.030392_3    -            223 18705at2157          -            365    0.0036   16.4   0.1   2   2    0.0014         1    8.4   0.0   186   264   117   196    79   200 0.82 # 347 # 1015 # -1 # ID=504_3;partial=00;start_type=ATG;rbs_motif=GGA/GAG/AGG;rbs_spacer=5-10bp;gc_cont=0.303
NODE_1220_length_2535_cov_74.659886_1  -            477 18705at2157          -            365     0.011   14.9   0.0   1   1   0.00017      0.13   11.4   0.0   100   230   195   332   180   351 0.69 # 490 # 1920 # -1 # ID=1220_1;partial=00;start_type=ATG;rbs_motif=AGGA;rbs_spacer=5-10bp;gc_cont=0.445
NODE_356_length_12702_cov_89.816634_8  -            503 18705at2157          -            365     0.013   14.6   0.1   1   1   6.3e-05     0.046   12.8   0.1    97   275   222   403   211   413 0.80 # 8785 # 10293 # 1 # ID=356_8;partial=00;start_type=TTG;rbs_motif=None;rbs_spacer=None;gc_cont=0.410
NODE_473_length_9914_cov_6.950493_6    -            353 18705at2157          -            365     0.039   13.1   0.1   1   1   9.5e-05     0.069   12.2   0.1   201   286   116   202   101   234 0.86 # 3824 # 4882 # 1 # ID=473_6;partial=00;start_type=TTG;rbs_motif=AGGA;rbs_spacer=5-10bp;gc_cont=0.280
NODE_578_length_7922_cov_126.481963_7  -            377 18705at2157          -            365      0.11   11.6   0.0   1   1   0.00026      0.19   10.8   0.0   198   254   123   180   115   203 0.85 # 6474 # 7604 # 1 # ID=578_7;partial=00;start_type=ATG;rbs_motif=None;rbs_spacer=None;gc_cont=0.443
NODE_180_length_19863_cov_76.303245_6  -            282 18705at2157          -            365      0.23   10.5   0.7   1   2     0.034        24    3.8   0.1    73   121    22    69    17    78 0.74 # 3515 # 4360 # -1 # ID=180_6;partial=00;start_type=ATG;rbs_motif=None;rbs_spacer=None;gc_cont=0.326
NODE_180_length_19863_cov_76.303245_6  -            282 18705at2157          -            365      0.23   10.5   0.7   2   2     0.013       9.8    5.2   0.0   212   247   184   219   179   245 0.82 # 3515 # 4360 # -1 # ID=180_6;partial=00;start_type=ATG;rbs_motif=None;rbs_spacer=None;gc_cont=0.326
NODE_694_length_6351_cov_3.897832_6    -            324 18705at2157          -            365      0.23   10.5   0.0   1   2     0.029        21    4.0   0.0    94   120   162   188   141   203 0.81 # 5379 # 6350 # 1 # ID=694_6;partial=01;start_type=ATG;rbs_motif=AGxAG;rbs_spacer=5-10bp;gc_cont=0.309
NODE_694_length_6351_cov_3.897832_6    -            324 18705at2157          -            365      0.23   10.5   0.0   2   2     0.025        18    4.3   0.0   201   249   274   323   249   324 0.87 # 5379 # 6350 # 1 # ID=694_6;partial=01;start_type=ATG;rbs_motif=AGxAG;rbs_spacer=5-10bp;gc_cont=0.309
NODE_1404_length_1966_cov_3.174696_3   -            274 18705at2157          -            365      0.25   10.4   0.0   1   2     0.022        16    4.4   0.0    92   120   110   138    92   143 0.80 # 1144 # 1965 # 1 # ID=1404_3;partial=01;start_type=TTG;rbs_motif=3Base/5BMM;rbs_spacer=13-15bp;gc_cont=0.307
NODE_1404_length_1966_cov_3.174696_3   -            274 18705at2157          -            365      0.25   10.4   0.0   2   2     0.035        26    3.8   0.0   201   249   224   273   199   274 0.86 # 1144 # 1965 # 1 # ID=1404_3;partial=01;start_type=TTG;rbs_motif=3Base/5BMM;rbs_spacer=13-15bp;gc_cont=0.307
NODE_24_length_49346_cov_105.237837_21 -            479 18705at2157          -            365      0.32   10.0   0.7   1   3       2.2   1.6e+03   -2.1   0.0   257   286    62    90    58    99 0.60 # 19111 # 20547 # -1 # ID=24_21;partial=00;start_type=ATG;rbs_motif=GGA/GAG/AGG;rbs_spacer=5-10bp;gc_cont=0.474
NODE_24_length_49346_cov_105.237837_21 -            479 18705at2157          -            365      0.32   10.0   0.7   2   3    0.0012      0.87    8.6   0.0    94   116   200   222   181   247 0.81 # 19111 # 20547 # -1 # ID=24_21;partial=00;start_type=ATG;rbs_motif=GGA/GAG/AGG;rbs_spacer=5-10bp;gc_cont=0.474
NODE_24_length_49346_cov_105.237837_21 -            479 18705at2157          -            365      0.32   10.0   0.7   3   3       5.7   4.2e+03   -3.5   0.0   244   279   352   387   322   391 0.64 # 19111 # 20547 # -1 # ID=24_21;partial=00;start_type=ATG;rbs_motif=GGA/GAG/AGG;rbs_spacer=5-10bp;gc_cont=0.474
#
# Program:         hmmsearch
# Version:         3.1b2 (February 2015)
# Pipeline mode:   SEARCH
# Query file:      /home/mira/Bacteria2022/Thiomargarita_magnifica/qc_assembly/busco_trimmed/busco_downloads/lineages/archaea_odb10/hmms/18705at2157.hmm
# Target file:     /home/mira/Bacteria2022/Thiomargarita_magnifica/qc_assembly/busco_trimmed/busco_trimmed/prodigal_output/predicted_genes/predicted.faa
# Option settings: hmmsearch --domtblout /home/mira/Bacteria2022/Thiomargarita_magnifica/qc_assembly/busco_trimmed/busco_trimmed/auto_lineage/run_archaea_odb10/hmmer_output/18705at2157.out --cpu 1 /home/mira/Bacteria2022/Thiomargarita_magnifica/qc_assembly/busco_trimmed/busco_downloads/lineages/archaea_odb10/hmms/18705at2157.hmm /home/mira/Bacteria2022/Thiomargarita_magnifica/qc_assembly/busco_trimmed/busco_trimmed/prodigal_output/predicted_genes/predicted.faa 
# Current dir:     /home/mira/Bacteria2022/Thiomargarita_magnifica/qc_assembly/busco_trimmed
# Date:            Tue Jul 12 13:34:21 2022
# [ok]
