#                                                                                              --- full sequence --- -------------- this domain -------------   hmm coord   ali coord   env coord
# target name                          accession   tlen query name           accession   qlen   E-value  score  bias   #  of  c-Evalue  i-Evalue  score  bias  from    to  from    to  from    to  acc description of target
#                  ------------------- ---------- ----- -------------------- ---------- ----- --------- ------ ----- --- --- --------- --------- ------ ----- ----- ----- ----- ----- ----- ----- ---- ---------------------
NODE_1437_length_1856_cov_4.048904_1   -            323 19750at2157          -            617   4.9e-07   28.8   0.0   1   1   1.1e-09   7.1e-07   28.3   0.0   256   377    81   210    65   212 0.81 # 1 # 969 # 1 # ID=1437_1;partial=10;start_type=Edge;rbs_motif=None;rbs_spacer=None;gc_cont=0.330
NODE_626_length_7175_cov_6.272048_10   -            503 19750at2157          -            617   7.6e-07   28.2   0.5   1   2       3.5   2.3e+03   -3.1   0.2   494   530   114   151    65   192 0.50 # 5102 # 6610 # -1 # ID=626_10;partial=00;start_type=ATG;rbs_motif=GGA/GAG/AGG;rbs_spacer=5-10bp;gc_cont=0.319
NODE_626_length_7175_cov_6.272048_10   -            503 19750at2157          -            617   7.6e-07   28.2   0.5   2   2     2e-09   1.3e-06   27.4   0.0   255   378   248   373   236   376 0.87 # 5102 # 6610 # -1 # ID=626_10;partial=00;start_type=ATG;rbs_motif=GGA/GAG/AGG;rbs_spacer=5-10bp;gc_cont=0.319
NODE_75_length_29642_cov_9.379570_18   -            556 19750at2157          -            617   4.2e-06   25.7   2.0   1   2      0.11        68    1.9   0.4   487   575    95   189    59   195 0.68 # 15808 # 17475 # -1 # ID=75_18;partial=00;start_type=ATG;rbs_motif=AGGA;rbs_spacer=5-10bp;gc_cont=0.296
NODE_75_length_29642_cov_9.379570_18   -            556 19750at2157          -            617   4.2e-06   25.7   2.0   2   2   4.5e-08   2.9e-05   23.0   0.0   257   381   299   426   280   433 0.82 # 15808 # 17475 # -1 # ID=75_18;partial=00;start_type=ATG;rbs_motif=AGGA;rbs_spacer=5-10bp;gc_cont=0.296
NODE_176_length_20021_cov_71.489420_13 -            482 19750at2157          -            617   4.5e-06   25.6   0.1   1   1   1.1e-08   6.7e-06   25.1   0.1   257   376   234   355   218   361 0.84 # 9769 # 11214 # 1 # ID=176_13;partial=00;start_type=ATG;rbs_motif=None;rbs_spacer=None;gc_cont=0.473
NODE_603_length_7411_cov_57.822198_1   -            558 19750at2157          -            617   7.5e-06   24.9   0.1   1   1   1.8e-08   1.1e-05   24.3   0.1   258   389   305   436   291   441 0.84 # 944 # 2617 # -1 # ID=603_1;partial=00;start_type=ATG;rbs_motif=GGA/GAG/AGG;rbs_spacer=5-10bp;gc_cont=0.446
NODE_268_length_15884_cov_174.277978_8 -            706 19750at2157          -            617   8.2e-06   24.8   0.0   1   2   0.00031       0.2   10.3   0.0   257   287   202   233   198   242 0.82 # 6553 # 8670 # -1 # ID=268_8;partial=00;start_type=ATG;rbs_motif=GGA/GAG/AGG;rbs_spacer=5-10bp;gc_cont=0.473
NODE_268_length_15884_cov_174.277978_8 -            706 19750at2157          -            617   8.2e-06   24.8   0.0   2   2   8.1e-05     0.052   12.2   0.0   265   287   484   506   472   516 0.87 # 6553 # 8670 # -1 # ID=268_8;partial=00;start_type=ATG;rbs_motif=GGA/GAG/AGG;rbs_spacer=5-10bp;gc_cont=0.473
NODE_777_length_5301_cov_3.971286_4    -            581 19750at2157          -            617   8.7e-06   24.7   0.0   1   1   2.4e-08   1.5e-05   23.9   0.0   257   377   340   468   323   470 0.80 # 1858 # 3600 # 1 # ID=777_4;partial=00;start_type=GTG;rbs_motif=GGA/GAG/AGG;rbs_spacer=5-10bp;gc_cont=0.305
NODE_658_length_6747_cov_7.639430_6    -            468 19750at2157          -            617   1.4e-05   24.0   0.2   1   1   3.3e-08   2.1e-05   23.4   0.2   246   388   215   364   212   369 0.82 # 4787 # 6190 # -1 # ID=658_6;partial=00;start_type=ATG;rbs_motif=AGGAG;rbs_spacer=5-10bp;gc_cont=0.299
NODE_59_length_33138_cov_86.800823_21  -            381 19750at2157          -            617    0.0012   17.6   0.0   1   1   6.4e-06    0.0041   15.9   0.0   248   377   113   248   104   250 0.84 # 21488 # 22630 # 1 # ID=59_21;partial=00;start_type=ATG;rbs_motif=GGAG/GAGG;rbs_spacer=5-10bp;gc_cont=0.447
NODE_196_length_19066_cov_95.169256_5  -            359 19750at2157          -            617    0.0027   16.5   1.6   1   1   1.3e-05     0.008   14.9   1.6   175   378    34   243    29   245 0.77 # 4672 # 5748 # 1 # ID=196_5;partial=00;start_type=ATG;rbs_motif=None;rbs_spacer=None;gc_cont=0.431
NODE_552_length_8391_cov_52.547510_5   -            483 19750at2157          -            617    0.0041   15.9   0.0   1   1   8.9e-06    0.0057   15.4   0.0   264   376   233   348   210   353 0.82 # 6050 # 7498 # 1 # ID=552_5;partial=00;start_type=ATG;rbs_motif=None;rbs_spacer=None;gc_cont=0.457
NODE_4402_length_280_cov_0.729064_1    -             93 19750at2157          -            617    0.0045   15.7   0.0   1   1   8.4e-06    0.0054   15.5   0.0   260   304    13    58     4    66 0.84 # 2 # 280 # 1 # ID=4402_1;partial=11;start_type=Edge;rbs_motif=None;rbs_spacer=None;gc_cont=0.394
NODE_59_length_33138_cov_86.800823_20  -            346 19750at2157          -            617    0.0048   15.6   0.2   1   1   2.3e-05     0.015   14.0   0.2   241   378    99   242     8   244 0.66 # 20274 # 21311 # 1 # ID=59_20;partial=00;start_type=ATG;rbs_motif=None;rbs_spacer=None;gc_cont=0.456
NODE_1123_length_2941_cov_9.016061_2   -            590 19750at2157          -            617     0.015   14.0   0.0   1   1     4e-05     0.025   13.3   0.0   263   291   376   404   354   409 0.83 # 762 # 2531 # 1 # ID=1123_2;partial=00;start_type=ATG;rbs_motif=None;rbs_spacer=None;gc_cont=0.318
NODE_76_length_29591_cov_90.848411_10  -            692 19750at2157          -            617     0.024   13.3   0.6   1   1   5.4e-05     0.034   12.8   0.6   472   615   533   673   502   675 0.78 # 14764 # 16839 # 1 # ID=76_10;partial=00;start_type=ATG;rbs_motif=None;rbs_spacer=None;gc_cont=0.480
NODE_670_length_6644_cov_97.118928_4   -            327 19750at2157          -            617     0.028   13.1   0.0   1   1   6.7e-05     0.043   12.5   0.0   265   289    45    69    31    74 0.86 # 2139 # 3119 # 1 # ID=670_4;partial=00;start_type=ATG;rbs_motif=AGGA;rbs_spacer=5-10bp;gc_cont=0.482
NODE_759_length_5469_cov_16.317693_5   -            249 19750at2157          -            617     0.035   12.8   0.0   1   1   8.5e-05     0.054   12.2   0.0   261   287    96   122    76   129 0.78 # 2092 # 2838 # -1 # ID=759_5;partial=00;start_type=ATG;rbs_motif=AGGA;rbs_spacer=5-10bp;gc_cont=0.290
NODE_4233_length_288_cov_1.753555_1    -             95 19750at2157          -            617      0.04   12.6   0.0   1   1   6.2e-05      0.04   12.6   0.0   332   378    45    91     2    93 0.86 # 2 # 286 # -1 # ID=4233_1;partial=11;start_type=Edge;rbs_motif=None;rbs_spacer=None;gc_cont=0.365
NODE_167_length_20693_cov_96.512175_7  -             79 19750at2157          -            617     0.049   12.3   0.0   1   1   8.4e-05     0.054   12.2   0.0   260   291    25    56     3    59 0.76 # 6487 # 6723 # -1 # ID=167_7;partial=00;start_type=ATG;rbs_motif=AGGA;rbs_spacer=5-10bp;gc_cont=0.426
NODE_1110_length_3009_cov_22.452251_2  -            247 19750at2157          -            617     0.055   12.1   0.0   1   1   0.00014     0.087   11.5   0.0   260   306    94   140    82   146 0.85 # 447 # 1187 # -1 # ID=1110_2;partial=00;start_type=ATG;rbs_motif=AGGAG;rbs_spacer=5-10bp;gc_cont=0.300
NODE_4_length_93320_cov_88.288558_83   -            639 19750at2157          -            617     0.064   11.9   1.0   1   2   0.00022      0.14   10.8   0.1   266   286   188   208   179   210 0.93 # 84125 # 86041 # 1 # ID=4_83;partial=00;start_type=GTG;rbs_motif=GGAG/GAGG;rbs_spacer=5-10bp;gc_cont=0.464
NODE_4_length_93320_cov_88.288558_83   -            639 19750at2157          -            617     0.064   11.9   1.0   2   2       1.3   8.4e+02   -1.7   0.1   453   490   530   567   518   594 0.54 # 84125 # 86041 # 1 # ID=4_83;partial=00;start_type=GTG;rbs_motif=GGAG/GAGG;rbs_spacer=5-10bp;gc_cont=0.464
NODE_1301_length_2243_cov_92.008772_4  -            155 19750at2157          -            617     0.085   11.5   0.0   1   1    0.0002      0.13   10.9   0.0   259   287    24    52     3    61 0.75 # 1779 # 2243 # 1 # ID=1301_4;partial=01;start_type=GTG;rbs_motif=GGAG/GAGG;rbs_spacer=5-10bp;gc_cont=0.411
NODE_587_length_7719_cov_6.105339_1    -             38 19750at2157          -            617      0.09   11.4   0.1   1   1   0.00014      0.09   11.4   0.1   269   287     6    24     2    38 0.85 # 2 # 115 # -1 # ID=587_1;partial=10;start_type=ATG;rbs_motif=GGA/GAG/AGG;rbs_spacer=5-10bp;gc_cont=0.333
NODE_167_length_20693_cov_96.512175_3  -            135 19750at2157          -            617     0.095   11.4   0.0   1   1   0.00022      0.14   10.8   0.0   261   291    26    56     3    60 0.77 # 885 # 1289 # -1 # ID=167_3;partial=00;start_type=ATG;rbs_motif=AGGA;rbs_spacer=5-10bp;gc_cont=0.375
NODE_450_length_10332_cov_61.780497_4  -            293 19750at2157          -            617     0.097   11.3   0.0   1   2   0.00029      0.18   10.4   0.0   265   291    33    59    14    68 0.84 # 4591 # 5469 # 1 # ID=450_4;partial=00;start_type=ATG;rbs_motif=None;rbs_spacer=None;gc_cont=0.447
NODE_450_length_10332_cov_61.780497_4  -            293 19750at2157          -            617     0.097   11.3   0.0   2   2       4.3   2.7e+03   -3.4   0.0   441   479    79   113    71   146 0.63 # 4591 # 5469 # 1 # ID=450_4;partial=00;start_type=ATG;rbs_motif=None;rbs_spacer=None;gc_cont=0.447
NODE_1_length_119228_cov_85.678265_96  -           1104 19750at2157          -            617      0.12   11.0   0.0   1   1   0.00037      0.24   10.0   0.0   248   290   264   307   253   311 0.85 # 110993 # 114304 # -1 # ID=1_96;partial=00;start_type=ATG;rbs_motif=None;rbs_spacer=None;gc_cont=0.416
NODE_5613_length_246_cov_1.751479_1    -             81 19750at2157          -            617      0.13   10.9   0.0   1   1   0.00025      0.16   10.6   0.0   266   287     2    23     1    26 0.94 # 3 # 245 # -1 # ID=5613_1;partial=11;start_type=Edge;rbs_motif=None;rbs_spacer=None;gc_cont=0.399
NODE_27_length_45659_cov_80.773003_28  -            256 19750at2157          -            617      0.16   10.6   0.0   1   1   0.00032       0.2   10.3   0.0   261   300    26    65     3    67 0.75 # 22855 # 23622 # 1 # ID=27_28;partial=00;start_type=ATG;rbs_motif=AGxAG;rbs_spacer=11-12bp;gc_cont=0.449
NODE_338_length_13428_cov_64.443862_3  -            307 19750at2157          -            617      0.22   10.1   0.0   1   1   0.00053      0.34    9.5   0.0   266   288    37    59    21    63 0.85 # 2004 # 2924 # -1 # ID=338_3;partial=00;start_type=ATG;rbs_motif=GGA/GAG/AGG;rbs_spacer=5-10bp;gc_cont=0.474
NODE_590_length_7664_cov_88.329775_4   -            365 19750at2157          -            617      0.23   10.1   0.0   1   1   0.00055      0.35    9.5   0.0   244   286     4    51     2    58 0.78 # 5213 # 6307 # 1 # ID=590_4;partial=00;start_type=ATG;rbs_motif=AGGA;rbs_spacer=5-10bp;gc_cont=0.407
NODE_27_length_45659_cov_80.773003_31  -            348 19750at2157          -            617      0.24   10.0   0.0   1   1   0.00051      0.33    9.6   0.0   261   300    26    65     3    67 0.76 # 24616 # 25659 # 1 # ID=27_31;partial=00;start_type=ATG;rbs_motif=None;rbs_spacer=None;gc_cont=0.411
NODE_181_length_19857_cov_95.601517_12 -            365 19750at2157          -            617      0.28    9.8   0.0   1   1   0.00065      0.42    9.2   0.0   245   286     5    51     3    59 0.76 # 16604 # 17698 # 1 # ID=181_12;partial=00;start_type=ATG;rbs_motif=GGA/GAG/AGG;rbs_spacer=5-10bp;gc_cont=0.416
NODE_528_length_8792_cov_89.810098_9   -            324 19750at2157          -            617      0.38    9.4   0.3   1   1   0.00085      0.55    8.8   0.3   262   287   133   158   129   162 0.91 # 5165 # 6136 # -1 # ID=528_9;partial=00;start_type=ATG;rbs_motif=None;rbs_spacer=None;gc_cont=0.493
#
# Program:         hmmsearch
# Version:         3.1b2 (February 2015)
# Pipeline mode:   SEARCH
# Query file:      /home/mira/Bacteria2022/Thiomargarita_magnifica/qc_assembly/busco_trimmed/busco_downloads/lineages/archaea_odb10/hmms/19750at2157.hmm
# Target file:     /home/mira/Bacteria2022/Thiomargarita_magnifica/qc_assembly/busco_trimmed/busco_trimmed/prodigal_output/predicted_genes/predicted.faa
# Option settings: hmmsearch --domtblout /home/mira/Bacteria2022/Thiomargarita_magnifica/qc_assembly/busco_trimmed/busco_trimmed/auto_lineage/run_archaea_odb10/hmmer_output/19750at2157.out --cpu 1 /home/mira/Bacteria2022/Thiomargarita_magnifica/qc_assembly/busco_trimmed/busco_downloads/lineages/archaea_odb10/hmms/19750at2157.hmm /home/mira/Bacteria2022/Thiomargarita_magnifica/qc_assembly/busco_trimmed/busco_trimmed/prodigal_output/predicted_genes/predicted.faa 
# Current dir:     /home/mira/Bacteria2022/Thiomargarita_magnifica/qc_assembly/busco_trimmed
# Date:            Tue Jul 12 13:34:22 2022
# [ok]
