#                                                                                               --- full sequence --- -------------- this domain -------------   hmm coord   ali coord   env coord
# target name                           accession   tlen query name           accession   qlen   E-value  score  bias   #  of  c-Evalue  i-Evalue  score  bias  from    to  from    to  from    to  acc description of target
#                   ------------------- ---------- ----- -------------------- ---------- ----- --------- ------ ----- --- --- --------- --------- ------ ----- ----- ----- ----- ----- ----- ----- ---- ---------------------
NODE_17_length_54641_cov_104.869236_47  -            364 21317at2157          -            319   4.6e-17   62.3   0.0   1   1   3.9e-18   4.3e-15   55.8   0.0    67   189     7   146     4   154 0.82 # 41480 # 42571 # -1 # ID=17_47;partial=00;start_type=ATG;rbs_motif=GGA/GAG/AGG;rbs_spacer=5-10bp;gc_cont=0.468
NODE_740_length_5756_cov_3.446910_3     -            505 21317at2157          -            319   4.4e-16   59.0   0.0   1   2   2.4e-08   2.7e-05   23.6   0.0    64   148     3    89     2    95 0.89 # 2582 # 4096 # -1 # ID=740_3;partial=00;start_type=ATG;rbs_motif=AGGA;rbs_spacer=5-10bp;gc_cont=0.303
NODE_740_length_5756_cov_3.446910_3     -            505 21317at2157          -            319   4.4e-16   59.0   0.0   2   2   3.3e-11   3.7e-08   33.0   0.0    14   143   159   285   149   308 0.82 # 2582 # 4096 # -1 # ID=740_3;partial=00;start_type=ATG;rbs_motif=AGGA;rbs_spacer=5-10bp;gc_cont=0.303
NODE_686_length_6447_cov_3.547567_3     -            365 21317at2157          -            319   1.3e-15   57.5   0.0   1   1   1.7e-18   1.8e-15   57.0   0.0    63   156   159   255   132   285 0.87 # 893 # 1987 # -1 # ID=686_3;partial=00;start_type=ATG;rbs_motif=AGGA/GGAG/GAGG;rbs_spacer=11-12bp;gc_cont=0.327
NODE_183_length_19827_cov_60.908051_15  -            338 21317at2157          -            319   3.9e-14   52.6   0.0   1   1     5e-17   5.5e-14   52.1   0.0    21   149   118   247   100   274 0.89 # 18088 # 19101 # 1 # ID=183_15;partial=00;start_type=ATG;rbs_motif=GGAG/GAGG;rbs_spacer=5-10bp;gc_cont=0.450
NODE_883_length_4534_cov_9.748261_5     -            367 21317at2157          -            319   1.1e-12   47.9   0.6   1   3   1.8e-09     2e-06   27.3   0.0    65   104     5    45     3    53 0.89 # 2078 # 3178 # -1 # ID=883_5;partial=00;start_type=ATG;rbs_motif=AGGA;rbs_spacer=5-10bp;gc_cont=0.349
NODE_883_length_4534_cov_9.748261_5     -            367 21317at2157          -            319   1.1e-12   47.9   0.6   2   3   4.7e-06    0.0053   16.1   0.0   107   150    65   108    58   152 0.87 # 2078 # 3178 # -1 # ID=883_5;partial=00;start_type=ATG;rbs_motif=AGGA;rbs_spacer=5-10bp;gc_cont=0.349
NODE_883_length_4534_cov_9.748261_5     -            367 21317at2157          -            319   1.1e-12   47.9   0.6   3   3      0.18     2e+02    1.0   0.0   302   315   349   362   344   365 0.89 # 2078 # 3178 # -1 # ID=883_5;partial=00;start_type=ATG;rbs_motif=AGGA;rbs_spacer=5-10bp;gc_cont=0.349
NODE_556_length_8313_cov_74.032540_6    -            463 21317at2157          -            319   4.6e-10   39.3   0.0   1   2   4.7e-08   5.2e-05   22.6   0.0    64   149     4    91     3   125 0.84 # 5517 # 6905 # 1 # ID=556_6;partial=00;start_type=ATG;rbs_motif=None;rbs_spacer=None;gc_cont=0.459
NODE_556_length_8313_cov_74.032540_6    -            463 21317at2157          -            319   4.6e-10   39.3   0.0   2   2   1.5e-05     0.017   14.4   0.0    64   149   176   266   168   279 0.73 # 5517 # 6905 # 1 # ID=556_6;partial=00;start_type=ATG;rbs_motif=None;rbs_spacer=None;gc_cont=0.459
NODE_269_length_15844_cov_108.493119_6  -            779 21317at2157          -            319   9.7e-10   38.2   0.1   1   1   1.5e-12   1.6e-09   37.5   0.1    65   168     6   116     3   135 0.77 # 4414 # 6750 # 1 # ID=269_6;partial=00;start_type=ATG;rbs_motif=GGAG/GAGG;rbs_spacer=5-10bp;gc_cont=0.452
NODE_122_length_24851_cov_5.633123_28   -            680 21317at2157          -            319     2e-09   37.2   0.0   1   1   3.1e-12   3.4e-09   36.4   0.0    63   148     4    90     2   113 0.79 # 22710 # 24749 # -1 # ID=122_28;partial=00;start_type=ATG;rbs_motif=GGAG/GAGG;rbs_spacer=5-10bp;gc_cont=0.328
NODE_41_length_40376_cov_93.046751_22   -            467 21317at2157          -            319   1.3e-08   34.5   0.0   1   1   2.5e-11   2.7e-08   33.4   0.0    59   149   238   329   211   356 0.81 # 12506 # 13906 # 1 # ID=41_22;partial=00;start_type=ATG;rbs_motif=4Base/6BMM;rbs_spacer=13-15bp;gc_cont=0.476
NODE_283_length_15122_cov_92.341908_5   -            299 21317at2157          -            319   1.6e-08   34.2   0.0   1   1   2.2e-11   2.4e-08   33.6   0.0    65   153    10   101     7   132 0.86 # 3915 # 4811 # -1 # ID=283_5;partial=00;start_type=ATG;rbs_motif=GGA/GAG/AGG;rbs_spacer=5-10bp;gc_cont=0.447
NODE_1349_length_2105_cov_3.564103_2    -            414 21317at2157          -            319   1.8e-07   30.8   0.0   1   1   2.7e-10     3e-07   30.0   0.0    63   143   115   193    85   214 0.87 # 863 # 2104 # -1 # ID=1349_2;partial=01;start_type=Edge;rbs_motif=None;rbs_spacer=None;gc_cont=0.297
NODE_526_length_8838_cov_8.191759_6     -            453 21317at2157          -            319   3.5e-07   29.8   5.1   1   1   5.1e-10   5.6e-07   29.1   5.1    64   233   218   395   185   409 0.74 # 4861 # 6219 # -1 # ID=526_6;partial=00;start_type=ATG;rbs_motif=AGxAG;rbs_spacer=5-10bp;gc_cont=0.289
NODE_927_length_4179_cov_7.392735_2     -            294 21317at2157          -            319   7.1e-07   28.8   0.3   1   2   1.8e-09     2e-06   27.3   0.0    65   165     7   109     4   139 0.80 # 96 # 977 # -1 # ID=927_2;partial=00;start_type=ATG;rbs_motif=AGGA;rbs_spacer=5-10bp;gc_cont=0.296
NODE_927_length_4179_cov_7.392735_2     -            294 21317at2157          -            319   7.1e-07   28.8   0.3   2   2       1.6   1.8e+03   -2.1   0.1   165   182   218   235   194   279 0.48 # 96 # 977 # -1 # ID=927_2;partial=00;start_type=ATG;rbs_motif=AGGA;rbs_spacer=5-10bp;gc_cont=0.296
NODE_31_length_44052_cov_101.924798_22  -            426 21317at2157          -            319   1.5e-06   27.7   0.1   1   1   1.9e-09   2.1e-06   27.2   0.1    35   149   171   286   160   318 0.63 # 23267 # 24544 # 1 # ID=31_22;partial=00;start_type=ATG;rbs_motif=GGAG/GAGG;rbs_spacer=5-10bp;gc_cont=0.487
NODE_3076_length_428_cov_0.843305_1     -             64 21317at2157          -            319     0.028   13.7   0.0   1   1   2.6e-05     0.028   13.7   0.0    61    89    26    54     4    57 0.80 # 2 # 193 # -1 # ID=3076_1;partial=10;start_type=ATG;rbs_motif=AGxAGG/AGGxGG;rbs_spacer=5-10bp;gc_cont=0.260
NODE_127_length_24396_cov_8.498376_9    -            207 21317at2157          -            319      0.04   13.2   0.0   1   1   7.8e-05     0.086   12.1   0.0    63    86    24    47    21    56 0.88 # 7317 # 7937 # -1 # ID=127_9;partial=00;start_type=GTG;rbs_motif=None;rbs_spacer=None;gc_cont=0.288
NODE_1715_length_1318_cov_7.383562_2    -            249 21317at2157          -            319      0.04   13.2   0.0   1   1   5.8e-05     0.065   12.5   0.0    22    87     6    71     2    78 0.85 # 572 # 1318 # -1 # ID=1715_2;partial=01;start_type=Edge;rbs_motif=None;rbs_spacer=None;gc_cont=0.329
NODE_154_length_21873_cov_143.912782_16 -            535 21317at2157          -            319     0.056   12.7   0.3   1   2    0.0027         3    7.0   0.0    65    84    32    51    28    56 0.91 # 18630 # 20234 # -1 # ID=154_16;partial=00;start_type=ATG;rbs_motif=GGA/GAG/AGG;rbs_spacer=5-10bp;gc_cont=0.512
NODE_154_length_21873_cov_143.912782_16 -            535 21317at2157          -            319     0.056   12.7   0.3   2   2     0.029        32    3.6   0.1    64    83   309   328   296   331 0.86 # 18630 # 20234 # -1 # ID=154_16;partial=00;start_type=ATG;rbs_motif=GGA/GAG/AGG;rbs_spacer=5-10bp;gc_cont=0.512
NODE_216_length_17763_cov_89.352313_13  -            286 21317at2157          -            319     0.091   12.0   0.0   1   1   0.00012      0.13   11.5   0.0    40    87    65   111    50   115 0.77 # 12413 # 13270 # 1 # ID=216_13;partial=00;start_type=ATG;rbs_motif=GGA/GAG/AGG;rbs_spacer=5-10bp;gc_cont=0.460
#
# Program:         hmmsearch
# Version:         3.1b2 (February 2015)
# Pipeline mode:   SEARCH
# Query file:      /home/mira/Bacteria2022/Thiomargarita_magnifica/qc_assembly/busco_trimmed/busco_downloads/lineages/archaea_odb10/hmms/21317at2157.hmm
# Target file:     /home/mira/Bacteria2022/Thiomargarita_magnifica/qc_assembly/busco_trimmed/busco_trimmed/prodigal_output/predicted_genes/predicted.faa
# Option settings: hmmsearch --domtblout /home/mira/Bacteria2022/Thiomargarita_magnifica/qc_assembly/busco_trimmed/busco_trimmed/auto_lineage/run_archaea_odb10/hmmer_output/21317at2157.out --cpu 1 /home/mira/Bacteria2022/Thiomargarita_magnifica/qc_assembly/busco_trimmed/busco_downloads/lineages/archaea_odb10/hmms/21317at2157.hmm /home/mira/Bacteria2022/Thiomargarita_magnifica/qc_assembly/busco_trimmed/busco_trimmed/prodigal_output/predicted_genes/predicted.faa 
# Current dir:     /home/mira/Bacteria2022/Thiomargarita_magnifica/qc_assembly/busco_trimmed
# Date:            Tue Jul 12 13:34:22 2022
# [ok]
