#                                                                                              --- full sequence --- -------------- this domain -------------   hmm coord   ali coord   env coord
# target name                          accession   tlen query name           accession   qlen   E-value  score  bias   #  of  c-Evalue  i-Evalue  score  bias  from    to  from    to  from    to  acc description of target
#                  ------------------- ---------- ----- -------------------- ---------- ----- --------- ------ ----- --- --- --------- --------- ------ ----- ----- ----- ----- ----- ----- ----- ---- ---------------------
NODE_189_length_19387_cov_94.987157_12 -            587 24288at2157          -            347   7.4e-53  180.4   0.1   1   2   1.8e-37   9.3e-34  117.6   0.1     2   234    14   283    13   293 0.80 # 10575 # 12335 # 1 # ID=189_12;partial=00;start_type=ATG;rbs_motif=AGGA;rbs_spacer=5-10bp;gc_cont=0.463
NODE_189_length_19387_cov_94.987157_12 -            587 24288at2157          -            347   7.4e-53  180.4   0.1   2   2   5.1e-17   2.7e-13   50.3   0.0   265   341   475   558   473   561 0.86 # 10575 # 12335 # 1 # ID=189_12;partial=00;start_type=ATG;rbs_motif=AGGA;rbs_spacer=5-10bp;gc_cont=0.463
NODE_237_length_16869_cov_8.797939_14  -            588 24288at2157          -            347     7e-52  177.2   0.4   1   3   9.9e-07    0.0052   16.5   0.1     4    34    16    46    13    78 0.82 # 14054 # 15817 # 1 # ID=237_14;partial=00;start_type=TTG;rbs_motif=GGA/GAG/AGG;rbs_spacer=5-10bp;gc_cont=0.341
NODE_237_length_16869_cov_8.797939_14  -            588 24288at2157          -            347     7e-52  177.2   0.4   2   3   3.9e-34     2e-30  106.6   0.0    47   235    90   284    58   297 0.85 # 14054 # 15817 # 1 # ID=237_14;partial=00;start_type=TTG;rbs_motif=GGA/GAG/AGG;rbs_spacer=5-10bp;gc_cont=0.341
NODE_237_length_16869_cov_8.797939_14  -            588 24288at2157          -            347     7e-52  177.2   0.4   3   3   3.3e-17   1.7e-13   50.9   0.0   265   341   471   554   468   557 0.84 # 14054 # 15817 # 1 # ID=237_14;partial=00;start_type=TTG;rbs_motif=GGA/GAG/AGG;rbs_spacer=5-10bp;gc_cont=0.341
NODE_329_length_13658_cov_5.382520_3   -            504 24288at2157          -            347   7.2e-32  111.4   0.8   1   4     0.017        89    2.5   0.0     4    34    56    86    53    93 0.88 # 1571 # 3082 # -1 # ID=329_3;partial=00;start_type=TTG;rbs_motif=AGGA;rbs_spacer=5-10bp;gc_cont=0.300
NODE_329_length_13658_cov_5.382520_3   -            504 24288at2157          -            347   7.2e-32  111.4   0.8   2   4   7.7e-23   4.1e-19   69.4   0.0    45   220   122   298   104   313 0.81 # 1571 # 3082 # -1 # ID=329_3;partial=00;start_type=TTG;rbs_motif=AGGA;rbs_spacer=5-10bp;gc_cont=0.300
NODE_329_length_13658_cov_5.382520_3   -            504 24288at2157          -            347   7.2e-32  111.4   0.8   3   4      0.19   9.9e+02   -0.9   0.0   231   261   359   388   334   390 0.77 # 1571 # 3082 # -1 # ID=329_3;partial=00;start_type=TTG;rbs_motif=AGGA;rbs_spacer=5-10bp;gc_cont=0.300
NODE_329_length_13658_cov_5.382520_3   -            504 24288at2157          -            347   7.2e-32  111.4   0.8   4   4   2.5e-12   1.3e-08   34.9   0.0   300   339   449   488   426   491 0.89 # 1571 # 3082 # -1 # ID=329_3;partial=00;start_type=TTG;rbs_motif=AGGA;rbs_spacer=5-10bp;gc_cont=0.300
NODE_556_length_8313_cov_74.032540_4   -            310 24288at2157          -            347   4.6e-12   46.2   0.0   1   2   1.3e-08   6.6e-05   22.7   0.0    98   231    13   145     4   163 0.73 # 3657 # 4586 # 1 # ID=556_4;partial=00;start_type=ATG;rbs_motif=AGGA;rbs_spacer=5-10bp;gc_cont=0.460
NODE_556_length_8313_cov_74.032540_4   -            310 24288at2157          -            347   4.6e-12   46.2   0.0   2   2   2.6e-08   0.00014   21.7   0.0   299   339   265   305   228   309 0.83 # 3657 # 4586 # 1 # ID=556_4;partial=00;start_type=ATG;rbs_motif=AGGA;rbs_spacer=5-10bp;gc_cont=0.460
#
# Program:         hmmsearch
# Version:         3.1b2 (February 2015)
# Pipeline mode:   SEARCH
# Query file:      /home/mira/Bacteria2022/Thiomargarita_magnifica/qc_assembly/busco_trimmed/busco_downloads/lineages/archaea_odb10/hmms/24288at2157.hmm
# Target file:     /home/mira/Bacteria2022/Thiomargarita_magnifica/qc_assembly/busco_trimmed/busco_trimmed/prodigal_output/predicted_genes/predicted.faa
# Option settings: hmmsearch --domtblout /home/mira/Bacteria2022/Thiomargarita_magnifica/qc_assembly/busco_trimmed/busco_trimmed/auto_lineage/run_archaea_odb10/hmmer_output/24288at2157.out --cpu 1 /home/mira/Bacteria2022/Thiomargarita_magnifica/qc_assembly/busco_trimmed/busco_downloads/lineages/archaea_odb10/hmms/24288at2157.hmm /home/mira/Bacteria2022/Thiomargarita_magnifica/qc_assembly/busco_trimmed/busco_trimmed/prodigal_output/predicted_genes/predicted.faa 
# Current dir:     /home/mira/Bacteria2022/Thiomargarita_magnifica/qc_assembly/busco_trimmed
# Date:            Tue Jul 12 13:34:21 2022
# [ok]
