#                                                                                              --- full sequence --- -------------- this domain -------------   hmm coord   ali coord   env coord
# target name                          accession   tlen query name           accession   qlen   E-value  score  bias   #  of  c-Evalue  i-Evalue  score  bias  from    to  from    to  from    to  acc description of target
#                  ------------------- ---------- ----- -------------------- ---------- ----- --------- ------ ----- --- --- --------- --------- ------ ----- ----- ----- ----- ----- ----- ----- ---- ---------------------
NODE_179_length_19943_cov_96.367462_15 -            458 25871at2157          -            350   1.5e-66  224.8  15.6   1   1   1.2e-68   2.6e-65  220.7  15.6     3   350     7   428     5   428 0.80 # 14766 # 16139 # -1 # ID=179_15;partial=00;start_type=ATG;rbs_motif=AGGA;rbs_spacer=5-10bp;gc_cont=0.483
NODE_346_length_12999_cov_5.703916_17  -            456 25871at2157          -            350     2e-59  201.4  32.1   1   2   2.2e-62   4.6e-59  200.2  25.1     2   350     6   423     5   423 0.77 # 8874 # 10241 # 1 # ID=346_17;partial=00;start_type=GTG;rbs_motif=GGA/GAG/AGG;rbs_spacer=5-10bp;gc_cont=0.348
NODE_346_length_12999_cov_5.703916_17  -            456 25871at2157          -            350     2e-59  201.4  32.1   2   2     0.011        23    3.8   1.7   254   284   415   445   412   447 0.88 # 8874 # 10241 # 1 # ID=346_17;partial=00;start_type=GTG;rbs_motif=GGA/GAG/AGG;rbs_spacer=5-10bp;gc_cont=0.348
NODE_409_length_11213_cov_97.335578_7  -            329 25871at2157          -            350   2.6e-42  145.1   1.5   1   1   1.3e-44   2.8e-41  141.7   1.5    11   249    47   327    37   328 0.78 # 6763 # 7749 # 1 # ID=409_7;partial=00;start_type=ATG;rbs_motif=None;rbs_spacer=None;gc_cont=0.462
NODE_229_length_17088_cov_9.517312_14  -            319 25871at2157          -            350   1.9e-37  129.1   0.6   1   1   3.5e-40   7.4e-37  127.2   0.6     3   249    35   312    33   315 0.83 # 9602 # 10558 # 1 # ID=229_14;partial=00;start_type=ATG;rbs_motif=AGGA;rbs_spacer=5-10bp;gc_cont=0.331
NODE_493_length_9473_cov_6.817901_6    -            382 25871at2157          -            350   1.2e-14   54.1   0.4   1   1   1.3e-17   2.7e-14   53.0   0.4    80   235   182   359   171   374 0.76 # 2304 # 3449 # -1 # ID=493_6;partial=00;start_type=ATG;rbs_motif=GGA/GAG/AGG;rbs_spacer=5-10bp;gc_cont=0.288
NODE_4736_length_270_cov_0.766839_1    -             89 25871at2157          -            350     4e-07   29.4   0.1   1   1   2.2e-10   4.7e-07   29.2   0.1    16    79     2    65     1    67 0.96 # 2 # 268 # 1 # ID=4736_1;partial=11;start_type=Edge;rbs_motif=None;rbs_spacer=None;gc_cont=0.547
NODE_852_length_4697_cov_5.317532_5    -            167 25871at2157          -            350    0.0051   15.9   0.0   1   1   3.7e-06    0.0077   15.3   0.0    77   123     5    51     2    72 0.88 # 2977 # 3477 # 1 # ID=852_5;partial=00;start_type=ATG;rbs_motif=None;rbs_spacer=None;gc_cont=0.289
NODE_5247_length_256_cov_0.826816_1    -             84 25871at2157          -            350     0.049   12.7   0.0   1   1   2.6e-05     0.054   12.5   0.0   178   247     1    74     1    79 0.87 # 3 # 254 # 1 # ID=5247_1;partial=11;start_type=Edge;rbs_motif=None;rbs_spacer=None;gc_cont=0.409
NODE_4106_length_297_cov_1.681818_1    -             98 25871at2157          -            350     0.049   12.6   0.0   1   1   2.7e-05     0.058   12.4   0.0   254   310    11    68     5    77 0.82 # 3 # 296 # -1 # ID=4106_1;partial=11;start_type=Edge;rbs_motif=None;rbs_spacer=None;gc_cont=0.269
NODE_887_length_4492_cov_79.488335_2   -            364 25871at2157          -            350     0.072   12.1   0.0   1   1   5.6e-05      0.12   11.4   0.0    82   120   104   142    95   147 0.87 # 1208 # 2299 # -1 # ID=887_2;partial=00;start_type=ATG;rbs_motif=AGGAG;rbs_spacer=5-10bp;gc_cont=0.471
#
# Program:         hmmsearch
# Version:         3.1b2 (February 2015)
# Pipeline mode:   SEARCH
# Query file:      /home/mira/Bacteria2022/Thiomargarita_magnifica/qc_assembly/busco_trimmed/busco_downloads/lineages/archaea_odb10/hmms/25871at2157.hmm
# Target file:     /home/mira/Bacteria2022/Thiomargarita_magnifica/qc_assembly/busco_trimmed/busco_trimmed/prodigal_output/predicted_genes/predicted.faa
# Option settings: hmmsearch --domtblout /home/mira/Bacteria2022/Thiomargarita_magnifica/qc_assembly/busco_trimmed/busco_trimmed/auto_lineage/run_archaea_odb10/hmmer_output/25871at2157.out --cpu 1 /home/mira/Bacteria2022/Thiomargarita_magnifica/qc_assembly/busco_trimmed/busco_downloads/lineages/archaea_odb10/hmms/25871at2157.hmm /home/mira/Bacteria2022/Thiomargarita_magnifica/qc_assembly/busco_trimmed/busco_trimmed/prodigal_output/predicted_genes/predicted.faa 
# Current dir:     /home/mira/Bacteria2022/Thiomargarita_magnifica/qc_assembly/busco_trimmed
# Date:            Tue Jul 12 13:34:22 2022
# [ok]
