#                                                                                              --- full sequence --- -------------- this domain -------------   hmm coord   ali coord   env coord
# target name                          accession   tlen query name           accession   qlen   E-value  score  bias   #  of  c-Evalue  i-Evalue  score  bias  from    to  from    to  from    to  acc description of target
#                  ------------------- ---------- ----- -------------------- ---------- ----- --------- ------ ----- --- --- --------- --------- ------ ----- ----- ----- ----- ----- ----- ----- ---- ---------------------
NODE_623_length_7200_cov_4.249754_2    -            353 31316at2157          -            264   4.2e-56  190.1   0.0   1   1   4.3e-59     6e-56  189.6   0.0     2   263    52   351    51   352 0.89 # 1086 # 2144 # 1 # ID=623_2;partial=00;start_type=ATG;rbs_motif=AGGA;rbs_spacer=5-10bp;gc_cont=0.302
NODE_584_length_7783_cov_121.220607_3  -            399 31316at2157          -            264   2.7e-48  164.6   0.3   1   2   1.1e-28   1.5e-25   90.0   0.0     3   113    92   223    90   236 0.84 # 3248 # 4444 # -1 # ID=584_3;partial=00;start_type=ATG;rbs_motif=None;rbs_spacer=None;gc_cont=0.468
NODE_584_length_7783_cov_121.220607_3  -            399 31316at2157          -            264   2.7e-48  164.6   0.3   2   2   1.9e-23   2.7e-20   72.8   0.1   126   239   255   377   244   383 0.82 # 3248 # 4444 # -1 # ID=584_3;partial=00;start_type=ATG;rbs_motif=None;rbs_spacer=None;gc_cont=0.468
NODE_5563_length_248_cov_0.865497_1    -             82 31316at2157          -            264   7.9e-13   48.3   0.0   1   1   6.6e-16   9.3e-13   48.1   0.0     2    51    26    78    25    81 0.88 # 2 # 247 # 1 # ID=5563_1;partial=11;start_type=Edge;rbs_motif=None;rbs_spacer=None;gc_cont=0.382
NODE_173_length_20228_cov_6.782393_16  -            315 31316at2157          -            264   2.2e-06   27.2   0.7   1   2   3.6e-05     0.051   12.9   0.0    71   111    59   102    44   108 0.88 # 15904 # 16848 # -1 # ID=173_16;partial=00;start_type=ATG;rbs_motif=None;rbs_spacer=None;gc_cont=0.341
NODE_173_length_20228_cov_6.782393_16  -            315 31316at2157          -            264   2.2e-06   27.2   0.7   2   2   5.1e-05     0.072   12.4   0.2   178   244   174   242   153   256 0.83 # 15904 # 16848 # -1 # ID=173_16;partial=00;start_type=ATG;rbs_motif=None;rbs_spacer=None;gc_cont=0.341
NODE_709_length_6183_cov_5.228464_4    -            482 31316at2157          -            264   4.3e-06   26.2   1.6   1   2   0.00029       0.4    9.9   0.1   187   229   254   295   249   308 0.89 # 2199 # 3644 # -1 # ID=709_4;partial=00;start_type=ATG;rbs_motif=GGA/GAG/AGG;rbs_spacer=5-10bp;gc_cont=0.344
NODE_709_length_6183_cov_5.228464_4    -            482 31316at2157          -            264   4.3e-06   26.2   1.6   2   2   1.3e-05     0.019   14.3   0.2   192   233   321   362   312   365 0.88 # 2199 # 3644 # -1 # ID=709_4;partial=00;start_type=ATG;rbs_motif=GGA/GAG/AGG;rbs_spacer=5-10bp;gc_cont=0.344
NODE_5649_length_245_cov_3.523810_1    -             81 31316at2157          -            264   1.1e-05   24.9   0.0   1   1   8.6e-09   1.2e-05   24.7   0.0   124   179    24    81     9    81 0.86 # 3 # 245 # -1 # ID=5649_1;partial=11;start_type=Edge;rbs_motif=None;rbs_spacer=None;gc_cont=0.325
NODE_30_length_44235_cov_99.808302_38  -            256 31316at2157          -            264   1.8e-05   24.1   0.1   1   3   2.1e-05     0.029   13.7   0.0   185   230    62   107    60   121 0.89 # 40753 # 41520 # -1 # ID=30_38;partial=00;start_type=ATG;rbs_motif=GGAG/GAGG;rbs_spacer=5-10bp;gc_cont=0.503
NODE_30_length_44235_cov_99.808302_38  -            256 31316at2157          -            264   1.8e-05   24.1   0.1   2   3      0.61   8.5e+02   -1.0   0.0     1    39   140   176   140   180 0.85 # 40753 # 41520 # -1 # ID=30_38;partial=00;start_type=ATG;rbs_motif=GGAG/GAGG;rbs_spacer=5-10bp;gc_cont=0.503
NODE_30_length_44235_cov_99.808302_38  -            256 31316at2157          -            264   1.8e-05   24.1   0.1   3   3     0.002       2.8    7.1   0.0   188   221   189   222   186   247 0.84 # 40753 # 41520 # -1 # ID=30_38;partial=00;start_type=ATG;rbs_motif=GGAG/GAGG;rbs_spacer=5-10bp;gc_cont=0.503
NODE_409_length_11213_cov_97.335578_4  -            487 31316at2157          -            264   0.00046   19.5   3.5   1   3       1.5   2.1e+03   -2.3   0.0    29    61    62    94    42   105 0.83 # 2662 # 4122 # -1 # ID=409_4;partial=00;start_type=ATG;rbs_motif=None;rbs_spacer=None;gc_cont=0.486
NODE_409_length_11213_cov_97.335578_4  -            487 31316at2157          -            264   0.00046   19.5   3.5   2   3   0.00035      0.49    9.6   0.2   186   229   255   298   251   312 0.87 # 2662 # 4122 # -1 # ID=409_4;partial=00;start_type=ATG;rbs_motif=None;rbs_spacer=None;gc_cont=0.486
NODE_409_length_11213_cov_97.335578_4  -            487 31316at2157          -            264   0.00046   19.5   3.5   3   3   0.00027      0.38   10.0   0.1   186   233   318   365   313   369 0.88 # 2662 # 4122 # -1 # ID=409_4;partial=00;start_type=ATG;rbs_motif=None;rbs_spacer=None;gc_cont=0.486
NODE_515_length_9038_cov_80.976342_6   -            325 31316at2157          -            264   0.00085   18.7   0.4   1   2       3.1   4.4e+03   -3.3   0.0     7    37     5    39     2    45 0.55 # 4066 # 5040 # 1 # ID=515_6;partial=00;start_type=ATG;rbs_motif=None;rbs_spacer=None;gc_cont=0.466
NODE_515_length_9038_cov_80.976342_6   -            325 31316at2157          -            264   0.00085   18.7   0.4   2   2     2e-06    0.0028   17.0   0.2    74   244    62   242    54   246 0.80 # 4066 # 5040 # 1 # ID=515_6;partial=00;start_type=ATG;rbs_motif=None;rbs_spacer=None;gc_cont=0.466
NODE_30_length_44235_cov_99.808302_39  -            251 31316at2157          -            264    0.0012   18.2   0.5   1   2   3.2e-05     0.045   13.0   0.0   183   237    59   115    53   121 0.88 # 41605 # 42357 # -1 # ID=30_39;partial=00;start_type=ATG;rbs_motif=GGAG/GAGG;rbs_spacer=5-10bp;gc_cont=0.481
NODE_30_length_44235_cov_99.808302_39  -            251 31316at2157          -            264    0.0012   18.2   0.5   2   2     0.026        36    3.5   0.1   187   214   180   207   173   225 0.83 # 41605 # 42357 # -1 # ID=30_39;partial=00;start_type=ATG;rbs_motif=GGAG/GAGG;rbs_spacer=5-10bp;gc_cont=0.481
NODE_1746_length_1274_cov_3.025898_2   -            255 31316at2157          -            264    0.0033   16.8   0.0   1   2   0.00014       0.2   10.9   0.0   186   228    64   106    60   123 0.84 # 210 # 974 # -1 # ID=1746_2;partial=00;start_type=ATG;rbs_motif=GGA/GAG/AGG;rbs_spacer=5-10bp;gc_cont=0.350
NODE_1746_length_1274_cov_3.025898_2   -            255 31316at2157          -            264    0.0033   16.8   0.0   2   2     0.023        32    3.7   0.0   188   217   188   217   184   249 0.76 # 210 # 974 # -1 # ID=1746_2;partial=00;start_type=ATG;rbs_motif=GGA/GAG/AGG;rbs_spacer=5-10bp;gc_cont=0.350
NODE_1195_length_2617_cov_5.472835_2   -            362 31316at2157          -            264    0.0044   16.4   0.0   1   1     5e-06     0.007   15.7   0.0   184   232   194   243   191   265 0.90 # 1208 # 2293 # 1 # ID=1195_2;partial=00;start_type=ATG;rbs_motif=GGA/GAG/AGG;rbs_spacer=5-10bp;gc_cont=0.345
NODE_215_length_17765_cov_42.445443_5  -            374 31316at2157          -            264     0.025   13.9   0.0   1   1   3.6e-05     0.051   12.9   0.0   198   244   291   338   283   345 0.81 # 5441 # 6562 # 1 # ID=215_5;partial=00;start_type=ATG;rbs_motif=GGA/GAG/AGG;rbs_spacer=5-10bp;gc_cont=0.488
NODE_1051_length_3255_cov_2.308055_3   -            253 31316at2157          -            264     0.042   13.1   0.0   1   1   6.5e-05     0.091   12.0   0.0   188   243    64   120    60   125 0.92 # 1707 # 2465 # 1 # ID=1051_3;partial=00;start_type=ATG;rbs_motif=GGAG/GAGG;rbs_spacer=5-10bp;gc_cont=0.299
NODE_198_length_19012_cov_86.887668_10 -            211 31316at2157          -            264      0.14   11.4   0.0   1   2      0.17   2.4e+02    0.8   0.0   198   230    98   130    89   135 0.84 # 6962 # 7594 # 1 # ID=198_10;partial=00;start_type=ATG;rbs_motif=GGAG/GAGG;rbs_spacer=5-10bp;gc_cont=0.444
NODE_198_length_19012_cov_86.887668_10 -            211 31316at2157          -            264      0.14   11.4   0.0   2   2     0.001       1.4    8.1   0.0   185   232   141   187   134   204 0.84 # 6962 # 7594 # 1 # ID=198_10;partial=00;start_type=ATG;rbs_motif=GGAG/GAGG;rbs_spacer=5-10bp;gc_cont=0.444
#
# Program:         hmmsearch
# Version:         3.1b2 (February 2015)
# Pipeline mode:   SEARCH
# Query file:      /home/mira/Bacteria2022/Thiomargarita_magnifica/qc_assembly/busco_trimmed/busco_downloads/lineages/archaea_odb10/hmms/31316at2157.hmm
# Target file:     /home/mira/Bacteria2022/Thiomargarita_magnifica/qc_assembly/busco_trimmed/busco_trimmed/prodigal_output/predicted_genes/predicted.faa
# Option settings: hmmsearch --domtblout /home/mira/Bacteria2022/Thiomargarita_magnifica/qc_assembly/busco_trimmed/busco_trimmed/auto_lineage/run_archaea_odb10/hmmer_output/31316at2157.out --cpu 1 /home/mira/Bacteria2022/Thiomargarita_magnifica/qc_assembly/busco_trimmed/busco_downloads/lineages/archaea_odb10/hmms/31316at2157.hmm /home/mira/Bacteria2022/Thiomargarita_magnifica/qc_assembly/busco_trimmed/busco_trimmed/prodigal_output/predicted_genes/predicted.faa 
# Current dir:     /home/mira/Bacteria2022/Thiomargarita_magnifica/qc_assembly/busco_trimmed
# Date:            Tue Jul 12 13:34:22 2022
# [ok]
