#                                                                                              --- full sequence --- -------------- this domain -------------   hmm coord   ali coord   env coord
# target name                          accession   tlen query name           accession   qlen   E-value  score  bias   #  of  c-Evalue  i-Evalue  score  bias  from    to  from    to  from    to  acc description of target
#                  ------------------- ---------- ----- -------------------- ---------- ----- --------- ------ ----- --- --- --------- --------- ------ ----- ----- ----- ----- ----- ----- ----- ---- ---------------------
NODE_1147_length_2821_cov_6.842566_1   -            581 37207at2157          -            925   4.1e-20   72.0   0.0   1   2   1.2e-07   0.00018   20.2   0.0    21    70     9    59     3    71 0.91 # 1 # 1743 # -1 # ID=1147_1;partial=10;start_type=ATG;rbs_motif=AGGA;rbs_spacer=5-10bp;gc_cont=0.349
NODE_1147_length_2821_cov_6.842566_1   -            581 37207at2157          -            925   4.1e-20   72.0   0.0   2   2   2.6e-16   3.9e-13   48.9   0.0   669   838    90   257    81   261 0.93 # 1 # 1743 # -1 # ID=1147_1;partial=10;start_type=ATG;rbs_motif=AGGA;rbs_spacer=5-10bp;gc_cont=0.349
NODE_63_length_31987_cov_69.053588_26  -           1307 37207at2157          -            925   3.6e-15   55.6   0.0   1   2   2.9e-15   4.3e-12   45.4   0.1    62   374   742  1039   736  1096 0.69 # 22223 # 26143 # -1 # ID=63_26;partial=00;start_type=ATG;rbs_motif=AGGAG;rbs_spacer=5-10bp;gc_cont=0.440
NODE_63_length_31987_cov_69.053588_26  -           1307 37207at2157          -            925   3.6e-15   55.6   0.0   2   2   0.00081       1.2    7.5   0.0   515   596  1087  1183  1043  1293 0.65 # 22223 # 26143 # -1 # ID=63_26;partial=00;start_type=ATG;rbs_motif=AGGAG;rbs_spacer=5-10bp;gc_cont=0.440
NODE_23_length_50155_cov_86.760454_25  -            524 37207at2157          -            925   4.6e-11   42.0   0.0   1   2   5.9e-06    0.0089   14.6   0.0    21    70     9    59     3    74 0.89 # 21301 # 22872 # -1 # ID=23_25;partial=00;start_type=ATG;rbs_motif=None;rbs_spacer=None;gc_cont=0.454
NODE_23_length_50155_cov_86.760454_25  -            524 37207at2157          -            925   4.6e-11   42.0   0.0   2   2   3.8e-09   5.7e-06   25.2   0.0   700   810   119   228   114   237 0.94 # 21301 # 22872 # -1 # ID=23_25;partial=00;start_type=ATG;rbs_motif=None;rbs_spacer=None;gc_cont=0.454
NODE_382_length_11795_cov_72.464243_3  -           1401 37207at2157          -            925   8.5e-09   34.5   4.2   1   3      0.64   9.7e+02   -2.1   0.0   117   190   303   373   272   419 0.58 # 2775 # 6977 # 1 # ID=382_3;partial=00;start_type=ATG;rbs_motif=None;rbs_spacer=None;gc_cont=0.385
NODE_382_length_11795_cov_72.464243_3  -           1401 37207at2157          -            925   8.5e-09   34.5   4.2   2   3   1.2e-07   0.00018   20.2   0.1    82   175   438   529   417   576 0.79 # 2775 # 6977 # 1 # ID=382_3;partial=00;start_type=ATG;rbs_motif=None;rbs_spacer=None;gc_cont=0.385
NODE_382_length_11795_cov_72.464243_3  -           1401 37207at2157          -            925   8.5e-09   34.5   4.2   3   3   6.4e-06    0.0097   14.5   0.3    59   272  1098  1302  1095  1348 0.67 # 2775 # 6977 # 1 # ID=382_3;partial=00;start_type=ATG;rbs_motif=None;rbs_spacer=None;gc_cont=0.385
NODE_4534_length_276_cov_0.743719_1    -             91 37207at2157          -            925   1.4e-08   33.8   0.2   1   1   9.9e-12   1.5e-08   33.7   0.2   700   783     9    91     2    91 0.94 # 2 # 274 # -1 # ID=4534_1;partial=11;start_type=Edge;rbs_motif=None;rbs_spacer=None;gc_cont=0.414
NODE_1679_length_1377_cov_5.811538_1   -            459 37207at2157          -            925   1.3e-07   30.6   0.1   1   2   2.2e-10   3.4e-07   29.2   0.0   701   838     1   138     1   141 0.93 # 1 # 1377 # -1 # ID=1679_1;partial=11;start_type=Edge;rbs_motif=None;rbs_spacer=None;gc_cont=0.341
NODE_1679_length_1377_cov_5.811538_1   -            459 37207at2157          -            925   1.3e-07   30.6   0.1   2   2      0.55   8.3e+02   -1.9   0.4   478   547   243   319   209   412 0.56 # 1 # 1377 # -1 # ID=1679_1;partial=11;start_type=Edge;rbs_motif=None;rbs_spacer=None;gc_cont=0.341
NODE_712_length_6180_cov_4.722595_7    -             93 37207at2157          -            925     2e-07   30.0   0.0   1   1   1.4e-10   2.1e-07   29.9   0.0    25    71    11    60     8    84 0.84 # 5900 # 6178 # 1 # ID=712_7;partial=01;start_type=ATG;rbs_motif=None;rbs_spacer=None;gc_cont=0.276
NODE_794_length_5202_cov_206.008195_4  -            956 37207at2157          -            925   8.9e-05   21.2   0.0   1   1   9.5e-08   0.00014   20.5   0.0   104   195   734   830   720   925 0.73 # 2334 # 5201 # -1 # ID=794_4;partial=01;start_type=Edge;rbs_motif=None;rbs_spacer=None;gc_cont=0.422
NODE_949_length_3995_cov_3.643441_4    -            412 37207at2157          -            925     0.001   17.7   0.0   1   1   7.2e-07    0.0011   17.6   0.0   532   582    92   147    39   267 0.77 # 2759 # 3994 # -1 # ID=949_4;partial=01;start_type=Edge;rbs_motif=None;rbs_spacer=None;gc_cont=0.321
NODE_580_length_7860_cov_309.232815_5  -            632 37207at2157          -            925    0.0018   16.8   0.0   1   1   1.7e-06    0.0026   16.3   0.0   561   675    16   370     9   372 0.65 # 1645 # 3540 # -1 # ID=580_5;partial=00;start_type=ATG;rbs_motif=AGGA;rbs_spacer=5-10bp;gc_cont=0.444
NODE_215_length_17765_cov_42.445443_6  -           1087 37207at2157          -            925    0.0095   14.5   0.0   1   2   4.2e-05     0.063   11.8   0.0   553   598   511   556   452   674 0.71 # 6669 # 9929 # -1 # ID=215_6;partial=00;start_type=ATG;rbs_motif=None;rbs_spacer=None;gc_cont=0.481
NODE_215_length_17765_cov_42.445443_6  -           1087 37207at2157          -            925    0.0095   14.5   0.0   2   2      0.42   6.4e+02   -1.5   0.0   305   398   846   946   667   969 0.64 # 6669 # 9929 # -1 # ID=215_6;partial=00;start_type=ATG;rbs_motif=None;rbs_spacer=None;gc_cont=0.481
NODE_143_length_22907_cov_96.905300_14 -             68 37207at2157          -            925      0.01   14.4   0.1   1   1   7.1e-06     0.011   14.3   0.1   438   490    13    65     2    67 0.82 # 10214 # 10417 # 1 # ID=143_14;partial=00;start_type=ATG;rbs_motif=AGGAG;rbs_spacer=5-10bp;gc_cont=0.412
NODE_454_length_10235_cov_100.096476_4 -            753 37207at2157          -            925      0.02   13.4   0.0   1   1   1.8e-05     0.026   13.0   0.0   553   596   490   534   415   701 0.72 # 3822 # 6080 # -1 # ID=454_4;partial=00;start_type=ATG;rbs_motif=AGGA;rbs_spacer=5-10bp;gc_cont=0.461
NODE_7_length_69274_cov_106.351663_57  -            343 37207at2157          -            925     0.066   11.7   0.0   1   1   4.4e-05     0.066   11.7   0.0    23    95    25   100    12   256 0.74 # 64639 # 65667 # -1 # ID=7_57;partial=00;start_type=GTG;rbs_motif=None;rbs_spacer=None;gc_cont=0.473
#
# Program:         hmmsearch
# Version:         3.1b2 (February 2015)
# Pipeline mode:   SEARCH
# Query file:      /home/mira/Bacteria2022/Thiomargarita_magnifica/qc_assembly/busco_trimmed/busco_downloads/lineages/archaea_odb10/hmms/37207at2157.hmm
# Target file:     /home/mira/Bacteria2022/Thiomargarita_magnifica/qc_assembly/busco_trimmed/busco_trimmed/prodigal_output/predicted_genes/predicted.faa
# Option settings: hmmsearch --domtblout /home/mira/Bacteria2022/Thiomargarita_magnifica/qc_assembly/busco_trimmed/busco_trimmed/auto_lineage/run_archaea_odb10/hmmer_output/37207at2157.out --cpu 1 /home/mira/Bacteria2022/Thiomargarita_magnifica/qc_assembly/busco_trimmed/busco_downloads/lineages/archaea_odb10/hmms/37207at2157.hmm /home/mira/Bacteria2022/Thiomargarita_magnifica/qc_assembly/busco_trimmed/busco_trimmed/prodigal_output/predicted_genes/predicted.faa 
# Current dir:     /home/mira/Bacteria2022/Thiomargarita_magnifica/qc_assembly/busco_trimmed
# Date:            Tue Jul 12 13:34:22 2022
# [ok]
