#                                                                                               --- full sequence --- -------------- this domain -------------   hmm coord   ali coord   env coord
# target name                           accession   tlen query name           accession   qlen   E-value  score  bias   #  of  c-Evalue  i-Evalue  score  bias  from    to  from    to  from    to  acc description of target
#                   ------------------- ---------- ----- -------------------- ---------- ----- --------- ------ ----- --- --- --------- --------- ------ ----- ----- ----- ----- ----- ----- ----- ---- ---------------------
NODE_542_length_8534_cov_5.967364_4     -            452 37299at2157          -            410  1.1e-127  426.2   0.4   1   1  1.4e-130  1.4e-127  425.9   0.4     4   392     1   436     1   450 0.86 # 1917 # 3272 # 1 # ID=542_4;partial=00;start_type=ATG;rbs_motif=AGGA;rbs_spacer=5-10bp;gc_cont=0.335
NODE_714_length_6147_cov_81.665074_6    -            506 37299at2157          -            410    1e-112  377.0   0.2   1   1  1.3e-115  1.3e-112  376.6   0.2     4   403     1   465     1   471 0.83 # 4456 # 5973 # 1 # ID=714_6;partial=00;start_type=ATG;rbs_motif=AGGAG/GGAGG;rbs_spacer=11-12bp;gc_cont=0.444
NODE_297_length_14745_cov_62.853082_7   -            612 37299at2157          -            410   6.3e-20   71.4   0.1   1   1     4e-22   4.2e-19   68.7   0.1     4   193     1   221     1   229 0.76 # 5480 # 7315 # -1 # ID=297_7;partial=00;start_type=ATG;rbs_motif=AGGA;rbs_spacer=5-10bp;gc_cont=0.455
NODE_863_length_4663_cov_5.878761_3     -            604 37299at2157          -            410   6.3e-16   58.2   0.1   1   2   0.00018      0.19   10.5   0.0     4    46     1    48     1    53 0.76 # 858 # 2669 # 1 # ID=863_3;partial=00;start_type=ATG;rbs_motif=GGA/GAG/AGG;rbs_spacer=5-10bp;gc_cont=0.332
NODE_863_length_4663_cov_5.878761_3     -            604 37299at2157          -            410   6.3e-16   58.2   0.1   2   2   3.9e-15   4.1e-12   45.6   0.0    44   157    67   187    56   233 0.72 # 858 # 2669 # 1 # ID=863_3;partial=00;start_type=ATG;rbs_motif=GGA/GAG/AGG;rbs_spacer=5-10bp;gc_cont=0.332
NODE_2522_length_577_cov_1.492000_1     -            191 37299at2157          -            410   7.1e-14   51.4   0.1   1   2     0.044        46    2.6   0.0    17    39    21    43    14    53 0.77 # 3 # 575 # -1 # ID=2522_1;partial=11;start_type=Edge;rbs_motif=None;rbs_spacer=None;gc_cont=0.276
NODE_2522_length_577_cov_1.492000_1     -            191 37299at2157          -            410   7.1e-14   51.4   0.1   2   2   1.7e-15   1.8e-12   46.8   0.2    43   142    74   179    64   188 0.85 # 3 # 575 # -1 # ID=2522_1;partial=11;start_type=Edge;rbs_motif=None;rbs_spacer=None;gc_cont=0.276
NODE_2_length_111158_cov_110.480244_97  -            609 37299at2157          -            410   3.2e-12   46.0   0.0   1   1   4.5e-15   4.8e-12   45.4   0.0     4   167     1   159     1   174 0.76 # 106456 # 108282 # 1 # ID=2_97;partial=00;start_type=ATG;rbs_motif=AGGA;rbs_spacer=5-10bp;gc_cont=0.430
NODE_345_length_13026_cov_123.397405_4  -            668 37299at2157          -            410   9.2e-12   44.5   0.0   1   1   1.5e-14   1.5e-11   43.7   0.0    19   181    25   174     1   183 0.70 # 1769 # 3772 # -1 # ID=345_4;partial=00;start_type=ATG;rbs_motif=GGA/GAG/AGG;rbs_spacer=5-10bp;gc_cont=0.385
NODE_82_length_28496_cov_99.611563_23   -            590 37299at2157          -            410   1.1e-09   37.6   0.0   1   1   1.7e-12   1.8e-09   36.9   0.0    48   177    42   170    36   215 0.79 # 23272 # 25041 # 1 # ID=82_23;partial=00;start_type=ATG;rbs_motif=AGGA/GGAG/GAGG;rbs_spacer=11-12bp;gc_cont=0.464
NODE_182_length_19832_cov_115.428904_7  -            625 37299at2157          -            410   1.2e-09   37.5   0.0   1   1   1.8e-12   1.9e-09   36.9   0.0     4   208     1   219     1   222 0.71 # 6949 # 8823 # -1 # ID=182_7;partial=00;start_type=ATG;rbs_motif=None;rbs_spacer=None;gc_cont=0.372
NODE_220_length_17660_cov_139.384860_14 -            181 37299at2157          -            410   1.6e-09   37.1   0.0   1   1     2e-12   2.1e-09   36.7   0.0    50   179    18   148     8   157 0.80 # 10842 # 11384 # 1 # ID=220_14;partial=00;start_type=TTG;rbs_motif=None;rbs_spacer=None;gc_cont=0.414
NODE_6190_length_232_cov_0.954839_1     -             77 37299at2157          -            410   1.3e-08   34.0   0.0   1   1   1.4e-11   1.5e-08   33.9   0.0    52   120     1    77     1    77 0.85 # 2 # 232 # -1 # ID=6190_1;partial=11;start_type=Edge;rbs_motif=None;rbs_spacer=None;gc_cont=0.532
NODE_11_length_58114_cov_109.372779_6   -            626 37299at2157          -            410   4.9e-08   32.2   0.0   1   2   9.7e-11     1e-07   31.1   0.0    20   164    25   158     1   182 0.67 # 4890 # 6767 # 1 # ID=11_6;partial=00;start_type=ATG;rbs_motif=4Base/6BMM;rbs_spacer=13-15bp;gc_cont=0.437
NODE_11_length_58114_cov_109.372779_6   -            626 37299at2157          -            410   4.9e-08   32.2   0.0   2   2       3.2   3.4e+03   -3.5   0.0   273   300   222   249   220   261 0.72 # 4890 # 6767 # 1 # ID=11_6;partial=00;start_type=ATG;rbs_motif=4Base/6BMM;rbs_spacer=13-15bp;gc_cont=0.437
NODE_11_length_58114_cov_109.372779_14  -            651 37299at2157          -            410   6.4e-08   31.8   0.0   1   1   8.4e-11   8.8e-08   31.4   0.0    17   173    25   176     1   191 0.73 # 13513 # 15465 # 1 # ID=11_14;partial=00;start_type=ATG;rbs_motif=GGA/GAG/AGG;rbs_spacer=5-10bp;gc_cont=0.475
NODE_175_length_20040_cov_69.299454_15  -            587 37299at2157          -            410   1.9e-07   30.3   0.0   1   1   2.8e-10     3e-07   29.6   0.0    47   185    41   180    16   189 0.76 # 14295 # 16055 # 1 # ID=175_15;partial=00;start_type=ATG;rbs_motif=None;rbs_spacer=None;gc_cont=0.465
NODE_207_length_18386_cov_11.690262_4   -            593 37299at2157          -            410   2.1e-07   30.1   0.0   1   1     4e-10   4.2e-07   29.1   0.0    46   166    34   149    14   160 0.77 # 4783 # 6561 # -1 # ID=207_4;partial=00;start_type=ATG;rbs_motif=GGA/GAG/AGG;rbs_spacer=5-10bp;gc_cont=0.247
NODE_141_length_23070_cov_115.783108_21 -            462 37299at2157          -            410   0.00011   21.1   0.0   1   1   1.5e-07   0.00016   20.6   0.0    22   108     5    91     1   103 0.76 # 14983 # 16368 # -1 # ID=141_21;partial=00;start_type=ATG;rbs_motif=None;rbs_spacer=None;gc_cont=0.403
NODE_23_length_50155_cov_86.760454_35   -            231 37299at2157          -            410     0.018   13.9   0.0   1   1   2.6e-05     0.028   13.3   0.0   299   337   140   178   130   183 0.89 # 33409 # 34101 # -1 # ID=23_35;partial=00;start_type=ATG;rbs_motif=None;rbs_spacer=None;gc_cont=0.459
NODE_338_length_13428_cov_64.443862_9   -            228 37299at2157          -            410     0.029   13.2   0.0   1   1   4.7e-05      0.05   12.4   0.0   240   337   110   218    83   224 0.69 # 11025 # 11708 # -1 # ID=338_9;partial=00;start_type=ATG;rbs_motif=AGGA/GGAG/GAGG;rbs_spacer=11-12bp;gc_cont=0.437
NODE_652_length_6846_cov_5.780322_6     -            310 37299at2157          -            410     0.034   13.0   0.4   1   1   4.5e-05     0.048   12.5   0.4   285   368   192   273   188   299 0.83 # 3575 # 4504 # -1 # ID=652_6;partial=00;start_type=ATG;rbs_motif=AGGAG;rbs_spacer=5-10bp;gc_cont=0.339
NODE_20_length_51286_cov_85.420844_10   -            215 37299at2157          -            410      0.14   10.9   0.1   1   1   0.00019       0.2   10.4   0.1   304   340   117   153    98   156 0.86 # 3534 # 4178 # -1 # ID=20_10;partial=00;start_type=ATG;rbs_motif=GGA/GAG/AGG;rbs_spacer=5-10bp;gc_cont=0.448
#
# Program:         hmmsearch
# Version:         3.1b2 (February 2015)
# Pipeline mode:   SEARCH
# Query file:      /home/mira/Bacteria2022/Thiomargarita_magnifica/qc_assembly/busco_trimmed/busco_downloads/lineages/archaea_odb10/hmms/37299at2157.hmm
# Target file:     /home/mira/Bacteria2022/Thiomargarita_magnifica/qc_assembly/busco_trimmed/busco_trimmed/prodigal_output/predicted_genes/predicted.faa
# Option settings: hmmsearch --domtblout /home/mira/Bacteria2022/Thiomargarita_magnifica/qc_assembly/busco_trimmed/busco_trimmed/auto_lineage/run_archaea_odb10/hmmer_output/37299at2157.out --cpu 1 /home/mira/Bacteria2022/Thiomargarita_magnifica/qc_assembly/busco_trimmed/busco_downloads/lineages/archaea_odb10/hmms/37299at2157.hmm /home/mira/Bacteria2022/Thiomargarita_magnifica/qc_assembly/busco_trimmed/busco_trimmed/prodigal_output/predicted_genes/predicted.faa 
# Current dir:     /home/mira/Bacteria2022/Thiomargarita_magnifica/qc_assembly/busco_trimmed
# Date:            Tue Jul 12 13:34:22 2022
# [ok]
