#                                                                                              --- full sequence --- -------------- this domain -------------   hmm coord   ali coord   env coord
# target name                          accession   tlen query name           accession   qlen   E-value  score  bias   #  of  c-Evalue  i-Evalue  score  bias  from    to  from    to  from    to  acc description of target
#                  ------------------- ---------- ----- -------------------- ---------- ----- --------- ------ ----- --- --- --------- --------- ------ ----- ----- ----- ----- ----- ----- ----- ---- ---------------------
NODE_123_length_24743_cov_6.667518_10  -           1516 3905at2157           -            690   2.7e-81  274.3   1.8   1   3      0.16   8.3e+02   -1.6   0.0    53    68   114   129    95   136 0.77 # 9489 # 14036 # 1 # ID=123_10;partial=00;start_type=ATG;rbs_motif=GGAG/GAGG;rbs_spacer=5-10bp;gc_cont=0.336
NODE_123_length_24743_cov_6.667518_10  -           1516 3905at2157           -            690   2.7e-81  274.3   1.8   2   3   4.2e-65   2.2e-61  208.5   0.0   132   423   252   540   237   606 0.84 # 9489 # 14036 # 1 # ID=123_10;partial=00;start_type=ATG;rbs_motif=GGAG/GAGG;rbs_spacer=5-10bp;gc_cont=0.336
NODE_123_length_24743_cov_6.667518_10  -           1516 3905at2157           -            690   2.7e-81  274.3   1.8   3   3   4.3e-20   2.3e-16   59.7   0.4   450   667   600   805   577   813 0.75 # 9489 # 14036 # 1 # ID=123_10;partial=00;start_type=ATG;rbs_motif=GGAG/GAGG;rbs_spacer=5-10bp;gc_cont=0.336
NODE_155_length_21809_cov_88.795877_1  -            816 3905at2157           -            690   7.4e-80  269.6   2.5   1   3       0.1   5.3e+02   -1.0   0.0    54    72   103   121    82   126 0.79 # 3 # 2450 # -1 # ID=155_1;partial=10;start_type=ATG;rbs_motif=GGA/GAG/AGG;rbs_spacer=5-10bp;gc_cont=0.440
NODE_155_length_21809_cov_88.795877_1  -            816 3905at2157           -            690   7.4e-80  269.6   2.5   2   3     6e-64   3.2e-60  204.7   0.0   131   423   230   519   190   522 0.91 # 3 # 2450 # -1 # ID=155_1;partial=10;start_type=ATG;rbs_motif=GGA/GAG/AGG;rbs_spacer=5-10bp;gc_cont=0.440
NODE_155_length_21809_cov_88.795877_1  -            816 3905at2157           -            690   7.4e-80  269.6   2.5   3   3   2.3e-19   1.2e-15   57.4   1.0   451   667   595   810   558   813 0.68 # 3 # 2450 # -1 # ID=155_1;partial=10;start_type=ATG;rbs_motif=GGA/GAG/AGG;rbs_spacer=5-10bp;gc_cont=0.440
NODE_412_length_11180_cov_101.438260_4 -           1354 3905at2157           -            690   5.3e-64  217.2   5.9   1   4     0.012        65    2.0   0.0    53    72   101   120    79   125 0.76 # 2744 # 6805 # -1 # ID=412_4;partial=00;start_type=ATG;rbs_motif=None;rbs_spacer=None;gc_cont=0.434
NODE_412_length_11180_cov_101.438260_4 -           1354 3905at2157           -            690   5.3e-64  217.2   5.9   2   4   3.7e-55     2e-51  175.6   0.0   131   421   229   518   204   522 0.92 # 2744 # 6805 # -1 # ID=412_4;partial=00;start_type=ATG;rbs_motif=None;rbs_spacer=None;gc_cont=0.434
NODE_412_length_11180_cov_101.438260_4 -           1354 3905at2157           -            690   5.3e-64  217.2   5.9   3   4   1.1e-12   5.7e-09   35.3   0.1   429   667   563   786   541   792 0.69 # 2744 # 6805 # -1 # ID=412_4;partial=00;start_type=ATG;rbs_motif=None;rbs_spacer=None;gc_cont=0.434
NODE_412_length_11180_cov_101.438260_4 -           1354 3905at2157           -            690   5.3e-64  217.2   5.9   4   4      0.45   2.3e+03   -3.1   0.1   542   595   849   904   841   913 0.72 # 2744 # 6805 # -1 # ID=412_4;partial=00;start_type=ATG;rbs_motif=None;rbs_spacer=None;gc_cont=0.434
NODE_107_length_25934_cov_131.105967_1 -            170 3905at2157           -            690   8.6e-17   61.1   2.0   1   1   3.6e-18   1.9e-14   53.4   2.0   502   667    18   164     5   167 0.71 # 3 # 512 # -1 # ID=107_1;partial=10;start_type=ATG;rbs_motif=None;rbs_spacer=None;gc_cont=0.469
#
# Program:         hmmsearch
# Version:         3.1b2 (February 2015)
# Pipeline mode:   SEARCH
# Query file:      /home/mira/Bacteria2022/Thiomargarita_magnifica/qc_assembly/busco_trimmed/busco_downloads/lineages/archaea_odb10/hmms/3905at2157.hmm
# Target file:     /home/mira/Bacteria2022/Thiomargarita_magnifica/qc_assembly/busco_trimmed/busco_trimmed/prodigal_output/predicted_genes/predicted.faa
# Option settings: hmmsearch --domtblout /home/mira/Bacteria2022/Thiomargarita_magnifica/qc_assembly/busco_trimmed/busco_trimmed/auto_lineage/run_archaea_odb10/hmmer_output/3905at2157.out --cpu 1 /home/mira/Bacteria2022/Thiomargarita_magnifica/qc_assembly/busco_trimmed/busco_downloads/lineages/archaea_odb10/hmms/3905at2157.hmm /home/mira/Bacteria2022/Thiomargarita_magnifica/qc_assembly/busco_trimmed/busco_trimmed/prodigal_output/predicted_genes/predicted.faa 
# Current dir:     /home/mira/Bacteria2022/Thiomargarita_magnifica/qc_assembly/busco_trimmed
# Date:            Tue Jul 12 13:34:21 2022
# [ok]
