#                                                                                              --- full sequence --- -------------- this domain -------------   hmm coord   ali coord   env coord
# target name                          accession   tlen query name           accession   qlen   E-value  score  bias   #  of  c-Evalue  i-Evalue  score  bias  from    to  from    to  from    to  acc description of target
#                  ------------------- ---------- ----- -------------------- ---------- ----- --------- ------ ----- --- --- --------- --------- ------ ----- ----- ----- ----- ----- ----- ----- ---- ---------------------
NODE_461_length_10110_cov_5.829662_10  -            406 47919at2157          -            348   3.1e-73  247.2   3.6   1   2   3.6e-43   8.5e-40  137.2   0.1     3   157     6   168     4   179 0.90 # 7188 # 8405 # 1 # ID=461_10;partial=00;start_type=ATG;rbs_motif=GGAG/GAGG;rbs_spacer=5-10bp;gc_cont=0.325
NODE_461_length_10110_cov_5.829662_10  -            406 47919at2157          -            348   3.1e-73  247.2   3.6   2   2   3.2e-35   7.5e-32  111.1   0.6   188   348   233   405   178   405 0.76 # 7188 # 8405 # 1 # ID=461_10;partial=00;start_type=ATG;rbs_motif=GGAG/GAGG;rbs_spacer=5-10bp;gc_cont=0.325
NODE_87_length_28118_cov_123.873792_4  -            424 47919at2157          -            348   1.1e-67  229.0   0.0   1   2   1.9e-41   4.4e-38  131.6   0.0     2   160     5   171     4   182 0.89 # 2159 # 3430 # -1 # ID=87_4;partial=00;start_type=ATG;rbs_motif=None;rbs_spacer=None;gc_cont=0.471
NODE_87_length_28118_cov_123.873792_4  -            424 47919at2157          -            348   1.1e-67  229.0   0.0   2   2   1.6e-30   3.9e-27   95.6   0.0   186   339   233   403   171   411 0.76 # 2159 # 3430 # -1 # ID=87_4;partial=00;start_type=ATG;rbs_motif=None;rbs_spacer=None;gc_cont=0.471
NODE_31_length_44052_cov_101.924798_26 -            382 47919at2157          -            348   3.7e-29  102.3   0.0   1   2   5.2e-22   1.2e-18   67.7   0.0     6   199     8   202     5   209 0.89 # 27644 # 28789 # 1 # ID=31_26;partial=00;start_type=ATG;rbs_motif=None;rbs_spacer=None;gc_cont=0.456
NODE_31_length_44052_cov_101.924798_26 -            382 47919at2157          -            348   3.7e-29  102.3   0.0   2   2   2.5e-11   5.8e-08   32.6   0.0   184   255   239   312   222   356 0.84 # 27644 # 28789 # 1 # ID=31_26;partial=00;start_type=ATG;rbs_motif=None;rbs_spacer=None;gc_cont=0.456
NODE_1151_length_2786_cov_42.168697_2  -            659 47919at2157          -            348     1e-11   44.9   0.1   1   2   1.1e-07   0.00025   20.6   0.1    21   157   278   427   271   438 0.84 # 385 # 2361 # -1 # ID=1151_2;partial=00;start_type=ATG;rbs_motif=None;rbs_spacer=None;gc_cont=0.452
NODE_1151_length_2786_cov_42.168697_2  -            659 47919at2157          -            348     1e-11   44.9   0.1   2   2   4.3e-08    0.0001   21.9   0.0   267   333   546   613   537   623 0.87 # 385 # 2361 # -1 # ID=1151_2;partial=00;start_type=ATG;rbs_motif=None;rbs_spacer=None;gc_cont=0.452
NODE_243_length_16582_cov_3.867555_5   -            282 47919at2157          -            348   7.4e-09   35.5   0.0   1   2   3.2e-12   7.4e-09   35.5   0.0     5   163     7   156     3   198 0.82 # 4609 # 5454 # -1 # ID=243_5;partial=00;start_type=ATG;rbs_motif=AGGA/GGAG/GAGG;rbs_spacer=11-12bp;gc_cont=0.290
NODE_243_length_16582_cov_3.867555_5   -            282 47919at2157          -            348   7.4e-09   35.5   0.0   2   2      0.31   7.3e+02   -0.7   1.6   211   235   234   259   179   269 0.71 # 4609 # 5454 # -1 # ID=243_5;partial=00;start_type=ATG;rbs_motif=AGGA/GGAG/GAGG;rbs_spacer=11-12bp;gc_cont=0.290
NODE_205_length_18535_cov_54.680301_7  -            637 47919at2157          -            348   5.5e-08   32.6   0.0   1   2   0.00013      0.31   10.4   0.0    22   154   276   420   266   440 0.66 # 3302 # 5212 # -1 # ID=205_7;partial=00;start_type=ATG;rbs_motif=None;rbs_spacer=None;gc_cont=0.450
NODE_205_length_18535_cov_54.680301_7  -            637 47919at2157          -            348   5.5e-08   32.6   0.0   2   2   4.1e-07   0.00096   18.7   0.0   267   333   543   609   533   623 0.85 # 3302 # 5212 # -1 # ID=205_7;partial=00;start_type=ATG;rbs_motif=None;rbs_spacer=None;gc_cont=0.450
NODE_928_length_4159_cov_5.686025_2    -            610 47919at2157          -            348   2.1e-07   30.7   0.4   1   3       2.9   6.7e+03   -3.8   0.0    13    50   232   269   231   272 0.80 # 1424 # 3253 # 1 # ID=928_2;partial=00;start_type=TTG;rbs_motif=AGGA;rbs_spacer=5-10bp;gc_cont=0.338
NODE_928_length_4159_cov_5.686025_2    -            610 47919at2157          -            348   2.1e-07   30.7   0.4   2   3     0.029        68    2.7   0.0   111   155   348   393   345   401 0.81 # 1424 # 3253 # 1 # ID=928_2;partial=00;start_type=TTG;rbs_motif=AGGA;rbs_spacer=5-10bp;gc_cont=0.338
NODE_928_length_4159_cov_5.686025_2    -            610 47919at2157          -            348   2.1e-07   30.7   0.4   3   3   4.6e-09   1.1e-05   25.1   0.5   267   348   514   596   507   596 0.89 # 1424 # 3253 # 1 # ID=928_2;partial=00;start_type=TTG;rbs_motif=AGGA;rbs_spacer=5-10bp;gc_cont=0.338
NODE_744_length_5691_cov_6.985216_5    -            567 47919at2157          -            348    0.0048   16.4   1.9   1   3         1   2.4e+03   -2.3   0.1    25    90    55   121    40   190 0.67 # 3886 # 5586 # 1 # ID=744_5;partial=00;start_type=ATG;rbs_motif=AGGA;rbs_spacer=5-10bp;gc_cont=0.335
NODE_744_length_5691_cov_6.985216_5    -            567 47919at2157          -            348    0.0048   16.4   1.9   2   3       1.5   3.6e+03   -3.0   0.1   271   314   232   277   206   299 0.51 # 3886 # 5586 # 1 # ID=744_5;partial=00;start_type=ATG;rbs_motif=AGGA;rbs_spacer=5-10bp;gc_cont=0.335
NODE_744_length_5691_cov_6.985216_5    -            567 47919at2157          -            348    0.0048   16.4   1.9   3   3   2.2e-06    0.0053   16.3   0.0   275   348   485   558   471   558 0.88 # 3886 # 5586 # 1 # ID=744_5;partial=00;start_type=ATG;rbs_motif=AGGA;rbs_spacer=5-10bp;gc_cont=0.335
NODE_224_length_17314_cov_71.804374_11 -            570 47919at2157          -            348     0.012   15.1   0.0   1   2     0.015        36    3.6   0.1    12    75    42   106    33   195 0.74 # 10149 # 11858 # -1 # ID=224_11;partial=00;start_type=ATG;rbs_motif=GGA/GAG/AGG;rbs_spacer=5-10bp;gc_cont=0.478
NODE_224_length_17314_cov_71.804374_11 -            570 47919at2157          -            348     0.012   15.1   0.0   2   2   0.00033      0.77    9.1   0.0   272   347   483   558   475   559 0.93 # 10149 # 11858 # -1 # ID=224_11;partial=00;start_type=ATG;rbs_motif=GGA/GAG/AGG;rbs_spacer=5-10bp;gc_cont=0.478
#
# Program:         hmmsearch
# Version:         3.1b2 (February 2015)
# Pipeline mode:   SEARCH
# Query file:      /home/mira/Bacteria2022/Thiomargarita_magnifica/qc_assembly/busco_trimmed/busco_downloads/lineages/archaea_odb10/hmms/47919at2157.hmm
# Target file:     /home/mira/Bacteria2022/Thiomargarita_magnifica/qc_assembly/busco_trimmed/busco_trimmed/prodigal_output/predicted_genes/predicted.faa
# Option settings: hmmsearch --domtblout /home/mira/Bacteria2022/Thiomargarita_magnifica/qc_assembly/busco_trimmed/busco_trimmed/auto_lineage/run_archaea_odb10/hmmer_output/47919at2157.out --cpu 1 /home/mira/Bacteria2022/Thiomargarita_magnifica/qc_assembly/busco_trimmed/busco_downloads/lineages/archaea_odb10/hmms/47919at2157.hmm /home/mira/Bacteria2022/Thiomargarita_magnifica/qc_assembly/busco_trimmed/busco_trimmed/prodigal_output/predicted_genes/predicted.faa 
# Current dir:     /home/mira/Bacteria2022/Thiomargarita_magnifica/qc_assembly/busco_trimmed
# Date:            Tue Jul 12 13:34:22 2022
# [ok]
