#                                                                                             --- full sequence --- -------------- this domain -------------   hmm coord   ali coord   env coord
# target name                         accession   tlen query name           accession   qlen   E-value  score  bias   #  of  c-Evalue  i-Evalue  score  bias  from    to  from    to  from    to  acc description of target
#                 ------------------- ---------- ----- -------------------- ---------- ----- --------- ------ ----- --- --- --------- --------- ------ ----- ----- ----- ----- ----- ----- ----- ---- ---------------------
NODE_566_length_8117_cov_7.869030_8   -            247 60670at2157          -            186   2.9e-07   30.7   0.0   1   2   2.5e-07   0.00052   20.1   0.0    47    83    70   106    16   126 0.80 # 7015 # 7755 # -1 # ID=566_8;partial=00;start_type=ATG;rbs_motif=AGGA;rbs_spacer=5-10bp;gc_cont=0.333
NODE_566_length_8117_cov_7.869030_8   -            247 60670at2157          -            186   2.9e-07   30.7   0.0   2   2   0.00081       1.7    8.7   0.0   103   147   156   199   151   231 0.71 # 7015 # 7755 # -1 # ID=566_8;partial=00;start_type=ATG;rbs_motif=AGGA;rbs_spacer=5-10bp;gc_cont=0.333
NODE_68_length_30840_cov_68.029776_23 -            251 60670at2157          -            186   2.8e-06   27.5   0.2   1   2   5.7e-07    0.0012   18.9   0.0    23   101    36   131    25   144 0.73 # 18003 # 18755 # -1 # ID=68_23;partial=00;start_type=ATG;rbs_motif=GGAG/GAGG;rbs_spacer=5-10bp;gc_cont=0.458
NODE_68_length_30840_cov_68.029776_23 -            251 60670at2157          -            186   2.8e-06   27.5   0.2   2   2    0.0083        17    5.4   0.1    97   152   156   219   132   243 0.65 # 18003 # 18755 # -1 # ID=68_23;partial=00;start_type=ATG;rbs_motif=GGAG/GAGG;rbs_spacer=5-10bp;gc_cont=0.458
NODE_200_length_18746_cov_65.357812_6 -            266 60670at2157          -            186   2.3e-05   24.6   0.2   1   1   1.7e-08   3.6e-05   23.9   0.2   113   176   167   226   145   236 0.80 # 4356 # 5153 # -1 # ID=200_6;partial=00;start_type=ATG;rbs_motif=AGGA;rbs_spacer=5-10bp;gc_cont=0.472
NODE_122_length_24851_cov_5.633123_16 -            261 60670at2157          -            186   4.3e-05   23.7   0.3   1   1   3.2e-08   6.7e-05   23.0   0.3   124   181   170   225   112   229 0.87 # 14458 # 15240 # 1 # ID=122_16;partial=00;start_type=ATG;rbs_motif=AGGA;rbs_spacer=5-10bp;gc_cont=0.354
NODE_1746_length_1274_cov_3.025898_2  -            255 60670at2157          -            186   0.00064   19.8   0.4   1   2   8.6e-06     0.018   15.1   0.1   117   170    54   109    52   115 0.84 # 210 # 974 # -1 # ID=1746_2;partial=00;start_type=ATG;rbs_motif=GGA/GAG/AGG;rbs_spacer=5-10bp;gc_cont=0.350
NODE_1746_length_1274_cov_3.025898_2  -            255 60670at2157          -            186   0.00064   19.8   0.4   2   2     0.061   1.3e+02    2.5   0.0   138   172   199   233   185   239 0.77 # 210 # 974 # -1 # ID=1746_2;partial=00;start_type=ATG;rbs_motif=GGA/GAG/AGG;rbs_spacer=5-10bp;gc_cont=0.350
NODE_30_length_44235_cov_99.808302_39 -            251 60670at2157          -            186     0.002   18.2   1.5   1   2   0.00024       0.5   10.4   0.0   124   172    63   110    58   115 0.89 # 41605 # 42357 # -1 # ID=30_39;partial=00;start_type=ATG;rbs_motif=GGAG/GAGG;rbs_spacer=5-10bp;gc_cont=0.481
NODE_30_length_44235_cov_99.808302_39 -            251 60670at2157          -            186     0.002   18.2   1.5   2   2    0.0045       9.5    6.2   0.6   127   165   180   219   177   223 0.83 # 41605 # 42357 # -1 # ID=30_39;partial=00;start_type=ATG;rbs_motif=GGAG/GAGG;rbs_spacer=5-10bp;gc_cont=0.481
NODE_476_length_9857_cov_82.283640_5  -            260 60670at2157          -            186    0.0078   16.3   0.0   1   1   6.2e-06     0.013   15.6   0.0   132   183   207   258   195   259 0.87 # 3303 # 4082 # 1 # ID=476_5;partial=00;start_type=ATG;rbs_motif=None;rbs_spacer=None;gc_cont=0.460
NODE_30_length_44235_cov_99.808302_38 -            256 60670at2157          -            186     0.039   14.0   2.7   1   3   3.1e-05     0.065   13.3   0.1   118   171    54   109    52   115 0.83 # 40753 # 41520 # -1 # ID=30_38;partial=00;start_type=ATG;rbs_motif=GGAG/GAGG;rbs_spacer=5-10bp;gc_cont=0.503
NODE_30_length_44235_cov_99.808302_38 -            256 60670at2157          -            186     0.039   14.0   2.7   2   3       2.8   5.9e+03   -2.9   0.0   150   167   159   176   154   177 0.77 # 40753 # 41520 # -1 # ID=30_38;partial=00;start_type=ATG;rbs_motif=GGAG/GAGG;rbs_spacer=5-10bp;gc_cont=0.503
NODE_30_length_44235_cov_99.808302_38 -            256 60670at2157          -            186     0.039   14.0   2.7   3   3       0.4   8.4e+02   -0.1   0.2   137   168   199   231   189   243 0.79 # 40753 # 41520 # -1 # ID=30_38;partial=00;start_type=ATG;rbs_motif=GGAG/GAGG;rbs_spacer=5-10bp;gc_cont=0.503
NODE_1051_length_3255_cov_2.308055_3  -            253 60670at2157          -            186     0.066   13.3   0.1   1   1   7.4e-05      0.16   12.0   0.0   127   173    66   110    50   122 0.78 # 1707 # 2465 # 1 # ID=1051_3;partial=00;start_type=ATG;rbs_motif=GGAG/GAGG;rbs_spacer=5-10bp;gc_cont=0.299
NODE_584_length_7783_cov_121.220607_3 -            399 60670at2157          -            186      0.22   11.6   0.1   1   1   0.00017      0.36   10.9   0.1   115   169   312   366   309   370 0.94 # 3248 # 4444 # -1 # ID=584_3;partial=00;start_type=ATG;rbs_motif=None;rbs_spacer=None;gc_cont=0.468
#
# Program:         hmmsearch
# Version:         3.1b2 (February 2015)
# Pipeline mode:   SEARCH
# Query file:      /home/mira/Bacteria2022/Thiomargarita_magnifica/qc_assembly/busco_trimmed/busco_downloads/lineages/archaea_odb10/hmms/60670at2157.hmm
# Target file:     /home/mira/Bacteria2022/Thiomargarita_magnifica/qc_assembly/busco_trimmed/busco_trimmed/prodigal_output/predicted_genes/predicted.faa
# Option settings: hmmsearch --domtblout /home/mira/Bacteria2022/Thiomargarita_magnifica/qc_assembly/busco_trimmed/busco_trimmed/auto_lineage/run_archaea_odb10/hmmer_output/60670at2157.out --cpu 1 /home/mira/Bacteria2022/Thiomargarita_magnifica/qc_assembly/busco_trimmed/busco_downloads/lineages/archaea_odb10/hmms/60670at2157.hmm /home/mira/Bacteria2022/Thiomargarita_magnifica/qc_assembly/busco_trimmed/busco_trimmed/prodigal_output/predicted_genes/predicted.faa 
# Current dir:     /home/mira/Bacteria2022/Thiomargarita_magnifica/qc_assembly/busco_trimmed
# Date:            Tue Jul 12 13:34:23 2022
# [ok]
