#                                                                                              --- full sequence --- -------------- this domain -------------   hmm coord   ali coord   env coord
# target name                          accession   tlen query name           accession   qlen   E-value  score  bias   #  of  c-Evalue  i-Evalue  score  bias  from    to  from    to  from    to  acc description of target
#                  ------------------- ---------- ----- -------------------- ---------- ----- --------- ------ ----- --- --- --------- --------- ------ ----- ----- ----- ----- ----- ----- ----- ---- ---------------------
NODE_556_length_8313_cov_74.032540_6   -            463 66209at2157          -            266   1.8e-18   66.8   0.0   1   2   1.5e-13   1.9e-10   40.5   0.0   138   251     2   120     1   127 0.86 # 5517 # 6905 # 1 # ID=556_6;partial=00;start_type=ATG;rbs_motif=None;rbs_spacer=None;gc_cont=0.459
NODE_556_length_8313_cov_74.032540_6   -            463 66209at2157          -            266   1.8e-18   66.8   0.0   2   2   1.5e-08   1.8e-05   24.2   0.0   141   228   177   271   148   306 0.73 # 5517 # 6905 # 1 # ID=556_6;partial=00;start_type=ATG;rbs_motif=None;rbs_spacer=None;gc_cont=0.459
NODE_686_length_6447_cov_3.547567_3    -            365 66209at2157          -            266   9.4e-14   51.3   0.0   1   1   1.2e-16   1.5e-13   50.7   0.0   144   199   164   224   150   281 0.78 # 893 # 1987 # -1 # ID=686_3;partial=00;start_type=ATG;rbs_motif=AGGA/GGAG/GAGG;rbs_spacer=11-12bp;gc_cont=0.327
NODE_183_length_19827_cov_60.908051_15 -            338 66209at2157          -            266   1.2e-12   47.7   0.0   1   1   1.4e-15   1.8e-12   47.1   0.0   145   193   166   219   159   270 0.86 # 18088 # 19101 # 1 # ID=183_15;partial=00;start_type=ATG;rbs_motif=GGAG/GAGG;rbs_spacer=5-10bp;gc_cont=0.450
NODE_283_length_15122_cov_92.341908_5  -            299 66209at2157          -            266   4.9e-10   39.1   0.0   1   1     6e-13   7.4e-10   38.6   0.0   141   256    10   130     8   139 0.85 # 3915 # 4811 # -1 # ID=283_5;partial=00;start_type=ATG;rbs_motif=GGA/GAG/AGG;rbs_spacer=5-10bp;gc_cont=0.447
NODE_740_length_5756_cov_3.446910_3    -            505 66209at2157          -            266   1.3e-09   37.8   1.1   1   2   1.7e-06    0.0021   17.4   0.0   142   224     5    91     1   125 0.77 # 2582 # 4096 # -1 # ID=740_3;partial=00;start_type=ATG;rbs_motif=AGGA;rbs_spacer=5-10bp;gc_cont=0.303
NODE_740_length_5756_cov_3.446910_3    -            505 66209at2157          -            266   1.3e-09   37.8   1.1   2   2   3.7e-06    0.0046   16.3   0.2   129   166   197   234   174   342 0.68 # 2582 # 4096 # -1 # ID=740_3;partial=00;start_type=ATG;rbs_motif=AGGA;rbs_spacer=5-10bp;gc_cont=0.303
NODE_526_length_8838_cov_8.191759_6    -            453 66209at2157          -            266   4.2e-09   36.1   3.0   1   2    0.0071       8.8    5.5   0.1    78   123   123   168   113   178 0.87 # 4861 # 6219 # -1 # ID=526_6;partial=00;start_type=ATG;rbs_motif=AGxAG;rbs_spacer=5-10bp;gc_cont=0.289
NODE_526_length_8838_cov_8.191759_6    -            453 66209at2157          -            266   4.2e-09   36.1   3.0   2   2   1.5e-10   1.9e-07   30.7   0.4   109   253   184   336   180   348 0.72 # 4861 # 6219 # -1 # ID=526_6;partial=00;start_type=ATG;rbs_motif=AGxAG;rbs_spacer=5-10bp;gc_cont=0.289
NODE_17_length_54641_cov_104.869236_47 -            364 66209at2157          -            266   6.7e-09   35.4   0.2   1   2   2.7e-11   3.4e-08   33.1   0.0   143   179     7    43     3    46 0.92 # 41480 # 42571 # -1 # ID=17_47;partial=00;start_type=ATG;rbs_motif=GGA/GAG/AGG;rbs_spacer=5-10bp;gc_cont=0.468
NODE_17_length_54641_cov_104.869236_47 -            364 66209at2157          -            266   6.7e-09   35.4   0.2   2   2      0.43   5.3e+02   -0.3   0.0    78   144   140   206   125   209 0.54 # 41480 # 42571 # -1 # ID=17_47;partial=00;start_type=ATG;rbs_motif=GGA/GAG/AGG;rbs_spacer=5-10bp;gc_cont=0.468
NODE_122_length_24851_cov_5.633123_28  -            680 66209at2157          -            266     2e-08   33.8   0.0   1   1     3e-11   3.8e-08   33.0   0.0   137   192     2    61     1   132 0.66 # 22710 # 24749 # -1 # ID=122_28;partial=00;start_type=ATG;rbs_motif=GGAG/GAGG;rbs_spacer=5-10bp;gc_cont=0.328
NODE_41_length_40376_cov_93.046751_22  -            467 66209at2157          -            266   2.2e-07   30.4   0.0   1   1   3.3e-10   4.1e-07   29.6   0.0   110   254   213   358   210   367 0.75 # 12506 # 13906 # 1 # ID=41_22;partial=00;start_type=ATG;rbs_motif=4Base/6BMM;rbs_spacer=13-15bp;gc_cont=0.476
NODE_31_length_44052_cov_101.924798_22 -            426 66209at2157          -            266   4.4e-06   26.2   0.2   1   1   8.4e-09     1e-05   25.0   0.2   108   252   168   320   162   322 0.74 # 23267 # 24544 # 1 # ID=31_22;partial=00;start_type=ATG;rbs_motif=GGAG/GAGG;rbs_spacer=5-10bp;gc_cont=0.487
NODE_883_length_4534_cov_9.748261_5    -            367 66209at2157          -            266   5.1e-06   26.0   0.2   1   2   3.4e-08   4.2e-05   23.0   0.1   143   172     7    37     4    39 0.89 # 2078 # 3178 # -1 # ID=883_5;partial=00;start_type=ATG;rbs_motif=AGGA;rbs_spacer=5-10bp;gc_cont=0.349
NODE_883_length_4534_cov_9.748261_5    -            367 66209at2157          -            266   5.1e-06   26.0   0.2   2   2      0.29   3.6e+02    0.2   0.0    49   122   126   200    84   205 0.68 # 2078 # 3178 # -1 # ID=883_5;partial=00;start_type=ATG;rbs_motif=AGGA;rbs_spacer=5-10bp;gc_cont=0.349
NODE_269_length_15844_cov_108.493119_6 -            779 66209at2157          -            266   5.7e-06   25.8   0.5   1   2   7.9e-09   9.8e-06   25.0   0.0   140   262     5   133     1   136 0.81 # 4414 # 6750 # 1 # ID=269_6;partial=00;start_type=ATG;rbs_motif=GGAG/GAGG;rbs_spacer=5-10bp;gc_cont=0.452
NODE_269_length_15844_cov_108.493119_6 -            779 66209at2157          -            266   5.7e-06   25.8   0.5   2   2       4.3   5.4e+03   -3.6   0.1    73    97   258   282   236   286 0.55 # 4414 # 6750 # 1 # ID=269_6;partial=00;start_type=ATG;rbs_motif=GGAG/GAGG;rbs_spacer=5-10bp;gc_cont=0.452
NODE_1349_length_2105_cov_3.564103_2   -            414 66209at2157          -            266   0.00037   19.9   0.2   1   1   3.4e-06    0.0042   16.4   0.1   130   165   106   141    90   246 0.71 # 863 # 2104 # -1 # ID=1349_2;partial=01;start_type=Edge;rbs_motif=None;rbs_spacer=None;gc_cont=0.297
NODE_73_length_30026_cov_105.581655_14 -            736 66209at2157          -            266    0.0041   16.4   3.2   1   4   3.7e-05     0.046   13.0   0.1    68   162    21   116    13   121 0.77 # 12441 # 14648 # -1 # ID=73_14;partial=00;start_type=ATG;rbs_motif=AGGA;rbs_spacer=5-10bp;gc_cont=0.433
NODE_73_length_30026_cov_105.581655_14 -            736 66209at2157          -            266    0.0041   16.4   3.2   2   4       3.7   4.5e+03   -3.4   0.0   203   221   276   294   264   315 0.86 # 12441 # 14648 # -1 # ID=73_14;partial=00;start_type=ATG;rbs_motif=AGGA;rbs_spacer=5-10bp;gc_cont=0.433
NODE_73_length_30026_cov_105.581655_14 -            736 66209at2157          -            266    0.0041   16.4   3.2   3   4         2   2.4e+03   -2.5   0.0    96   119   386   409   367   472 0.66 # 12441 # 14648 # -1 # ID=73_14;partial=00;start_type=ATG;rbs_motif=AGGA;rbs_spacer=5-10bp;gc_cont=0.433
NODE_73_length_30026_cov_105.581655_14 -            736 66209at2157          -            266    0.0041   16.4   3.2   4   4     0.073        91    2.2   0.0    78   108   628   658   592   693 0.73 # 12441 # 14648 # -1 # ID=73_14;partial=00;start_type=ATG;rbs_motif=AGGA;rbs_spacer=5-10bp;gc_cont=0.433
NODE_927_length_4179_cov_7.392735_2    -            294 66209at2157          -            266    0.0076   15.6   0.7   1   2   3.6e-05     0.045   13.1   0.1   145   256    11   125     6   137 0.75 # 96 # 977 # -1 # ID=927_2;partial=00;start_type=ATG;rbs_motif=AGGA;rbs_spacer=5-10bp;gc_cont=0.296
NODE_927_length_4179_cov_7.392735_2    -            294 66209at2157          -            266    0.0076   15.6   0.7   2   2      0.55   6.9e+02   -0.7   0.1   109   143   195   230   178   287 0.70 # 96 # 977 # -1 # ID=927_2;partial=00;start_type=ATG;rbs_motif=AGGA;rbs_spacer=5-10bp;gc_cont=0.296
NODE_168_length_20620_cov_92.599085_8  -            734 66209at2157          -            266     0.049   12.9   0.2   1   1   0.00013      0.16   11.2   0.2    78   160    28   108     7   114 0.71 # 9577 # 11778 # 1 # ID=168_8;partial=00;start_type=ATG;rbs_motif=None;rbs_spacer=None;gc_cont=0.422
NODE_596_length_7537_cov_93.781233_2   -            145 66209at2157          -            266      0.11   11.8   0.0   1   1   0.00011      0.13   11.5   0.0    43   128    44   127    36   142 0.75 # 869 # 1303 # -1 # ID=596_2;partial=00;start_type=TTG;rbs_motif=GGA/GAG/AGG;rbs_spacer=11-12bp;gc_cont=0.446
#
# Program:         hmmsearch
# Version:         3.1b2 (February 2015)
# Pipeline mode:   SEARCH
# Query file:      /home/mira/Bacteria2022/Thiomargarita_magnifica/qc_assembly/busco_trimmed/busco_downloads/lineages/archaea_odb10/hmms/66209at2157.hmm
# Target file:     /home/mira/Bacteria2022/Thiomargarita_magnifica/qc_assembly/busco_trimmed/busco_trimmed/prodigal_output/predicted_genes/predicted.faa
# Option settings: hmmsearch --domtblout /home/mira/Bacteria2022/Thiomargarita_magnifica/qc_assembly/busco_trimmed/busco_trimmed/auto_lineage/run_archaea_odb10/hmmer_output/66209at2157.out --cpu 1 /home/mira/Bacteria2022/Thiomargarita_magnifica/qc_assembly/busco_trimmed/busco_downloads/lineages/archaea_odb10/hmms/66209at2157.hmm /home/mira/Bacteria2022/Thiomargarita_magnifica/qc_assembly/busco_trimmed/busco_trimmed/prodigal_output/predicted_genes/predicted.faa 
# Current dir:     /home/mira/Bacteria2022/Thiomargarita_magnifica/qc_assembly/busco_trimmed
# Date:            Tue Jul 12 13:34:23 2022
# [ok]
