#                                                                                               --- full sequence --- -------------- this domain -------------   hmm coord   ali coord   env coord
# target name                           accession   tlen query name           accession   qlen   E-value  score  bias   #  of  c-Evalue  i-Evalue  score  bias  from    to  from    to  from    to  acc description of target
#                   ------------------- ---------- ----- -------------------- ---------- ----- --------- ------ ----- --- --- --------- --------- ------ ----- ----- ----- ----- ----- ----- ----- ---- ---------------------
NODE_123_length_24743_cov_6.667518_10   -           1516 66811at2157          -            315   7.2e-22   78.1   2.5   1   4   5.2e-12   1.4e-08   34.5   0.0    14    50   903   939   897   943 0.90 # 9489 # 14036 # 1 # ID=123_10;partial=00;start_type=ATG;rbs_motif=GGAG/GAGG;rbs_spacer=5-10bp;gc_cont=0.336
NODE_123_length_24743_cov_6.667518_10   -           1516 66811at2157          -            315   7.2e-22   78.1   2.5   2   4    0.0054        14    4.9   0.0    52    71  1272  1291  1267  1297 0.85 # 9489 # 14036 # 1 # ID=123_10;partial=00;start_type=ATG;rbs_motif=GGAG/GAGG;rbs_spacer=5-10bp;gc_cont=0.336
NODE_123_length_24743_cov_6.667518_10   -           1516 66811at2157          -            315   7.2e-22   78.1   2.5   3   4    0.0013       3.3    7.0   0.1   202   249  1356  1403  1347  1416 0.87 # 9489 # 14036 # 1 # ID=123_10;partial=00;start_type=ATG;rbs_motif=GGAG/GAGG;rbs_spacer=5-10bp;gc_cont=0.336
NODE_123_length_24743_cov_6.667518_10   -           1516 66811at2157          -            315   7.2e-22   78.1   2.5   4   4   4.4e-10   1.2e-06   28.2   0.0   263   311  1455  1503  1445  1506 0.91 # 9489 # 14036 # 1 # ID=123_10;partial=00;start_type=ATG;rbs_motif=GGAG/GAGG;rbs_spacer=5-10bp;gc_cont=0.336
NODE_1577_length_1553_cov_558.993902_1  -            517 66811at2157          -            315   1.2e-15   57.7   2.8   1   3   4.4e-13   1.1e-09   38.0   0.0    16    50   119   153   112   164 0.90 # 3 # 1553 # -1 # ID=1577_1;partial=11;start_type=Edge;rbs_motif=None;rbs_spacer=None;gc_cont=0.455
NODE_1577_length_1553_cov_558.993902_1  -            517 66811at2157          -            315   1.2e-15   57.7   2.8   2   3     0.032        84    2.4   0.0    53    68   348   363   345   372 0.83 # 3 # 1553 # -1 # ID=1577_1;partial=11;start_type=Edge;rbs_motif=None;rbs_spacer=None;gc_cont=0.455
NODE_1577_length_1553_cov_558.993902_1  -            517 66811at2157          -            315   1.2e-15   57.7   2.8   3   3   2.8e-06    0.0074   15.7   0.2   201   245   430   474   418   482 0.90 # 3 # 1553 # -1 # ID=1577_1;partial=11;start_type=Edge;rbs_motif=None;rbs_spacer=None;gc_cont=0.455
NODE_412_length_11180_cov_101.438260_4  -           1354 66811at2157          -            315   6.3e-12   45.5   1.9   1   5       1.6   4.3e+03   -3.3   0.0   220   236   845   862   829   865 0.83 # 2744 # 6805 # -1 # ID=412_4;partial=00;start_type=ATG;rbs_motif=None;rbs_spacer=None;gc_cont=0.434
NODE_412_length_11180_cov_101.438260_4  -           1354 66811at2157          -            315   6.3e-12   45.5   1.9   2   5   2.2e-05     0.058   12.7   0.0    16    43   886   913   878   914 0.90 # 2744 # 6805 # -1 # ID=412_4;partial=00;start_type=ATG;rbs_motif=None;rbs_spacer=None;gc_cont=0.434
NODE_412_length_11180_cov_101.438260_4  -           1354 66811at2157          -            315   6.3e-12   45.5   1.9   3   5     0.074   1.9e+02    1.2   0.0    56    69  1117  1130  1114  1142 0.81 # 2744 # 6805 # -1 # ID=412_4;partial=00;start_type=ATG;rbs_motif=None;rbs_spacer=None;gc_cont=0.434
NODE_412_length_11180_cov_101.438260_4  -           1354 66811at2157          -            315   6.3e-12   45.5   1.9   4   5      0.04   1.1e+02    2.0   0.1   204   245  1199  1240  1189  1250 0.79 # 2744 # 6805 # -1 # ID=412_4;partial=00;start_type=ATG;rbs_motif=None;rbs_spacer=None;gc_cont=0.434
NODE_412_length_11180_cov_101.438260_4  -           1354 66811at2157          -            315   6.3e-12   45.5   1.9   5   5   5.9e-09   1.6e-05   24.5   0.0   263   310  1299  1346  1288  1349 0.92 # 2744 # 6805 # -1 # ID=412_4;partial=00;start_type=ATG;rbs_motif=None;rbs_spacer=None;gc_cont=0.434
NODE_5487_length_249_cov_2.011628_1     -             82 66811at2157          -            315   3.9e-11   42.9   0.0   1   1   2.4e-14   6.4e-11   42.2   0.0    14    50    45    81    36    82 0.92 # 2 # 247 # 1 # ID=5487_1;partial=11;start_type=Edge;rbs_motif=None;rbs_spacer=None;gc_cont=0.394
NODE_3217_length_406_cov_1.583587_1     -            134 66811at2157          -            315     3e-10   39.9   0.0   1   1   1.9e-13   5.1e-10   39.2   0.0    14    50    15    51     8    55 0.91 # 3 # 404 # 1 # ID=3217_1;partial=11;start_type=Edge;rbs_motif=None;rbs_spacer=None;gc_cont=0.351
NODE_107_length_25934_cov_131.105967_25 -            116 66811at2157          -            315   6.3e-09   35.6   0.0   1   1   3.1e-12   8.1e-09   35.2   0.0   263   310    38    85    23    88 0.90 # 25587 # 25934 # -1 # ID=107_25;partial=01;start_type=Edge;rbs_motif=None;rbs_spacer=None;gc_cont=0.494
NODE_464_length_10014_cov_279.995069_1  -            116 66811at2157          -            315   6.3e-09   35.6   0.0   1   1   3.1e-12   8.1e-09   35.2   0.0   263   310    38    85    23    88 0.90 # 1 # 348 # 1 # ID=464_1;partial=10;start_type=Edge;rbs_motif=None;rbs_spacer=None;gc_cont=0.497
NODE_550_length_8418_cov_164.790673_11  -            317 66811at2157          -            315   0.00021   20.7   6.8   1   3    0.0083        22    4.3   0.1    88   174    12    97     6   100 0.81 # 7467 # 8417 # 1 # ID=550_11;partial=01;start_type=ATG;rbs_motif=GGA/GAG/AGG;rbs_spacer=5-10bp;gc_cont=0.511
NODE_550_length_8418_cov_164.790673_11  -            317 66811at2157          -            315   0.00021   20.7   6.8   2   3   2.5e-05     0.067   12.5   0.1    85   178   101   193    93   199 0.90 # 7467 # 8417 # 1 # ID=550_11;partial=01;start_type=ATG;rbs_motif=GGA/GAG/AGG;rbs_spacer=5-10bp;gc_cont=0.511
NODE_550_length_8418_cov_164.790673_11  -            317 66811at2157          -            315   0.00021   20.7   6.8   3   3    0.0012       3.1    7.1   0.4    91   174   199   281   193   287 0.87 # 7467 # 8417 # 1 # ID=550_11;partial=01;start_type=ATG;rbs_motif=GGA/GAG/AGG;rbs_spacer=5-10bp;gc_cont=0.511
#
# Program:         hmmsearch
# Version:         3.1b2 (February 2015)
# Pipeline mode:   SEARCH
# Query file:      /home/mira/Bacteria2022/Thiomargarita_magnifica/qc_assembly/busco_trimmed/busco_downloads/lineages/archaea_odb10/hmms/66811at2157.hmm
# Target file:     /home/mira/Bacteria2022/Thiomargarita_magnifica/qc_assembly/busco_trimmed/busco_trimmed/prodigal_output/predicted_genes/predicted.faa
# Option settings: hmmsearch --domtblout /home/mira/Bacteria2022/Thiomargarita_magnifica/qc_assembly/busco_trimmed/busco_trimmed/auto_lineage/run_archaea_odb10/hmmer_output/66811at2157.out --cpu 1 /home/mira/Bacteria2022/Thiomargarita_magnifica/qc_assembly/busco_trimmed/busco_downloads/lineages/archaea_odb10/hmms/66811at2157.hmm /home/mira/Bacteria2022/Thiomargarita_magnifica/qc_assembly/busco_trimmed/busco_trimmed/prodigal_output/predicted_genes/predicted.faa 
# Current dir:     /home/mira/Bacteria2022/Thiomargarita_magnifica/qc_assembly/busco_trimmed
# Date:            Tue Jul 12 13:34:23 2022
# [ok]
