#                                                                                              --- full sequence --- -------------- this domain -------------   hmm coord   ali coord   env coord
# target name                          accession   tlen query name           accession   qlen   E-value  score  bias   #  of  c-Evalue  i-Evalue  score  bias  from    to  from    to  from    to  acc description of target
#                  ------------------- ---------- ----- -------------------- ---------- ----- --------- ------ ----- --- --- --------- --------- ------ ----- ----- ----- ----- ----- ----- ----- ---- ---------------------
NODE_308_length_14327_cov_70.160772_18 -            574 7046at2157           -            457   3.5e-57  194.2   8.5   1   3      0.31   9.3e+02   -1.7   0.0    37    67    56    92    23    99 0.54 # 12210 # 13931 # -1 # ID=308_18;partial=00;start_type=TTG;rbs_motif=GGA/GAG/AGG;rbs_spacer=5-10bp;gc_cont=0.454
NODE_308_length_14327_cov_70.160772_18 -            574 7046at2157           -            457   3.5e-57  194.2   8.5   2   3   1.5e-24   4.5e-21   75.1   0.0    69   129   113   173   103   177 0.93 # 12210 # 13931 # -1 # ID=308_18;partial=00;start_type=TTG;rbs_motif=GGA/GAG/AGG;rbs_spacer=5-10bp;gc_cont=0.454
NODE_308_length_14327_cov_70.160772_18 -            574 7046at2157           -            457   3.5e-57  194.2   8.5   3   3   3.6e-33   1.1e-29  103.5   6.5   146   457   231   573   218   573 0.78 # 12210 # 13931 # -1 # ID=308_18;partial=00;start_type=TTG;rbs_motif=GGA/GAG/AGG;rbs_spacer=5-10bp;gc_cont=0.454
NODE_529_length_8775_cov_8.020579_7    -            530 7046at2157           -            457   1.8e-52  178.6   4.4   1   3    0.0012       3.7    6.2   0.0    17    66    22    82     5    92 0.62 # 4527 # 6116 # -1 # ID=529_7;partial=00;start_type=ATG;rbs_motif=GGA/GAG/AGG;rbs_spacer=5-10bp;gc_cont=0.315
NODE_529_length_8775_cov_8.020579_7    -            530 7046at2157           -            457   1.8e-52  178.6   4.4   2   3   1.2e-39   3.7e-36  124.9   0.2    69   295   103   370    97   373 0.81 # 4527 # 6116 # -1 # ID=529_7;partial=00;start_type=ATG;rbs_motif=GGA/GAG/AGG;rbs_spacer=5-10bp;gc_cont=0.315
NODE_529_length_8775_cov_8.020579_7    -            530 7046at2157           -            457   1.8e-52  178.6   4.4   3   3   3.1e-15   9.2e-12   44.4   0.1   318   457   372   529   369   529 0.83 # 4527 # 6116 # -1 # ID=529_7;partial=00;start_type=ATG;rbs_motif=GGA/GAG/AGG;rbs_spacer=5-10bp;gc_cont=0.315
NODE_52_length_34738_cov_67.714319_30  -            810 7046at2157           -            457   6.6e-05   21.8   0.1   1   1   3.9e-08   0.00012   21.0   0.1    81   110    44    73    42    76 0.94 # 32083 # 34512 # -1 # ID=52_30;partial=00;start_type=ATG;rbs_motif=None;rbs_spacer=None;gc_cont=0.487
NODE_860_length_4668_cov_3.670224_2    -            821 7046at2157           -            457   0.00012   21.0   0.2   1   1     8e-08   0.00024   20.0   0.2    81   110    43    72    41    75 0.94 # 189 # 2651 # -1 # ID=860_2;partial=00;start_type=ATG;rbs_motif=AGGA;rbs_spacer=5-10bp;gc_cont=0.323
NODE_414_length_11154_cov_10.870091_2  -            467 7046at2157           -            457    0.0009   18.1   1.2   1   2   1.7e-05     0.052   12.3   0.3    86   112    39    65    35   157 0.86 # 1344 # 2744 # 1 # ID=414_2;partial=00;start_type=ATG;rbs_motif=4Base/6BMM;rbs_spacer=13-15bp;gc_cont=0.298
NODE_414_length_11154_cov_10.870091_2  -            467 7046at2157           -            457    0.0009   18.1   1.2   2   2    0.0059        18    3.9   0.0   256   315   241   301   233   321 0.81 # 1344 # 2744 # 1 # ID=414_2;partial=00;start_type=ATG;rbs_motif=4Base/6BMM;rbs_spacer=13-15bp;gc_cont=0.298
NODE_1148_length_2817_cov_4.105474_2   -            649 7046at2157           -            457     0.019   13.7   1.7   1   2   2.6e-05     0.078   11.7   0.7    85   110    21    46    17   117 0.86 # 428 # 2374 # 1 # ID=1148_2;partial=00;start_type=ATG;rbs_motif=AGGA;rbs_spacer=5-10bp;gc_cont=0.334
NODE_1148_length_2817_cov_4.105474_2   -            649 7046at2157           -            457     0.019   13.7   1.7   2   2      0.46   1.4e+03   -2.3   0.0   376   420   441   486   435   495 0.60 # 428 # 2374 # 1 # ID=1148_2;partial=00;start_type=ATG;rbs_motif=AGGA;rbs_spacer=5-10bp;gc_cont=0.334
NODE_93_length_27268_cov_101.850649_27 -            458 7046at2157           -            457     0.092   11.5   0.8   1   1     6e-05      0.18   10.5   0.8    86   112    37    63    34    82 0.87 # 25143 # 26516 # -1 # ID=93_27;partial=00;start_type=ATG;rbs_motif=GGA/GAG/AGG;rbs_spacer=5-10bp;gc_cont=0.476
#
# Program:         hmmsearch
# Version:         3.1b2 (February 2015)
# Pipeline mode:   SEARCH
# Query file:      /home/mira/Bacteria2022/Thiomargarita_magnifica/qc_assembly/busco_trimmed/busco_downloads/lineages/archaea_odb10/hmms/7046at2157.hmm
# Target file:     /home/mira/Bacteria2022/Thiomargarita_magnifica/qc_assembly/busco_trimmed/busco_trimmed/prodigal_output/predicted_genes/predicted.faa
# Option settings: hmmsearch --domtblout /home/mira/Bacteria2022/Thiomargarita_magnifica/qc_assembly/busco_trimmed/busco_trimmed/auto_lineage/run_archaea_odb10/hmmer_output/7046at2157.out --cpu 1 /home/mira/Bacteria2022/Thiomargarita_magnifica/qc_assembly/busco_trimmed/busco_downloads/lineages/archaea_odb10/hmms/7046at2157.hmm /home/mira/Bacteria2022/Thiomargarita_magnifica/qc_assembly/busco_trimmed/busco_trimmed/prodigal_output/predicted_genes/predicted.faa 
# Current dir:     /home/mira/Bacteria2022/Thiomargarita_magnifica/qc_assembly/busco_trimmed
# Date:            Tue Jul 12 13:34:23 2022
# [ok]
