#                                                                                              --- full sequence --- -------------- this domain -------------   hmm coord   ali coord   env coord
# target name                          accession   tlen query name           accession   qlen   E-value  score  bias   #  of  c-Evalue  i-Evalue  score  bias  from    to  from    to  from    to  acc description of target
#                  ------------------- ---------- ----- -------------------- ---------- ----- --------- ------ ----- --- --- --------- --------- ------ ----- ----- ----- ----- ----- ----- ----- ---- ---------------------
NODE_4299_length_284_cov_60.468599_1   -             94 75288at2157          -            149    0.0031   16.8   0.1   1   2     1e-05     0.019   14.2   0.0    24    56    18    50     4    56 0.88 # 3 # 284 # -1 # ID=4299_1;partial=11;start_type=Edge;rbs_motif=None;rbs_spacer=None;gc_cont=0.418
NODE_4299_length_284_cov_60.468599_1   -             94 75288at2157          -            149    0.0031   16.8   0.1   2   2      0.14   2.8e+02    0.7   0.0     3    25    62    84    60    92 0.72 # 3 # 284 # -1 # ID=4299_1;partial=11;start_type=Edge;rbs_motif=None;rbs_spacer=None;gc_cont=0.418
NODE_4022_length_305_cov_87.105263_1   -            101 75288at2157          -            149    0.0037   16.6   0.1   1   2   1.1e-05     0.021   14.1   0.0    24    56    25    57     9    63 0.88 # 3 # 305 # -1 # ID=4022_1;partial=11;start_type=Edge;rbs_motif=None;rbs_spacer=None;gc_cont=0.399
NODE_4022_length_305_cov_87.105263_1   -            101 75288at2157          -            149    0.0037   16.6   0.1   2   2      0.16   3.2e+02    0.6   0.0     3    25    69    91    67    99 0.72 # 3 # 305 # -1 # ID=4022_1;partial=11;start_type=Edge;rbs_motif=None;rbs_spacer=None;gc_cont=0.399
NODE_7_length_69274_cov_106.351663_61  -            287 75288at2157          -            149    0.0079   15.5   0.0   1   2   1.6e-05      0.03   13.6   0.0    25    56   194   225   178   230 0.89 # 67981 # 68841 # -1 # ID=7_61;partial=00;start_type=ATG;rbs_motif=GGA/GAG/AGG;rbs_spacer=5-10bp;gc_cont=0.417
NODE_7_length_69274_cov_106.351663_61  -            287 75288at2157          -            149    0.0079   15.5   0.0   2   2      0.75   1.4e+03   -1.6   0.0     3    20   237   254   235   278 0.64 # 67981 # 68841 # -1 # ID=7_61;partial=00;start_type=ATG;rbs_motif=GGA/GAG/AGG;rbs_spacer=5-10bp;gc_cont=0.417
NODE_2525_length_575_cov_136.279116_1  -             45 75288at2157          -            149     0.023   14.0   0.0   1   1   1.2e-05     0.024   13.9   0.0    41    65    17    41     6    43 0.89 # 91 # 225 # 1 # ID=2525_1;partial=00;start_type=ATG;rbs_motif=GGA/GAG/AGG;rbs_spacer=11-12bp;gc_cont=0.311
NODE_1177_length_2686_cov_6.088156_2   -            415 75288at2157          -            149     0.045   13.0   0.1   1   1   4.6e-05     0.088   12.1   0.1    57    88   102   133    98   165 0.80 # 1442 # 2686 # -1 # ID=1177_2;partial=01;start_type=Edge;rbs_motif=None;rbs_spacer=None;gc_cont=0.285
NODE_5657_length_245_cov_1.761905_1    -             56 75288at2157          -            149      0.06   12.6   0.7   1   1   3.8e-05     0.073   12.4   0.7    94   133     5    51     1    55 0.80 # 3 # 170 # 1 # ID=5657_1;partial=10;start_type=Edge;rbs_motif=None;rbs_spacer=None;gc_cont=0.345
NODE_2225_length_731_cov_1.353211_2    -             60 75288at2157          -            149     0.081   12.2   1.3   1   2     0.016        31    3.8   0.1   117   126     8    17     5    22 0.86 # 467 # 646 # -1 # ID=2225_2;partial=00;start_type=ATG;rbs_motif=AGxAG;rbs_spacer=5-10bp;gc_cont=0.261
NODE_2225_length_731_cov_1.353211_2    -             60 75288at2157          -            149     0.081   12.2   1.3   2   2   0.00081       1.6    8.0   0.1   119   133    35    49    28    59 0.74 # 467 # 646 # -1 # ID=2225_2;partial=00;start_type=ATG;rbs_motif=AGxAG;rbs_spacer=5-10bp;gc_cont=0.261
NODE_5884_length_239_cov_1236.327160_1 -             79 75288at2157          -            149     0.081   12.2   0.2   1   2   8.9e-05      0.17   11.2   0.0   118   142     8    32     4    36 0.86 # 1 # 237 # -1 # ID=5884_1;partial=11;start_type=Edge;rbs_motif=None;rbs_spacer=None;gc_cont=0.422
NODE_5884_length_239_cov_1236.327160_1 -             79 75288at2157          -            149     0.081   12.2   0.2   2   2      0.83   1.6e+03   -1.7   0.1    87    99    54    66    44    72 0.44 # 1 # 237 # -1 # ID=5884_1;partial=11;start_type=Edge;rbs_motif=None;rbs_spacer=None;gc_cont=0.422
NODE_126_length_24455_cov_61.893305_18 -             93 75288at2157          -            149      0.19   11.0   1.6   1   2     0.042        80    2.5   0.1   120   133     3    16     1    22 0.86 # 20852 # 21130 # 1 # ID=126_18;partial=00;start_type=ATG;rbs_motif=GGAG/GAGG;rbs_spacer=5-10bp;gc_cont=0.523
NODE_126_length_24455_cov_61.893305_18 -             93 75288at2157          -            149      0.19   11.0   1.6   2   2   0.00077       1.5    8.1   0.2   119   139    23    43    19    54 0.78 # 20852 # 21130 # 1 # ID=126_18;partial=00;start_type=ATG;rbs_motif=GGAG/GAGG;rbs_spacer=5-10bp;gc_cont=0.523
NODE_4_length_93320_cov_88.288558_32   -            251 75288at2157          -            149      0.19   11.0   0.0   1   1   0.00015      0.28   10.4   0.0    77   126   200   249   198   250 0.87 # 30127 # 30879 # -1 # ID=4_32;partial=00;start_type=TTG;rbs_motif=None;rbs_spacer=None;gc_cont=0.406
NODE_9404_length_109_cov_239.937500_1  -             36 75288at2157          -            149      0.21   10.9   0.1   1   1   0.00012      0.24   10.7   0.1    30    59     3    32     2    35 0.88 # 2 # 109 # -1 # ID=9404_1;partial=11;start_type=Edge;rbs_motif=None;rbs_spacer=None;gc_cont=0.361
#
# Program:         hmmsearch
# Version:         3.1b2 (February 2015)
# Pipeline mode:   SEARCH
# Query file:      /home/mira/Bacteria2022/Thiomargarita_magnifica/qc_assembly/busco_trimmed/busco_downloads/lineages/archaea_odb10/hmms/75288at2157.hmm
# Target file:     /home/mira/Bacteria2022/Thiomargarita_magnifica/qc_assembly/busco_trimmed/busco_trimmed/prodigal_output/predicted_genes/predicted.faa
# Option settings: hmmsearch --domtblout /home/mira/Bacteria2022/Thiomargarita_magnifica/qc_assembly/busco_trimmed/busco_trimmed/auto_lineage/run_archaea_odb10/hmmer_output/75288at2157.out --cpu 1 /home/mira/Bacteria2022/Thiomargarita_magnifica/qc_assembly/busco_trimmed/busco_downloads/lineages/archaea_odb10/hmms/75288at2157.hmm /home/mira/Bacteria2022/Thiomargarita_magnifica/qc_assembly/busco_trimmed/busco_trimmed/prodigal_output/predicted_genes/predicted.faa 
# Current dir:     /home/mira/Bacteria2022/Thiomargarita_magnifica/qc_assembly/busco_trimmed
# Date:            Tue Jul 12 13:34:23 2022
# [ok]
