#                                                                                             --- full sequence --- -------------- this domain -------------   hmm coord   ali coord   env coord
# target name                         accession   tlen query name           accession   qlen   E-value  score  bias   #  of  c-Evalue  i-Evalue  score  bias  from    to  from    to  from    to  acc description of target
#                 ------------------- ---------- ----- -------------------- ---------- ----- --------- ------ ----- --- --- --------- --------- ------ ----- ----- ----- ----- ----- ----- ----- ---- ---------------------
NODE_382_length_11795_cov_72.464243_1 -            306 7724at2157           -            349   3.2e-07   29.7   0.0   1   1   1.8e-10   5.3e-07   29.0   0.0   106   214   109   239    79   254 0.75 # 113 # 1030 # -1 # ID=382_1;partial=00;start_type=ATG;rbs_motif=GGA/GAG/AGG;rbs_spacer=5-10bp;gc_cont=0.468
NODE_542_length_8534_cov_5.967364_5   -            332 7724at2157           -            349   4.3e-06   26.1   0.0   1   1   2.3e-09     7e-06   25.4   0.0   135   217   176   273   173   327 0.79 # 3280 # 4275 # 1 # ID=542_5;partial=00;start_type=TTG;rbs_motif=AGGA;rbs_spacer=5-10bp;gc_cont=0.287
NODE_504_length_9224_cov_5.030392_3   -            223 7724at2157           -            349   0.00075   18.7   0.0   1   2   0.00048       1.4    7.9   0.0    14    49    23    58    17    68 0.83 # 347 # 1015 # -1 # ID=504_3;partial=00;start_type=ATG;rbs_motif=GGA/GAG/AGG;rbs_spacer=5-10bp;gc_cont=0.303
NODE_504_length_9224_cov_5.030392_3   -            223 7724at2157           -            349   0.00075   18.7   0.0   2   2   0.00024      0.72    8.9   0.0   134   179   130   176   114   190 0.85 # 347 # 1015 # -1 # ID=504_3;partial=00;start_type=ATG;rbs_motif=GGA/GAG/AGG;rbs_spacer=5-10bp;gc_cont=0.303
NODE_473_length_9914_cov_6.950493_6   -            353 7724at2157           -            349     0.002   17.3   0.0   1   1   9.7e-07    0.0029   16.7   0.0    96   197    74   179     9   198 0.75 # 3824 # 4882 # 1 # ID=473_6;partial=00;start_type=TTG;rbs_motif=AGGA;rbs_spacer=5-10bp;gc_cont=0.280
NODE_3536_length_361_cov_1.302817_1   -            120 7724at2157           -            349    0.0084   15.2   0.0   1   1   2.8e-06    0.0084   15.2   0.0   120   182    24    89    10   120 0.79 # 2 # 361 # 1 # ID=3536_1;partial=11;start_type=Edge;rbs_motif=None;rbs_spacer=None;gc_cont=0.339
NODE_578_length_7922_cov_126.481963_7 -            377 7724at2157           -            349     0.014   14.5   0.0   1   1   6.9e-06     0.021   13.9   0.0   120   180   107   173    96   188 0.84 # 6474 # 7604 # 1 # ID=578_7;partial=00;start_type=ATG;rbs_motif=None;rbs_spacer=None;gc_cont=0.443
NODE_1220_length_2535_cov_74.659886_1 -            477 7724at2157           -            349      0.21   10.6   0.0   1   1   0.00011      0.33   10.0   0.0   119   178   282   347   253   354 0.74 # 490 # 1920 # -1 # ID=1220_1;partial=00;start_type=ATG;rbs_motif=AGGA;rbs_spacer=5-10bp;gc_cont=0.445
#
# Program:         hmmsearch
# Version:         3.1b2 (February 2015)
# Pipeline mode:   SEARCH
# Query file:      /home/mira/Bacteria2022/Thiomargarita_magnifica/qc_assembly/busco_trimmed/busco_downloads/lineages/archaea_odb10/hmms/7724at2157.hmm
# Target file:     /home/mira/Bacteria2022/Thiomargarita_magnifica/qc_assembly/busco_trimmed/busco_trimmed/prodigal_output/predicted_genes/predicted.faa
# Option settings: hmmsearch --domtblout /home/mira/Bacteria2022/Thiomargarita_magnifica/qc_assembly/busco_trimmed/busco_trimmed/auto_lineage/run_archaea_odb10/hmmer_output/7724at2157.out --cpu 1 /home/mira/Bacteria2022/Thiomargarita_magnifica/qc_assembly/busco_trimmed/busco_downloads/lineages/archaea_odb10/hmms/7724at2157.hmm /home/mira/Bacteria2022/Thiomargarita_magnifica/qc_assembly/busco_trimmed/busco_trimmed/prodigal_output/predicted_genes/predicted.faa 
# Current dir:     /home/mira/Bacteria2022/Thiomargarita_magnifica/qc_assembly/busco_trimmed
# Date:            Tue Jul 12 13:34:23 2022
# [ok]
