#                                                                                               --- full sequence --- -------------- this domain -------------   hmm coord   ali coord   env coord
# target name                           accession   tlen query name           accession   qlen   E-value  score  bias   #  of  c-Evalue  i-Evalue  score  bias  from    to  from    to  from    to  acc description of target
#                   ------------------- ---------- ----- -------------------- ---------- ----- --------- ------ ----- --- --- --------- --------- ------ ----- ----- ----- ----- ----- ----- ----- ---- ---------------------
NODE_139_length_23326_cov_112.356230_14 -            471 79845at2157          -            145   6.6e-29  100.9   0.0   1   2       3.4   8.9e+03   -3.3   0.0    99   121    77    99    56   113 0.68 # 15263 # 16675 # -1 # ID=139_14;partial=00;start_type=ATG;rbs_motif=None;rbs_spacer=None;gc_cont=0.482
NODE_139_length_23326_cov_112.356230_14 -            471 79845at2157          -            145   6.6e-29  100.9   0.0   2   2   7.3e-32   1.9e-28   99.4   0.0     4   114   337   448   334   468 0.90 # 15263 # 16675 # -1 # ID=139_14;partial=00;start_type=ATG;rbs_motif=None;rbs_spacer=None;gc_cont=0.482
NODE_241_length_16665_cov_6.152339_2    -            479 79845at2157          -            145   2.1e-28   99.3   0.6   1   2      0.99   2.6e+03   -1.6   0.1    47   126   100   120    80   143 0.49 # 903 # 2339 # 1 # ID=241_2;partial=00;start_type=ATG;rbs_motif=GGA/GAG/AGG;rbs_spacer=5-10bp;gc_cont=0.313
NODE_241_length_16665_cov_6.152339_2    -            479 79845at2157          -            145   2.1e-28   99.3   0.6   2   2   2.4e-31   6.3e-28   97.7   0.0     3   102   342   442   339   476 0.91 # 903 # 2339 # 1 # ID=241_2;partial=00;start_type=ATG;rbs_motif=GGA/GAG/AGG;rbs_spacer=5-10bp;gc_cont=0.313
NODE_1896_length_1061_cov_1.442073_2    -            121 79845at2157          -            145   7.1e-16   58.6   0.1   1   1   3.1e-19   8.2e-16   58.4   0.1     4   111     3   108     1   116 0.87 # 690 # 1052 # 1 # ID=1896_2;partial=00;start_type=ATG;rbs_motif=GGAG/GAGG;rbs_spacer=5-10bp;gc_cont=0.344
NODE_6066_length_235_cov_0.936709_1     -             77 79845at2157          -            145   9.1e-07   29.1   0.0   1   1   3.6e-10   9.4e-07   29.1   0.0    58   102     1    45     1    75 0.88 # 4 # 234 # -1 # ID=6066_1;partial=01;start_type=Edge;rbs_motif=None;rbs_spacer=None;gc_cont=0.355
NODE_461_length_10110_cov_5.829662_8    -            163 79845at2157          -            145   8.7e-05   22.7   0.0   1   1     6e-08   0.00016   21.8   0.0     3    63     4    58     1    68 0.84 # 6150 # 6638 # 1 # ID=461_8;partial=00;start_type=TTG;rbs_motif=AGGAG;rbs_spacer=5-10bp;gc_cont=0.335
NODE_18_length_54299_cov_99.117148_23   -            171 79845at2157          -            145    0.0014   18.7   0.0   1   1   8.7e-07    0.0023   18.1   0.0     4    42    14    52    11   108 0.78 # 26482 # 26994 # 1 # ID=18_23;partial=00;start_type=ATG;rbs_motif=None;rbs_spacer=None;gc_cont=0.450
NODE_348_length_12917_cov_105.125545_3  -            123 79845at2157          -            145     0.033   14.3   0.0   1   1   1.8e-05     0.048   13.8   0.0    76   123    52   101    42   116 0.88 # 4918 # 5286 # 1 # ID=348_3;partial=00;start_type=ATG;rbs_motif=AGGA;rbs_spacer=5-10bp;gc_cont=0.431
NODE_143_length_22907_cov_96.905300_17  -            216 79845at2157          -            145      0.13   12.3   0.2   1   1    0.0001      0.27   11.3   0.2     8    64    10    64     5    78 0.77 # 11690 # 12337 # -1 # ID=143_17;partial=00;start_type=ATG;rbs_motif=3Base/5BMM;rbs_spacer=13-15bp;gc_cont=0.463
#
# Program:         hmmsearch
# Version:         3.1b2 (February 2015)
# Pipeline mode:   SEARCH
# Query file:      /home/mira/Bacteria2022/Thiomargarita_magnifica/qc_assembly/busco_trimmed/busco_downloads/lineages/archaea_odb10/hmms/79845at2157.hmm
# Target file:     /home/mira/Bacteria2022/Thiomargarita_magnifica/qc_assembly/busco_trimmed/busco_trimmed/prodigal_output/predicted_genes/predicted.faa
# Option settings: hmmsearch --domtblout /home/mira/Bacteria2022/Thiomargarita_magnifica/qc_assembly/busco_trimmed/busco_trimmed/auto_lineage/run_archaea_odb10/hmmer_output/79845at2157.out --cpu 1 /home/mira/Bacteria2022/Thiomargarita_magnifica/qc_assembly/busco_trimmed/busco_downloads/lineages/archaea_odb10/hmms/79845at2157.hmm /home/mira/Bacteria2022/Thiomargarita_magnifica/qc_assembly/busco_trimmed/busco_trimmed/prodigal_output/predicted_genes/predicted.faa 
# Current dir:     /home/mira/Bacteria2022/Thiomargarita_magnifica/qc_assembly/busco_trimmed
# Date:            Tue Jul 12 13:34:23 2022
# [ok]
