#                                                                                              --- full sequence --- -------------- this domain -------------   hmm coord   ali coord   env coord
# target name                          accession   tlen query name           accession   qlen   E-value  score  bias   #  of  c-Evalue  i-Evalue  score  bias  from    to  from    to  from    to  acc description of target
#                  ------------------- ---------- ----- -------------------- ---------- ----- --------- ------ ----- --- --- --------- --------- ------ ----- ----- ----- ----- ----- ----- ----- ---- ---------------------
NODE_1165_length_2745_cov_99.964768_1  -            565 8922at2157           -            405   1.8e-57  195.3   1.0   1   2   3.8e-60   1.1e-56  192.7   0.1    66   345    23   352     3   369 0.81 # 467 # 2161 # 1 # ID=1165_1;partial=00;start_type=ATG;rbs_motif=GGA/GAG/AGG;rbs_spacer=5-10bp;gc_cont=0.422
NODE_1165_length_2745_cov_99.964768_1  -            565 8922at2157           -            405   1.8e-57  195.3   1.0   2   2       1.2   3.6e+03   -3.3   0.1   383   399   520   536   518   537 0.82 # 467 # 2161 # 1 # ID=1165_1;partial=00;start_type=ATG;rbs_motif=GGA/GAG/AGG;rbs_spacer=5-10bp;gc_cont=0.422
NODE_387_length_11691_cov_5.664715_12  -            747 8922at2157           -            405   1.1e-50  172.9   0.1   1   2   5.1e-53   1.5e-49  169.2   0.0    69   346    19   346     4   357 0.80 # 9450 # 11690 # 1 # ID=387_12;partial=01;start_type=ATG;rbs_motif=GGA/GAG/AGG;rbs_spacer=5-10bp;gc_cont=0.321
NODE_387_length_11691_cov_5.664715_12  -            747 8922at2157           -            405   1.1e-50  172.9   0.1   2   2         2     6e+03   -4.0   0.0   382   398   506   522   505   527 0.80 # 9450 # 11690 # 1 # ID=387_12;partial=01;start_type=ATG;rbs_motif=GGA/GAG/AGG;rbs_spacer=5-10bp;gc_cont=0.321
NODE_677_length_6524_cov_4.856833_5    -            473 8922at2157           -            405   6.2e-31  107.9   0.4   1   2   1.6e-20   4.8e-17   62.2   0.1    75   172     3   115     1   124 0.82 # 2390 # 3808 # -1 # ID=677_5;partial=00;start_type=ATG;rbs_motif=AGGAG;rbs_spacer=5-10bp;gc_cont=0.314
NODE_677_length_6524_cov_4.856833_5    -            473 8922at2157           -            405   6.2e-31  107.9   0.4   2   2   1.2e-14   3.7e-11   42.8   0.0   217   324   182   284   159   301 0.84 # 2390 # 3808 # -1 # ID=677_5;partial=00;start_type=ATG;rbs_motif=AGGAG;rbs_spacer=5-10bp;gc_cont=0.314
NODE_166_length_20702_cov_98.868848_12 -            464 8922at2157           -            405   2.9e-26   92.5   0.2   1   2   3.3e-20     1e-16   61.1   0.0    73   171     2   115     1   125 0.82 # 8949 # 10340 # -1 # ID=166_12;partial=00;start_type=ATG;rbs_motif=None;rbs_spacer=None;gc_cont=0.465
NODE_166_length_20702_cov_98.868848_12 -            464 8922at2157           -            405   2.9e-26   92.5   0.2   2   2   2.7e-10   8.1e-07   28.5   0.0   217   262   179   227   177   290 0.80 # 8949 # 10340 # -1 # ID=166_12;partial=00;start_type=ATG;rbs_motif=None;rbs_spacer=None;gc_cont=0.465
NODE_5099_length_259_cov_1.626374_1    -             86 8922at2157           -            405   5.9e-13   48.7   0.0   1   1   2.1e-16   6.2e-13   48.6   0.0   281   346     3    68     1    78 0.94 # 2 # 259 # -1 # ID=5099_1;partial=11;start_type=Edge;rbs_motif=None;rbs_spacer=None;gc_cont=0.554
NODE_1248_length_2436_cov_3.259432_1   -            422 8922at2157           -            405   1.9e-08   33.9   0.9   1   2   1.2e-05     0.037   13.2   0.0    96   168    33   105    22   121 0.87 # 29 # 1294 # 1 # ID=1248_1;partial=00;start_type=ATG;rbs_motif=AGGA;rbs_spacer=5-10bp;gc_cont=0.270
NODE_1248_length_2436_cov_3.259432_1   -            422 8922at2157           -            405   1.9e-08   33.9   0.9   2   2   4.8e-07    0.0015   17.8   0.1   217   373   176   337   170   347 0.72 # 29 # 1294 # 1 # ID=1248_1;partial=00;start_type=ATG;rbs_motif=AGGA;rbs_spacer=5-10bp;gc_cont=0.270
NODE_529_length_8775_cov_8.020579_7    -            530 8922at2157           -            405     0.076   12.1   0.1   1   2    0.0001       0.3   10.2   0.0    79    95   112   128    97   131 0.87 # 4527 # 6116 # -1 # ID=529_7;partial=00;start_type=ATG;rbs_motif=GGA/GAG/AGG;rbs_spacer=5-10bp;gc_cont=0.315
NODE_529_length_8775_cov_8.020579_7    -            530 8922at2157           -            405     0.076   12.1   0.1   2   2      0.41   1.2e+03   -1.7   0.1   112   152   221   260   218   271 0.76 # 4527 # 6116 # -1 # ID=529_7;partial=00;start_type=ATG;rbs_motif=GGA/GAG/AGG;rbs_spacer=5-10bp;gc_cont=0.315
#
# Program:         hmmsearch
# Version:         3.1b2 (February 2015)
# Pipeline mode:   SEARCH
# Query file:      /home/mira/Bacteria2022/Thiomargarita_magnifica/qc_assembly/busco_trimmed/busco_downloads/lineages/archaea_odb10/hmms/8922at2157.hmm
# Target file:     /home/mira/Bacteria2022/Thiomargarita_magnifica/qc_assembly/busco_trimmed/busco_trimmed/prodigal_output/predicted_genes/predicted.faa
# Option settings: hmmsearch --domtblout /home/mira/Bacteria2022/Thiomargarita_magnifica/qc_assembly/busco_trimmed/busco_trimmed/auto_lineage/run_archaea_odb10/hmmer_output/8922at2157.out --cpu 1 /home/mira/Bacteria2022/Thiomargarita_magnifica/qc_assembly/busco_trimmed/busco_downloads/lineages/archaea_odb10/hmms/8922at2157.hmm /home/mira/Bacteria2022/Thiomargarita_magnifica/qc_assembly/busco_trimmed/busco_trimmed/prodigal_output/predicted_genes/predicted.faa 
# Current dir:     /home/mira/Bacteria2022/Thiomargarita_magnifica/qc_assembly/busco_trimmed
# Date:            Tue Jul 12 13:34:24 2022
# [ok]
