#                                                                                              --- full sequence --- -------------- this domain -------------   hmm coord   ali coord   env coord
# target name                          accession   tlen query name           accession   qlen   E-value  score  bias   #  of  c-Evalue  i-Evalue  score  bias  from    to  from    to  from    to  acc description of target
#                  ------------------- ---------- ----- -------------------- ---------- ----- --------- ------ ----- --- --- --------- --------- ------ ----- ----- ----- ----- ----- ----- ----- ---- ---------------------
NODE_1263_length_2372_cov_123.142048_2 -            118 89321at2157          -            172     0.019   14.9   1.4   1   1   9.3e-06     0.025   14.6   1.4     7    73    30    96    23   102 0.76 # 1079 # 1432 # 1 # ID=1263_2;partial=00;start_type=GTG;rbs_motif=None;rbs_spacer=None;gc_cont=0.444
NODE_1319_length_2207_cov_5.161972_2   -            125 89321at2157          -            172     0.021   14.8   0.9   1   1   1.2e-05     0.032   14.2   0.6     9    64    17    72     9    80 0.87 # 875 # 1249 # 1 # ID=1319_2;partial=00;start_type=GTG;rbs_motif=GGA/GAG/AGG;rbs_spacer=5-10bp;gc_cont=0.307
NODE_580_length_7860_cov_309.232815_11 -            266 89321at2157          -            172      0.12   12.4   2.3   1   2     0.048   1.3e+02    2.5   0.1    31    77    63   109    33   123 0.74 # 6911 # 7708 # -1 # ID=580_11;partial=00;start_type=ATG;rbs_motif=AGGAG;rbs_spacer=5-10bp;gc_cont=0.477
NODE_580_length_7860_cov_309.232815_11 -            266 89321at2157          -            172      0.12   12.4   2.3   2   2   0.00045       1.2    9.1   0.6    31    80   132   181   113   202 0.82 # 6911 # 7708 # -1 # ID=580_11;partial=00;start_type=ATG;rbs_motif=AGGAG;rbs_spacer=5-10bp;gc_cont=0.477
NODE_123_length_24743_cov_6.667518_17  -            332 89321at2157          -            172      0.13   12.3   1.6   1   2   0.00016      0.42   10.6   0.4    26    91    83   148    60   157 0.88 # 19077 # 20072 # -1 # ID=123_17;partial=00;start_type=ATG;rbs_motif=None;rbs_spacer=None;gc_cont=0.255
NODE_123_length_24743_cov_6.667518_17  -            332 89321at2157          -            172      0.13   12.3   1.6   2   2      0.32   8.6e+02   -0.2   0.0    14    41   175   202   166   218 0.79 # 19077 # 20072 # -1 # ID=123_17;partial=00;start_type=ATG;rbs_motif=None;rbs_spacer=None;gc_cont=0.255
NODE_1347_length_2112_cov_2.360688_1   -            239 89321at2157          -            172      0.32   11.0   7.4   1   2      0.22   5.8e+02    0.3   0.0    16    61    31    76    19    86 0.72 # 62 # 778 # -1 # ID=1347_1;partial=00;start_type=TTG;rbs_motif=AGGA;rbs_spacer=5-10bp;gc_cont=0.296
NODE_1347_length_2112_cov_2.360688_1   -            239 89321at2157          -            172      0.32   11.0   7.4   2   2   0.00025      0.67    9.9   4.5     5    80    92   170    88   190 0.83 # 62 # 778 # -1 # ID=1347_1;partial=00;start_type=TTG;rbs_motif=AGGA;rbs_spacer=5-10bp;gc_cont=0.296
NODE_1186_length_2638_cov_107.280750_3 -            585 89321at2157          -            172       1.6    8.7   9.3   1   4     0.019        50    3.8   0.1    21    67   220   266   212   273 0.86 # 884 # 2638 # -1 # ID=1186_3;partial=01;start_type=Edge;rbs_motif=None;rbs_spacer=None;gc_cont=0.402
NODE_1186_length_2638_cov_107.280750_3 -            585 89321at2157          -            172       1.6    8.7   9.3   2   4     0.063   1.7e+02    2.1   0.0    24    67   293   336   280   369 0.88 # 884 # 2638 # -1 # ID=1186_3;partial=01;start_type=Edge;rbs_motif=None;rbs_spacer=None;gc_cont=0.402
NODE_1186_length_2638_cov_107.280750_3 -            585 89321at2157          -            172       1.6    8.7   9.3   3   4     0.052   1.4e+02    2.4   0.6    22    76   468   522   454   531 0.61 # 884 # 2638 # -1 # ID=1186_3;partial=01;start_type=Edge;rbs_motif=None;rbs_spacer=None;gc_cont=0.402
NODE_1186_length_2638_cov_107.280750_3 -            585 89321at2157          -            172       1.6    8.7   9.3   4   4     0.017        46    3.9   1.3    11    68   508   565   498   577 0.77 # 884 # 2638 # -1 # ID=1186_3;partial=01;start_type=Edge;rbs_motif=None;rbs_spacer=None;gc_cont=0.402
NODE_1718_length_1314_cov_133.780922_1 -            243 89321at2157          -            172       4.9    7.1  10.5   1   3    0.0044        11    5.9   1.2    13    66     2    55     1    70 0.81 # 2 # 730 # 1 # ID=1718_1;partial=10;start_type=Edge;rbs_motif=None;rbs_spacer=None;gc_cont=0.428
NODE_1718_length_1314_cov_133.780922_1 -            243 89321at2157          -            172       4.9    7.1  10.5   2   3     0.013        35    4.3   2.8    12    71    72   131    63   150 0.59 # 2 # 730 # 1 # ID=1718_1;partial=10;start_type=Edge;rbs_motif=None;rbs_spacer=None;gc_cont=0.428
NODE_1718_length_1314_cov_133.780922_1 -            243 89321at2157          -            172       4.9    7.1  10.5   3   3     0.035        93    2.9   0.1    35    76   113   154   106   187 0.69 # 2 # 730 # 1 # ID=1718_1;partial=10;start_type=Edge;rbs_motif=None;rbs_spacer=None;gc_cont=0.428
NODE_55_length_33773_cov_98.220264_3   -            590 89321at2157          -            172         5    7.1  17.5   1   4     0.022        57    3.6   4.4     2    60   165   223   164   227 0.92 # 2908 # 4677 # -1 # ID=55_3;partial=00;start_type=GTG;rbs_motif=3Base/5BMM;rbs_spacer=13-15bp;gc_cont=0.384
NODE_55_length_33773_cov_98.220264_3   -            590 89321at2157          -            172         5    7.1  17.5   2   4     0.017        44    4.0   0.4    10    56   229   275   225   306 0.83 # 2908 # 4677 # -1 # ID=55_3;partial=00;start_type=GTG;rbs_motif=3Base/5BMM;rbs_spacer=13-15bp;gc_cont=0.384
NODE_55_length_33773_cov_98.220264_3   -            590 89321at2157          -            172         5    7.1  17.5   3   4     0.048   1.3e+02    2.5   0.1    11    69   318   379   311   396 0.75 # 2908 # 4677 # -1 # ID=55_3;partial=00;start_type=GTG;rbs_motif=3Base/5BMM;rbs_spacer=13-15bp;gc_cont=0.384
NODE_55_length_33773_cov_98.220264_3   -            590 89321at2157          -            172         5    7.1  17.5   4   4     0.016        43    4.0   0.0    13    64   412   463   400   469 0.82 # 2908 # 4677 # -1 # ID=55_3;partial=00;start_type=GTG;rbs_motif=3Base/5BMM;rbs_spacer=13-15bp;gc_cont=0.384
#
# Program:         hmmsearch
# Version:         3.1b2 (February 2015)
# Pipeline mode:   SEARCH
# Query file:      /home/mira/Bacteria2022/Thiomargarita_magnifica/qc_assembly/busco_trimmed/busco_downloads/lineages/archaea_odb10/hmms/89321at2157.hmm
# Target file:     /home/mira/Bacteria2022/Thiomargarita_magnifica/qc_assembly/busco_trimmed/busco_trimmed/prodigal_output/predicted_genes/predicted.faa
# Option settings: hmmsearch --domtblout /home/mira/Bacteria2022/Thiomargarita_magnifica/qc_assembly/busco_trimmed/busco_trimmed/auto_lineage/run_archaea_odb10/hmmer_output/89321at2157.out --cpu 1 /home/mira/Bacteria2022/Thiomargarita_magnifica/qc_assembly/busco_trimmed/busco_downloads/lineages/archaea_odb10/hmms/89321at2157.hmm /home/mira/Bacteria2022/Thiomargarita_magnifica/qc_assembly/busco_trimmed/busco_trimmed/prodigal_output/predicted_genes/predicted.faa 
# Current dir:     /home/mira/Bacteria2022/Thiomargarita_magnifica/qc_assembly/busco_trimmed
# Date:            Tue Jul 12 13:34:24 2022
# [ok]
