#                                                                                              --- full sequence --- -------------- this domain -------------   hmm coord   ali coord   env coord
# target name                          accession   tlen query name           accession   qlen   E-value  score  bias   #  of  c-Evalue  i-Evalue  score  bias  from    to  from    to  from    to  acc description of target
#                  ------------------- ---------- ----- -------------------- ---------- ----- --------- ------ ----- --- --- --------- --------- ------ ----- ----- ----- ----- ----- ----- ----- ---- ---------------------
NODE_229_length_17088_cov_9.517312_14  -            319 90641at2157          -            227   1.9e-60  204.2   0.3   1   1   7.6e-64   2.7e-60  203.8   0.3    18   227    83   312    66   312 0.90 # 9602 # 10558 # 1 # ID=229_14;partial=00;start_type=ATG;rbs_motif=AGGA;rbs_spacer=5-10bp;gc_cont=0.331
NODE_409_length_11213_cov_97.335578_7  -            329 90641at2157          -            227   5.6e-58  196.2   2.5   1   2       0.3     1e+03   -1.0   0.0     4    39    60    95    57   101 0.84 # 6763 # 7749 # 1 # ID=409_7;partial=00;start_type=ATG;rbs_motif=None;rbs_spacer=None;gc_cont=0.462
NODE_409_length_11213_cov_97.335578_7  -            329 90641at2157          -            227   5.6e-58  196.2   2.5   2   2   2.1e-61   7.4e-58  195.8   1.6    27   227   108   327    83   327 0.89 # 6763 # 7749 # 1 # ID=409_7;partial=00;start_type=ATG;rbs_motif=None;rbs_spacer=None;gc_cont=0.462
NODE_179_length_19943_cov_96.367462_15 -            458 90641at2157          -            227     2e-49  168.2   0.6   1   2     0.038   1.3e+02    1.9   0.0     3    31    30    58    28    72 0.80 # 14766 # 16139 # -1 # ID=179_15;partial=00;start_type=ATG;rbs_motif=AGGA;rbs_spacer=5-10bp;gc_cont=0.483
NODE_179_length_19943_cov_96.367462_15 -            458 90641at2157          -            227     2e-49  168.2   0.6   2   2   7.3e-52   2.6e-48  164.6   0.2    21   226    74   294    59   295 0.91 # 14766 # 16139 # -1 # ID=179_15;partial=00;start_type=ATG;rbs_motif=AGGA;rbs_spacer=5-10bp;gc_cont=0.483
NODE_346_length_12999_cov_5.703916_17  -            456 90641at2157          -            227   6.9e-43  146.8   3.0   1   1   8.2e-46   2.9e-42  144.8   3.0    43   227    92   289    26   289 0.88 # 8874 # 10241 # 1 # ID=346_17;partial=00;start_type=GTG;rbs_motif=GGA/GAG/AGG;rbs_spacer=5-10bp;gc_cont=0.348
NODE_493_length_9473_cov_6.817901_6    -            382 90641at2157          -            227   1.6e-15   57.3   0.1   1   1   7.5e-19   2.6e-15   56.6   0.1    46   225   180   372   147   374 0.83 # 2304 # 3449 # -1 # ID=493_6;partial=00;start_type=ATG;rbs_motif=GGA/GAG/AGG;rbs_spacer=5-10bp;gc_cont=0.288
NODE_516_length_8993_cov_70.660049_4   -            427 90641at2157          -            227      0.13   11.8   0.0   1   1   6.7e-05      0.23   11.0   0.0    38    75    19    56     5    59 0.88 # 5657 # 6937 # 1 # ID=516_4;partial=00;start_type=ATG;rbs_motif=3Base/5BMM;rbs_spacer=13-15bp;gc_cont=0.410
#
# Program:         hmmsearch
# Version:         3.1b2 (February 2015)
# Pipeline mode:   SEARCH
# Query file:      /home/mira/Bacteria2022/Thiomargarita_magnifica/qc_assembly/busco_trimmed/busco_downloads/lineages/archaea_odb10/hmms/90641at2157.hmm
# Target file:     /home/mira/Bacteria2022/Thiomargarita_magnifica/qc_assembly/busco_trimmed/busco_trimmed/prodigal_output/predicted_genes/predicted.faa
# Option settings: hmmsearch --domtblout /home/mira/Bacteria2022/Thiomargarita_magnifica/qc_assembly/busco_trimmed/busco_trimmed/auto_lineage/run_archaea_odb10/hmmer_output/90641at2157.out --cpu 1 /home/mira/Bacteria2022/Thiomargarita_magnifica/qc_assembly/busco_trimmed/busco_downloads/lineages/archaea_odb10/hmms/90641at2157.hmm /home/mira/Bacteria2022/Thiomargarita_magnifica/qc_assembly/busco_trimmed/busco_trimmed/prodigal_output/predicted_genes/predicted.faa 
# Current dir:     /home/mira/Bacteria2022/Thiomargarita_magnifica/qc_assembly/busco_trimmed
# Date:            Tue Jul 12 13:34:23 2022
# [ok]
