#                                                                                              --- full sequence --- -------------- this domain -------------   hmm coord   ali coord   env coord
# target name                          accession   tlen query name           accession   qlen   E-value  score  bias   #  of  c-Evalue  i-Evalue  score  bias  from    to  from    to  from    to  acc description of target
#                  ------------------- ---------- ----- -------------------- ---------- ----- --------- ------ ----- --- --- --------- --------- ------ ----- ----- ----- ----- ----- ----- ----- ---- ---------------------
NODE_1059_length_3201_cov_5.163572_4   -            224 90817at2157          -            186   2.2e-58  196.8   0.1   1   1   7.4e-61   9.7e-58  194.8   0.1     1   179     1   207     1   210 0.90 # 1983 # 2654 # 1 # ID=1059_4;partial=00;start_type=ATG;rbs_motif=GGA/GAG/AGG;rbs_spacer=5-10bp;gc_cont=0.339
NODE_2767_length_497_cov_4.473810_1    -            165 90817at2157          -            186     3e-39  134.5   0.0   1   1   7.5e-42   9.8e-39  132.8   0.0    20   151     9   160     1   164 0.84 # 3 # 497 # 1 # ID=2767_1;partial=11;start_type=Edge;rbs_motif=None;rbs_spacer=None;gc_cont=0.331
NODE_351_length_12851_cov_80.520667_1  -           1219 90817at2157          -            186     9e-19   67.7   0.0   1   1     2e-21   2.6e-18   66.2   0.0     2   177   964  1187   963  1192 0.70 # 2 # 3658 # 1 # ID=351_1;partial=10;start_type=Edge;rbs_motif=None;rbs_spacer=None;gc_cont=0.483
NODE_1126_length_2920_cov_4.180091_1   -            204 90817at2157          -            186   6.7e-09   35.5   0.0   1   2   6.4e-11   8.4e-08   31.9   0.0    32    89    35    89     2   105 0.79 # 204 # 815 # 1 # ID=1126_1;partial=00;start_type=TTG;rbs_motif=GGAGG;rbs_spacer=5-10bp;gc_cont=0.327
NODE_1126_length_2920_cov_4.180091_1   -            204 90817at2157          -            186   6.7e-09   35.5   0.0   2   2      0.14   1.9e+02    1.4   0.0   168   185   180   198   171   199 0.76 # 204 # 815 # 1 # ID=1126_1;partial=00;start_type=TTG;rbs_motif=GGAGG;rbs_spacer=5-10bp;gc_cont=0.327
NODE_1089_length_3076_cov_52.454151_1  -            194 90817at2157          -            186   7.8e-07   28.8   0.0   1   1     1e-09   1.3e-06   28.0   0.0     3    95    48   135    46   141 0.80 # 302 # 883 # 1 # ID=1089_1;partial=00;start_type=ATG;rbs_motif=AGGAG;rbs_spacer=5-10bp;gc_cont=0.495
NODE_1022_length_3493_cov_3.483314_3   -            201 90817at2157          -            186   5.1e-06   26.1   0.1   1   1   6.7e-09   8.9e-06   25.3   0.1    22    95    26    98     8   130 0.80 # 914 # 1516 # 1 # ID=1022_3;partial=00;start_type=ATG;rbs_motif=GGAG/GAGG;rbs_spacer=5-10bp;gc_cont=0.292
NODE_1051_length_3255_cov_2.308055_2   -            204 90817at2157          -            186   5.8e-05   22.7   0.9   1   2   3.3e-07   0.00043   19.8   0.0    32    88    35    89    10   106 0.76 # 1096 # 1707 # 1 # ID=1051_2;partial=00;start_type=ATG;rbs_motif=GGA/GAG/AGG;rbs_spacer=11-12bp;gc_cont=0.288
NODE_1051_length_3255_cov_2.308055_2   -            204 90817at2157          -            186   5.8e-05   22.7   0.9   2   2      0.18   2.4e+02    1.1   0.2   168   184   181   198   171   200 0.75 # 1096 # 1707 # 1 # ID=1051_2;partial=00;start_type=ATG;rbs_motif=GGA/GAG/AGG;rbs_spacer=11-12bp;gc_cont=0.288
NODE_2004_length_926_cov_1.400471_2    -            210 90817at2157          -            186    0.0001   21.9   0.0   1   1   1.2e-07   0.00016   21.3   0.0    35    89    41    92    18   123 0.79 # 296 # 925 # -1 # ID=2004_2;partial=01;start_type=Edge;rbs_motif=None;rbs_spacer=None;gc_cont=0.278
NODE_766_length_5375_cov_4.099660_3    -            515 90817at2157          -            186    0.0021   17.6   0.2   1   2   9.3e-06     0.012   15.1   0.0    66   129    71   133    54   166 0.85 # 2946 # 4490 # 1 # ID=766_3;partial=00;start_type=ATG;rbs_motif=AGGA;rbs_spacer=5-10bp;gc_cont=0.336
NODE_766_length_5375_cov_4.099660_3    -            515 90817at2157          -            186    0.0021   17.6   0.2   2   2      0.54   7.2e+02   -0.4   0.2    59    94   206   241   199   247 0.81 # 2946 # 4490 # 1 # ID=766_3;partial=00;start_type=ATG;rbs_motif=AGGA;rbs_spacer=5-10bp;gc_cont=0.336
NODE_17_length_54641_cov_104.869236_34 -            185 90817at2157          -            186     0.004   16.7   0.0   1   1   4.4e-06    0.0059   16.2   0.0    31    95    59   118    47   127 0.88 # 30792 # 31346 # 1 # ID=17_34;partial=00;start_type=ATG;rbs_motif=None;rbs_spacer=None;gc_cont=0.506
NODE_169_length_20620_cov_87.180110_21 -            373 90817at2157          -            186    0.0066   16.0   0.0   1   1   8.4e-06     0.011   15.3   0.0    61    89   248   276   244   299 0.83 # 19307 # 20425 # 1 # ID=169_21;partial=00;start_type=ATG;rbs_motif=None;rbs_spacer=None;gc_cont=0.447
NODE_401_length_11378_cov_11.568976_13 -            443 90817at2157          -            186      0.03   13.9   0.0   1   2       1.5     2e+03   -1.9   0.0    63   104   115   154   108   173 0.68 # 9452 # 10780 # -1 # ID=401_13;partial=00;start_type=ATG;rbs_motif=AGGA;rbs_spacer=5-10bp;gc_cont=0.297
NODE_401_length_11378_cov_11.568976_13 -            443 90817at2157          -            186      0.03   13.9   0.0   2   2   7.9e-05       0.1   12.1   0.0    33    90   287   342   250   354 0.72 # 9452 # 10780 # -1 # ID=401_13;partial=00;start_type=ATG;rbs_motif=AGGA;rbs_spacer=5-10bp;gc_cont=0.297
NODE_1119_length_2956_cov_5.007294_1   -            326 90817at2157          -            186     0.044   13.3   0.0   1   1   7.2e-05     0.095   12.2   0.0    33    89   169   223   132   232 0.70 # 1 # 978 # 1 # ID=1119_1;partial=10;start_type=Edge;rbs_motif=None;rbs_spacer=None;gc_cont=0.299
NODE_390_length_11609_cov_91.064603_5  -            210 90817at2157          -            186     0.066   12.7   0.0   1   1   7.1e-05     0.093   12.2   0.0    36    87    44    91     6   110 0.76 # 4724 # 5353 # 1 # ID=390_5;partial=00;start_type=ATG;rbs_motif=AGGA;rbs_spacer=5-10bp;gc_cont=0.471
NODE_972_length_3843_cov_100.322889_2  -            544 90817at2157          -            186       0.1   12.1   0.1   1   1   0.00019      0.26   10.8   0.1    33    86   341   385   315   397 0.88 # 500 # 2131 # 1 # ID=972_2;partial=00;start_type=ATG;rbs_motif=None;rbs_spacer=None;gc_cont=0.446
NODE_33_length_43996_cov_94.240260_39  -            468 90817at2157          -            186      0.17   11.4   0.0   1   1   0.00026      0.35   10.4   0.0    35    86   278   326   250   331 0.77 # 31717 # 33120 # 1 # ID=33_39;partial=00;start_type=ATG;rbs_motif=GGA/GAG/AGG;rbs_spacer=5-10bp;gc_cont=0.434
#
# Program:         hmmsearch
# Version:         3.1b2 (February 2015)
# Pipeline mode:   SEARCH
# Query file:      /home/mira/Bacteria2022/Thiomargarita_magnifica/qc_assembly/busco_trimmed/busco_downloads/lineages/archaea_odb10/hmms/90817at2157.hmm
# Target file:     /home/mira/Bacteria2022/Thiomargarita_magnifica/qc_assembly/busco_trimmed/busco_trimmed/prodigal_output/predicted_genes/predicted.faa
# Option settings: hmmsearch --domtblout /home/mira/Bacteria2022/Thiomargarita_magnifica/qc_assembly/busco_trimmed/busco_trimmed/auto_lineage/run_archaea_odb10/hmmer_output/90817at2157.out --cpu 1 /home/mira/Bacteria2022/Thiomargarita_magnifica/qc_assembly/busco_trimmed/busco_downloads/lineages/archaea_odb10/hmms/90817at2157.hmm /home/mira/Bacteria2022/Thiomargarita_magnifica/qc_assembly/busco_trimmed/busco_trimmed/prodigal_output/predicted_genes/predicted.faa 
# Current dir:     /home/mira/Bacteria2022/Thiomargarita_magnifica/qc_assembly/busco_trimmed
# Date:            Tue Jul 12 13:34:23 2022
# [ok]
