#                                                                                              --- full sequence --- -------------- this domain -------------   hmm coord   ali coord   env coord
# target name                          accession   tlen query name           accession   qlen   E-value  score  bias   #  of  c-Evalue  i-Evalue  score  bias  from    to  from    to  from    to  acc description of target
#                  ------------------- ---------- ----- -------------------- ---------- ----- --------- ------ ----- --- --- --------- --------- ------ ----- ----- ----- ----- ----- ----- ----- ---- ---------------------
NODE_696_length_6344_cov_95.251955_4   -            148 91297at2157          -            197    0.0052   16.3   0.0   1   1   2.3e-06    0.0068   16.0   0.0    10    75    44   111    37   125 0.82 # 1820 # 2263 # 1 # ID=696_4;partial=00;start_type=ATG;rbs_motif=None;rbs_spacer=None;gc_cont=0.459
NODE_387_length_11691_cov_5.664715_6   -            402 91297at2157          -            197    0.0069   15.9   0.3   1   2      0.24   7.1e+02   -0.4   0.1   162   177   209   224   139   234 0.79 # 5109 # 6314 # -1 # ID=387_6;partial=00;start_type=ATG;rbs_motif=GGA/GAG/AGG;rbs_spacer=5-10bp;gc_cont=0.279
NODE_387_length_11691_cov_5.664715_6   -            402 91297at2157          -            197    0.0069   15.9   0.3   2   2   1.1e-05     0.032   13.8   0.0     2    64   243   305   242   337 0.84 # 5109 # 6314 # -1 # ID=387_6;partial=00;start_type=ATG;rbs_motif=GGA/GAG/AGG;rbs_spacer=5-10bp;gc_cont=0.279
NODE_507_length_9148_cov_6.253445_7    -             93 91297at2157          -            197      0.02   14.5   0.1   1   1   7.1e-06     0.021   14.3   0.1    15    82    20    91    10    92 0.81 # 6014 # 6292 # 1 # ID=507_7;partial=00;start_type=TTG;rbs_motif=GGA/GAG/AGG;rbs_spacer=5-10bp;gc_cont=0.276
NODE_6114_length_234_cov_0.942675_2    -             50 91297at2157          -            197      0.02   14.5   0.0   1   1     7e-06     0.021   14.4   0.0    32    75     2    45     1    48 0.94 # 83 # 232 # -1 # ID=6114_2;partial=01;start_type=Edge;rbs_motif=None;rbs_spacer=None;gc_cont=0.353
NODE_1390_length_2005_cov_4.823651_1   -            647 91297at2157          -            197     0.047   13.2   0.5   1   2    0.0095        29    4.1   0.1     6    73   118   185   115   197 0.79 # 64 # 2004 # 1 # ID=1390_1;partial=01;start_type=ATG;rbs_motif=GGA/GAG/AGG;rbs_spacer=5-10bp;gc_cont=0.283
NODE_1390_length_2005_cov_4.823651_1   -            647 91297at2157          -            197     0.047   13.2   0.5   2   2    0.0015       4.6    6.7   0.0    44    92   436   486   430   489 0.79 # 64 # 2004 # 1 # ID=1390_1;partial=01;start_type=ATG;rbs_motif=GGA/GAG/AGG;rbs_spacer=5-10bp;gc_cont=0.283
NODE_17_length_54641_cov_104.869236_31 -            121 91297at2157          -            197     0.067   12.7   0.1   1   1   2.5e-05     0.075   12.6   0.1    14    64    51   101    21   119 0.83 # 27389 # 27751 # -1 # ID=17_31;partial=00;start_type=ATG;rbs_motif=AGGAG;rbs_spacer=5-10bp;gc_cont=0.441
NODE_3679_length_341_cov_75.420455_1   -            113 91297at2157          -            197      0.76    9.3  10.9   1   2   0.00028      0.85    9.1   3.3    25    89    20    82     2    84 0.80 # 3 # 341 # -1 # ID=3679_1;partial=11;start_type=Edge;rbs_motif=None;rbs_spacer=None;gc_cont=0.428
NODE_3679_length_341_cov_75.420455_1   -            113 91297at2157          -            197      0.76    9.3  10.9   2   2    0.0013       4.1    6.9   2.2    25    57    79   111    58   112 0.76 # 3 # 341 # -1 # ID=3679_1;partial=11;start_type=Edge;rbs_motif=None;rbs_spacer=None;gc_cont=0.428
#
# Program:         hmmsearch
# Version:         3.1b2 (February 2015)
# Pipeline mode:   SEARCH
# Query file:      /home/mira/Bacteria2022/Thiomargarita_magnifica/qc_assembly/busco_trimmed/busco_downloads/lineages/archaea_odb10/hmms/91297at2157.hmm
# Target file:     /home/mira/Bacteria2022/Thiomargarita_magnifica/qc_assembly/busco_trimmed/busco_trimmed/prodigal_output/predicted_genes/predicted.faa
# Option settings: hmmsearch --domtblout /home/mira/Bacteria2022/Thiomargarita_magnifica/qc_assembly/busco_trimmed/busco_trimmed/auto_lineage/run_archaea_odb10/hmmer_output/91297at2157.out --cpu 1 /home/mira/Bacteria2022/Thiomargarita_magnifica/qc_assembly/busco_trimmed/busco_downloads/lineages/archaea_odb10/hmms/91297at2157.hmm /home/mira/Bacteria2022/Thiomargarita_magnifica/qc_assembly/busco_trimmed/busco_trimmed/prodigal_output/predicted_genes/predicted.faa 
# Current dir:     /home/mira/Bacteria2022/Thiomargarita_magnifica/qc_assembly/busco_trimmed
# Date:            Tue Jul 12 13:34:24 2022
# [ok]
