#                                                                                               --- full sequence --- -------------- this domain -------------   hmm coord   ali coord   env coord
# target name                           accession   tlen query name           accession   qlen   E-value  score  bias   #  of  c-Evalue  i-Evalue  score  bias  from    to  from    to  from    to  acc description of target
#                   ------------------- ---------- ----- -------------------- ---------- ----- --------- ------ ----- --- --- --------- --------- ------ ----- ----- ----- ----- ----- ----- ----- ---- ---------------------
NODE_232_length_16999_cov_115.817102_13 -            445 94875at2157          -            365   2.2e-19   69.6   5.8   1   2     3e-05     0.091   11.6   0.6    87   114    10    37     4    44 0.88 # 10420 # 11754 # -1 # ID=232_13;partial=00;start_type=ATG;rbs_motif=None;rbs_spacer=None;gc_cont=0.461
NODE_232_length_16999_cov_115.817102_13 -            445 94875at2157          -            365   2.2e-19   69.6   5.8   2   2     1e-19     3e-16   59.3   0.5   135   345    88   408    60   420 0.79 # 10420 # 11754 # -1 # ID=232_13;partial=00;start_type=ATG;rbs_motif=None;rbs_spacer=None;gc_cont=0.461
NODE_379_length_11823_cov_8.174442_9    -            349 94875at2157          -            365     1e-15   57.5   6.9   1   2   1.8e-06    0.0055   15.6   0.7    87   119     5    37     1    43 0.88 # 6769 # 7815 # -1 # ID=379_9;partial=00;start_type=ATG;rbs_motif=AGGAG;rbs_spacer=5-10bp;gc_cont=0.329
NODE_379_length_11823_cov_8.174442_9    -            349 94875at2157          -            365     1e-15   57.5   6.9   2   2   5.9e-15   1.8e-11   43.6   0.8   141   357    88   325    78   332 0.69 # 6769 # 7815 # -1 # ID=379_9;partial=00;start_type=ATG;rbs_motif=AGGAG;rbs_spacer=5-10bp;gc_cont=0.329
NODE_200_length_18746_cov_65.357812_3   -            217 94875at2157          -            365   7.9e-05   21.7   0.8   1   3    0.0037        11    4.8   0.4    81   107    10    32     6    35 0.84 # 2361 # 3011 # -1 # ID=200_3;partial=00;start_type=ATG;rbs_motif=None;rbs_spacer=None;gc_cont=0.467
NODE_200_length_18746_cov_65.357812_3   -            217 94875at2157          -            365   7.9e-05   21.7   0.8   2   3      0.16   4.9e+02   -0.6   0.1   144   168    93   117    87   125 0.68 # 2361 # 3011 # -1 # ID=200_3;partial=00;start_type=ATG;rbs_motif=None;rbs_spacer=None;gc_cont=0.467
NODE_200_length_18746_cov_65.357812_3   -            217 94875at2157          -            365   7.9e-05   21.7   0.8   3   3   2.6e-08   7.9e-05   21.7   0.8   314   340   141   167   124   177 0.90 # 2361 # 3011 # -1 # ID=200_3;partial=00;start_type=ATG;rbs_motif=None;rbs_spacer=None;gc_cont=0.467
NODE_85_length_28327_cov_6.169876_5     -            718 94875at2157          -            365   0.00065   18.7   3.1   1   2   2.2e-07   0.00065   18.7   3.1    53   168   165   277   142   288 0.81 # 22741 # 24894 # 1 # ID=85_5;partial=00;start_type=ATG;rbs_motif=None;rbs_spacer=None;gc_cont=0.272
NODE_85_length_28327_cov_6.169876_5     -            718 94875at2157          -            365   0.00065   18.7   3.1   2   2      0.31   9.4e+02   -1.6   0.0   320   341   300   321   288   322 0.88 # 22741 # 24894 # 1 # ID=85_5;partial=00;start_type=ATG;rbs_motif=None;rbs_spacer=None;gc_cont=0.272
NODE_4336_length_282_cov_1.063415_1     -             73 94875at2157          -            365    0.0085   15.0   1.2   1   2     1e-05     0.031   13.2   0.0   319   342     2    25     1    39 0.86 # 1 # 219 # 1 # ID=4336_1;partial=10;start_type=Edge;rbs_motif=None;rbs_spacer=None;gc_cont=0.384
NODE_4336_length_282_cov_1.063415_1     -             73 94875at2157          -            365    0.0085   15.0   1.2   2   2     0.035   1.1e+02    1.5   0.3    35    66    34    65    27    72 0.53 # 1 # 219 # 1 # ID=4336_1;partial=10;start_type=Edge;rbs_motif=None;rbs_spacer=None;gc_cont=0.384
NODE_1591_length_1527_cov_106.638621_1  -            248 94875at2157          -            365     0.023   13.6   0.0   1   1     1e-05      0.03   13.2   0.0   202   254   188   237   104   242 0.74 # 45 # 788 # 1 # ID=1591_1;partial=00;start_type=TTG;rbs_motif=AGGA/GGAG/GAGG;rbs_spacer=11-12bp;gc_cont=0.415
NODE_151_length_22397_cov_84.522043_27  -            554 94875at2157          -            365      0.09   11.7   2.0   1   1   4.8e-05      0.15   11.0   2.0     6    48   506   544   500   548 0.71 # 20588 # 22249 # 1 # ID=151_27;partial=00;start_type=TTG;rbs_motif=AGGAG;rbs_spacer=5-10bp;gc_cont=0.383
#
# Program:         hmmsearch
# Version:         3.1b2 (February 2015)
# Pipeline mode:   SEARCH
# Query file:      /home/mira/Bacteria2022/Thiomargarita_magnifica/qc_assembly/busco_trimmed/busco_downloads/lineages/archaea_odb10/hmms/94875at2157.hmm
# Target file:     /home/mira/Bacteria2022/Thiomargarita_magnifica/qc_assembly/busco_trimmed/busco_trimmed/prodigal_output/predicted_genes/predicted.faa
# Option settings: hmmsearch --domtblout /home/mira/Bacteria2022/Thiomargarita_magnifica/qc_assembly/busco_trimmed/busco_trimmed/auto_lineage/run_archaea_odb10/hmmer_output/94875at2157.out --cpu 1 /home/mira/Bacteria2022/Thiomargarita_magnifica/qc_assembly/busco_trimmed/busco_downloads/lineages/archaea_odb10/hmms/94875at2157.hmm /home/mira/Bacteria2022/Thiomargarita_magnifica/qc_assembly/busco_trimmed/busco_trimmed/prodigal_output/predicted_genes/predicted.faa 
# Current dir:     /home/mira/Bacteria2022/Thiomargarita_magnifica/qc_assembly/busco_trimmed
# Date:            Tue Jul 12 13:34:24 2022
# [ok]
